2024/11/19 17:26:21 logger.go:55: 1732037181975986671 Lookup     /etc
2024/11/19 17:26:21 logger.go:55: 1732037181976083526 Lookup     /etc/host.conf
2024/11/19 17:26:21 logger.go:55: 1732037181976143892 Lookup     /etc/hosts
2024/11/19 17:26:21 logger.go:55: 1732037181976175582 Lookup     /etc/nsswitch.conf
2024/11/19 17:26:21 logger.go:55: 1732037181976201051 Lookup     /etc/resolv.conf
2024/11/19 17:26:21 logger.go:55: 1732037181976224917 Lookup     /dev
2024/11/19 17:26:21 logger.go:55: 1732037181976244995 Lookup     /sys
2024/11/19 17:26:21 logger.go:55: 1732037181976269241 Lookup     /proc
2024/11/19 17:26:21 logger.go:55: 1732037181976292516 Lookup     /tmp
2024/11/19 17:26:21 logger.go:55: 1732037181976313907 Lookup     /root
2024/11/19 17:26:21 logger.go:55: 1732037181976364674 Lookup     /opt
2024/11/19 17:26:21 logger.go:55: 1732037181976388629 Lookup     /opt/lammps
2024/11/19 17:26:21 logger.go:55: 1732037181976412655 Lookup     /opt/lammps/examples
2024/11/19 17:26:21 logger.go:55: 1732037181976439687 Lookup     /opt/lammps/examples/reaxff
2024/11/19 17:26:21 logger.go:55: 1732037181976464705 Lookup     /opt/lammps/examples/reaxff/HNS
2024/11/19 17:26:21 logger.go:55: 1732037181976594262 Lookup     /usr
2024/11/19 17:26:21 logger.go:55: 1732037181976620683 Lookup     /usr/local
2024/11/19 17:26:21 logger.go:55: 1732037181976644589 Lookup     /usr/local/sbin
2024/11/19 17:26:21 logger.go:55: 1732037181976733128 Lookup     /usr/local/bin
2024/11/19 17:26:21 logger.go:55: 1732037181976814633 Lookup     /usr/sbin
2024/11/19 17:26:21 logger.go:55: 1732037181976909795 Lookup     /usr/bin
2024/11/19 17:26:21 logger.go:55: 1732037181976943660 Lookup     /usr/bin/lmp
2024/11/19 17:26:21 logger.go:55: 1732037181977206673 Open       /usr/bin/lmp
2024/11/19 17:26:21 logger.go:55: 1732037181977296043 Close      /usr/bin/lmp
2024/11/19 17:26:21 logger.go:55: 1732037181977325570 Open       /usr/bin/lmp
2024/11/19 17:26:21 logger.go:55: 1732037181977386957 Lookup     /lib64
2024/11/19 17:26:21 logger.go:55: 1732037181977425521 Lookup     /usr/lib64
2024/11/19 17:26:21 logger.go:55: 1732037181977492729 Lookup     /usr/lib64/ld-linux-x86-64.so.2
2024/11/19 17:26:21 logger.go:55: 1732037181977557242 Lookup     /lib
2024/11/19 17:26:21 logger.go:55: 1732037181977589574 Lookup     /usr/lib
2024/11/19 17:26:21 logger.go:55: 1732037181977654999 Lookup     /usr/lib/x86_64-linux-gnu
2024/11/19 17:26:21 logger.go:55: 1732037181977680668 Lookup     /usr/lib/x86_64-linux-gnu/ld-linux-x86-64.so.2
2024/11/19 17:26:21 logger.go:55: 1732037181977735463 Close      /usr/bin/lmp
2024/11/19 17:26:21 logger.go:55: 1732037181977751894 Open       /usr/lib/x86_64-linux-gnu/ld-linux-x86-64.so.2
2024/11/19 17:26:21 logger.go:55: 1732037181977797361 Close      /usr/lib/x86_64-linux-gnu/ld-linux-x86-64.so.2
2024/11/19 17:26:21 logger.go:55: 1732037181978325841 Open       /usr/bin/lmp
2024/11/19 17:26:21 logger.go:55: 1732037181978622217 Close      /usr/bin/lmp
2024/11/19 17:26:21 logger.go:55: 1732037181978838861 Open       /usr/lib/x86_64-linux-gnu/ld-linux-x86-64.so.2
2024/11/19 17:26:21 logger.go:55: 1732037181979056697 Close      /usr/lib/x86_64-linux-gnu/ld-linux-x86-64.so.2
2024/11/19 17:26:21 logger.go:55: 1732037181979578695 Lookup     /opt/software
2024/11/19 17:26:21 logger.go:55: 1732037181979612589 Lookup     /opt/software/linux-rocky9-x86_64
2024/11/19 17:26:21 logger.go:55: 1732037181979638409 Lookup     /opt/software/linux-rocky9-x86_64/gcc-11.4.1
2024/11/19 17:26:21 logger.go:55: 1732037181979663707 Lookup     /opt/software/linux-rocky9-x86_64/gcc-11.4.1/flux-core-0.61.2-va52p5ph7ylanopgk7ranjgtjgc2wb5y
2024/11/19 17:26:21 logger.go:55: 1732037181979693654 Lookup     /opt/software/linux-rocky9-x86_64/gcc-11.4.1/flux-core-0.61.2-va52p5ph7ylanopgk7ranjgtjgc2wb5y/lib
2024/11/19 17:26:21 logger.go:55: 1732037181979738210 Lookup     /opt/software/linux-rocky9-x86_64/gcc-11.4.1/flux-core-0.61.2-va52p5ph7ylanopgk7ranjgtjgc2wb5y/lib/flux
2024/11/19 17:26:21 logger.go:55: 1732037181982022173 Lookup     /etc/ld.so.cache
2024/11/19 17:26:21 logger.go:55: 1732037181982059745 Open       /etc/ld.so.cache
2024/11/19 17:26:21 logger.go:55: 1732037181982176779 Close      /etc/ld.so.cache
2024/11/19 17:26:21 logger.go:55: 1732037181982321545 Lookup     /usr/lib/x86_64-linux-gnu/libgomp.so.1
2024/11/19 17:26:21 logger.go:55: 1732037181982363055 Lookup     /usr/lib/x86_64-linux-gnu/libgomp.so.1.0.0
2024/11/19 17:26:21 logger.go:55: 1732037181982428630 Open       /usr/lib/x86_64-linux-gnu/libgomp.so.1.0.0
2024/11/19 17:26:21 logger.go:55: 1732037181982698025 Close      /usr/lib/x86_64-linux-gnu/libgomp.so.1.0.0
2024/11/19 17:26:21 logger.go:55: 1732037181983004801 Lookup     /usr/lib/x86_64-linux-gnu/libmpich.so.12
2024/11/19 17:26:21 logger.go:55: 1732037181983048144 Lookup     /usr/lib/x86_64-linux-gnu/libmpich.so.12.2.0
2024/11/19 17:26:21 logger.go:55: 1732037181983122917 Open       /usr/lib/x86_64-linux-gnu/libmpich.so.12.2.0
2024/11/19 17:26:21 logger.go:55: 1732037181983438790 Close      /usr/lib/x86_64-linux-gnu/libmpich.so.12.2.0
2024/11/19 17:26:21 logger.go:55: 1732037181983745236 Lookup     /usr/lib/x86_64-linux-gnu/libstdc++.so.6
2024/11/19 17:26:21 logger.go:55: 1732037181983781074 Lookup     /usr/lib/x86_64-linux-gnu/libstdc++.so.6.0.30
2024/11/19 17:26:21 logger.go:55: 1732037181983842391 Open       /usr/lib/x86_64-linux-gnu/libstdc++.so.6.0.30
2024/11/19 17:26:21 logger.go:55: 1732037181984152995 Close      /usr/lib/x86_64-linux-gnu/libstdc++.so.6.0.30
2024/11/19 17:26:21 logger.go:55: 1732037181984460993 Lookup     /usr/lib/x86_64-linux-gnu/libm.so.6
2024/11/19 17:26:21 logger.go:55: 1732037181984500138 Open       /usr/lib/x86_64-linux-gnu/libm.so.6
2024/11/19 17:26:21 logger.go:55: 1732037181984755175 Close      /usr/lib/x86_64-linux-gnu/libm.so.6
2024/11/19 17:26:21 logger.go:55: 1732037181985041953 Lookup     /usr/lib/x86_64-linux-gnu/libgcc_s.so.1
2024/11/19 17:26:21 logger.go:55: 1732037181985074656 Open       /usr/lib/x86_64-linux-gnu/libgcc_s.so.1
2024/11/19 17:26:21 logger.go:55: 1732037181985333120 Close      /usr/lib/x86_64-linux-gnu/libgcc_s.so.1
2024/11/19 17:26:21 logger.go:55: 1732037181985554813 Lookup     /usr/lib/x86_64-linux-gnu/libc.so.6
2024/11/19 17:26:21 logger.go:55: 1732037181985587947 Open       /usr/lib/x86_64-linux-gnu/libc.so.6
2024/11/19 17:26:21 logger.go:55: 1732037181986030352 Close      /usr/lib/x86_64-linux-gnu/libc.so.6
2024/11/19 17:26:21 logger.go:55: 1732037181986351987 Lookup     /usr/lib/x86_64-linux-gnu/libhwloc.so.15
2024/11/19 17:26:21 logger.go:55: 1732037181986394067 Lookup     /usr/lib/x86_64-linux-gnu/libhwloc.so.15.5.2
2024/11/19 17:26:21 logger.go:55: 1732037181986456025 Open       /usr/lib/x86_64-linux-gnu/libhwloc.so.15.5.2
2024/11/19 17:26:21 logger.go:55: 1732037181986725681 Close      /usr/lib/x86_64-linux-gnu/libhwloc.so.15.5.2
2024/11/19 17:26:21 logger.go:55: 1732037181987032256 Lookup     /usr/lib/x86_64-linux-gnu/libfabric.so.1
2024/11/19 17:26:21 logger.go:55: 1732037181987076391 Lookup     /usr/lib/x86_64-linux-gnu/libfabric.so.1.14.0
2024/11/19 17:26:21 logger.go:55: 1732037181987144491 Open       /usr/lib/x86_64-linux-gnu/libfabric.so.1.14.0
2024/11/19 17:26:21 logger.go:55: 1732037181987471496 Close      /usr/lib/x86_64-linux-gnu/libfabric.so.1.14.0
2024/11/19 17:26:21 logger.go:55: 1732037181987713869 Lookup     /usr/lib/x86_64-linux-gnu/libudev.so.1
2024/11/19 17:26:21 logger.go:55: 1732037181987751491 Lookup     /usr/lib/x86_64-linux-gnu/libudev.so.1.7.2
2024/11/19 17:26:21 logger.go:55: 1732037181987818489 Open       /usr/lib/x86_64-linux-gnu/libudev.so.1.7.2
2024/11/19 17:26:21 logger.go:55: 1732037181988085569 Close      /usr/lib/x86_64-linux-gnu/libudev.so.1.7.2
2024/11/19 17:26:21 logger.go:55: 1732037181988327010 Lookup     /usr/lib/x86_64-linux-gnu/librdmacm.so.1
2024/11/19 17:26:21 logger.go:55: 1732037181988372127 Lookup     /usr/lib/x86_64-linux-gnu/librdmacm.so.1.3.39.0
2024/11/19 17:26:21 logger.go:55: 1732037181988443974 Open       /usr/lib/x86_64-linux-gnu/librdmacm.so.1.3.39.0
2024/11/19 17:26:21 logger.go:55: 1732037181988761260 Close      /usr/lib/x86_64-linux-gnu/librdmacm.so.1.3.39.0
2024/11/19 17:26:21 logger.go:55: 1732037181989017790 Lookup     /usr/lib/x86_64-linux-gnu/libefa.so.1
2024/11/19 17:26:21 logger.go:55: 1732037181989066553 Lookup     /usr/lib/x86_64-linux-gnu/libefa.so.1.1.39.0
2024/11/19 17:26:21 logger.go:55: 1732037181989173848 Open       /usr/lib/x86_64-linux-gnu/libefa.so.1.1.39.0
2024/11/19 17:26:21 logger.go:55: 1732037181989457560 Close      /usr/lib/x86_64-linux-gnu/libefa.so.1.1.39.0
2024/11/19 17:26:21 logger.go:55: 1732037181989688201 Lookup     /usr/lib/x86_64-linux-gnu/libibverbs.so.1
2024/11/19 17:26:21 logger.go:55: 1732037181989728779 Lookup     /usr/lib/x86_64-linux-gnu/libibverbs.so.1.14.39.0
2024/11/19 17:26:21 logger.go:55: 1732037181989797430 Open       /usr/lib/x86_64-linux-gnu/libibverbs.so.1.14.39.0
2024/11/19 17:26:21 logger.go:55: 1732037181990072516 Close      /usr/lib/x86_64-linux-gnu/libibverbs.so.1.14.39.0
2024/11/19 17:26:21 logger.go:55: 1732037181990324457 Lookup     /usr/lib/x86_64-linux-gnu/libpsm_infinipath.so.1
2024/11/19 17:26:21 logger.go:55: 1732037181990427744 Lookup     /etc/alternatives
2024/11/19 17:26:21 logger.go:55: 1732037181990452041 Lookup     /etc/alternatives/libpsm_infinipath.so.1
2024/11/19 17:26:21 logger.go:55: 1732037181990521764 Lookup     /usr/lib/libpsm1
2024/11/19 17:26:21 logger.go:55: 1732037181990546481 Lookup     /usr/lib/libpsm1/libpsm_infinipath.so.1.16
2024/11/19 17:26:21 logger.go:55: 1732037181990596457 Open       /usr/lib/libpsm1/libpsm_infinipath.so.1.16
2024/11/19 17:26:21 logger.go:55: 1732037181990920135 Close      /usr/lib/libpsm1/libpsm_infinipath.so.1.16
2024/11/19 17:26:21 logger.go:55: 1732037181991241459 Lookup     /usr/lib/x86_64-linux-gnu/libpsm2.so.2
2024/11/19 17:26:21 logger.go:55: 1732037181991284120 Lookup     /usr/lib/x86_64-linux-gnu/libpsm2.so.2.2
2024/11/19 17:26:21 logger.go:55: 1732037181991355537 Open       /usr/lib/x86_64-linux-gnu/libpsm2.so.2.2
2024/11/19 17:26:21 logger.go:55: 1732037181991663976 Close      /usr/lib/x86_64-linux-gnu/libpsm2.so.2.2
2024/11/19 17:26:21 logger.go:55: 1732037181991888255 Lookup     /usr/lib/x86_64-linux-gnu/libnl-3.so.200
2024/11/19 17:26:21 logger.go:55: 1732037181991928221 Lookup     /usr/lib/x86_64-linux-gnu/libnl-3.so.200.26.0
2024/11/19 17:26:21 logger.go:55: 1732037181991994939 Open       /usr/lib/x86_64-linux-gnu/libnl-3.so.200.26.0
2024/11/19 17:26:21 logger.go:55: 1732037181992268071 Close      /usr/lib/x86_64-linux-gnu/libnl-3.so.200.26.0
2024/11/19 17:26:21 logger.go:55: 1732037181992578403 Lookup     /usr/lib/x86_64-linux-gnu/libnl-route-3.so.200
2024/11/19 17:26:21 logger.go:55: 1732037181992617037 Lookup     /usr/lib/x86_64-linux-gnu/libnl-route-3.so.200.26.0
2024/11/19 17:26:21 logger.go:55: 1732037181992682302 Open       /usr/lib/x86_64-linux-gnu/libnl-route-3.so.200.26.0
2024/11/19 17:26:21 logger.go:55: 1732037181992969230 Close      /usr/lib/x86_64-linux-gnu/libnl-route-3.so.200.26.0
2024/11/19 17:26:21 logger.go:55: 1732037181993299822 Lookup     /usr/lib/x86_64-linux-gnu/libinfinipath.so.4
2024/11/19 17:26:21 logger.go:55: 1732037181993345249 Lookup     /usr/lib/x86_64-linux-gnu/libinfinipath.so.4.0
2024/11/19 17:26:21 logger.go:55: 1732037181993413369 Open       /usr/lib/x86_64-linux-gnu/libinfinipath.so.4.0
2024/11/19 17:26:21 logger.go:55: 1732037181993659098 Close      /usr/lib/x86_64-linux-gnu/libinfinipath.so.4.0
2024/11/19 17:26:21 logger.go:55: 1732037181993896011 Lookup     /usr/lib/x86_64-linux-gnu/librt.so.1
2024/11/19 17:26:21 logger.go:55: 1732037181993934515 Open       /usr/lib/x86_64-linux-gnu/librt.so.1
2024/11/19 17:26:21 logger.go:55: 1732037181995073751 Close      /usr/lib/x86_64-linux-gnu/librt.so.1
2024/11/19 17:26:21 logger.go:55: 1732037181995319441 Lookup     /usr/lib/x86_64-linux-gnu/libpthread.so.0
2024/11/19 17:26:21 logger.go:55: 1732037181995354899 Open       /usr/lib/x86_64-linux-gnu/libpthread.so.0
2024/11/19 17:26:21 logger.go:55: 1732037181995740155 Close      /usr/lib/x86_64-linux-gnu/libpthread.so.0
2024/11/19 17:26:21 logger.go:55: 1732037181995978129 Lookup     /usr/lib/x86_64-linux-gnu/libdl.so.2
2024/11/19 17:26:21 logger.go:55: 1732037181996019789 Open       /usr/lib/x86_64-linux-gnu/libdl.so.2
2024/11/19 17:26:21 logger.go:55: 1732037181996428390 Close      /usr/lib/x86_64-linux-gnu/libdl.so.2
2024/11/19 17:26:21 logger.go:55: 1732037181996647939 Lookup     /usr/lib/x86_64-linux-gnu/libuuid.so.1
2024/11/19 17:26:21 logger.go:55: 1732037181996679259 Lookup     /usr/lib/x86_64-linux-gnu/libuuid.so.1.3.0
2024/11/19 17:26:21 logger.go:55: 1732037181996747189 Open       /usr/lib/x86_64-linux-gnu/libuuid.so.1.3.0
2024/11/19 17:26:21 logger.go:55: 1732037181996972690 Close      /usr/lib/x86_64-linux-gnu/libuuid.so.1.3.0
2024/11/19 17:26:21 logger.go:55: 1732037181997203300 Lookup     /usr/lib/x86_64-linux-gnu/libnuma.so.1
2024/11/19 17:26:21 logger.go:55: 1732037181997258866 Lookup     /usr/lib/x86_64-linux-gnu/libnuma.so.1.0.0
2024/11/19 17:26:21 logger.go:55: 1732037181997334892 Open       /usr/lib/x86_64-linux-gnu/libnuma.so.1.0.0
2024/11/19 17:26:21 logger.go:55: 1732037181997576343 Close      /usr/lib/x86_64-linux-gnu/libnuma.so.1.0.0
2024/11/19 17:26:22 logger.go:55: 1732037182215195789 Lookup     /usr/lib/x86_64-linux-gnu/hwloc
2024/11/19 17:26:22 logger.go:55: 1732037182215428043 Lookup     /usr/lib/x86_64-linux-gnu/hwloc/hwloc_opencl.so
2024/11/19 17:26:22 logger.go:55: 1732037182215446228 Lookup     /usr/lib/x86_64-linux-gnu/hwloc/hwloc_xml_libxml.so
2024/11/19 17:26:22 logger.go:55: 1732037182215459393 Lookup     /usr/lib/x86_64-linux-gnu/hwloc/hwloc_gl.so
2024/11/19 17:26:22 logger.go:55: 1732037182215470414 Lookup     /usr/lib/x86_64-linux-gnu/hwloc/hwloc_pci.so
2024/11/19 17:26:22 logger.go:55: 1732037182215637864 Open       /usr/lib/x86_64-linux-gnu/hwloc/hwloc_opencl.so
2024/11/19 17:26:22 logger.go:55: 1732037182215896047 Close      /usr/lib/x86_64-linux-gnu/hwloc/hwloc_opencl.so
2024/11/19 17:26:22 logger.go:55: 1732037182216138501 Open       /etc/ld.so.cache
2024/11/19 17:26:22 logger.go:55: 1732037182216253410 Close      /etc/ld.so.cache
2024/11/19 17:26:22 logger.go:55: 1732037182216471286 Lookup     /usr/lib/x86_64-linux-gnu/libOpenCL.so.1
2024/11/19 17:26:22 logger.go:55: 1732037182216530680 Lookup     /usr/lib/x86_64-linux-gnu/libOpenCL.so.1.0.0
2024/11/19 17:26:22 logger.go:55: 1732037182216606976 Open       /usr/lib/x86_64-linux-gnu/libOpenCL.so.1.0.0
2024/11/19 17:26:22 logger.go:55: 1732037182217045043 Close      /usr/lib/x86_64-linux-gnu/libOpenCL.so.1.0.0
2024/11/19 17:26:22 logger.go:55: 1732037182217434557 Open       /usr/lib/x86_64-linux-gnu/hwloc/hwloc_xml_libxml.so
2024/11/19 17:26:22 logger.go:55: 1732037182217701737 Close      /usr/lib/x86_64-linux-gnu/hwloc/hwloc_xml_libxml.so
2024/11/19 17:26:22 logger.go:55: 1732037182217894205 Open       /etc/ld.so.cache
2024/11/19 17:26:22 logger.go:55: 1732037182217995138 Close      /etc/ld.so.cache
2024/11/19 17:26:22 logger.go:55: 1732037182218174340 Lookup     /usr/lib/x86_64-linux-gnu/libxml2.so.2
2024/11/19 17:26:22 logger.go:55: 1732037182218240777 Lookup     /usr/lib/x86_64-linux-gnu/libxml2.so.2.9.13
2024/11/19 17:26:22 logger.go:55: 1732037182218325960 Open       /usr/lib/x86_64-linux-gnu/libxml2.so.2.9.13
2024/11/19 17:26:22 logger.go:55: 1732037182218666611 Close      /usr/lib/x86_64-linux-gnu/libxml2.so.2.9.13
2024/11/19 17:26:22 logger.go:55: 1732037182219005358 Lookup     /usr/lib/x86_64-linux-gnu/libicuuc.so.70
2024/11/19 17:26:22 logger.go:55: 1732037182219049513 Lookup     /usr/lib/x86_64-linux-gnu/libicuuc.so.70.1
2024/11/19 17:26:22 logger.go:55: 1732037182219126840 Open       /usr/lib/x86_64-linux-gnu/libicuuc.so.70.1
2024/11/19 17:26:22 logger.go:55: 1732037182219604523 Close      /usr/lib/x86_64-linux-gnu/libicuuc.so.70.1
2024/11/19 17:26:22 logger.go:55: 1732037182219969380 Lookup     /usr/lib/x86_64-linux-gnu/libz.so.1
2024/11/19 17:26:22 logger.go:55: 1732037182220005329 Lookup     /usr/lib/x86_64-linux-gnu/libz.so.1.2.11
2024/11/19 17:26:22 logger.go:55: 1732037182220075443 Open       /usr/lib/x86_64-linux-gnu/libz.so.1.2.11
2024/11/19 17:26:22 logger.go:55: 1732037182220598412 Close      /usr/lib/x86_64-linux-gnu/libz.so.1.2.11
2024/11/19 17:26:22 logger.go:55: 1732037182220873668 Lookup     /usr/lib/x86_64-linux-gnu/liblzma.so.5
2024/11/19 17:26:22 logger.go:55: 1732037182220911049 Lookup     /usr/lib/x86_64-linux-gnu/liblzma.so.5.2.5
2024/11/19 17:26:22 logger.go:55: 1732037182220979751 Open       /usr/lib/x86_64-linux-gnu/liblzma.so.5.2.5
2024/11/19 17:26:22 logger.go:55: 1732037182221286547 Close      /usr/lib/x86_64-linux-gnu/liblzma.so.5.2.5
2024/11/19 17:26:22 logger.go:55: 1732037182221574768 Lookup     /usr/lib/x86_64-linux-gnu/libicudata.so.70
2024/11/19 17:26:22 logger.go:55: 1732037182221619172 Lookup     /usr/lib/x86_64-linux-gnu/libicudata.so.70.1
2024/11/19 17:26:22 logger.go:55: 1732037182221689757 Open       /usr/lib/x86_64-linux-gnu/libicudata.so.70.1
2024/11/19 17:26:22 logger.go:55: 1732037182221981495 Close      /usr/lib/x86_64-linux-gnu/libicudata.so.70.1
2024/11/19 17:26:22 logger.go:55: 1732037182223174264 Open       /usr/lib/x86_64-linux-gnu/hwloc/hwloc_gl.so
2024/11/19 17:26:22 logger.go:55: 1732037182223411497 Close      /usr/lib/x86_64-linux-gnu/hwloc/hwloc_gl.so
2024/11/19 17:26:22 logger.go:55: 1732037182223612902 Open       /etc/ld.so.cache
2024/11/19 17:26:22 logger.go:55: 1732037182223714296 Close      /etc/ld.so.cache
2024/11/19 17:26:22 logger.go:55: 1732037182223856547 Lookup     /usr/lib/x86_64-linux-gnu/libXNVCtrl.so.0
2024/11/19 17:26:22 logger.go:55: 1732037182223899359 Lookup     /usr/lib/x86_64-linux-gnu/libXNVCtrl.so.0.0.0
2024/11/19 17:26:22 logger.go:55: 1732037182223979572 Open       /usr/lib/x86_64-linux-gnu/libXNVCtrl.so.0.0.0
2024/11/19 17:26:22 logger.go:55: 1732037182224226123 Close      /usr/lib/x86_64-linux-gnu/libXNVCtrl.so.0.0.0
2024/11/19 17:26:22 logger.go:55: 1732037182224473506 Lookup     /usr/lib/x86_64-linux-gnu/libX11.so.6
2024/11/19 17:26:22 logger.go:55: 1732037182224523953 Lookup     /usr/lib/x86_64-linux-gnu/libX11.so.6.4.0
2024/11/19 17:26:22 logger.go:55: 1732037182224598836 Open       /usr/lib/x86_64-linux-gnu/libX11.so.6.4.0
2024/11/19 17:26:22 logger.go:55: 1732037182224903488 Close      /usr/lib/x86_64-linux-gnu/libX11.so.6.4.0
2024/11/19 17:26:22 logger.go:55: 1732037182225229881 Lookup     /usr/lib/x86_64-linux-gnu/libXext.so.6
2024/11/19 17:26:22 logger.go:55: 1732037182225279937 Lookup     /usr/lib/x86_64-linux-gnu/libXext.so.6.4.0
2024/11/19 17:26:22 logger.go:55: 1732037182225351243 Open       /usr/lib/x86_64-linux-gnu/libXext.so.6.4.0
2024/11/19 17:26:22 logger.go:55: 1732037182225619836 Close      /usr/lib/x86_64-linux-gnu/libXext.so.6.4.0
2024/11/19 17:26:22 logger.go:55: 1732037182225874483 Lookup     /usr/lib/x86_64-linux-gnu/libxcb.so.1
2024/11/19 17:26:22 logger.go:55: 1732037182225916223 Lookup     /usr/lib/x86_64-linux-gnu/libxcb.so.1.1.0
2024/11/19 17:26:22 logger.go:55: 1732037182225987669 Open       /usr/lib/x86_64-linux-gnu/libxcb.so.1.1.0
2024/11/19 17:26:22 logger.go:55: 1732037182226266532 Close      /usr/lib/x86_64-linux-gnu/libxcb.so.1.1.0
2024/11/19 17:26:22 logger.go:55: 1732037182226587566 Lookup     /usr/lib/x86_64-linux-gnu/libXau.so.6
2024/11/19 17:26:22 logger.go:55: 1732037182226633824 Lookup     /usr/lib/x86_64-linux-gnu/libXau.so.6.0.0
2024/11/19 17:26:22 logger.go:55: 1732037182226718686 Open       /usr/lib/x86_64-linux-gnu/libXau.so.6.0.0
2024/11/19 17:26:22 logger.go:55: 1732037182226959857 Close      /usr/lib/x86_64-linux-gnu/libXau.so.6.0.0
2024/11/19 17:26:22 logger.go:55: 1732037182227216547 Lookup     /usr/lib/x86_64-linux-gnu/libXdmcp.so.6
2024/11/19 17:26:22 logger.go:55: 1732037182227269478 Lookup     /usr/lib/x86_64-linux-gnu/libXdmcp.so.6.0.0
2024/11/19 17:26:22 logger.go:55: 1732037182227341807 Open       /usr/lib/x86_64-linux-gnu/libXdmcp.so.6.0.0
2024/11/19 17:26:22 logger.go:55: 1732037182227593878 Close      /usr/lib/x86_64-linux-gnu/libXdmcp.so.6.0.0
2024/11/19 17:26:22 logger.go:55: 1732037182227838726 Lookup     /usr/lib/x86_64-linux-gnu/libbsd.so.0
2024/11/19 17:26:22 logger.go:55: 1732037182227895454 Lookup     /usr/lib/x86_64-linux-gnu/libbsd.so.0.11.5
2024/11/19 17:26:22 logger.go:55: 1732037182227965849 Open       /usr/lib/x86_64-linux-gnu/libbsd.so.0.11.5
2024/11/19 17:26:22 logger.go:55: 1732037182228322981 Close      /usr/lib/x86_64-linux-gnu/libbsd.so.0.11.5
2024/11/19 17:26:22 logger.go:55: 1732037182228585353 Lookup     /usr/lib/x86_64-linux-gnu/libmd.so.0
2024/11/19 17:26:22 logger.go:55: 1732037182228625610 Lookup     /usr/lib/x86_64-linux-gnu/libmd.so.0.0.5
2024/11/19 17:26:22 logger.go:55: 1732037182228695914 Open       /usr/lib/x86_64-linux-gnu/libmd.so.0.0.5
2024/11/19 17:26:22 logger.go:55: 1732037182228952124 Close      /usr/lib/x86_64-linux-gnu/libmd.so.0.0.5
2024/11/19 17:26:22 logger.go:55: 1732037182229600753 Open       /usr/lib/x86_64-linux-gnu/hwloc/hwloc_pci.so
2024/11/19 17:26:22 logger.go:55: 1732037182229851632 Close      /usr/lib/x86_64-linux-gnu/hwloc/hwloc_pci.so
2024/11/19 17:26:22 logger.go:55: 1732037182230042918 Open       /etc/ld.so.cache
2024/11/19 17:26:22 logger.go:55: 1732037182230150022 Close      /etc/ld.so.cache
2024/11/19 17:26:22 logger.go:55: 1732037182230294108 Lookup     /usr/lib/x86_64-linux-gnu/libpciaccess.so.0
2024/11/19 17:26:22 logger.go:55: 1732037182230344744 Lookup     /usr/lib/x86_64-linux-gnu/libpciaccess.so.0.11.1
2024/11/19 17:26:22 logger.go:55: 1732037182230413967 Open       /usr/lib/x86_64-linux-gnu/libpciaccess.so.0.11.1
2024/11/19 17:26:22 logger.go:55: 1732037182230675086 Close      /usr/lib/x86_64-linux-gnu/libpciaccess.so.0.11.1
2024/11/19 17:26:22 logger.go:55: 1732037182523024709 Lookup     /run
2024/11/19 17:26:22 logger.go:55: 1732037182528620701 Lookup     /var
2024/11/19 17:26:22 logger.go:55: 1732037182528653704 Lookup     /var/run
2024/11/19 17:26:22 logger.go:55: 1732037182529720061 Lookup     /etc/gai.conf
2024/11/19 17:26:22 logger.go:55: 1732037182529758886 Open       /etc/gai.conf
2024/11/19 17:26:22 logger.go:55: 1732037182529904033 Close      /etc/gai.conf
2024/11/19 17:26:22 logger.go:55: 1732037182538474078 Lookup     /usr/share
2024/11/19 17:26:22 logger.go:55: 1732037182538537980 Lookup     /usr/share/misc
2024/11/19 17:26:22 logger.go:55: 1732037182555071210 Open       /etc/ld.so.cache
2024/11/19 17:26:22 logger.go:55: 1732037182555186801 Close      /etc/ld.so.cache
2024/11/19 17:26:22 logger.go:55: 1732037182563668236 Open       /etc/ld.so.cache
2024/11/19 17:26:22 logger.go:55: 1732037182563767215 Close      /etc/ld.so.cache
2024/11/19 17:26:22 logger.go:55: 1732037182564485057 Open       /etc/ld.so.cache
2024/11/19 17:26:22 logger.go:55: 1732037182564578506 Close      /etc/ld.so.cache
2024/11/19 17:26:22 logger.go:55: 1732037182565330903 Open       /etc/ld.so.cache
2024/11/19 17:26:22 logger.go:55: 1732037182565426255 Close      /etc/ld.so.cache
2024/11/19 17:26:22 logger.go:55: 1732037182566123488 Open       /etc/ld.so.cache
2024/11/19 17:26:22 logger.go:55: 1732037182566220934 Close      /etc/ld.so.cache
2024/11/19 17:26:22 logger.go:55: 1732037182566904229 Open       /etc/ld.so.cache
2024/11/19 17:26:22 logger.go:55: 1732037182566994201 Close      /etc/ld.so.cache
2024/11/19 17:26:22 logger.go:55: 1732037182567693297 Open       /etc/ld.so.cache
2024/11/19 17:26:22 logger.go:55: 1732037182567788800 Close      /etc/ld.so.cache
2024/11/19 17:26:22 logger.go:55: 1732037182568476433 Open       /etc/ld.so.cache
2024/11/19 17:26:22 logger.go:55: 1732037182568571816 Close      /etc/ld.so.cache
2024/11/19 17:26:22 logger.go:55: 1732037182569281983 Open       /etc/ld.so.cache
2024/11/19 17:26:22 logger.go:55: 1732037182569376293 Close      /etc/ld.so.cache
2024/11/19 17:26:22 logger.go:55: 1732037182570062864 Open       /etc/ld.so.cache
2024/11/19 17:26:22 logger.go:55: 1732037182570160741 Close      /etc/ld.so.cache
2024/11/19 17:26:22 logger.go:55: 1732037182570876159 Open       /etc/ld.so.cache
2024/11/19 17:26:22 logger.go:55: 1732037182570978043 Close      /etc/ld.so.cache
2024/11/19 17:26:22 logger.go:55: 1732037182571668943 Open       /etc/ld.so.cache
2024/11/19 17:26:22 logger.go:55: 1732037182571767722 Close      /etc/ld.so.cache
2024/11/19 17:26:22 logger.go:55: 1732037182572489000 Open       /etc/ld.so.cache
2024/11/19 17:26:22 logger.go:55: 1732037182572587128 Close      /etc/ld.so.cache
2024/11/19 17:26:22 logger.go:55: 1732037182573302074 Open       /etc/ld.so.cache
2024/11/19 17:26:22 logger.go:55: 1732037182573394601 Close      /etc/ld.so.cache
2024/11/19 17:26:22 logger.go:55: 1732037182574083166 Open       /etc/ld.so.cache
2024/11/19 17:26:22 logger.go:55: 1732037182574185652 Close      /etc/ld.so.cache
2024/11/19 17:26:22 logger.go:55: 1732037182574877804 Open       /etc/ld.so.cache
2024/11/19 17:26:22 logger.go:55: 1732037182574965622 Close      /etc/ld.so.cache
2024/11/19 17:26:22 logger.go:55: 1732037182575681300 Open       /etc/ld.so.cache
2024/11/19 17:26:22 logger.go:55: 1732037182575773806 Close      /etc/ld.so.cache
2024/11/19 17:26:22 logger.go:55: 1732037182586825623 Lookup     /opt/lammps/examples/reaxff/HNS/in.reaxff.hns
2024/11/19 17:26:22 logger.go:55: 1732037182586880428 Open       /opt/lammps/examples/reaxff/HNS/in.reaxff.hns
2024/11/19 17:26:22 logger.go:55: 1732037182588389571 Lookup     /opt/lammps/examples/reaxff/HNS/data.hns-equil
2024/11/19 17:26:22 logger.go:55: 1732037182588438114 Open       /opt/lammps/examples/reaxff/HNS/data.hns-equil
2024/11/19 17:26:22 logger.go:55: 1732037182588482689 Close      /opt/lammps/examples/reaxff/HNS/data.hns-equil
2024/11/19 17:26:22 logger.go:55: 1732037182588591127 Open       /opt/lammps/examples/reaxff/HNS/data.hns-equil
2024/11/19 17:26:22 logger.go:55: 1732037182590934404 Close      /opt/lammps/examples/reaxff/HNS/data.hns-equil
2024/11/19 17:26:22 logger.go:55: 1732037182593164305 Lookup     /opt/lammps/examples/reaxff/HNS/ffield.reax.hns
2024/11/19 17:26:22 logger.go:55: 1732037182593217717 Open       /opt/lammps/examples/reaxff/HNS/ffield.reax.hns
2024/11/19 17:26:22 logger.go:55: 1732037182593261230 Close      /opt/lammps/examples/reaxff/HNS/ffield.reax.hns
2024/11/19 17:26:22 logger.go:55: 1732037182593336654 Open       /opt/lammps/examples/reaxff/HNS/ffield.reax.hns
2024/11/19 17:26:22 logger.go:55: 1732037182593446654 Close      /opt/lammps/examples/reaxff/HNS/ffield.reax.hns
2024/11/19 17:26:22 logger.go:55: 1732037182593519173 Open       /opt/lammps/examples/reaxff/HNS/ffield.reax.hns
2024/11/19 17:26:22 logger.go:55: 1732037182593651576 Close      /opt/lammps/examples/reaxff/HNS/ffield.reax.hns
2024/11/19 17:26:22 logger.go:55: 1732037182593721599 Open       /opt/lammps/examples/reaxff/HNS/ffield.reax.hns
2024/11/19 17:26:22 logger.go:55: 1732037182596574661 Close      /opt/lammps/examples/reaxff/HNS/ffield.reax.hns
2024/11/19 17:28:04 logger.go:55: 1732037284545549410 Close      /opt/lammps/examples/reaxff/HNS/in.reaxff.hns
2024/11/19 17:28:04 logger.go:55: 1732037284560540335 Complete   /tmp/out/lammps-recording.out