2024/11/21 20:04:45 logger.go:63: 1732219485381056376 Lookup    /etc      
2024/11/21 20:04:45 logger.go:63: 1732219485381195189 Lookup    /etc/host.conf
2024/11/21 20:04:45 logger.go:63: 1732219485381230687 Lookup    /etc/hosts
2024/11/21 20:04:45 logger.go:63: 1732219485381260163 Lookup    /etc/nsswitch.conf
2024/11/21 20:04:45 logger.go:63: 1732219485381285821 Lookup    /etc/resolv.conf
2024/11/21 20:04:45 logger.go:63: 1732219485381316059 Lookup    /dev      
2024/11/21 20:04:45 logger.go:63: 1732219485381336607 Lookup    /sys      
2024/11/21 20:04:45 logger.go:63: 1732219485381357207 Lookup    /proc     
2024/11/21 20:04:45 logger.go:63: 1732219485381379719 Lookup    /tmp      
2024/11/21 20:04:45 logger.go:63: 1732219485381401090 Lookup    /root     
2024/11/21 20:04:45 logger.go:63: 1732219485381440354 Lookup    /opt      
2024/11/21 20:04:45 logger.go:63: 1732219485381464390 Lookup    /opt/lammps
2024/11/21 20:04:45 logger.go:63: 1732219485381485590 Lookup    /opt/lammps/examples
2024/11/21 20:04:45 logger.go:63: 1732219485381509806 Lookup    /opt/lammps/examples/reaxff
2024/11/21 20:04:45 logger.go:63: 1732219485381535725 Lookup    /opt/lammps/examples/reaxff/HNS
2024/11/21 20:04:45 logger.go:63: 1732219485381561674 Lookup    /usr      
2024/11/21 20:04:45 logger.go:63: 1732219485381582754 Lookup    /usr/bin  
2024/11/21 20:04:45 logger.go:63: 1732219485381607221 Lookup    /usr/bin/lmp
2024/11/21 20:04:45 logger.go:63: 1732219485381872153 Open      /usr/bin/lmp	7
2024/11/21 20:04:45 logger.go:63: 1732219485381950101 Close     /usr/bin/lmp	7
2024/11/21 20:04:45 logger.go:63: 1732219485381982482 Open      /usr/bin/lmp	18
2024/11/21 20:04:45 logger.go:63: 1732219485382036114 Lookup    /lib64    
2024/11/21 20:04:45 logger.go:63: 1732219485382080358 Lookup    /usr/lib64
2024/11/21 20:04:45 logger.go:63: 1732219485382145491 Lookup    /usr/lib64/ld-linux-x86-64.so.2
2024/11/21 20:04:45 logger.go:63: 1732219485382208410 Lookup    /lib      
2024/11/21 20:04:45 logger.go:63: 1732219485382239720 Lookup    /usr/lib  
2024/11/21 20:04:45 logger.go:63: 1732219485382301176 Lookup    /usr/lib/x86_64-linux-gnu
2024/11/21 20:04:45 logger.go:63: 1732219485382322847 Lookup    /usr/lib/x86_64-linux-gnu/ld-linux-x86-64.so.2
2024/11/21 20:04:45 logger.go:63: 1732219485382378593 Close     /usr/bin/lmp	18
2024/11/21 20:04:45 logger.go:63: 1732219485382398170 Open      /usr/lib/x86_64-linux-gnu/ld-linux-x86-64.so.2	20
2024/11/21 20:04:45 logger.go:63: 1732219485382437906 Close     /usr/lib/x86_64-linux-gnu/ld-linux-x86-64.so.2	20
2024/11/21 20:04:45 logger.go:63: 1732219485382941911 Open      /usr/bin/lmp	21
2024/11/21 20:04:45 logger.go:63: 1732219485383188940 Close     /usr/bin/lmp	21
2024/11/21 20:04:45 logger.go:63: 1732219485383405320 Open      /usr/lib/x86_64-linux-gnu/ld-linux-x86-64.so.2	22
2024/11/21 20:04:45 logger.go:63: 1732219485383581454 Close     /usr/lib/x86_64-linux-gnu/ld-linux-x86-64.so.2	22
2024/11/21 20:04:45 logger.go:63: 1732219485384077665 Lookup    /opt/software
2024/11/21 20:04:45 logger.go:63: 1732219485384111288 Lookup    /opt/software/linux-rocky9-x86_64
2024/11/21 20:04:45 logger.go:63: 1732219485384143700 Lookup    /opt/software/linux-rocky9-x86_64/gcc-11.4.1
2024/11/21 20:04:45 logger.go:63: 1732219485384169809 Lookup    /opt/software/linux-rocky9-x86_64/gcc-11.4.1/flux-core-0.61.2-va52p5ph7ylanopgk7ranjgtjgc2wb5y
2024/11/21 20:04:45 logger.go:63: 1732219485384210727 Lookup    /opt/software/linux-rocky9-x86_64/gcc-11.4.1/flux-core-0.61.2-va52p5ph7ylanopgk7ranjgtjgc2wb5y/lib
2024/11/21 20:04:45 logger.go:63: 1732219485384233711 Lookup    /opt/software/linux-rocky9-x86_64/gcc-11.4.1/flux-core-0.61.2-va52p5ph7ylanopgk7ranjgtjgc2wb5y/lib/flux
2024/11/21 20:04:45 logger.go:63: 1732219485386363589 Lookup    /etc/ld.so.cache
2024/11/21 20:04:45 logger.go:63: 1732219485386401100 Open      /etc/ld.so.cache	23
2024/11/21 20:04:45 logger.go:63: 1732219485386479138 Close     /etc/ld.so.cache	23
2024/11/21 20:04:45 logger.go:63: 1732219485386605388 Lookup    /usr/lib/x86_64-linux-gnu/libgomp.so.1
2024/11/21 20:04:45 logger.go:63: 1732219485386644872 Lookup    /usr/lib/x86_64-linux-gnu/libgomp.so.1.0.0
2024/11/21 20:04:45 logger.go:63: 1732219485386715376 Open      /usr/lib/x86_64-linux-gnu/libgomp.so.1.0.0	24
2024/11/21 20:04:45 logger.go:63: 1732219485386959158 Close     /usr/lib/x86_64-linux-gnu/libgomp.so.1.0.0	24
2024/11/21 20:04:45 logger.go:63: 1732219485387259348 Lookup    /usr/lib/x86_64-linux-gnu/libmpich.so.12
2024/11/21 20:04:45 logger.go:63: 1732219485387311106 Lookup    /usr/lib/x86_64-linux-gnu/libmpich.so.12.2.0
2024/11/21 20:04:45 logger.go:63: 1732219485387383032 Open      /usr/lib/x86_64-linux-gnu/libmpich.so.12.2.0	25
2024/11/21 20:04:45 logger.go:63: 1732219485387652633 Close     /usr/lib/x86_64-linux-gnu/libmpich.so.12.2.0	25
2024/11/21 20:04:45 logger.go:63: 1732219485387955277 Lookup    /usr/lib/x86_64-linux-gnu/libstdc++.so.6
2024/11/21 20:04:45 logger.go:63: 1732219485387995864 Lookup    /usr/lib/x86_64-linux-gnu/libstdc++.so.6.0.30
2024/11/21 20:04:45 logger.go:63: 1732219485388071668 Open      /usr/lib/x86_64-linux-gnu/libstdc++.so.6.0.30	26
2024/11/21 20:04:45 logger.go:63: 1732219485388350216 Close     /usr/lib/x86_64-linux-gnu/libstdc++.so.6.0.30	26
2024/11/21 20:04:45 logger.go:63: 1732219485388632822 Lookup    /usr/lib/x86_64-linux-gnu/libm.so.6
2024/11/21 20:04:45 logger.go:63: 1732219485388671345 Open      /usr/lib/x86_64-linux-gnu/libm.so.6	27
2024/11/21 20:04:45 logger.go:63: 1732219485388898415 Close     /usr/lib/x86_64-linux-gnu/libm.so.6	27
2024/11/21 20:04:45 logger.go:63: 1732219485389170231 Lookup    /usr/lib/x86_64-linux-gnu/libgcc_s.so.1
2024/11/21 20:04:45 logger.go:63: 1732219485389208814 Open      /usr/lib/x86_64-linux-gnu/libgcc_s.so.1	28
2024/11/21 20:04:45 logger.go:63: 1732219485389440283 Close     /usr/lib/x86_64-linux-gnu/libgcc_s.so.1	28
2024/11/21 20:04:45 logger.go:63: 1732219485389643698 Lookup    /usr/lib/x86_64-linux-gnu/libc.so.6
2024/11/21 20:04:45 logger.go:63: 1732219485389677973 Open      /usr/lib/x86_64-linux-gnu/libc.so.6	29
2024/11/21 20:04:45 logger.go:63: 1732219485390057323 Close     /usr/lib/x86_64-linux-gnu/libc.so.6	29
2024/11/21 20:04:45 logger.go:63: 1732219485390336762 Lookup    /usr/lib/x86_64-linux-gnu/libhwloc.so.15
2024/11/21 20:04:45 logger.go:63: 1732219485390383040 Lookup    /usr/lib/x86_64-linux-gnu/libhwloc.so.15.5.2
2024/11/21 20:04:45 logger.go:63: 1732219485390454395 Open      /usr/lib/x86_64-linux-gnu/libhwloc.so.15.5.2	30
2024/11/21 20:04:45 logger.go:63: 1732219485390702145 Close     /usr/lib/x86_64-linux-gnu/libhwloc.so.15.5.2	30
2024/11/21 20:04:45 logger.go:63: 1732219485391001443 Lookup    /usr/lib/x86_64-linux-gnu/libfabric.so.1
2024/11/21 20:04:45 logger.go:63: 1732219485391041198 Lookup    /usr/lib/x86_64-linux-gnu/libfabric.so.1.14.0
2024/11/21 20:04:45 logger.go:63: 1732219485391112263 Open      /usr/lib/x86_64-linux-gnu/libfabric.so.1.14.0	31
2024/11/21 20:04:45 logger.go:63: 1732219485391392875 Close     /usr/lib/x86_64-linux-gnu/libfabric.so.1.14.0	31
2024/11/21 20:04:45 logger.go:63: 1732219485391604356 Lookup    /usr/lib/x86_64-linux-gnu/libudev.so.1
2024/11/21 20:04:45 logger.go:63: 1732219485391636286 Lookup    /usr/lib/x86_64-linux-gnu/libudev.so.1.7.2
2024/11/21 20:04:45 logger.go:63: 1732219485391700899 Open      /usr/lib/x86_64-linux-gnu/libudev.so.1.7.2	32
2024/11/21 20:04:45 logger.go:63: 1732219485391964158 Close     /usr/lib/x86_64-linux-gnu/libudev.so.1.7.2	32
2024/11/21 20:04:45 logger.go:63: 1732219485392201288 Lookup    /usr/lib/x86_64-linux-gnu/librdmacm.so.1
2024/11/21 20:04:45 logger.go:63: 1732219485392245622 Lookup    /usr/lib/x86_64-linux-gnu/librdmacm.so.1.3.39.0
2024/11/21 20:04:45 logger.go:63: 1732219485392310946 Open      /usr/lib/x86_64-linux-gnu/librdmacm.so.1.3.39.0	33
2024/11/21 20:04:45 logger.go:63: 1732219485392570077 Close     /usr/lib/x86_64-linux-gnu/librdmacm.so.1.3.39.0	33
2024/11/21 20:04:45 logger.go:63: 1732219485392791878 Lookup    /usr/lib/x86_64-linux-gnu/libefa.so.1
2024/11/21 20:04:45 logger.go:63: 1732219485392830130 Lookup    /usr/lib/x86_64-linux-gnu/libefa.so.1.1.39.0
2024/11/21 20:04:45 logger.go:63: 1732219485392896406 Open      /usr/lib/x86_64-linux-gnu/libefa.so.1.1.39.0	34
2024/11/21 20:04:45 logger.go:63: 1732219485393175465 Close     /usr/lib/x86_64-linux-gnu/libefa.so.1.1.39.0	34
2024/11/21 20:04:45 logger.go:63: 1732219485393393098 Lookup    /usr/lib/x86_64-linux-gnu/libibverbs.so.1
2024/11/21 20:04:45 logger.go:63: 1732219485393436770 Lookup    /usr/lib/x86_64-linux-gnu/libibverbs.so.1.14.39.0
2024/11/21 20:04:45 logger.go:63: 1732219485393510941 Open      /usr/lib/x86_64-linux-gnu/libibverbs.so.1.14.39.0	35
2024/11/21 20:04:45 logger.go:63: 1732219485393756126 Close     /usr/lib/x86_64-linux-gnu/libibverbs.so.1.14.39.0	35
2024/11/21 20:04:45 logger.go:63: 1732219485393973658 Lookup    /usr/lib/x86_64-linux-gnu/libpsm_infinipath.so.1
2024/11/21 20:04:45 logger.go:63: 1732219485394072085 Lookup    /etc/alternatives
2024/11/21 20:04:45 logger.go:63: 1732219485394097333 Lookup    /etc/alternatives/libpsm_infinipath.so.1
2024/11/21 20:04:45 logger.go:63: 1732219485394166704 Lookup    /usr/lib/libpsm1
2024/11/21 20:04:45 logger.go:63: 1732219485394188576 Lookup    /usr/lib/libpsm1/libpsm_infinipath.so.1.16
2024/11/21 20:04:45 logger.go:63: 1732219485394228892 Open      /usr/lib/libpsm1/libpsm_infinipath.so.1.16	36
2024/11/21 20:04:45 logger.go:63: 1732219485394503794 Close     /usr/lib/libpsm1/libpsm_infinipath.so.1.16	36
2024/11/21 20:04:45 logger.go:63: 1732219485394775288 Lookup    /usr/lib/x86_64-linux-gnu/libpsm2.so.2
2024/11/21 20:04:45 logger.go:63: 1732219485394812319 Lookup    /usr/lib/x86_64-linux-gnu/libpsm2.so.2.2
2024/11/21 20:04:45 logger.go:63: 1732219485394877412 Open      /usr/lib/x86_64-linux-gnu/libpsm2.so.2.2	37
2024/11/21 20:04:45 logger.go:63: 1732219485395175106 Close     /usr/lib/x86_64-linux-gnu/libpsm2.so.2.2	37
2024/11/21 20:04:45 logger.go:63: 1732219485395403189 Lookup    /usr/lib/x86_64-linux-gnu/libnl-3.so.200
2024/11/21 20:04:45 logger.go:63: 1732219485395438826 Lookup    /usr/lib/x86_64-linux-gnu/libnl-3.so.200.26.0
2024/11/21 20:04:45 logger.go:63: 1732219485395508448 Open      /usr/lib/x86_64-linux-gnu/libnl-3.so.200.26.0	38
2024/11/21 20:04:45 logger.go:63: 1732219485395745919 Close     /usr/lib/x86_64-linux-gnu/libnl-3.so.200.26.0	38
2024/11/21 20:04:45 logger.go:63: 1732219485396111993 Lookup    /usr/lib/x86_64-linux-gnu/libnl-route-3.so.200
2024/11/21 20:04:45 logger.go:63: 1732219485396152500 Lookup    /usr/lib/x86_64-linux-gnu/libnl-route-3.so.200.26.0
2024/11/21 20:04:45 logger.go:63: 1732219485396221380 Open      /usr/lib/x86_64-linux-gnu/libnl-route-3.so.200.26.0	39
2024/11/21 20:04:45 logger.go:63: 1732219485396495800 Close     /usr/lib/x86_64-linux-gnu/libnl-route-3.so.200.26.0	39
2024/11/21 20:04:45 logger.go:63: 1732219485396814465 Lookup    /usr/lib/x86_64-linux-gnu/libinfinipath.so.4
2024/11/21 20:04:45 logger.go:63: 1732219485396851615 Lookup    /usr/lib/x86_64-linux-gnu/libinfinipath.so.4.0
2024/11/21 20:04:45 logger.go:63: 1732219485396920255 Open      /usr/lib/x86_64-linux-gnu/libinfinipath.so.4.0	40
2024/11/21 20:04:45 logger.go:63: 1732219485397154790 Close     /usr/lib/x86_64-linux-gnu/libinfinipath.so.4.0	40
2024/11/21 20:04:45 logger.go:63: 1732219485397380067 Lookup    /usr/lib/x86_64-linux-gnu/librt.so.1
2024/11/21 20:04:45 logger.go:63: 1732219485397421496 Open      /usr/lib/x86_64-linux-gnu/librt.so.1	41
2024/11/21 20:04:45 logger.go:63: 1732219485398416422 Close     /usr/lib/x86_64-linux-gnu/librt.so.1	41
2024/11/21 20:04:45 logger.go:63: 1732219485398646188 Lookup    /usr/lib/x86_64-linux-gnu/libpthread.so.0
2024/11/21 20:04:45 logger.go:63: 1732219485398681575 Open      /usr/lib/x86_64-linux-gnu/libpthread.so.0	42
2024/11/21 20:04:45 logger.go:63: 1732219485399111690 Close     /usr/lib/x86_64-linux-gnu/libpthread.so.0	42
2024/11/21 20:04:45 logger.go:63: 1732219485399339172 Lookup    /usr/lib/x86_64-linux-gnu/libdl.so.2
2024/11/21 20:04:45 logger.go:63: 1732219485399373958 Open      /usr/lib/x86_64-linux-gnu/libdl.so.2	43
2024/11/21 20:04:45 logger.go:63: 1732219485399679207 Close     /usr/lib/x86_64-linux-gnu/libdl.so.2	43
2024/11/21 20:04:45 logger.go:63: 1732219485399890407 Lookup    /usr/lib/x86_64-linux-gnu/libuuid.so.1
2024/11/21 20:04:45 logger.go:63: 1732219485399926415 Lookup    /usr/lib/x86_64-linux-gnu/libuuid.so.1.3.0
2024/11/21 20:04:45 logger.go:63: 1732219485399995627 Open      /usr/lib/x86_64-linux-gnu/libuuid.so.1.3.0	44
2024/11/21 20:04:45 logger.go:63: 1732219485400210153 Close     /usr/lib/x86_64-linux-gnu/libuuid.so.1.3.0	44
2024/11/21 20:04:45 logger.go:63: 1732219485400422897 Lookup    /usr/lib/x86_64-linux-gnu/libnuma.so.1
2024/11/21 20:04:45 logger.go:63: 1732219485400458274 Lookup    /usr/lib/x86_64-linux-gnu/libnuma.so.1.0.0
2024/11/21 20:04:45 logger.go:63: 1732219485400525411 Open      /usr/lib/x86_64-linux-gnu/libnuma.so.1.0.0	45
2024/11/21 20:04:45 logger.go:63: 1732219485400743124 Close     /usr/lib/x86_64-linux-gnu/libnuma.so.1.0.0	45
2024/11/21 20:04:45 logger.go:63: 1732219485612223759 Lookup    /usr/lib/x86_64-linux-gnu/hwloc
2024/11/21 20:04:45 logger.go:63: 1732219485612444437 Lookup    /usr/lib/x86_64-linux-gnu/hwloc/hwloc_opencl.so
2024/11/21 20:04:45 logger.go:63: 1732219485612463193 Lookup    /usr/lib/x86_64-linux-gnu/hwloc/hwloc_xml_libxml.so
2024/11/21 20:04:45 logger.go:63: 1732219485612476778 Lookup    /usr/lib/x86_64-linux-gnu/hwloc/hwloc_gl.so
2024/11/21 20:04:45 logger.go:63: 1732219485612488020 Lookup    /usr/lib/x86_64-linux-gnu/hwloc/hwloc_pci.so
2024/11/21 20:04:45 logger.go:63: 1732219485612640930 Open      /usr/lib/x86_64-linux-gnu/hwloc/hwloc_opencl.so	51
2024/11/21 20:04:45 logger.go:63: 1732219485612865385 Close     /usr/lib/x86_64-linux-gnu/hwloc/hwloc_opencl.so	51
2024/11/21 20:04:45 logger.go:63: 1732219485613097716 Open      /etc/ld.so.cache	52
2024/11/21 20:04:45 logger.go:63: 1732219485613198918 Close     /etc/ld.so.cache	52
2024/11/21 20:04:45 logger.go:63: 1732219485613353711 Lookup    /usr/lib/x86_64-linux-gnu/libOpenCL.so.1
2024/11/21 20:04:45 logger.go:63: 1732219485613401722 Lookup    /usr/lib/x86_64-linux-gnu/libOpenCL.so.1.0.0
2024/11/21 20:04:45 logger.go:63: 1732219485613472697 Open      /usr/lib/x86_64-linux-gnu/libOpenCL.so.1.0.0	53
2024/11/21 20:04:45 logger.go:63: 1732219485613731738 Close     /usr/lib/x86_64-linux-gnu/libOpenCL.so.1.0.0	53
2024/11/21 20:04:45 logger.go:63: 1732219485614023010 Open      /usr/lib/x86_64-linux-gnu/hwloc/hwloc_xml_libxml.so	54
2024/11/21 20:04:45 logger.go:63: 1732219485614262885 Close     /usr/lib/x86_64-linux-gnu/hwloc/hwloc_xml_libxml.so	54
2024/11/21 20:04:45 logger.go:63: 1732219485614452434 Open      /etc/ld.so.cache	55
2024/11/21 20:04:45 logger.go:63: 1732219485614541824 Close     /etc/ld.so.cache	55
2024/11/21 20:04:45 logger.go:63: 1732219485614671670 Lookup    /usr/lib/x86_64-linux-gnu/libxml2.so.2
2024/11/21 20:04:45 logger.go:63: 1732219485614712728 Lookup    /usr/lib/x86_64-linux-gnu/libxml2.so.2.9.13
2024/11/21 20:04:45 logger.go:63: 1732219485614781589 Open      /usr/lib/x86_64-linux-gnu/libxml2.so.2.9.13	56
2024/11/21 20:04:45 logger.go:63: 1732219485615094832 Close     /usr/lib/x86_64-linux-gnu/libxml2.so.2.9.13	56
2024/11/21 20:04:45 logger.go:63: 1732219485615416162 Lookup    /usr/lib/x86_64-linux-gnu/libicuuc.so.70
2024/11/21 20:04:45 logger.go:63: 1732219485615458792 Lookup    /usr/lib/x86_64-linux-gnu/libicuuc.so.70.1
2024/11/21 20:04:45 logger.go:63: 1732219485615528324 Open      /usr/lib/x86_64-linux-gnu/libicuuc.so.70.1	57
2024/11/21 20:04:45 logger.go:63: 1732219485615811682 Close     /usr/lib/x86_64-linux-gnu/libicuuc.so.70.1	57
2024/11/21 20:04:45 logger.go:63: 1732219485616126478 Lookup    /usr/lib/x86_64-linux-gnu/libz.so.1
2024/11/21 20:04:45 logger.go:63: 1732219485616168829 Lookup    /usr/lib/x86_64-linux-gnu/libz.so.1.2.11
2024/11/21 20:04:45 logger.go:63: 1732219485616239423 Open      /usr/lib/x86_64-linux-gnu/libz.so.1.2.11	58
2024/11/21 20:04:45 logger.go:63: 1732219485616518291 Close     /usr/lib/x86_64-linux-gnu/libz.so.1.2.11	58
2024/11/21 20:04:45 logger.go:63: 1732219485616758998 Lookup    /usr/lib/x86_64-linux-gnu/liblzma.so.5
2024/11/21 20:04:45 logger.go:63: 1732219485616792111 Lookup    /usr/lib/x86_64-linux-gnu/liblzma.so.5.2.5
2024/11/21 20:04:45 logger.go:63: 1732219485616874226 Open      /usr/lib/x86_64-linux-gnu/liblzma.so.5.2.5	59
2024/11/21 20:04:45 logger.go:63: 1732219485617139720 Close     /usr/lib/x86_64-linux-gnu/liblzma.so.5.2.5	59
2024/11/21 20:04:45 logger.go:63: 1732219485617408499 Lookup    /usr/lib/x86_64-linux-gnu/libicudata.so.70
2024/11/21 20:04:45 logger.go:63: 1732219485617454296 Lookup    /usr/lib/x86_64-linux-gnu/libicudata.so.70.1
2024/11/21 20:04:45 logger.go:63: 1732219485617524670 Open      /usr/lib/x86_64-linux-gnu/libicudata.so.70.1	60
2024/11/21 20:04:45 logger.go:63: 1732219485617819178 Close     /usr/lib/x86_64-linux-gnu/libicudata.so.70.1	60
2024/11/21 20:04:45 logger.go:63: 1732219485618966994 Open      /usr/lib/x86_64-linux-gnu/hwloc/hwloc_gl.so	61
2024/11/21 20:04:45 logger.go:63: 1732219485619196129 Close     /usr/lib/x86_64-linux-gnu/hwloc/hwloc_gl.so	61
2024/11/21 20:04:45 logger.go:63: 1732219485619384105 Open      /etc/ld.so.cache	62
2024/11/21 20:04:45 logger.go:63: 1732219485619472954 Close     /etc/ld.so.cache	62
2024/11/21 20:04:45 logger.go:63: 1732219485619603110 Lookup    /usr/lib/x86_64-linux-gnu/libXNVCtrl.so.0
2024/11/21 20:04:45 logger.go:63: 1732219485619642946 Lookup    /usr/lib/x86_64-linux-gnu/libXNVCtrl.so.0.0.0
2024/11/21 20:04:45 logger.go:63: 1732219485619720954 Open      /usr/lib/x86_64-linux-gnu/libXNVCtrl.so.0.0.0	63
2024/11/21 20:04:45 logger.go:63: 1732219485619978943 Close     /usr/lib/x86_64-linux-gnu/libXNVCtrl.so.0.0.0	63
2024/11/21 20:04:45 logger.go:63: 1732219485620242914 Lookup    /usr/lib/x86_64-linux-gnu/libX11.so.6
2024/11/21 20:04:45 logger.go:63: 1732219485620291195 Lookup    /usr/lib/x86_64-linux-gnu/libX11.so.6.4.0
2024/11/21 20:04:45 logger.go:63: 1732219485620374473 Open      /usr/lib/x86_64-linux-gnu/libX11.so.6.4.0	64
2024/11/21 20:04:45 logger.go:63: 1732219485620666727 Close     /usr/lib/x86_64-linux-gnu/libX11.so.6.4.0	64
2024/11/21 20:04:45 logger.go:63: 1732219485620963881 Lookup    /usr/lib/x86_64-linux-gnu/libXext.so.6
2024/11/21 20:04:45 logger.go:63: 1732219485621018705 Lookup    /usr/lib/x86_64-linux-gnu/libXext.so.6.4.0
2024/11/21 20:04:45 logger.go:63: 1732219485621094679 Open      /usr/lib/x86_64-linux-gnu/libXext.so.6.4.0	65
2024/11/21 20:04:45 logger.go:63: 1732219485621345945 Close     /usr/lib/x86_64-linux-gnu/libXext.so.6.4.0	65
2024/11/21 20:04:45 logger.go:63: 1732219485621575270 Lookup    /usr/lib/x86_64-linux-gnu/libxcb.so.1
2024/11/21 20:04:45 logger.go:63: 1732219485621618161 Lookup    /usr/lib/x86_64-linux-gnu/libxcb.so.1.1.0
2024/11/21 20:04:45 logger.go:63: 1732219485621688434 Open      /usr/lib/x86_64-linux-gnu/libxcb.so.1.1.0	66
2024/11/21 20:04:45 logger.go:63: 1732219485621942667 Close     /usr/lib/x86_64-linux-gnu/libxcb.so.1.1.0	66
2024/11/21 20:04:45 logger.go:63: 1732219485622254237 Lookup    /usr/lib/x86_64-linux-gnu/libXau.so.6
2024/11/21 20:04:45 logger.go:63: 1732219485622297960 Lookup    /usr/lib/x86_64-linux-gnu/libXau.so.6.0.0
2024/11/21 20:04:45 logger.go:63: 1732219485622367242 Open      /usr/lib/x86_64-linux-gnu/libXau.so.6.0.0	67
2024/11/21 20:04:45 logger.go:63: 1732219485622591076 Close     /usr/lib/x86_64-linux-gnu/libXau.so.6.0.0	67
2024/11/21 20:04:45 logger.go:63: 1732219485622830360 Lookup    /usr/lib/x86_64-linux-gnu/libXdmcp.so.6
2024/11/21 20:04:45 logger.go:63: 1732219485622877960 Lookup    /usr/lib/x86_64-linux-gnu/libXdmcp.so.6.0.0
2024/11/21 20:04:45 logger.go:63: 1732219485622947411 Open      /usr/lib/x86_64-linux-gnu/libXdmcp.so.6.0.0	68
2024/11/21 20:04:45 logger.go:63: 1732219485623183168 Close     /usr/lib/x86_64-linux-gnu/libXdmcp.so.6.0.0	68
2024/11/21 20:04:45 logger.go:63: 1732219485623411692 Lookup    /usr/lib/x86_64-linux-gnu/libbsd.so.0
2024/11/21 20:04:45 logger.go:63: 1732219485623462969 Lookup    /usr/lib/x86_64-linux-gnu/libbsd.so.0.11.5
2024/11/21 20:04:45 logger.go:63: 1732219485623539424 Open      /usr/lib/x86_64-linux-gnu/libbsd.so.0.11.5	69
2024/11/21 20:04:45 logger.go:63: 1732219485623848440 Close     /usr/lib/x86_64-linux-gnu/libbsd.so.0.11.5	69
2024/11/21 20:04:45 logger.go:63: 1732219485624100658 Lookup    /usr/lib/x86_64-linux-gnu/libmd.so.0
2024/11/21 20:04:45 logger.go:63: 1732219485624150242 Lookup    /usr/lib/x86_64-linux-gnu/libmd.so.0.0.5
2024/11/21 20:04:45 logger.go:63: 1732219485624221247 Open      /usr/lib/x86_64-linux-gnu/libmd.so.0.0.5	70
2024/11/21 20:04:45 logger.go:63: 1732219485624461122 Close     /usr/lib/x86_64-linux-gnu/libmd.so.0.0.5	70
2024/11/21 20:04:45 logger.go:63: 1732219485625098320 Open      /usr/lib/x86_64-linux-gnu/hwloc/hwloc_pci.so	71
2024/11/21 20:04:45 logger.go:63: 1732219485625341260 Close     /usr/lib/x86_64-linux-gnu/hwloc/hwloc_pci.so	71
2024/11/21 20:04:45 logger.go:63: 1732219485625532734 Open      /etc/ld.so.cache	72
2024/11/21 20:04:45 logger.go:63: 1732219485625618576 Close     /etc/ld.so.cache	72
2024/11/21 20:04:45 logger.go:63: 1732219485625748312 Lookup    /usr/lib/x86_64-linux-gnu/libpciaccess.so.0
2024/11/21 20:04:45 logger.go:63: 1732219485625788889 Lookup    /usr/lib/x86_64-linux-gnu/libpciaccess.so.0.11.1
2024/11/21 20:04:45 logger.go:63: 1732219485625866166 Open      /usr/lib/x86_64-linux-gnu/libpciaccess.so.0.11.1	73
2024/11/21 20:04:45 logger.go:63: 1732219485626107253 Close     /usr/lib/x86_64-linux-gnu/libpciaccess.so.0.11.1	73
2024/11/21 20:04:45 logger.go:63: 1732219485909805047 Lookup    /run      
2024/11/21 20:04:45 logger.go:63: 1732219485915458407 Lookup    /var      
2024/11/21 20:04:45 logger.go:63: 1732219485915492601 Lookup    /var/run  
2024/11/21 20:04:45 logger.go:63: 1732219485916550928 Lookup    /etc/gai.conf
2024/11/21 20:04:45 logger.go:63: 1732219485916593930 Open      /etc/gai.conf	50
2024/11/21 20:04:45 logger.go:63: 1732219485916748082 Close     /etc/gai.conf	50
2024/11/21 20:04:45 logger.go:63: 1732219485925415456 Lookup    /usr/share
2024/11/21 20:04:45 logger.go:63: 1732219485925472414 Lookup    /usr/share/misc
2024/11/21 20:04:45 logger.go:63: 1732219485942122444 Open      /etc/ld.so.cache	74
2024/11/21 20:04:45 logger.go:63: 1732219485942228685 Close     /etc/ld.so.cache	74
2024/11/21 20:04:45 logger.go:63: 1732219485951082984 Open      /etc/ld.so.cache	75
2024/11/21 20:04:45 logger.go:63: 1732219485951181150 Close     /etc/ld.so.cache	75
2024/11/21 20:04:45 logger.go:63: 1732219485951889523 Open      /etc/ld.so.cache	76
2024/11/21 20:04:45 logger.go:63: 1732219485951989332 Close     /etc/ld.so.cache	76
2024/11/21 20:04:45 logger.go:63: 1732219485952696423 Open      /etc/ld.so.cache	77
2024/11/21 20:04:45 logger.go:63: 1732219485952785351 Close     /etc/ld.so.cache	77
2024/11/21 20:04:45 logger.go:63: 1732219485953539161 Open      /etc/ld.so.cache	78
2024/11/21 20:04:45 logger.go:63: 1732219485953635644 Close     /etc/ld.so.cache	78
2024/11/21 20:04:45 logger.go:63: 1732219485954327576 Open      /etc/ld.so.cache	79
2024/11/21 20:04:45 logger.go:63: 1732219485954418729 Close     /etc/ld.so.cache	79
2024/11/21 20:04:45 logger.go:63: 1732219485955106142 Open      /etc/ld.so.cache	80
2024/11/21 20:04:45 logger.go:63: 1732219485955193888 Close     /etc/ld.so.cache	80
2024/11/21 20:04:45 logger.go:63: 1732219485955905968 Open      /etc/ld.so.cache	81
2024/11/21 20:04:45 logger.go:63: 1732219485956009475 Close     /etc/ld.so.cache	81
2024/11/21 20:04:45 logger.go:63: 1732219485956708691 Open      /etc/ld.so.cache	82
2024/11/21 20:04:45 logger.go:63: 1732219485956795365 Close     /etc/ld.so.cache	82
2024/11/21 20:04:45 logger.go:63: 1732219485957516392 Open      /etc/ld.so.cache	83
2024/11/21 20:04:45 logger.go:63: 1732219485957609458 Close     /etc/ld.so.cache	83
2024/11/21 20:04:45 logger.go:63: 1732219485958325005 Open      /etc/ld.so.cache	84
2024/11/21 20:04:45 logger.go:63: 1732219485958415146 Close     /etc/ld.so.cache	84
2024/11/21 20:04:45 logger.go:63: 1732219485959108521 Open      /etc/ld.so.cache	85
2024/11/21 20:04:45 logger.go:63: 1732219485959202970 Close     /etc/ld.so.cache	85
2024/11/21 20:04:45 logger.go:63: 1732219485959912064 Open      /etc/ld.so.cache	86
2024/11/21 20:04:45 logger.go:63: 1732219485960006964 Close     /etc/ld.so.cache	86
2024/11/21 20:04:45 logger.go:63: 1732219485960713965 Open      /etc/ld.so.cache	87
2024/11/21 20:04:45 logger.go:63: 1732219485960808805 Close     /etc/ld.so.cache	87
2024/11/21 20:04:45 logger.go:63: 1732219485961546804 Open      /etc/ld.so.cache	88
2024/11/21 20:04:45 logger.go:63: 1732219485961639299 Close     /etc/ld.so.cache	88
2024/11/21 20:04:45 logger.go:63: 1732219485962351550 Open      /etc/ld.so.cache	89
2024/11/21 20:04:45 logger.go:63: 1732219485962444065 Close     /etc/ld.so.cache	89
2024/11/21 20:04:45 logger.go:63: 1732219485963142279 Open      /etc/ld.so.cache	90
2024/11/21 20:04:45 logger.go:63: 1732219485963240305 Close     /etc/ld.so.cache	90
2024/11/21 20:04:45 logger.go:63: 1732219485974328719 Lookup    /opt/lammps/examples/reaxff/HNS/in.reaxc.hns
2024/11/21 20:04:45 logger.go:63: 1732219485974404974 Open      /opt/lammps/examples/reaxff/HNS/in.reaxc.hns	91
2024/11/21 20:04:45 logger.go:63: 1732219485975857148 Lookup    /opt/lammps/examples/reaxff/HNS/data.hns-equil
2024/11/21 20:04:45 logger.go:63: 1732219485975919917 Open      /opt/lammps/examples/reaxff/HNS/data.hns-equil	92
2024/11/21 20:04:45 logger.go:63: 1732219485975960904 Close     /opt/lammps/examples/reaxff/HNS/data.hns-equil	92
2024/11/21 20:04:45 logger.go:63: 1732219485976130436 Open      /opt/lammps/examples/reaxff/HNS/data.hns-equil	93
2024/11/21 20:04:45 logger.go:63: 1732219485977907435 Close     /opt/lammps/examples/reaxff/HNS/data.hns-equil	93
2024/11/21 20:04:45 logger.go:63: 1732219485980121172 Lookup    /opt/lammps/examples/reaxff/HNS/ffield.reax.hns
2024/11/21 20:04:45 logger.go:63: 1732219485980180204 Open      /opt/lammps/examples/reaxff/HNS/ffield.reax.hns	94
2024/11/21 20:04:45 logger.go:63: 1732219485980222414 Close     /opt/lammps/examples/reaxff/HNS/ffield.reax.hns	94
2024/11/21 20:04:45 logger.go:63: 1732219485980297186 Open      /opt/lammps/examples/reaxff/HNS/ffield.reax.hns	95
2024/11/21 20:04:45 logger.go:63: 1732219485980410210 Close     /opt/lammps/examples/reaxff/HNS/ffield.reax.hns	95
2024/11/21 20:04:45 logger.go:63: 1732219485980490052 Open      /opt/lammps/examples/reaxff/HNS/ffield.reax.hns	96
2024/11/21 20:04:45 logger.go:63: 1732219485980604088 Close     /opt/lammps/examples/reaxff/HNS/ffield.reax.hns	96
2024/11/21 20:04:45 logger.go:63: 1732219485980681064 Open      /opt/lammps/examples/reaxff/HNS/ffield.reax.hns	97
2024/11/21 20:04:45 logger.go:63: 1732219485981597562 Close     /opt/lammps/examples/reaxff/HNS/ffield.reax.hns	97
2024/11/21 20:06:26 logger.go:63: 1732219586976778538 Close     /opt/lammps/examples/reaxff/HNS/in.reaxc.hns	91
2024/11/21 20:06:26 logger.go:63: 1732219586983303152 Complete  /tmp/out/lammps-recording.out