2024/11/21 19:37:03 logger.go:63: 1732217823201576311 Lookup    /etc      
2024/11/21 19:37:03 logger.go:63: 1732217823201734122 Lookup    /etc/host.conf
2024/11/21 19:37:03 logger.go:63: 1732217823201767246 Lookup    /etc/hosts
2024/11/21 19:37:03 logger.go:63: 1732217823201799407 Lookup    /etc/nsswitch.conf
2024/11/21 19:37:03 logger.go:63: 1732217823201826258 Lookup    /etc/resolv.conf
2024/11/21 19:37:03 logger.go:63: 1732217823201850124 Lookup    /dev      
2024/11/21 19:37:03 logger.go:63: 1732217823201871344 Lookup    /sys      
2024/11/21 19:37:03 logger.go:63: 1732217823201891022 Lookup    /proc     
2024/11/21 19:37:03 logger.go:63: 1732217823201910840 Lookup    /tmp      
2024/11/21 19:37:03 logger.go:63: 1732217823201932842 Lookup    /root     
2024/11/21 19:37:03 logger.go:63: 1732217823201976916 Lookup    /opt      
2024/11/21 19:37:03 logger.go:63: 1732217823202007775 Lookup    /opt/lammps
2024/11/21 19:37:03 logger.go:63: 1732217823202033053 Lookup    /opt/lammps/examples
2024/11/21 19:37:03 logger.go:63: 1732217823202058341 Lookup    /opt/lammps/examples/reaxff
2024/11/21 19:37:03 logger.go:63: 1732217823202089300 Lookup    /opt/lammps/examples/reaxff/HNS
2024/11/21 19:37:03 logger.go:63: 1732217823202116953 Lookup    /usr      
2024/11/21 19:37:03 logger.go:63: 1732217823202140889 Lookup    /usr/bin  
2024/11/21 19:37:03 logger.go:63: 1732217823202163181 Lookup    /usr/bin/lmp
2024/11/21 19:37:03 logger.go:63: 1732217823202419972 Open      /usr/bin/lmp	7
2024/11/21 19:37:03 logger.go:63: 1732217823202505345 Close     /usr/bin/lmp	7
2024/11/21 19:37:03 logger.go:63: 1732217823202530052 Open      /usr/bin/lmp	18
2024/11/21 19:37:03 logger.go:63: 1732217823202575919 Lookup    /lib64    
2024/11/21 19:37:03 logger.go:63: 1732217823202616978 Lookup    /usr/lib64
2024/11/21 19:37:03 logger.go:63: 1732217823202677493 Lookup    /usr/lib64/ld-linux-x86-64.so.2
2024/11/21 19:37:03 logger.go:63: 1732217823202742477 Lookup    /lib      
2024/11/21 19:37:03 logger.go:63: 1732217823202771453 Lookup    /usr/lib  
2024/11/21 19:37:03 logger.go:63: 1732217823202832109 Lookup    /usr/lib/x86_64-linux-gnu
2024/11/21 19:37:03 logger.go:63: 1732217823202856435 Lookup    /usr/lib/x86_64-linux-gnu/ld-linux-x86-64.so.2
2024/11/21 19:37:03 logger.go:63: 1732217823202916429 Close     /usr/bin/lmp	18
2024/11/21 19:37:03 logger.go:63: 1732217823202938301 Open      /usr/lib/x86_64-linux-gnu/ld-linux-x86-64.so.2	20
2024/11/21 19:37:03 logger.go:63: 1732217823202975542 Close     /usr/lib/x86_64-linux-gnu/ld-linux-x86-64.so.2	20
2024/11/21 19:37:03 logger.go:63: 1732217823203512317 Open      /usr/bin/lmp	21
2024/11/21 19:37:03 logger.go:63: 1732217823203767444 Close     /usr/bin/lmp	21
2024/11/21 19:37:03 logger.go:63: 1732217823203979960 Open      /usr/lib/x86_64-linux-gnu/ld-linux-x86-64.so.2	22
2024/11/21 19:37:03 logger.go:63: 1732217823204206122 Close     /usr/lib/x86_64-linux-gnu/ld-linux-x86-64.so.2	22
2024/11/21 19:37:03 logger.go:63: 1732217823204638487 Lookup    /opt/software
2024/11/21 19:37:03 logger.go:63: 1732217823204670919 Lookup    /opt/software/linux-rocky9-x86_64
2024/11/21 19:37:03 logger.go:63: 1732217823204698642 Lookup    /opt/software/linux-rocky9-x86_64/gcc-11.4.1
2024/11/21 19:37:03 logger.go:63: 1732217823204722407 Lookup    /opt/software/linux-rocky9-x86_64/gcc-11.4.1/flux-core-0.61.2-va52p5ph7ylanopgk7ranjgtjgc2wb5y
2024/11/21 19:37:03 logger.go:63: 1732217823204761372 Lookup    /opt/software/linux-rocky9-x86_64/gcc-11.4.1/flux-core-0.61.2-va52p5ph7ylanopgk7ranjgtjgc2wb5y/lib
2024/11/21 19:37:03 logger.go:63: 1732217823204786810 Lookup    /opt/software/linux-rocky9-x86_64/gcc-11.4.1/flux-core-0.61.2-va52p5ph7ylanopgk7ranjgtjgc2wb5y/lib/flux
2024/11/21 19:37:03 logger.go:63: 1732217823206890737 Lookup    /etc/ld.so.cache
2024/11/21 19:37:03 logger.go:63: 1732217823206928058 Open      /etc/ld.so.cache	23
2024/11/21 19:37:03 logger.go:63: 1732217823207010445 Close     /etc/ld.so.cache	23
2024/11/21 19:37:03 logger.go:63: 1732217823207142878 Lookup    /usr/lib/x86_64-linux-gnu/libgomp.so.1
2024/11/21 19:37:03 logger.go:63: 1732217823207182383 Lookup    /usr/lib/x86_64-linux-gnu/libgomp.so.1.0.0
2024/11/21 19:37:03 logger.go:63: 1732217823207255333 Open      /usr/lib/x86_64-linux-gnu/libgomp.so.1.0.0	24
2024/11/21 19:37:03 logger.go:63: 1732217823207493938 Close     /usr/lib/x86_64-linux-gnu/libgomp.so.1.0.0	24
2024/11/21 19:37:03 logger.go:63: 1732217823207762962 Lookup    /usr/lib/x86_64-linux-gnu/libmpich.so.12
2024/11/21 19:37:03 logger.go:63: 1732217823207801024 Lookup    /usr/lib/x86_64-linux-gnu/libmpich.so.12.2.0
2024/11/21 19:37:03 logger.go:63: 1732217823207878252 Open      /usr/lib/x86_64-linux-gnu/libmpich.so.12.2.0	25
2024/11/21 19:37:03 logger.go:63: 1732217823208177253 Close     /usr/lib/x86_64-linux-gnu/libmpich.so.12.2.0	25
2024/11/21 19:37:03 logger.go:63: 1732217823208454251 Lookup    /usr/lib/x86_64-linux-gnu/libstdc++.so.6
2024/11/21 19:37:03 logger.go:63: 1732217823208486854 Lookup    /usr/lib/x86_64-linux-gnu/libstdc++.so.6.0.30
2024/11/21 19:37:03 logger.go:63: 1732217823208550094 Open      /usr/lib/x86_64-linux-gnu/libstdc++.so.6.0.30	26
2024/11/21 19:37:03 logger.go:63: 1732217823208826452 Close     /usr/lib/x86_64-linux-gnu/libstdc++.so.6.0.30	26
2024/11/21 19:37:03 logger.go:63: 1732217823209129060 Lookup    /usr/lib/x86_64-linux-gnu/libm.so.6
2024/11/21 19:37:03 logger.go:63: 1732217823209169066 Open      /usr/lib/x86_64-linux-gnu/libm.so.6	27
2024/11/21 19:37:03 logger.go:63: 1732217823209394416 Close     /usr/lib/x86_64-linux-gnu/libm.so.6	27
2024/11/21 19:37:03 logger.go:63: 1732217823209659041 Lookup    /usr/lib/x86_64-linux-gnu/libgcc_s.so.1
2024/11/21 19:37:03 logger.go:63: 1732217823209695681 Open      /usr/lib/x86_64-linux-gnu/libgcc_s.so.1	28
2024/11/21 19:37:03 logger.go:63: 1732217823209920000 Close     /usr/lib/x86_64-linux-gnu/libgcc_s.so.1	28
2024/11/21 19:37:03 logger.go:63: 1732217823210126073 Lookup    /usr/lib/x86_64-linux-gnu/libc.so.6
2024/11/21 19:37:03 logger.go:63: 1732217823210162713 Open      /usr/lib/x86_64-linux-gnu/libc.so.6	29
2024/11/21 19:37:03 logger.go:63: 1732217823210534393 Close     /usr/lib/x86_64-linux-gnu/libc.so.6	29
2024/11/21 19:37:03 logger.go:63: 1732217823210823284 Lookup    /usr/lib/x86_64-linux-gnu/libhwloc.so.15
2024/11/21 19:37:03 logger.go:63: 1732217823210860555 Lookup    /usr/lib/x86_64-linux-gnu/libhwloc.so.15.5.2
2024/11/21 19:37:03 logger.go:63: 1732217823210938955 Open      /usr/lib/x86_64-linux-gnu/libhwloc.so.15.5.2	30
2024/11/21 19:37:03 logger.go:63: 1732217823211178532 Close     /usr/lib/x86_64-linux-gnu/libhwloc.so.15.5.2	30
2024/11/21 19:37:03 logger.go:63: 1732217823211475058 Lookup    /usr/lib/x86_64-linux-gnu/libfabric.so.1
2024/11/21 19:37:03 logger.go:63: 1732217823211511768 Lookup    /usr/lib/x86_64-linux-gnu/libfabric.so.1.14.0
2024/11/21 19:37:03 logger.go:63: 1732217823211579868 Open      /usr/lib/x86_64-linux-gnu/libfabric.so.1.14.0	31
2024/11/21 19:37:03 logger.go:63: 1732217823211892756 Close     /usr/lib/x86_64-linux-gnu/libfabric.so.1.14.0	31
2024/11/21 19:37:03 logger.go:63: 1732217823212130880 Lookup    /usr/lib/x86_64-linux-gnu/libudev.so.1
2024/11/21 19:37:03 logger.go:63: 1732217823212165106 Lookup    /usr/lib/x86_64-linux-gnu/libudev.so.1.7.2
2024/11/21 19:37:03 logger.go:63: 1732217823212235139 Open      /usr/lib/x86_64-linux-gnu/libudev.so.1.7.2	32
2024/11/21 19:37:03 logger.go:63: 1732217823212480738 Close     /usr/lib/x86_64-linux-gnu/libudev.so.1.7.2	32
2024/11/21 19:37:03 logger.go:63: 1732217823212700097 Lookup    /usr/lib/x86_64-linux-gnu/librdmacm.so.1
2024/11/21 19:37:03 logger.go:63: 1732217823212739001 Lookup    /usr/lib/x86_64-linux-gnu/librdmacm.so.1.3.39.0
2024/11/21 19:37:03 logger.go:63: 1732217823212805709 Open      /usr/lib/x86_64-linux-gnu/librdmacm.so.1.3.39.0	33
2024/11/21 19:37:03 logger.go:63: 1732217823213071716 Close     /usr/lib/x86_64-linux-gnu/librdmacm.so.1.3.39.0	33
2024/11/21 19:37:03 logger.go:63: 1732217823213284503 Lookup    /usr/lib/x86_64-linux-gnu/libefa.so.1
2024/11/21 19:37:03 logger.go:63: 1732217823213320842 Lookup    /usr/lib/x86_64-linux-gnu/libefa.so.1.1.39.0
2024/11/21 19:37:03 logger.go:63: 1732217823213384704 Open      /usr/lib/x86_64-linux-gnu/libefa.so.1.1.39.0	34
2024/11/21 19:37:03 logger.go:63: 1732217823213623199 Close     /usr/lib/x86_64-linux-gnu/libefa.so.1.1.39.0	34
2024/11/21 19:37:03 logger.go:63: 1732217823213839803 Lookup    /usr/lib/x86_64-linux-gnu/libibverbs.so.1
2024/11/21 19:37:03 logger.go:63: 1732217823213879749 Lookup    /usr/lib/x86_64-linux-gnu/libibverbs.so.1.14.39.0
2024/11/21 19:37:03 logger.go:63: 1732217823213951376 Open      /usr/lib/x86_64-linux-gnu/libibverbs.so.1.14.39.0	35
2024/11/21 19:37:03 logger.go:63: 1732217823214192967 Close     /usr/lib/x86_64-linux-gnu/libibverbs.so.1.14.39.0	35
2024/11/21 19:37:03 logger.go:63: 1732217823214407005 Lookup    /usr/lib/x86_64-linux-gnu/libpsm_infinipath.so.1
2024/11/21 19:37:03 logger.go:63: 1732217823214491888 Lookup    /etc/alternatives
2024/11/21 19:37:03 logger.go:63: 1732217823214513429 Lookup    /etc/alternatives/libpsm_infinipath.so.1
2024/11/21 19:37:03 logger.go:63: 1732217823214587420 Lookup    /usr/lib/libpsm1
2024/11/21 19:37:03 logger.go:63: 1732217823214609342 Lookup    /usr/lib/libpsm1/libpsm_infinipath.so.1.16
2024/11/21 19:37:03 logger.go:63: 1732217823214651973 Open      /usr/lib/libpsm1/libpsm_infinipath.so.1.16	36
2024/11/21 19:37:03 logger.go:63: 1732217823214920846 Close     /usr/lib/libpsm1/libpsm_infinipath.so.1.16	36
2024/11/21 19:37:03 logger.go:63: 1732217823215197104 Lookup    /usr/lib/x86_64-linux-gnu/libpsm2.so.2
2024/11/21 19:37:03 logger.go:63: 1732217823215240707 Lookup    /usr/lib/x86_64-linux-gnu/libpsm2.so.2.2
2024/11/21 19:37:03 logger.go:63: 1732217823215306242 Open      /usr/lib/x86_64-linux-gnu/libpsm2.so.2.2	37
2024/11/21 19:37:03 logger.go:63: 1732217823215581658 Close     /usr/lib/x86_64-linux-gnu/libpsm2.so.2.2	37
2024/11/21 19:37:03 logger.go:63: 1732217823215804063 Lookup    /usr/lib/x86_64-linux-gnu/libnl-3.so.200
2024/11/21 19:37:03 logger.go:63: 1732217823215839771 Lookup    /usr/lib/x86_64-linux-gnu/libnl-3.so.200.26.0
2024/11/21 19:37:03 logger.go:63: 1732217823215909854 Open      /usr/lib/x86_64-linux-gnu/libnl-3.so.200.26.0	38
2024/11/21 19:37:03 logger.go:63: 1732217823216173909 Close     /usr/lib/x86_64-linux-gnu/libnl-3.so.200.26.0	38
2024/11/21 19:37:03 logger.go:63: 1732217823216442832 Lookup    /usr/lib/x86_64-linux-gnu/libnl-route-3.so.200
2024/11/21 19:37:03 logger.go:63: 1732217823216479803 Lookup    /usr/lib/x86_64-linux-gnu/libnl-route-3.so.200.26.0
2024/11/21 19:37:03 logger.go:63: 1732217823216546941 Open      /usr/lib/x86_64-linux-gnu/libnl-route-3.so.200.26.0	39
2024/11/21 19:37:03 logger.go:63: 1732217823216797339 Close     /usr/lib/x86_64-linux-gnu/libnl-route-3.so.200.26.0	39
2024/11/21 19:37:03 logger.go:63: 1732217823217105898 Lookup    /usr/lib/x86_64-linux-gnu/libinfinipath.so.4
2024/11/21 19:37:03 logger.go:63: 1732217823217145333 Lookup    /usr/lib/x86_64-linux-gnu/libinfinipath.so.4.0
2024/11/21 19:37:03 logger.go:63: 1732217823217212060 Open      /usr/lib/x86_64-linux-gnu/libinfinipath.so.4.0	40
2024/11/21 19:37:03 logger.go:63: 1732217823217469742 Close     /usr/lib/x86_64-linux-gnu/libinfinipath.so.4.0	40
2024/11/21 19:37:03 logger.go:63: 1732217823217710242 Lookup    /usr/lib/x86_64-linux-gnu/librt.so.1
2024/11/21 19:37:03 logger.go:63: 1732217823217752713 Open      /usr/lib/x86_64-linux-gnu/librt.so.1	41
2024/11/21 19:37:03 logger.go:63: 1732217823218540827 Close     /usr/lib/x86_64-linux-gnu/librt.so.1	41
2024/11/21 19:37:03 logger.go:63: 1732217823218772279 Lookup    /usr/lib/x86_64-linux-gnu/libpthread.so.0
2024/11/21 19:37:03 logger.go:63: 1732217823218806895 Open      /usr/lib/x86_64-linux-gnu/libpthread.so.0	42
2024/11/21 19:37:03 logger.go:63: 1732217823219271352 Close     /usr/lib/x86_64-linux-gnu/libpthread.so.0	42
2024/11/21 19:37:03 logger.go:63: 1732217823219495620 Lookup    /usr/lib/x86_64-linux-gnu/libdl.so.2
2024/11/21 19:37:03 logger.go:63: 1732217823219530577 Open      /usr/lib/x86_64-linux-gnu/libdl.so.2	43
2024/11/21 19:37:03 logger.go:63: 1732217823219829417 Close     /usr/lib/x86_64-linux-gnu/libdl.so.2	43
2024/11/21 19:37:03 logger.go:63: 1732217823220069355 Lookup    /usr/lib/x86_64-linux-gnu/libuuid.so.1
2024/11/21 19:37:03 logger.go:63: 1732217823220106957 Lookup    /usr/lib/x86_64-linux-gnu/libuuid.so.1.3.0
2024/11/21 19:37:03 logger.go:63: 1732217823220172121 Open      /usr/lib/x86_64-linux-gnu/libuuid.so.1.3.0	44
2024/11/21 19:37:03 logger.go:63: 1732217823220382914 Close     /usr/lib/x86_64-linux-gnu/libuuid.so.1.3.0	44
2024/11/21 19:37:03 logger.go:63: 1732217823220593846 Lookup    /usr/lib/x86_64-linux-gnu/libnuma.so.1
2024/11/21 19:37:03 logger.go:63: 1732217823220637730 Lookup    /usr/lib/x86_64-linux-gnu/libnuma.so.1.0.0
2024/11/21 19:37:03 logger.go:63: 1732217823220701692 Open      /usr/lib/x86_64-linux-gnu/libnuma.so.1.0.0	45
2024/11/21 19:37:03 logger.go:63: 1732217823220916021 Close     /usr/lib/x86_64-linux-gnu/libnuma.so.1.0.0	45
2024/11/21 19:37:03 logger.go:63: 1732217823430620748 Lookup    /usr/lib/x86_64-linux-gnu/hwloc
2024/11/21 19:37:03 logger.go:63: 1732217823430906032 Lookup    /usr/lib/x86_64-linux-gnu/hwloc/hwloc_opencl.so
2024/11/21 19:37:03 logger.go:63: 1732217823430941159 Lookup    /usr/lib/x86_64-linux-gnu/hwloc/hwloc_xml_libxml.so
2024/11/21 19:37:03 logger.go:63: 1732217823430955396 Lookup    /usr/lib/x86_64-linux-gnu/hwloc/hwloc_gl.so
2024/11/21 19:37:03 logger.go:63: 1732217823430967980 Lookup    /usr/lib/x86_64-linux-gnu/hwloc/hwloc_pci.so
2024/11/21 19:37:03 logger.go:63: 1732217823431150960 Open      /usr/lib/x86_64-linux-gnu/hwloc/hwloc_opencl.so	49
2024/11/21 19:37:03 logger.go:63: 1732217823431397270 Close     /usr/lib/x86_64-linux-gnu/hwloc/hwloc_opencl.so	49
2024/11/21 19:37:03 logger.go:63: 1732217823431624384 Open      /etc/ld.so.cache	50
2024/11/21 19:37:03 logger.go:63: 1732217823431724144 Close     /etc/ld.so.cache	50
2024/11/21 19:37:03 logger.go:63: 1732217823431881254 Lookup    /usr/lib/x86_64-linux-gnu/libOpenCL.so.1
2024/11/21 19:37:03 logger.go:63: 1732217823431927893 Lookup    /usr/lib/x86_64-linux-gnu/libOpenCL.so.1.0.0
2024/11/21 19:37:03 logger.go:63: 1732217823432008016 Open      /usr/lib/x86_64-linux-gnu/libOpenCL.so.1.0.0	51
2024/11/21 19:37:03 logger.go:63: 1732217823432277991 Close     /usr/lib/x86_64-linux-gnu/libOpenCL.so.1.0.0	51
2024/11/21 19:37:03 logger.go:63: 1732217823432605346 Open      /usr/lib/x86_64-linux-gnu/hwloc/hwloc_xml_libxml.so	52
2024/11/21 19:37:03 logger.go:63: 1732217823432864311 Close     /usr/lib/x86_64-linux-gnu/hwloc/hwloc_xml_libxml.so	52
2024/11/21 19:37:03 logger.go:63: 1732217823433066777 Open      /etc/ld.so.cache	53
2024/11/21 19:37:03 logger.go:63: 1732217823433167299 Close     /etc/ld.so.cache	53
2024/11/21 19:37:03 logger.go:63: 1732217823433307326 Lookup    /usr/lib/x86_64-linux-gnu/libxml2.so.2
2024/11/21 19:37:03 logger.go:63: 1732217823433350338 Lookup    /usr/lib/x86_64-linux-gnu/libxml2.so.2.9.13
2024/11/21 19:37:03 logger.go:63: 1732217823433431473 Open      /usr/lib/x86_64-linux-gnu/libxml2.so.2.9.13	54
2024/11/21 19:37:03 logger.go:63: 1732217823433772785 Close     /usr/lib/x86_64-linux-gnu/libxml2.so.2.9.13	54
2024/11/21 19:37:03 logger.go:63: 1732217823434243494 Lookup    /usr/lib/x86_64-linux-gnu/libicuuc.so.70
2024/11/21 19:37:03 logger.go:63: 1732217823434298829 Lookup    /usr/lib/x86_64-linux-gnu/libicuuc.so.70.1
2024/11/21 19:37:03 logger.go:63: 1732217823434399381 Open      /usr/lib/x86_64-linux-gnu/libicuuc.so.70.1	55
2024/11/21 19:37:03 logger.go:63: 1732217823434869398 Close     /usr/lib/x86_64-linux-gnu/libicuuc.so.70.1	55
2024/11/21 19:37:03 logger.go:63: 1732217823435239365 Lookup    /usr/lib/x86_64-linux-gnu/libz.so.1
2024/11/21 19:37:03 logger.go:63: 1732217823435285062 Lookup    /usr/lib/x86_64-linux-gnu/libz.so.1.2.11
2024/11/21 19:37:03 logger.go:63: 1732217823435367209 Open      /usr/lib/x86_64-linux-gnu/libz.so.1.2.11	56
2024/11/21 19:37:03 logger.go:63: 1732217823435693562 Close     /usr/lib/x86_64-linux-gnu/libz.so.1.2.11	56
2024/11/21 19:37:03 logger.go:63: 1732217823435965581 Lookup    /usr/lib/x86_64-linux-gnu/liblzma.so.5
2024/11/21 19:37:03 logger.go:63: 1732217823436027920 Lookup    /usr/lib/x86_64-linux-gnu/liblzma.so.5.2.5
2024/11/21 19:37:03 logger.go:63: 1732217823436129755 Open      /usr/lib/x86_64-linux-gnu/liblzma.so.5.2.5	57
2024/11/21 19:37:03 logger.go:63: 1732217823436432583 Close     /usr/lib/x86_64-linux-gnu/liblzma.so.5.2.5	57
2024/11/21 19:37:03 logger.go:63: 1732217823436750189 Lookup    /usr/lib/x86_64-linux-gnu/libicudata.so.70
2024/11/21 19:37:03 logger.go:63: 1732217823436803922 Lookup    /usr/lib/x86_64-linux-gnu/libicudata.so.70.1
2024/11/21 19:37:03 logger.go:63: 1732217823436889866 Open      /usr/lib/x86_64-linux-gnu/libicudata.so.70.1	58
2024/11/21 19:37:03 logger.go:63: 1732217823437200358 Close     /usr/lib/x86_64-linux-gnu/libicudata.so.70.1	58
2024/11/21 19:37:03 logger.go:63: 1732217823438483738 Open      /usr/lib/x86_64-linux-gnu/hwloc/hwloc_gl.so	59
2024/11/21 19:37:03 logger.go:63: 1732217823438737082 Close     /usr/lib/x86_64-linux-gnu/hwloc/hwloc_gl.so	59
2024/11/21 19:37:03 logger.go:63: 1732217823438985196 Open      /etc/ld.so.cache	60
2024/11/21 19:37:03 logger.go:63: 1732217823439116687 Close     /etc/ld.so.cache	60
2024/11/21 19:37:03 logger.go:63: 1732217823439301019 Lookup    /usr/lib/x86_64-linux-gnu/libXNVCtrl.so.0
2024/11/21 19:37:03 logger.go:63: 1732217823439359600 Lookup    /usr/lib/x86_64-linux-gnu/libXNVCtrl.so.0.0.0
2024/11/21 19:37:03 logger.go:63: 1732217823439470672 Open      /usr/lib/x86_64-linux-gnu/libXNVCtrl.so.0.0.0	61
2024/11/21 19:37:03 logger.go:63: 1732217823439768220 Close     /usr/lib/x86_64-linux-gnu/libXNVCtrl.so.0.0.0	61
2024/11/21 19:37:03 logger.go:63: 1732217823440058415 Lookup    /usr/lib/x86_64-linux-gnu/libX11.so.6
2024/11/21 19:37:03 logger.go:63: 1732217823440111376 Lookup    /usr/lib/x86_64-linux-gnu/libX11.so.6.4.0
2024/11/21 19:37:03 logger.go:63: 1732217823440203562 Open      /usr/lib/x86_64-linux-gnu/libX11.so.6.4.0	62
2024/11/21 19:37:03 logger.go:63: 1732217823440565643 Close     /usr/lib/x86_64-linux-gnu/libX11.so.6.4.0	62
2024/11/21 19:37:03 logger.go:63: 1732217823440942563 Lookup    /usr/lib/x86_64-linux-gnu/libXext.so.6
2024/11/21 19:37:03 logger.go:63: 1732217823441009651 Lookup    /usr/lib/x86_64-linux-gnu/libXext.so.6.4.0
2024/11/21 19:37:03 logger.go:63: 1732217823441097769 Open      /usr/lib/x86_64-linux-gnu/libXext.so.6.4.0	63
2024/11/21 19:37:03 logger.go:63: 1732217823441373876 Close     /usr/lib/x86_64-linux-gnu/libXext.so.6.4.0	63
2024/11/21 19:37:03 logger.go:63: 1732217823441633522 Lookup    /usr/lib/x86_64-linux-gnu/libxcb.so.1
2024/11/21 19:37:03 logger.go:63: 1732217823441687946 Lookup    /usr/lib/x86_64-linux-gnu/libxcb.so.1.1.0
2024/11/21 19:37:03 logger.go:63: 1732217823441777036 Open      /usr/lib/x86_64-linux-gnu/libxcb.so.1.1.0	64
2024/11/21 19:37:03 logger.go:63: 1732217823442068582 Close     /usr/lib/x86_64-linux-gnu/libxcb.so.1.1.0	64
2024/11/21 19:37:03 logger.go:63: 1732217823442402670 Lookup    /usr/lib/x86_64-linux-gnu/libXau.so.6
2024/11/21 19:37:03 logger.go:63: 1732217823442451483 Lookup    /usr/lib/x86_64-linux-gnu/libXau.so.6.0.0
2024/11/21 19:37:03 logger.go:63: 1732217823442531646 Open      /usr/lib/x86_64-linux-gnu/libXau.so.6.0.0	65
2024/11/21 19:37:03 logger.go:63: 1732217823442786212 Close     /usr/lib/x86_64-linux-gnu/libXau.so.6.0.0	65
2024/11/21 19:37:03 logger.go:63: 1732217823443053452 Lookup    /usr/lib/x86_64-linux-gnu/libXdmcp.so.6
2024/11/21 19:37:03 logger.go:63: 1732217823443114349 Lookup    /usr/lib/x86_64-linux-gnu/libXdmcp.so.6.0.0
2024/11/21 19:37:03 logger.go:63: 1732217823443198780 Open      /usr/lib/x86_64-linux-gnu/libXdmcp.so.6.0.0	66
2024/11/21 19:37:03 logger.go:63: 1732217823443472412 Close     /usr/lib/x86_64-linux-gnu/libXdmcp.so.6.0.0	66
2024/11/21 19:37:03 logger.go:63: 1732217823443739632 Lookup    /usr/lib/x86_64-linux-gnu/libbsd.so.0
2024/11/21 19:37:03 logger.go:63: 1732217823443796521 Lookup    /usr/lib/x86_64-linux-gnu/libbsd.so.0.11.5
2024/11/21 19:37:03 logger.go:63: 1732217823443881884 Open      /usr/lib/x86_64-linux-gnu/libbsd.so.0.11.5	67
2024/11/21 19:37:03 logger.go:63: 1732217823444218797 Close     /usr/lib/x86_64-linux-gnu/libbsd.so.0.11.5	67
2024/11/21 19:37:03 logger.go:63: 1732217823444514431 Lookup    /usr/lib/x86_64-linux-gnu/libmd.so.0
2024/11/21 19:37:03 logger.go:63: 1732217823444573504 Lookup    /usr/lib/x86_64-linux-gnu/libmd.so.0.0.5
2024/11/21 19:37:03 logger.go:63: 1732217823444656733 Open      /usr/lib/x86_64-linux-gnu/libmd.so.0.0.5	68
2024/11/21 19:37:03 logger.go:63: 1732217823444925145 Close     /usr/lib/x86_64-linux-gnu/libmd.so.0.0.5	68
2024/11/21 19:37:03 logger.go:63: 1732217823445736555 Open      /usr/lib/x86_64-linux-gnu/hwloc/hwloc_pci.so	69
2024/11/21 19:37:03 logger.go:63: 1732217823446375444 Close     /usr/lib/x86_64-linux-gnu/hwloc/hwloc_pci.so	69
2024/11/21 19:37:03 logger.go:63: 1732217823446660318 Open      /etc/ld.so.cache	70
2024/11/21 19:37:03 logger.go:63: 1732217823446778444 Close     /etc/ld.so.cache	70
2024/11/21 19:37:03 logger.go:63: 1732217823446958317 Lookup    /usr/lib/x86_64-linux-gnu/libpciaccess.so.0
2024/11/21 19:37:03 logger.go:63: 1732217823447031196 Lookup    /usr/lib/x86_64-linux-gnu/libpciaccess.so.0.11.1
2024/11/21 19:37:03 logger.go:63: 1732217823447127991 Open      /usr/lib/x86_64-linux-gnu/libpciaccess.so.0.11.1	71
2024/11/21 19:37:03 logger.go:63: 1732217823447420750 Close     /usr/lib/x86_64-linux-gnu/libpciaccess.so.0.11.1	71
2024/11/21 19:37:03 logger.go:63: 1732217823765803307 Lookup    /run      
2024/11/21 19:37:03 logger.go:63: 1732217823771457160 Lookup    /var      
2024/11/21 19:37:03 logger.go:63: 1732217823771496115 Lookup    /var/run  
2024/11/21 19:37:03 logger.go:63: 1732217823772758124 Lookup    /etc/gai.conf
2024/11/21 19:37:03 logger.go:63: 1732217823772802088 Open      /etc/gai.conf	48
2024/11/21 19:37:03 logger.go:63: 1732217823772947255 Close     /etc/gai.conf	48
2024/11/21 19:37:03 logger.go:63: 1732217823781543586 Lookup    /usr/share
2024/11/21 19:37:03 logger.go:63: 1732217823781609562 Lookup    /usr/share/misc
2024/11/21 19:37:03 logger.go:63: 1732217823798072049 Open      /etc/ld.so.cache	72
2024/11/21 19:37:03 logger.go:63: 1732217823798168954 Close     /etc/ld.so.cache	72
2024/11/21 19:37:03 logger.go:63: 1732217823807056341 Open      /etc/ld.so.cache	73
2024/11/21 19:37:03 logger.go:63: 1732217823807166070 Close     /etc/ld.so.cache	73
2024/11/21 19:37:03 logger.go:63: 1732217823807891856 Open      /etc/ld.so.cache	74
2024/11/21 19:37:03 logger.go:63: 1732217823807979193 Close     /etc/ld.so.cache	74
2024/11/21 19:37:03 logger.go:63: 1732217823808705279 Open      /etc/ld.so.cache	75
2024/11/21 19:37:03 logger.go:63: 1732217823808795711 Close     /etc/ld.so.cache	75
2024/11/21 19:37:03 logger.go:63: 1732217823809520124 Open      /etc/ld.so.cache	76
2024/11/21 19:37:03 logger.go:63: 1732217823809615256 Close     /etc/ld.so.cache	76
2024/11/21 19:37:03 logger.go:63: 1732217823810316394 Open      /etc/ld.so.cache	77
2024/11/21 19:37:03 logger.go:63: 1732217823810409061 Close     /etc/ld.so.cache	77
2024/11/21 19:37:03 logger.go:63: 1732217823811119307 Open      /etc/ld.so.cache	78
2024/11/21 19:37:03 logger.go:63: 1732217823811208277 Close     /etc/ld.so.cache	78
2024/11/21 19:37:03 logger.go:63: 1732217823811901060 Open      /etc/ld.so.cache	79
2024/11/21 19:37:03 logger.go:63: 1732217823811997604 Close     /etc/ld.so.cache	79
2024/11/21 19:37:03 logger.go:63: 1732217823812725954 Open      /etc/ld.so.cache	80
2024/11/21 19:37:03 logger.go:63: 1732217823812812630 Close     /etc/ld.so.cache	80
2024/11/21 19:37:03 logger.go:63: 1732217823813546060 Open      /etc/ld.so.cache	81
2024/11/21 19:37:03 logger.go:63: 1732217823813637044 Close     /etc/ld.so.cache	81
2024/11/21 19:37:03 logger.go:63: 1732217823814362679 Open      /etc/ld.so.cache	82
2024/11/21 19:37:03 logger.go:63: 1732217823814464804 Close     /etc/ld.so.cache	82
2024/11/21 19:37:03 logger.go:63: 1732217823815217681 Open      /etc/ld.so.cache	83
2024/11/21 19:37:03 logger.go:63: 1732217823815309657 Close     /etc/ld.so.cache	83
2024/11/21 19:37:03 logger.go:63: 1732217823816015123 Open      /etc/ld.so.cache	84
2024/11/21 19:37:03 logger.go:63: 1732217823816113632 Close     /etc/ld.so.cache	84
2024/11/21 19:37:03 logger.go:63: 1732217823816797126 Open      /etc/ld.so.cache	85
2024/11/21 19:37:03 logger.go:63: 1732217823816890505 Close     /etc/ld.so.cache	85
2024/11/21 19:37:03 logger.go:63: 1732217823817635717 Open      /etc/ld.so.cache	86
2024/11/21 19:37:03 logger.go:63: 1732217823817732923 Close     /etc/ld.so.cache	86
2024/11/21 19:37:03 logger.go:63: 1732217823818456133 Open      /etc/ld.so.cache	87
2024/11/21 19:37:03 logger.go:63: 1732217823818555142 Close     /etc/ld.so.cache	87
2024/11/21 19:37:03 logger.go:63: 1732217823819295346 Open      /etc/ld.so.cache	88
2024/11/21 19:37:03 logger.go:63: 1732217823819397992 Close     /etc/ld.so.cache	88
2024/11/21 19:37:03 logger.go:63: 1732217823830359327 Lookup    /opt/lammps/examples/reaxff/HNS/in.reaxc.hns
2024/11/21 19:37:03 logger.go:63: 1732217823830420624 Open      /opt/lammps/examples/reaxff/HNS/in.reaxc.hns	89
2024/11/21 19:37:03 logger.go:63: 1732217823831583384 Lookup    /opt/lammps/examples/reaxff/HNS/data.hns-equil
2024/11/21 19:37:03 logger.go:63: 1732217823831636265 Open      /opt/lammps/examples/reaxff/HNS/data.hns-equil	90
2024/11/21 19:37:03 logger.go:63: 1732217823831675971 Close     /opt/lammps/examples/reaxff/HNS/data.hns-equil	90
2024/11/21 19:37:03 logger.go:63: 1732217823831787363 Open      /opt/lammps/examples/reaxff/HNS/data.hns-equil	91
2024/11/21 19:37:03 logger.go:63: 1732217823834105098 Close     /opt/lammps/examples/reaxff/HNS/data.hns-equil	91
2024/11/21 19:37:03 logger.go:63: 1732217823836362447 Lookup    /opt/lammps/examples/reaxff/HNS/ffield.reax.hns
2024/11/21 19:37:03 logger.go:63: 1732217823836408676 Open      /opt/lammps/examples/reaxff/HNS/ffield.reax.hns	92
2024/11/21 19:37:03 logger.go:63: 1732217823836452089 Close     /opt/lammps/examples/reaxff/HNS/ffield.reax.hns	92
2024/11/21 19:37:03 logger.go:63: 1732217823836529937 Open      /opt/lammps/examples/reaxff/HNS/ffield.reax.hns	93
2024/11/21 19:37:03 logger.go:63: 1732217823836641530 Close     /opt/lammps/examples/reaxff/HNS/ffield.reax.hns	93
2024/11/21 19:37:03 logger.go:63: 1732217823836717475 Open      /opt/lammps/examples/reaxff/HNS/ffield.reax.hns	94
2024/11/21 19:37:03 logger.go:63: 1732217823836834479 Close     /opt/lammps/examples/reaxff/HNS/ffield.reax.hns	94
2024/11/21 19:37:03 logger.go:63: 1732217823836916615 Open      /opt/lammps/examples/reaxff/HNS/ffield.reax.hns	95
2024/11/21 19:37:03 logger.go:63: 1732217823840084423 Close     /opt/lammps/examples/reaxff/HNS/ffield.reax.hns	95
2024/11/21 19:38:44 logger.go:63: 1732217924844564320 Close     /opt/lammps/examples/reaxff/HNS/in.reaxc.hns	89
2024/11/21 19:38:44 logger.go:63: 1732217924860037698 Complete  /tmp/out/lammps-recording.out