2024/11/21 22:24:19 logger.go:63: 1732227859275607885 Lookup    /etc      
2024/11/21 22:24:19 logger.go:63: 1732227859275758502 Lookup    /etc/host.conf
2024/11/21 22:24:19 logger.go:63: 1732227859275789180 Lookup    /etc/hosts
2024/11/21 22:24:19 logger.go:63: 1732227859275827012 Lookup    /etc/nsswitch.conf
2024/11/21 22:24:19 logger.go:63: 1732227859275858532 Lookup    /etc/resolv.conf
2024/11/21 22:24:19 logger.go:63: 1732227859275894851 Lookup    /dev      
2024/11/21 22:24:19 logger.go:63: 1732227859275917074 Lookup    /sys      
2024/11/21 22:24:19 logger.go:63: 1732227859275940118 Lookup    /proc     
2024/11/21 22:24:19 logger.go:63: 1732227859275962731 Lookup    /tmp      
2024/11/21 22:24:19 logger.go:63: 1732227859275985945 Lookup    /root     
2024/11/21 22:24:19 logger.go:63: 1732227859276043715 Lookup    /opt      
2024/11/21 22:24:19 logger.go:63: 1732227859276068402 Lookup    /opt/lammps
2024/11/21 22:24:19 logger.go:63: 1732227859276094622 Lookup    /opt/lammps/examples
2024/11/21 22:24:19 logger.go:63: 1732227859276121343 Lookup    /opt/lammps/examples/reax
2024/11/21 22:24:19 logger.go:63: 1732227859276148124 Lookup    /opt/lammps/examples/reax/HNS
2024/11/21 22:24:19 logger.go:63: 1732227859276177209 Lookup    /usr      
2024/11/21 22:24:19 logger.go:63: 1732227859276199011 Lookup    /usr/bin  
2024/11/21 22:24:19 logger.go:63: 1732227859276220953 Lookup    /usr/bin/lmp
2024/11/21 22:24:19 logger.go:63: 1732227859276486168 Open      /usr/bin/lmp	7
2024/11/21 22:24:19 logger.go:63: 1732227859276568635 Close     /usr/bin/lmp	7
2024/11/21 22:24:19 logger.go:63: 1732227859276601157 Open      /usr/bin/lmp	18
2024/11/21 22:24:19 logger.go:63: 1732227859276653236 Lookup    /lib64    
2024/11/21 22:24:19 logger.go:63: 1732227859276707549 Lookup    /usr/lib64
2024/11/21 22:24:19 logger.go:63: 1732227859276776731 Lookup    /usr/lib64/ld-linux-x86-64.so.2
2024/11/21 22:24:19 logger.go:63: 1732227859276846053 Lookup    /lib      
2024/11/21 22:24:19 logger.go:63: 1732227859276876120 Lookup    /usr/lib  
2024/11/21 22:24:19 logger.go:63: 1732227859276942447 Lookup    /usr/lib/x86_64-linux-gnu
2024/11/21 22:24:19 logger.go:63: 1732227859276966603 Lookup    /usr/lib/x86_64-linux-gnu/ld-linux-x86-64.so.2
2024/11/21 22:24:19 logger.go:63: 1732227859277037618 Close     /usr/bin/lmp	18
2024/11/21 22:24:19 logger.go:63: 1732227859277062716 Open      /usr/lib/x86_64-linux-gnu/ld-linux-x86-64.so.2	20
2024/11/21 22:24:19 logger.go:63: 1732227859277101860 Close     /usr/lib/x86_64-linux-gnu/ld-linux-x86-64.so.2	20
2024/11/21 22:24:19 logger.go:63: 1732227859277660584 Open      /usr/bin/lmp	21
2024/11/21 22:24:19 logger.go:63: 1732227859277904098 Close     /usr/bin/lmp	21
2024/11/21 22:24:19 logger.go:63: 1732227859278133184 Open      /usr/lib/x86_64-linux-gnu/ld-linux-x86-64.so.2	22
2024/11/21 22:24:19 logger.go:63: 1732227859278326452 Close     /usr/lib/x86_64-linux-gnu/ld-linux-x86-64.so.2	22
2024/11/21 22:24:19 logger.go:63: 1732227859278820874 Lookup    /opt/software
2024/11/21 22:24:19 logger.go:63: 1732227859278855951 Lookup    /opt/software/linux-rocky9-x86_64
2024/11/21 22:24:19 logger.go:63: 1732227859278884185 Lookup    /opt/software/linux-rocky9-x86_64/gcc-11.4.1
2024/11/21 22:24:19 logger.go:63: 1732227859278913781 Lookup    /opt/software/linux-rocky9-x86_64/gcc-11.4.1/flux-core-0.61.2-va52p5ph7ylanopgk7ranjgtjgc2wb5y
2024/11/21 22:24:19 logger.go:63: 1732227859278954088 Lookup    /opt/software/linux-rocky9-x86_64/gcc-11.4.1/flux-core-0.61.2-va52p5ph7ylanopgk7ranjgtjgc2wb5y/lib
2024/11/21 22:24:19 logger.go:63: 1732227859278981290 Lookup    /opt/software/linux-rocky9-x86_64/gcc-11.4.1/flux-core-0.61.2-va52p5ph7ylanopgk7ranjgtjgc2wb5y/lib/flux
2024/11/21 22:24:19 logger.go:63: 1732227859281374087 Lookup    /etc/ld.so.cache
2024/11/21 22:24:19 logger.go:63: 1732227859281415175 Open      /etc/ld.so.cache	23
2024/11/21 22:24:19 logger.go:63: 1732227859281499786 Close     /etc/ld.so.cache	23
2024/11/21 22:24:19 logger.go:63: 1732227859281638059 Lookup    /usr/lib/x86_64-linux-gnu/libmpich.so.12
2024/11/21 22:24:19 logger.go:63: 1732227859281680640 Lookup    /usr/lib/x86_64-linux-gnu/libmpich.so.12.2.0
2024/11/21 22:24:19 logger.go:63: 1732227859281756304 Open      /usr/lib/x86_64-linux-gnu/libmpich.so.12.2.0	24
2024/11/21 22:24:19 logger.go:63: 1732227859282050495 Close     /usr/lib/x86_64-linux-gnu/libmpich.so.12.2.0	24
2024/11/21 22:24:19 logger.go:63: 1732227859282352269 Lookup    /usr/lib/x86_64-linux-gnu/libstdc++.so.6
2024/11/21 22:24:19 logger.go:63: 1732227859282386925 Lookup    /usr/lib/x86_64-linux-gnu/libstdc++.so.6.0.30
2024/11/21 22:24:19 logger.go:63: 1732227859282462459 Open      /usr/lib/x86_64-linux-gnu/libstdc++.so.6.0.30	25
2024/11/21 22:24:19 logger.go:63: 1732227859282770286 Close     /usr/lib/x86_64-linux-gnu/libstdc++.so.6.0.30	25
2024/11/21 22:24:19 logger.go:63: 1732227859283080436 Lookup    /usr/lib/x86_64-linux-gnu/libm.so.6
2024/11/21 22:24:19 logger.go:63: 1732227859283121204 Open      /usr/lib/x86_64-linux-gnu/libm.so.6	26
2024/11/21 22:24:19 logger.go:63: 1732227859283366932 Close     /usr/lib/x86_64-linux-gnu/libm.so.6	26
2024/11/21 22:24:19 logger.go:63: 1732227859283666913 Lookup    /usr/lib/x86_64-linux-gnu/libgcc_s.so.1
2024/11/21 22:24:19 logger.go:63: 1732227859283709945 Open      /usr/lib/x86_64-linux-gnu/libgcc_s.so.1	27
2024/11/21 22:24:19 logger.go:63: 1732227859283955202 Close     /usr/lib/x86_64-linux-gnu/libgcc_s.so.1	27
2024/11/21 22:24:19 logger.go:63: 1732227859284184870 Lookup    /usr/lib/x86_64-linux-gnu/libc.so.6
2024/11/21 22:24:19 logger.go:63: 1732227859284224776 Open      /usr/lib/x86_64-linux-gnu/libc.so.6	28
2024/11/21 22:24:19 logger.go:63: 1732227859284612745 Close     /usr/lib/x86_64-linux-gnu/libc.so.6	28
2024/11/21 22:24:19 logger.go:63: 1732227859284922284 Lookup    /usr/lib/x86_64-linux-gnu/libhwloc.so.15
2024/11/21 22:24:19 logger.go:63: 1732227859284963553 Lookup    /usr/lib/x86_64-linux-gnu/libhwloc.so.15.5.2
2024/11/21 22:24:19 logger.go:63: 1732227859285071719 Open      /usr/lib/x86_64-linux-gnu/libhwloc.so.15.5.2	29
2024/11/21 22:24:19 logger.go:63: 1732227859285354948 Close     /usr/lib/x86_64-linux-gnu/libhwloc.so.15.5.2	29
2024/11/21 22:24:19 logger.go:63: 1732227859285636795 Lookup    /usr/lib/x86_64-linux-gnu/libfabric.so.1
2024/11/21 22:24:19 logger.go:63: 1732227859285687221 Lookup    /usr/lib/x86_64-linux-gnu/libfabric.so.1.14.0
2024/11/21 22:24:19 logger.go:63: 1732227859285762905 Open      /usr/lib/x86_64-linux-gnu/libfabric.so.1.14.0	30
2024/11/21 22:24:19 logger.go:63: 1732227859286074128 Close     /usr/lib/x86_64-linux-gnu/libfabric.so.1.14.0	30
2024/11/21 22:24:19 logger.go:63: 1732227859286309376 Lookup    /usr/lib/x86_64-linux-gnu/libudev.so.1
2024/11/21 22:24:19 logger.go:63: 1732227859286343160 Lookup    /usr/lib/x86_64-linux-gnu/libudev.so.1.7.2
2024/11/21 22:24:19 logger.go:63: 1732227859286421800 Open      /usr/lib/x86_64-linux-gnu/libudev.so.1.7.2	31
2024/11/21 22:24:19 logger.go:63: 1732227859286683809 Close     /usr/lib/x86_64-linux-gnu/libudev.so.1.7.2	31
2024/11/21 22:24:19 logger.go:63: 1732227859286919939 Lookup    /usr/lib/x86_64-linux-gnu/librdmacm.so.1
2024/11/21 22:24:19 logger.go:63: 1732227859286959805 Lookup    /usr/lib/x86_64-linux-gnu/librdmacm.so.1.3.39.0
2024/11/21 22:24:19 logger.go:63: 1732227859287034146 Open      /usr/lib/x86_64-linux-gnu/librdmacm.so.1.3.39.0	32
2024/11/21 22:24:19 logger.go:63: 1732227859287373703 Close     /usr/lib/x86_64-linux-gnu/librdmacm.so.1.3.39.0	32
2024/11/21 22:24:19 logger.go:63: 1732227859287625603 Lookup    /usr/lib/x86_64-linux-gnu/libefa.so.1
2024/11/21 22:24:19 logger.go:63: 1732227859287671229 Lookup    /usr/lib/x86_64-linux-gnu/libefa.so.1.1.39.0
2024/11/21 22:24:19 logger.go:63: 1732227859287758596 Open      /usr/lib/x86_64-linux-gnu/libefa.so.1.1.39.0	33
2024/11/21 22:24:19 logger.go:63: 1732227859288119213 Close     /usr/lib/x86_64-linux-gnu/libefa.so.1.1.39.0	33
2024/11/21 22:24:19 logger.go:63: 1732227859288358749 Lookup    /usr/lib/x86_64-linux-gnu/libibverbs.so.1
2024/11/21 22:24:19 logger.go:63: 1732227859288400739 Lookup    /usr/lib/x86_64-linux-gnu/libibverbs.so.1.14.39.0
2024/11/21 22:24:19 logger.go:63: 1732227859288470782 Open      /usr/lib/x86_64-linux-gnu/libibverbs.so.1.14.39.0	34
2024/11/21 22:24:19 logger.go:63: 1732227859288886514 Close     /usr/lib/x86_64-linux-gnu/libibverbs.so.1.14.39.0	34
2024/11/21 22:24:19 logger.go:63: 1732227859289145597 Lookup    /usr/lib/x86_64-linux-gnu/libpsm_infinipath.so.1
2024/11/21 22:24:19 logger.go:63: 1732227859289247071 Lookup    /etc/alternatives
2024/11/21 22:24:19 logger.go:63: 1732227859289276857 Lookup    /etc/alternatives/libpsm_infinipath.so.1
2024/11/21 22:24:19 logger.go:63: 1732227859289346780 Lookup    /usr/lib/libpsm1
2024/11/21 22:24:19 logger.go:63: 1732227859289370275 Lookup    /usr/lib/libpsm1/libpsm_infinipath.so.1.16
2024/11/21 22:24:19 logger.go:63: 1732227859289414620 Open      /usr/lib/libpsm1/libpsm_infinipath.so.1.16	35
2024/11/21 22:24:19 logger.go:63: 1732227859289760739 Close     /usr/lib/libpsm1/libpsm_infinipath.so.1.16	35
2024/11/21 22:24:19 logger.go:63: 1732227859290097460 Lookup    /usr/lib/x86_64-linux-gnu/libpsm2.so.2
2024/11/21 22:24:19 logger.go:63: 1732227859290143648 Lookup    /usr/lib/x86_64-linux-gnu/libpsm2.so.2.2
2024/11/21 22:24:19 logger.go:63: 1732227859290217749 Open      /usr/lib/x86_64-linux-gnu/libpsm2.so.2.2	36
2024/11/21 22:24:19 logger.go:63: 1732227859290522620 Close     /usr/lib/x86_64-linux-gnu/libpsm2.so.2.2	36
2024/11/21 22:24:19 logger.go:63: 1732227859290751205 Lookup    /usr/lib/x86_64-linux-gnu/libnl-3.so.200
2024/11/21 22:24:19 logger.go:63: 1732227859290789688 Lookup    /usr/lib/x86_64-linux-gnu/libnl-3.so.200.26.0
2024/11/21 22:24:19 logger.go:63: 1732227859290858259 Open      /usr/lib/x86_64-linux-gnu/libnl-3.so.200.26.0	37
2024/11/21 22:24:19 logger.go:63: 1732227859291110459 Close     /usr/lib/x86_64-linux-gnu/libnl-3.so.200.26.0	37
2024/11/21 22:24:19 logger.go:63: 1732227859291390503 Lookup    /usr/lib/x86_64-linux-gnu/libnl-route-3.so.200
2024/11/21 22:24:19 logger.go:63: 1732227859291430860 Lookup    /usr/lib/x86_64-linux-gnu/libnl-route-3.so.200.26.0
2024/11/21 22:24:19 logger.go:63: 1732227859291509920 Open      /usr/lib/x86_64-linux-gnu/libnl-route-3.so.200.26.0	38
2024/11/21 22:24:19 logger.go:63: 1732227859291780946 Close     /usr/lib/x86_64-linux-gnu/libnl-route-3.so.200.26.0	38
2024/11/21 22:24:19 logger.go:63: 1732227859292098571 Lookup    /usr/lib/x86_64-linux-gnu/libinfinipath.so.4
2024/11/21 22:24:19 logger.go:63: 1732227859292142515 Lookup    /usr/lib/x86_64-linux-gnu/libinfinipath.so.4.0
2024/11/21 22:24:19 logger.go:63: 1732227859292212077 Open      /usr/lib/x86_64-linux-gnu/libinfinipath.so.4.0	39
2024/11/21 22:24:19 logger.go:63: 1732227859292469237 Close     /usr/lib/x86_64-linux-gnu/libinfinipath.so.4.0	39
2024/11/21 22:24:19 logger.go:63: 1732227859292710517 Lookup    /usr/lib/x86_64-linux-gnu/librt.so.1
2024/11/21 22:24:19 logger.go:63: 1732227859292753138 Open      /usr/lib/x86_64-linux-gnu/librt.so.1	40
2024/11/21 22:24:19 logger.go:63: 1732227859295365012 Close     /usr/lib/x86_64-linux-gnu/librt.so.1	40
2024/11/21 22:24:19 logger.go:63: 1732227859295608125 Lookup    /usr/lib/x86_64-linux-gnu/libpthread.so.0
2024/11/21 22:24:19 logger.go:63: 1732227859295658271 Open      /usr/lib/x86_64-linux-gnu/libpthread.so.0	41
2024/11/21 22:24:19 logger.go:63: 1732227859296217917 Close     /usr/lib/x86_64-linux-gnu/libpthread.so.0	41
2024/11/21 22:24:19 logger.go:63: 1732227859296693582 Lookup    /usr/lib/x86_64-linux-gnu/libdl.so.2
2024/11/21 22:24:19 logger.go:63: 1732227859296772513 Open      /usr/lib/x86_64-linux-gnu/libdl.so.2	42
2024/11/21 22:24:19 logger.go:63: 1732227859297199917 Close     /usr/lib/x86_64-linux-gnu/libdl.so.2	42
2024/11/21 22:24:19 logger.go:63: 1732227859297423382 Lookup    /usr/lib/x86_64-linux-gnu/libuuid.so.1
2024/11/21 22:24:19 logger.go:63: 1732227859297462607 Lookup    /usr/lib/x86_64-linux-gnu/libuuid.so.1.3.0
2024/11/21 22:24:19 logger.go:63: 1732227859297530416 Open      /usr/lib/x86_64-linux-gnu/libuuid.so.1.3.0	43
2024/11/21 22:24:19 logger.go:63: 1732227859297756978 Close     /usr/lib/x86_64-linux-gnu/libuuid.so.1.3.0	43
2024/11/21 22:24:19 logger.go:63: 1732227859298019047 Lookup    /usr/lib/x86_64-linux-gnu/libnuma.so.1
2024/11/21 22:24:19 logger.go:63: 1732227859298067709 Lookup    /usr/lib/x86_64-linux-gnu/libnuma.so.1.0.0
2024/11/21 22:24:19 logger.go:63: 1732227859298138564 Open      /usr/lib/x86_64-linux-gnu/libnuma.so.1.0.0	44
2024/11/21 22:24:19 logger.go:63: 1732227859298391386 Close     /usr/lib/x86_64-linux-gnu/libnuma.so.1.0.0	44
2024/11/21 22:24:19 logger.go:63: 1732227859508969850 Lookup    /usr/lib/x86_64-linux-gnu/hwloc
2024/11/21 22:24:19 logger.go:63: 1732227859509205719 Lookup    /usr/lib/x86_64-linux-gnu/hwloc/hwloc_opencl.so
2024/11/21 22:24:19 logger.go:63: 1732227859509228432 Lookup    /usr/lib/x86_64-linux-gnu/hwloc/hwloc_xml_libxml.so
2024/11/21 22:24:19 logger.go:63: 1732227859509242359 Lookup    /usr/lib/x86_64-linux-gnu/hwloc/hwloc_gl.so
2024/11/21 22:24:19 logger.go:63: 1732227859509254041 Lookup    /usr/lib/x86_64-linux-gnu/hwloc/hwloc_pci.so
2024/11/21 22:24:19 logger.go:63: 1732227859509422462 Open      /usr/lib/x86_64-linux-gnu/hwloc/hwloc_opencl.so	50
2024/11/21 22:24:19 logger.go:63: 1732227859509678629 Close     /usr/lib/x86_64-linux-gnu/hwloc/hwloc_opencl.so	50
2024/11/21 22:24:19 logger.go:63: 1732227859509901444 Open      /etc/ld.so.cache	51
2024/11/21 22:24:19 logger.go:63: 1732227859510012706 Close     /etc/ld.so.cache	51
2024/11/21 22:24:19 logger.go:63: 1732227859510180094 Lookup    /usr/lib/x86_64-linux-gnu/libOpenCL.so.1
2024/11/21 22:24:19 logger.go:63: 1732227859510225120 Lookup    /usr/lib/x86_64-linux-gnu/libOpenCL.so.1.0.0
2024/11/21 22:24:19 logger.go:63: 1732227859510301055 Open      /usr/lib/x86_64-linux-gnu/libOpenCL.so.1.0.0	52
2024/11/21 22:24:19 logger.go:63: 1732227859510570318 Close     /usr/lib/x86_64-linux-gnu/libOpenCL.so.1.0.0	52
2024/11/21 22:24:19 logger.go:63: 1732227859510887492 Open      /usr/lib/x86_64-linux-gnu/hwloc/hwloc_xml_libxml.so	53
2024/11/21 22:24:19 logger.go:63: 1732227859511150783 Close     /usr/lib/x86_64-linux-gnu/hwloc/hwloc_xml_libxml.so	53
2024/11/21 22:24:19 logger.go:63: 1732227859511344743 Open      /etc/ld.so.cache	54
2024/11/21 22:24:19 logger.go:63: 1732227859511435485 Close     /etc/ld.so.cache	54
2024/11/21 22:24:19 logger.go:63: 1732227859511571875 Lookup    /usr/lib/x86_64-linux-gnu/libxml2.so.2
2024/11/21 22:24:19 logger.go:63: 1732227859511615368 Lookup    /usr/lib/x86_64-linux-gnu/libxml2.so.2.9.13
2024/11/21 22:24:19 logger.go:63: 1732227859511690812 Open      /usr/lib/x86_64-linux-gnu/libxml2.so.2.9.13	55
2024/11/21 22:24:19 logger.go:63: 1732227859512020009 Close     /usr/lib/x86_64-linux-gnu/libxml2.so.2.9.13	55
2024/11/21 22:24:19 logger.go:63: 1732227859512352782 Lookup    /usr/lib/x86_64-linux-gnu/libicuuc.so.70
2024/11/21 22:24:19 logger.go:63: 1732227859512397247 Lookup    /usr/lib/x86_64-linux-gnu/libicuuc.so.70.1
2024/11/21 22:24:19 logger.go:63: 1732227859512472701 Open      /usr/lib/x86_64-linux-gnu/libicuuc.so.70.1	56
2024/11/21 22:24:19 logger.go:63: 1732227859512771861 Close     /usr/lib/x86_64-linux-gnu/libicuuc.so.70.1	56
2024/11/21 22:24:19 logger.go:63: 1732227859513105776 Lookup    /usr/lib/x86_64-linux-gnu/libz.so.1
2024/11/21 22:24:19 logger.go:63: 1732227859513144250 Lookup    /usr/lib/x86_64-linux-gnu/libz.so.1.2.11
2024/11/21 22:24:19 logger.go:63: 1732227859513217870 Open      /usr/lib/x86_64-linux-gnu/libz.so.1.2.11	57
2024/11/21 22:24:19 logger.go:63: 1732227859513510507 Close     /usr/lib/x86_64-linux-gnu/libz.so.1.2.11	57
2024/11/21 22:24:19 logger.go:63: 1732227859513771314 Lookup    /usr/lib/x86_64-linux-gnu/liblzma.so.5
2024/11/21 22:24:19 logger.go:63: 1732227859513806912 Lookup    /usr/lib/x86_64-linux-gnu/liblzma.so.5.2.5
2024/11/21 22:24:19 logger.go:63: 1732227859513879620 Open      /usr/lib/x86_64-linux-gnu/liblzma.so.5.2.5	58
2024/11/21 22:24:19 logger.go:63: 1732227859514185573 Close     /usr/lib/x86_64-linux-gnu/liblzma.so.5.2.5	58
2024/11/21 22:24:19 logger.go:63: 1732227859514476888 Lookup    /usr/lib/x86_64-linux-gnu/libicudata.so.70
2024/11/21 22:24:19 logger.go:63: 1732227859514525761 Lookup    /usr/lib/x86_64-linux-gnu/libicudata.so.70.1
2024/11/21 22:24:19 logger.go:63: 1732227859514613097 Open      /usr/lib/x86_64-linux-gnu/libicudata.so.70.1	59
2024/11/21 22:24:19 logger.go:63: 1732227859514885706 Close     /usr/lib/x86_64-linux-gnu/libicudata.so.70.1	59
2024/11/21 22:24:19 logger.go:63: 1732227859516103425 Open      /usr/lib/x86_64-linux-gnu/hwloc/hwloc_gl.so	60
2024/11/21 22:24:19 logger.go:63: 1732227859516361397 Close     /usr/lib/x86_64-linux-gnu/hwloc/hwloc_gl.so	60
2024/11/21 22:24:19 logger.go:63: 1732227859516585754 Open      /etc/ld.so.cache	61
2024/11/21 22:24:19 logger.go:63: 1732227859516687568 Close     /etc/ld.so.cache	61
2024/11/21 22:24:19 logger.go:63: 1732227859516830340 Lookup    /usr/lib/x86_64-linux-gnu/libXNVCtrl.so.0
2024/11/21 22:24:19 logger.go:63: 1732227859516879033 Lookup    /usr/lib/x86_64-linux-gnu/libXNVCtrl.so.0.0.0
2024/11/21 22:24:19 logger.go:63: 1732227859516966199 Open      /usr/lib/x86_64-linux-gnu/libXNVCtrl.so.0.0.0	62
2024/11/21 22:24:19 logger.go:63: 1732227859517244529 Close     /usr/lib/x86_64-linux-gnu/libXNVCtrl.so.0.0.0	62
2024/11/21 22:24:19 logger.go:63: 1732227859517503041 Lookup    /usr/lib/x86_64-linux-gnu/libX11.so.6
2024/11/21 22:24:19 logger.go:63: 1732227859517544720 Lookup    /usr/lib/x86_64-linux-gnu/libX11.so.6.4.0
2024/11/21 22:24:19 logger.go:63: 1732227859517625695 Open      /usr/lib/x86_64-linux-gnu/libX11.so.6.4.0	63
2024/11/21 22:24:19 logger.go:63: 1732227859517953318 Close     /usr/lib/x86_64-linux-gnu/libX11.so.6.4.0	63
2024/11/21 22:24:19 logger.go:63: 1732227859518279951 Lookup    /usr/lib/x86_64-linux-gnu/libXext.so.6
2024/11/21 22:24:19 logger.go:63: 1732227859518334945 Lookup    /usr/lib/x86_64-linux-gnu/libXext.so.6.4.0
2024/11/21 22:24:19 logger.go:63: 1732227859518412022 Open      /usr/lib/x86_64-linux-gnu/libXext.so.6.4.0	64
2024/11/21 22:24:19 logger.go:63: 1732227859518678530 Close     /usr/lib/x86_64-linux-gnu/libXext.so.6.4.0	64
2024/11/21 22:24:19 logger.go:63: 1732227859518934447 Lookup    /usr/lib/x86_64-linux-gnu/libxcb.so.1
2024/11/21 22:24:19 logger.go:63: 1732227859518977529 Lookup    /usr/lib/x86_64-linux-gnu/libxcb.so.1.1.0
2024/11/21 22:24:19 logger.go:63: 1732227859519071228 Open      /usr/lib/x86_64-linux-gnu/libxcb.so.1.1.0	65
2024/11/21 22:24:19 logger.go:63: 1732227859519339599 Close     /usr/lib/x86_64-linux-gnu/libxcb.so.1.1.0	65
2024/11/21 22:24:19 logger.go:63: 1732227859519643067 Lookup    /usr/lib/x86_64-linux-gnu/libXau.so.6
2024/11/21 22:24:19 logger.go:63: 1732227859519690587 Lookup    /usr/lib/x86_64-linux-gnu/libXau.so.6.0.0
2024/11/21 22:24:19 logger.go:63: 1732227859519764418 Open      /usr/lib/x86_64-linux-gnu/libXau.so.6.0.0	66
2024/11/21 22:24:19 logger.go:63: 1732227859520028160 Close     /usr/lib/x86_64-linux-gnu/libXau.so.6.0.0	66
2024/11/21 22:24:19 logger.go:63: 1732227859520279108 Lookup    /usr/lib/x86_64-linux-gnu/libXdmcp.so.6
2024/11/21 22:24:19 logger.go:63: 1732227859520320617 Lookup    /usr/lib/x86_64-linux-gnu/libXdmcp.so.6.0.0
2024/11/21 22:24:19 logger.go:63: 1732227859520396021 Open      /usr/lib/x86_64-linux-gnu/libXdmcp.so.6.0.0	67
2024/11/21 22:24:19 logger.go:63: 1732227859520641398 Close     /usr/lib/x86_64-linux-gnu/libXdmcp.so.6.0.0	67
2024/11/21 22:24:19 logger.go:63: 1732227859520894079 Lookup    /usr/lib/x86_64-linux-gnu/libbsd.so.0
2024/11/21 22:24:19 logger.go:63: 1732227859520937001 Lookup    /usr/lib/x86_64-linux-gnu/libbsd.so.0.11.5
2024/11/21 22:24:19 logger.go:63: 1732227859521054354 Open      /usr/lib/x86_64-linux-gnu/libbsd.so.0.11.5	68
2024/11/21 22:24:19 logger.go:63: 1732227859521369224 Close     /usr/lib/x86_64-linux-gnu/libbsd.so.0.11.5	68
2024/11/21 22:24:19 logger.go:63: 1732227859521659888 Lookup    /usr/lib/x86_64-linux-gnu/libmd.so.0
2024/11/21 22:24:19 logger.go:63: 1732227859521724911 Lookup    /usr/lib/x86_64-linux-gnu/libmd.so.0.0.5
2024/11/21 22:24:19 logger.go:63: 1732227859521813220 Open      /usr/lib/x86_64-linux-gnu/libmd.so.0.0.5	69
2024/11/21 22:24:19 logger.go:63: 1732227859522107179 Close     /usr/lib/x86_64-linux-gnu/libmd.so.0.0.5	69
2024/11/21 22:24:19 logger.go:63: 1732227859522971997 Open      /usr/lib/x86_64-linux-gnu/hwloc/hwloc_pci.so	70
2024/11/21 22:24:19 logger.go:63: 1732227859523260376 Close     /usr/lib/x86_64-linux-gnu/hwloc/hwloc_pci.so	70
2024/11/21 22:24:19 logger.go:63: 1732227859523476337 Open      /etc/ld.so.cache	71
2024/11/21 22:24:19 logger.go:63: 1732227859523574765 Close     /etc/ld.so.cache	71
2024/11/21 22:24:19 logger.go:63: 1732227859523717576 Lookup    /usr/lib/x86_64-linux-gnu/libpciaccess.so.0
2024/11/21 22:24:19 logger.go:63: 1732227859523782981 Lookup    /usr/lib/x86_64-linux-gnu/libpciaccess.so.0.11.1
2024/11/21 22:24:19 logger.go:63: 1732227859523871149 Open      /usr/lib/x86_64-linux-gnu/libpciaccess.so.0.11.1	72
2024/11/21 22:24:19 logger.go:63: 1732227859524173745 Close     /usr/lib/x86_64-linux-gnu/libpciaccess.so.0.11.1	72
2024/11/21 22:24:19 logger.go:63: 1732227859822668413 Lookup    /run      
2024/11/21 22:24:19 logger.go:63: 1732227859828796895 Lookup    /var      
2024/11/21 22:24:19 logger.go:63: 1732227859828844716 Lookup    /var/run  
2024/11/21 22:24:19 logger.go:63: 1732227859830302182 Lookup    /etc/gai.conf
2024/11/21 22:24:19 logger.go:63: 1732227859830352518 Open      /etc/gai.conf	49
2024/11/21 22:24:19 logger.go:63: 1732227859830511611 Close     /etc/gai.conf	49
2024/11/21 22:24:19 logger.go:63: 1732227859839714698 Lookup    /usr/share
2024/11/21 22:24:19 logger.go:63: 1732227859839784681 Lookup    /usr/share/misc
2024/11/21 22:24:19 logger.go:63: 1732227859857830950 Open      /etc/ld.so.cache	73
2024/11/21 22:24:19 logger.go:63: 1732227859857965857 Close     /etc/ld.so.cache	73
2024/11/21 22:24:19 logger.go:63: 1732227859867316936 Open      /etc/ld.so.cache	74
2024/11/21 22:24:19 logger.go:63: 1732227859867423288 Close     /etc/ld.so.cache	74
2024/11/21 22:24:19 logger.go:63: 1732227859868214375 Open      /etc/ld.so.cache	75
2024/11/21 22:24:19 logger.go:63: 1732227859868326238 Close     /etc/ld.so.cache	75
2024/11/21 22:24:19 logger.go:63: 1732227859869116233 Open      /etc/ld.so.cache	76
2024/11/21 22:24:19 logger.go:63: 1732227859869219359 Close     /etc/ld.so.cache	76
2024/11/21 22:24:19 logger.go:63: 1732227859869974247 Open      /etc/ld.so.cache	77
2024/11/21 22:24:19 logger.go:63: 1732227859870076411 Close     /etc/ld.so.cache	77
2024/11/21 22:24:19 logger.go:63: 1732227859870828173 Open      /etc/ld.so.cache	78
2024/11/21 22:24:19 logger.go:63: 1732227859870923464 Close     /etc/ld.so.cache	78
2024/11/21 22:24:19 logger.go:63: 1732227859871712217 Open      /etc/ld.so.cache	79
2024/11/21 22:24:19 logger.go:63: 1732227859871810965 Close     /etc/ld.so.cache	79
2024/11/21 22:24:19 logger.go:63: 1732227859872666364 Open      /etc/ld.so.cache	80
2024/11/21 22:24:19 logger.go:63: 1732227859872770282 Close     /etc/ld.so.cache	80
2024/11/21 22:24:19 logger.go:63: 1732227859873592317 Open      /etc/ld.so.cache	81
2024/11/21 22:24:19 logger.go:63: 1732227859873694652 Close     /etc/ld.so.cache	81
2024/11/21 22:24:19 logger.go:63: 1732227859874451754 Open      /etc/ld.so.cache	82
2024/11/21 22:24:19 logger.go:63: 1732227859874548689 Close     /etc/ld.so.cache	82
2024/11/21 22:24:19 logger.go:63: 1732227859875298937 Open      /etc/ld.so.cache	83
2024/11/21 22:24:19 logger.go:63: 1732227859875394750 Close     /etc/ld.so.cache	83
2024/11/21 22:24:19 logger.go:63: 1732227859876155679 Open      /etc/ld.so.cache	84
2024/11/21 22:24:19 logger.go:63: 1732227859876257162 Close     /etc/ld.so.cache	84
2024/11/21 22:24:19 logger.go:63: 1732227859876996821 Open      /etc/ld.so.cache	85
2024/11/21 22:24:19 logger.go:63: 1732227859877100038 Close     /etc/ld.so.cache	85
2024/11/21 22:24:19 logger.go:63: 1732227859877844315 Open      /etc/ld.so.cache	86
2024/11/21 22:24:19 logger.go:63: 1732227859877936250 Close     /etc/ld.so.cache	86
2024/11/21 22:24:19 logger.go:63: 1732227859878685387 Open      /etc/ld.so.cache	87
2024/11/21 22:24:19 logger.go:63: 1732227859878783023 Close     /etc/ld.so.cache	87
2024/11/21 22:24:19 logger.go:63: 1732227859879579239 Open      /etc/ld.so.cache	88
2024/11/21 22:24:19 logger.go:63: 1732227859879673529 Close     /etc/ld.so.cache	88
2024/11/21 22:24:19 logger.go:63: 1732227859880422145 Open      /etc/ld.so.cache	89
2024/11/21 22:24:19 logger.go:63: 1732227859880521263 Close     /etc/ld.so.cache	89
2024/11/21 22:24:19 logger.go:63: 1732227859892812983 Lookup    /opt/lammps/examples/reax/HNS/in.reaxc.hns
2024/11/21 22:24:19 logger.go:63: 1732227859892894358 Open      /opt/lammps/examples/reax/HNS/in.reaxc.hns	90
2024/11/21 22:24:19 logger.go:63: 1732227859894206286 Lookup    /opt/lammps/examples/reax/HNS/data.hns-equil
2024/11/21 22:24:19 logger.go:63: 1732227859894269487 Open      /opt/lammps/examples/reax/HNS/data.hns-equil	91
2024/11/21 22:24:19 logger.go:63: 1732227859895689251 Close     /opt/lammps/examples/reax/HNS/data.hns-equil	91
2024/11/21 22:24:19 logger.go:63: 1732227859908333351 Close     /opt/lammps/examples/reax/HNS/in.reaxc.hns	90
2024/11/21 22:24:19 logger.go:63: 1732227859908800010 Complete  /tmp/out/lammps-recording.out
2024/11/21 22:24:19 logger.go:63: 1732227859909035689 Lookup    /sbin     
2024/11/21 22:24:19 logger.go:63: 1732227859909052831 Lookup    /root     
2024/11/21 22:24:19 logger.go:63: 1732227859909081386 Lookup    /srv      
2024/11/21 22:24:19 logger.go:63: 1732227859909108227 Lookup    /media    
2024/11/21 22:24:19 logger.go:63: 1732227859909126181 Lookup    /libx32   
2024/11/21 22:24:19 logger.go:63: 1732227859909133836 Lookup    /lib64    
2024/11/21 22:24:19 logger.go:63: 1732227859909139907 Lookup    /etc      
2024/11/21 22:24:19 logger.go:63: 1732227859909147371 Lookup    /proc     
2024/11/21 22:24:19 logger.go:63: 1732227859909152421 Lookup    /usr      
2024/11/21 22:24:19 logger.go:63: 1732227859909169233 Lookup    /lib32    
2024/11/21 22:24:19 logger.go:63: 1732227859909192427 Lookup    /boot     
2024/11/21 22:24:19 logger.go:63: 1732227859909201104 Lookup    /var      
2024/11/21 22:24:19 logger.go:63: 1732227859909206474 Lookup    /tmp      
2024/11/21 22:24:19 logger.go:63: 1732227859909211293 Lookup    /mnt      
2024/11/21 22:24:19 logger.go:63: 1732227859909217415 Lookup    /dev      
2024/11/21 22:24:19 logger.go:63: 1732227859909222825 Lookup    /opt      
2024/11/21 22:24:19 logger.go:63: 1732227859909240569 Lookup    /home     
2024/11/21 22:24:19 logger.go:63: 1732227859909246119 Lookup    /lib      
2024/11/21 22:24:19 logger.go:63: 1732227859909252822 Lookup    /sys      
2024/11/21 22:24:19 logger.go:63: 1732227859909258563 Lookup    /bin      
2024/11/21 22:24:19 logger.go:63: 1732227859909264615 Lookup    /run      
2024/11/21 22:24:19 logger.go:63: 1732227859909270235 Lookup    /flux_operator
2024/11/21 22:24:19 logger.go:63: 1732227859909276147 Lookup    /product_name
2024/11/21 22:24:19 logger.go:63: 1732227859909343455 Lookup    /product_uuid