2024/11/19 18:10:15 logger.go:55: 1732039815707512827 Lookup     /etc
2024/11/19 18:10:15 logger.go:55: 1732039815707668592 Lookup     /etc/host.conf
2024/11/19 18:10:15 logger.go:55: 1732039815707720120 Lookup     /etc/hosts
2024/11/19 18:10:15 logger.go:55: 1732039815707796104 Lookup     /etc/nsswitch.conf
2024/11/19 18:10:15 logger.go:55: 1732039815707833996 Lookup     /etc/resolv.conf
2024/11/19 18:10:15 logger.go:55: 1732039815707860606 Lookup     /dev
2024/11/19 18:10:15 logger.go:55: 1732039815707882758 Lookup     /sys
2024/11/19 18:10:15 logger.go:55: 1732039815707917544 Lookup     /proc
2024/11/19 18:10:15 logger.go:55: 1732039815707964072 Lookup     /tmp
2024/11/19 18:10:15 logger.go:55: 1732039815708005601 Lookup     /root
2024/11/19 18:10:15 logger.go:55: 1732039815708076996 Lookup     /opt
2024/11/19 18:10:15 logger.go:55: 1732039815708101182 Lookup     /opt/lammps
2024/11/19 18:10:15 logger.go:55: 1732039815708140617 Lookup     /opt/lammps/examples
2024/11/19 18:10:15 logger.go:55: 1732039815708171646 Lookup     /opt/lammps/examples/reaxff
2024/11/19 18:10:15 logger.go:55: 1732039815708200380 Lookup     /opt/lammps/examples/reaxff/HNS
2024/11/19 18:10:15 logger.go:55: 1732039815708337641 Lookup     /usr
2024/11/19 18:10:15 logger.go:55: 1732039815708366806 Lookup     /usr/local
2024/11/19 18:10:15 logger.go:55: 1732039815708389479 Lookup     /usr/local/sbin
2024/11/19 18:10:15 logger.go:55: 1732039815708477586 Lookup     /usr/local/bin
2024/11/19 18:10:15 logger.go:55: 1732039815708566424 Lookup     /usr/sbin
2024/11/19 18:10:15 logger.go:55: 1732039815708655804 Lookup     /usr/bin
2024/11/19 18:10:15 logger.go:55: 1732039815708688897 Lookup     /usr/bin/lmp
2024/11/19 18:10:15 logger.go:55: 1732039815708983766 Open       /usr/bin/lmp
2024/11/19 18:10:15 logger.go:55: 1732039815709072133 Close      /usr/bin/lmp
2024/11/19 18:10:15 logger.go:55: 1732039815709099816 Open       /usr/bin/lmp
2024/11/19 18:10:15 logger.go:55: 1732039815709176411 Lookup     /lib64
2024/11/19 18:10:15 logger.go:55: 1732039815709217198 Lookup     /usr/lib64
2024/11/19 18:10:15 logger.go:55: 1732039815709283845 Lookup     /usr/lib64/ld-linux-x86-64.so.2
2024/11/19 18:10:15 logger.go:55: 1732039815709349579 Lookup     /lib
2024/11/19 18:10:15 logger.go:55: 1732039815709380207 Lookup     /usr/lib
2024/11/19 18:10:15 logger.go:55: 1732039815709447304 Lookup     /usr/lib/x86_64-linux-gnu
2024/11/19 18:10:15 logger.go:55: 1732039815709471450 Lookup     /usr/lib/x86_64-linux-gnu/ld-linux-x86-64.so.2
2024/11/19 18:10:15 logger.go:55: 1732039815709535031 Close      /usr/bin/lmp
2024/11/19 18:10:15 logger.go:55: 1732039815709554798 Open       /usr/lib/x86_64-linux-gnu/ld-linux-x86-64.so.2
2024/11/19 18:10:15 logger.go:55: 1732039815709601857 Close      /usr/lib/x86_64-linux-gnu/ld-linux-x86-64.so.2
2024/11/19 18:10:15 logger.go:55: 1732039815710184572 Open       /usr/bin/lmp
2024/11/19 18:10:15 logger.go:55: 1732039815710443573 Close      /usr/bin/lmp
2024/11/19 18:10:15 logger.go:55: 1732039815710665284 Open       /usr/lib/x86_64-linux-gnu/ld-linux-x86-64.so.2
2024/11/19 18:10:15 logger.go:55: 1732039815710905599 Close      /usr/lib/x86_64-linux-gnu/ld-linux-x86-64.so.2
2024/11/19 18:10:15 logger.go:55: 1732039815711417460 Lookup     /opt/software
2024/11/19 18:10:15 logger.go:55: 1732039815711454199 Lookup     /opt/software/linux-rocky9-x86_64
2024/11/19 18:10:15 logger.go:55: 1732039815711479026 Lookup     /opt/software/linux-rocky9-x86_64/gcc-11.4.1
2024/11/19 18:10:15 logger.go:55: 1732039815711505467 Lookup     /opt/software/linux-rocky9-x86_64/gcc-11.4.1/flux-core-0.61.2-va52p5ph7ylanopgk7ranjgtjgc2wb5y
2024/11/19 18:10:15 logger.go:55: 1732039815711539331 Lookup     /opt/software/linux-rocky9-x86_64/gcc-11.4.1/flux-core-0.61.2-va52p5ph7ylanopgk7ranjgtjgc2wb5y/lib
2024/11/19 18:10:15 logger.go:55: 1732039815711578345 Lookup     /opt/software/linux-rocky9-x86_64/gcc-11.4.1/flux-core-0.61.2-va52p5ph7ylanopgk7ranjgtjgc2wb5y/lib/flux
2024/11/19 18:10:15 logger.go:55: 1732039815713892843 Lookup     /etc/ld.so.cache
2024/11/19 18:10:15 logger.go:55: 1732039815713930284 Open       /etc/ld.so.cache
2024/11/19 18:10:15 logger.go:55: 1732039815714028831 Close      /etc/ld.so.cache
2024/11/19 18:10:15 logger.go:55: 1732039815714179777 Lookup     /usr/lib/x86_64-linux-gnu/libgomp.so.1
2024/11/19 18:10:15 logger.go:55: 1732039815714226024 Lookup     /usr/lib/x86_64-linux-gnu/libgomp.so.1.0.0
2024/11/19 18:10:15 logger.go:55: 1732039815714296588 Open       /usr/lib/x86_64-linux-gnu/libgomp.so.1.0.0
2024/11/19 18:10:15 logger.go:55: 1732039815714581538 Close      /usr/lib/x86_64-linux-gnu/libgomp.so.1.0.0
2024/11/19 18:10:15 logger.go:55: 1732039815714940449 Lookup     /usr/lib/x86_64-linux-gnu/libmpich.so.12
2024/11/19 18:10:15 logger.go:55: 1732039815714994141 Lookup     /usr/lib/x86_64-linux-gnu/libmpich.so.12.2.0
2024/11/19 18:10:15 logger.go:55: 1732039815715073501 Open       /usr/lib/x86_64-linux-gnu/libmpich.so.12.2.0
2024/11/19 18:10:15 logger.go:55: 1732039815715536198 Close      /usr/lib/x86_64-linux-gnu/libmpich.so.12.2.0
2024/11/19 18:10:15 logger.go:55: 1732039815715908615 Lookup     /usr/lib/x86_64-linux-gnu/libstdc++.so.6
2024/11/19 18:10:15 logger.go:55: 1732039815715946146 Lookup     /usr/lib/x86_64-linux-gnu/libstdc++.so.6.0.30
2024/11/19 18:10:15 logger.go:55: 1732039815716013513 Open       /usr/lib/x86_64-linux-gnu/libstdc++.so.6.0.30
2024/11/19 18:10:15 logger.go:55: 1732039815716436295 Close      /usr/lib/x86_64-linux-gnu/libstdc++.so.6.0.30
2024/11/19 18:10:15 logger.go:55: 1732039815716898952 Lookup     /usr/lib/x86_64-linux-gnu/libm.so.6
2024/11/19 18:10:15 logger.go:55: 1732039815716938858 Open       /usr/lib/x86_64-linux-gnu/libm.so.6
2024/11/19 18:10:15 logger.go:55: 1732039815717244307 Close      /usr/lib/x86_64-linux-gnu/libm.so.6
2024/11/19 18:10:15 logger.go:55: 1732039815717560456 Lookup     /usr/lib/x86_64-linux-gnu/libgcc_s.so.1
2024/11/19 18:10:15 logger.go:55: 1732039815717596244 Open       /usr/lib/x86_64-linux-gnu/libgcc_s.so.1
2024/11/19 18:10:15 logger.go:55: 1732039815717864242 Close      /usr/lib/x86_64-linux-gnu/libgcc_s.so.1
2024/11/19 18:10:15 logger.go:55: 1732039815718115579 Lookup     /usr/lib/x86_64-linux-gnu/libc.so.6
2024/11/19 18:10:15 logger.go:55: 1732039815718171896 Open       /usr/lib/x86_64-linux-gnu/libc.so.6
2024/11/19 18:10:15 logger.go:55: 1732039815718620767 Close      /usr/lib/x86_64-linux-gnu/libc.so.6
2024/11/19 18:10:15 logger.go:55: 1732039815718956663 Lookup     /usr/lib/x86_64-linux-gnu/libhwloc.so.15
2024/11/19 18:10:15 logger.go:55: 1732039815719000977 Lookup     /usr/lib/x86_64-linux-gnu/libhwloc.so.15.5.2
2024/11/19 18:10:15 logger.go:55: 1732039815719071321 Open       /usr/lib/x86_64-linux-gnu/libhwloc.so.15.5.2
2024/11/19 18:10:15 logger.go:55: 1732039815719368023 Close      /usr/lib/x86_64-linux-gnu/libhwloc.so.15.5.2
2024/11/19 18:10:15 logger.go:55: 1732039815719700674 Lookup     /usr/lib/x86_64-linux-gnu/libfabric.so.1
2024/11/19 18:10:15 logger.go:55: 1732039815719746531 Lookup     /usr/lib/x86_64-linux-gnu/libfabric.so.1.14.0
2024/11/19 18:10:15 logger.go:55: 1732039815719834367 Open       /usr/lib/x86_64-linux-gnu/libfabric.so.1.14.0
2024/11/19 18:10:15 logger.go:55: 1732039815720226962 Close      /usr/lib/x86_64-linux-gnu/libfabric.so.1.14.0
2024/11/19 18:10:15 logger.go:55: 1732039815720476986 Lookup     /usr/lib/x86_64-linux-gnu/libudev.so.1
2024/11/19 18:10:15 logger.go:55: 1732039815720519667 Lookup     /usr/lib/x86_64-linux-gnu/libudev.so.1.7.2
2024/11/19 18:10:15 logger.go:55: 1732039815720600450 Open       /usr/lib/x86_64-linux-gnu/libudev.so.1.7.2
2024/11/19 18:10:15 logger.go:55: 1732039815720891612 Close      /usr/lib/x86_64-linux-gnu/libudev.so.1.7.2
2024/11/19 18:10:15 logger.go:55: 1732039815721145052 Lookup     /usr/lib/x86_64-linux-gnu/librdmacm.so.1
2024/11/19 18:10:15 logger.go:55: 1732039815721197341 Lookup     /usr/lib/x86_64-linux-gnu/librdmacm.so.1.3.39.0
2024/11/19 18:10:15 logger.go:55: 1732039815721271402 Open       /usr/lib/x86_64-linux-gnu/librdmacm.so.1.3.39.0
2024/11/19 18:10:15 logger.go:55: 1732039815721574517 Close      /usr/lib/x86_64-linux-gnu/librdmacm.so.1.3.39.0
2024/11/19 18:10:15 logger.go:55: 1732039815721836593 Lookup     /usr/lib/x86_64-linux-gnu/libefa.so.1
2024/11/19 18:10:15 logger.go:55: 1732039815721881699 Lookup     /usr/lib/x86_64-linux-gnu/libefa.so.1.1.39.0
2024/11/19 18:10:15 logger.go:55: 1732039815721956631 Open       /usr/lib/x86_64-linux-gnu/libefa.so.1.1.39.0
2024/11/19 18:10:15 logger.go:55: 1732039815722275616 Close      /usr/lib/x86_64-linux-gnu/libefa.so.1.1.39.0
2024/11/19 18:10:15 logger.go:55: 1732039815722543554 Lookup     /usr/lib/x86_64-linux-gnu/libibverbs.so.1
2024/11/19 18:10:15 logger.go:55: 1732039815722594019 Lookup     /usr/lib/x86_64-linux-gnu/libibverbs.so.1.14.39.0
2024/11/19 18:10:15 logger.go:55: 1732039815722665164 Open       /usr/lib/x86_64-linux-gnu/libibverbs.so.1.14.39.0
2024/11/19 18:10:15 logger.go:55: 1732039815722971505 Close      /usr/lib/x86_64-linux-gnu/libibverbs.so.1.14.39.0
2024/11/19 18:10:15 logger.go:55: 1732039815723244873 Lookup     /usr/lib/x86_64-linux-gnu/libpsm_infinipath.so.1
2024/11/19 18:10:15 logger.go:55: 1732039815723368538 Lookup     /etc/alternatives
2024/11/19 18:10:15 logger.go:55: 1732039815723395138 Lookup     /etc/alternatives/libpsm_infinipath.so.1
2024/11/19 18:10:15 logger.go:55: 1732039815723494958 Lookup     /usr/lib/libpsm1
2024/11/19 18:10:15 logger.go:55: 1732039815723524934 Lookup     /usr/lib/libpsm1/libpsm_infinipath.so.1.16
2024/11/19 18:10:15 logger.go:55: 1732039815723579748 Open       /usr/lib/libpsm1/libpsm_infinipath.so.1.16
2024/11/19 18:10:15 logger.go:55: 1732039815724081369 Close      /usr/lib/libpsm1/libpsm_infinipath.so.1.16
2024/11/19 18:10:15 logger.go:55: 1732039815724755928 Lookup     /usr/lib/x86_64-linux-gnu/libpsm2.so.2
2024/11/19 18:10:15 logger.go:55: 1732039815724836140 Lookup     /usr/lib/x86_64-linux-gnu/libpsm2.so.2.2
2024/11/19 18:10:15 logger.go:55: 1732039815724974703 Open       /usr/lib/x86_64-linux-gnu/libpsm2.so.2.2
2024/11/19 18:10:15 logger.go:55: 1732039815725468479 Close      /usr/lib/x86_64-linux-gnu/libpsm2.so.2.2
2024/11/19 18:10:15 logger.go:55: 1732039815725758740 Lookup     /usr/lib/x86_64-linux-gnu/libnl-3.so.200
2024/11/19 18:10:15 logger.go:55: 1732039815725832800 Lookup     /usr/lib/x86_64-linux-gnu/libnl-3.so.200.26.0
2024/11/19 18:10:15 logger.go:55: 1732039815725915998 Open       /usr/lib/x86_64-linux-gnu/libnl-3.so.200.26.0
2024/11/19 18:10:15 logger.go:55: 1732039815726294916 Close      /usr/lib/x86_64-linux-gnu/libnl-3.so.200.26.0
2024/11/19 18:10:15 logger.go:55: 1732039815726694524 Lookup     /usr/lib/x86_64-linux-gnu/libnl-route-3.so.200
2024/11/19 18:10:15 logger.go:55: 1732039815726751071 Lookup     /usr/lib/x86_64-linux-gnu/libnl-route-3.so.200.26.0
2024/11/19 18:10:15 logger.go:55: 1732039815727903255 Open       /usr/lib/x86_64-linux-gnu/libnl-route-3.so.200.26.0
2024/11/19 18:10:15 logger.go:55: 1732039815728279619 Close      /usr/lib/x86_64-linux-gnu/libnl-route-3.so.200.26.0
2024/11/19 18:10:15 logger.go:55: 1732039815728685709 Lookup     /usr/lib/x86_64-linux-gnu/libinfinipath.so.4
2024/11/19 18:10:15 logger.go:55: 1732039815728732057 Lookup     /usr/lib/x86_64-linux-gnu/libinfinipath.so.4.0
2024/11/19 18:10:15 logger.go:55: 1732039815728807951 Open       /usr/lib/x86_64-linux-gnu/libinfinipath.so.4.0
2024/11/19 18:10:15 logger.go:55: 1732039815729135371 Close      /usr/lib/x86_64-linux-gnu/libinfinipath.so.4.0
2024/11/19 18:10:15 logger.go:55: 1732039815729413428 Lookup     /usr/lib/x86_64-linux-gnu/librt.so.1
2024/11/19 18:10:15 logger.go:55: 1732039815729453264 Open       /usr/lib/x86_64-linux-gnu/librt.so.1
2024/11/19 18:10:15 logger.go:55: 1732039815731148307 Close      /usr/lib/x86_64-linux-gnu/librt.so.1
2024/11/19 18:10:15 logger.go:55: 1732039815731440612 Lookup     /usr/lib/x86_64-linux-gnu/libpthread.so.0
2024/11/19 18:10:15 logger.go:55: 1732039815731479946 Open       /usr/lib/x86_64-linux-gnu/libpthread.so.0
2024/11/19 18:10:15 logger.go:55: 1732039815731882930 Close      /usr/lib/x86_64-linux-gnu/libpthread.so.0
2024/11/19 18:10:15 logger.go:55: 1732039815732184211 Lookup     /usr/lib/x86_64-linux-gnu/libdl.so.2
2024/11/19 18:10:15 logger.go:55: 1732039815732234056 Open       /usr/lib/x86_64-linux-gnu/libdl.so.2
2024/11/19 18:10:15 logger.go:55: 1732039815733516367 Close      /usr/lib/x86_64-linux-gnu/libdl.so.2
2024/11/19 18:10:15 logger.go:55: 1732039815733781680 Lookup     /usr/lib/x86_64-linux-gnu/libuuid.so.1
2024/11/19 18:10:15 logger.go:55: 1732039815733817127 Lookup     /usr/lib/x86_64-linux-gnu/libuuid.so.1.3.0
2024/11/19 18:10:15 logger.go:55: 1732039815733887501 Open       /usr/lib/x86_64-linux-gnu/libuuid.so.1.3.0
2024/11/19 18:10:15 logger.go:55: 1732039815734150028 Close      /usr/lib/x86_64-linux-gnu/libuuid.so.1.3.0
2024/11/19 18:10:15 logger.go:55: 1732039815734405252 Lookup     /usr/lib/x86_64-linux-gnu/libnuma.so.1
2024/11/19 18:10:15 logger.go:55: 1732039815734445358 Lookup     /usr/lib/x86_64-linux-gnu/libnuma.so.1.0.0
2024/11/19 18:10:15 logger.go:55: 1732039815734515862 Open       /usr/lib/x86_64-linux-gnu/libnuma.so.1.0.0
2024/11/19 18:10:15 logger.go:55: 1732039815734805591 Close      /usr/lib/x86_64-linux-gnu/libnuma.so.1.0.0
2024/11/19 18:10:15 logger.go:55: 1732039815955009277 Lookup     /usr/lib/x86_64-linux-gnu/hwloc
2024/11/19 18:10:15 logger.go:55: 1732039815955229855 Lookup     /usr/lib/x86_64-linux-gnu/hwloc/hwloc_opencl.so
2024/11/19 18:10:15 logger.go:55: 1732039815955248410 Lookup     /usr/lib/x86_64-linux-gnu/hwloc/hwloc_xml_libxml.so
2024/11/19 18:10:15 logger.go:55: 1732039815955260403 Lookup     /usr/lib/x86_64-linux-gnu/hwloc/hwloc_gl.so
2024/11/19 18:10:15 logger.go:55: 1732039815955274329 Lookup     /usr/lib/x86_64-linux-gnu/hwloc/hwloc_pci.so
2024/11/19 18:10:15 logger.go:55: 1732039815955435926 Open       /usr/lib/x86_64-linux-gnu/hwloc/hwloc_opencl.so
2024/11/19 18:10:15 logger.go:55: 1732039815955680750 Close      /usr/lib/x86_64-linux-gnu/hwloc/hwloc_opencl.so
2024/11/19 18:10:15 logger.go:55: 1732039815955901218 Open       /etc/ld.so.cache
2024/11/19 18:10:15 logger.go:55: 1732039815956010405 Close      /etc/ld.so.cache
2024/11/19 18:10:15 logger.go:55: 1732039815956171080 Lookup     /usr/lib/x86_64-linux-gnu/libOpenCL.so.1
2024/11/19 18:10:15 logger.go:55: 1732039815956217828 Lookup     /usr/lib/x86_64-linux-gnu/libOpenCL.so.1.0.0
2024/11/19 18:10:15 logger.go:55: 1732039815956289224 Open       /usr/lib/x86_64-linux-gnu/libOpenCL.so.1.0.0
2024/11/19 18:10:15 logger.go:55: 1732039815956574665 Close      /usr/lib/x86_64-linux-gnu/libOpenCL.so.1.0.0
2024/11/19 18:10:15 logger.go:55: 1732039815956881446 Open       /usr/lib/x86_64-linux-gnu/hwloc/hwloc_xml_libxml.so
2024/11/19 18:10:15 logger.go:55: 1732039815957160065 Close      /usr/lib/x86_64-linux-gnu/hwloc/hwloc_xml_libxml.so
2024/11/19 18:10:15 logger.go:55: 1732039815957366877 Open       /etc/ld.so.cache
2024/11/19 18:10:15 logger.go:55: 1732039815957464853 Close      /etc/ld.so.cache
2024/11/19 18:10:15 logger.go:55: 1732039815957615578 Lookup     /usr/lib/x86_64-linux-gnu/libxml2.so.2
2024/11/19 18:10:15 logger.go:55: 1732039815957667437 Lookup     /usr/lib/x86_64-linux-gnu/libxml2.so.2.9.13
2024/11/19 18:10:15 logger.go:55: 1732039815957738441 Open       /usr/lib/x86_64-linux-gnu/libxml2.so.2.9.13
2024/11/19 18:10:15 logger.go:55: 1732039815958120445 Close      /usr/lib/x86_64-linux-gnu/libxml2.so.2.9.13
2024/11/19 18:10:15 logger.go:55: 1732039815958615955 Lookup     /usr/lib/x86_64-linux-gnu/libicuuc.so.70
2024/11/19 18:10:15 logger.go:55: 1732039815958665860 Lookup     /usr/lib/x86_64-linux-gnu/libicuuc.so.70.1
2024/11/19 18:10:15 logger.go:55: 1732039815958748085 Open       /usr/lib/x86_64-linux-gnu/libicuuc.so.70.1
2024/11/19 18:10:15 logger.go:55: 1732039815959190494 Close      /usr/lib/x86_64-linux-gnu/libicuuc.so.70.1
2024/11/19 18:10:15 logger.go:55: 1732039815959611823 Lookup     /usr/lib/x86_64-linux-gnu/libz.so.1
2024/11/19 18:10:15 logger.go:55: 1732039815959651929 Lookup     /usr/lib/x86_64-linux-gnu/libz.so.1.2.11
2024/11/19 18:10:15 logger.go:55: 1732039815959722212 Open       /usr/lib/x86_64-linux-gnu/libz.so.1.2.11
2024/11/19 18:10:15 logger.go:55: 1732039815960249191 Close      /usr/lib/x86_64-linux-gnu/libz.so.1.2.11
2024/11/19 18:10:15 logger.go:55: 1732039815960530605 Lookup     /usr/lib/x86_64-linux-gnu/liblzma.so.5
2024/11/19 18:10:15 logger.go:55: 1732039815960568196 Lookup     /usr/lib/x86_64-linux-gnu/liblzma.so.5.2.5
2024/11/19 18:10:15 logger.go:55: 1732039815960635784 Open       /usr/lib/x86_64-linux-gnu/liblzma.so.5.2.5
2024/11/19 18:10:15 logger.go:55: 1732039815960920444 Close      /usr/lib/x86_64-linux-gnu/liblzma.so.5.2.5
2024/11/19 18:10:15 logger.go:55: 1732039815961209963 Lookup     /usr/lib/x86_64-linux-gnu/libicudata.so.70
2024/11/19 18:10:15 logger.go:55: 1732039815961253205 Lookup     /usr/lib/x86_64-linux-gnu/libicudata.so.70.1
2024/11/19 18:10:15 logger.go:55: 1732039815961326444 Open       /usr/lib/x86_64-linux-gnu/libicudata.so.70.1
2024/11/19 18:10:15 logger.go:55: 1732039815961613718 Close      /usr/lib/x86_64-linux-gnu/libicudata.so.70.1
2024/11/19 18:10:15 logger.go:55: 1732039815962898304 Open       /usr/lib/x86_64-linux-gnu/hwloc/hwloc_gl.so
2024/11/19 18:10:15 logger.go:55: 1732039815963145863 Close      /usr/lib/x86_64-linux-gnu/hwloc/hwloc_gl.so
2024/11/19 18:10:15 logger.go:55: 1732039815963356142 Open       /etc/ld.so.cache
2024/11/19 18:10:15 logger.go:55: 1732039815963453206 Close      /etc/ld.so.cache
2024/11/19 18:10:15 logger.go:55: 1732039815963605705 Lookup     /usr/lib/x86_64-linux-gnu/libXNVCtrl.so.0
2024/11/19 18:10:15 logger.go:55: 1732039815963652183 Lookup     /usr/lib/x86_64-linux-gnu/libXNVCtrl.so.0.0.0
2024/11/19 18:10:15 logger.go:55: 1732039815963727927 Open       /usr/lib/x86_64-linux-gnu/libXNVCtrl.so.0.0.0
2024/11/19 18:10:15 logger.go:55: 1732039815963985264 Close      /usr/lib/x86_64-linux-gnu/libXNVCtrl.so.0.0.0
2024/11/19 18:10:15 logger.go:55: 1732039815964249095 Lookup     /usr/lib/x86_64-linux-gnu/libX11.so.6
2024/11/19 18:10:15 logger.go:55: 1732039815964300502 Lookup     /usr/lib/x86_64-linux-gnu/libX11.so.6.4.0
2024/11/19 18:10:15 logger.go:55: 1732039815964380534 Open       /usr/lib/x86_64-linux-gnu/libX11.so.6.4.0
2024/11/19 18:10:15 logger.go:55: 1732039815964698517 Close      /usr/lib/x86_64-linux-gnu/libX11.so.6.4.0
2024/11/19 18:10:15 logger.go:55: 1732039815965037119 Lookup     /usr/lib/x86_64-linux-gnu/libXext.so.6
2024/11/19 18:10:15 logger.go:55: 1732039815965091001 Lookup     /usr/lib/x86_64-linux-gnu/libXext.so.6.4.0
2024/11/19 18:10:15 logger.go:55: 1732039815965218342 Open       /usr/lib/x86_64-linux-gnu/libXext.so.6.4.0
2024/11/19 18:10:15 logger.go:55: 1732039815965640242 Close      /usr/lib/x86_64-linux-gnu/libXext.so.6.4.0
2024/11/19 18:10:15 logger.go:55: 1732039815965897610 Lookup     /usr/lib/x86_64-linux-gnu/libxcb.so.1
2024/11/19 18:10:15 logger.go:55: 1732039815965939179 Lookup     /usr/lib/x86_64-linux-gnu/libxcb.so.1.1.0
2024/11/19 18:10:15 logger.go:55: 1732039815966015644 Open       /usr/lib/x86_64-linux-gnu/libxcb.so.1.1.0
2024/11/19 18:10:15 logger.go:55: 1732039815966309220 Close      /usr/lib/x86_64-linux-gnu/libxcb.so.1.1.0
2024/11/19 18:10:15 logger.go:55: 1732039815966772890 Lookup     /usr/lib/x86_64-linux-gnu/libXau.so.6
2024/11/19 18:10:15 logger.go:55: 1732039815966823916 Lookup     /usr/lib/x86_64-linux-gnu/libXau.so.6.0.0
2024/11/19 18:10:15 logger.go:55: 1732039815966900552 Open       /usr/lib/x86_64-linux-gnu/libXau.so.6.0.0
2024/11/19 18:10:15 logger.go:55: 1732039815967177727 Close      /usr/lib/x86_64-linux-gnu/libXau.so.6.0.0
2024/11/19 18:10:15 logger.go:55: 1732039815967428723 Lookup     /usr/lib/x86_64-linux-gnu/libXdmcp.so.6
2024/11/19 18:10:15 logger.go:55: 1732039815967485050 Lookup     /usr/lib/x86_64-linux-gnu/libXdmcp.so.6.0.0
2024/11/19 18:10:15 logger.go:55: 1732039815967556866 Open       /usr/lib/x86_64-linux-gnu/libXdmcp.so.6.0.0
2024/11/19 18:10:15 logger.go:55: 1732039815967810146 Close      /usr/lib/x86_64-linux-gnu/libXdmcp.so.6.0.0
2024/11/19 18:10:15 logger.go:55: 1732039815968060631 Lookup     /usr/lib/x86_64-linux-gnu/libbsd.so.0
2024/11/19 18:10:15 logger.go:55: 1732039815968125915 Lookup     /usr/lib/x86_64-linux-gnu/libbsd.so.0.11.5
2024/11/19 18:10:15 logger.go:55: 1732039815968201388 Open       /usr/lib/x86_64-linux-gnu/libbsd.so.0.11.5
2024/11/19 18:10:15 logger.go:55: 1732039815968551552 Close      /usr/lib/x86_64-linux-gnu/libbsd.so.0.11.5
2024/11/19 18:10:15 logger.go:55: 1732039815968809060 Lookup     /usr/lib/x86_64-linux-gnu/libmd.so.0
2024/11/19 18:10:15 logger.go:55: 1732039815968851150 Lookup     /usr/lib/x86_64-linux-gnu/libmd.so.0.0.5
2024/11/19 18:10:15 logger.go:55: 1732039815968927855 Open       /usr/lib/x86_64-linux-gnu/libmd.so.0.0.5
2024/11/19 18:10:15 logger.go:55: 1732039815969207856 Close      /usr/lib/x86_64-linux-gnu/libmd.so.0.0.5
2024/11/19 18:10:15 logger.go:55: 1732039815969881884 Open       /usr/lib/x86_64-linux-gnu/hwloc/hwloc_pci.so
2024/11/19 18:10:15 logger.go:55: 1732039815970139412 Close      /usr/lib/x86_64-linux-gnu/hwloc/hwloc_pci.so
2024/11/19 18:10:15 logger.go:55: 1732039815970340283 Open       /etc/ld.so.cache
2024/11/19 18:10:15 logger.go:55: 1732039815970439601 Close      /etc/ld.so.cache
2024/11/19 18:10:15 logger.go:55: 1732039815970581100 Lookup     /usr/lib/x86_64-linux-gnu/libpciaccess.so.0
2024/11/19 18:10:15 logger.go:55: 1732039815970622849 Lookup     /usr/lib/x86_64-linux-gnu/libpciaccess.so.0.11.1
2024/11/19 18:10:15 logger.go:55: 1732039815970694535 Open       /usr/lib/x86_64-linux-gnu/libpciaccess.so.0.11.1
2024/11/19 18:10:15 logger.go:55: 1732039815970979415 Close      /usr/lib/x86_64-linux-gnu/libpciaccess.so.0.11.1
2024/11/19 18:10:16 logger.go:55: 1732039816251245183 Lookup     /run
2024/11/19 18:10:16 logger.go:55: 1732039816262673961 Lookup     /var
2024/11/19 18:10:16 logger.go:55: 1732039816262737672 Lookup     /var/run
2024/11/19 18:10:16 logger.go:55: 1732039816263867434 Lookup     /etc/gai.conf
2024/11/19 18:10:16 logger.go:55: 1732039816263907640 Open       /etc/gai.conf
2024/11/19 18:10:16 logger.go:55: 1732039816264064066 Close      /etc/gai.conf
2024/11/19 18:10:16 logger.go:55: 1732039816273308433 Lookup     /usr/share
2024/11/19 18:10:16 logger.go:55: 1732039816273390889 Lookup     /usr/share/misc
2024/11/19 18:10:16 logger.go:55: 1732039816292545064 Open       /etc/ld.so.cache
2024/11/19 18:10:16 logger.go:55: 1732039816292683987 Close      /etc/ld.so.cache
2024/11/19 18:10:16 logger.go:55: 1732039816302112112 Open       /etc/ld.so.cache
2024/11/19 18:10:16 logger.go:55: 1732039816302231599 Close      /etc/ld.so.cache
2024/11/19 18:10:16 logger.go:55: 1732039816302982903 Open       /etc/ld.so.cache
2024/11/19 18:10:16 logger.go:55: 1732039816303083915 Close      /etc/ld.so.cache
2024/11/19 18:10:16 logger.go:55: 1732039816303843855 Open       /etc/ld.so.cache
2024/11/19 18:10:16 logger.go:55: 1732039816303943965 Close      /etc/ld.so.cache
2024/11/19 18:10:16 logger.go:55: 1732039816304681954 Open       /etc/ld.so.cache
2024/11/19 18:10:16 logger.go:55: 1732039816304784559 Close      /etc/ld.so.cache
2024/11/19 18:10:16 logger.go:55: 1732039816305547986 Open       /etc/ld.so.cache
2024/11/19 18:10:16 logger.go:55: 1732039816305647585 Close      /etc/ld.so.cache
2024/11/19 18:10:16 logger.go:55: 1732039816306396725 Open       /etc/ld.so.cache
2024/11/19 18:10:16 logger.go:55: 1732039816306502626 Close      /etc/ld.so.cache
2024/11/19 18:10:16 logger.go:55: 1732039816307251346 Open       /etc/ld.so.cache
2024/11/19 18:10:16 logger.go:55: 1732039816307358449 Close      /etc/ld.so.cache
2024/11/19 18:10:16 logger.go:55: 1732039816308155269 Open       /etc/ld.so.cache
2024/11/19 18:10:16 logger.go:55: 1732039816308271750 Close      /etc/ld.so.cache
2024/11/19 18:10:16 logger.go:55: 1732039816309052330 Open       /etc/ld.so.cache
2024/11/19 18:10:16 logger.go:55: 1732039816309167849 Close      /etc/ld.so.cache
2024/11/19 18:10:16 logger.go:55: 1732039816309902482 Open       /etc/ld.so.cache
2024/11/19 18:10:16 logger.go:55: 1732039816310000698 Close      /etc/ld.so.cache
2024/11/19 18:10:16 logger.go:55: 1732039816310741733 Open       /etc/ld.so.cache
2024/11/19 18:10:16 logger.go:55: 1732039816310846893 Close      /etc/ld.so.cache
2024/11/19 18:10:16 logger.go:55: 1732039816311584261 Open       /etc/ld.so.cache
2024/11/19 18:10:16 logger.go:55: 1732039816311684120 Close      /etc/ld.so.cache
2024/11/19 18:10:16 logger.go:55: 1732039816312478095 Open       /etc/ld.so.cache
2024/11/19 18:10:16 logger.go:55: 1732039816312582102 Close      /etc/ld.so.cache
2024/11/19 18:10:16 logger.go:55: 1732039816313355960 Open       /etc/ld.so.cache
2024/11/19 18:10:16 logger.go:55: 1732039816313462241 Close      /etc/ld.so.cache
2024/11/19 18:10:16 logger.go:55: 1732039816314203707 Open       /etc/ld.so.cache
2024/11/19 18:10:16 logger.go:55: 1732039816314304408 Close      /etc/ld.so.cache
2024/11/19 18:10:16 logger.go:55: 1732039816315065240 Open       /etc/ld.so.cache
2024/11/19 18:10:16 logger.go:55: 1732039816315170860 Close      /etc/ld.so.cache
2024/11/19 18:10:16 logger.go:55: 1732039816328401585 Lookup     /opt/lammps/examples/reaxff/HNS/in.reaxc.hns
2024/11/19 18:10:16 logger.go:55: 1732039816328500582 Open       /opt/lammps/examples/reaxff/HNS/in.reaxc.hns
2024/11/19 18:10:16 logger.go:55: 1732039816330009764 Lookup     /opt/lammps/examples/reaxff/HNS/data.hns-equil
2024/11/19 18:10:16 logger.go:55: 1732039816330068585 Open       /opt/lammps/examples/reaxff/HNS/data.hns-equil
2024/11/19 18:10:16 logger.go:55: 1732039816330130553 Close      /opt/lammps/examples/reaxff/HNS/data.hns-equil
2024/11/19 18:10:16 logger.go:55: 1732039816330245470 Open       /opt/lammps/examples/reaxff/HNS/data.hns-equil
2024/11/19 18:10:16 logger.go:55: 1732039816332671851 Close      /opt/lammps/examples/reaxff/HNS/data.hns-equil
2024/11/19 18:10:16 logger.go:55: 1732039816335195395 Lookup     /opt/lammps/examples/reaxff/HNS/ffield.reax.hns
2024/11/19 18:10:16 logger.go:55: 1732039816335253816 Open       /opt/lammps/examples/reaxff/HNS/ffield.reax.hns
2024/11/19 18:10:16 logger.go:55: 1732039816335325933 Close      /opt/lammps/examples/reaxff/HNS/ffield.reax.hns
2024/11/19 18:10:16 logger.go:55: 1732039816335402448 Open       /opt/lammps/examples/reaxff/HNS/ffield.reax.hns
2024/11/19 18:10:16 logger.go:55: 1732039816335537934 Close      /opt/lammps/examples/reaxff/HNS/ffield.reax.hns
2024/11/19 18:10:16 logger.go:55: 1732039816335617145 Open       /opt/lammps/examples/reaxff/HNS/ffield.reax.hns
2024/11/19 18:10:16 logger.go:55: 1732039816335742793 Close      /opt/lammps/examples/reaxff/HNS/ffield.reax.hns
2024/11/19 18:10:16 logger.go:55: 1732039816335820290 Open       /opt/lammps/examples/reaxff/HNS/ffield.reax.hns
2024/11/19 18:10:16 logger.go:55: 1732039816337202009 Close      /opt/lammps/examples/reaxff/HNS/ffield.reax.hns
2024/11/19 18:12:08 logger.go:55: 1732039928673756245 Close      /opt/lammps/examples/reaxff/HNS/in.reaxc.hns
2024/11/19 18:12:08 logger.go:55: 1732039928690025455 Complete   /tmp/out/lammps-recording.out