2024/11/21 20:35:38 logger.go:63: 1732221338586559311 Lookup    /etc      
2024/11/21 20:35:38 logger.go:63: 1732221338586740444 Lookup    /etc/host.conf
2024/11/21 20:35:38 logger.go:63: 1732221338586769590 Lookup    /etc/hosts
2024/11/21 20:35:38 logger.go:63: 1732221338586799546 Lookup    /etc/nsswitch.conf
2024/11/21 20:35:38 logger.go:63: 1732221338586830585 Lookup    /etc/resolv.conf
2024/11/21 20:35:38 logger.go:63: 1732221338586856855 Lookup    /dev      
2024/11/21 20:35:38 logger.go:63: 1732221338586878155 Lookup    /sys      
2024/11/21 20:35:38 logger.go:63: 1732221338586898945 Lookup    /proc     
2024/11/21 20:35:38 logger.go:63: 1732221338586919834 Lookup    /tmp      
2024/11/21 20:35:38 logger.go:63: 1732221338586942377 Lookup    /root     
2024/11/21 20:35:38 logger.go:63: 1732221338586992242 Lookup    /opt      
2024/11/21 20:35:38 logger.go:63: 1732221338587041195 Lookup    /opt/lammps
2024/11/21 20:35:38 logger.go:63: 1732221338587072183 Lookup    /opt/lammps/examples
2024/11/21 20:35:38 logger.go:63: 1732221338587100617 Lookup    /opt/lammps/examples/reaxff
2024/11/21 20:35:38 logger.go:63: 1732221338587128190 Lookup    /opt/lammps/examples/reaxff/HNS
2024/11/21 20:35:38 logger.go:63: 1732221338587161222 Lookup    /usr      
2024/11/21 20:35:38 logger.go:63: 1732221338587188354 Lookup    /usr/bin  
2024/11/21 20:35:38 logger.go:63: 1732221338587213271 Lookup    /usr/bin/lmp
2024/11/21 20:35:38 logger.go:63: 1732221338587510595 Open      /usr/bin/lmp	7
2024/11/21 20:35:38 logger.go:63: 1732221338587603461 Close     /usr/bin/lmp	7
2024/11/21 20:35:38 logger.go:63: 1732221338587634850 Open      /usr/bin/lmp	18
2024/11/21 20:35:38 logger.go:63: 1732221338587709672 Lookup    /lib64    
2024/11/21 20:35:38 logger.go:63: 1732221338587779575 Lookup    /usr/lib64
2024/11/21 20:35:38 logger.go:63: 1732221338587855439 Lookup    /usr/lib64/ld-linux-x86-64.so.2
2024/11/21 20:35:38 logger.go:63: 1732221338587928908 Lookup    /lib      
2024/11/21 20:35:38 logger.go:63: 1732221338587961099 Lookup    /usr/lib  
2024/11/21 20:35:38 logger.go:63: 1732221338588035290 Lookup    /usr/lib/x86_64-linux-gnu
2024/11/21 20:35:38 logger.go:63: 1732221338588062271 Lookup    /usr/lib/x86_64-linux-gnu/ld-linux-x86-64.so.2
2024/11/21 20:35:38 logger.go:63: 1732221338588126853 Close     /usr/bin/lmp	18
2024/11/21 20:35:38 logger.go:63: 1732221338588148334 Open      /usr/lib/x86_64-linux-gnu/ld-linux-x86-64.so.2	20
2024/11/21 20:35:38 logger.go:63: 1732221338588191406 Close     /usr/lib/x86_64-linux-gnu/ld-linux-x86-64.so.2	20
2024/11/21 20:35:38 logger.go:63: 1732221338588784681 Open      /usr/bin/lmp	21
2024/11/21 20:35:38 logger.go:63: 1732221338589039855 Close     /usr/bin/lmp	21
2024/11/21 20:35:38 logger.go:63: 1732221338589272396 Open      /usr/lib/x86_64-linux-gnu/ld-linux-x86-64.so.2	22
2024/11/21 20:35:38 logger.go:63: 1732221338589444733 Close     /usr/lib/x86_64-linux-gnu/ld-linux-x86-64.so.2	22
2024/11/21 20:35:38 logger.go:63: 1732221338589913361 Lookup    /opt/software
2024/11/21 20:35:38 logger.go:63: 1732221338589944891 Lookup    /opt/software/linux-rocky9-x86_64
2024/11/21 20:35:38 logger.go:63: 1732221338589971772 Lookup    /opt/software/linux-rocky9-x86_64/gcc-11.4.1
2024/11/21 20:35:38 logger.go:63: 1732221338590004084 Lookup    /opt/software/linux-rocky9-x86_64/gcc-11.4.1/flux-core-0.61.2-va52p5ph7ylanopgk7ranjgtjgc2wb5y
2024/11/21 20:35:38 logger.go:63: 1732221338590036405 Lookup    /opt/software/linux-rocky9-x86_64/gcc-11.4.1/flux-core-0.61.2-va52p5ph7ylanopgk7ranjgtjgc2wb5y/lib
2024/11/21 20:35:38 logger.go:63: 1732221338590061943 Lookup    /opt/software/linux-rocky9-x86_64/gcc-11.4.1/flux-core-0.61.2-va52p5ph7ylanopgk7ranjgtjgc2wb5y/lib/flux
2024/11/21 20:35:38 logger.go:63: 1732221338592219515 Lookup    /etc/ld.so.cache
2024/11/21 20:35:38 logger.go:63: 1732221338592255984 Open      /etc/ld.so.cache	23
2024/11/21 20:35:38 logger.go:63: 1732221338592337549 Close     /etc/ld.so.cache	23
2024/11/21 20:35:38 logger.go:63: 1732221338592483466 Lookup    /usr/lib/x86_64-linux-gnu/libmpich.so.12
2024/11/21 20:35:38 logger.go:63: 1732221338592525676 Lookup    /usr/lib/x86_64-linux-gnu/libmpich.so.12.2.0
2024/11/21 20:35:38 logger.go:63: 1732221338592599215 Open      /usr/lib/x86_64-linux-gnu/libmpich.so.12.2.0	24
2024/11/21 20:35:38 logger.go:63: 1732221338592870059 Close     /usr/lib/x86_64-linux-gnu/libmpich.so.12.2.0	24
2024/11/21 20:35:38 logger.go:63: 1732221338593220824 Lookup    /usr/lib/x86_64-linux-gnu/libgomp.so.1
2024/11/21 20:35:38 logger.go:63: 1732221338593262543 Lookup    /usr/lib/x86_64-linux-gnu/libgomp.so.1.0.0
2024/11/21 20:35:38 logger.go:63: 1732221338593337275 Open      /usr/lib/x86_64-linux-gnu/libgomp.so.1.0.0	25
2024/11/21 20:35:38 logger.go:63: 1732221338593584875 Close     /usr/lib/x86_64-linux-gnu/libgomp.so.1.0.0	25
2024/11/21 20:35:38 logger.go:63: 1732221338593870636 Lookup    /usr/lib/x86_64-linux-gnu/libstdc++.so.6
2024/11/21 20:35:38 logger.go:63: 1732221338593907837 Lookup    /usr/lib/x86_64-linux-gnu/libstdc++.so.6.0.30
2024/11/21 20:35:38 logger.go:63: 1732221338593990103 Open      /usr/lib/x86_64-linux-gnu/libstdc++.so.6.0.30	26
2024/11/21 20:35:38 logger.go:63: 1732221338594288489 Close     /usr/lib/x86_64-linux-gnu/libstdc++.so.6.0.30	26
2024/11/21 20:35:38 logger.go:63: 1732221338594587927 Lookup    /usr/lib/x86_64-linux-gnu/libm.so.6
2024/11/21 20:35:38 logger.go:63: 1732221338594626490 Open      /usr/lib/x86_64-linux-gnu/libm.so.6	27
2024/11/21 20:35:38 logger.go:63: 1732221338594876113 Close     /usr/lib/x86_64-linux-gnu/libm.so.6	27
2024/11/21 20:35:38 logger.go:63: 1732221338595171413 Lookup    /usr/lib/x86_64-linux-gnu/libgcc_s.so.1
2024/11/21 20:35:38 logger.go:63: 1732221338595210988 Open      /usr/lib/x86_64-linux-gnu/libgcc_s.so.1	28
2024/11/21 20:35:38 logger.go:63: 1732221338595452877 Close     /usr/lib/x86_64-linux-gnu/libgcc_s.so.1	28
2024/11/21 20:35:38 logger.go:63: 1732221338595686099 Lookup    /usr/lib/x86_64-linux-gnu/libc.so.6
2024/11/21 20:35:38 logger.go:63: 1732221338595721947 Open      /usr/lib/x86_64-linux-gnu/libc.so.6	29
2024/11/21 20:35:38 logger.go:63: 1732221338596160569 Close     /usr/lib/x86_64-linux-gnu/libc.so.6	29
2024/11/21 20:35:38 logger.go:63: 1732221338596453264 Lookup    /usr/lib/x86_64-linux-gnu/libhwloc.so.15
2024/11/21 20:35:38 logger.go:63: 1732221338596494933 Lookup    /usr/lib/x86_64-linux-gnu/libhwloc.so.15.5.2
2024/11/21 20:35:38 logger.go:63: 1732221338596570998 Open      /usr/lib/x86_64-linux-gnu/libhwloc.so.15.5.2	30
2024/11/21 20:35:38 logger.go:63: 1732221338596828025 Close     /usr/lib/x86_64-linux-gnu/libhwloc.so.15.5.2	30
2024/11/21 20:35:38 logger.go:63: 1732221338597126641 Lookup    /usr/lib/x86_64-linux-gnu/libfabric.so.1
2024/11/21 20:35:38 logger.go:63: 1732221338597170815 Lookup    /usr/lib/x86_64-linux-gnu/libfabric.so.1.14.0
2024/11/21 20:35:38 logger.go:63: 1732221338597247631 Open      /usr/lib/x86_64-linux-gnu/libfabric.so.1.14.0	31
2024/11/21 20:35:38 logger.go:63: 1732221338597545826 Close     /usr/lib/x86_64-linux-gnu/libfabric.so.1.14.0	31
2024/11/21 20:35:38 logger.go:63: 1732221338597780702 Lookup    /usr/lib/x86_64-linux-gnu/libudev.so.1
2024/11/21 20:35:38 logger.go:63: 1732221338597818263 Lookup    /usr/lib/x86_64-linux-gnu/libudev.so.1.7.2
2024/11/21 20:35:38 logger.go:63: 1732221338597894908 Open      /usr/lib/x86_64-linux-gnu/libudev.so.1.7.2	32
2024/11/21 20:35:38 logger.go:63: 1732221338598175821 Close     /usr/lib/x86_64-linux-gnu/libudev.so.1.7.2	32
2024/11/21 20:35:38 logger.go:63: 1732221338598402501 Lookup    /usr/lib/x86_64-linux-gnu/librdmacm.so.1
2024/11/21 20:35:38 logger.go:63: 1732221338598443909 Lookup    /usr/lib/x86_64-linux-gnu/librdmacm.so.1.3.39.0
2024/11/21 20:35:38 logger.go:63: 1732221338598519803 Open      /usr/lib/x86_64-linux-gnu/librdmacm.so.1.3.39.0	33
2024/11/21 20:35:38 logger.go:63: 1732221338598787491 Close     /usr/lib/x86_64-linux-gnu/librdmacm.so.1.3.39.0	33
2024/11/21 20:35:38 logger.go:63: 1732221338599023899 Lookup    /usr/lib/x86_64-linux-gnu/libefa.so.1
2024/11/21 20:35:38 logger.go:63: 1732221338599063034 Lookup    /usr/lib/x86_64-linux-gnu/libefa.so.1.1.39.0
2024/11/21 20:35:38 logger.go:63: 1732221338599132716 Open      /usr/lib/x86_64-linux-gnu/libefa.so.1.1.39.0	34
2024/11/21 20:35:38 logger.go:63: 1732221338599408108 Close     /usr/lib/x86_64-linux-gnu/libefa.so.1.1.39.0	34
2024/11/21 20:35:38 logger.go:63: 1732221338599640178 Lookup    /usr/lib/x86_64-linux-gnu/libibverbs.so.1
2024/11/21 20:35:38 logger.go:63: 1732221338599693159 Lookup    /usr/lib/x86_64-linux-gnu/libibverbs.so.1.14.39.0
2024/11/21 20:35:38 logger.go:63: 1732221338599768772 Open      /usr/lib/x86_64-linux-gnu/libibverbs.so.1.14.39.0	35
2024/11/21 20:35:38 logger.go:63: 1732221338600038113 Close     /usr/lib/x86_64-linux-gnu/libibverbs.so.1.14.39.0	35
2024/11/21 20:35:38 logger.go:63: 1732221338600267879 Lookup    /usr/lib/x86_64-linux-gnu/libpsm_infinipath.so.1
2024/11/21 20:35:38 logger.go:63: 1732221338600357148 Lookup    /etc/alternatives
2024/11/21 20:35:38 logger.go:63: 1732221338600383748 Lookup    /etc/alternatives/libpsm_infinipath.so.1
2024/11/21 20:35:38 logger.go:63: 1732221338600451918 Lookup    /usr/lib/libpsm1
2024/11/21 20:35:38 logger.go:63: 1732221338600474150 Lookup    /usr/lib/libpsm1/libpsm_infinipath.so.1.16
2024/11/21 20:35:38 logger.go:63: 1732221338600515448 Open      /usr/lib/libpsm1/libpsm_infinipath.so.1.16	36
2024/11/21 20:35:38 logger.go:63: 1732221338600844532 Close     /usr/lib/libpsm1/libpsm_infinipath.so.1.16	36
2024/11/21 20:35:38 logger.go:63: 1732221338601244040 Lookup    /usr/lib/x86_64-linux-gnu/libpsm2.so.2
2024/11/21 20:35:38 logger.go:63: 1732221338601289005 Lookup    /usr/lib/x86_64-linux-gnu/libpsm2.so.2.2
2024/11/21 20:35:38 logger.go:63: 1732221338601360952 Open      /usr/lib/x86_64-linux-gnu/libpsm2.so.2.2	37
2024/11/21 20:35:38 logger.go:63: 1732221338601669948 Close     /usr/lib/x86_64-linux-gnu/libpsm2.so.2.2	37
2024/11/21 20:35:38 logger.go:63: 1732221338601900866 Lookup    /usr/lib/x86_64-linux-gnu/libnl-3.so.200
2024/11/21 20:35:38 logger.go:63: 1732221338601943166 Lookup    /usr/lib/x86_64-linux-gnu/libnl-3.so.200.26.0
2024/11/21 20:35:38 logger.go:63: 1732221338602027075 Open      /usr/lib/x86_64-linux-gnu/libnl-3.so.200.26.0	38
2024/11/21 20:35:38 logger.go:63: 1732221338602277901 Close     /usr/lib/x86_64-linux-gnu/libnl-3.so.200.26.0	38
2024/11/21 20:35:38 logger.go:63: 1732221338602556990 Lookup    /usr/lib/x86_64-linux-gnu/libnl-route-3.so.200
2024/11/21 20:35:38 logger.go:63: 1732221338602615611 Lookup    /usr/lib/x86_64-linux-gnu/libnl-route-3.so.200.26.0
2024/11/21 20:35:38 logger.go:63: 1732221338602687277 Open      /usr/lib/x86_64-linux-gnu/libnl-route-3.so.200.26.0	39
2024/11/21 20:35:38 logger.go:63: 1732221338602962669 Close     /usr/lib/x86_64-linux-gnu/libnl-route-3.so.200.26.0	39
2024/11/21 20:35:38 logger.go:63: 1732221338603299197 Lookup    /usr/lib/x86_64-linux-gnu/libinfinipath.so.4
2024/11/21 20:35:38 logger.go:63: 1732221338603339875 Lookup    /usr/lib/x86_64-linux-gnu/libinfinipath.so.4.0
2024/11/21 20:35:38 logger.go:63: 1732221338603416810 Open      /usr/lib/x86_64-linux-gnu/libinfinipath.so.4.0	40
2024/11/21 20:35:38 logger.go:63: 1732221338603678988 Close     /usr/lib/x86_64-linux-gnu/libinfinipath.so.4.0	40
2024/11/21 20:35:38 logger.go:63: 1732221338603922379 Lookup    /usr/lib/x86_64-linux-gnu/librt.so.1
2024/11/21 20:35:38 logger.go:63: 1732221338603961423 Open      /usr/lib/x86_64-linux-gnu/librt.so.1	41
2024/11/21 20:35:38 logger.go:63: 1732221338605067792 Close     /usr/lib/x86_64-linux-gnu/librt.so.1	41
2024/11/21 20:35:38 logger.go:63: 1732221338605318216 Lookup    /usr/lib/x86_64-linux-gnu/libpthread.so.0
2024/11/21 20:35:38 logger.go:63: 1732221338605356569 Open      /usr/lib/x86_64-linux-gnu/libpthread.so.0	42
2024/11/21 20:35:38 logger.go:63: 1732221338605758281 Close     /usr/lib/x86_64-linux-gnu/libpthread.so.0	42
2024/11/21 20:35:38 logger.go:63: 1732221338605991624 Lookup    /usr/lib/x86_64-linux-gnu/libdl.so.2
2024/11/21 20:35:38 logger.go:63: 1732221338606036469 Open      /usr/lib/x86_64-linux-gnu/libdl.so.2	43
2024/11/21 20:35:38 logger.go:63: 1732221338606442208 Close     /usr/lib/x86_64-linux-gnu/libdl.so.2	43
2024/11/21 20:35:38 logger.go:63: 1732221338606668577 Lookup    /usr/lib/x86_64-linux-gnu/libuuid.so.1
2024/11/21 20:35:38 logger.go:63: 1732221338606708794 Lookup    /usr/lib/x86_64-linux-gnu/libuuid.so.1.3.0
2024/11/21 20:35:38 logger.go:63: 1732221338606777865 Open      /usr/lib/x86_64-linux-gnu/libuuid.so.1.3.0	44
2024/11/21 20:35:38 logger.go:63: 1732221338607008753 Close     /usr/lib/x86_64-linux-gnu/libuuid.so.1.3.0	44
2024/11/21 20:35:38 logger.go:63: 1732221338607240552 Lookup    /usr/lib/x86_64-linux-gnu/libnuma.so.1
2024/11/21 20:35:38 logger.go:63: 1732221338607276651 Lookup    /usr/lib/x86_64-linux-gnu/libnuma.so.1.0.0
2024/11/21 20:35:38 logger.go:63: 1732221338607344620 Open      /usr/lib/x86_64-linux-gnu/libnuma.so.1.0.0	45
2024/11/21 20:35:38 logger.go:63: 1732221338607594634 Close     /usr/lib/x86_64-linux-gnu/libnuma.so.1.0.0	45
2024/11/21 20:35:38 logger.go:63: 1732221338822461413 Lookup    /usr/lib/x86_64-linux-gnu/hwloc
2024/11/21 20:35:38 logger.go:63: 1732221338822671181 Lookup    /usr/lib/x86_64-linux-gnu/hwloc/hwloc_opencl.so
2024/11/21 20:35:38 logger.go:63: 1732221338822714764 Lookup    /usr/lib/x86_64-linux-gnu/hwloc/hwloc_xml_libxml.so
2024/11/21 20:35:38 logger.go:63: 1732221338822734121 Lookup    /usr/lib/x86_64-linux-gnu/hwloc/hwloc_gl.so
2024/11/21 20:35:38 logger.go:63: 1732221338822747526 Lookup    /usr/lib/x86_64-linux-gnu/hwloc/hwloc_pci.so
2024/11/21 20:35:38 logger.go:63: 1732221338822912719 Open      /usr/lib/x86_64-linux-gnu/hwloc/hwloc_opencl.so	53
2024/11/21 20:35:38 logger.go:63: 1732221338823172031 Close     /usr/lib/x86_64-linux-gnu/hwloc/hwloc_opencl.so	53
2024/11/21 20:35:38 logger.go:63: 1732221338823383823 Open      /etc/ld.so.cache	54
2024/11/21 20:35:38 logger.go:63: 1732221338823476799 Close     /etc/ld.so.cache	54
2024/11/21 20:35:38 logger.go:63: 1732221338823614560 Lookup    /usr/lib/x86_64-linux-gnu/libOpenCL.so.1
2024/11/21 20:35:38 logger.go:63: 1732221338823654466 Lookup    /usr/lib/x86_64-linux-gnu/libOpenCL.so.1.0.0
2024/11/21 20:35:38 logger.go:63: 1732221338823725060 Open      /usr/lib/x86_64-linux-gnu/libOpenCL.so.1.0.0	55
2024/11/21 20:35:38 logger.go:63: 1732221338823970435 Close     /usr/lib/x86_64-linux-gnu/libOpenCL.so.1.0.0	55
2024/11/21 20:35:38 logger.go:63: 1732221338824266486 Open      /usr/lib/x86_64-linux-gnu/hwloc/hwloc_xml_libxml.so	56
2024/11/21 20:35:38 logger.go:63: 1732221338824511802 Close     /usr/lib/x86_64-linux-gnu/hwloc/hwloc_xml_libxml.so	56
2024/11/21 20:35:38 logger.go:63: 1732221338824697203 Open      /etc/ld.so.cache	57
2024/11/21 20:35:38 logger.go:63: 1732221338824784739 Close     /etc/ld.so.cache	57
2024/11/21 20:35:38 logger.go:63: 1732221338824909296 Lookup    /usr/lib/x86_64-linux-gnu/libxml2.so.2
2024/11/21 20:35:38 logger.go:63: 1732221338824955503 Lookup    /usr/lib/x86_64-linux-gnu/libxml2.so.2.9.13
2024/11/21 20:35:38 logger.go:63: 1732221338825041516 Open      /usr/lib/x86_64-linux-gnu/libxml2.so.2.9.13	58
2024/11/21 20:35:38 logger.go:63: 1732221338825356053 Close     /usr/lib/x86_64-linux-gnu/libxml2.so.2.9.13	58
2024/11/21 20:35:38 logger.go:63: 1732221338825659849 Lookup    /usr/lib/x86_64-linux-gnu/libicuuc.so.70
2024/11/21 20:35:38 logger.go:63: 1732221338825714162 Lookup    /usr/lib/x86_64-linux-gnu/libicuuc.so.70.1
2024/11/21 20:35:38 logger.go:63: 1732221338825785577 Open      /usr/lib/x86_64-linux-gnu/libicuuc.so.70.1	59
2024/11/21 20:35:38 logger.go:63: 1732221338826084825 Close     /usr/lib/x86_64-linux-gnu/libicuuc.so.70.1	59
2024/11/21 20:35:38 logger.go:63: 1732221338826399923 Lookup    /usr/lib/x86_64-linux-gnu/libz.so.1
2024/11/21 20:35:38 logger.go:63: 1732221338826435290 Lookup    /usr/lib/x86_64-linux-gnu/libz.so.1.2.11
2024/11/21 20:35:38 logger.go:63: 1732221338826504321 Open      /usr/lib/x86_64-linux-gnu/libz.so.1.2.11	60
2024/11/21 20:35:38 logger.go:63: 1732221338826780354 Close     /usr/lib/x86_64-linux-gnu/libz.so.1.2.11	60
2024/11/21 20:35:38 logger.go:63: 1732221338827033424 Lookup    /usr/lib/x86_64-linux-gnu/liblzma.so.5
2024/11/21 20:35:38 logger.go:63: 1732221338827069402 Lookup    /usr/lib/x86_64-linux-gnu/liblzma.so.5.2.5
2024/11/21 20:35:38 logger.go:63: 1732221338827152289 Open      /usr/lib/x86_64-linux-gnu/liblzma.so.5.2.5	61
2024/11/21 20:35:38 logger.go:63: 1732221338827408355 Close     /usr/lib/x86_64-linux-gnu/liblzma.so.5.2.5	61
2024/11/21 20:35:38 logger.go:63: 1732221338827664431 Lookup    /usr/lib/x86_64-linux-gnu/libicudata.so.70
2024/11/21 20:35:38 logger.go:63: 1732221338827715207 Lookup    /usr/lib/x86_64-linux-gnu/libicudata.so.70.1
2024/11/21 20:35:38 logger.go:63: 1732221338827786302 Open      /usr/lib/x86_64-linux-gnu/libicudata.so.70.1	62
2024/11/21 20:35:38 logger.go:63: 1732221338828060602 Close     /usr/lib/x86_64-linux-gnu/libicudata.so.70.1	62
2024/11/21 20:35:38 logger.go:63: 1732221338829224569 Open      /usr/lib/x86_64-linux-gnu/hwloc/hwloc_gl.so	63
2024/11/21 20:35:38 logger.go:63: 1732221338829443194 Close     /usr/lib/x86_64-linux-gnu/hwloc/hwloc_gl.so	63
2024/11/21 20:35:38 logger.go:63: 1732221338829647041 Open      /etc/ld.so.cache	64
2024/11/21 20:35:38 logger.go:63: 1732221338829737512 Close     /etc/ld.so.cache	64
2024/11/21 20:35:38 logger.go:63: 1732221338829865435 Lookup    /usr/lib/x86_64-linux-gnu/libXNVCtrl.so.0
2024/11/21 20:35:38 logger.go:63: 1732221338829903898 Lookup    /usr/lib/x86_64-linux-gnu/libXNVCtrl.so.0.0.0
2024/11/21 20:35:38 logger.go:63: 1732221338829979772 Open      /usr/lib/x86_64-linux-gnu/libXNVCtrl.so.0.0.0	65
2024/11/21 20:35:38 logger.go:63: 1732221338830248010 Close     /usr/lib/x86_64-linux-gnu/libXNVCtrl.so.0.0.0	65
2024/11/21 20:35:38 logger.go:63: 1732221338830479229 Lookup    /usr/lib/x86_64-linux-gnu/libX11.so.6
2024/11/21 20:35:38 logger.go:63: 1732221338830518914 Lookup    /usr/lib/x86_64-linux-gnu/libX11.so.6.4.0
2024/11/21 20:35:38 logger.go:63: 1732221338830598475 Open      /usr/lib/x86_64-linux-gnu/libX11.so.6.4.0	66
2024/11/21 20:35:38 logger.go:63: 1732221338830881522 Close     /usr/lib/x86_64-linux-gnu/libX11.so.6.4.0	66
2024/11/21 20:35:38 logger.go:63: 1732221338831194736 Lookup    /usr/lib/x86_64-linux-gnu/libXext.so.6
2024/11/21 20:35:38 logger.go:63: 1732221338831246304 Lookup    /usr/lib/x86_64-linux-gnu/libXext.so.6.4.0
2024/11/21 20:35:38 logger.go:63: 1732221338831319683 Open      /usr/lib/x86_64-linux-gnu/libXext.so.6.4.0	67
2024/11/21 20:35:38 logger.go:63: 1732221338831567503 Close     /usr/lib/x86_64-linux-gnu/libXext.so.6.4.0	67
2024/11/21 20:35:38 logger.go:63: 1732221338831802338 Lookup    /usr/lib/x86_64-linux-gnu/libxcb.so.1
2024/11/21 20:35:38 logger.go:63: 1732221338831848966 Lookup    /usr/lib/x86_64-linux-gnu/libxcb.so.1.1.0
2024/11/21 20:35:38 logger.go:63: 1732221338831923147 Open      /usr/lib/x86_64-linux-gnu/libxcb.so.1.1.0	68
2024/11/21 20:35:38 logger.go:63: 1732221338832214530 Close     /usr/lib/x86_64-linux-gnu/libxcb.so.1.1.0	68
2024/11/21 20:35:38 logger.go:63: 1732221338832506874 Lookup    /usr/lib/x86_64-linux-gnu/libXau.so.6
2024/11/21 20:35:38 logger.go:63: 1732221338832552561 Lookup    /usr/lib/x86_64-linux-gnu/libXau.so.6.0.0
2024/11/21 20:35:38 logger.go:63: 1732221338832629387 Open      /usr/lib/x86_64-linux-gnu/libXau.so.6.0.0	69
2024/11/21 20:35:38 logger.go:63: 1732221338832862619 Close     /usr/lib/x86_64-linux-gnu/libXau.so.6.0.0	69
2024/11/21 20:35:38 logger.go:63: 1732221338833103756 Lookup    /usr/lib/x86_64-linux-gnu/libXdmcp.so.6
2024/11/21 20:35:38 logger.go:63: 1732221338833149433 Lookup    /usr/lib/x86_64-linux-gnu/libXdmcp.so.6.0.0
2024/11/21 20:35:38 logger.go:63: 1732221338833219375 Open      /usr/lib/x86_64-linux-gnu/libXdmcp.so.6.0.0	70
2024/11/21 20:35:38 logger.go:63: 1732221338833451456 Close     /usr/lib/x86_64-linux-gnu/libXdmcp.so.6.0.0	70
2024/11/21 20:35:38 logger.go:63: 1732221338833682714 Lookup    /usr/lib/x86_64-linux-gnu/libbsd.so.0
2024/11/21 20:35:38 logger.go:63: 1732221338833730765 Lookup    /usr/lib/x86_64-linux-gnu/libbsd.so.0.11.5
2024/11/21 20:35:38 logger.go:63: 1732221338833803153 Open      /usr/lib/x86_64-linux-gnu/libbsd.so.0.11.5	71
2024/11/21 20:35:38 logger.go:63: 1732221338834109604 Close     /usr/lib/x86_64-linux-gnu/libbsd.so.0.11.5	71
2024/11/21 20:35:38 logger.go:63: 1732221338834349188 Lookup    /usr/lib/x86_64-linux-gnu/libmd.so.0
2024/11/21 20:35:38 logger.go:63: 1732221338834403090 Lookup    /usr/lib/x86_64-linux-gnu/libmd.so.0.0.5
2024/11/21 20:35:38 logger.go:63: 1732221338834475558 Open      /usr/lib/x86_64-linux-gnu/libmd.so.0.0.5	72
2024/11/21 20:35:38 logger.go:63: 1732221338834715112 Close     /usr/lib/x86_64-linux-gnu/libmd.so.0.0.5	72
2024/11/21 20:35:38 logger.go:63: 1732221338835316903 Open      /usr/lib/x86_64-linux-gnu/hwloc/hwloc_pci.so	73
2024/11/21 20:35:38 logger.go:63: 1732221338835574762 Close     /usr/lib/x86_64-linux-gnu/hwloc/hwloc_pci.so	73
2024/11/21 20:35:38 logger.go:63: 1732221338835789239 Open      /etc/ld.so.cache	74
2024/11/21 20:35:38 logger.go:63: 1732221338835886383 Close     /etc/ld.so.cache	74
2024/11/21 20:35:38 logger.go:63: 1732221338836054562 Lookup    /usr/lib/x86_64-linux-gnu/libpciaccess.so.0
2024/11/21 20:35:38 logger.go:63: 1732221338836101141 Lookup    /usr/lib/x86_64-linux-gnu/libpciaccess.so.0.11.1
2024/11/21 20:35:38 logger.go:63: 1732221338836180090 Open      /usr/lib/x86_64-linux-gnu/libpciaccess.so.0.11.1	75
2024/11/21 20:35:38 logger.go:63: 1732221338836419655 Close     /usr/lib/x86_64-linux-gnu/libpciaccess.so.0.11.1	75
2024/11/21 20:35:39 logger.go:63: 1732221339126233019 Lookup    /run      
2024/11/21 20:35:39 logger.go:63: 1732221339131948769 Lookup    /var      
2024/11/21 20:35:39 logger.go:63: 1732221339132244469 Lookup    /var/run  
2024/11/21 20:35:39 logger.go:63: 1732221339133283169 Lookup    /etc/gai.conf
2024/11/21 20:35:39 logger.go:63: 1732221339133327744 Open      /etc/gai.conf	52
2024/11/21 20:35:39 logger.go:63: 1732221339133471066 Close     /etc/gai.conf	52
2024/11/21 20:35:39 logger.go:63: 1732221339142003327 Lookup    /usr/share
2024/11/21 20:35:39 logger.go:63: 1732221339142068330 Lookup    /usr/share/misc
2024/11/21 20:35:39 logger.go:63: 1732221339158470597 Open      /etc/ld.so.cache	76
2024/11/21 20:35:39 logger.go:63: 1732221339158575997 Close     /etc/ld.so.cache	76
2024/11/21 20:35:39 logger.go:63: 1732221339167362680 Open      /etc/ld.so.cache	77
2024/11/21 20:35:39 logger.go:63: 1732221339167468992 Close     /etc/ld.so.cache	77
2024/11/21 20:35:39 logger.go:63: 1732221339168201551 Open      /etc/ld.so.cache	78
2024/11/21 20:35:39 logger.go:63: 1732221339168294417 Close     /etc/ld.so.cache	78
2024/11/21 20:35:39 logger.go:63: 1732221339168982693 Open      /etc/ld.so.cache	79
2024/11/21 20:35:39 logger.go:63: 1732221339169080388 Close     /etc/ld.so.cache	79
2024/11/21 20:35:39 logger.go:63: 1732221339169768483 Open      /etc/ld.so.cache	80
2024/11/21 20:35:39 logger.go:63: 1732221339169861960 Close     /etc/ld.so.cache	80
2024/11/21 20:35:39 logger.go:63: 1732221339170555836 Open      /etc/ld.so.cache	81
2024/11/21 20:35:39 logger.go:63: 1732221339170655004 Close     /etc/ld.so.cache	81
2024/11/21 20:35:39 logger.go:63: 1732221339171357567 Open      /etc/ld.so.cache	82
2024/11/21 20:35:39 logger.go:63: 1732221339171455993 Close     /etc/ld.so.cache	82
2024/11/21 20:35:39 logger.go:63: 1732221339172169667 Open      /etc/ld.so.cache	83
2024/11/21 20:35:39 logger.go:63: 1732221339172261150 Close     /etc/ld.so.cache	83
2024/11/21 20:35:39 logger.go:63: 1732221339173002717 Open      /etc/ld.so.cache	84
2024/11/21 20:35:39 logger.go:63: 1732221339173096895 Close     /etc/ld.so.cache	84
2024/11/21 20:35:39 logger.go:63: 1732221339173803676 Open      /etc/ld.so.cache	85
2024/11/21 20:35:39 logger.go:63: 1732221339173891642 Close     /etc/ld.so.cache	85
2024/11/21 20:35:39 logger.go:63: 1732221339174604374 Open      /etc/ld.so.cache	86
2024/11/21 20:35:39 logger.go:63: 1732221339174695787 Close     /etc/ld.so.cache	86
2024/11/21 20:35:39 logger.go:63: 1732221339175390425 Open      /etc/ld.so.cache	87
2024/11/21 20:35:39 logger.go:63: 1732221339175483601 Close     /etc/ld.so.cache	87
2024/11/21 20:35:39 logger.go:63: 1732221339176180814 Open      /etc/ld.so.cache	88
2024/11/21 20:35:39 logger.go:63: 1732221339176273239 Close     /etc/ld.so.cache	88
2024/11/21 20:35:39 logger.go:63: 1732221339176974840 Open      /etc/ld.so.cache	89
2024/11/21 20:35:39 logger.go:63: 1732221339177098023 Close     /etc/ld.so.cache	89
2024/11/21 20:35:39 logger.go:63: 1732221339177800105 Open      /etc/ld.so.cache	90
2024/11/21 20:35:39 logger.go:63: 1732221339177892189 Close     /etc/ld.so.cache	90
2024/11/21 20:35:39 logger.go:63: 1732221339178596635 Open      /etc/ld.so.cache	91
2024/11/21 20:35:39 logger.go:63: 1732221339178689782 Close     /etc/ld.so.cache	91
2024/11/21 20:35:39 logger.go:63: 1732221339179386734 Open      /etc/ld.so.cache	92
2024/11/21 20:35:39 logger.go:63: 1732221339179475973 Close     /etc/ld.so.cache	92
2024/11/21 20:35:39 logger.go:63: 1732221339190533984 Lookup    /opt/lammps/examples/reaxff/HNS/in.reaxc.hns
2024/11/21 20:35:39 logger.go:63: 1732221339190597945 Open      /opt/lammps/examples/reaxff/HNS/in.reaxc.hns	93
2024/11/21 20:35:39 logger.go:63: 1732221339191847104 Lookup    /opt/lammps/examples/reaxff/HNS/data.hns-equil
2024/11/21 20:35:39 logger.go:63: 1732221339191904694 Open      /opt/lammps/examples/reaxff/HNS/data.hns-equil	94
2024/11/21 20:35:39 logger.go:63: 1732221339191946413 Close     /opt/lammps/examples/reaxff/HNS/data.hns-equil	94
2024/11/21 20:35:39 logger.go:63: 1732221339192066210 Open      /opt/lammps/examples/reaxff/HNS/data.hns-equil	95
2024/11/21 20:35:39 logger.go:63: 1732221339193767607 Close     /opt/lammps/examples/reaxff/HNS/data.hns-equil	95
2024/11/21 20:35:39 logger.go:63: 1732221339196155095 Lookup    /opt/lammps/examples/reaxff/HNS/ffield.reax.hns
2024/11/21 20:35:39 logger.go:63: 1732221339196204979 Open      /opt/lammps/examples/reaxff/HNS/ffield.reax.hns	96
2024/11/21 20:35:39 logger.go:63: 1732221339196246698 Close     /opt/lammps/examples/reaxff/HNS/ffield.reax.hns	96
2024/11/21 20:35:39 logger.go:63: 1732221339196323965 Open      /opt/lammps/examples/reaxff/HNS/ffield.reax.hns	97
2024/11/21 20:35:39 logger.go:63: 1732221339196436418 Close     /opt/lammps/examples/reaxff/HNS/ffield.reax.hns	97
2024/11/21 20:35:39 logger.go:63: 1732221339196512482 Open      /opt/lammps/examples/reaxff/HNS/ffield.reax.hns	98
2024/11/21 20:35:39 logger.go:63: 1732221339196630486 Close     /opt/lammps/examples/reaxff/HNS/ffield.reax.hns	98
2024/11/21 20:35:39 logger.go:63: 1732221339196706400 Open      /opt/lammps/examples/reaxff/HNS/ffield.reax.hns	99
2024/11/21 20:37:20 logger.go:63: 1732221440138584412 Close     /opt/lammps/examples/reaxff/HNS/in.reaxc.hns	93
2024/11/21 20:37:20 logger.go:63: 1732221440157680670 Close     /opt/lammps/examples/reaxff/HNS/ffield.reax.hns	99
2024/11/21 20:37:20 logger.go:63: 1732221440158144981 Complete  /tmp/out/lammps-recording.out