2024/11/21 19:33:30 logger.go:63: 1732217610559920212 Lookup    /etc      
2024/11/21 19:33:30 logger.go:63: 1732217610560063216 Lookup    /etc/host.conf
2024/11/21 19:33:30 logger.go:63: 1732217610560093664 Lookup    /etc/hosts
2024/11/21 19:33:30 logger.go:63: 1732217610560120675 Lookup    /etc/nsswitch.conf
2024/11/21 19:33:30 logger.go:63: 1732217610560149380 Lookup    /etc/resolv.conf
2024/11/21 19:33:30 logger.go:63: 1732217610560178376 Lookup    /dev      
2024/11/21 19:33:30 logger.go:63: 1732217610560198905 Lookup    /sys      
2024/11/21 19:33:30 logger.go:63: 1732217610560224083 Lookup    /proc     
2024/11/21 19:33:30 logger.go:63: 1732217610560245374 Lookup    /tmp      
2024/11/21 19:33:30 logger.go:63: 1732217610560265743 Lookup    /root     
2024/11/21 19:33:30 logger.go:63: 1732217610560307352 Lookup    /opt      
2024/11/21 19:33:30 logger.go:63: 1732217610560328382 Lookup    /opt/lammps
2024/11/21 19:33:30 logger.go:63: 1732217610560349743 Lookup    /opt/lammps/examples
2024/11/21 19:33:30 logger.go:63: 1732217610560377847 Lookup    /opt/lammps/examples/reaxff
2024/11/21 19:33:30 logger.go:63: 1732217610560406462 Lookup    /opt/lammps/examples/reaxff/HNS
2024/11/21 19:33:30 logger.go:63: 1732217610560432491 Lookup    /usr      
2024/11/21 19:33:30 logger.go:63: 1732217610560454684 Lookup    /usr/bin  
2024/11/21 19:33:30 logger.go:63: 1732217610560475023 Lookup    /usr/bin/lmp
2024/11/21 19:33:30 logger.go:63: 1732217610560714260 Open      /usr/bin/lmp	7
2024/11/21 19:33:30 logger.go:63: 1732217610560792089 Close     /usr/bin/lmp	7
2024/11/21 19:33:30 logger.go:63: 1732217610560819992 Open      /usr/bin/lmp	18
2024/11/21 19:33:30 logger.go:63: 1732217610560862593 Lookup    /lib64    
2024/11/21 19:33:30 logger.go:63: 1732217610560901889 Lookup    /usr/lib64
2024/11/21 19:33:30 logger.go:63: 1732217610560964027 Lookup    /usr/lib64/ld-linux-x86-64.so.2
2024/11/21 19:33:30 logger.go:63: 1732217610561035915 Lookup    /lib      
2024/11/21 19:33:30 logger.go:63: 1732217610561068838 Lookup    /usr/lib  
2024/11/21 19:33:30 logger.go:63: 1732217610561129674 Lookup    /usr/lib/x86_64-linux-gnu
2024/11/21 19:33:30 logger.go:63: 1732217610561152578 Lookup    /usr/lib/x86_64-linux-gnu/ld-linux-x86-64.so.2
2024/11/21 19:33:30 logger.go:63: 1732217610561209266 Close     /usr/bin/lmp	18
2024/11/21 19:33:30 logger.go:63: 1732217610561227882 Open      /usr/lib/x86_64-linux-gnu/ld-linux-x86-64.so.2	20
2024/11/21 19:33:30 logger.go:63: 1732217610561264832 Close     /usr/lib/x86_64-linux-gnu/ld-linux-x86-64.so.2	20
2024/11/21 19:33:30 logger.go:63: 1732217610561772793 Open      /usr/bin/lmp	21
2024/11/21 19:33:30 logger.go:63: 1732217610562013022 Close     /usr/bin/lmp	21
2024/11/21 19:33:30 logger.go:63: 1732217610562235608 Open      /usr/lib/x86_64-linux-gnu/ld-linux-x86-64.so.2	22
2024/11/21 19:33:30 logger.go:63: 1732217610562408478 Close     /usr/lib/x86_64-linux-gnu/ld-linux-x86-64.so.2	22
2024/11/21 19:33:30 logger.go:63: 1732217610562818121 Lookup    /opt/software
2024/11/21 19:33:30 logger.go:63: 1732217610562852827 Lookup    /opt/software/linux-rocky9-x86_64
2024/11/21 19:33:30 logger.go:63: 1732217610562879769 Lookup    /opt/software/linux-rocky9-x86_64/gcc-11.4.1
2024/11/21 19:33:30 logger.go:63: 1732217610562907662 Lookup    /opt/software/linux-rocky9-x86_64/gcc-11.4.1/flux-core-0.61.2-va52p5ph7ylanopgk7ranjgtjgc2wb5y
2024/11/21 19:33:30 logger.go:63: 1732217610562945474 Lookup    /opt/software/linux-rocky9-x86_64/gcc-11.4.1/flux-core-0.61.2-va52p5ph7ylanopgk7ranjgtjgc2wb5y/lib
2024/11/21 19:33:30 logger.go:63: 1732217610562970091 Lookup    /opt/software/linux-rocky9-x86_64/gcc-11.4.1/flux-core-0.61.2-va52p5ph7ylanopgk7ranjgtjgc2wb5y/lib/flux
2024/11/21 19:33:30 logger.go:63: 1732217610565112887 Lookup    /etc/ld.so.cache
2024/11/21 19:33:30 logger.go:63: 1732217610565150138 Open      /etc/ld.so.cache	23
2024/11/21 19:33:30 logger.go:63: 1732217610565230792 Close     /etc/ld.so.cache	23
2024/11/21 19:33:30 logger.go:63: 1732217610565355621 Lookup    /usr/lib/x86_64-linux-gnu/libgomp.so.1
2024/11/21 19:33:30 logger.go:63: 1732217610565393854 Lookup    /usr/lib/x86_64-linux-gnu/libgomp.so.1.0.0
2024/11/21 19:33:30 logger.go:63: 1732217610565462726 Open      /usr/lib/x86_64-linux-gnu/libgomp.so.1.0.0	24
2024/11/21 19:33:30 logger.go:63: 1732217610565703225 Close     /usr/lib/x86_64-linux-gnu/libgomp.so.1.0.0	24
2024/11/21 19:33:30 logger.go:63: 1732217610565990524 Lookup    /usr/lib/x86_64-linux-gnu/libmpich.so.12
2024/11/21 19:33:30 logger.go:63: 1732217610566038346 Lookup    /usr/lib/x86_64-linux-gnu/libmpich.so.12.2.0
2024/11/21 19:33:30 logger.go:63: 1732217610566105945 Open      /usr/lib/x86_64-linux-gnu/libmpich.so.12.2.0	25
2024/11/21 19:33:30 logger.go:63: 1732217610566364910 Close     /usr/lib/x86_64-linux-gnu/libmpich.so.12.2.0	25
2024/11/21 19:33:30 logger.go:63: 1732217610566647580 Lookup    /usr/lib/x86_64-linux-gnu/libstdc++.so.6
2024/11/21 19:33:30 logger.go:63: 1732217610566682016 Lookup    /usr/lib/x86_64-linux-gnu/libstdc++.so.6.0.30
2024/11/21 19:33:30 logger.go:63: 1732217610566751048 Open      /usr/lib/x86_64-linux-gnu/libstdc++.so.6.0.30	26
2024/11/21 19:33:30 logger.go:63: 1732217610567033197 Close     /usr/lib/x86_64-linux-gnu/libstdc++.so.6.0.30	26
2024/11/21 19:33:30 logger.go:63: 1732217610567321478 Lookup    /usr/lib/x86_64-linux-gnu/libm.so.6
2024/11/21 19:33:30 logger.go:63: 1732217610567357447 Open      /usr/lib/x86_64-linux-gnu/libm.so.6	27
2024/11/21 19:33:30 logger.go:63: 1732217610567619337 Close     /usr/lib/x86_64-linux-gnu/libm.so.6	27
2024/11/21 19:33:30 logger.go:63: 1732217610567908400 Lookup    /usr/lib/x86_64-linux-gnu/libgcc_s.so.1
2024/11/21 19:33:30 logger.go:63: 1732217610567946453 Open      /usr/lib/x86_64-linux-gnu/libgcc_s.so.1	28
2024/11/21 19:33:30 logger.go:63: 1732217610568168487 Close     /usr/lib/x86_64-linux-gnu/libgcc_s.so.1	28
2024/11/21 19:33:30 logger.go:63: 1732217610568368940 Lookup    /usr/lib/x86_64-linux-gnu/libc.so.6
2024/11/21 19:33:30 logger.go:63: 1732217610568401933 Open      /usr/lib/x86_64-linux-gnu/libc.so.6	29
2024/11/21 19:33:30 logger.go:63: 1732217610568773193 Close     /usr/lib/x86_64-linux-gnu/libc.so.6	29
2024/11/21 19:33:30 logger.go:63: 1732217610569053799 Lookup    /usr/lib/x86_64-linux-gnu/libhwloc.so.15
2024/11/21 19:33:30 logger.go:63: 1732217610569102382 Lookup    /usr/lib/x86_64-linux-gnu/libhwloc.so.15.5.2
2024/11/21 19:33:30 logger.go:63: 1732217610569174700 Open      /usr/lib/x86_64-linux-gnu/libhwloc.so.15.5.2	30
2024/11/21 19:33:30 logger.go:63: 1732217610569442923 Close     /usr/lib/x86_64-linux-gnu/libhwloc.so.15.5.2	30
2024/11/21 19:33:30 logger.go:63: 1732217610569788233 Lookup    /usr/lib/x86_64-linux-gnu/libfabric.so.1
2024/11/21 19:33:30 logger.go:63: 1732217610569825163 Lookup    /usr/lib/x86_64-linux-gnu/libfabric.so.1.14.0
2024/11/21 19:33:30 logger.go:63: 1732217610569892632 Open      /usr/lib/x86_64-linux-gnu/libfabric.so.1.14.0	31
2024/11/21 19:33:30 logger.go:63: 1732217610570171325 Close     /usr/lib/x86_64-linux-gnu/libfabric.so.1.14.0	31
2024/11/21 19:33:30 logger.go:63: 1732217610570384072 Lookup    /usr/lib/x86_64-linux-gnu/libudev.so.1
2024/11/21 19:33:30 logger.go:63: 1732217610570415562 Lookup    /usr/lib/x86_64-linux-gnu/libudev.so.1.7.2
2024/11/21 19:33:30 logger.go:63: 1732217610570480045 Open      /usr/lib/x86_64-linux-gnu/libudev.so.1.7.2	32
2024/11/21 19:33:30 logger.go:63: 1732217610570722869 Close     /usr/lib/x86_64-linux-gnu/libudev.so.1.7.2	32
2024/11/21 19:33:30 logger.go:63: 1732217610570937439 Lookup    /usr/lib/x86_64-linux-gnu/librdmacm.so.1
2024/11/21 19:33:30 logger.go:63: 1732217610570976023 Lookup    /usr/lib/x86_64-linux-gnu/librdmacm.so.1.3.39.0
2024/11/21 19:33:30 logger.go:63: 1732217610571052158 Open      /usr/lib/x86_64-linux-gnu/librdmacm.so.1.3.39.0	33
2024/11/21 19:33:30 logger.go:63: 1732217610571302607 Close     /usr/lib/x86_64-linux-gnu/librdmacm.so.1.3.39.0	33
2024/11/21 19:33:30 logger.go:63: 1732217610571514843 Lookup    /usr/lib/x86_64-linux-gnu/libefa.so.1
2024/11/21 19:33:30 logger.go:63: 1732217610571552906 Lookup    /usr/lib/x86_64-linux-gnu/libefa.so.1.1.39.0
2024/11/21 19:33:30 logger.go:63: 1732217610571616788 Open      /usr/lib/x86_64-linux-gnu/libefa.so.1.1.39.0	34
2024/11/21 19:33:30 logger.go:63: 1732217610571872887 Close     /usr/lib/x86_64-linux-gnu/libefa.so.1.1.39.0	34
2024/11/21 19:33:30 logger.go:63: 1732217610572094210 Lookup    /usr/lib/x86_64-linux-gnu/libibverbs.so.1
2024/11/21 19:33:30 logger.go:63: 1732217610572139226 Lookup    /usr/lib/x86_64-linux-gnu/libibverbs.so.1.14.39.0
2024/11/21 19:33:30 logger.go:63: 1732217610572212196 Open      /usr/lib/x86_64-linux-gnu/libibverbs.so.1.14.39.0	35
2024/11/21 19:33:30 logger.go:63: 1732217610572443027 Close     /usr/lib/x86_64-linux-gnu/libibverbs.so.1.14.39.0	35
2024/11/21 19:33:30 logger.go:63: 1732217610572660933 Lookup    /usr/lib/x86_64-linux-gnu/libpsm_infinipath.so.1
2024/11/21 19:33:30 logger.go:63: 1732217610572747950 Lookup    /etc/alternatives
2024/11/21 19:33:30 logger.go:63: 1732217610572770503 Lookup    /etc/alternatives/libpsm_infinipath.so.1
2024/11/21 19:33:30 logger.go:63: 1732217610572839034 Lookup    /usr/lib/libpsm1
2024/11/21 19:33:30 logger.go:63: 1732217610572860745 Lookup    /usr/lib/libpsm1/libpsm_infinipath.so.1.16
2024/11/21 19:33:30 logger.go:63: 1732217610572902064 Open      /usr/lib/libpsm1/libpsm_infinipath.so.1.16	36
2024/11/21 19:33:30 logger.go:63: 1732217610573176308 Close     /usr/lib/libpsm1/libpsm_infinipath.so.1.16	36
2024/11/21 19:33:30 logger.go:63: 1732217610573438790 Lookup    /usr/lib/x86_64-linux-gnu/libpsm2.so.2
2024/11/21 19:33:30 logger.go:63: 1732217610573475140 Lookup    /usr/lib/x86_64-linux-gnu/libpsm2.so.2.2
2024/11/21 19:33:30 logger.go:63: 1732217610573539723 Open      /usr/lib/x86_64-linux-gnu/libpsm2.so.2.2	37
2024/11/21 19:33:30 logger.go:63: 1732217610573809248 Close     /usr/lib/x86_64-linux-gnu/libpsm2.so.2.2	37
2024/11/21 19:33:30 logger.go:63: 1732217610574088963 Lookup    /usr/lib/x86_64-linux-gnu/libnl-3.so.200
2024/11/21 19:33:30 logger.go:63: 1732217610574132887 Lookup    /usr/lib/x86_64-linux-gnu/libnl-3.so.200.26.0
2024/11/21 19:33:30 logger.go:63: 1732217610574208000 Open      /usr/lib/x86_64-linux-gnu/libnl-3.so.200.26.0	38
2024/11/21 19:33:30 logger.go:63: 1732217610574434774 Close     /usr/lib/x86_64-linux-gnu/libnl-3.so.200.26.0	38
2024/11/21 19:33:30 logger.go:63: 1732217610574705942 Lookup    /usr/lib/x86_64-linux-gnu/libnl-route-3.so.200
2024/11/21 19:33:30 logger.go:63: 1732217610574746309 Lookup    /usr/lib/x86_64-linux-gnu/libnl-route-3.so.200.26.0
2024/11/21 19:33:30 logger.go:63: 1732217610574820401 Open      /usr/lib/x86_64-linux-gnu/libnl-route-3.so.200.26.0	39
2024/11/21 19:33:30 logger.go:63: 1732217610575073144 Close     /usr/lib/x86_64-linux-gnu/libnl-route-3.so.200.26.0	39
2024/11/21 19:33:30 logger.go:63: 1732217610575395560 Lookup    /usr/lib/x86_64-linux-gnu/libinfinipath.so.4
2024/11/21 19:33:30 logger.go:63: 1732217610575438362 Lookup    /usr/lib/x86_64-linux-gnu/libinfinipath.so.4.0
2024/11/21 19:33:30 logger.go:63: 1732217610575502935 Open      /usr/lib/x86_64-linux-gnu/libinfinipath.so.4.0	40
2024/11/21 19:33:30 logger.go:63: 1732217610575747733 Close     /usr/lib/x86_64-linux-gnu/libinfinipath.so.4.0	40
2024/11/21 19:33:30 logger.go:63: 1732217610575977432 Lookup    /usr/lib/x86_64-linux-gnu/librt.so.1
2024/11/21 19:33:30 logger.go:63: 1732217610576024462 Open      /usr/lib/x86_64-linux-gnu/librt.so.1	41
2024/11/21 19:33:30 logger.go:63: 1732217610576910676 Close     /usr/lib/x86_64-linux-gnu/librt.so.1	41
2024/11/21 19:33:30 logger.go:63: 1732217610577163359 Lookup    /usr/lib/x86_64-linux-gnu/libpthread.so.0
2024/11/21 19:33:30 logger.go:63: 1732217610577205620 Open      /usr/lib/x86_64-linux-gnu/libpthread.so.0	42
2024/11/21 19:33:30 logger.go:63: 1732217610577552873 Close     /usr/lib/x86_64-linux-gnu/libpthread.so.0	42
2024/11/21 19:33:30 logger.go:63: 1732217610577782973 Lookup    /usr/lib/x86_64-linux-gnu/libdl.so.2
2024/11/21 19:33:30 logger.go:63: 1732217610577817770 Open      /usr/lib/x86_64-linux-gnu/libdl.so.2	43
2024/11/21 19:33:30 logger.go:63: 1732217610578221842 Close     /usr/lib/x86_64-linux-gnu/libdl.so.2	43
2024/11/21 19:33:30 logger.go:63: 1732217610578440991 Lookup    /usr/lib/x86_64-linux-gnu/libuuid.so.1
2024/11/21 19:33:30 logger.go:63: 1732217610578477080 Lookup    /usr/lib/x86_64-linux-gnu/libuuid.so.1.3.0
2024/11/21 19:33:30 logger.go:63: 1732217610578540691 Open      /usr/lib/x86_64-linux-gnu/libuuid.so.1.3.0	44
2024/11/21 19:33:30 logger.go:63: 1732217610578757065 Close     /usr/lib/x86_64-linux-gnu/libuuid.so.1.3.0	44
2024/11/21 19:33:30 logger.go:63: 1732217610578968389 Lookup    /usr/lib/x86_64-linux-gnu/libnuma.so.1
2024/11/21 19:33:30 logger.go:63: 1732217610579035186 Lookup    /usr/lib/x86_64-linux-gnu/libnuma.so.1.0.0
2024/11/21 19:33:30 logger.go:63: 1732217610579106342 Open      /usr/lib/x86_64-linux-gnu/libnuma.so.1.0.0	45
2024/11/21 19:33:30 logger.go:63: 1732217610579319179 Close     /usr/lib/x86_64-linux-gnu/libnuma.so.1.0.0	45
2024/11/21 19:33:30 logger.go:63: 1732217610790840966 Lookup    /usr/lib/x86_64-linux-gnu/hwloc
2024/11/21 19:33:30 logger.go:63: 1732217610791036640 Lookup    /usr/lib/x86_64-linux-gnu/hwloc/hwloc_opencl.so
2024/11/21 19:33:30 logger.go:63: 1732217610791065184 Lookup    /usr/lib/x86_64-linux-gnu/hwloc/hwloc_xml_libxml.so
2024/11/21 19:33:30 logger.go:63: 1732217610791081025 Lookup    /usr/lib/x86_64-linux-gnu/hwloc/hwloc_gl.so
2024/11/21 19:33:30 logger.go:63: 1732217610791091995 Lookup    /usr/lib/x86_64-linux-gnu/hwloc/hwloc_pci.so
2024/11/21 19:33:30 logger.go:63: 1732217610791252632 Open      /usr/lib/x86_64-linux-gnu/hwloc/hwloc_opencl.so	51
2024/11/21 19:33:30 logger.go:63: 1732217610791480147 Close     /usr/lib/x86_64-linux-gnu/hwloc/hwloc_opencl.so	51
2024/11/21 19:33:30 logger.go:63: 1732217610791698354 Open      /etc/ld.so.cache	52
2024/11/21 19:33:30 logger.go:63: 1732217610791798626 Close     /etc/ld.so.cache	52
2024/11/21 19:33:30 logger.go:63: 1732217610791955997 Lookup    /usr/lib/x86_64-linux-gnu/libOpenCL.so.1
2024/11/21 19:33:30 logger.go:63: 1732217610792010731 Lookup    /usr/lib/x86_64-linux-gnu/libOpenCL.so.1.0.0
2024/11/21 19:33:30 logger.go:63: 1732217610792118277 Open      /usr/lib/x86_64-linux-gnu/libOpenCL.so.1.0.0	53
2024/11/21 19:33:30 logger.go:63: 1732217610792470390 Close     /usr/lib/x86_64-linux-gnu/libOpenCL.so.1.0.0	53
2024/11/21 19:33:30 logger.go:63: 1732217610792790652 Open      /usr/lib/x86_64-linux-gnu/hwloc/hwloc_xml_libxml.so	54
2024/11/21 19:33:30 logger.go:63: 1732217610793026633 Close     /usr/lib/x86_64-linux-gnu/hwloc/hwloc_xml_libxml.so	54
2024/11/21 19:33:30 logger.go:63: 1732217610793218430 Open      /etc/ld.so.cache	55
2024/11/21 19:33:30 logger.go:63: 1732217610793308452 Close     /etc/ld.so.cache	55
2024/11/21 19:33:30 logger.go:63: 1732217610793437699 Lookup    /usr/lib/x86_64-linux-gnu/libxml2.so.2
2024/11/21 19:33:30 logger.go:63: 1732217610793481843 Lookup    /usr/lib/x86_64-linux-gnu/libxml2.so.2.9.13
2024/11/21 19:33:30 logger.go:63: 1732217610793554572 Open      /usr/lib/x86_64-linux-gnu/libxml2.so.2.9.13	56
2024/11/21 19:33:30 logger.go:63: 1732217610793869574 Close     /usr/lib/x86_64-linux-gnu/libxml2.so.2.9.13	56
2024/11/21 19:33:30 logger.go:63: 1732217610794200617 Lookup    /usr/lib/x86_64-linux-gnu/libicuuc.so.70
2024/11/21 19:33:30 logger.go:63: 1732217610794245523 Lookup    /usr/lib/x86_64-linux-gnu/libicuuc.so.70.1
2024/11/21 19:33:30 logger.go:63: 1732217610794321478 Open      /usr/lib/x86_64-linux-gnu/libicuuc.so.70.1	57
2024/11/21 19:33:30 logger.go:63: 1732217610794601052 Close     /usr/lib/x86_64-linux-gnu/libicuuc.so.70.1	57
2024/11/21 19:33:30 logger.go:63: 1732217610794890315 Lookup    /usr/lib/x86_64-linux-gnu/libz.so.1
2024/11/21 19:33:30 logger.go:63: 1732217610794926414 Lookup    /usr/lib/x86_64-linux-gnu/libz.so.1.2.11
2024/11/21 19:33:30 logger.go:63: 1732217610795014643 Open      /usr/lib/x86_64-linux-gnu/libz.so.1.2.11	58
2024/11/21 19:33:30 logger.go:63: 1732217610795301281 Close     /usr/lib/x86_64-linux-gnu/libz.so.1.2.11	58
2024/11/21 19:33:30 logger.go:63: 1732217610795546589 Lookup    /usr/lib/x86_64-linux-gnu/liblzma.so.5
2024/11/21 19:33:30 logger.go:63: 1732217610795581717 Lookup    /usr/lib/x86_64-linux-gnu/liblzma.so.5.2.5
2024/11/21 19:33:30 logger.go:63: 1732217610795673121 Open      /usr/lib/x86_64-linux-gnu/liblzma.so.5.2.5	59
2024/11/21 19:33:30 logger.go:63: 1732217610795922518 Close     /usr/lib/x86_64-linux-gnu/liblzma.so.5.2.5	59
2024/11/21 19:33:30 logger.go:63: 1732217610796197093 Lookup    /usr/lib/x86_64-linux-gnu/libicudata.so.70
2024/11/21 19:33:30 logger.go:63: 1732217610796241387 Lookup    /usr/lib/x86_64-linux-gnu/libicudata.so.70.1
2024/11/21 19:33:30 logger.go:63: 1732217610796314587 Open      /usr/lib/x86_64-linux-gnu/libicudata.so.70.1	60
2024/11/21 19:33:30 logger.go:63: 1732217610796571198 Close     /usr/lib/x86_64-linux-gnu/libicudata.so.70.1	60
2024/11/21 19:33:30 logger.go:63: 1732217610797580176 Open      /usr/lib/x86_64-linux-gnu/hwloc/hwloc_gl.so	61
2024/11/21 19:33:30 logger.go:63: 1732217610797791129 Close     /usr/lib/x86_64-linux-gnu/hwloc/hwloc_gl.so	61
2024/11/21 19:33:30 logger.go:63: 1732217610797973769 Open      /etc/ld.so.cache	62
2024/11/21 19:33:30 logger.go:63: 1732217610798065734 Close     /etc/ld.so.cache	62
2024/11/21 19:33:30 logger.go:63: 1732217610798199861 Lookup    /usr/lib/x86_64-linux-gnu/libXNVCtrl.so.0
2024/11/21 19:33:30 logger.go:63: 1732217610798241540 Lookup    /usr/lib/x86_64-linux-gnu/libXNVCtrl.so.0.0.0
2024/11/21 19:33:30 logger.go:63: 1732217610798314540 Open      /usr/lib/x86_64-linux-gnu/libXNVCtrl.so.0.0.0	63
2024/11/21 19:33:30 logger.go:63: 1732217610798546463 Close     /usr/lib/x86_64-linux-gnu/libXNVCtrl.so.0.0.0	63
2024/11/21 19:33:30 logger.go:63: 1732217610798771493 Lookup    /usr/lib/x86_64-linux-gnu/libX11.so.6
2024/11/21 19:33:30 logger.go:63: 1732217610798821048 Lookup    /usr/lib/x86_64-linux-gnu/libX11.so.6.4.0
2024/11/21 19:33:30 logger.go:63: 1732217610798893266 Open      /usr/lib/x86_64-linux-gnu/libX11.so.6.4.0	64
2024/11/21 19:33:30 logger.go:63: 1732217610799178832 Close     /usr/lib/x86_64-linux-gnu/libX11.so.6.4.0	64
2024/11/21 19:33:30 logger.go:63: 1732217610799468064 Lookup    /usr/lib/x86_64-linux-gnu/libXext.so.6
2024/11/21 19:33:30 logger.go:63: 1732217610799508091 Lookup    /usr/lib/x86_64-linux-gnu/libXext.so.6.4.0
2024/11/21 19:33:30 logger.go:63: 1732217610799579888 Open      /usr/lib/x86_64-linux-gnu/libXext.so.6.4.0	65
2024/11/21 19:33:30 logger.go:63: 1732217610799826129 Close     /usr/lib/x86_64-linux-gnu/libXext.so.6.4.0	65
2024/11/21 19:33:30 logger.go:63: 1732217610800082389 Lookup    /usr/lib/x86_64-linux-gnu/libxcb.so.1
2024/11/21 19:33:30 logger.go:63: 1732217610800125040 Lookup    /usr/lib/x86_64-linux-gnu/libxcb.so.1.1.0
2024/11/21 19:33:30 logger.go:63: 1732217610800197639 Open      /usr/lib/x86_64-linux-gnu/libxcb.so.1.1.0	66
2024/11/21 19:33:30 logger.go:63: 1732217610800451865 Close     /usr/lib/x86_64-linux-gnu/libxcb.so.1.1.0	66
2024/11/21 19:33:30 logger.go:63: 1732217610800741729 Lookup    /usr/lib/x86_64-linux-gnu/libXau.so.6
2024/11/21 19:33:30 logger.go:63: 1732217610800785202 Lookup    /usr/lib/x86_64-linux-gnu/libXau.so.6.0.0
2024/11/21 19:33:30 logger.go:63: 1732217610800854434 Open      /usr/lib/x86_64-linux-gnu/libXau.so.6.0.0	67
2024/11/21 19:33:30 logger.go:63: 1732217610801099362 Close     /usr/lib/x86_64-linux-gnu/libXau.so.6.0.0	67
2024/11/21 19:33:30 logger.go:63: 1732217610801331346 Lookup    /usr/lib/x86_64-linux-gnu/libXdmcp.so.6
2024/11/21 19:33:30 logger.go:63: 1732217610801371402 Lookup    /usr/lib/x86_64-linux-gnu/libXdmcp.so.6.0.0
2024/11/21 19:33:30 logger.go:63: 1732217610801448029 Open      /usr/lib/x86_64-linux-gnu/libXdmcp.so.6.0.0	68
2024/11/21 19:33:30 logger.go:63: 1732217610801672438 Close     /usr/lib/x86_64-linux-gnu/libXdmcp.so.6.0.0	68
2024/11/21 19:33:30 logger.go:63: 1732217610801905243 Lookup    /usr/lib/x86_64-linux-gnu/libbsd.so.0
2024/11/21 19:33:30 logger.go:63: 1732217610801947393 Lookup    /usr/lib/x86_64-linux-gnu/libbsd.so.0.11.5
2024/11/21 19:33:30 logger.go:63: 1732217610802033147 Open      /usr/lib/x86_64-linux-gnu/libbsd.so.0.11.5	69
2024/11/21 19:33:30 logger.go:63: 1732217610802321558 Close     /usr/lib/x86_64-linux-gnu/libbsd.so.0.11.5	69
2024/11/21 19:33:30 logger.go:63: 1732217610802561196 Lookup    /usr/lib/x86_64-linux-gnu/libmd.so.0
2024/11/21 19:33:30 logger.go:63: 1732217610802608847 Lookup    /usr/lib/x86_64-linux-gnu/libmd.so.0.0.5
2024/11/21 19:33:30 logger.go:63: 1732217610802678180 Open      /usr/lib/x86_64-linux-gnu/libmd.so.0.0.5	70
2024/11/21 19:33:30 logger.go:63: 1732217610802905474 Close     /usr/lib/x86_64-linux-gnu/libmd.so.0.0.5	70
2024/11/21 19:33:30 logger.go:63: 1732217610803493017 Open      /usr/lib/x86_64-linux-gnu/hwloc/hwloc_pci.so	71
2024/11/21 19:33:30 logger.go:63: 1732217610803725872 Close     /usr/lib/x86_64-linux-gnu/hwloc/hwloc_pci.so	71
2024/11/21 19:33:30 logger.go:63: 1732217610803909022 Open      /etc/ld.so.cache	72
2024/11/21 19:33:30 logger.go:63: 1732217610804020335 Close     /etc/ld.so.cache	72
2024/11/21 19:33:30 logger.go:63: 1732217610804150945 Lookup    /usr/lib/x86_64-linux-gnu/libpciaccess.so.0
2024/11/21 19:33:30 logger.go:63: 1732217610804190140 Lookup    /usr/lib/x86_64-linux-gnu/libpciaccess.so.0.11.1
2024/11/21 19:33:30 logger.go:63: 1732217610804262728 Open      /usr/lib/x86_64-linux-gnu/libpciaccess.so.0.11.1	73
2024/11/21 19:33:30 logger.go:63: 1732217610804500152 Close     /usr/lib/x86_64-linux-gnu/libpciaccess.so.0.11.1	73
2024/11/21 19:33:31 logger.go:63: 1732217611077984085 Lookup    /run      
2024/11/21 19:33:31 logger.go:63: 1732217611083613795 Lookup    /var      
2024/11/21 19:33:31 logger.go:63: 1732217611083649583 Lookup    /var/run  
2024/11/21 19:33:31 logger.go:63: 1732217611084890875 Lookup    /etc/gai.conf
2024/11/21 19:33:31 logger.go:63: 1732217611084948245 Open      /etc/gai.conf	50
2024/11/21 19:33:31 logger.go:63: 1732217611085103301 Close     /etc/gai.conf	50
2024/11/21 19:33:31 logger.go:63: 1732217611093597125 Lookup    /usr/share
2024/11/21 19:33:31 logger.go:63: 1732217611093652481 Lookup    /usr/share/misc
2024/11/21 19:33:31 logger.go:63: 1732217611110151745 Open      /etc/ld.so.cache	74
2024/11/21 19:33:31 logger.go:63: 1732217611110265493 Close     /etc/ld.so.cache	74
2024/11/21 19:33:31 logger.go:63: 1732217611119022269 Open      /etc/ld.so.cache	75
2024/11/21 19:33:31 logger.go:63: 1732217611119115688 Close     /etc/ld.so.cache	75
2024/11/21 19:33:31 logger.go:63: 1732217611119806819 Open      /etc/ld.so.cache	76
2024/11/21 19:33:31 logger.go:63: 1732217611119895018 Close     /etc/ld.so.cache	76
2024/11/21 19:33:31 logger.go:63: 1732217611120639931 Open      /etc/ld.so.cache	77
2024/11/21 19:33:31 logger.go:63: 1732217611120730234 Close     /etc/ld.so.cache	77
2024/11/21 19:33:31 logger.go:63: 1732217611121446152 Open      /etc/ld.so.cache	78
2024/11/21 19:33:31 logger.go:63: 1732217611121538919 Close     /etc/ld.so.cache	78
2024/11/21 19:33:31 logger.go:63: 1732217611122239639 Open      /etc/ld.so.cache	79
2024/11/21 19:33:31 logger.go:63: 1732217611122334280 Close     /etc/ld.so.cache	79
2024/11/21 19:33:31 logger.go:63: 1732217611123037033 Open      /etc/ld.so.cache	80
2024/11/21 19:33:31 logger.go:63: 1732217611123131403 Close     /etc/ld.so.cache	80
2024/11/21 19:33:31 logger.go:63: 1732217611123817334 Open      /etc/ld.so.cache	81
2024/11/21 19:33:31 logger.go:63: 1732217611123905803 Close     /etc/ld.so.cache	81
2024/11/21 19:33:31 logger.go:63: 1732217611124595141 Open      /etc/ld.so.cache	82
2024/11/21 19:33:31 logger.go:63: 1732217611124684551 Close     /etc/ld.so.cache	82
2024/11/21 19:33:31 logger.go:63: 1732217611125394909 Open      /etc/ld.so.cache	83
2024/11/21 19:33:31 logger.go:63: 1732217611125485422 Close     /etc/ld.so.cache	83
2024/11/21 19:33:31 logger.go:63: 1732217611126203064 Open      /etc/ld.so.cache	84
2024/11/21 19:33:31 logger.go:63: 1732217611126291423 Close     /etc/ld.so.cache	84
2024/11/21 19:33:31 logger.go:63: 1732217611127005638 Open      /etc/ld.so.cache	85
2024/11/21 19:33:31 logger.go:63: 1732217611127099738 Close     /etc/ld.so.cache	85
2024/11/21 19:33:31 logger.go:63: 1732217611127799926 Open      /etc/ld.so.cache	86
2024/11/21 19:33:31 logger.go:63: 1732217611127889016 Close     /etc/ld.so.cache	86
2024/11/21 19:33:31 logger.go:63: 1732217611128601027 Open      /etc/ld.so.cache	87
2024/11/21 19:33:31 logger.go:63: 1732217611128702922 Close     /etc/ld.so.cache	87
2024/11/21 19:33:31 logger.go:63: 1732217611129432987 Open      /etc/ld.so.cache	88
2024/11/21 19:33:31 logger.go:63: 1732217611129531836 Close     /etc/ld.so.cache	88
2024/11/21 19:33:31 logger.go:63: 1732217611130253796 Open      /etc/ld.so.cache	89
2024/11/21 19:33:31 logger.go:63: 1732217611130357193 Close     /etc/ld.so.cache	89
2024/11/21 19:33:31 logger.go:63: 1732217611131094332 Open      /etc/ld.so.cache	90
2024/11/21 19:33:31 logger.go:63: 1732217611131185967 Close     /etc/ld.so.cache	90
2024/11/21 19:33:31 logger.go:63: 1732217611142023902 Lookup    /opt/lammps/examples/reaxff/HNS/in.reaxc.hns
2024/11/21 19:33:31 logger.go:63: 1732217611142099947 Open      /opt/lammps/examples/reaxff/HNS/in.reaxc.hns	91
2024/11/21 19:33:31 logger.go:63: 1732217611143084699 Lookup    /opt/lammps/examples/reaxff/HNS/data.hns-equil
2024/11/21 19:33:31 logger.go:63: 1732217611143136949 Open      /opt/lammps/examples/reaxff/HNS/data.hns-equil	92
2024/11/21 19:33:31 logger.go:63: 1732217611143175833 Close     /opt/lammps/examples/reaxff/HNS/data.hns-equil	92
2024/11/21 19:33:31 logger.go:63: 1732217611143288268 Open      /opt/lammps/examples/reaxff/HNS/data.hns-equil	93
2024/11/21 19:33:31 logger.go:63: 1732217611145469737 Close     /opt/lammps/examples/reaxff/HNS/data.hns-equil	93
2024/11/21 19:33:31 logger.go:63: 1732217611147670824 Lookup    /opt/lammps/examples/reaxff/HNS/ffield.reax.hns
2024/11/21 19:33:31 logger.go:63: 1732217611147723555 Open      /opt/lammps/examples/reaxff/HNS/ffield.reax.hns	94
2024/11/21 19:33:31 logger.go:63: 1732217611147763091 Close     /opt/lammps/examples/reaxff/HNS/ffield.reax.hns	94
2024/11/21 19:33:31 logger.go:63: 1732217611147839557 Open      /opt/lammps/examples/reaxff/HNS/ffield.reax.hns	95
2024/11/21 19:33:31 logger.go:63: 1732217611147950299 Close     /opt/lammps/examples/reaxff/HNS/ffield.reax.hns	95
2024/11/21 19:33:31 logger.go:63: 1732217611148053957 Open      /opt/lammps/examples/reaxff/HNS/ffield.reax.hns	96
2024/11/21 19:33:31 logger.go:63: 1732217611148170580 Close     /opt/lammps/examples/reaxff/HNS/ffield.reax.hns	96
2024/11/21 19:33:31 logger.go:63: 1732217611148246525 Open      /opt/lammps/examples/reaxff/HNS/ffield.reax.hns	97
2024/11/21 19:33:31 logger.go:63: 1732217611149393928 Close     /opt/lammps/examples/reaxff/HNS/ffield.reax.hns	97
2024/11/21 19:35:11 logger.go:63: 1732217711671606795 Close     /opt/lammps/examples/reaxff/HNS/in.reaxc.hns	91
2024/11/21 19:35:11 logger.go:63: 1732217711687985610 Complete  /tmp/out/lammps-recording.out