2024/11/19 23:28:46 logger.go:55: 1732058926813171305 Lookup     /etc
2024/11/19 23:28:46 logger.go:55: 1732058926813320100 Lookup     /etc/host.conf
2024/11/19 23:28:46 logger.go:55: 1732058926813358355 Lookup     /etc/hosts
2024/11/19 23:28:46 logger.go:55: 1732058926813408154 Lookup     /etc/nsswitch.conf
2024/11/19 23:28:46 logger.go:55: 1732058926813436710 Lookup     /etc/resolv.conf
2024/11/19 23:28:46 logger.go:55: 1732058926813463984 Lookup     /dev
2024/11/19 23:28:46 logger.go:55: 1732058926813486058 Lookup     /sys
2024/11/19 23:28:46 logger.go:55: 1732058926813515406 Lookup     /proc
2024/11/19 23:28:46 logger.go:55: 1732058926813539784 Lookup     /tmp
2024/11/19 23:28:46 logger.go:55: 1732058926813563621 Lookup     /root
2024/11/19 23:28:46 logger.go:55: 1732058926813613821 Lookup     /opt
2024/11/19 23:28:46 logger.go:55: 1732058926813637888 Lookup     /opt/lammps
2024/11/19 23:28:46 logger.go:55: 1732058926813671425 Lookup     /opt/lammps/examples
2024/11/19 23:28:46 logger.go:55: 1732058926813699961 Lookup     /opt/lammps/examples/reax
2024/11/19 23:28:46 logger.go:55: 1732058926813731884 Lookup     /opt/lammps/examples/reax/HNS
2024/11/19 23:28:46 logger.go:55: 1732058926813866771 Lookup     /usr
2024/11/19 23:28:46 logger.go:55: 1732058926813895668 Lookup     /usr/local
2024/11/19 23:28:46 logger.go:55: 1732058926813919956 Lookup     /usr/local/sbin
2024/11/19 23:28:46 logger.go:55: 1732058926814020445 Lookup     /usr/local/bin
2024/11/19 23:28:46 logger.go:55: 1732058926814124050 Lookup     /usr/sbin
2024/11/19 23:28:46 logger.go:55: 1732058926814222875 Lookup     /usr/bin
2024/11/19 23:28:46 logger.go:55: 1732058926814260369 Lookup     /usr/bin/lmp
2024/11/19 23:28:46 logger.go:55: 1732058926814548810 Open       /usr/bin/lmp
2024/11/19 23:28:46 logger.go:55: 1732058926814633978 Close      /usr/bin/lmp
2024/11/19 23:28:46 logger.go:55: 1732058926814660220 Open       /usr/bin/lmp
2024/11/19 23:28:46 logger.go:55: 1732058926814717614 Lookup     /lib64
2024/11/19 23:28:46 logger.go:55: 1732058926814761501 Lookup     /usr/lib64
2024/11/19 23:28:46 logger.go:55: 1732058926814838373 Lookup     /usr/lib64/ld-linux-x86-64.so.2
2024/11/19 23:28:46 logger.go:55: 1732058926814913100 Lookup     /lib
2024/11/19 23:28:46 logger.go:55: 1732058926814948961 Lookup     /usr/lib
2024/11/19 23:28:46 logger.go:55: 1732058926815022777 Lookup     /usr/lib/x86_64-linux-gnu
2024/11/19 23:28:46 logger.go:55: 1732058926815048338 Lookup     /usr/lib/x86_64-linux-gnu/ld-linux-x86-64.so.2
2024/11/19 23:28:46 logger.go:55: 1732058926815120050 Close      /usr/bin/lmp
2024/11/19 23:28:46 logger.go:55: 1732058926815142675 Open       /usr/lib/x86_64-linux-gnu/ld-linux-x86-64.so.2
2024/11/19 23:28:46 logger.go:55: 1732058926815203645 Close      /usr/lib/x86_64-linux-gnu/ld-linux-x86-64.so.2
2024/11/19 23:28:46 logger.go:55: 1732058926815807830 Open       /usr/bin/lmp
2024/11/19 23:28:46 logger.go:55: 1732058926816058516 Close      /usr/bin/lmp
2024/11/19 23:28:46 logger.go:55: 1732058926816330755 Open       /usr/lib/x86_64-linux-gnu/ld-linux-x86-64.so.2
2024/11/19 23:28:46 logger.go:55: 1732058926816538866 Close      /usr/lib/x86_64-linux-gnu/ld-linux-x86-64.so.2
2024/11/19 23:28:46 logger.go:55: 1732058926817074586 Lookup     /opt/software
2024/11/19 23:28:46 logger.go:55: 1732058926817116168 Lookup     /opt/software/linux-rocky9-x86_64
2024/11/19 23:28:46 logger.go:55: 1732058926817144855 Lookup     /opt/software/linux-rocky9-x86_64/gcc-11.4.1
2024/11/19 23:28:46 logger.go:55: 1732058926817172991 Lookup     /opt/software/linux-rocky9-x86_64/gcc-11.4.1/flux-core-0.61.2-va52p5ph7ylanopgk7ranjgtjgc2wb5y
2024/11/19 23:28:46 logger.go:55: 1732058926817219022 Lookup     /opt/software/linux-rocky9-x86_64/gcc-11.4.1/flux-core-0.61.2-va52p5ph7ylanopgk7ranjgtjgc2wb5y/lib
2024/11/19 23:28:46 logger.go:55: 1732058926817245133 Lookup     /opt/software/linux-rocky9-x86_64/gcc-11.4.1/flux-core-0.61.2-va52p5ph7ylanopgk7ranjgtjgc2wb5y/lib/flux
2024/11/19 23:28:46 logger.go:55: 1732058926819645782 Lookup     /etc/ld.so.cache
2024/11/19 23:28:46 logger.go:55: 1732058926819683967 Open       /etc/ld.so.cache
2024/11/19 23:28:46 logger.go:55: 1732058926819783163 Close      /etc/ld.so.cache
2024/11/19 23:28:46 logger.go:55: 1732058926819932398 Lookup     /usr/lib/x86_64-linux-gnu/libmpich.so.12
2024/11/19 23:28:46 logger.go:55: 1732058926819976355 Lookup     /usr/lib/x86_64-linux-gnu/libmpich.so.12.2.0
2024/11/19 23:28:46 logger.go:55: 1732058926820047777 Open       /usr/lib/x86_64-linux-gnu/libmpich.so.12.2.0
2024/11/19 23:28:46 logger.go:55: 1732058926820356918 Close      /usr/lib/x86_64-linux-gnu/libmpich.so.12.2.0
2024/11/19 23:28:46 logger.go:55: 1732058926820697081 Lookup     /usr/lib/x86_64-linux-gnu/libstdc++.so.6
2024/11/19 23:28:46 logger.go:55: 1732058926820740607 Lookup     /usr/lib/x86_64-linux-gnu/libstdc++.so.6.0.30
2024/11/19 23:28:46 logger.go:55: 1732058926820810475 Open       /usr/lib/x86_64-linux-gnu/libstdc++.so.6.0.30
2024/11/19 23:28:46 logger.go:55: 1732058926821194505 Close      /usr/lib/x86_64-linux-gnu/libstdc++.so.6.0.30
2024/11/19 23:28:46 logger.go:55: 1732058926821542403 Lookup     /usr/lib/x86_64-linux-gnu/libm.so.6
2024/11/19 23:28:46 logger.go:55: 1732058926821578414 Open       /usr/lib/x86_64-linux-gnu/libm.so.6
2024/11/19 23:28:46 logger.go:55: 1732058926821856985 Close      /usr/lib/x86_64-linux-gnu/libm.so.6
2024/11/19 23:28:46 logger.go:55: 1732058926822298048 Lookup     /usr/lib/x86_64-linux-gnu/libgcc_s.so.1
2024/11/19 23:28:46 logger.go:55: 1732058926822359689 Open       /usr/lib/x86_64-linux-gnu/libgcc_s.so.1
2024/11/19 23:28:46 logger.go:55: 1732058926822794940 Close      /usr/lib/x86_64-linux-gnu/libgcc_s.so.1
2024/11/19 23:28:46 logger.go:55: 1732058926823060375 Lookup     /usr/lib/x86_64-linux-gnu/libc.so.6
2024/11/19 23:28:46 logger.go:55: 1732058926823099353 Open       /usr/lib/x86_64-linux-gnu/libc.so.6
2024/11/19 23:28:46 logger.go:55: 1732058926823583480 Close      /usr/lib/x86_64-linux-gnu/libc.so.6
2024/11/19 23:28:46 logger.go:55: 1732058926824158417 Lookup     /usr/lib/x86_64-linux-gnu/libhwloc.so.15
2024/11/19 23:28:46 logger.go:55: 1732058926824209188 Lookup     /usr/lib/x86_64-linux-gnu/libhwloc.so.15.5.2
2024/11/19 23:28:46 logger.go:55: 1732058926824285779 Open       /usr/lib/x86_64-linux-gnu/libhwloc.so.15.5.2
2024/11/19 23:28:46 logger.go:55: 1732058926824589911 Close      /usr/lib/x86_64-linux-gnu/libhwloc.so.15.5.2
2024/11/19 23:28:46 logger.go:55: 1732058926824932528 Lookup     /usr/lib/x86_64-linux-gnu/libfabric.so.1
2024/11/19 23:28:46 logger.go:55: 1732058926824976195 Lookup     /usr/lib/x86_64-linux-gnu/libfabric.so.1.14.0
2024/11/19 23:28:46 logger.go:55: 1732058926825050502 Open       /usr/lib/x86_64-linux-gnu/libfabric.so.1.14.0
2024/11/19 23:28:46 logger.go:55: 1732058926825388911 Close      /usr/lib/x86_64-linux-gnu/libfabric.so.1.14.0
2024/11/19 23:28:46 logger.go:55: 1732058926825638906 Lookup     /usr/lib/x86_64-linux-gnu/libudev.so.1
2024/11/19 23:28:46 logger.go:55: 1732058926825675508 Lookup     /usr/lib/x86_64-linux-gnu/libudev.so.1.7.2
2024/11/19 23:28:46 logger.go:55: 1732058926825754033 Open       /usr/lib/x86_64-linux-gnu/libudev.so.1.7.2
2024/11/19 23:28:46 logger.go:55: 1732058926826047163 Close      /usr/lib/x86_64-linux-gnu/libudev.so.1.7.2
2024/11/19 23:28:46 logger.go:55: 1732058926826339451 Lookup     /usr/lib/x86_64-linux-gnu/librdmacm.so.1
2024/11/19 23:28:46 logger.go:55: 1732058926826385733 Lookup     /usr/lib/x86_64-linux-gnu/librdmacm.so.1.3.39.0
2024/11/19 23:28:46 logger.go:55: 1732058926826458136 Open       /usr/lib/x86_64-linux-gnu/librdmacm.so.1.3.39.0
2024/11/19 23:28:46 logger.go:55: 1732058926826758520 Close      /usr/lib/x86_64-linux-gnu/librdmacm.so.1.3.39.0
2024/11/19 23:28:46 logger.go:55: 1732058926827010609 Lookup     /usr/lib/x86_64-linux-gnu/libefa.so.1
2024/11/19 23:28:46 logger.go:55: 1732058926827059375 Lookup     /usr/lib/x86_64-linux-gnu/libefa.so.1.1.39.0
2024/11/19 23:28:46 logger.go:55: 1732058926827142981 Open       /usr/lib/x86_64-linux-gnu/libefa.so.1.1.39.0
2024/11/19 23:28:46 logger.go:55: 1732058926827409718 Close      /usr/lib/x86_64-linux-gnu/libefa.so.1.1.39.0
2024/11/19 23:28:46 logger.go:55: 1732058926827664442 Lookup     /usr/lib/x86_64-linux-gnu/libibverbs.so.1
2024/11/19 23:28:46 logger.go:55: 1732058926827714972 Lookup     /usr/lib/x86_64-linux-gnu/libibverbs.so.1.14.39.0
2024/11/19 23:28:46 logger.go:55: 1732058926827785191 Open       /usr/lib/x86_64-linux-gnu/libibverbs.so.1.14.39.0
2024/11/19 23:28:46 logger.go:55: 1732058926828078100 Close      /usr/lib/x86_64-linux-gnu/libibverbs.so.1.14.39.0
2024/11/19 23:28:46 logger.go:55: 1732058926828342323 Lookup     /usr/lib/x86_64-linux-gnu/libpsm_infinipath.so.1
2024/11/19 23:28:46 logger.go:55: 1732058926828445797 Lookup     /etc/alternatives
2024/11/19 23:28:46 logger.go:55: 1732058926828471989 Lookup     /etc/alternatives/libpsm_infinipath.so.1
2024/11/19 23:28:46 logger.go:55: 1732058926828546306 Lookup     /usr/lib/libpsm1
2024/11/19 23:28:46 logger.go:55: 1732058926828571135 Lookup     /usr/lib/libpsm1/libpsm_infinipath.so.1.16
2024/11/19 23:28:46 logger.go:55: 1732058926828613008 Open       /usr/lib/libpsm1/libpsm_infinipath.so.1.16
2024/11/19 23:28:46 logger.go:55: 1732058926828937049 Close      /usr/lib/libpsm1/libpsm_infinipath.so.1.16
2024/11/19 23:28:46 logger.go:55: 1732058926829252173 Lookup     /usr/lib/x86_64-linux-gnu/libpsm2.so.2
2024/11/19 23:28:46 logger.go:55: 1732058926829304426 Lookup     /usr/lib/x86_64-linux-gnu/libpsm2.so.2.2
2024/11/19 23:28:46 logger.go:55: 1732058926829377480 Open       /usr/lib/x86_64-linux-gnu/libpsm2.so.2.2
2024/11/19 23:28:46 logger.go:55: 1732058926829699698 Close      /usr/lib/x86_64-linux-gnu/libpsm2.so.2.2
2024/11/19 23:28:46 logger.go:55: 1732058926829957417 Lookup     /usr/lib/x86_64-linux-gnu/libnl-3.so.200
2024/11/19 23:28:46 logger.go:55: 1732058926829999401 Lookup     /usr/lib/x86_64-linux-gnu/libnl-3.so.200.26.0
2024/11/19 23:28:46 logger.go:55: 1732058926830073357 Open       /usr/lib/x86_64-linux-gnu/libnl-3.so.200.26.0
2024/11/19 23:28:46 logger.go:55: 1732058926830369362 Close      /usr/lib/x86_64-linux-gnu/libnl-3.so.200.26.0
2024/11/19 23:28:46 logger.go:55: 1732058926830665969 Lookup     /usr/lib/x86_64-linux-gnu/libnl-route-3.so.200
2024/11/19 23:28:46 logger.go:55: 1732058926830708423 Lookup     /usr/lib/x86_64-linux-gnu/libnl-route-3.so.200.26.0
2024/11/19 23:28:46 logger.go:55: 1732058926830778692 Open       /usr/lib/x86_64-linux-gnu/libnl-route-3.so.200.26.0
2024/11/19 23:28:46 logger.go:55: 1732058926831063635 Close      /usr/lib/x86_64-linux-gnu/libnl-route-3.so.200.26.0
2024/11/19 23:28:46 logger.go:55: 1732058926831398788 Lookup     /usr/lib/x86_64-linux-gnu/libinfinipath.so.4
2024/11/19 23:28:46 logger.go:55: 1732058926831443407 Lookup     /usr/lib/x86_64-linux-gnu/libinfinipath.so.4.0
2024/11/19 23:28:46 logger.go:55: 1732058926831512874 Open       /usr/lib/x86_64-linux-gnu/libinfinipath.so.4.0
2024/11/19 23:28:46 logger.go:55: 1732058926831790303 Close      /usr/lib/x86_64-linux-gnu/libinfinipath.so.4.0
2024/11/19 23:28:46 logger.go:55: 1732058926832052391 Lookup     /usr/lib/x86_64-linux-gnu/librt.so.1
2024/11/19 23:28:46 logger.go:55: 1732058926832093112 Open       /usr/lib/x86_64-linux-gnu/librt.so.1
2024/11/19 23:28:46 logger.go:55: 1732058926832504866 Close      /usr/lib/x86_64-linux-gnu/librt.so.1
2024/11/19 23:28:46 logger.go:55: 1732058926832767385 Lookup     /usr/lib/x86_64-linux-gnu/libpthread.so.0
2024/11/19 23:28:46 logger.go:55: 1732058926832803898 Open       /usr/lib/x86_64-linux-gnu/libpthread.so.0
2024/11/19 23:28:46 logger.go:55: 1732058926833405638 Close      /usr/lib/x86_64-linux-gnu/libpthread.so.0
2024/11/19 23:28:46 logger.go:55: 1732058926833669570 Lookup     /usr/lib/x86_64-linux-gnu/libdl.so.2
2024/11/19 23:28:46 logger.go:55: 1732058926833711383 Open       /usr/lib/x86_64-linux-gnu/libdl.so.2
2024/11/19 23:28:46 logger.go:55: 1732058926834187785 Close      /usr/lib/x86_64-linux-gnu/libdl.so.2
2024/11/19 23:28:46 logger.go:55: 1732058926834428451 Lookup     /usr/lib/x86_64-linux-gnu/libuuid.so.1
2024/11/19 23:28:46 logger.go:55: 1732058926834469272 Lookup     /usr/lib/x86_64-linux-gnu/libuuid.so.1.3.0
2024/11/19 23:28:46 logger.go:55: 1732058926834539390 Open       /usr/lib/x86_64-linux-gnu/libuuid.so.1.3.0
2024/11/19 23:28:46 logger.go:55: 1732058926834787661 Close      /usr/lib/x86_64-linux-gnu/libuuid.so.1.3.0
2024/11/19 23:28:46 logger.go:55: 1732058926835037255 Lookup     /usr/lib/x86_64-linux-gnu/libnuma.so.1
2024/11/19 23:28:46 logger.go:55: 1732058926835082114 Lookup     /usr/lib/x86_64-linux-gnu/libnuma.so.1.0.0
2024/11/19 23:28:46 logger.go:55: 1732058926835161431 Open       /usr/lib/x86_64-linux-gnu/libnuma.so.1.0.0
2024/11/19 23:28:46 logger.go:55: 1732058926835431004 Close      /usr/lib/x86_64-linux-gnu/libnuma.so.1.0.0
2024/11/19 23:28:47 logger.go:55: 1732058927045779335 Lookup     /usr/lib/x86_64-linux-gnu/hwloc
2024/11/19 23:28:47 logger.go:55: 1732058927046011284 Lookup     /usr/lib/x86_64-linux-gnu/hwloc/hwloc_opencl.so
2024/11/19 23:28:47 logger.go:55: 1732058927046029399 Lookup     /usr/lib/x86_64-linux-gnu/hwloc/hwloc_xml_libxml.so
2024/11/19 23:28:47 logger.go:55: 1732058927046042846 Lookup     /usr/lib/x86_64-linux-gnu/hwloc/hwloc_gl.so
2024/11/19 23:28:47 logger.go:55: 1732058927046053287 Lookup     /usr/lib/x86_64-linux-gnu/hwloc/hwloc_pci.so
2024/11/19 23:28:47 logger.go:55: 1732058927046224345 Open       /usr/lib/x86_64-linux-gnu/hwloc/hwloc_opencl.so
2024/11/19 23:28:47 logger.go:55: 1732058927046478938 Close      /usr/lib/x86_64-linux-gnu/hwloc/hwloc_opencl.so
2024/11/19 23:28:47 logger.go:55: 1732058927046690687 Open       /etc/ld.so.cache
2024/11/19 23:28:47 logger.go:55: 1732058927046791777 Close      /etc/ld.so.cache
2024/11/19 23:28:47 logger.go:55: 1732058927046943537 Lookup     /usr/lib/x86_64-linux-gnu/libOpenCL.so.1
2024/11/19 23:28:47 logger.go:55: 1732058927046985240 Lookup     /usr/lib/x86_64-linux-gnu/libOpenCL.so.1.0.0
2024/11/19 23:28:47 logger.go:55: 1732058927047051641 Open       /usr/lib/x86_64-linux-gnu/libOpenCL.so.1.0.0
2024/11/19 23:28:47 logger.go:55: 1732058927047336955 Close      /usr/lib/x86_64-linux-gnu/libOpenCL.so.1.0.0
2024/11/19 23:28:47 logger.go:55: 1732058927047635666 Open       /usr/lib/x86_64-linux-gnu/hwloc/hwloc_xml_libxml.so
2024/11/19 23:28:47 logger.go:55: 1732058927047882775 Close      /usr/lib/x86_64-linux-gnu/hwloc/hwloc_xml_libxml.so
2024/11/19 23:28:47 logger.go:55: 1732058927048067580 Open       /etc/ld.so.cache
2024/11/19 23:28:47 logger.go:55: 1732058927048176095 Close      /etc/ld.so.cache
2024/11/19 23:28:47 logger.go:55: 1732058927048310100 Lookup     /usr/lib/x86_64-linux-gnu/libxml2.so.2
2024/11/19 23:28:47 logger.go:55: 1732058927048352223 Lookup     /usr/lib/x86_64-linux-gnu/libxml2.so.2.9.13
2024/11/19 23:28:47 logger.go:55: 1732058927048423214 Open       /usr/lib/x86_64-linux-gnu/libxml2.so.2.9.13
2024/11/19 23:28:47 logger.go:55: 1732058927048738638 Close      /usr/lib/x86_64-linux-gnu/libxml2.so.2.9.13
2024/11/19 23:28:47 logger.go:55: 1732058927049055534 Lookup     /usr/lib/x86_64-linux-gnu/libicuuc.so.70
2024/11/19 23:28:47 logger.go:55: 1732058927049109271 Lookup     /usr/lib/x86_64-linux-gnu/libicuuc.so.70.1
2024/11/19 23:28:47 logger.go:55: 1732058927049183658 Open       /usr/lib/x86_64-linux-gnu/libicuuc.so.70.1
2024/11/19 23:28:47 logger.go:55: 1732058927049478932 Close      /usr/lib/x86_64-linux-gnu/libicuuc.so.70.1
2024/11/19 23:28:47 logger.go:55: 1732058927049787392 Lookup     /usr/lib/x86_64-linux-gnu/libz.so.1
2024/11/19 23:28:47 logger.go:55: 1732058927049826980 Lookup     /usr/lib/x86_64-linux-gnu/libz.so.1.2.11
2024/11/19 23:28:47 logger.go:55: 1732058927049894654 Open       /usr/lib/x86_64-linux-gnu/libz.so.1.2.11
2024/11/19 23:28:47 logger.go:55: 1732058927050193164 Close      /usr/lib/x86_64-linux-gnu/libz.so.1.2.11
2024/11/19 23:28:47 logger.go:55: 1732058927050444822 Lookup     /usr/lib/x86_64-linux-gnu/liblzma.so.5
2024/11/19 23:28:47 logger.go:55: 1732058927050478759 Lookup     /usr/lib/x86_64-linux-gnu/liblzma.so.5.2.5
2024/11/19 23:28:47 logger.go:55: 1732058927050545551 Open       /usr/lib/x86_64-linux-gnu/liblzma.so.5.2.5
2024/11/19 23:28:47 logger.go:55: 1732058927050818812 Close      /usr/lib/x86_64-linux-gnu/liblzma.so.5.2.5
2024/11/19 23:28:47 logger.go:55: 1732058927051096852 Lookup     /usr/lib/x86_64-linux-gnu/libicudata.so.70
2024/11/19 23:28:47 logger.go:55: 1732058927051150227 Lookup     /usr/lib/x86_64-linux-gnu/libicudata.so.70.1
2024/11/19 23:28:47 logger.go:55: 1732058927051227320 Open       /usr/lib/x86_64-linux-gnu/libicudata.so.70.1
2024/11/19 23:28:47 logger.go:55: 1732058927051494578 Close      /usr/lib/x86_64-linux-gnu/libicudata.so.70.1
2024/11/19 23:28:47 logger.go:55: 1732058927052581288 Open       /usr/lib/x86_64-linux-gnu/hwloc/hwloc_gl.so
2024/11/19 23:28:47 logger.go:55: 1732058927052811112 Close      /usr/lib/x86_64-linux-gnu/hwloc/hwloc_gl.so
2024/11/19 23:28:47 logger.go:55: 1732058927052994064 Open       /etc/ld.so.cache
2024/11/19 23:28:47 logger.go:55: 1732058927053089723 Close      /etc/ld.so.cache
2024/11/19 23:28:47 logger.go:55: 1732058927053242155 Lookup     /usr/lib/x86_64-linux-gnu/libXNVCtrl.so.0
2024/11/19 23:28:47 logger.go:55: 1732058927053288616 Lookup     /usr/lib/x86_64-linux-gnu/libXNVCtrl.so.0.0.0
2024/11/19 23:28:47 logger.go:55: 1732058927053355459 Open       /usr/lib/x86_64-linux-gnu/libXNVCtrl.so.0.0.0
2024/11/19 23:28:47 logger.go:55: 1732058927053589051 Close      /usr/lib/x86_64-linux-gnu/libXNVCtrl.so.0.0.0
2024/11/19 23:28:47 logger.go:55: 1732058927053812603 Lookup     /usr/lib/x86_64-linux-gnu/libX11.so.6
2024/11/19 23:28:47 logger.go:55: 1732058927053854215 Lookup     /usr/lib/x86_64-linux-gnu/libX11.so.6.4.0
2024/11/19 23:28:47 logger.go:55: 1732058927053922089 Open       /usr/lib/x86_64-linux-gnu/libX11.so.6.4.0
2024/11/19 23:28:47 logger.go:55: 1732058927054209638 Close      /usr/lib/x86_64-linux-gnu/libX11.so.6.4.0
2024/11/19 23:28:47 logger.go:55: 1732058927054506255 Lookup     /usr/lib/x86_64-linux-gnu/libXext.so.6
2024/11/19 23:28:47 logger.go:55: 1732058927054549129 Lookup     /usr/lib/x86_64-linux-gnu/libXext.so.6.4.0
2024/11/19 23:28:47 logger.go:55: 1732058927054613557 Open       /usr/lib/x86_64-linux-gnu/libXext.so.6.4.0
2024/11/19 23:28:47 logger.go:55: 1732058927054860786 Close      /usr/lib/x86_64-linux-gnu/libXext.so.6.4.0
2024/11/19 23:28:47 logger.go:55: 1732058927055092364 Lookup     /usr/lib/x86_64-linux-gnu/libxcb.so.1
2024/11/19 23:28:47 logger.go:55: 1732058927055145148 Lookup     /usr/lib/x86_64-linux-gnu/libxcb.so.1.1.0
2024/11/19 23:28:47 logger.go:55: 1732058927055216519 Open       /usr/lib/x86_64-linux-gnu/libxcb.so.1.1.0
2024/11/19 23:28:47 logger.go:55: 1732058927055484379 Close      /usr/lib/x86_64-linux-gnu/libxcb.so.1.1.0
2024/11/19 23:28:47 logger.go:55: 1732058927055765946 Lookup     /usr/lib/x86_64-linux-gnu/libXau.so.6
2024/11/19 23:28:47 logger.go:55: 1732058927055806787 Lookup     /usr/lib/x86_64-linux-gnu/libXau.so.6.0.0
2024/11/19 23:28:47 logger.go:55: 1732058927055873429 Open       /usr/lib/x86_64-linux-gnu/libXau.so.6.0.0
2024/11/19 23:28:47 logger.go:55: 1732058927056100077 Close      /usr/lib/x86_64-linux-gnu/libXau.so.6.0.0
2024/11/19 23:28:47 logger.go:55: 1732058927056334130 Lookup     /usr/lib/x86_64-linux-gnu/libXdmcp.so.6
2024/11/19 23:28:47 logger.go:55: 1732058927056371674 Lookup     /usr/lib/x86_64-linux-gnu/libXdmcp.so.6.0.0
2024/11/19 23:28:47 logger.go:55: 1732058927056451652 Open       /usr/lib/x86_64-linux-gnu/libXdmcp.so.6.0.0
2024/11/19 23:28:47 logger.go:55: 1732058927056674764 Close      /usr/lib/x86_64-linux-gnu/libXdmcp.so.6.0.0
2024/11/19 23:28:47 logger.go:55: 1732058927056905179 Lookup     /usr/lib/x86_64-linux-gnu/libbsd.so.0
2024/11/19 23:28:47 logger.go:55: 1732058927056957302 Lookup     /usr/lib/x86_64-linux-gnu/libbsd.so.0.11.5
2024/11/19 23:28:47 logger.go:55: 1732058927057030297 Open       /usr/lib/x86_64-linux-gnu/libbsd.so.0.11.5
2024/11/19 23:28:47 logger.go:55: 1732058927057335090 Close      /usr/lib/x86_64-linux-gnu/libbsd.so.0.11.5
2024/11/19 23:28:47 logger.go:55: 1732058927057575756 Lookup     /usr/lib/x86_64-linux-gnu/libmd.so.0
2024/11/19 23:28:47 logger.go:55: 1732058927057630213 Lookup     /usr/lib/x86_64-linux-gnu/libmd.so.0.0.5
2024/11/19 23:28:47 logger.go:55: 1732058927057700132 Open       /usr/lib/x86_64-linux-gnu/libmd.so.0.0.5
2024/11/19 23:28:47 logger.go:55: 1732058927057953022 Close      /usr/lib/x86_64-linux-gnu/libmd.so.0.0.5
2024/11/19 23:28:47 logger.go:55: 1732058927058588418 Open       /usr/lib/x86_64-linux-gnu/hwloc/hwloc_pci.so
2024/11/19 23:28:47 logger.go:55: 1732058927058824926 Close      /usr/lib/x86_64-linux-gnu/hwloc/hwloc_pci.so
2024/11/19 23:28:47 logger.go:55: 1732058927059007768 Open       /etc/ld.so.cache
2024/11/19 23:28:47 logger.go:55: 1732058927059097064 Close      /etc/ld.so.cache
2024/11/19 23:28:47 logger.go:55: 1732058927059244075 Lookup     /usr/lib/x86_64-linux-gnu/libpciaccess.so.0
2024/11/19 23:28:47 logger.go:55: 1732058927059289745 Lookup     /usr/lib/x86_64-linux-gnu/libpciaccess.so.0.11.1
2024/11/19 23:28:47 logger.go:55: 1732058927059358000 Open       /usr/lib/x86_64-linux-gnu/libpciaccess.so.0.11.1
2024/11/19 23:28:47 logger.go:55: 1732058927059587725 Close      /usr/lib/x86_64-linux-gnu/libpciaccess.so.0.11.1
2024/11/19 23:28:47 logger.go:55: 1732058927329151203 Lookup     /run
2024/11/19 23:28:47 logger.go:55: 1732058927339224225 Lookup     /var
2024/11/19 23:28:47 logger.go:55: 1732058927339259865 Lookup     /var/run
2024/11/19 23:28:47 logger.go:55: 1732058927340264052 Lookup     /etc/gai.conf
2024/11/19 23:28:47 logger.go:55: 1732058927340302407 Open       /etc/gai.conf
2024/11/19 23:28:47 logger.go:55: 1732058927340448156 Close      /etc/gai.conf
2024/11/19 23:28:47 logger.go:55: 1732058927348899851 Lookup     /usr/share
2024/11/19 23:28:47 logger.go:55: 1732058927348959649 Lookup     /usr/share/misc
2024/11/19 23:28:47 logger.go:55: 1732058927365278785 Open       /etc/ld.so.cache
2024/11/19 23:28:47 logger.go:55: 1732058927365395356 Close      /etc/ld.so.cache
2024/11/19 23:28:47 logger.go:55: 1732058927374137075 Open       /etc/ld.so.cache
2024/11/19 23:28:47 logger.go:55: 1732058927374239818 Close      /etc/ld.so.cache
2024/11/19 23:28:47 logger.go:55: 1732058927374971195 Open       /etc/ld.so.cache
2024/11/19 23:28:47 logger.go:55: 1732058927375066443 Close      /etc/ld.so.cache
2024/11/19 23:28:47 logger.go:55: 1732058927375797389 Open       /etc/ld.so.cache
2024/11/19 23:28:47 logger.go:55: 1732058927375897136 Close      /etc/ld.so.cache
2024/11/19 23:28:47 logger.go:55: 1732058927376615968 Open       /etc/ld.so.cache
2024/11/19 23:28:47 logger.go:55: 1732058927376712278 Close      /etc/ld.so.cache
2024/11/19 23:28:47 logger.go:55: 1732058927377457482 Open       /etc/ld.so.cache
2024/11/19 23:28:47 logger.go:55: 1732058927377557810 Close      /etc/ld.so.cache
2024/11/19 23:28:47 logger.go:55: 1732058927378298375 Open       /etc/ld.so.cache
2024/11/19 23:28:47 logger.go:55: 1732058927378398964 Close      /etc/ld.so.cache
2024/11/19 23:28:47 logger.go:55: 1732058927379147104 Open       /etc/ld.so.cache
2024/11/19 23:28:47 logger.go:55: 1732058927379242372 Close      /etc/ld.so.cache
2024/11/19 23:28:47 logger.go:55: 1732058927379947817 Open       /etc/ld.so.cache
2024/11/19 23:28:47 logger.go:55: 1732058927380041803 Close      /etc/ld.so.cache
2024/11/19 23:28:47 logger.go:55: 1732058927380741367 Open       /etc/ld.so.cache
2024/11/19 23:28:47 logger.go:55: 1732058927380847046 Close      /etc/ld.so.cache
2024/11/19 23:28:47 logger.go:55: 1732058927381539195 Open       /etc/ld.so.cache
2024/11/19 23:28:47 logger.go:55: 1732058927381629984 Close      /etc/ld.so.cache
2024/11/19 23:28:47 logger.go:55: 1732058927382326913 Open       /etc/ld.so.cache
2024/11/19 23:28:47 logger.go:55: 1732058927382421861 Close      /etc/ld.so.cache
2024/11/19 23:28:47 logger.go:55: 1732058927383108448 Open       /etc/ld.so.cache
2024/11/19 23:28:47 logger.go:55: 1732058927383203086 Close      /etc/ld.so.cache
2024/11/19 23:28:47 logger.go:55: 1732058927383887790 Open       /etc/ld.so.cache
2024/11/19 23:28:47 logger.go:55: 1732058927383978469 Close      /etc/ld.so.cache
2024/11/19 23:28:47 logger.go:55: 1732058927384672031 Open       /etc/ld.so.cache
2024/11/19 23:28:47 logger.go:55: 1732058927384769504 Close      /etc/ld.so.cache
2024/11/19 23:28:47 logger.go:55: 1732058927385452033 Open       /etc/ld.so.cache
2024/11/19 23:28:47 logger.go:55: 1732058927385549246 Close      /etc/ld.so.cache
2024/11/19 23:28:47 logger.go:55: 1732058927386264240 Open       /etc/ld.so.cache
2024/11/19 23:28:47 logger.go:55: 1732058927386367995 Close      /etc/ld.so.cache
2024/11/19 23:28:47 logger.go:55: 1732058927397501174 Lookup     /opt/lammps/examples/reax/HNS/in.reaxc.hns
2024/11/19 23:28:47 logger.go:55: 1732058927397564880 Open       /opt/lammps/examples/reax/HNS/in.reaxc.hns
2024/11/19 23:28:47 logger.go:55: 1732058927398733020 Lookup     /opt/lammps/examples/reax/HNS/data.hns-equil
2024/11/19 23:28:47 logger.go:55: 1732058927398778480 Open       /opt/lammps/examples/reax/HNS/data.hns-equil
2024/11/19 23:28:47 logger.go:55: 1732058927399834900 Close      /opt/lammps/examples/reax/HNS/data.hns-equil
2024/11/19 23:28:47 logger.go:55: 1732058927409367784 Close      /opt/lammps/examples/reax/HNS/in.reaxc.hns
2024/11/19 23:28:47 logger.go:55: 1732058927409777634 Complete   /tmp/out/lammps-recording.out
2024/11/19 23:28:47 logger.go:55: 1732058927410000946 Lookup     /sbin
2024/11/19 23:28:47 logger.go:55: 1732058927410011918 Lookup     /root
2024/11/19 23:28:47 logger.go:55: 1732058927410036476 Lookup     /srv
2024/11/19 23:28:47 logger.go:55: 1732058927410055774 Lookup     /media
2024/11/19 23:28:47 logger.go:55: 1732058927410073720 Lookup     /libx32
2024/11/19 23:28:47 logger.go:55: 1732058927410081866 Lookup     /lib64
2024/11/19 23:28:47 logger.go:55: 1732058927410087357 Lookup     /etc
2024/11/19 23:28:47 logger.go:55: 1732058927410094761 Lookup     /proc
2024/11/19 23:28:47 logger.go:55: 1732058927410099952 Lookup     /usr
2024/11/19 23:28:47 logger.go:55: 1732058927410122637 Lookup     /lib32
2024/11/19 23:28:47 logger.go:55: 1732058927410141955 Lookup     /boot
2024/11/19 23:28:47 logger.go:55: 1732058927410146945 Lookup     /var
2024/11/19 23:28:47 logger.go:55: 1732058927410152405 Lookup     /tmp
2024/11/19 23:28:47 logger.go:55: 1732058927410157526 Lookup     /mnt
2024/11/19 23:28:47 logger.go:55: 1732058927410162485 Lookup     /dev
2024/11/19 23:28:47 logger.go:55: 1732058927410167846 Lookup     /opt
2024/11/19 23:28:47 logger.go:55: 1732058927410182645 Lookup     /home
2024/11/19 23:28:47 logger.go:55: 1732058927410189599 Lookup     /lib
2024/11/19 23:28:47 logger.go:55: 1732058927410196152 Lookup     /sys
2024/11/19 23:28:47 logger.go:55: 1732058927410211302 Lookup     /bin
2024/11/19 23:28:47 logger.go:55: 1732058927410216683 Lookup     /run
2024/11/19 23:28:47 logger.go:55: 1732058927410223185 Lookup     /flux_operator
2024/11/19 23:28:47 logger.go:55: 1732058927410231301 Lookup     /product_name
2024/11/19 23:28:47 logger.go:55: 1732058927410298204 Lookup     /product_uuid