2024/11/21 19:54:24 logger.go:63: 1732218864956847480 Lookup    /etc      
2024/11/21 19:54:24 logger.go:63: 1732218864956984369 Lookup    /etc/host.conf
2024/11/21 19:54:24 logger.go:63: 1732218864957025196 Lookup    /etc/hosts
2024/11/21 19:54:24 logger.go:63: 1732218864957052247 Lookup    /etc/nsswitch.conf
2024/11/21 19:54:24 logger.go:63: 1732218864957080090 Lookup    /etc/resolv.conf
2024/11/21 19:54:24 logger.go:63: 1732218864957103594 Lookup    /dev      
2024/11/21 19:54:24 logger.go:63: 1732218864957123221 Lookup    /sys      
2024/11/21 19:54:24 logger.go:63: 1732218864957145774 Lookup    /proc     
2024/11/21 19:54:24 logger.go:63: 1732218864957166904 Lookup    /tmp      
2024/11/21 19:54:24 logger.go:63: 1732218864957187313 Lookup    /root     
2024/11/21 19:54:24 logger.go:63: 1732218864957229322 Lookup    /opt      
2024/11/21 19:54:24 logger.go:63: 1732218864957254780 Lookup    /opt/lammps
2024/11/21 19:54:24 logger.go:63: 1732218864957276191 Lookup    /opt/lammps/examples
2024/11/21 19:54:24 logger.go:63: 1732218864957305055 Lookup    /opt/lammps/examples/reaxff
2024/11/21 19:54:24 logger.go:63: 1732218864957329722 Lookup    /opt/lammps/examples/reaxff/HNS
2024/11/21 19:54:24 logger.go:63: 1732218864957356012 Lookup    /usr      
2024/11/21 19:54:24 logger.go:63: 1732218864957377843 Lookup    /usr/bin  
2024/11/21 19:54:24 logger.go:63: 1732218864957399273 Lookup    /usr/bin/lmp
2024/11/21 19:54:24 logger.go:63: 1732218864957658103 Open      /usr/bin/lmp	7
2024/11/21 19:54:24 logger.go:63: 1732218864957732874 Close     /usr/bin/lmp	7
2024/11/21 19:54:24 logger.go:63: 1732218864957764294 Open      /usr/bin/lmp	18
2024/11/21 19:54:24 logger.go:63: 1732218864957811774 Lookup    /lib64    
2024/11/21 19:54:24 logger.go:63: 1732218864957850186 Lookup    /usr/lib64
2024/11/21 19:54:24 logger.go:63: 1732218864957915890 Lookup    /usr/lib64/ld-linux-x86-64.so.2
2024/11/21 19:54:24 logger.go:63: 1732218864957975974 Lookup    /lib      
2024/11/21 19:54:24 logger.go:63: 1732218864958015339 Lookup    /usr/lib  
2024/11/21 19:54:24 logger.go:63: 1732218864958081213 Lookup    /usr/lib/x86_64-linux-gnu
2024/11/21 19:54:24 logger.go:63: 1732218864958103405 Lookup    /usr/lib/x86_64-linux-gnu/ld-linux-x86-64.so.2
2024/11/21 19:54:24 logger.go:63: 1732218864958162998 Close     /usr/bin/lmp	18
2024/11/21 19:54:24 logger.go:63: 1732218864958182956 Open      /usr/lib/x86_64-linux-gnu/ld-linux-x86-64.so.2	20
2024/11/21 19:54:24 logger.go:63: 1732218864958224554 Close     /usr/lib/x86_64-linux-gnu/ld-linux-x86-64.so.2	20
2024/11/21 19:54:24 logger.go:63: 1732218864958742314 Open      /usr/bin/lmp	21
2024/11/21 19:54:24 logger.go:63: 1732218864959026481 Close     /usr/bin/lmp	21
2024/11/21 19:54:24 logger.go:63: 1732218864959247259 Open      /usr/lib/x86_64-linux-gnu/ld-linux-x86-64.so.2	22
2024/11/21 19:54:24 logger.go:63: 1732218864959419945 Close     /usr/lib/x86_64-linux-gnu/ld-linux-x86-64.so.2	22
2024/11/21 19:54:24 logger.go:63: 1732218864959841252 Lookup    /opt/software
2024/11/21 19:54:24 logger.go:63: 1732218864959872802 Lookup    /opt/software/linux-rocky9-x86_64
2024/11/21 19:54:24 logger.go:63: 1732218864959902348 Lookup    /opt/software/linux-rocky9-x86_64/gcc-11.4.1
2024/11/21 19:54:24 logger.go:63: 1732218864959928657 Lookup    /opt/software/linux-rocky9-x86_64/gcc-11.4.1/flux-core-0.61.2-va52p5ph7ylanopgk7ranjgtjgc2wb5y
2024/11/21 19:54:24 logger.go:63: 1732218864959967972 Lookup    /opt/software/linux-rocky9-x86_64/gcc-11.4.1/flux-core-0.61.2-va52p5ph7ylanopgk7ranjgtjgc2wb5y/lib
2024/11/21 19:54:24 logger.go:63: 1732218864959995724 Lookup    /opt/software/linux-rocky9-x86_64/gcc-11.4.1/flux-core-0.61.2-va52p5ph7ylanopgk7ranjgtjgc2wb5y/lib/flux
2024/11/21 19:54:24 logger.go:63: 1732218864962116395 Lookup    /etc/ld.so.cache
2024/11/21 19:54:24 logger.go:63: 1732218864962153445 Open      /etc/ld.so.cache	23
2024/11/21 19:54:24 logger.go:63: 1732218864962235571 Close     /etc/ld.so.cache	23
2024/11/21 19:54:24 logger.go:63: 1732218864962364655 Lookup    /usr/lib/x86_64-linux-gnu/libgomp.so.1
2024/11/21 19:54:24 logger.go:63: 1732218864962402406 Lookup    /usr/lib/x86_64-linux-gnu/libgomp.so.1.0.0
2024/11/21 19:54:24 logger.go:63: 1732218864962475605 Open      /usr/lib/x86_64-linux-gnu/libgomp.so.1.0.0	24
2024/11/21 19:54:24 logger.go:63: 1732218864962719716 Close     /usr/lib/x86_64-linux-gnu/libgomp.so.1.0.0	24
2024/11/21 19:54:24 logger.go:63: 1732218864963025154 Lookup    /usr/lib/x86_64-linux-gnu/libmpich.so.12
2024/11/21 19:54:24 logger.go:63: 1732218864963073055 Lookup    /usr/lib/x86_64-linux-gnu/libmpich.so.12.2.0
2024/11/21 19:54:24 logger.go:63: 1732218864963141194 Open      /usr/lib/x86_64-linux-gnu/libmpich.so.12.2.0	25
2024/11/21 19:54:24 logger.go:63: 1732218864963407337 Close     /usr/lib/x86_64-linux-gnu/libmpich.so.12.2.0	25
2024/11/21 19:54:24 logger.go:63: 1732218864963695572 Lookup    /usr/lib/x86_64-linux-gnu/libstdc++.so.6
2024/11/21 19:54:24 logger.go:63: 1732218864963731420 Lookup    /usr/lib/x86_64-linux-gnu/libstdc++.so.6.0.30
2024/11/21 19:54:24 logger.go:63: 1732218864963802685 Open      /usr/lib/x86_64-linux-gnu/libstdc++.so.6.0.30	26
2024/11/21 19:54:24 logger.go:63: 1732218864964095268 Close     /usr/lib/x86_64-linux-gnu/libstdc++.so.6.0.30	26
2024/11/21 19:54:24 logger.go:63: 1732218864964371210 Lookup    /usr/lib/x86_64-linux-gnu/libm.so.6
2024/11/21 19:54:24 logger.go:63: 1732218864964407639 Open      /usr/lib/x86_64-linux-gnu/libm.so.6	27
2024/11/21 19:54:24 logger.go:63: 1732218864964637944 Close     /usr/lib/x86_64-linux-gnu/libm.so.6	27
2024/11/21 19:54:24 logger.go:63: 1732218864964901974 Lookup    /usr/lib/x86_64-linux-gnu/libgcc_s.so.1
2024/11/21 19:54:24 logger.go:63: 1732218864964937591 Open      /usr/lib/x86_64-linux-gnu/libgcc_s.so.1	28
2024/11/21 19:54:24 logger.go:63: 1732218864965178477 Close     /usr/lib/x86_64-linux-gnu/libgcc_s.so.1	28
2024/11/21 19:54:24 logger.go:63: 1732218864965382012 Lookup    /usr/lib/x86_64-linux-gnu/libc.so.6
2024/11/21 19:54:24 logger.go:63: 1732218864965416106 Open      /usr/lib/x86_64-linux-gnu/libc.so.6	29
2024/11/21 19:54:24 logger.go:63: 1732218864965785174 Close     /usr/lib/x86_64-linux-gnu/libc.so.6	29
2024/11/21 19:54:24 logger.go:63: 1732218864966077026 Lookup    /usr/lib/x86_64-linux-gnu/libhwloc.so.15
2024/11/21 19:54:24 logger.go:63: 1732218864966125959 Lookup    /usr/lib/x86_64-linux-gnu/libhwloc.so.15.5.2
2024/11/21 19:54:24 logger.go:63: 1732218864966197464 Open      /usr/lib/x86_64-linux-gnu/libhwloc.so.15.5.2	30
2024/11/21 19:54:24 logger.go:63: 1732218864966434963 Close     /usr/lib/x86_64-linux-gnu/libhwloc.so.15.5.2	30
2024/11/21 19:54:24 logger.go:63: 1732218864966731123 Lookup    /usr/lib/x86_64-linux-gnu/libfabric.so.1
2024/11/21 19:54:24 logger.go:63: 1732218864966767803 Lookup    /usr/lib/x86_64-linux-gnu/libfabric.so.1.14.0
2024/11/21 19:54:24 logger.go:63: 1732218864966836473 Open      /usr/lib/x86_64-linux-gnu/libfabric.so.1.14.0	31
2024/11/21 19:54:24 logger.go:63: 1732218864967167569 Close     /usr/lib/x86_64-linux-gnu/libfabric.so.1.14.0	31
2024/11/21 19:54:24 logger.go:63: 1732218864967383207 Lookup    /usr/lib/x86_64-linux-gnu/libudev.so.1
2024/11/21 19:54:24 logger.go:63: 1732218864967414877 Lookup    /usr/lib/x86_64-linux-gnu/libudev.so.1.7.2
2024/11/21 19:54:24 logger.go:63: 1732218864967480361 Open      /usr/lib/x86_64-linux-gnu/libudev.so.1.7.2	32
2024/11/21 19:54:24 logger.go:63: 1732218864967727057 Close     /usr/lib/x86_64-linux-gnu/libudev.so.1.7.2	32
2024/11/21 19:54:24 logger.go:63: 1732218864967943336 Lookup    /usr/lib/x86_64-linux-gnu/librdmacm.so.1
2024/11/21 19:54:24 logger.go:63: 1732218864967982390 Lookup    /usr/lib/x86_64-linux-gnu/librdmacm.so.1.3.39.0
2024/11/21 19:54:24 logger.go:63: 1732218864968054286 Open      /usr/lib/x86_64-linux-gnu/librdmacm.so.1.3.39.0	33
2024/11/21 19:54:24 logger.go:63: 1732218864968327393 Close     /usr/lib/x86_64-linux-gnu/librdmacm.so.1.3.39.0	33
2024/11/21 19:54:24 logger.go:63: 1732218864968544102 Lookup    /usr/lib/x86_64-linux-gnu/libefa.so.1
2024/11/21 19:54:24 logger.go:63: 1732218864968582635 Lookup    /usr/lib/x86_64-linux-gnu/libefa.so.1.1.39.0
2024/11/21 19:54:24 logger.go:63: 1732218864968647007 Open      /usr/lib/x86_64-linux-gnu/libefa.so.1.1.39.0	34
2024/11/21 19:54:24 logger.go:63: 1732218864968906989 Close     /usr/lib/x86_64-linux-gnu/libefa.so.1.1.39.0	34
2024/11/21 19:54:24 logger.go:63: 1732218864969126414 Lookup    /usr/lib/x86_64-linux-gnu/libibverbs.so.1
2024/11/21 19:54:24 logger.go:63: 1732218864969173353 Lookup    /usr/lib/x86_64-linux-gnu/libibverbs.so.1.14.39.0
2024/11/21 19:54:24 logger.go:63: 1732218864969249006 Open      /usr/lib/x86_64-linux-gnu/libibverbs.so.1.14.39.0	35
2024/11/21 19:54:24 logger.go:63: 1732218864969487537 Close     /usr/lib/x86_64-linux-gnu/libibverbs.so.1.14.39.0	35
2024/11/21 19:54:24 logger.go:63: 1732218864969718574 Lookup    /usr/lib/x86_64-linux-gnu/libpsm_infinipath.so.1
2024/11/21 19:54:24 logger.go:63: 1732218864969808324 Lookup    /etc/alternatives
2024/11/21 19:54:24 logger.go:63: 1732218864969830065 Lookup    /etc/alternatives/libpsm_infinipath.so.1
2024/11/21 19:54:24 logger.go:63: 1732218864969899476 Lookup    /usr/lib/libpsm1
2024/11/21 19:54:24 logger.go:63: 1732218864969921267 Lookup    /usr/lib/libpsm1/libpsm_infinipath.so.1.16
2024/11/21 19:54:24 logger.go:63: 1732218864969962074 Open      /usr/lib/libpsm1/libpsm_infinipath.so.1.16	36
2024/11/21 19:54:24 logger.go:63: 1732218864970242515 Close     /usr/lib/libpsm1/libpsm_infinipath.so.1.16	36
2024/11/21 19:54:24 logger.go:63: 1732218864970517094 Lookup    /usr/lib/x86_64-linux-gnu/libpsm2.so.2
2024/11/21 19:54:24 logger.go:63: 1732218864970555427 Lookup    /usr/lib/x86_64-linux-gnu/libpsm2.so.2.2
2024/11/21 19:54:24 logger.go:63: 1732218864970620971 Open      /usr/lib/x86_64-linux-gnu/libpsm2.so.2.2	37
2024/11/21 19:54:24 logger.go:63: 1732218864970907372 Close     /usr/lib/x86_64-linux-gnu/libpsm2.so.2.2	37
2024/11/21 19:54:24 logger.go:63: 1732218864971150863 Lookup    /usr/lib/x86_64-linux-gnu/libnl-3.so.200
2024/11/21 19:54:24 logger.go:63: 1732218864971190197 Lookup    /usr/lib/x86_64-linux-gnu/libnl-3.so.200.26.0
2024/11/21 19:54:24 logger.go:63: 1732218864971264558 Open      /usr/lib/x86_64-linux-gnu/libnl-3.so.200.26.0	38
2024/11/21 19:54:24 logger.go:63: 1732218864971513479 Close     /usr/lib/x86_64-linux-gnu/libnl-3.so.200.26.0	38
2024/11/21 19:54:24 logger.go:63: 1732218864971779161 Lookup    /usr/lib/x86_64-linux-gnu/libnl-route-3.so.200
2024/11/21 19:54:24 logger.go:63: 1732218864971820680 Lookup    /usr/lib/x86_64-linux-gnu/libnl-route-3.so.200.26.0
2024/11/21 19:54:24 logger.go:63: 1732218864971886444 Open      /usr/lib/x86_64-linux-gnu/libnl-route-3.so.200.26.0	39
2024/11/21 19:54:24 logger.go:63: 1732218864972159340 Close     /usr/lib/x86_64-linux-gnu/libnl-route-3.so.200.26.0	39
2024/11/21 19:54:24 logger.go:63: 1732218864972486790 Lookup    /usr/lib/x86_64-linux-gnu/libinfinipath.so.4
2024/11/21 19:54:24 logger.go:63: 1732218864972529130 Lookup    /usr/lib/x86_64-linux-gnu/libinfinipath.so.4.0
2024/11/21 19:54:24 logger.go:63: 1732218864972594774 Open      /usr/lib/x86_64-linux-gnu/libinfinipath.so.4.0	40
2024/11/21 19:54:24 logger.go:63: 1732218864972825300 Close     /usr/lib/x86_64-linux-gnu/libinfinipath.so.4.0	40
2024/11/21 19:54:24 logger.go:63: 1732218864973112723 Lookup    /usr/lib/x86_64-linux-gnu/librt.so.1
2024/11/21 19:54:24 logger.go:63: 1732218864973157949 Open      /usr/lib/x86_64-linux-gnu/librt.so.1	41
2024/11/21 19:54:24 logger.go:63: 1732218864973508472 Close     /usr/lib/x86_64-linux-gnu/librt.so.1	41
2024/11/21 19:54:24 logger.go:63: 1732218864973737185 Lookup    /usr/lib/x86_64-linux-gnu/libpthread.so.0
2024/11/21 19:54:24 logger.go:63: 1732218864973774154 Open      /usr/lib/x86_64-linux-gnu/libpthread.so.0	42
2024/11/21 19:54:24 logger.go:63: 1732218864974100291 Close     /usr/lib/x86_64-linux-gnu/libpthread.so.0	42
2024/11/21 19:54:24 logger.go:63: 1732218864974332210 Lookup    /usr/lib/x86_64-linux-gnu/libdl.so.2
2024/11/21 19:54:24 logger.go:63: 1732218864974367096 Open      /usr/lib/x86_64-linux-gnu/libdl.so.2	43
2024/11/21 19:54:24 logger.go:63: 1732218864974675940 Close     /usr/lib/x86_64-linux-gnu/libdl.so.2	43
2024/11/21 19:54:24 logger.go:63: 1732218864974897078 Lookup    /usr/lib/x86_64-linux-gnu/libuuid.so.1
2024/11/21 19:54:24 logger.go:63: 1732218864974932545 Lookup    /usr/lib/x86_64-linux-gnu/libuuid.so.1.3.0
2024/11/21 19:54:24 logger.go:63: 1732218864975000504 Open      /usr/lib/x86_64-linux-gnu/libuuid.so.1.3.0	44
2024/11/21 19:54:24 logger.go:63: 1732218864975215410 Close     /usr/lib/x86_64-linux-gnu/libuuid.so.1.3.0	44
2024/11/21 19:54:24 logger.go:63: 1732218864975434575 Lookup    /usr/lib/x86_64-linux-gnu/libnuma.so.1
2024/11/21 19:54:24 logger.go:63: 1732218864975471184 Lookup    /usr/lib/x86_64-linux-gnu/libnuma.so.1.0.0
2024/11/21 19:54:24 logger.go:63: 1732218864975539894 Open      /usr/lib/x86_64-linux-gnu/libnuma.so.1.0.0	45
2024/11/21 19:54:24 logger.go:63: 1732218864975766453 Close     /usr/lib/x86_64-linux-gnu/libnuma.so.1.0.0	45
2024/11/21 19:54:25 logger.go:63: 1732218865186233819 Lookup    /usr/lib/x86_64-linux-gnu/hwloc
2024/11/21 19:54:25 logger.go:63: 1732218865186421794 Lookup    /usr/lib/x86_64-linux-gnu/hwloc/hwloc_opencl.so
2024/11/21 19:54:25 logger.go:63: 1732218865186439768 Lookup    /usr/lib/x86_64-linux-gnu/hwloc/hwloc_xml_libxml.so
2024/11/21 19:54:25 logger.go:63: 1732218865186450218 Lookup    /usr/lib/x86_64-linux-gnu/hwloc/hwloc_gl.so
2024/11/21 19:54:25 logger.go:63: 1732218865186461058 Lookup    /usr/lib/x86_64-linux-gnu/hwloc/hwloc_pci.so
2024/11/21 19:54:25 logger.go:63: 1732218865186618616 Open      /usr/lib/x86_64-linux-gnu/hwloc/hwloc_opencl.so	51
2024/11/21 19:54:25 logger.go:63: 1732218865186848070 Close     /usr/lib/x86_64-linux-gnu/hwloc/hwloc_opencl.so	51
2024/11/21 19:54:25 logger.go:63: 1732218865187067165 Open      /etc/ld.so.cache	52
2024/11/21 19:54:25 logger.go:63: 1732218865187164218 Close     /etc/ld.so.cache	52
2024/11/21 19:54:25 logger.go:63: 1732218865187310455 Lookup    /usr/lib/x86_64-linux-gnu/libOpenCL.so.1
2024/11/21 19:54:25 logger.go:63: 1732218865187350400 Lookup    /usr/lib/x86_64-linux-gnu/libOpenCL.so.1.0.0
2024/11/21 19:54:25 logger.go:63: 1732218865187421365 Open      /usr/lib/x86_64-linux-gnu/libOpenCL.so.1.0.0	53
2024/11/21 19:54:25 logger.go:63: 1732218865187671728 Close     /usr/lib/x86_64-linux-gnu/libOpenCL.so.1.0.0	53
2024/11/21 19:54:25 logger.go:63: 1732218865187964342 Open      /usr/lib/x86_64-linux-gnu/hwloc/hwloc_xml_libxml.so	54
2024/11/21 19:54:25 logger.go:63: 1732218865188199537 Close     /usr/lib/x86_64-linux-gnu/hwloc/hwloc_xml_libxml.so	54
2024/11/21 19:54:25 logger.go:63: 1732218865188385809 Open      /etc/ld.so.cache	55
2024/11/21 19:54:25 logger.go:63: 1732218865188475138 Close     /etc/ld.so.cache	55
2024/11/21 19:54:25 logger.go:63: 1732218865188596828 Lookup    /usr/lib/x86_64-linux-gnu/libxml2.so.2
2024/11/21 19:54:25 logger.go:63: 1732218865188637725 Lookup    /usr/lib/x86_64-linux-gnu/libxml2.so.2.9.13
2024/11/21 19:54:25 logger.go:63: 1732218865188708349 Open      /usr/lib/x86_64-linux-gnu/libxml2.so.2.9.13	56
2024/11/21 19:54:25 logger.go:63: 1732218865189018646 Close     /usr/lib/x86_64-linux-gnu/libxml2.so.2.9.13	56
2024/11/21 19:54:25 logger.go:63: 1732218865189338040 Lookup    /usr/lib/x86_64-linux-gnu/libicuuc.so.70
2024/11/21 19:54:25 logger.go:63: 1732218865189384217 Lookup    /usr/lib/x86_64-linux-gnu/libicuuc.so.70.1
2024/11/21 19:54:25 logger.go:63: 1732218865189455452 Open      /usr/lib/x86_64-linux-gnu/libicuuc.so.70.1	57
2024/11/21 19:54:25 logger.go:63: 1732218865189738988 Close     /usr/lib/x86_64-linux-gnu/libicuuc.so.70.1	57
2024/11/21 19:54:25 logger.go:63: 1732218865190055367 Lookup    /usr/lib/x86_64-linux-gnu/libz.so.1
2024/11/21 19:54:25 logger.go:63: 1732218865190105341 Lookup    /usr/lib/x86_64-linux-gnu/libz.so.1.2.11
2024/11/21 19:54:25 logger.go:63: 1732218865190177718 Open      /usr/lib/x86_64-linux-gnu/libz.so.1.2.11	58
2024/11/21 19:54:25 logger.go:63: 1732218865190462186 Close     /usr/lib/x86_64-linux-gnu/libz.so.1.2.11	58
2024/11/21 19:54:25 logger.go:63: 1732218865190708823 Lookup    /usr/lib/x86_64-linux-gnu/liblzma.so.5
2024/11/21 19:54:25 logger.go:63: 1732218865190742316 Lookup    /usr/lib/x86_64-linux-gnu/liblzma.so.5.2.5
2024/11/21 19:54:25 logger.go:63: 1732218865190817949 Open      /usr/lib/x86_64-linux-gnu/liblzma.so.5.2.5	59
2024/11/21 19:54:25 logger.go:63: 1732218865191076027 Close     /usr/lib/x86_64-linux-gnu/liblzma.so.5.2.5	59
2024/11/21 19:54:25 logger.go:63: 1732218865191343784 Lookup    /usr/lib/x86_64-linux-gnu/libicudata.so.70
2024/11/21 19:54:25 logger.go:63: 1732218865191385482 Lookup    /usr/lib/x86_64-linux-gnu/libicudata.so.70.1
2024/11/21 19:54:25 logger.go:63: 1732218865191456096 Open      /usr/lib/x86_64-linux-gnu/libicudata.so.70.1	60
2024/11/21 19:54:25 logger.go:63: 1732218865191720967 Close     /usr/lib/x86_64-linux-gnu/libicudata.so.70.1	60
2024/11/21 19:54:25 logger.go:63: 1732218865192841276 Open      /usr/lib/x86_64-linux-gnu/hwloc/hwloc_gl.so	61
2024/11/21 19:54:25 logger.go:63: 1732218865193082452 Close     /usr/lib/x86_64-linux-gnu/hwloc/hwloc_gl.so	61
2024/11/21 19:54:25 logger.go:63: 1732218865193297278 Open      /etc/ld.so.cache	62
2024/11/21 19:54:25 logger.go:63: 1732218865193387820 Close     /etc/ld.so.cache	62
2024/11/21 19:54:25 logger.go:63: 1732218865193510943 Lookup    /usr/lib/x86_64-linux-gnu/libXNVCtrl.so.0
2024/11/21 19:54:25 logger.go:63: 1732218865193558853 Lookup    /usr/lib/x86_64-linux-gnu/libXNVCtrl.so.0.0.0
2024/11/21 19:54:25 logger.go:63: 1732218865193642451 Open      /usr/lib/x86_64-linux-gnu/libXNVCtrl.so.0.0.0	63
2024/11/21 19:54:25 logger.go:63: 1732218865193876945 Close     /usr/lib/x86_64-linux-gnu/libXNVCtrl.so.0.0.0	63
2024/11/21 19:54:25 logger.go:63: 1732218865194142146 Lookup    /usr/lib/x86_64-linux-gnu/libX11.so.6
2024/11/21 19:54:25 logger.go:63: 1732218865194184066 Lookup    /usr/lib/x86_64-linux-gnu/libX11.so.6.4.0
2024/11/21 19:54:25 logger.go:63: 1732218865194257244 Open      /usr/lib/x86_64-linux-gnu/libX11.so.6.4.0	64
2024/11/21 19:54:25 logger.go:63: 1732218865194537364 Close     /usr/lib/x86_64-linux-gnu/libX11.so.6.4.0	64
2024/11/21 19:54:25 logger.go:63: 1732218865194863511 Lookup    /usr/lib/x86_64-linux-gnu/libXext.so.6
2024/11/21 19:54:25 logger.go:63: 1732218865194908235 Lookup    /usr/lib/x86_64-linux-gnu/libXext.so.6.4.0
2024/11/21 19:54:25 logger.go:63: 1732218865194979751 Open      /usr/lib/x86_64-linux-gnu/libXext.so.6.4.0	65
2024/11/21 19:54:25 logger.go:63: 1732218865195285679 Close     /usr/lib/x86_64-linux-gnu/libXext.so.6.4.0	65
2024/11/21 19:54:25 logger.go:63: 1732218865195552344 Lookup    /usr/lib/x86_64-linux-gnu/libxcb.so.1
2024/11/21 19:54:25 logger.go:63: 1732218865195601617 Lookup    /usr/lib/x86_64-linux-gnu/libxcb.so.1.1.0
2024/11/21 19:54:25 logger.go:63: 1732218865195674885 Open      /usr/lib/x86_64-linux-gnu/libxcb.so.1.1.0	66
2024/11/21 19:54:25 logger.go:63: 1732218865195998938 Close     /usr/lib/x86_64-linux-gnu/libxcb.so.1.1.0	66
2024/11/21 19:54:25 logger.go:63: 1732218865196381612 Lookup    /usr/lib/x86_64-linux-gnu/libXau.so.6
2024/11/21 19:54:25 logger.go:63: 1732218865196434192 Lookup    /usr/lib/x86_64-linux-gnu/libXau.so.6.0.0
2024/11/21 19:54:25 logger.go:63: 1732218865196505196 Open      /usr/lib/x86_64-linux-gnu/libXau.so.6.0.0	67
2024/11/21 19:54:25 logger.go:63: 1732218865196739118 Close     /usr/lib/x86_64-linux-gnu/libXau.so.6.0.0	67
2024/11/21 19:54:25 logger.go:63: 1732218865196980525 Lookup    /usr/lib/x86_64-linux-gnu/libXdmcp.so.6
2024/11/21 19:54:25 logger.go:63: 1732218865197034868 Lookup    /usr/lib/x86_64-linux-gnu/libXdmcp.so.6.0.0
2024/11/21 19:54:25 logger.go:63: 1732218865197132773 Open      /usr/lib/x86_64-linux-gnu/libXdmcp.so.6.0.0	68
2024/11/21 19:54:25 logger.go:63: 1732218865197367457 Close     /usr/lib/x86_64-linux-gnu/libXdmcp.so.6.0.0	68
2024/11/21 19:54:25 logger.go:63: 1732218865197602071 Lookup    /usr/lib/x86_64-linux-gnu/libbsd.so.0
2024/11/21 19:54:25 logger.go:63: 1732218865197647476 Lookup    /usr/lib/x86_64-linux-gnu/libbsd.so.0.11.5
2024/11/21 19:54:25 logger.go:63: 1732218865197720044 Open      /usr/lib/x86_64-linux-gnu/libbsd.so.0.11.5	69
2024/11/21 19:54:25 logger.go:63: 1732218865198029810 Close     /usr/lib/x86_64-linux-gnu/libbsd.so.0.11.5	69
2024/11/21 19:54:25 logger.go:63: 1732218865198275043 Lookup    /usr/lib/x86_64-linux-gnu/libmd.so.0
2024/11/21 19:54:25 logger.go:63: 1732218865198324787 Lookup    /usr/lib/x86_64-linux-gnu/libmd.so.0.0.5
2024/11/21 19:54:25 logger.go:63: 1732218865198399328 Open      /usr/lib/x86_64-linux-gnu/libmd.so.0.0.5	70
2024/11/21 19:54:25 logger.go:63: 1732218865198632700 Close     /usr/lib/x86_64-linux-gnu/libmd.so.0.0.5	70
2024/11/21 19:54:25 logger.go:63: 1732218865199252362 Open      /usr/lib/x86_64-linux-gnu/hwloc/hwloc_pci.so	71
2024/11/21 19:54:25 logger.go:63: 1732218865199502535 Close     /usr/lib/x86_64-linux-gnu/hwloc/hwloc_pci.so	71
2024/11/21 19:54:25 logger.go:63: 1732218865199687094 Open      /etc/ld.so.cache	72
2024/11/21 19:54:25 logger.go:63: 1732218865199774169 Close     /etc/ld.so.cache	72
2024/11/21 19:54:25 logger.go:63: 1732218865199910567 Lookup    /usr/lib/x86_64-linux-gnu/libpciaccess.so.0
2024/11/21 19:54:25 logger.go:63: 1732218865199950763 Lookup    /usr/lib/x86_64-linux-gnu/libpciaccess.so.0.11.1
2024/11/21 19:54:25 logger.go:63: 1732218865200028430 Open      /usr/lib/x86_64-linux-gnu/libpciaccess.so.0.11.1	73
2024/11/21 19:54:25 logger.go:63: 1732218865200276409 Close     /usr/lib/x86_64-linux-gnu/libpciaccess.so.0.11.1	73
2024/11/21 19:54:25 logger.go:63: 1732218865482692198 Lookup    /run      
2024/11/21 19:54:25 logger.go:63: 1732218865488503539 Lookup    /var      
2024/11/21 19:54:25 logger.go:63: 1732218865488539908 Lookup    /var/run  
2024/11/21 19:54:25 logger.go:63: 1732218865489626142 Lookup    /etc/gai.conf
2024/11/21 19:54:25 logger.go:63: 1732218865489670847 Open      /etc/gai.conf	50
2024/11/21 19:54:25 logger.go:63: 1732218865489819598 Close     /etc/gai.conf	50
2024/11/21 19:54:25 logger.go:63: 1732218865498585679 Lookup    /usr/share
2024/11/21 19:54:25 logger.go:63: 1732218865498656803 Lookup    /usr/share/misc
2024/11/21 19:54:25 logger.go:63: 1732218865515527702 Open      /etc/ld.so.cache	74
2024/11/21 19:54:25 logger.go:63: 1732218865515634925 Close     /etc/ld.so.cache	74
2024/11/21 19:54:25 logger.go:63: 1732218865524458464 Open      /etc/ld.so.cache	75
2024/11/21 19:54:25 logger.go:63: 1732218865524547192 Close     /etc/ld.so.cache	75
2024/11/21 19:54:25 logger.go:63: 1732218865525227619 Open      /etc/ld.so.cache	76
2024/11/21 19:54:25 logger.go:63: 1732218865525312820 Close     /etc/ld.so.cache	76
2024/11/21 19:54:25 logger.go:63: 1732218865526007704 Open      /etc/ld.so.cache	77
2024/11/21 19:54:25 logger.go:63: 1732218865526097644 Close     /etc/ld.so.cache	77
2024/11/21 19:54:25 logger.go:63: 1732218865526756971 Open      /etc/ld.so.cache	78
2024/11/21 19:54:25 logger.go:63: 1732218865526847032 Close     /etc/ld.so.cache	78
2024/11/21 19:54:25 logger.go:63: 1732218865527555702 Open      /etc/ld.so.cache	79
2024/11/21 19:54:25 logger.go:63: 1732218865527640523 Close     /etc/ld.so.cache	79
2024/11/21 19:54:25 logger.go:63: 1732218865528305059 Open      /etc/ld.so.cache	80
2024/11/21 19:54:25 logger.go:63: 1732218865528390200 Close     /etc/ld.so.cache	80
2024/11/21 19:54:25 logger.go:63: 1732218865529057032 Open      /etc/ld.so.cache	81
2024/11/21 19:54:25 logger.go:63: 1732218865529141592 Close     /etc/ld.so.cache	81
2024/11/21 19:54:25 logger.go:63: 1732218865529829884 Open      /etc/ld.so.cache	82
2024/11/21 19:54:25 logger.go:63: 1732218865529917449 Close     /etc/ld.so.cache	82
2024/11/21 19:54:25 logger.go:63: 1732218865530679330 Open      /etc/ld.so.cache	83
2024/11/21 19:54:25 logger.go:63: 1732218865530768990 Close     /etc/ld.so.cache	83
2024/11/21 19:54:25 logger.go:63: 1732218865531482650 Open      /etc/ld.so.cache	84
2024/11/21 19:54:25 logger.go:63: 1732218865531578521 Close     /etc/ld.so.cache	84
2024/11/21 19:54:25 logger.go:63: 1732218865532288614 Open      /etc/ld.so.cache	85
2024/11/21 19:54:25 logger.go:63: 1732218865532380798 Close     /etc/ld.so.cache	85
2024/11/21 19:54:25 logger.go:63: 1732218865533077837 Open      /etc/ld.so.cache	86
2024/11/21 19:54:25 logger.go:63: 1732218865533170502 Close     /etc/ld.so.cache	86
2024/11/21 19:54:25 logger.go:63: 1732218865533861228 Open      /etc/ld.so.cache	87
2024/11/21 19:54:25 logger.go:63: 1732218865533955637 Close     /etc/ld.so.cache	87
2024/11/21 19:54:25 logger.go:63: 1732218865534652445 Open      /etc/ld.so.cache	88
2024/11/21 19:54:25 logger.go:63: 1732218865534747014 Close     /etc/ld.so.cache	88
2024/11/21 19:54:25 logger.go:63: 1732218865535450274 Open      /etc/ld.so.cache	89
2024/11/21 19:54:25 logger.go:63: 1732218865535542558 Close     /etc/ld.so.cache	89
2024/11/21 19:54:25 logger.go:63: 1732218865536250397 Open      /etc/ld.so.cache	90
2024/11/21 19:54:25 logger.go:63: 1732218865536338223 Close     /etc/ld.so.cache	90
2024/11/21 19:54:25 logger.go:63: 1732218865547609712 Lookup    /opt/lammps/examples/reaxff/HNS/in.reaxc.hns
2024/11/21 19:54:25 logger.go:63: 1732218865547663564 Open      /opt/lammps/examples/reaxff/HNS/in.reaxc.hns	91
2024/11/21 19:54:25 logger.go:63: 1732218865548968532 Lookup    /opt/lammps/examples/reaxff/HNS/data.hns-equil
2024/11/21 19:54:25 logger.go:63: 1732218865549061288 Open      /opt/lammps/examples/reaxff/HNS/data.hns-equil	92
2024/11/21 19:54:25 logger.go:63: 1732218865549114709 Close     /opt/lammps/examples/reaxff/HNS/data.hns-equil	92
2024/11/21 19:54:25 logger.go:63: 1732218865549224176 Open      /opt/lammps/examples/reaxff/HNS/data.hns-equil	93
2024/11/21 19:54:25 logger.go:63: 1732218865551005745 Close     /opt/lammps/examples/reaxff/HNS/data.hns-equil	93
2024/11/21 19:54:25 logger.go:63: 1732218865553292060 Lookup    /opt/lammps/examples/reaxff/HNS/ffield.reax.hns
2024/11/21 19:54:25 logger.go:63: 1732218865553347174 Open      /opt/lammps/examples/reaxff/HNS/ffield.reax.hns	94
2024/11/21 19:54:25 logger.go:63: 1732218865553385026 Close     /opt/lammps/examples/reaxff/HNS/ffield.reax.hns	94
2024/11/21 19:54:25 logger.go:63: 1732218865553462272 Open      /opt/lammps/examples/reaxff/HNS/ffield.reax.hns	95
2024/11/21 19:54:25 logger.go:63: 1732218865553569835 Close     /opt/lammps/examples/reaxff/HNS/ffield.reax.hns	95
2024/11/21 19:54:25 logger.go:63: 1732218865553646250 Open      /opt/lammps/examples/reaxff/HNS/ffield.reax.hns	96
2024/11/21 19:54:25 logger.go:63: 1732218865553759975 Close     /opt/lammps/examples/reaxff/HNS/ffield.reax.hns	96
2024/11/21 19:54:25 logger.go:63: 1732218865553835047 Open      /opt/lammps/examples/reaxff/HNS/ffield.reax.hns	97
2024/11/21 19:54:25 logger.go:63: 1732218865554852972 Close     /opt/lammps/examples/reaxff/HNS/ffield.reax.hns	97
2024/11/21 19:56:06 logger.go:63: 1732218966451447388 Close     /opt/lammps/examples/reaxff/HNS/in.reaxc.hns	91
2024/11/21 19:56:06 logger.go:63: 1732218966457802696 Complete  /tmp/out/lammps-recording.out