2024/11/21 22:42:12 logger.go:63: 1732228932600159027 Lookup    /etc      
2024/11/21 22:42:12 logger.go:63: 1732228932600296955 Lookup    /etc/host.conf
2024/11/21 22:42:12 logger.go:63: 1732228932600342901 Lookup    /etc/hosts
2024/11/21 22:42:12 logger.go:63: 1732228932600386723 Lookup    /etc/nsswitch.conf
2024/11/21 22:42:12 logger.go:63: 1732228932600413192 Lookup    /etc/resolv.conf
2024/11/21 22:42:12 logger.go:63: 1732228932600438329 Lookup    /dev      
2024/11/21 22:42:12 logger.go:63: 1732228932600462224 Lookup    /sys      
2024/11/21 22:42:12 logger.go:63: 1732228932600483343 Lookup    /proc     
2024/11/21 22:42:12 logger.go:63: 1732228932600509732 Lookup    /tmp      
2024/11/21 22:42:12 logger.go:63: 1732228932600534208 Lookup    /root     
2024/11/21 22:42:12 logger.go:63: 1732228932600579803 Lookup    /opt      
2024/11/21 22:42:12 logger.go:63: 1732228932600602886 Lookup    /opt/lammps
2024/11/21 22:42:12 logger.go:63: 1732228932600631369 Lookup    /opt/lammps/examples
2024/11/21 22:42:12 logger.go:63: 1732228932600665072 Lookup    /opt/lammps/examples/reax
2024/11/21 22:42:12 logger.go:63: 1732228932600696832 Lookup    /opt/lammps/examples/reax/HNS
2024/11/21 22:42:12 logger.go:63: 1732228932600729142 Lookup    /usr      
2024/11/21 22:42:12 logger.go:63: 1732228932600752656 Lookup    /usr/bin  
2024/11/21 22:42:12 logger.go:63: 1732228932600779005 Lookup    /usr/bin/lmp
2024/11/21 22:42:12 logger.go:63: 1732228932601046926 Open      /usr/bin/lmp	7
2024/11/21 22:42:12 logger.go:63: 1732228932601137595 Close     /usr/bin/lmp	7
2024/11/21 22:42:12 logger.go:63: 1732228932601167280 Open      /usr/bin/lmp	18
2024/11/21 22:42:12 logger.go:63: 1732228932601219017 Lookup    /lib64    
2024/11/21 22:42:12 logger.go:63: 1732228932601259713 Lookup    /usr/lib64
2024/11/21 22:42:12 logger.go:63: 1732228932601327099 Lookup    /usr/lib64/ld-linux-x86-64.so.2
2024/11/21 22:42:12 logger.go:63: 1732228932601395377 Lookup    /lib      
2024/11/21 22:42:12 logger.go:63: 1732228932601424541 Lookup    /usr/lib  
2024/11/21 22:42:12 logger.go:63: 1732228932601491336 Lookup    /usr/lib/x86_64-linux-gnu
2024/11/21 22:42:12 logger.go:63: 1732228932601514429 Lookup    /usr/lib/x86_64-linux-gnu/ld-linux-x86-64.so.2
2024/11/21 22:42:12 logger.go:63: 1732228932601573800 Close     /usr/bin/lmp	18
2024/11/21 22:42:12 logger.go:63: 1732228932601596101 Open      /usr/lib/x86_64-linux-gnu/ld-linux-x86-64.so.2	20
2024/11/21 22:42:12 logger.go:63: 1732228932601636717 Close     /usr/lib/x86_64-linux-gnu/ld-linux-x86-64.so.2	20
2024/11/21 22:42:12 logger.go:63: 1732228932602204909 Open      /usr/bin/lmp	21
2024/11/21 22:42:12 logger.go:63: 1732228932602431191 Close     /usr/bin/lmp	21
2024/11/21 22:42:12 logger.go:63: 1732228932602659337 Open      /usr/lib/x86_64-linux-gnu/ld-linux-x86-64.so.2	22
2024/11/21 22:42:12 logger.go:63: 1732228932602836979 Close     /usr/lib/x86_64-linux-gnu/ld-linux-x86-64.so.2	22
2024/11/21 22:42:12 logger.go:63: 1732228932603355698 Lookup    /opt/software
2024/11/21 22:42:12 logger.go:63: 1732228932603393308 Lookup    /opt/software/linux-rocky9-x86_64
2024/11/21 22:42:12 logger.go:63: 1732228932603421782 Lookup    /opt/software/linux-rocky9-x86_64/gcc-11.4.1
2024/11/21 22:42:12 logger.go:63: 1732228932603448562 Lookup    /opt/software/linux-rocky9-x86_64/gcc-11.4.1/flux-core-0.61.2-va52p5ph7ylanopgk7ranjgtjgc2wb5y
2024/11/21 22:42:12 logger.go:63: 1732228932603491712 Lookup    /opt/software/linux-rocky9-x86_64/gcc-11.4.1/flux-core-0.61.2-va52p5ph7ylanopgk7ranjgtjgc2wb5y/lib
2024/11/21 22:42:12 logger.go:63: 1732228932603515887 Lookup    /opt/software/linux-rocky9-x86_64/gcc-11.4.1/flux-core-0.61.2-va52p5ph7ylanopgk7ranjgtjgc2wb5y/lib/flux
2024/11/21 22:42:12 logger.go:63: 1732228932605751413 Lookup    /etc/ld.so.cache
2024/11/21 22:42:12 logger.go:63: 1732228932605790506 Open      /etc/ld.so.cache	23
2024/11/21 22:42:12 logger.go:63: 1732228932605873070 Close     /etc/ld.so.cache	23
2024/11/21 22:42:12 logger.go:63: 1732228932606013132 Lookup    /usr/lib/x86_64-linux-gnu/libmpich.so.12
2024/11/21 22:42:12 logger.go:63: 1732228932606057354 Lookup    /usr/lib/x86_64-linux-gnu/libmpich.so.12.2.0
2024/11/21 22:42:12 logger.go:63: 1732228932606133937 Open      /usr/lib/x86_64-linux-gnu/libmpich.so.12.2.0	24
2024/11/21 22:42:12 logger.go:63: 1732228932606426424 Close     /usr/lib/x86_64-linux-gnu/libmpich.so.12.2.0	24
2024/11/21 22:42:12 logger.go:63: 1732228932606725723 Lookup    /usr/lib/x86_64-linux-gnu/libstdc++.so.6
2024/11/21 22:42:12 logger.go:63: 1732228932606760868 Lookup    /usr/lib/x86_64-linux-gnu/libstdc++.so.6.0.30
2024/11/21 22:42:12 logger.go:63: 1732228932606836119 Open      /usr/lib/x86_64-linux-gnu/libstdc++.so.6.0.30	25
2024/11/21 22:42:12 logger.go:63: 1732228932607143293 Close     /usr/lib/x86_64-linux-gnu/libstdc++.so.6.0.30	25
2024/11/21 22:42:12 logger.go:63: 1732228932607448212 Lookup    /usr/lib/x86_64-linux-gnu/libm.so.6
2024/11/21 22:42:12 logger.go:63: 1732228932607485923 Open      /usr/lib/x86_64-linux-gnu/libm.so.6	26
2024/11/21 22:42:12 logger.go:63: 1732228932607729728 Close     /usr/lib/x86_64-linux-gnu/libm.so.6	26
2024/11/21 22:42:12 logger.go:63: 1732228932608030811 Lookup    /usr/lib/x86_64-linux-gnu/libgcc_s.so.1
2024/11/21 22:42:12 logger.go:63: 1732228932608077939 Open      /usr/lib/x86_64-linux-gnu/libgcc_s.so.1	27
2024/11/21 22:42:12 logger.go:63: 1732228932608321013 Close     /usr/lib/x86_64-linux-gnu/libgcc_s.so.1	27
2024/11/21 22:42:12 logger.go:63: 1732228932608539381 Lookup    /usr/lib/x86_64-linux-gnu/libc.so.6
2024/11/21 22:42:12 logger.go:63: 1732228932608575859 Open      /usr/lib/x86_64-linux-gnu/libc.so.6	28
2024/11/21 22:42:12 logger.go:63: 1732228932608945980 Close     /usr/lib/x86_64-linux-gnu/libc.so.6	28
2024/11/21 22:42:12 logger.go:63: 1732228932609258965 Lookup    /usr/lib/x86_64-linux-gnu/libhwloc.so.15
2024/11/21 22:42:12 logger.go:63: 1732228932609309699 Lookup    /usr/lib/x86_64-linux-gnu/libhwloc.so.15.5.2
2024/11/21 22:42:12 logger.go:63: 1732228932609382095 Open      /usr/lib/x86_64-linux-gnu/libhwloc.so.15.5.2	29
2024/11/21 22:42:12 logger.go:63: 1732228932609671846 Close     /usr/lib/x86_64-linux-gnu/libhwloc.so.15.5.2	29
2024/11/21 22:42:12 logger.go:63: 1732228932609974611 Lookup    /usr/lib/x86_64-linux-gnu/libfabric.so.1
2024/11/21 22:42:12 logger.go:63: 1732228932610018583 Lookup    /usr/lib/x86_64-linux-gnu/libfabric.so.1.14.0
2024/11/21 22:42:12 logger.go:63: 1732228932610103582 Open      /usr/lib/x86_64-linux-gnu/libfabric.so.1.14.0	30
2024/11/21 22:42:12 logger.go:63: 1732228932610415895 Close     /usr/lib/x86_64-linux-gnu/libfabric.so.1.14.0	30
2024/11/21 22:42:12 logger.go:63: 1732228932610658639 Lookup    /usr/lib/x86_64-linux-gnu/libudev.so.1
2024/11/21 22:42:12 logger.go:63: 1732228932610708863 Lookup    /usr/lib/x86_64-linux-gnu/libudev.so.1.7.2
2024/11/21 22:42:12 logger.go:63: 1732228932610807407 Open      /usr/lib/x86_64-linux-gnu/libudev.so.1.7.2	31
2024/11/21 22:42:12 logger.go:63: 1732228932611277956 Close     /usr/lib/x86_64-linux-gnu/libudev.so.1.7.2	31
2024/11/21 22:42:12 logger.go:63: 1732228932611538943 Lookup    /usr/lib/x86_64-linux-gnu/librdmacm.so.1
2024/11/21 22:42:12 logger.go:63: 1732228932611588947 Lookup    /usr/lib/x86_64-linux-gnu/librdmacm.so.1.3.39.0
2024/11/21 22:42:12 logger.go:63: 1732228932611671240 Open      /usr/lib/x86_64-linux-gnu/librdmacm.so.1.3.39.0	32
2024/11/21 22:42:12 logger.go:63: 1732228932611977863 Close     /usr/lib/x86_64-linux-gnu/librdmacm.so.1.3.39.0	32
2024/11/21 22:42:12 logger.go:63: 1732228932612236266 Lookup    /usr/lib/x86_64-linux-gnu/libefa.so.1
2024/11/21 22:42:12 logger.go:63: 1732228932612292721 Lookup    /usr/lib/x86_64-linux-gnu/libefa.so.1.1.39.0
2024/11/21 22:42:12 logger.go:63: 1732228932612375696 Open      /usr/lib/x86_64-linux-gnu/libefa.so.1.1.39.0	33
2024/11/21 22:42:12 logger.go:63: 1732228932612740488 Close     /usr/lib/x86_64-linux-gnu/libefa.so.1.1.39.0	33
2024/11/21 22:42:12 logger.go:63: 1732228932612977370 Lookup    /usr/lib/x86_64-linux-gnu/libibverbs.so.1
2024/11/21 22:42:12 logger.go:63: 1732228932613095831 Lookup    /usr/lib/x86_64-linux-gnu/libibverbs.so.1.14.39.0
2024/11/21 22:42:12 logger.go:63: 1732228932613171743 Open      /usr/lib/x86_64-linux-gnu/libibverbs.so.1.14.39.0	34
2024/11/21 22:42:12 logger.go:63: 1732228932613485690 Close     /usr/lib/x86_64-linux-gnu/libibverbs.so.1.14.39.0	34
2024/11/21 22:42:12 logger.go:63: 1732228932613715679 Lookup    /usr/lib/x86_64-linux-gnu/libpsm_infinipath.so.1
2024/11/21 22:42:12 logger.go:63: 1732228932613813382 Lookup    /etc/alternatives
2024/11/21 22:42:12 logger.go:63: 1732228932613843869 Lookup    /etc/alternatives/libpsm_infinipath.so.1
2024/11/21 22:42:12 logger.go:63: 1732228932613913899 Lookup    /usr/lib/libpsm1
2024/11/21 22:42:12 logger.go:63: 1732228932613938786 Lookup    /usr/lib/libpsm1/libpsm_infinipath.so.1.16
2024/11/21 22:42:12 logger.go:63: 1732228932613982307 Open      /usr/lib/libpsm1/libpsm_infinipath.so.1.16	35
2024/11/21 22:42:12 logger.go:63: 1732228932614306072 Close     /usr/lib/libpsm1/libpsm_infinipath.so.1.16	35
2024/11/21 22:42:12 logger.go:63: 1732228932614616061 Lookup    /usr/lib/x86_64-linux-gnu/libpsm2.so.2
2024/11/21 22:42:12 logger.go:63: 1732228932614657879 Lookup    /usr/lib/x86_64-linux-gnu/libpsm2.so.2.2
2024/11/21 22:42:12 logger.go:63: 1732228932614735233 Open      /usr/lib/x86_64-linux-gnu/libpsm2.so.2.2	36
2024/11/21 22:42:12 logger.go:63: 1732228932615036817 Close     /usr/lib/x86_64-linux-gnu/libpsm2.so.2.2	36
2024/11/21 22:42:12 logger.go:63: 1732228932615275673 Lookup    /usr/lib/x86_64-linux-gnu/libnl-3.so.200
2024/11/21 22:42:12 logger.go:63: 1732228932615314736 Lookup    /usr/lib/x86_64-linux-gnu/libnl-3.so.200.26.0
2024/11/21 22:42:12 logger.go:63: 1732228932615383755 Open      /usr/lib/x86_64-linux-gnu/libnl-3.so.200.26.0	37
2024/11/21 22:42:12 logger.go:63: 1732228932615634924 Close     /usr/lib/x86_64-linux-gnu/libnl-3.so.200.26.0	37
2024/11/21 22:42:12 logger.go:63: 1732228932615911921 Lookup    /usr/lib/x86_64-linux-gnu/libnl-route-3.so.200
2024/11/21 22:42:12 logger.go:63: 1732228932615955763 Lookup    /usr/lib/x86_64-linux-gnu/libnl-route-3.so.200.26.0
2024/11/21 22:42:12 logger.go:63: 1732228932616038287 Open      /usr/lib/x86_64-linux-gnu/libnl-route-3.so.200.26.0	38
2024/11/21 22:42:12 logger.go:63: 1732228932616323560 Close     /usr/lib/x86_64-linux-gnu/libnl-route-3.so.200.26.0	38
2024/11/21 22:42:12 logger.go:63: 1732228932616636986 Lookup    /usr/lib/x86_64-linux-gnu/libinfinipath.so.4
2024/11/21 22:42:12 logger.go:63: 1732228932616679134 Lookup    /usr/lib/x86_64-linux-gnu/libinfinipath.so.4.0
2024/11/21 22:42:12 logger.go:63: 1732228932616747572 Open      /usr/lib/x86_64-linux-gnu/libinfinipath.so.4.0	39
2024/11/21 22:42:12 logger.go:63: 1732228932617018729 Close     /usr/lib/x86_64-linux-gnu/libinfinipath.so.4.0	39
2024/11/21 22:42:12 logger.go:63: 1732228932617263937 Lookup    /usr/lib/x86_64-linux-gnu/librt.so.1
2024/11/21 22:42:12 logger.go:63: 1732228932617302960 Open      /usr/lib/x86_64-linux-gnu/librt.so.1	40
2024/11/21 22:42:12 logger.go:63: 1732228932620339762 Close     /usr/lib/x86_64-linux-gnu/librt.so.1	40
2024/11/21 22:42:12 logger.go:63: 1732228932620809259 Lookup    /usr/lib/x86_64-linux-gnu/libpthread.so.0
2024/11/21 22:42:12 logger.go:63: 1732228932620883638 Open      /usr/lib/x86_64-linux-gnu/libpthread.so.0	41
2024/11/21 22:42:12 logger.go:63: 1732228932621280048 Close     /usr/lib/x86_64-linux-gnu/libpthread.so.0	41
2024/11/21 22:42:12 logger.go:63: 1732228932621521359 Lookup    /usr/lib/x86_64-linux-gnu/libdl.so.2
2024/11/21 22:42:12 logger.go:63: 1732228932621564530 Open      /usr/lib/x86_64-linux-gnu/libdl.so.2	42
2024/11/21 22:42:12 logger.go:63: 1732228932621967943 Close     /usr/lib/x86_64-linux-gnu/libdl.so.2	42
2024/11/21 22:42:12 logger.go:63: 1732228932622212079 Lookup    /usr/lib/x86_64-linux-gnu/libuuid.so.1
2024/11/21 22:42:12 logger.go:63: 1732228932622253106 Lookup    /usr/lib/x86_64-linux-gnu/libuuid.so.1.3.0
2024/11/21 22:42:12 logger.go:63: 1732228932622322185 Open      /usr/lib/x86_64-linux-gnu/libuuid.so.1.3.0	43
2024/11/21 22:42:12 logger.go:63: 1732228932622566321 Close     /usr/lib/x86_64-linux-gnu/libuuid.so.1.3.0	43
2024/11/21 22:42:12 logger.go:63: 1732228932622793014 Lookup    /usr/lib/x86_64-linux-gnu/libnuma.so.1
2024/11/21 22:42:12 logger.go:63: 1732228932622835113 Lookup    /usr/lib/x86_64-linux-gnu/libnuma.so.1.0.0
2024/11/21 22:42:12 logger.go:63: 1732228932622905635 Open      /usr/lib/x86_64-linux-gnu/libnuma.so.1.0.0	44
2024/11/21 22:42:12 logger.go:63: 1732228932623161012 Close     /usr/lib/x86_64-linux-gnu/libnuma.so.1.0.0	44
2024/11/21 22:42:12 logger.go:63: 1732228932836813162 Lookup    /usr/lib/x86_64-linux-gnu/hwloc
2024/11/21 22:42:12 logger.go:63: 1732228932837021852 Lookup    /usr/lib/x86_64-linux-gnu/hwloc/hwloc_opencl.so
2024/11/21 22:42:12 logger.go:63: 1732228932837056076 Lookup    /usr/lib/x86_64-linux-gnu/hwloc/hwloc_xml_libxml.so
2024/11/21 22:42:12 logger.go:63: 1732228932837069200 Lookup    /usr/lib/x86_64-linux-gnu/hwloc/hwloc_gl.so
2024/11/21 22:42:12 logger.go:63: 1732228932837082415 Lookup    /usr/lib/x86_64-linux-gnu/hwloc/hwloc_pci.so
2024/11/21 22:42:12 logger.go:63: 1732228932837251090 Open      /usr/lib/x86_64-linux-gnu/hwloc/hwloc_opencl.so	50
2024/11/21 22:42:12 logger.go:63: 1732228932837487972 Close     /usr/lib/x86_64-linux-gnu/hwloc/hwloc_opencl.so	50
2024/11/21 22:42:12 logger.go:63: 1732228932837716629 Open      /etc/ld.so.cache	51
2024/11/21 22:42:12 logger.go:63: 1732228932837814242 Close     /etc/ld.so.cache	51
2024/11/21 22:42:12 logger.go:63: 1732228932837966606 Lookup    /usr/lib/x86_64-linux-gnu/libOpenCL.so.1
2024/11/21 22:42:12 logger.go:63: 1732228932838019706 Lookup    /usr/lib/x86_64-linux-gnu/libOpenCL.so.1.0.0
2024/11/21 22:42:12 logger.go:63: 1732228932838104764 Open      /usr/lib/x86_64-linux-gnu/libOpenCL.so.1.0.0	52
2024/11/21 22:42:12 logger.go:63: 1732228932838369679 Close     /usr/lib/x86_64-linux-gnu/libOpenCL.so.1.0.0	52
2024/11/21 22:42:12 logger.go:63: 1732228932838677715 Open      /usr/lib/x86_64-linux-gnu/hwloc/hwloc_xml_libxml.so	53
2024/11/21 22:42:12 logger.go:63: 1732228932838914587 Close     /usr/lib/x86_64-linux-gnu/hwloc/hwloc_xml_libxml.so	53
2024/11/21 22:42:12 logger.go:63: 1732228932839114541 Open      /etc/ld.so.cache	54
2024/11/21 22:42:12 logger.go:63: 1732228932839209939 Close     /etc/ld.so.cache	54
2024/11/21 22:42:12 logger.go:63: 1732228932839346834 Lookup    /usr/lib/x86_64-linux-gnu/libxml2.so.2
2024/11/21 22:42:12 logger.go:63: 1732228932839392249 Lookup    /usr/lib/x86_64-linux-gnu/libxml2.so.2.9.13
2024/11/21 22:42:12 logger.go:63: 1732228932839471758 Open      /usr/lib/x86_64-linux-gnu/libxml2.so.2.9.13	55
2024/11/21 22:42:12 logger.go:63: 1732228932839798448 Close     /usr/lib/x86_64-linux-gnu/libxml2.so.2.9.13	55
2024/11/21 22:42:12 logger.go:63: 1732228932840132001 Lookup    /usr/lib/x86_64-linux-gnu/libicuuc.so.70
2024/11/21 22:42:12 logger.go:63: 1732228932840175783 Lookup    /usr/lib/x86_64-linux-gnu/libicuuc.so.70.1
2024/11/21 22:42:12 logger.go:63: 1732228932840250352 Open      /usr/lib/x86_64-linux-gnu/libicuuc.so.70.1	56
2024/11/21 22:42:12 logger.go:63: 1732228932840538410 Close     /usr/lib/x86_64-linux-gnu/libicuuc.so.70.1	56
2024/11/21 22:42:12 logger.go:63: 1732228932840847047 Lookup    /usr/lib/x86_64-linux-gnu/libz.so.1
2024/11/21 22:42:12 logger.go:63: 1732228932840883104 Lookup    /usr/lib/x86_64-linux-gnu/libz.so.1.2.11
2024/11/21 22:42:12 logger.go:63: 1732228932840955329 Open      /usr/lib/x86_64-linux-gnu/libz.so.1.2.11	57
2024/11/21 22:42:12 logger.go:63: 1732228932841236043 Close     /usr/lib/x86_64-linux-gnu/libz.so.1.2.11	57
2024/11/21 22:42:12 logger.go:63: 1732228932841485740 Lookup    /usr/lib/x86_64-linux-gnu/liblzma.so.5
2024/11/21 22:42:12 logger.go:63: 1732228932841534551 Lookup    /usr/lib/x86_64-linux-gnu/liblzma.so.5.2.5
2024/11/21 22:42:12 logger.go:63: 1732228932841611575 Open      /usr/lib/x86_64-linux-gnu/liblzma.so.5.2.5	58
2024/11/21 22:42:12 logger.go:63: 1732228932841867022 Close     /usr/lib/x86_64-linux-gnu/liblzma.so.5.2.5	58
2024/11/21 22:42:12 logger.go:63: 1732228932842141995 Lookup    /usr/lib/x86_64-linux-gnu/libicudata.so.70
2024/11/21 22:42:12 logger.go:63: 1732228932842194544 Lookup    /usr/lib/x86_64-linux-gnu/libicudata.so.70.1
2024/11/21 22:42:12 logger.go:63: 1732228932842273982 Open      /usr/lib/x86_64-linux-gnu/libicudata.so.70.1	59
2024/11/21 22:42:12 logger.go:63: 1732228932842537554 Close     /usr/lib/x86_64-linux-gnu/libicudata.so.70.1	59
2024/11/21 22:42:12 logger.go:63: 1732228932843590160 Open      /usr/lib/x86_64-linux-gnu/hwloc/hwloc_gl.so	60
2024/11/21 22:42:12 logger.go:63: 1732228932843818256 Close     /usr/lib/x86_64-linux-gnu/hwloc/hwloc_gl.so	60
2024/11/21 22:42:12 logger.go:63: 1732228932844045952 Open      /etc/ld.so.cache	61
2024/11/21 22:42:12 logger.go:63: 1732228932844146630 Close     /etc/ld.so.cache	61
2024/11/21 22:42:12 logger.go:63: 1732228932844306368 Lookup    /usr/lib/x86_64-linux-gnu/libXNVCtrl.so.0
2024/11/21 22:42:12 logger.go:63: 1732228932844367763 Lookup    /usr/lib/x86_64-linux-gnu/libXNVCtrl.so.0.0.0
2024/11/21 22:42:12 logger.go:63: 1732228932844454495 Open      /usr/lib/x86_64-linux-gnu/libXNVCtrl.so.0.0.0	62
2024/11/21 22:42:12 logger.go:63: 1732228932844746781 Close     /usr/lib/x86_64-linux-gnu/libXNVCtrl.so.0.0.0	62
2024/11/21 22:42:12 logger.go:63: 1732228932845038155 Lookup    /usr/lib/x86_64-linux-gnu/libX11.so.6
2024/11/21 22:42:12 logger.go:63: 1732228932845107555 Lookup    /usr/lib/x86_64-linux-gnu/libX11.so.6.4.0
2024/11/21 22:42:12 logger.go:63: 1732228932845207842 Open      /usr/lib/x86_64-linux-gnu/libX11.so.6.4.0	63
2024/11/21 22:42:12 logger.go:63: 1732228932845523902 Close     /usr/lib/x86_64-linux-gnu/libX11.so.6.4.0	63
2024/11/21 22:42:12 logger.go:63: 1732228932845942344 Lookup    /usr/lib/x86_64-linux-gnu/libXext.so.6
2024/11/21 22:42:12 logger.go:63: 1732228932846019017 Lookup    /usr/lib/x86_64-linux-gnu/libXext.so.6.4.0
2024/11/21 22:42:12 logger.go:63: 1732228932846118282 Open      /usr/lib/x86_64-linux-gnu/libXext.so.6.4.0	64
2024/11/21 22:42:12 logger.go:63: 1732228932846478676 Close     /usr/lib/x86_64-linux-gnu/libXext.so.6.4.0	64
2024/11/21 22:42:12 logger.go:63: 1732228932846736287 Lookup    /usr/lib/x86_64-linux-gnu/libxcb.so.1
2024/11/21 22:42:12 logger.go:63: 1732228932846786481 Lookup    /usr/lib/x86_64-linux-gnu/libxcb.so.1.1.0
2024/11/21 22:42:12 logger.go:63: 1732228932846870367 Open      /usr/lib/x86_64-linux-gnu/libxcb.so.1.1.0	65
2024/11/21 22:42:12 logger.go:63: 1732228932847177170 Close     /usr/lib/x86_64-linux-gnu/libxcb.so.1.1.0	65
2024/11/21 22:42:12 logger.go:63: 1732228932847511966 Lookup    /usr/lib/x86_64-linux-gnu/libXau.so.6
2024/11/21 22:42:12 logger.go:63: 1732228932847570625 Lookup    /usr/lib/x86_64-linux-gnu/libXau.so.6.0.0
2024/11/21 22:42:12 logger.go:63: 1732228932847649112 Open      /usr/lib/x86_64-linux-gnu/libXau.so.6.0.0	66
2024/11/21 22:42:12 logger.go:63: 1732228932847895873 Close     /usr/lib/x86_64-linux-gnu/libXau.so.6.0.0	66
2024/11/21 22:42:12 logger.go:63: 1732228932848163693 Lookup    /usr/lib/x86_64-linux-gnu/libXdmcp.so.6
2024/11/21 22:42:12 logger.go:63: 1732228932848207154 Lookup    /usr/lib/x86_64-linux-gnu/libXdmcp.so.6.0.0
2024/11/21 22:42:12 logger.go:63: 1732228932848282465 Open      /usr/lib/x86_64-linux-gnu/libXdmcp.so.6.0.0	67
2024/11/21 22:42:12 logger.go:63: 1732228932848532191 Close     /usr/lib/x86_64-linux-gnu/libXdmcp.so.6.0.0	67
2024/11/21 22:42:12 logger.go:63: 1732228932848782759 Lookup    /usr/lib/x86_64-linux-gnu/libbsd.so.0
2024/11/21 22:42:12 logger.go:63: 1732228932848822944 Lookup    /usr/lib/x86_64-linux-gnu/libbsd.so.0.11.5
2024/11/21 22:42:12 logger.go:63: 1732228932848907713 Open      /usr/lib/x86_64-linux-gnu/libbsd.so.0.11.5	68
2024/11/21 22:42:12 logger.go:63: 1732228932849232309 Close     /usr/lib/x86_64-linux-gnu/libbsd.so.0.11.5	68
2024/11/21 22:42:12 logger.go:63: 1732228932849483709 Lookup    /usr/lib/x86_64-linux-gnu/libmd.so.0
2024/11/21 22:42:12 logger.go:63: 1732228932849534584 Lookup    /usr/lib/x86_64-linux-gnu/libmd.so.0.0.5
2024/11/21 22:42:12 logger.go:63: 1732228932849614914 Open      /usr/lib/x86_64-linux-gnu/libmd.so.0.0.5	69
2024/11/21 22:42:12 logger.go:63: 1732228932849868337 Close     /usr/lib/x86_64-linux-gnu/libmd.so.0.0.5	69
2024/11/21 22:42:12 logger.go:63: 1732228932850520275 Open      /usr/lib/x86_64-linux-gnu/hwloc/hwloc_pci.so	70
2024/11/21 22:42:12 logger.go:63: 1732228932850786051 Close     /usr/lib/x86_64-linux-gnu/hwloc/hwloc_pci.so	70
2024/11/21 22:42:12 logger.go:63: 1732228932850984402 Open      /etc/ld.so.cache	71
2024/11/21 22:42:12 logger.go:63: 1732228932851088686 Close     /etc/ld.so.cache	71
2024/11/21 22:42:12 logger.go:63: 1732228932851226975 Lookup    /usr/lib/x86_64-linux-gnu/libpciaccess.so.0
2024/11/21 22:42:12 logger.go:63: 1732228932851281236 Lookup    /usr/lib/x86_64-linux-gnu/libpciaccess.so.0.11.1
2024/11/21 22:42:12 logger.go:63: 1732228932851358460 Open      /usr/lib/x86_64-linux-gnu/libpciaccess.so.0.11.1	72
2024/11/21 22:42:12 logger.go:63: 1732228932851613787 Close     /usr/lib/x86_64-linux-gnu/libpciaccess.so.0.11.1	72
2024/11/21 22:42:13 logger.go:63: 1732228933126832451 Lookup    /run      
2024/11/21 22:42:13 logger.go:63: 1732228933133812939 Lookup    /var      
2024/11/21 22:42:13 logger.go:63: 1732228933133888280 Lookup    /var/run  
2024/11/21 22:42:13 logger.go:63: 1732228933135239424 Lookup    /etc/gai.conf
2024/11/21 22:42:13 logger.go:63: 1732228933135309916 Open      /etc/gai.conf	49
2024/11/21 22:42:13 logger.go:63: 1732228933136228772 Close     /etc/gai.conf	49
2024/11/21 22:42:13 logger.go:63: 1732228933147348973 Lookup    /usr/share
2024/11/21 22:42:13 logger.go:63: 1732228933147463818 Lookup    /usr/share/misc
2024/11/21 22:42:13 logger.go:63: 1732228933166296726 Open      /etc/ld.so.cache	73
2024/11/21 22:42:13 logger.go:63: 1732228933166426318 Close     /etc/ld.so.cache	73
2024/11/21 22:42:13 logger.go:63: 1732228933177365962 Open      /etc/ld.so.cache	74
2024/11/21 22:42:13 logger.go:63: 1732228933177498830 Close     /etc/ld.so.cache	74
2024/11/21 22:42:13 logger.go:63: 1732228933178343167 Open      /etc/ld.so.cache	75
2024/11/21 22:42:13 logger.go:63: 1732228933178449586 Close     /etc/ld.so.cache	75
2024/11/21 22:42:13 logger.go:63: 1732228933179249520 Open      /etc/ld.so.cache	76
2024/11/21 22:42:13 logger.go:63: 1732228933179353795 Close     /etc/ld.so.cache	76
2024/11/21 22:42:13 logger.go:63: 1732228933180131698 Open      /etc/ld.so.cache	77
2024/11/21 22:42:13 logger.go:63: 1732228933180243747 Close     /etc/ld.so.cache	77
2024/11/21 22:42:13 logger.go:63: 1732228933181017693 Open      /etc/ld.so.cache	78
2024/11/21 22:42:13 logger.go:63: 1732228933181121617 Close     /etc/ld.so.cache	78
2024/11/21 22:42:13 logger.go:63: 1732228933181903698 Open      /etc/ld.so.cache	79
2024/11/21 22:42:13 logger.go:63: 1732228933182009496 Close     /etc/ld.so.cache	79
2024/11/21 22:42:13 logger.go:63: 1732228933182813548 Open      /etc/ld.so.cache	80
2024/11/21 22:42:13 logger.go:63: 1732228933182916059 Close     /etc/ld.so.cache	80
2024/11/21 22:42:13 logger.go:63: 1732228933183699623 Open      /etc/ld.so.cache	81
2024/11/21 22:42:13 logger.go:63: 1732228933183802966 Close     /etc/ld.so.cache	81
2024/11/21 22:42:13 logger.go:63: 1732228933185722361 Open      /etc/ld.so.cache	82
2024/11/21 22:42:13 logger.go:63: 1732228933185848096 Close     /etc/ld.so.cache	82
2024/11/21 22:42:13 logger.go:63: 1732228933186705607 Open      /etc/ld.so.cache	83
2024/11/21 22:42:13 logger.go:63: 1732228933186815042 Close     /etc/ld.so.cache	83
2024/11/21 22:42:13 logger.go:63: 1732228933187626127 Open      /etc/ld.so.cache	84
2024/11/21 22:42:13 logger.go:63: 1732228933187733778 Close     /etc/ld.so.cache	84
2024/11/21 22:42:13 logger.go:63: 1732228933188585970 Open      /etc/ld.so.cache	85
2024/11/21 22:42:13 logger.go:63: 1732228933188695003 Close     /etc/ld.so.cache	85
2024/11/21 22:42:13 logger.go:63: 1732228933189502562 Open      /etc/ld.so.cache	86
2024/11/21 22:42:13 logger.go:63: 1732228933189615974 Close     /etc/ld.so.cache	86
2024/11/21 22:42:13 logger.go:63: 1732228933190450653 Open      /etc/ld.so.cache	87
2024/11/21 22:42:13 logger.go:63: 1732228933190558234 Close     /etc/ld.so.cache	87
2024/11/21 22:42:13 logger.go:63: 1732228933191376733 Open      /etc/ld.so.cache	88
2024/11/21 22:42:13 logger.go:63: 1732228933191485095 Close     /etc/ld.so.cache	88
2024/11/21 22:42:13 logger.go:63: 1732228933192341695 Open      /etc/ld.so.cache	89
2024/11/21 22:42:13 logger.go:63: 1732228933192446140 Close     /etc/ld.so.cache	89
2024/11/21 22:42:13 logger.go:63: 1732228933207897091 Lookup    /opt/lammps/examples/reax/HNS/in.reaxc.hns
2024/11/21 22:42:13 logger.go:63: 1732228933207998380 Open      /opt/lammps/examples/reax/HNS/in.reaxc.hns	90
2024/11/21 22:42:13 logger.go:63: 1732228933209514923 Lookup    /opt/lammps/examples/reax/HNS/data.hns-equil
2024/11/21 22:42:13 logger.go:63: 1732228933209581046 Open      /opt/lammps/examples/reax/HNS/data.hns-equil	91
2024/11/21 22:42:13 logger.go:63: 1732228933210672655 Close     /opt/lammps/examples/reax/HNS/data.hns-equil	91
2024/11/21 22:42:13 logger.go:63: 1732228933220054760 Close     /opt/lammps/examples/reax/HNS/in.reaxc.hns	90
2024/11/21 22:42:13 logger.go:63: 1732228933220524959 Complete  /tmp/out/lammps-recording.out
2024/11/21 22:42:13 logger.go:63: 1732228933220753385 Lookup    /sbin     
2024/11/21 22:42:13 logger.go:63: 1732228933220803078 Lookup    /root     
2024/11/21 22:42:13 logger.go:63: 1732228933220834066 Lookup    /srv      
2024/11/21 22:42:13 logger.go:63: 1732228933220857279 Lookup    /media    
2024/11/21 22:42:13 logger.go:63: 1732228933220877156 Lookup    /libx32   
2024/11/21 22:42:13 logger.go:63: 1732228933220886083 Lookup    /lib64    
2024/11/21 22:42:13 logger.go:63: 1732228933220896503 Lookup    /etc      
2024/11/21 22:42:13 logger.go:63: 1732228933220908435 Lookup    /proc     
2024/11/21 22:42:13 logger.go:63: 1732228933220915839 Lookup    /usr      
2024/11/21 22:42:13 logger.go:63: 1732228933220934504 Lookup    /lib32    
2024/11/21 22:42:13 logger.go:63: 1732228933220951656 Lookup    /boot     
2024/11/21 22:42:13 logger.go:63: 1732228933220956735 Lookup    /var      
2024/11/21 22:42:13 logger.go:63: 1732228933220962145 Lookup    /tmp      
2024/11/21 22:42:13 logger.go:63: 1732228933220967235 Lookup    /mnt      
2024/11/21 22:42:13 logger.go:63: 1732228933220973366 Lookup    /dev      
2024/11/21 22:42:13 logger.go:63: 1732228933220978856 Lookup    /opt      
2024/11/21 22:42:13 logger.go:63: 1732228933221004364 Lookup    /home     
2024/11/21 22:42:13 logger.go:63: 1732228933221014223 Lookup    /lib      
2024/11/21 22:42:13 logger.go:63: 1732228933221023279 Lookup    /sys      
2024/11/21 22:42:13 logger.go:63: 1732228933221030202 Lookup    /bin      
2024/11/21 22:42:13 logger.go:63: 1732228933221036354 Lookup    /run      
2024/11/21 22:42:13 logger.go:63: 1732228933221042926 Lookup    /flux_operator
2024/11/21 22:42:13 logger.go:63: 1732228933221049228 Lookup    /product_name
2024/11/21 22:42:13 logger.go:63: 1732228933221126242 Lookup    /product_uuid