2024/11/21 21:53:03 logger.go:63: 1732225983728084280 Lookup    /etc      
2024/11/21 21:53:03 logger.go:63: 1732225983728225157 Lookup    /etc/host.conf
2024/11/21 21:53:03 logger.go:63: 1732225983728256025 Lookup    /etc/hosts
2024/11/21 21:53:03 logger.go:63: 1732225983728284329 Lookup    /etc/nsswitch.conf
2024/11/21 21:53:03 logger.go:63: 1732225983728311280 Lookup    /etc/resolv.conf
2024/11/21 21:53:03 logger.go:63: 1732225983728335626 Lookup    /dev      
2024/11/21 21:53:03 logger.go:63: 1732225983728355012 Lookup    /sys      
2024/11/21 21:53:03 logger.go:63: 1732225983728377605 Lookup    /proc     
2024/11/21 21:53:03 logger.go:63: 1732225983728400368 Lookup    /tmp      
2024/11/21 21:53:03 logger.go:63: 1732225983728421568 Lookup    /root     
2024/11/21 21:53:03 logger.go:63: 1732225983728464149 Lookup    /opt      
2024/11/21 21:53:03 logger.go:63: 1732225983728485760 Lookup    /opt/lammps
2024/11/21 21:53:03 logger.go:63: 1732225983728511258 Lookup    /opt/lammps/examples
2024/11/21 21:53:03 logger.go:63: 1732225983728537407 Lookup    /opt/lammps/examples/reax
2024/11/21 21:53:03 logger.go:63: 1732225983728561894 Lookup    /opt/lammps/examples/reax/HNS
2024/11/21 21:53:03 logger.go:63: 1732225983728588153 Lookup    /usr      
2024/11/21 21:53:03 logger.go:63: 1732225983728610946 Lookup    /usr/bin  
2024/11/21 21:53:03 logger.go:63: 1732225983728632457 Lookup    /usr/bin/lmp
2024/11/21 21:53:03 logger.go:63: 1732225983728883452 Open      /usr/bin/lmp	7
2024/11/21 21:53:03 logger.go:63: 1732225983728961319 Close     /usr/bin/lmp	7
2024/11/21 21:53:03 logger.go:63: 1732225983729016303 Open      /usr/bin/lmp	18
2024/11/21 21:53:03 logger.go:63: 1732225983729077649 Lookup    /lib64    
2024/11/21 21:53:03 logger.go:63: 1732225983729118326 Lookup    /usr/lib64
2024/11/21 21:53:03 logger.go:63: 1732225983729183770 Lookup    /usr/lib64/ld-linux-x86-64.so.2
2024/11/21 21:53:03 logger.go:63: 1732225983729253953 Lookup    /lib      
2024/11/21 21:53:03 logger.go:63: 1732225983729287196 Lookup    /usr/lib  
2024/11/21 21:53:03 logger.go:63: 1732225983729352710 Lookup    /usr/lib/x86_64-linux-gnu
2024/11/21 21:53:03 logger.go:63: 1732225983729377467 Lookup    /usr/lib/x86_64-linux-gnu/ld-linux-x86-64.so.2
2024/11/21 21:53:03 logger.go:63: 1732225983729440586 Close     /usr/bin/lmp	18
2024/11/21 21:53:03 logger.go:63: 1732225983729464501 Open      /usr/lib/x86_64-linux-gnu/ld-linux-x86-64.so.2	20
2024/11/21 21:53:03 logger.go:63: 1732225983729513093 Close     /usr/lib/x86_64-linux-gnu/ld-linux-x86-64.so.2	20
2024/11/21 21:53:03 logger.go:63: 1732225983730065909 Open      /usr/bin/lmp	21
2024/11/21 21:53:03 logger.go:63: 1732225983730309440 Close     /usr/bin/lmp	21
2024/11/21 21:53:03 logger.go:63: 1732225983730539725 Open      /usr/lib/x86_64-linux-gnu/ld-linux-x86-64.so.2	22
2024/11/21 21:53:03 logger.go:63: 1732225983730751255 Close     /usr/lib/x86_64-linux-gnu/ld-linux-x86-64.so.2	22
2024/11/21 21:53:03 logger.go:63: 1732225983731225162 Lookup    /opt/software
2024/11/21 21:53:03 logger.go:63: 1732225983731265829 Lookup    /opt/software/linux-rocky9-x86_64
2024/11/21 21:53:03 logger.go:63: 1732225983731293712 Lookup    /opt/software/linux-rocky9-x86_64/gcc-11.4.1
2024/11/21 21:53:03 logger.go:63: 1732225983731322085 Lookup    /opt/software/linux-rocky9-x86_64/gcc-11.4.1/flux-core-0.61.2-va52p5ph7ylanopgk7ranjgtjgc2wb5y
2024/11/21 21:53:03 logger.go:63: 1732225983731362241 Lookup    /opt/software/linux-rocky9-x86_64/gcc-11.4.1/flux-core-0.61.2-va52p5ph7ylanopgk7ranjgtjgc2wb5y/lib
2024/11/21 21:53:03 logger.go:63: 1732225983731394022 Lookup    /opt/software/linux-rocky9-x86_64/gcc-11.4.1/flux-core-0.61.2-va52p5ph7ylanopgk7ranjgtjgc2wb5y/lib/flux
2024/11/21 21:53:03 logger.go:63: 1732225983733733207 Lookup    /etc/ld.so.cache
2024/11/21 21:53:03 logger.go:63: 1732225983733786949 Open      /etc/ld.so.cache	23
2024/11/21 21:53:03 logger.go:63: 1732225983733871619 Close     /etc/ld.so.cache	23
2024/11/21 21:53:03 logger.go:63: 1732225983734028976 Lookup    /usr/lib/x86_64-linux-gnu/libmpich.so.12
2024/11/21 21:53:03 logger.go:63: 1732225983734077969 Lookup    /usr/lib/x86_64-linux-gnu/libmpich.so.12.2.0
2024/11/21 21:53:03 logger.go:63: 1732225983734159093 Open      /usr/lib/x86_64-linux-gnu/libmpich.so.12.2.0	24
2024/11/21 21:53:03 logger.go:63: 1732225983734459802 Close     /usr/lib/x86_64-linux-gnu/libmpich.so.12.2.0	24
2024/11/21 21:53:03 logger.go:63: 1732225983734826646 Lookup    /usr/lib/x86_64-linux-gnu/libgomp.so.1
2024/11/21 21:53:03 logger.go:63: 1732225983734871280 Lookup    /usr/lib/x86_64-linux-gnu/libgomp.so.1.0.0
2024/11/21 21:53:03 logger.go:63: 1732225983734947955 Open      /usr/lib/x86_64-linux-gnu/libgomp.so.1.0.0	25
2024/11/21 21:53:03 logger.go:63: 1732225983735256990 Close     /usr/lib/x86_64-linux-gnu/libgomp.so.1.0.0	25
2024/11/21 21:53:03 logger.go:63: 1732225983735566425 Lookup    /usr/lib/x86_64-linux-gnu/libstdc++.so.6
2024/11/21 21:53:03 logger.go:63: 1732225983735603625 Lookup    /usr/lib/x86_64-linux-gnu/libstdc++.so.6.0.30
2024/11/21 21:53:03 logger.go:63: 1732225983735678437 Open      /usr/lib/x86_64-linux-gnu/libstdc++.so.6.0.30	26
2024/11/21 21:53:03 logger.go:63: 1732225983736014232 Close     /usr/lib/x86_64-linux-gnu/libstdc++.so.6.0.30	26
2024/11/21 21:53:03 logger.go:63: 1732225983736339838 Lookup    /usr/lib/x86_64-linux-gnu/libm.so.6
2024/11/21 21:53:03 logger.go:63: 1732225983736383651 Open      /usr/lib/x86_64-linux-gnu/libm.so.6	27
2024/11/21 21:53:03 logger.go:63: 1732225983736656658 Close     /usr/lib/x86_64-linux-gnu/libm.so.6	27
2024/11/21 21:53:03 logger.go:63: 1732225983736964971 Lookup    /usr/lib/x86_64-linux-gnu/libgcc_s.so.1
2024/11/21 21:53:03 logger.go:63: 1732225983737025265 Open      /usr/lib/x86_64-linux-gnu/libgcc_s.so.1	28
2024/11/21 21:53:03 logger.go:63: 1732225983737293733 Close     /usr/lib/x86_64-linux-gnu/libgcc_s.so.1	28
2024/11/21 21:53:03 logger.go:63: 1732225983737539668 Lookup    /usr/lib/x86_64-linux-gnu/libc.so.6
2024/11/21 21:53:03 logger.go:63: 1732225983737589022 Open      /usr/lib/x86_64-linux-gnu/libc.so.6	29
2024/11/21 21:53:03 logger.go:63: 1732225983738029124 Close     /usr/lib/x86_64-linux-gnu/libc.so.6	29
2024/11/21 21:53:03 logger.go:63: 1732225983738357385 Lookup    /usr/lib/x86_64-linux-gnu/libhwloc.so.15
2024/11/21 21:53:03 logger.go:63: 1732225983738401248 Lookup    /usr/lib/x86_64-linux-gnu/libhwloc.so.15.5.2
2024/11/21 21:53:03 logger.go:63: 1732225983738481400 Open      /usr/lib/x86_64-linux-gnu/libhwloc.so.15.5.2	30
2024/11/21 21:53:03 logger.go:63: 1732225983738744007 Close     /usr/lib/x86_64-linux-gnu/libhwloc.so.15.5.2	30
2024/11/21 21:53:03 logger.go:63: 1732225983739052290 Lookup    /usr/lib/x86_64-linux-gnu/libfabric.so.1
2024/11/21 21:53:03 logger.go:63: 1732225983739098447 Lookup    /usr/lib/x86_64-linux-gnu/libfabric.so.1.14.0
2024/11/21 21:53:03 logger.go:63: 1732225983739173289 Open      /usr/lib/x86_64-linux-gnu/libfabric.so.1.14.0	31
2024/11/21 21:53:03 logger.go:63: 1732225983739522299 Close     /usr/lib/x86_64-linux-gnu/libfabric.so.1.14.0	31
2024/11/21 21:53:03 logger.go:63: 1732225983739777321 Lookup    /usr/lib/x86_64-linux-gnu/libudev.so.1
2024/11/21 21:53:03 logger.go:63: 1732225983739812578 Lookup    /usr/lib/x86_64-linux-gnu/libudev.so.1.7.2
2024/11/21 21:53:03 logger.go:63: 1732225983739889093 Open      /usr/lib/x86_64-linux-gnu/libudev.so.1.7.2	32
2024/11/21 21:53:03 logger.go:63: 1732225983740185664 Close     /usr/lib/x86_64-linux-gnu/libudev.so.1.7.2	32
2024/11/21 21:53:03 logger.go:63: 1732225983740446377 Lookup    /usr/lib/x86_64-linux-gnu/librdmacm.so.1
2024/11/21 21:53:03 logger.go:63: 1732225983740486723 Lookup    /usr/lib/x86_64-linux-gnu/librdmacm.so.1.3.39.0
2024/11/21 21:53:03 logger.go:63: 1732225983740561565 Open      /usr/lib/x86_64-linux-gnu/librdmacm.so.1.3.39.0	33
2024/11/21 21:53:03 logger.go:63: 1732225983740845572 Close     /usr/lib/x86_64-linux-gnu/librdmacm.so.1.3.39.0	33
2024/11/21 21:53:03 logger.go:63: 1732225983741096978 Lookup    /usr/lib/x86_64-linux-gnu/libefa.so.1
2024/11/21 21:53:03 logger.go:63: 1732225983741140891 Lookup    /usr/lib/x86_64-linux-gnu/libefa.so.1.1.39.0
2024/11/21 21:53:03 logger.go:63: 1732225983741212366 Open      /usr/lib/x86_64-linux-gnu/libefa.so.1.1.39.0	34
2024/11/21 21:53:03 logger.go:63: 1732225983741518055 Close     /usr/lib/x86_64-linux-gnu/libefa.so.1.1.39.0	34
2024/11/21 21:53:03 logger.go:63: 1732225983741759572 Lookup    /usr/lib/x86_64-linux-gnu/libibverbs.so.1
2024/11/21 21:53:03 logger.go:63: 1732225983741805629 Lookup    /usr/lib/x86_64-linux-gnu/libibverbs.so.1.14.39.0
2024/11/21 21:53:03 logger.go:63: 1732225983741891742 Open      /usr/lib/x86_64-linux-gnu/libibverbs.so.1.14.39.0	35
2024/11/21 21:53:03 logger.go:63: 1732225983742208541 Close     /usr/lib/x86_64-linux-gnu/libibverbs.so.1.14.39.0	35
2024/11/21 21:53:03 logger.go:63: 1732225983742456310 Lookup    /usr/lib/x86_64-linux-gnu/libpsm_infinipath.so.1
2024/11/21 21:53:03 logger.go:63: 1732225983742553534 Lookup    /etc/alternatives
2024/11/21 21:53:03 logger.go:63: 1732225983742577529 Lookup    /etc/alternatives/libpsm_infinipath.so.1
2024/11/21 21:53:03 logger.go:63: 1732225983742656579 Lookup    /usr/lib/libpsm1
2024/11/21 21:53:03 logger.go:63: 1732225983742683209 Lookup    /usr/lib/libpsm1/libpsm_infinipath.so.1.16
2024/11/21 21:53:03 logger.go:63: 1732225983742726902 Open      /usr/lib/libpsm1/libpsm_infinipath.so.1.16	36
2024/11/21 21:53:03 logger.go:63: 1732225983743049853 Close     /usr/lib/libpsm1/libpsm_infinipath.so.1.16	36
2024/11/21 21:53:03 logger.go:63: 1732225983743372202 Lookup    /usr/lib/x86_64-linux-gnu/libpsm2.so.2
2024/11/21 21:53:03 logger.go:63: 1732225983743419592 Lookup    /usr/lib/x86_64-linux-gnu/libpsm2.so.2.2
2024/11/21 21:53:03 logger.go:63: 1732225983743501076 Open      /usr/lib/x86_64-linux-gnu/libpsm2.so.2.2	37
2024/11/21 21:53:03 logger.go:63: 1732225983743816483 Close     /usr/lib/x86_64-linux-gnu/libpsm2.so.2.2	37
2024/11/21 21:53:03 logger.go:63: 1732225983744059262 Lookup    /usr/lib/x86_64-linux-gnu/libnl-3.so.200
2024/11/21 21:53:03 logger.go:63: 1732225983744103406 Lookup    /usr/lib/x86_64-linux-gnu/libnl-3.so.200.26.0
2024/11/21 21:53:03 logger.go:63: 1732225983744178929 Open      /usr/lib/x86_64-linux-gnu/libnl-3.so.200.26.0	38
2024/11/21 21:53:03 logger.go:63: 1732225983744435364 Close     /usr/lib/x86_64-linux-gnu/libnl-3.so.200.26.0	38
2024/11/21 21:53:03 logger.go:63: 1732225983744720433 Lookup    /usr/lib/x86_64-linux-gnu/libnl-route-3.so.200
2024/11/21 21:53:03 logger.go:63: 1732225983744765659 Lookup    /usr/lib/x86_64-linux-gnu/libnl-route-3.so.200.26.0
2024/11/21 21:53:03 logger.go:63: 1732225983744845760 Open      /usr/lib/x86_64-linux-gnu/libnl-route-3.so.200.26.0	39
2024/11/21 21:53:03 logger.go:63: 1732225983745127082 Close     /usr/lib/x86_64-linux-gnu/libnl-route-3.so.200.26.0	39
2024/11/21 21:53:03 logger.go:63: 1732225983745511570 Lookup    /usr/lib/x86_64-linux-gnu/libinfinipath.so.4
2024/11/21 21:53:03 logger.go:63: 1732225983745552938 Lookup    /usr/lib/x86_64-linux-gnu/libinfinipath.so.4.0
2024/11/21 21:53:03 logger.go:63: 1732225983745626958 Open      /usr/lib/x86_64-linux-gnu/libinfinipath.so.4.0	40
2024/11/21 21:53:03 logger.go:63: 1732225983745906717 Close     /usr/lib/x86_64-linux-gnu/libinfinipath.so.4.0	40
2024/11/21 21:53:03 logger.go:63: 1732225983746176137 Lookup    /usr/lib/x86_64-linux-gnu/librt.so.1
2024/11/21 21:53:03 logger.go:63: 1732225983746237052 Open      /usr/lib/x86_64-linux-gnu/librt.so.1	41
2024/11/21 21:53:03 logger.go:63: 1732225983749952080 Close     /usr/lib/x86_64-linux-gnu/librt.so.1	41
2024/11/21 21:53:03 logger.go:63: 1732225983750506900 Lookup    /usr/lib/x86_64-linux-gnu/libpthread.so.0
2024/11/21 21:53:03 logger.go:63: 1732225983750593915 Open      /usr/lib/x86_64-linux-gnu/libpthread.so.0	42
2024/11/21 21:53:03 logger.go:63: 1732225983751111584 Close     /usr/lib/x86_64-linux-gnu/libpthread.so.0	42
2024/11/21 21:53:03 logger.go:63: 1732225983751351278 Lookup    /usr/lib/x86_64-linux-gnu/libdl.so.2
2024/11/21 21:53:03 logger.go:63: 1732225983751392526 Open      /usr/lib/x86_64-linux-gnu/libdl.so.2	43
2024/11/21 21:53:03 logger.go:63: 1732225983751706019 Close     /usr/lib/x86_64-linux-gnu/libdl.so.2	43
2024/11/21 21:53:03 logger.go:63: 1732225983751946454 Lookup    /usr/lib/x86_64-linux-gnu/libuuid.so.1
2024/11/21 21:53:03 logger.go:63: 1732225983751996969 Lookup    /usr/lib/x86_64-linux-gnu/libuuid.so.1.3.0
2024/11/21 21:53:03 logger.go:63: 1732225983752070819 Open      /usr/lib/x86_64-linux-gnu/libuuid.so.1.3.0	44
2024/11/21 21:53:03 logger.go:63: 1732225983752305944 Close     /usr/lib/x86_64-linux-gnu/libuuid.so.1.3.0	44
2024/11/21 21:53:03 logger.go:63: 1732225983752541018 Lookup    /usr/lib/x86_64-linux-gnu/libnuma.so.1
2024/11/21 21:53:03 logger.go:63: 1732225983752580162 Lookup    /usr/lib/x86_64-linux-gnu/libnuma.so.1.0.0
2024/11/21 21:53:03 logger.go:63: 1732225983752648912 Open      /usr/lib/x86_64-linux-gnu/libnuma.so.1.0.0	45
2024/11/21 21:53:03 logger.go:63: 1732225983752887404 Close     /usr/lib/x86_64-linux-gnu/libnuma.so.1.0.0	45
2024/11/21 21:53:03 logger.go:63: 1732225983963080496 Lookup    /usr/lib/x86_64-linux-gnu/hwloc
2024/11/21 21:53:03 logger.go:63: 1732225983963282608 Lookup    /usr/lib/x86_64-linux-gnu/hwloc/hwloc_opencl.so
2024/11/21 21:53:03 logger.go:63: 1732225983963304580 Lookup    /usr/lib/x86_64-linux-gnu/hwloc/hwloc_xml_libxml.so
2024/11/21 21:53:03 logger.go:63: 1732225983963315310 Lookup    /usr/lib/x86_64-linux-gnu/hwloc/hwloc_gl.so
2024/11/21 21:53:03 logger.go:63: 1732225983963325920 Lookup    /usr/lib/x86_64-linux-gnu/hwloc/hwloc_pci.so
2024/11/21 21:53:03 logger.go:63: 1732225983963486364 Open      /usr/lib/x86_64-linux-gnu/hwloc/hwloc_opencl.so	51
2024/11/21 21:53:03 logger.go:63: 1732225983963710568 Close     /usr/lib/x86_64-linux-gnu/hwloc/hwloc_opencl.so	51
2024/11/21 21:53:03 logger.go:63: 1732225983963923220 Open      /etc/ld.so.cache	52
2024/11/21 21:53:03 logger.go:63: 1732225983964021486 Close     /etc/ld.so.cache	52
2024/11/21 21:53:03 logger.go:63: 1732225983964171390 Lookup    /usr/lib/x86_64-linux-gnu/libOpenCL.so.1
2024/11/21 21:53:03 logger.go:63: 1732225983964214281 Lookup    /usr/lib/x86_64-linux-gnu/libOpenCL.so.1.0.0
2024/11/21 21:53:03 logger.go:63: 1732225983964286908 Open      /usr/lib/x86_64-linux-gnu/libOpenCL.so.1.0.0	53
2024/11/21 21:53:03 logger.go:63: 1732225983964538444 Close     /usr/lib/x86_64-linux-gnu/libOpenCL.so.1.0.0	53
2024/11/21 21:53:03 logger.go:63: 1732225983964831458 Open      /usr/lib/x86_64-linux-gnu/hwloc/hwloc_xml_libxml.so	54
2024/11/21 21:53:03 logger.go:63: 1732225983965074708 Close     /usr/lib/x86_64-linux-gnu/hwloc/hwloc_xml_libxml.so	54
2024/11/21 21:53:03 logger.go:63: 1732225983965264107 Open      /etc/ld.so.cache	55
2024/11/21 21:53:03 logger.go:63: 1732225983965346994 Close     /etc/ld.so.cache	55
2024/11/21 21:53:03 logger.go:63: 1732225983965474445 Lookup    /usr/lib/x86_64-linux-gnu/libxml2.so.2
2024/11/21 21:53:03 logger.go:63: 1732225983965519259 Lookup    /usr/lib/x86_64-linux-gnu/libxml2.so.2.9.13
2024/11/21 21:53:03 logger.go:63: 1732225983965588510 Open      /usr/lib/x86_64-linux-gnu/libxml2.so.2.9.13	56
2024/11/21 21:53:03 logger.go:63: 1732225983965877126 Close     /usr/lib/x86_64-linux-gnu/libxml2.so.2.9.13	56
2024/11/21 21:53:03 logger.go:63: 1732225983966173337 Lookup    /usr/lib/x86_64-linux-gnu/libicuuc.so.70
2024/11/21 21:53:03 logger.go:63: 1732225983966214946 Lookup    /usr/lib/x86_64-linux-gnu/libicuuc.so.70.1
2024/11/21 21:53:03 logger.go:63: 1732225983966281141 Open      /usr/lib/x86_64-linux-gnu/libicuuc.so.70.1	57
2024/11/21 21:53:03 logger.go:63: 1732225983966541413 Close     /usr/lib/x86_64-linux-gnu/libicuuc.so.70.1	57
2024/11/21 21:53:03 logger.go:63: 1732225983966813738 Lookup    /usr/lib/x86_64-linux-gnu/libz.so.1
2024/11/21 21:53:03 logger.go:63: 1732225983966847392 Lookup    /usr/lib/x86_64-linux-gnu/libz.so.1.2.11
2024/11/21 21:53:03 logger.go:63: 1732225983966914188 Open      /usr/lib/x86_64-linux-gnu/libz.so.1.2.11	58
2024/11/21 21:53:03 logger.go:63: 1732225983967179270 Close     /usr/lib/x86_64-linux-gnu/libz.so.1.2.11	58
2024/11/21 21:53:03 logger.go:63: 1732225983967416619 Lookup    /usr/lib/x86_64-linux-gnu/liblzma.so.5
2024/11/21 21:53:03 logger.go:63: 1732225983967452988 Lookup    /usr/lib/x86_64-linux-gnu/liblzma.so.5.2.5
2024/11/21 21:53:03 logger.go:63: 1732225983967525906 Open      /usr/lib/x86_64-linux-gnu/liblzma.so.5.2.5	59
2024/11/21 21:53:03 logger.go:63: 1732225983967766491 Close     /usr/lib/x86_64-linux-gnu/liblzma.so.5.2.5	59
2024/11/21 21:53:03 logger.go:63: 1732225983968025782 Lookup    /usr/lib/x86_64-linux-gnu/libicudata.so.70
2024/11/21 21:53:03 logger.go:63: 1732225983968072430 Lookup    /usr/lib/x86_64-linux-gnu/libicudata.so.70.1
2024/11/21 21:53:03 logger.go:63: 1732225983968143514 Open      /usr/lib/x86_64-linux-gnu/libicudata.so.70.1	60
2024/11/21 21:53:03 logger.go:63: 1732225983968380042 Close     /usr/lib/x86_64-linux-gnu/libicudata.so.70.1	60
2024/11/21 21:53:03 logger.go:63: 1732225983969389972 Open      /usr/lib/x86_64-linux-gnu/hwloc/hwloc_gl.so	61
2024/11/21 21:53:03 logger.go:63: 1732225983969592255 Close     /usr/lib/x86_64-linux-gnu/hwloc/hwloc_gl.so	61
2024/11/21 21:53:03 logger.go:63: 1732225983969767507 Open      /etc/ld.so.cache	62
2024/11/21 21:53:03 logger.go:63: 1732225983969849201 Close     /etc/ld.so.cache	62
2024/11/21 21:53:03 logger.go:63: 1732225983969970831 Lookup    /usr/lib/x86_64-linux-gnu/libXNVCtrl.so.0
2024/11/21 21:53:03 logger.go:63: 1732225983970019854 Lookup    /usr/lib/x86_64-linux-gnu/libXNVCtrl.so.0.0.0
2024/11/21 21:53:03 logger.go:63: 1732225983970096138 Open      /usr/lib/x86_64-linux-gnu/libXNVCtrl.so.0.0.0	63
2024/11/21 21:53:03 logger.go:63: 1732225983970309832 Close     /usr/lib/x86_64-linux-gnu/libXNVCtrl.so.0.0.0	63
2024/11/21 21:53:03 logger.go:63: 1732225983970531913 Lookup    /usr/lib/x86_64-linux-gnu/libX11.so.6
2024/11/21 21:53:03 logger.go:63: 1732225983970571307 Lookup    /usr/lib/x86_64-linux-gnu/libX11.so.6.4.0
2024/11/21 21:53:03 logger.go:63: 1732225983970637943 Open      /usr/lib/x86_64-linux-gnu/libX11.so.6.4.0	64
2024/11/21 21:53:03 logger.go:63: 1732225983970903576 Close     /usr/lib/x86_64-linux-gnu/libX11.so.6.4.0	64
2024/11/21 21:53:03 logger.go:63: 1732225983971187813 Lookup    /usr/lib/x86_64-linux-gnu/libXext.so.6
2024/11/21 21:53:03 logger.go:63: 1732225983971230164 Lookup    /usr/lib/x86_64-linux-gnu/libXext.so.6.4.0
2024/11/21 21:53:03 logger.go:63: 1732225983971301759 Open      /usr/lib/x86_64-linux-gnu/libXext.so.6.4.0	65
2024/11/21 21:53:03 logger.go:63: 1732225983971533427 Close     /usr/lib/x86_64-linux-gnu/libXext.so.6.4.0	65
2024/11/21 21:53:03 logger.go:63: 1732225983971766037 Lookup    /usr/lib/x86_64-linux-gnu/libxcb.so.1
2024/11/21 21:53:03 logger.go:63: 1732225983971804049 Lookup    /usr/lib/x86_64-linux-gnu/libxcb.so.1.1.0
2024/11/21 21:53:03 logger.go:63: 1732225983971874883 Open      /usr/lib/x86_64-linux-gnu/libxcb.so.1.1.0	66
2024/11/21 21:53:03 logger.go:63: 1732225983972125928 Close     /usr/lib/x86_64-linux-gnu/libxcb.so.1.1.0	66
2024/11/21 21:53:03 logger.go:63: 1732225983972405026 Lookup    /usr/lib/x86_64-linux-gnu/libXau.so.6
2024/11/21 21:53:03 logger.go:63: 1732225983972449220 Lookup    /usr/lib/x86_64-linux-gnu/libXau.so.6.0.0
2024/11/21 21:53:03 logger.go:63: 1732225983972521967 Open      /usr/lib/x86_64-linux-gnu/libXau.so.6.0.0	67
2024/11/21 21:53:03 logger.go:63: 1732225983972734750 Close     /usr/lib/x86_64-linux-gnu/libXau.so.6.0.0	67
2024/11/21 21:53:03 logger.go:63: 1732225983972952542 Lookup    /usr/lib/x86_64-linux-gnu/libXdmcp.so.6
2024/11/21 21:53:03 logger.go:63: 1732225983973000333 Lookup    /usr/lib/x86_64-linux-gnu/libXdmcp.so.6.0.0
2024/11/21 21:53:03 logger.go:63: 1732225983973076056 Open      /usr/lib/x86_64-linux-gnu/libXdmcp.so.6.0.0	68
2024/11/21 21:53:03 logger.go:63: 1732225983973283689 Close     /usr/lib/x86_64-linux-gnu/libXdmcp.so.6.0.0	68
2024/11/21 21:53:03 logger.go:63: 1732225983973505438 Lookup    /usr/lib/x86_64-linux-gnu/libbsd.so.0
2024/11/21 21:53:03 logger.go:63: 1732225983973553038 Lookup    /usr/lib/x86_64-linux-gnu/libbsd.so.0.11.5
2024/11/21 21:53:03 logger.go:63: 1732225983973621928 Open      /usr/lib/x86_64-linux-gnu/libbsd.so.0.11.5	69
2024/11/21 21:53:03 logger.go:63: 1732225983973896588 Close     /usr/lib/x86_64-linux-gnu/libbsd.so.0.11.5	69
2024/11/21 21:53:03 logger.go:63: 1732225983974135931 Lookup    /usr/lib/x86_64-linux-gnu/libmd.so.0
2024/11/21 21:53:03 logger.go:63: 1732225983974183020 Lookup    /usr/lib/x86_64-linux-gnu/libmd.so.0.0.5
2024/11/21 21:53:03 logger.go:63: 1732225983974252481 Open      /usr/lib/x86_64-linux-gnu/libmd.so.0.0.5	70
2024/11/21 21:53:03 logger.go:63: 1732225983974472999 Close     /usr/lib/x86_64-linux-gnu/libmd.so.0.0.5	70
2024/11/21 21:53:03 logger.go:63: 1732225983975102970 Open      /usr/lib/x86_64-linux-gnu/hwloc/hwloc_pci.so	71
2024/11/21 21:53:03 logger.go:63: 1732225983975319730 Close     /usr/lib/x86_64-linux-gnu/hwloc/hwloc_pci.so	71
2024/11/21 21:53:03 logger.go:63: 1732225983975497016 Open      /etc/ld.so.cache	72
2024/11/21 21:53:03 logger.go:63: 1732225983975579342 Close     /etc/ld.so.cache	72
2024/11/21 21:53:03 logger.go:63: 1732225983975700220 Lookup    /usr/lib/x86_64-linux-gnu/libpciaccess.so.0
2024/11/21 21:53:03 logger.go:63: 1732225983975738843 Lookup    /usr/lib/x86_64-linux-gnu/libpciaccess.so.0.11.1
2024/11/21 21:53:03 logger.go:63: 1732225983975811050 Open      /usr/lib/x86_64-linux-gnu/libpciaccess.so.0.11.1	73
2024/11/21 21:53:03 logger.go:63: 1732225983976042808 Close     /usr/lib/x86_64-linux-gnu/libpciaccess.so.0.11.1	73
2024/11/21 21:53:04 logger.go:63: 1732225984262810718 Lookup    /run      
2024/11/21 21:53:04 logger.go:63: 1732225984268555587 Lookup    /var      
2024/11/21 21:53:04 logger.go:63: 1732225984268593929 Lookup    /var/run  
2024/11/21 21:53:04 logger.go:63: 1732225984269677810 Lookup    /etc/gai.conf
2024/11/21 21:53:04 logger.go:63: 1732225984269723716 Open      /etc/gai.conf	50
2024/11/21 21:53:04 logger.go:63: 1732225984269874682 Close     /etc/gai.conf	50
2024/11/21 21:53:04 logger.go:63: 1732225984278537721 Lookup    /usr/share
2024/11/21 21:53:04 logger.go:63: 1732225984278612162 Lookup    /usr/share/misc
2024/11/21 21:53:04 logger.go:63: 1732225984295286397 Open      /etc/ld.so.cache	74
2024/11/21 21:53:04 logger.go:63: 1732225984295392137 Close     /etc/ld.so.cache	74
2024/11/21 21:53:04 logger.go:63: 1732225984304236449 Open      /etc/ld.so.cache	75
2024/11/21 21:53:04 logger.go:63: 1732225984304336719 Close     /etc/ld.so.cache	75
2024/11/21 21:53:04 logger.go:63: 1732225984305059536 Open      /etc/ld.so.cache	76
2024/11/21 21:53:04 logger.go:63: 1732225984305155087 Close     /etc/ld.so.cache	76
2024/11/21 21:53:04 logger.go:63: 1732225984305872645 Open      /etc/ld.so.cache	77
2024/11/21 21:53:04 logger.go:63: 1732225984305965240 Close     /etc/ld.so.cache	77
2024/11/21 21:53:04 logger.go:63: 1732225984306689911 Open      /etc/ld.so.cache	78
2024/11/21 21:53:04 logger.go:63: 1732225984306782105 Close     /etc/ld.so.cache	78
2024/11/21 21:53:04 logger.go:63: 1732225984307491798 Open      /etc/ld.so.cache	79
2024/11/21 21:53:04 logger.go:63: 1732225984307596025 Close     /etc/ld.so.cache	79
2024/11/21 21:53:04 logger.go:63: 1732225984308337047 Open      /etc/ld.so.cache	80
2024/11/21 21:53:04 logger.go:63: 1732225984308432127 Close     /etc/ld.so.cache	80
2024/11/21 21:53:04 logger.go:63: 1732225984309139375 Open      /etc/ld.so.cache	81
2024/11/21 21:53:04 logger.go:63: 1732225984309242069 Close     /etc/ld.so.cache	81
2024/11/21 21:53:04 logger.go:63: 1732225984309940270 Open      /etc/ld.so.cache	82
2024/11/21 21:53:04 logger.go:63: 1732225984310036051 Close     /etc/ld.so.cache	82
2024/11/21 21:53:04 logger.go:63: 1732225984310730585 Open      /etc/ld.so.cache	83
2024/11/21 21:53:04 logger.go:63: 1732225984310824322 Close     /etc/ld.so.cache	83
2024/11/21 21:53:04 logger.go:63: 1732225984311545857 Open      /etc/ld.so.cache	84
2024/11/21 21:53:04 logger.go:63: 1732225984311644364 Close     /etc/ld.so.cache	84
2024/11/21 21:53:04 logger.go:63: 1732225984312359547 Open      /etc/ld.so.cache	85
2024/11/21 21:53:04 logger.go:63: 1732225984312451731 Close     /etc/ld.so.cache	85
2024/11/21 21:53:04 logger.go:63: 1732225984313201389 Open      /etc/ld.so.cache	86
2024/11/21 21:53:04 logger.go:63: 1732225984313299335 Close     /etc/ld.so.cache	86
2024/11/21 21:53:04 logger.go:63: 1732225984314017774 Open      /etc/ld.so.cache	87
2024/11/21 21:53:04 logger.go:63: 1732225984314114757 Close     /etc/ld.so.cache	87
2024/11/21 21:53:04 logger.go:63: 1732225984314811766 Open      /etc/ld.so.cache	88
2024/11/21 21:53:04 logger.go:63: 1732225984314905513 Close     /etc/ld.so.cache	88
2024/11/21 21:53:04 logger.go:63: 1732225984315603293 Open      /etc/ld.so.cache	89
2024/11/21 21:53:04 logger.go:63: 1732225984315701078 Close     /etc/ld.so.cache	89
2024/11/21 21:53:04 logger.go:63: 1732225984316454664 Open      /etc/ld.so.cache	90
2024/11/21 21:53:04 logger.go:63: 1732225984316553852 Close     /etc/ld.so.cache	90
2024/11/21 21:53:04 logger.go:63: 1732225984327644083 Lookup    /opt/lammps/examples/reax/HNS/in.reaxc.hns
2024/11/21 21:53:04 logger.go:63: 1732225984327716139 Open      /opt/lammps/examples/reax/HNS/in.reaxc.hns	91
2024/11/21 21:53:04 logger.go:63: 1732225984328903335 Lookup    /opt/lammps/examples/reax/HNS/data.hns-equil
2024/11/21 21:53:04 logger.go:63: 1732225984328954031 Open      /opt/lammps/examples/reax/HNS/data.hns-equil	92
2024/11/21 21:53:04 logger.go:63: 1732225984330524783 Close     /opt/lammps/examples/reax/HNS/data.hns-equil	92
2024/11/21 21:53:04 logger.go:63: 1732225984340752141 Close     /opt/lammps/examples/reax/HNS/in.reaxc.hns	91
2024/11/21 21:53:04 logger.go:63: 1732225984341158800 Complete  /tmp/out/lammps-recording.out
2024/11/21 21:53:04 logger.go:63: 1732225984341351826 Lookup    /sbin     
2024/11/21 21:53:04 logger.go:63: 1732225984341363558 Lookup    /root     
2024/11/21 21:53:04 logger.go:63: 1732225984341389206 Lookup    /srv      
2024/11/21 21:53:04 logger.go:63: 1732225984341413122 Lookup    /media    
2024/11/21 21:53:04 logger.go:63: 1732225984341430715 Lookup    /libx32   
2024/11/21 21:53:04 logger.go:63: 1732225984341438450 Lookup    /lib64    
2024/11/21 21:53:04 logger.go:63: 1732225984341448038 Lookup    /etc      
2024/11/21 21:53:04 logger.go:63: 1732225984341455101 Lookup    /proc     
2024/11/21 21:53:04 logger.go:63: 1732225984341460641 Lookup    /usr      
2024/11/21 21:53:04 logger.go:63: 1732225984341481972 Lookup    /lib32    
2024/11/21 21:53:04 logger.go:63: 1732225984341504094 Lookup    /boot     
2024/11/21 21:53:04 logger.go:63: 1732225984341508843 Lookup    /var      
2024/11/21 21:53:04 logger.go:63: 1732225984341514213 Lookup    /tmp      
2024/11/21 21:53:04 logger.go:63: 1732225984341518812 Lookup    /mnt      
2024/11/21 21:53:04 logger.go:63: 1732225984341523711 Lookup    /dev      
2024/11/21 21:53:04 logger.go:63: 1732225984341528310 Lookup    /opt      
2024/11/21 21:53:04 logger.go:63: 1732225984341543669 Lookup    /home     
2024/11/21 21:53:04 logger.go:63: 1732225984341548438 Lookup    /lib      
2024/11/21 21:53:04 logger.go:63: 1732225984341554980 Lookup    /sys      
2024/11/21 21:53:04 logger.go:63: 1732225984341561893 Lookup    /bin      
2024/11/21 21:53:04 logger.go:63: 1732225984341568586 Lookup    /run      
2024/11/21 21:53:04 logger.go:63: 1732225984341574717 Lookup    /flux_operator
2024/11/21 21:53:04 logger.go:63: 1732225984341583995 Lookup    /product_name
2024/11/21 21:53:04 logger.go:63: 1732225984341644229 Lookup    /product_uuid