2024/11/19 23:26:18 logger.go:55: 1732058778617818988 Lookup     /etc
2024/11/19 23:26:18 logger.go:55: 1732058778617945031 Lookup     /etc/host.conf
2024/11/19 23:26:18 logger.go:55: 1732058778617973699 Lookup     /etc/hosts
2024/11/19 23:26:18 logger.go:55: 1732058778618005583 Lookup     /etc/nsswitch.conf
2024/11/19 23:26:18 logger.go:55: 1732058778618032597 Lookup     /etc/resolv.conf
2024/11/19 23:26:18 logger.go:55: 1732058778618056405 Lookup     /dev
2024/11/19 23:26:18 logger.go:55: 1732058778618078780 Lookup     /sys
2024/11/19 23:26:18 logger.go:55: 1732058778618099251 Lookup     /proc
2024/11/19 23:26:18 logger.go:55: 1732058778618130844 Lookup     /tmp
2024/11/19 23:26:18 logger.go:55: 1732058778618154151 Lookup     /root
2024/11/19 23:26:18 logger.go:55: 1732058778618199111 Lookup     /opt
2024/11/19 23:26:18 logger.go:55: 1732058778618221326 Lookup     /opt/lammps
2024/11/19 23:26:18 logger.go:55: 1732058778618243039 Lookup     /opt/lammps/examples
2024/11/19 23:26:18 logger.go:55: 1732058778618275615 Lookup     /opt/lammps/examples/reax
2024/11/19 23:26:18 logger.go:55: 1732058778618300274 Lookup     /opt/lammps/examples/reax/HNS
2024/11/19 23:26:18 logger.go:55: 1732058778618425065 Lookup     /usr
2024/11/19 23:26:18 logger.go:55: 1732058778618453261 Lookup     /usr/local
2024/11/19 23:26:18 logger.go:55: 1732058778618474975 Lookup     /usr/local/sbin
2024/11/19 23:26:18 logger.go:55: 1732058778618568362 Lookup     /usr/local/bin
2024/11/19 23:26:18 logger.go:55: 1732058778618656389 Lookup     /usr/sbin
2024/11/19 23:26:18 logger.go:55: 1732058778618742692 Lookup     /usr/bin
2024/11/19 23:26:18 logger.go:55: 1732058778618785759 Lookup     /usr/bin/lmp
2024/11/19 23:26:18 logger.go:55: 1732058778619069117 Open       /usr/bin/lmp
2024/11/19 23:26:18 logger.go:55: 1732058778619167976 Close      /usr/bin/lmp
2024/11/19 23:26:18 logger.go:55: 1732058778619199268 Open       /usr/bin/lmp
2024/11/19 23:26:18 logger.go:55: 1732058778619249710 Lookup     /lib64
2024/11/19 23:26:18 logger.go:55: 1732058778619295341 Lookup     /usr/lib64
2024/11/19 23:26:18 logger.go:55: 1732058778619362526 Lookup     /usr/lib64/ld-linux-x86-64.so.2
2024/11/19 23:26:18 logger.go:55: 1732058778619428368 Lookup     /lib
2024/11/19 23:26:18 logger.go:55: 1732058778619459400 Lookup     /usr/lib
2024/11/19 23:26:18 logger.go:55: 1732058778619530102 Lookup     /usr/lib/x86_64-linux-gnu
2024/11/19 23:26:18 logger.go:55: 1732058778619552257 Lookup     /usr/lib/x86_64-linux-gnu/ld-linux-x86-64.so.2
2024/11/19 23:26:18 logger.go:55: 1732058778619610043 Close      /usr/bin/lmp
2024/11/19 23:26:18 logger.go:55: 1732058778619626235 Open       /usr/lib/x86_64-linux-gnu/ld-linux-x86-64.so.2
2024/11/19 23:26:18 logger.go:55: 1732058778619684432 Close      /usr/lib/x86_64-linux-gnu/ld-linux-x86-64.so.2
2024/11/19 23:26:18 logger.go:55: 1732058778620240308 Open       /usr/bin/lmp
2024/11/19 23:26:18 logger.go:55: 1732058778620478636 Close      /usr/bin/lmp
2024/11/19 23:26:18 logger.go:55: 1732058778620699249 Open       /usr/lib/x86_64-linux-gnu/ld-linux-x86-64.so.2
2024/11/19 23:26:18 logger.go:55: 1732058778620909911 Close      /usr/lib/x86_64-linux-gnu/ld-linux-x86-64.so.2
2024/11/19 23:26:18 logger.go:55: 1732058778621449775 Lookup     /opt/software
2024/11/19 23:26:18 logger.go:55: 1732058778621482019 Lookup     /opt/software/linux-rocky9-x86_64
2024/11/19 23:26:18 logger.go:55: 1732058778621505627 Lookup     /opt/software/linux-rocky9-x86_64/gcc-11.4.1
2024/11/19 23:26:18 logger.go:55: 1732058778621529014 Lookup     /opt/software/linux-rocky9-x86_64/gcc-11.4.1/flux-core-0.61.2-va52p5ph7ylanopgk7ranjgtjgc2wb5y
2024/11/19 23:26:18 logger.go:55: 1732058778621572030 Lookup     /opt/software/linux-rocky9-x86_64/gcc-11.4.1/flux-core-0.61.2-va52p5ph7ylanopgk7ranjgtjgc2wb5y/lib
2024/11/19 23:26:18 logger.go:55: 1732058778621595668 Lookup     /opt/software/linux-rocky9-x86_64/gcc-11.4.1/flux-core-0.61.2-va52p5ph7ylanopgk7ranjgtjgc2wb5y/lib/flux
2024/11/19 23:26:18 logger.go:55: 1732058778623739971 Lookup     /etc/ld.so.cache
2024/11/19 23:26:18 logger.go:55: 1732058778623773729 Open       /etc/ld.so.cache
2024/11/19 23:26:18 logger.go:55: 1732058778623862146 Close      /etc/ld.so.cache
2024/11/19 23:26:18 logger.go:55: 1732058778623992287 Lookup     /usr/lib/x86_64-linux-gnu/libmpich.so.12
2024/11/19 23:26:18 logger.go:55: 1732058778624030414 Lookup     /usr/lib/x86_64-linux-gnu/libmpich.so.12.2.0
2024/11/19 23:26:18 logger.go:55: 1732058778624096396 Open       /usr/lib/x86_64-linux-gnu/libmpich.so.12.2.0
2024/11/19 23:26:18 logger.go:55: 1732058778624383693 Close      /usr/lib/x86_64-linux-gnu/libmpich.so.12.2.0
2024/11/19 23:26:18 logger.go:55: 1732058778624673444 Lookup     /usr/lib/x86_64-linux-gnu/libstdc++.so.6
2024/11/19 23:26:18 logger.go:55: 1732058778624707923 Lookup     /usr/lib/x86_64-linux-gnu/libstdc++.so.6.0.30
2024/11/19 23:26:18 logger.go:55: 1732058778624779727 Open       /usr/lib/x86_64-linux-gnu/libstdc++.so.6.0.30
2024/11/19 23:26:18 logger.go:55: 1732058778625062104 Close      /usr/lib/x86_64-linux-gnu/libstdc++.so.6.0.30
2024/11/19 23:26:18 logger.go:55: 1732058778625357256 Lookup     /usr/lib/x86_64-linux-gnu/libm.so.6
2024/11/19 23:26:18 logger.go:55: 1732058778625391184 Open       /usr/lib/x86_64-linux-gnu/libm.so.6
2024/11/19 23:26:18 logger.go:55: 1732058778625639913 Close      /usr/lib/x86_64-linux-gnu/libm.so.6
2024/11/19 23:26:18 logger.go:55: 1732058778625915587 Lookup     /usr/lib/x86_64-linux-gnu/libgcc_s.so.1
2024/11/19 23:26:18 logger.go:55: 1732058778625946418 Open       /usr/lib/x86_64-linux-gnu/libgcc_s.so.1
2024/11/19 23:26:18 logger.go:55: 1732058778626199086 Close      /usr/lib/x86_64-linux-gnu/libgcc_s.so.1
2024/11/19 23:26:18 logger.go:55: 1732058778626403826 Lookup     /usr/lib/x86_64-linux-gnu/libc.so.6
2024/11/19 23:26:18 logger.go:55: 1732058778626450450 Open       /usr/lib/x86_64-linux-gnu/libc.so.6
2024/11/19 23:26:18 logger.go:55: 1732058778626832286 Close      /usr/lib/x86_64-linux-gnu/libc.so.6
2024/11/19 23:26:18 logger.go:55: 1732058778627131276 Lookup     /usr/lib/x86_64-linux-gnu/libhwloc.so.15
2024/11/19 23:26:18 logger.go:55: 1732058778627183892 Lookup     /usr/lib/x86_64-linux-gnu/libhwloc.so.15.5.2
2024/11/19 23:26:18 logger.go:55: 1732058778627251317 Open       /usr/lib/x86_64-linux-gnu/libhwloc.so.15.5.2
2024/11/19 23:26:18 logger.go:55: 1732058778627516670 Close      /usr/lib/x86_64-linux-gnu/libhwloc.so.15.5.2
2024/11/19 23:26:18 logger.go:55: 1732058778627802694 Lookup     /usr/lib/x86_64-linux-gnu/libfabric.so.1
2024/11/19 23:26:18 logger.go:55: 1732058778627840139 Lookup     /usr/lib/x86_64-linux-gnu/libfabric.so.1.14.0
2024/11/19 23:26:18 logger.go:55: 1732058778627906312 Open       /usr/lib/x86_64-linux-gnu/libfabric.so.1.14.0
2024/11/19 23:26:18 logger.go:55: 1732058778628260623 Close      /usr/lib/x86_64-linux-gnu/libfabric.so.1.14.0
2024/11/19 23:26:18 logger.go:55: 1732058778628482428 Lookup     /usr/lib/x86_64-linux-gnu/libudev.so.1
2024/11/19 23:26:18 logger.go:55: 1732058778628514392 Lookup     /usr/lib/x86_64-linux-gnu/libudev.so.1.7.2
2024/11/19 23:26:18 logger.go:55: 1732058778628578611 Open       /usr/lib/x86_64-linux-gnu/libudev.so.1.7.2
2024/11/19 23:26:18 logger.go:55: 1732058778628841198 Close      /usr/lib/x86_64-linux-gnu/libudev.so.1.7.2
2024/11/19 23:26:18 logger.go:55: 1732058778629058624 Lookup     /usr/lib/x86_64-linux-gnu/librdmacm.so.1
2024/11/19 23:26:18 logger.go:55: 1732058778629099155 Lookup     /usr/lib/x86_64-linux-gnu/librdmacm.so.1.3.39.0
2024/11/19 23:26:18 logger.go:55: 1732058778629174677 Open       /usr/lib/x86_64-linux-gnu/librdmacm.so.1.3.39.0
2024/11/19 23:26:18 logger.go:55: 1732058778629432524 Close      /usr/lib/x86_64-linux-gnu/librdmacm.so.1.3.39.0
2024/11/19 23:26:18 logger.go:55: 1732058778629651744 Lookup     /usr/lib/x86_64-linux-gnu/libefa.so.1
2024/11/19 23:26:18 logger.go:55: 1732058778629692857 Lookup     /usr/lib/x86_64-linux-gnu/libefa.so.1.1.39.0
2024/11/19 23:26:18 logger.go:55: 1732058778629759360 Open       /usr/lib/x86_64-linux-gnu/libefa.so.1.1.39.0
2024/11/19 23:26:18 logger.go:55: 1732058778629980484 Close      /usr/lib/x86_64-linux-gnu/libefa.so.1.1.39.0
2024/11/19 23:26:18 logger.go:55: 1732058778630207029 Lookup     /usr/lib/x86_64-linux-gnu/libibverbs.so.1
2024/11/19 23:26:18 logger.go:55: 1732058778630246929 Lookup     /usr/lib/x86_64-linux-gnu/libibverbs.so.1.14.39.0
2024/11/19 23:26:18 logger.go:55: 1732058778630316208 Open       /usr/lib/x86_64-linux-gnu/libibverbs.so.1.14.39.0
2024/11/19 23:26:18 logger.go:55: 1732058778630580007 Close      /usr/lib/x86_64-linux-gnu/libibverbs.so.1.14.39.0
2024/11/19 23:26:18 logger.go:55: 1732058778630797794 Lookup     /usr/lib/x86_64-linux-gnu/libpsm_infinipath.so.1
2024/11/19 23:26:18 logger.go:55: 1732058778630885641 Lookup     /etc/alternatives
2024/11/19 23:26:18 logger.go:55: 1732058778630907484 Lookup     /etc/alternatives/libpsm_infinipath.so.1
2024/11/19 23:26:18 logger.go:55: 1732058778630972104 Lookup     /usr/lib/libpsm1
2024/11/19 23:26:18 logger.go:55: 1732058778630992705 Lookup     /usr/lib/libpsm1/libpsm_infinipath.so.1.16
2024/11/19 23:26:18 logger.go:55: 1732058778631028547 Open       /usr/lib/libpsm1/libpsm_infinipath.so.1.16
2024/11/19 23:26:18 logger.go:55: 1732058778631332668 Close      /usr/lib/libpsm1/libpsm_infinipath.so.1.16
2024/11/19 23:26:18 logger.go:55: 1732058778631616808 Lookup     /usr/lib/x86_64-linux-gnu/libpsm2.so.2
2024/11/19 23:26:18 logger.go:55: 1732058778631656357 Lookup     /usr/lib/x86_64-linux-gnu/libpsm2.so.2.2
2024/11/19 23:26:18 logger.go:55: 1732058778631721237 Open       /usr/lib/x86_64-linux-gnu/libpsm2.so.2.2
2024/11/19 23:26:18 logger.go:55: 1732058778631998544 Close      /usr/lib/x86_64-linux-gnu/libpsm2.so.2.2
2024/11/19 23:26:18 logger.go:55: 1732058778632259277 Lookup     /usr/lib/x86_64-linux-gnu/libnl-3.so.200
2024/11/19 23:26:18 logger.go:55: 1732058778632303245 Lookup     /usr/lib/x86_64-linux-gnu/libnl-3.so.200.26.0
2024/11/19 23:26:18 logger.go:55: 1732058778632364138 Open       /usr/lib/x86_64-linux-gnu/libnl-3.so.200.26.0
2024/11/19 23:26:18 logger.go:55: 1732058778632593959 Close      /usr/lib/x86_64-linux-gnu/libnl-3.so.200.26.0
2024/11/19 23:26:18 logger.go:55: 1732058778632846596 Lookup     /usr/lib/x86_64-linux-gnu/libnl-route-3.so.200
2024/11/19 23:26:18 logger.go:55: 1732058778632887147 Lookup     /usr/lib/x86_64-linux-gnu/libnl-route-3.so.200.26.0
2024/11/19 23:26:18 logger.go:55: 1732058778632951166 Open       /usr/lib/x86_64-linux-gnu/libnl-route-3.so.200.26.0
2024/11/19 23:26:18 logger.go:55: 1732058778633210476 Close      /usr/lib/x86_64-linux-gnu/libnl-route-3.so.200.26.0
2024/11/19 23:26:18 logger.go:55: 1732058778633486059 Lookup     /usr/lib/x86_64-linux-gnu/libinfinipath.so.4
2024/11/19 23:26:18 logger.go:55: 1732058778633523604 Lookup     /usr/lib/x86_64-linux-gnu/libinfinipath.so.4.0
2024/11/19 23:26:18 logger.go:55: 1732058778633584687 Open       /usr/lib/x86_64-linux-gnu/libinfinipath.so.4.0
2024/11/19 23:26:18 logger.go:55: 1732058778633856643 Close      /usr/lib/x86_64-linux-gnu/libinfinipath.so.4.0
2024/11/19 23:26:18 logger.go:55: 1732058778634093789 Lookup     /usr/lib/x86_64-linux-gnu/librt.so.1
2024/11/19 23:26:18 logger.go:55: 1732058778634128739 Open       /usr/lib/x86_64-linux-gnu/librt.so.1
2024/11/19 23:26:18 logger.go:55: 1732058778636645991 Close      /usr/lib/x86_64-linux-gnu/librt.so.1
2024/11/19 23:26:18 logger.go:55: 1732058778637115182 Lookup     /usr/lib/x86_64-linux-gnu/libpthread.so.0
2024/11/19 23:26:18 logger.go:55: 1732058778637195102 Open       /usr/lib/x86_64-linux-gnu/libpthread.so.0
2024/11/19 23:26:18 logger.go:55: 1732058778637678212 Close      /usr/lib/x86_64-linux-gnu/libpthread.so.0
2024/11/19 23:26:18 logger.go:55: 1732058778637900147 Lookup     /usr/lib/x86_64-linux-gnu/libdl.so.2
2024/11/19 23:26:18 logger.go:55: 1732058778637935538 Open       /usr/lib/x86_64-linux-gnu/libdl.so.2
2024/11/19 23:26:18 logger.go:55: 1732058778638352425 Close      /usr/lib/x86_64-linux-gnu/libdl.so.2
2024/11/19 23:26:18 logger.go:55: 1732058778638566434 Lookup     /usr/lib/x86_64-linux-gnu/libuuid.so.1
2024/11/19 23:26:18 logger.go:55: 1732058778638598549 Lookup     /usr/lib/x86_64-linux-gnu/libuuid.so.1.3.0
2024/11/19 23:26:18 logger.go:55: 1732058778638657718 Open       /usr/lib/x86_64-linux-gnu/libuuid.so.1.3.0
2024/11/19 23:26:18 logger.go:55: 1732058778638878491 Close      /usr/lib/x86_64-linux-gnu/libuuid.so.1.3.0
2024/11/19 23:26:18 logger.go:55: 1732058778639091909 Lookup     /usr/lib/x86_64-linux-gnu/libnuma.so.1
2024/11/19 23:26:18 logger.go:55: 1732058778639135617 Lookup     /usr/lib/x86_64-linux-gnu/libnuma.so.1.0.0
2024/11/19 23:26:18 logger.go:55: 1732058778639201118 Open       /usr/lib/x86_64-linux-gnu/libnuma.so.1.0.0
2024/11/19 23:26:18 logger.go:55: 1732058778639449146 Close      /usr/lib/x86_64-linux-gnu/libnuma.so.1.0.0
2024/11/19 23:26:18 logger.go:55: 1732058778849787093 Lookup     /usr/lib/x86_64-linux-gnu/hwloc
2024/11/19 23:26:18 logger.go:55: 1732058778849986643 Lookup     /usr/lib/x86_64-linux-gnu/hwloc/hwloc_opencl.so
2024/11/19 23:26:18 logger.go:55: 1732058778850003066 Lookup     /usr/lib/x86_64-linux-gnu/hwloc/hwloc_xml_libxml.so
2024/11/19 23:26:18 logger.go:55: 1732058778850016182 Lookup     /usr/lib/x86_64-linux-gnu/hwloc/hwloc_gl.so
2024/11/19 23:26:18 logger.go:55: 1732058778850026253 Lookup     /usr/lib/x86_64-linux-gnu/hwloc/hwloc_pci.so
2024/11/19 23:26:18 logger.go:55: 1732058778850176374 Open       /usr/lib/x86_64-linux-gnu/hwloc/hwloc_opencl.so
2024/11/19 23:26:18 logger.go:55: 1732058778850411205 Close      /usr/lib/x86_64-linux-gnu/hwloc/hwloc_opencl.so
2024/11/19 23:26:18 logger.go:55: 1732058778850612669 Open       /etc/ld.so.cache
2024/11/19 23:26:18 logger.go:55: 1732058778850710907 Close      /etc/ld.so.cache
2024/11/19 23:26:18 logger.go:55: 1732058778850874395 Lookup     /usr/lib/x86_64-linux-gnu/libOpenCL.so.1
2024/11/19 23:26:18 logger.go:55: 1732058778850914625 Lookup     /usr/lib/x86_64-linux-gnu/libOpenCL.so.1.0.0
2024/11/19 23:26:18 logger.go:55: 1732058778850982361 Open       /usr/lib/x86_64-linux-gnu/libOpenCL.so.1.0.0
2024/11/19 23:26:18 logger.go:55: 1732058778851249067 Close      /usr/lib/x86_64-linux-gnu/libOpenCL.so.1.0.0
2024/11/19 23:26:18 logger.go:55: 1732058778851535802 Open       /usr/lib/x86_64-linux-gnu/hwloc/hwloc_xml_libxml.so
2024/11/19 23:26:18 logger.go:55: 1732058778851783379 Close      /usr/lib/x86_64-linux-gnu/hwloc/hwloc_xml_libxml.so
2024/11/19 23:26:18 logger.go:55: 1732058778851968059 Open       /etc/ld.so.cache
2024/11/19 23:26:18 logger.go:55: 1732058778852060515 Close      /etc/ld.so.cache
2024/11/19 23:26:18 logger.go:55: 1732058778852209805 Lookup     /usr/lib/x86_64-linux-gnu/libxml2.so.2
2024/11/19 23:26:18 logger.go:55: 1732058778852249855 Lookup     /usr/lib/x86_64-linux-gnu/libxml2.so.2.9.13
2024/11/19 23:26:18 logger.go:55: 1732058778852317130 Open       /usr/lib/x86_64-linux-gnu/libxml2.so.2.9.13
2024/11/19 23:26:18 logger.go:55: 1732058778852623344 Close      /usr/lib/x86_64-linux-gnu/libxml2.so.2.9.13
2024/11/19 23:26:18 logger.go:55: 1732058778852940912 Lookup     /usr/lib/x86_64-linux-gnu/libicuuc.so.70
2024/11/19 23:26:18 logger.go:55: 1732058778852984189 Lookup     /usr/lib/x86_64-linux-gnu/libicuuc.so.70.1
2024/11/19 23:26:18 logger.go:55: 1732058778853052516 Open       /usr/lib/x86_64-linux-gnu/libicuuc.so.70.1
2024/11/19 23:26:18 logger.go:55: 1732058778853348089 Close      /usr/lib/x86_64-linux-gnu/libicuuc.so.70.1
2024/11/19 23:26:18 logger.go:55: 1732058778853665025 Lookup     /usr/lib/x86_64-linux-gnu/libz.so.1
2024/11/19 23:26:18 logger.go:55: 1732058778853698252 Lookup     /usr/lib/x86_64-linux-gnu/libz.so.1.2.11
2024/11/19 23:26:18 logger.go:55: 1732058778853771779 Open       /usr/lib/x86_64-linux-gnu/libz.so.1.2.11
2024/11/19 23:26:18 logger.go:55: 1732058778854057242 Close      /usr/lib/x86_64-linux-gnu/libz.so.1.2.11
2024/11/19 23:26:18 logger.go:55: 1732058778854319087 Lookup     /usr/lib/x86_64-linux-gnu/liblzma.so.5
2024/11/19 23:26:18 logger.go:55: 1732058778854362905 Lookup     /usr/lib/x86_64-linux-gnu/liblzma.so.5.2.5
2024/11/19 23:26:18 logger.go:55: 1732058778854428407 Open       /usr/lib/x86_64-linux-gnu/liblzma.so.5.2.5
2024/11/19 23:26:18 logger.go:55: 1732058778854687487 Close      /usr/lib/x86_64-linux-gnu/liblzma.so.5.2.5
2024/11/19 23:26:18 logger.go:55: 1732058778854998962 Lookup     /usr/lib/x86_64-linux-gnu/libicudata.so.70
2024/11/19 23:26:18 logger.go:55: 1732058778855046808 Lookup     /usr/lib/x86_64-linux-gnu/libicudata.so.70.1
2024/11/19 23:26:18 logger.go:55: 1732058778855116949 Open       /usr/lib/x86_64-linux-gnu/libicudata.so.70.1
2024/11/19 23:26:18 logger.go:55: 1732058778855385407 Close      /usr/lib/x86_64-linux-gnu/libicudata.so.70.1
2024/11/19 23:26:18 logger.go:55: 1732058778856532399 Open       /usr/lib/x86_64-linux-gnu/hwloc/hwloc_gl.so
2024/11/19 23:26:18 logger.go:55: 1732058778856759455 Close      /usr/lib/x86_64-linux-gnu/hwloc/hwloc_gl.so
2024/11/19 23:26:18 logger.go:55: 1732058778856953093 Open       /etc/ld.so.cache
2024/11/19 23:26:18 logger.go:55: 1732058778857047092 Close      /etc/ld.so.cache
2024/11/19 23:26:18 logger.go:55: 1732058778857205730 Lookup     /usr/lib/x86_64-linux-gnu/libXNVCtrl.so.0
2024/11/19 23:26:18 logger.go:55: 1732058778857247855 Lookup     /usr/lib/x86_64-linux-gnu/libXNVCtrl.so.0.0.0
2024/11/19 23:26:18 logger.go:55: 1732058778857319529 Open       /usr/lib/x86_64-linux-gnu/libXNVCtrl.so.0.0.0
2024/11/19 23:26:18 logger.go:55: 1732058778857563198 Close      /usr/lib/x86_64-linux-gnu/libXNVCtrl.so.0.0.0
2024/11/19 23:26:18 logger.go:55: 1732058778857802919 Lookup     /usr/lib/x86_64-linux-gnu/libX11.so.6
2024/11/19 23:26:18 logger.go:55: 1732058778857846997 Lookup     /usr/lib/x86_64-linux-gnu/libX11.so.6.4.0
2024/11/19 23:26:18 logger.go:55: 1732058778857934102 Open       /usr/lib/x86_64-linux-gnu/libX11.so.6.4.0
2024/11/19 23:26:18 logger.go:55: 1732058778858232792 Close      /usr/lib/x86_64-linux-gnu/libX11.so.6.4.0
2024/11/19 23:26:18 logger.go:55: 1732058778858550679 Lookup     /usr/lib/x86_64-linux-gnu/libXext.so.6
2024/11/19 23:26:18 logger.go:55: 1732058778858592974 Lookup     /usr/lib/x86_64-linux-gnu/libXext.so.6.4.0
2024/11/19 23:26:18 logger.go:55: 1732058778858661311 Open       /usr/lib/x86_64-linux-gnu/libXext.so.6.4.0
2024/11/19 23:26:18 logger.go:55: 1732058778858921664 Close      /usr/lib/x86_64-linux-gnu/libXext.so.6.4.0
2024/11/19 23:26:18 logger.go:55: 1732058778859158730 Lookup     /usr/lib/x86_64-linux-gnu/libxcb.so.1
2024/11/19 23:26:18 logger.go:55: 1732058778859203099 Lookup     /usr/lib/x86_64-linux-gnu/libxcb.so.1.1.0
2024/11/19 23:26:18 logger.go:55: 1732058778859272458 Open       /usr/lib/x86_64-linux-gnu/libxcb.so.1.1.0
2024/11/19 23:26:18 logger.go:55: 1732058778859517289 Close      /usr/lib/x86_64-linux-gnu/libxcb.so.1.1.0
2024/11/19 23:26:18 logger.go:55: 1732058778859812802 Lookup     /usr/lib/x86_64-linux-gnu/libXau.so.6
2024/11/19 23:26:18 logger.go:55: 1732058778859856340 Lookup     /usr/lib/x86_64-linux-gnu/libXau.so.6.0.0
2024/11/19 23:26:18 logger.go:55: 1732058778859921040 Open       /usr/lib/x86_64-linux-gnu/libXau.so.6.0.0
2024/11/19 23:26:18 logger.go:55: 1732058778860185921 Close      /usr/lib/x86_64-linux-gnu/libXau.so.6.0.0
2024/11/19 23:26:18 logger.go:55: 1732058778860422215 Lookup     /usr/lib/x86_64-linux-gnu/libXdmcp.so.6
2024/11/19 23:26:18 logger.go:55: 1732058778860462997 Lookup     /usr/lib/x86_64-linux-gnu/libXdmcp.so.6.0.0
2024/11/19 23:26:18 logger.go:55: 1732058778860529080 Open       /usr/lib/x86_64-linux-gnu/libXdmcp.so.6.0.0
2024/11/19 23:26:18 logger.go:55: 1732058778860766196 Close      /usr/lib/x86_64-linux-gnu/libXdmcp.so.6.0.0
2024/11/19 23:26:18 logger.go:55: 1732058778861014093 Lookup     /usr/lib/x86_64-linux-gnu/libbsd.so.0
2024/11/19 23:26:18 logger.go:55: 1732058778861060276 Lookup     /usr/lib/x86_64-linux-gnu/libbsd.so.0.11.5
2024/11/19 23:26:18 logger.go:55: 1732058778861136348 Open       /usr/lib/x86_64-linux-gnu/libbsd.so.0.11.5
2024/11/19 23:26:18 logger.go:55: 1732058778861431360 Close      /usr/lib/x86_64-linux-gnu/libbsd.so.0.11.5
2024/11/19 23:26:18 logger.go:55: 1732058778861671312 Lookup     /usr/lib/x86_64-linux-gnu/libmd.so.0
2024/11/19 23:26:18 logger.go:55: 1732058778861714499 Lookup     /usr/lib/x86_64-linux-gnu/libmd.so.0.0.5
2024/11/19 23:26:18 logger.go:55: 1732058778861783317 Open       /usr/lib/x86_64-linux-gnu/libmd.so.0.0.5
2024/11/19 23:26:18 logger.go:55: 1732058778862033419 Close      /usr/lib/x86_64-linux-gnu/libmd.so.0.0.5
2024/11/19 23:26:18 logger.go:55: 1732058778862643383 Open       /usr/lib/x86_64-linux-gnu/hwloc/hwloc_pci.so
2024/11/19 23:26:18 logger.go:55: 1732058778862893254 Close      /usr/lib/x86_64-linux-gnu/hwloc/hwloc_pci.so
2024/11/19 23:26:18 logger.go:55: 1732058778863072784 Open       /etc/ld.so.cache
2024/11/19 23:26:18 logger.go:55: 1732058778863163747 Close      /etc/ld.so.cache
2024/11/19 23:26:18 logger.go:55: 1732058778863294159 Lookup     /usr/lib/x86_64-linux-gnu/libpciaccess.so.0
2024/11/19 23:26:18 logger.go:55: 1732058778863335261 Lookup     /usr/lib/x86_64-linux-gnu/libpciaccess.so.0.11.1
2024/11/19 23:26:18 logger.go:55: 1732058778863399159 Open       /usr/lib/x86_64-linux-gnu/libpciaccess.so.0.11.1
2024/11/19 23:26:18 logger.go:55: 1732058778863632608 Close      /usr/lib/x86_64-linux-gnu/libpciaccess.so.0.11.1
2024/11/19 23:26:19 logger.go:55: 1732058779135010560 Lookup     /run
2024/11/19 23:26:19 logger.go:55: 1732058779145147390 Lookup     /var
2024/11/19 23:26:19 logger.go:55: 1732058779145195196 Lookup     /var/run
2024/11/19 23:26:19 logger.go:55: 1732058779146280664 Lookup     /etc/gai.conf
2024/11/19 23:26:19 logger.go:55: 1732058779146321827 Open       /etc/gai.conf
2024/11/19 23:26:19 logger.go:55: 1732058779146480405 Close      /etc/gai.conf
2024/11/19 23:26:19 logger.go:55: 1732058779155176825 Lookup     /usr/share
2024/11/19 23:26:19 logger.go:55: 1732058779155234791 Lookup     /usr/share/misc
2024/11/19 23:26:19 logger.go:55: 1732058779172228581 Open       /etc/ld.so.cache
2024/11/19 23:26:19 logger.go:55: 1732058779172347409 Close      /etc/ld.so.cache
2024/11/19 23:26:19 logger.go:55: 1732058779181148850 Open       /etc/ld.so.cache
2024/11/19 23:26:19 logger.go:55: 1732058779181252588 Close      /etc/ld.so.cache
2024/11/19 23:26:19 logger.go:55: 1732058779181952372 Open       /etc/ld.so.cache
2024/11/19 23:26:19 logger.go:55: 1732058779182045319 Close      /etc/ld.so.cache
2024/11/19 23:26:19 logger.go:55: 1732058779182807238 Open       /etc/ld.so.cache
2024/11/19 23:26:19 logger.go:55: 1732058779182904593 Close      /etc/ld.so.cache
2024/11/19 23:26:19 logger.go:55: 1732058779183621011 Open       /etc/ld.so.cache
2024/11/19 23:26:19 logger.go:55: 1732058779183714358 Close      /etc/ld.so.cache
2024/11/19 23:26:19 logger.go:55: 1732058779184414613 Open       /etc/ld.so.cache
2024/11/19 23:26:19 logger.go:55: 1732058779184511959 Close      /etc/ld.so.cache
2024/11/19 23:26:19 logger.go:55: 1732058779185215630 Open       /etc/ld.so.cache
2024/11/19 23:26:19 logger.go:55: 1732058779185311363 Close      /etc/ld.so.cache
2024/11/19 23:26:19 logger.go:55: 1732058779185997038 Open       /etc/ld.so.cache
2024/11/19 23:26:19 logger.go:55: 1732058779186087229 Close      /etc/ld.so.cache
2024/11/19 23:26:19 logger.go:55: 1732058779186785009 Open       /etc/ld.so.cache
2024/11/19 23:26:19 logger.go:55: 1732058779186879339 Close      /etc/ld.so.cache
2024/11/19 23:26:19 logger.go:55: 1732058779187590295 Open       /etc/ld.so.cache
2024/11/19 23:26:19 logger.go:55: 1732058779187684905 Close      /etc/ld.so.cache
2024/11/19 23:26:19 logger.go:55: 1732058779188367475 Open       /etc/ld.so.cache
2024/11/19 23:26:19 logger.go:55: 1732058779188459409 Close      /etc/ld.so.cache
2024/11/19 23:26:19 logger.go:55: 1732058779189146739 Open       /etc/ld.so.cache
2024/11/19 23:26:19 logger.go:55: 1732058779189240226 Close      /etc/ld.so.cache
2024/11/19 23:26:19 logger.go:55: 1732058779189938096 Open       /etc/ld.so.cache
2024/11/19 23:26:19 logger.go:55: 1732058779190038909 Close      /etc/ld.so.cache
2024/11/19 23:26:19 logger.go:55: 1732058779190768362 Open       /etc/ld.so.cache
2024/11/19 23:26:19 logger.go:55: 1732058779190863383 Close      /etc/ld.so.cache
2024/11/19 23:26:19 logger.go:55: 1732058779191553277 Open       /etc/ld.so.cache
2024/11/19 23:26:19 logger.go:55: 1732058779191648579 Close      /etc/ld.so.cache
2024/11/19 23:26:19 logger.go:55: 1732058779192375437 Open       /etc/ld.so.cache
2024/11/19 23:26:19 logger.go:55: 1732058779192479175 Close      /etc/ld.so.cache
2024/11/19 23:26:19 logger.go:55: 1732058779193192236 Open       /etc/ld.so.cache
2024/11/19 23:26:19 logger.go:55: 1732058779193288459 Close      /etc/ld.so.cache
2024/11/19 23:26:19 logger.go:55: 1732058779204797493 Lookup     /opt/lammps/examples/reax/HNS/in.reaxc.hns
2024/11/19 23:26:19 logger.go:55: 1732058779204865800 Open       /opt/lammps/examples/reax/HNS/in.reaxc.hns
2024/11/19 23:26:19 logger.go:55: 1732058779206340619 Lookup     /opt/lammps/examples/reax/HNS/data.hns-equil
2024/11/19 23:26:19 logger.go:55: 1732058779206397403 Open       /opt/lammps/examples/reax/HNS/data.hns-equil
2024/11/19 23:26:19 logger.go:55: 1732058779207448613 Close      /opt/lammps/examples/reax/HNS/data.hns-equil
2024/11/19 23:26:19 logger.go:55: 1732058779216509915 Close      /opt/lammps/examples/reax/HNS/in.reaxc.hns
2024/11/19 23:26:19 logger.go:55: 1732058779216958235 Complete   /tmp/out/lammps-recording.out
2024/11/19 23:26:19 logger.go:55: 1732058779217166623 Lookup     /sbin
2024/11/19 23:26:19 logger.go:55: 1732058779217182404 Lookup     /root
2024/11/19 23:26:19 logger.go:55: 1732058779217212835 Lookup     /srv
2024/11/19 23:26:19 logger.go:55: 1732058779217234549 Lookup     /media
2024/11/19 23:26:19 logger.go:55: 1732058779217251533 Lookup     /libx32
2024/11/19 23:26:19 logger.go:55: 1732058779217259629 Lookup     /lib64
2024/11/19 23:26:19 logger.go:55: 1732058779217266212 Lookup     /etc
2024/11/19 23:26:19 logger.go:55: 1732058779217283367 Lookup     /proc
2024/11/19 23:26:19 logger.go:55: 1732058779217289189 Lookup     /usr
2024/11/19 23:26:19 logger.go:55: 1732058779217311163 Lookup     /lib32
2024/11/19 23:26:19 logger.go:55: 1732058779217328317 Lookup     /boot
2024/11/19 23:26:19 logger.go:55: 1732058779217333157 Lookup     /var
2024/11/19 23:26:19 logger.go:55: 1732058779217338217 Lookup     /tmp
2024/11/19 23:26:19 logger.go:55: 1732058779217350973 Lookup     /mnt
2024/11/19 23:26:19 logger.go:55: 1732058779217356995 Lookup     /dev
2024/11/19 23:26:19 logger.go:55: 1732058779217362095 Lookup     /opt
2024/11/19 23:26:19 logger.go:55: 1732058779217377746 Lookup     /home
2024/11/19 23:26:19 logger.go:55: 1732058779217387015 Lookup     /lib
2024/11/19 23:26:19 logger.go:55: 1732058779217393037 Lookup     /sys
2024/11/19 23:26:19 logger.go:55: 1732058779217399029 Lookup     /bin
2024/11/19 23:26:19 logger.go:55: 1732058779217404851 Lookup     /run
2024/11/19 23:26:19 logger.go:55: 1732058779217410993 Lookup     /flux_operator
2024/11/19 23:26:19 logger.go:55: 1732058779217416414 Lookup     /product_name
2024/11/19 23:26:19 logger.go:55: 1732058779217483749 Lookup     /product_uuid