2024/11/21 20:08:21 logger.go:63: 1732219701246350243 Lookup    /etc      
2024/11/21 20:08:21 logger.go:63: 1732219701246540464 Lookup    /etc/host.conf
2024/11/21 20:08:21 logger.go:63: 1732219701246585099 Lookup    /etc/hosts
2024/11/21 20:08:21 logger.go:63: 1732219701246624243 Lookup    /etc/nsswitch.conf
2024/11/21 20:08:21 logger.go:63: 1732219701246672254 Lookup    /etc/resolv.conf
2024/11/21 20:08:21 logger.go:63: 1732219701246712010 Lookup    /dev      
2024/11/21 20:08:21 logger.go:63: 1732219701246740874 Lookup    /sys      
2024/11/21 20:08:21 logger.go:63: 1732219701246772514 Lookup    /proc     
2024/11/21 20:08:21 logger.go:63: 1732219701246804605 Lookup    /tmp      
2024/11/21 20:08:21 logger.go:63: 1732219701246834702 Lookup    /root     
2024/11/21 20:08:21 logger.go:63: 1732219701246895979 Lookup    /opt      
2024/11/21 20:08:21 logger.go:63: 1732219701246930815 Lookup    /opt/lammps
2024/11/21 20:08:21 logger.go:63: 1732219701246964418 Lookup    /opt/lammps/examples
2024/11/21 20:08:21 logger.go:63: 1732219701247016457 Lookup    /opt/lammps/examples/reaxff
2024/11/21 20:08:21 logger.go:63: 1732219701247056693 Lookup    /opt/lammps/examples/reaxff/HNS
2024/11/21 20:08:21 logger.go:63: 1732219701247100757 Lookup    /usr      
2024/11/21 20:08:21 logger.go:63: 1732219701247131465 Lookup    /usr/bin  
2024/11/21 20:08:21 logger.go:63: 1732219701247165019 Lookup    /usr/bin/lmp
2024/11/21 20:08:21 logger.go:63: 1732219701247513550 Open      /usr/bin/lmp	7
2024/11/21 20:08:21 logger.go:63: 1732219701247617076 Close     /usr/bin/lmp	7
2024/11/21 20:08:21 logger.go:63: 1732219701247662593 Open      /usr/bin/lmp	18
2024/11/21 20:08:21 logger.go:63: 1732219701247728558 Lookup    /lib64    
2024/11/21 20:08:21 logger.go:63: 1732219701247784554 Lookup    /usr/lib64
2024/11/21 20:08:21 logger.go:63: 1732219701247884834 Lookup    /usr/lib64/ld-linux-x86-64.so.2
2024/11/21 20:08:21 logger.go:63: 1732219701247983381 Lookup    /lib      
2024/11/21 20:08:21 logger.go:63: 1732219701248039327 Lookup    /usr/lib  
2024/11/21 20:08:21 logger.go:63: 1732219701248143715 Lookup    /usr/lib/x86_64-linux-gnu
2024/11/21 20:08:21 logger.go:63: 1732219701248182629 Lookup    /usr/lib/x86_64-linux-gnu/ld-linux-x86-64.so.2
2024/11/21 20:08:21 logger.go:63: 1732219701248270476 Close     /usr/bin/lmp	18
2024/11/21 20:08:21 logger.go:63: 1732219701248299260 Open      /usr/lib/x86_64-linux-gnu/ld-linux-x86-64.so.2	20
2024/11/21 20:08:21 logger.go:63: 1732219701248363242 Close     /usr/lib/x86_64-linux-gnu/ld-linux-x86-64.so.2	20
2024/11/21 20:08:21 logger.go:63: 1732219701249137550 Open      /usr/bin/lmp	21
2024/11/21 20:08:21 logger.go:63: 1732219701249535986 Close     /usr/bin/lmp	21
2024/11/21 20:08:21 logger.go:63: 1732219701249867034 Open      /usr/lib/x86_64-linux-gnu/ld-linux-x86-64.so.2	22
2024/11/21 20:08:21 logger.go:63: 1732219701250169407 Close     /usr/lib/x86_64-linux-gnu/ld-linux-x86-64.so.2	22
2024/11/21 20:08:21 logger.go:63: 1732219701250765198 Lookup    /opt/software
2024/11/21 20:08:21 logger.go:63: 1732219701250810243 Lookup    /opt/software/linux-rocky9-x86_64
2024/11/21 20:08:21 logger.go:63: 1732219701250849227 Lookup    /opt/software/linux-rocky9-x86_64/gcc-11.4.1
2024/11/21 20:08:21 logger.go:63: 1732219701250886347 Lookup    /opt/software/linux-rocky9-x86_64/gcc-11.4.1/flux-core-0.61.2-va52p5ph7ylanopgk7ranjgtjgc2wb5y
2024/11/21 20:08:21 logger.go:63: 1732219701250947573 Lookup    /opt/software/linux-rocky9-x86_64/gcc-11.4.1/flux-core-0.61.2-va52p5ph7ylanopgk7ranjgtjgc2wb5y/lib
2024/11/21 20:08:21 logger.go:63: 1732219701250983391 Lookup    /opt/software/linux-rocky9-x86_64/gcc-11.4.1/flux-core-0.61.2-va52p5ph7ylanopgk7ranjgtjgc2wb5y/lib/flux
2024/11/21 20:08:21 logger.go:63: 1732219701254168102 Lookup    /etc/ld.so.cache
2024/11/21 20:08:21 logger.go:63: 1732219701254223738 Open      /etc/ld.so.cache	23
2024/11/21 20:08:21 logger.go:63: 1732219701254341942 Close     /etc/ld.so.cache	23
2024/11/21 20:08:21 logger.go:63: 1732219701254529908 Lookup    /usr/lib/x86_64-linux-gnu/libgomp.so.1
2024/11/21 20:08:21 logger.go:63: 1732219701254588700 Lookup    /usr/lib/x86_64-linux-gnu/libgomp.so.1.0.0
2024/11/21 20:08:21 logger.go:63: 1732219701254694571 Open      /usr/lib/x86_64-linux-gnu/libgomp.so.1.0.0	24
2024/11/21 20:08:21 logger.go:63: 1732219701255065414 Close     /usr/lib/x86_64-linux-gnu/libgomp.so.1.0.0	24
2024/11/21 20:08:21 logger.go:63: 1732219701255503695 Lookup    /usr/lib/x86_64-linux-gnu/libmpich.so.12
2024/11/21 20:08:21 logger.go:63: 1732219701255569119 Lookup    /usr/lib/x86_64-linux-gnu/libmpich.so.12.2.0
2024/11/21 20:08:21 logger.go:63: 1732219701255670051 Open      /usr/lib/x86_64-linux-gnu/libmpich.so.12.2.0	25
2024/11/21 20:08:21 logger.go:63: 1732219701256079628 Close     /usr/lib/x86_64-linux-gnu/libmpich.so.12.2.0	25
2024/11/21 20:08:21 logger.go:63: 1732219701256514583 Lookup    /usr/lib/x86_64-linux-gnu/libstdc++.so.6
2024/11/21 20:08:21 logger.go:63: 1732219701256566611 Lookup    /usr/lib/x86_64-linux-gnu/libstdc++.so.6.0.30
2024/11/21 20:08:21 logger.go:63: 1732219701256674035 Open      /usr/lib/x86_64-linux-gnu/libstdc++.so.6.0.30	26
2024/11/21 20:08:21 logger.go:63: 1732219701257114951 Close     /usr/lib/x86_64-linux-gnu/libstdc++.so.6.0.30	26
2024/11/21 20:08:21 logger.go:63: 1732219701257532594 Lookup    /usr/lib/x86_64-linux-gnu/libm.so.6
2024/11/21 20:08:21 logger.go:63: 1732219701257587267 Open      /usr/lib/x86_64-linux-gnu/libm.so.6	27
2024/11/21 20:08:21 logger.go:63: 1732219701257932132 Close     /usr/lib/x86_64-linux-gnu/libm.so.6	27
2024/11/21 20:08:21 logger.go:63: 1732219701258392254 Lookup    /usr/lib/x86_64-linux-gnu/libgcc_s.so.1
2024/11/21 20:08:21 logger.go:63: 1732219701258449272 Open      /usr/lib/x86_64-linux-gnu/libgcc_s.so.1	28
2024/11/21 20:08:21 logger.go:63: 1732219701258799797 Close     /usr/lib/x86_64-linux-gnu/libgcc_s.so.1	28
2024/11/21 20:08:21 logger.go:63: 1732219701259148228 Lookup    /usr/lib/x86_64-linux-gnu/libc.so.6
2024/11/21 20:08:21 logger.go:63: 1732219701259203693 Open      /usr/lib/x86_64-linux-gnu/libc.so.6	29
2024/11/21 20:08:21 logger.go:63: 1732219701259771300 Close     /usr/lib/x86_64-linux-gnu/libc.so.6	29
2024/11/21 20:08:21 logger.go:63: 1732219701260253374 Lookup    /usr/lib/x86_64-linux-gnu/libhwloc.so.15
2024/11/21 20:08:21 logger.go:63: 1732219701260326663 Lookup    /usr/lib/x86_64-linux-gnu/libhwloc.so.15.5.2
2024/11/21 20:08:21 logger.go:63: 1732219701260436712 Open      /usr/lib/x86_64-linux-gnu/libhwloc.so.15.5.2	30
2024/11/21 20:08:21 logger.go:63: 1732219701260792136 Close     /usr/lib/x86_64-linux-gnu/libhwloc.so.15.5.2	30
2024/11/21 20:08:21 logger.go:63: 1732219701261235197 Lookup    /usr/lib/x86_64-linux-gnu/libfabric.so.1
2024/11/21 20:08:21 logger.go:63: 1732219701261295130 Lookup    /usr/lib/x86_64-linux-gnu/libfabric.so.1.14.0
2024/11/21 20:08:21 logger.go:63: 1732219701261400130 Open      /usr/lib/x86_64-linux-gnu/libfabric.so.1.14.0	31
2024/11/21 20:08:21 logger.go:63: 1732219701261829584 Close     /usr/lib/x86_64-linux-gnu/libfabric.so.1.14.0	31
2024/11/21 20:08:21 logger.go:63: 1732219701262159961 Lookup    /usr/lib/x86_64-linux-gnu/libudev.so.1
2024/11/21 20:08:21 logger.go:63: 1732219701262210386 Lookup    /usr/lib/x86_64-linux-gnu/libudev.so.1.7.2
2024/11/21 20:08:21 logger.go:63: 1732219701262345633 Open      /usr/lib/x86_64-linux-gnu/libudev.so.1.7.2	32
2024/11/21 20:08:21 logger.go:63: 1732219701262718290 Close     /usr/lib/x86_64-linux-gnu/libudev.so.1.7.2	32
2024/11/21 20:08:21 logger.go:63: 1732219701263052263 Lookup    /usr/lib/x86_64-linux-gnu/librdmacm.so.1
2024/11/21 20:08:21 logger.go:63: 1732219701263115062 Lookup    /usr/lib/x86_64-linux-gnu/librdmacm.so.1.3.39.0
2024/11/21 20:08:21 logger.go:63: 1732219701263215874 Open      /usr/lib/x86_64-linux-gnu/librdmacm.so.1.3.39.0	33
2024/11/21 20:08:21 logger.go:63: 1732219701263598409 Close     /usr/lib/x86_64-linux-gnu/librdmacm.so.1.3.39.0	33
2024/11/21 20:08:21 logger.go:63: 1732219701263927043 Lookup    /usr/lib/x86_64-linux-gnu/libefa.so.1
2024/11/21 20:08:21 logger.go:63: 1732219701263983620 Lookup    /usr/lib/x86_64-linux-gnu/libefa.so.1.1.39.0
2024/11/21 20:08:21 logger.go:63: 1732219701264100251 Open      /usr/lib/x86_64-linux-gnu/libefa.so.1.1.39.0	34
2024/11/21 20:08:21 logger.go:63: 1732219701264508776 Close     /usr/lib/x86_64-linux-gnu/libefa.so.1.1.39.0	34
2024/11/21 20:08:21 logger.go:63: 1732219701264834704 Lookup    /usr/lib/x86_64-linux-gnu/libibverbs.so.1
2024/11/21 20:08:21 logger.go:63: 1732219701264898625 Lookup    /usr/lib/x86_64-linux-gnu/libibverbs.so.1.14.39.0
2024/11/21 20:08:21 logger.go:63: 1732219701265024554 Open      /usr/lib/x86_64-linux-gnu/libibverbs.so.1.14.39.0	35
2024/11/21 20:08:21 logger.go:63: 1732219701265375580 Close     /usr/lib/x86_64-linux-gnu/libibverbs.so.1.14.39.0	35
2024/11/21 20:08:21 logger.go:63: 1732219701265712218 Lookup    /usr/lib/x86_64-linux-gnu/libpsm_infinipath.so.1
2024/11/21 20:08:21 logger.go:63: 1732219701265840021 Lookup    /etc/alternatives
2024/11/21 20:08:21 logger.go:63: 1732219701265873544 Lookup    /etc/alternatives/libpsm_infinipath.so.1
2024/11/21 20:08:21 logger.go:63: 1732219701265977231 Lookup    /usr/lib/libpsm1
2024/11/21 20:08:21 logger.go:63: 1732219701266024300 Lookup    /usr/lib/libpsm1/libpsm_infinipath.so.1.16
2024/11/21 20:08:21 logger.go:63: 1732219701266102729 Open      /usr/lib/libpsm1/libpsm_infinipath.so.1.16	36
2024/11/21 20:08:21 logger.go:63: 1732219701266535079 Close     /usr/lib/libpsm1/libpsm_infinipath.so.1.16	36
2024/11/21 20:08:21 logger.go:63: 1732219701266943143 Lookup    /usr/lib/x86_64-linux-gnu/libpsm2.so.2
2024/11/21 20:08:21 logger.go:63: 1732219701267004870 Lookup    /usr/lib/x86_64-linux-gnu/libpsm2.so.2.2
2024/11/21 20:08:21 logger.go:63: 1732219701267109809 Open      /usr/lib/x86_64-linux-gnu/libpsm2.so.2.2	37
2024/11/21 20:08:21 logger.go:63: 1732219701267524847 Close     /usr/lib/x86_64-linux-gnu/libpsm2.so.2.2	37
2024/11/21 20:08:21 logger.go:63: 1732219701267867226 Lookup    /usr/lib/x86_64-linux-gnu/libnl-3.so.200
2024/11/21 20:08:21 logger.go:63: 1732219701267920497 Lookup    /usr/lib/x86_64-linux-gnu/libnl-3.so.200.26.0
2024/11/21 20:08:21 logger.go:63: 1732219701268040755 Open      /usr/lib/x86_64-linux-gnu/libnl-3.so.200.26.0	38
2024/11/21 20:08:21 logger.go:63: 1732219701268404164 Close     /usr/lib/x86_64-linux-gnu/libnl-3.so.200.26.0	38
2024/11/21 20:08:21 logger.go:63: 1732219701268799564 Lookup    /usr/lib/x86_64-linux-gnu/libnl-route-3.so.200
2024/11/21 20:08:21 logger.go:63: 1732219701268853918 Lookup    /usr/lib/x86_64-linux-gnu/libnl-route-3.so.200.26.0
2024/11/21 20:08:21 logger.go:63: 1732219701268952855 Open      /usr/lib/x86_64-linux-gnu/libnl-route-3.so.200.26.0	39
2024/11/21 20:08:21 logger.go:63: 1732219701269355619 Close     /usr/lib/x86_64-linux-gnu/libnl-route-3.so.200.26.0	39
2024/11/21 20:08:21 logger.go:63: 1732219701269847192 Lookup    /usr/lib/x86_64-linux-gnu/libinfinipath.so.4
2024/11/21 20:08:21 logger.go:63: 1732219701269902807 Lookup    /usr/lib/x86_64-linux-gnu/libinfinipath.so.4.0
2024/11/21 20:08:21 logger.go:63: 1732219701270036561 Open      /usr/lib/x86_64-linux-gnu/libinfinipath.so.4.0	40
2024/11/21 20:08:21 logger.go:63: 1732219701270384040 Close     /usr/lib/x86_64-linux-gnu/libinfinipath.so.4.0	40
2024/11/21 20:08:21 logger.go:63: 1732219701270722382 Lookup    /usr/lib/x86_64-linux-gnu/librt.so.1
2024/11/21 20:08:21 logger.go:63: 1732219701270785461 Open      /usr/lib/x86_64-linux-gnu/librt.so.1	41
2024/11/21 20:08:21 logger.go:63: 1732219701271292703 Close     /usr/lib/x86_64-linux-gnu/librt.so.1	41
2024/11/21 20:08:21 logger.go:63: 1732219701271681230 Lookup    /usr/lib/x86_64-linux-gnu/libpthread.so.0
2024/11/21 20:08:21 logger.go:63: 1732219701271738509 Open      /usr/lib/x86_64-linux-gnu/libpthread.so.0	42
2024/11/21 20:08:21 logger.go:63: 1732219701272235321 Close     /usr/lib/x86_64-linux-gnu/libpthread.so.0	42
2024/11/21 20:08:21 logger.go:63: 1732219701272599222 Lookup    /usr/lib/x86_64-linux-gnu/libdl.so.2
2024/11/21 20:08:21 logger.go:63: 1732219701272656711 Open      /usr/lib/x86_64-linux-gnu/libdl.so.2	43
2024/11/21 20:08:21 logger.go:63: 1732219701273101805 Close     /usr/lib/x86_64-linux-gnu/libdl.so.2	43
2024/11/21 20:08:21 logger.go:63: 1732219701273448593 Lookup    /usr/lib/x86_64-linux-gnu/libuuid.so.1
2024/11/21 20:08:21 logger.go:63: 1732219701273505290 Lookup    /usr/lib/x86_64-linux-gnu/libuuid.so.1.3.0
2024/11/21 20:08:21 logger.go:63: 1732219701273610660 Open      /usr/lib/x86_64-linux-gnu/libuuid.so.1.3.0	44
2024/11/21 20:08:21 logger.go:63: 1732219701273951216 Close     /usr/lib/x86_64-linux-gnu/libuuid.so.1.3.0	44
2024/11/21 20:08:21 logger.go:63: 1732219701274305578 Lookup    /usr/lib/x86_64-linux-gnu/libnuma.so.1
2024/11/21 20:08:21 logger.go:63: 1732219701274367325 Lookup    /usr/lib/x86_64-linux-gnu/libnuma.so.1.0.0
2024/11/21 20:08:21 logger.go:63: 1732219701274482363 Open      /usr/lib/x86_64-linux-gnu/libnuma.so.1.0.0	45
2024/11/21 20:08:21 logger.go:63: 1732219701274834742 Close     /usr/lib/x86_64-linux-gnu/libnuma.so.1.0.0	45
2024/11/21 20:08:21 logger.go:63: 1732219701488740862 Lookup    /usr/lib/x86_64-linux-gnu/hwloc
2024/11/21 20:08:21 logger.go:63: 1732219701489044819 Lookup    /usr/lib/x86_64-linux-gnu/hwloc/hwloc_opencl.so
2024/11/21 20:08:21 logger.go:63: 1732219701489096757 Lookup    /usr/lib/x86_64-linux-gnu/hwloc/hwloc_xml_libxml.so
2024/11/21 20:08:21 logger.go:63: 1732219701489113659 Lookup    /usr/lib/x86_64-linux-gnu/hwloc/hwloc_gl.so
2024/11/21 20:08:21 logger.go:63: 1732219701489129078 Lookup    /usr/lib/x86_64-linux-gnu/hwloc/hwloc_pci.so
2024/11/21 20:08:21 logger.go:63: 1732219701489390715 Open      /usr/lib/x86_64-linux-gnu/hwloc/hwloc_opencl.so	51
2024/11/21 20:08:21 logger.go:63: 1732219701489773961 Close     /usr/lib/x86_64-linux-gnu/hwloc/hwloc_opencl.so	51
2024/11/21 20:08:21 logger.go:63: 1732219701490101893 Open      /etc/ld.so.cache	52
2024/11/21 20:08:21 logger.go:63: 1732219701490259092 Close     /etc/ld.so.cache	52
2024/11/21 20:08:21 logger.go:63: 1732219701490510839 Lookup    /usr/lib/x86_64-linux-gnu/libOpenCL.so.1
2024/11/21 20:08:21 logger.go:63: 1732219701490579039 Lookup    /usr/lib/x86_64-linux-gnu/libOpenCL.so.1.0.0
2024/11/21 20:08:21 logger.go:63: 1732219701490689709 Open      /usr/lib/x86_64-linux-gnu/libOpenCL.so.1.0.0	53
2024/11/21 20:08:21 logger.go:63: 1732219701491114104 Close     /usr/lib/x86_64-linux-gnu/libOpenCL.so.1.0.0	53
2024/11/21 20:08:21 logger.go:63: 1732219701491550050 Open      /usr/lib/x86_64-linux-gnu/hwloc/hwloc_xml_libxml.so	54
2024/11/21 20:08:21 logger.go:63: 1732219701491898892 Close     /usr/lib/x86_64-linux-gnu/hwloc/hwloc_xml_libxml.so	54
2024/11/21 20:08:21 logger.go:63: 1732219701492194192 Open      /etc/ld.so.cache	55
2024/11/21 20:08:21 logger.go:63: 1732219701492341171 Close     /etc/ld.so.cache	55
2024/11/21 20:08:21 logger.go:63: 1732219701492538916 Lookup    /usr/lib/x86_64-linux-gnu/libxml2.so.2
2024/11/21 20:08:21 logger.go:63: 1732219701492599300 Lookup    /usr/lib/x86_64-linux-gnu/libxml2.so.2.9.13
2024/11/21 20:08:21 logger.go:63: 1732219701492712686 Open      /usr/lib/x86_64-linux-gnu/libxml2.so.2.9.13	56
2024/11/21 20:08:21 logger.go:63: 1732219701493201813 Close     /usr/lib/x86_64-linux-gnu/libxml2.so.2.9.13	56
2024/11/21 20:08:21 logger.go:63: 1732219701493677686 Lookup    /usr/lib/x86_64-linux-gnu/libicuuc.so.70
2024/11/21 20:08:21 logger.go:63: 1732219701493741186 Lookup    /usr/lib/x86_64-linux-gnu/libicuuc.so.70.1
2024/11/21 20:08:21 logger.go:63: 1732219701493853459 Open      /usr/lib/x86_64-linux-gnu/libicuuc.so.70.1	57
2024/11/21 20:08:21 logger.go:63: 1732219701494322679 Close     /usr/lib/x86_64-linux-gnu/libicuuc.so.70.1	57
2024/11/21 20:08:21 logger.go:63: 1732219701494811266 Lookup    /usr/lib/x86_64-linux-gnu/libz.so.1
2024/11/21 20:08:21 logger.go:63: 1732219701494888793 Lookup    /usr/lib/x86_64-linux-gnu/libz.so.1.2.11
2024/11/21 20:08:21 logger.go:63: 1732219701495038176 Open      /usr/lib/x86_64-linux-gnu/libz.so.1.2.11	58
2024/11/21 20:08:21 logger.go:63: 1732219701495491667 Close     /usr/lib/x86_64-linux-gnu/libz.so.1.2.11	58
2024/11/21 20:08:21 logger.go:63: 1732219701495876647 Lookup    /usr/lib/x86_64-linux-gnu/liblzma.so.5
2024/11/21 20:08:21 logger.go:63: 1732219701495931852 Lookup    /usr/lib/x86_64-linux-gnu/liblzma.so.5.2.5
2024/11/21 20:08:21 logger.go:63: 1732219701496076155 Open      /usr/lib/x86_64-linux-gnu/liblzma.so.5.2.5	59
2024/11/21 20:08:21 logger.go:63: 1732219701496478899 Close     /usr/lib/x86_64-linux-gnu/liblzma.so.5.2.5	59
2024/11/21 20:08:21 logger.go:63: 1732219701496902803 Lookup    /usr/lib/x86_64-linux-gnu/libicudata.so.70
2024/11/21 20:08:21 logger.go:63: 1732219701496970181 Lookup    /usr/lib/x86_64-linux-gnu/libicudata.so.70.1
2024/11/21 20:08:21 logger.go:63: 1732219701497097442 Open      /usr/lib/x86_64-linux-gnu/libicudata.so.70.1	60
2024/11/21 20:08:21 logger.go:63: 1732219701497502972 Close     /usr/lib/x86_64-linux-gnu/libicudata.so.70.1	60
2024/11/21 20:08:21 logger.go:63: 1732219701499180824 Open      /usr/lib/x86_64-linux-gnu/hwloc/hwloc_gl.so	61
2024/11/21 20:08:21 logger.go:63: 1732219701499515148 Close     /usr/lib/x86_64-linux-gnu/hwloc/hwloc_gl.so	61
2024/11/21 20:08:21 logger.go:63: 1732219701499820447 Open      /etc/ld.so.cache	62
2024/11/21 20:08:21 logger.go:63: 1732219701499956135 Close     /etc/ld.so.cache	62
2024/11/21 20:08:21 logger.go:63: 1732219701500176723 Lookup    /usr/lib/x86_64-linux-gnu/libXNVCtrl.so.0
2024/11/21 20:08:21 logger.go:63: 1732219701500263738 Lookup    /usr/lib/x86_64-linux-gnu/libXNVCtrl.so.0.0.0
2024/11/21 20:08:21 logger.go:63: 1732219701500380570 Open      /usr/lib/x86_64-linux-gnu/libXNVCtrl.so.0.0.0	63
2024/11/21 20:08:21 logger.go:63: 1732219701500759689 Close     /usr/lib/x86_64-linux-gnu/libXNVCtrl.so.0.0.0	63
2024/11/21 20:08:21 logger.go:63: 1732219701501139780 Lookup    /usr/lib/x86_64-linux-gnu/libX11.so.6
2024/11/21 20:08:21 logger.go:63: 1732219701501213199 Lookup    /usr/lib/x86_64-linux-gnu/libX11.so.6.4.0
2024/11/21 20:08:21 logger.go:63: 1732219701501326945 Open      /usr/lib/x86_64-linux-gnu/libX11.so.6.4.0	64
2024/11/21 20:08:21 logger.go:63: 1732219701501750518 Close     /usr/lib/x86_64-linux-gnu/libX11.so.6.4.0	64
2024/11/21 20:08:21 logger.go:63: 1732219701502227683 Lookup    /usr/lib/x86_64-linux-gnu/libXext.so.6
2024/11/21 20:08:21 logger.go:63: 1732219701502302635 Lookup    /usr/lib/x86_64-linux-gnu/libXext.so.6.4.0
2024/11/21 20:08:21 logger.go:63: 1732219701502427372 Open      /usr/lib/x86_64-linux-gnu/libXext.so.6.4.0	65
2024/11/21 20:08:21 logger.go:63: 1732219701502826810 Close     /usr/lib/x86_64-linux-gnu/libXext.so.6.4.0	65
2024/11/21 20:08:21 logger.go:63: 1732219701503209425 Lookup    /usr/lib/x86_64-linux-gnu/libxcb.so.1
2024/11/21 20:08:21 logger.go:63: 1732219701503279659 Lookup    /usr/lib/x86_64-linux-gnu/libxcb.so.1.1.0
2024/11/21 20:08:21 logger.go:63: 1732219701503391581 Open      /usr/lib/x86_64-linux-gnu/libxcb.so.1.1.0	66
2024/11/21 20:08:21 logger.go:63: 1732219701503770930 Close     /usr/lib/x86_64-linux-gnu/libxcb.so.1.1.0	66
2024/11/21 20:08:21 logger.go:63: 1732219701504224661 Lookup    /usr/lib/x86_64-linux-gnu/libXau.so.6
2024/11/21 20:08:21 logger.go:63: 1732219701504292099 Lookup    /usr/lib/x86_64-linux-gnu/libXau.so.6.0.0
2024/11/21 20:08:21 logger.go:63: 1732219701504403921 Open      /usr/lib/x86_64-linux-gnu/libXau.so.6.0.0	67
2024/11/21 20:08:21 logger.go:63: 1732219701504772751 Close     /usr/lib/x86_64-linux-gnu/libXau.so.6.0.0	67
2024/11/21 20:08:21 logger.go:63: 1732219701505172298 Lookup    /usr/lib/x86_64-linux-gnu/libXdmcp.so.6
2024/11/21 20:08:21 logger.go:63: 1732219701505239997 Lookup    /usr/lib/x86_64-linux-gnu/libXdmcp.so.6.0.0
2024/11/21 20:08:21 logger.go:63: 1732219701505358542 Open      /usr/lib/x86_64-linux-gnu/libXdmcp.so.6.0.0	68
2024/11/21 20:08:21 logger.go:63: 1732219701505754894 Close     /usr/lib/x86_64-linux-gnu/libXdmcp.so.6.0.0	68
2024/11/21 20:08:21 logger.go:63: 1732219701506123192 Lookup    /usr/lib/x86_64-linux-gnu/libbsd.so.0
2024/11/21 20:08:21 logger.go:63: 1732219701506203284 Lookup    /usr/lib/x86_64-linux-gnu/libbsd.so.0.11.5
2024/11/21 20:08:21 logger.go:63: 1732219701506320426 Open      /usr/lib/x86_64-linux-gnu/libbsd.so.0.11.5	69
2024/11/21 20:08:21 logger.go:63: 1732219701506790698 Close     /usr/lib/x86_64-linux-gnu/libbsd.so.0.11.5	69
2024/11/21 20:08:21 logger.go:63: 1732219701507174346 Lookup    /usr/lib/x86_64-linux-gnu/libmd.so.0
2024/11/21 20:08:21 logger.go:63: 1732219701507266891 Lookup    /usr/lib/x86_64-linux-gnu/libmd.so.0.0.5
2024/11/21 20:08:21 logger.go:63: 1732219701507379725 Open      /usr/lib/x86_64-linux-gnu/libmd.so.0.0.5	70
2024/11/21 20:08:21 logger.go:63: 1732219701507753134 Close     /usr/lib/x86_64-linux-gnu/libmd.so.0.0.5	70
2024/11/21 20:08:21 logger.go:63: 1732219701508685142 Open      /usr/lib/x86_64-linux-gnu/hwloc/hwloc_pci.so	71
2024/11/21 20:08:21 logger.go:63: 1732219701509061175 Close     /usr/lib/x86_64-linux-gnu/hwloc/hwloc_pci.so	71
2024/11/21 20:08:21 logger.go:63: 1732219701509371123 Open      /etc/ld.so.cache	72
2024/11/21 20:08:21 logger.go:63: 1732219701509518993 Close     /etc/ld.so.cache	72
2024/11/21 20:08:21 logger.go:63: 1732219701509717089 Lookup    /usr/lib/x86_64-linux-gnu/libpciaccess.so.0
2024/11/21 20:08:21 logger.go:63: 1732219701509776862 Lookup    /usr/lib/x86_64-linux-gnu/libpciaccess.so.0.11.1
2024/11/21 20:08:21 logger.go:63: 1732219701509894265 Open      /usr/lib/x86_64-linux-gnu/libpciaccess.so.0.11.1	73
2024/11/21 20:08:21 logger.go:63: 1732219701510261301 Close     /usr/lib/x86_64-linux-gnu/libpciaccess.so.0.11.1	73
2024/11/21 20:08:21 logger.go:63: 1732219701814123487 Lookup    /run      
2024/11/21 20:08:21 logger.go:63: 1732219701820526562 Lookup    /var      
2024/11/21 20:08:21 logger.go:63: 1732219701820562140 Lookup    /var/run  
2024/11/21 20:08:21 logger.go:63: 1732219701821653249 Lookup    /etc/gai.conf
2024/11/21 20:08:21 logger.go:63: 1732219701821698455 Open      /etc/gai.conf	50
2024/11/21 20:08:21 logger.go:63: 1732219701821850904 Close     /etc/gai.conf	50
2024/11/21 20:08:21 logger.go:63: 1732219701831174519 Lookup    /usr/share
2024/11/21 20:08:21 logger.go:63: 1732219701831233541 Lookup    /usr/share/misc
2024/11/21 20:08:21 logger.go:63: 1732219701848489081 Open      /etc/ld.so.cache	74
2024/11/21 20:08:21 logger.go:63: 1732219701848584271 Close     /etc/ld.so.cache	74
2024/11/21 20:08:21 logger.go:63: 1732219701857082170 Open      /etc/ld.so.cache	75
2024/11/21 20:08:21 logger.go:63: 1732219701857179364 Close     /etc/ld.so.cache	75
2024/11/21 20:08:21 logger.go:63: 1732219701857911843 Open      /etc/ld.so.cache	76
2024/11/21 20:08:21 logger.go:63: 1732219701858003387 Close     /etc/ld.so.cache	76
2024/11/21 20:08:21 logger.go:63: 1732219701858708945 Open      /etc/ld.so.cache	77
2024/11/21 20:08:21 logger.go:63: 1732219701858801421 Close     /etc/ld.so.cache	77
2024/11/21 20:08:21 logger.go:63: 1732219701859499144 Open      /etc/ld.so.cache	78
2024/11/21 20:08:21 logger.go:63: 1732219701859591950 Close     /etc/ld.so.cache	78
2024/11/21 20:08:21 logger.go:63: 1732219701860308139 Open      /etc/ld.so.cache	79
2024/11/21 20:08:21 logger.go:63: 1732219701860406786 Close     /etc/ld.so.cache	79
2024/11/21 20:08:21 logger.go:63: 1732219701861100752 Open      /etc/ld.so.cache	80
2024/11/21 20:08:21 logger.go:63: 1732219701861192055 Close     /etc/ld.so.cache	80
2024/11/21 20:08:21 logger.go:63: 1732219701861903264 Open      /etc/ld.so.cache	81
2024/11/21 20:08:21 logger.go:63: 1732219701861998966 Close     /etc/ld.so.cache	81
2024/11/21 20:08:21 logger.go:63: 1732219701862704123 Open      /etc/ld.so.cache	82
2024/11/21 20:08:21 logger.go:63: 1732219701862796589 Close     /etc/ld.so.cache	82
2024/11/21 20:08:21 logger.go:63: 1732219701863548515 Open      /etc/ld.so.cache	83
2024/11/21 20:08:21 logger.go:63: 1732219701863643104 Close     /etc/ld.so.cache	83
2024/11/21 20:08:21 logger.go:63: 1732219701864345076 Open      /etc/ld.so.cache	84
2024/11/21 20:08:21 logger.go:63: 1732219701864438312 Close     /etc/ld.so.cache	84
2024/11/21 20:08:21 logger.go:63: 1732219701865139512 Open      /etc/ld.so.cache	85
2024/11/21 20:08:21 logger.go:63: 1732219701865230094 Close     /etc/ld.so.cache	85
2024/11/21 20:08:21 logger.go:63: 1732219701865917338 Open      /etc/ld.so.cache	86
2024/11/21 20:08:21 logger.go:63: 1732219701866012468 Close     /etc/ld.so.cache	86
2024/11/21 20:08:21 logger.go:63: 1732219701866696776 Open      /etc/ld.so.cache	87
2024/11/21 20:08:21 logger.go:63: 1732219701866791827 Close     /etc/ld.so.cache	87
2024/11/21 20:08:21 logger.go:63: 1732219701867498397 Open      /etc/ld.so.cache	88
2024/11/21 20:08:21 logger.go:63: 1732219701867590271 Close     /etc/ld.so.cache	88
2024/11/21 20:08:21 logger.go:63: 1732219701868316769 Open      /etc/ld.so.cache	89
2024/11/21 20:08:21 logger.go:63: 1732219701868408733 Close     /etc/ld.so.cache	89
2024/11/21 20:08:21 logger.go:63: 1732219701869119612 Open      /etc/ld.so.cache	90
2024/11/21 20:08:21 logger.go:63: 1732219701869215073 Close     /etc/ld.so.cache	90
2024/11/21 20:08:21 logger.go:63: 1732219701880157558 Lookup    /opt/lammps/examples/reaxff/HNS/in.reaxc.hns
2024/11/21 20:08:21 logger.go:63: 1732219701880221329 Open      /opt/lammps/examples/reaxff/HNS/in.reaxc.hns	91
2024/11/21 20:08:21 logger.go:63: 1732219701881427227 Lookup    /opt/lammps/examples/reaxff/HNS/data.hns-equil
2024/11/21 20:08:21 logger.go:63: 1732219701881706797 Open      /opt/lammps/examples/reaxff/HNS/data.hns-equil	92
2024/11/21 20:08:21 logger.go:63: 1732219701881866530 Close     /opt/lammps/examples/reaxff/HNS/data.hns-equil	92
2024/11/21 20:08:21 logger.go:63: 1732219701881985786 Open      /opt/lammps/examples/reaxff/HNS/data.hns-equil	93
2024/11/21 20:08:21 logger.go:63: 1732219701883687203 Close     /opt/lammps/examples/reaxff/HNS/data.hns-equil	93
2024/11/21 20:08:21 logger.go:63: 1732219701885820399 Lookup    /opt/lammps/examples/reaxff/HNS/ffield.reax.hns
2024/11/21 20:08:21 logger.go:63: 1732219701885872879 Open      /opt/lammps/examples/reaxff/HNS/ffield.reax.hns	94
2024/11/21 20:08:21 logger.go:63: 1732219701885908026 Close     /opt/lammps/examples/reaxff/HNS/ffield.reax.hns	94
2024/11/21 20:08:21 logger.go:63: 1732219701885989029 Open      /opt/lammps/examples/reaxff/HNS/ffield.reax.hns	95
2024/11/21 20:08:21 logger.go:63: 1732219701886100851 Close     /opt/lammps/examples/reaxff/HNS/ffield.reax.hns	95
2024/11/21 20:08:21 logger.go:63: 1732219701886177737 Open      /opt/lammps/examples/reaxff/HNS/ffield.reax.hns	96
2024/11/21 20:08:21 logger.go:63: 1732219701886283448 Close     /opt/lammps/examples/reaxff/HNS/ffield.reax.hns	96
2024/11/21 20:08:21 logger.go:63: 1732219701886355915 Open      /opt/lammps/examples/reaxff/HNS/ffield.reax.hns	97
2024/11/21 20:08:21 logger.go:63: 1732219701887531866 Close     /opt/lammps/examples/reaxff/HNS/ffield.reax.hns	97
2024/11/21 20:10:02 logger.go:63: 1732219802668651933 Close     /opt/lammps/examples/reaxff/HNS/in.reaxc.hns	91
2024/11/21 20:10:02 logger.go:63: 1732219802683347521 Complete  /tmp/out/lammps-recording.out