2024/11/19 17:17:58 logger.go:55: 1732036678707914555 Lookup     /etc
2024/11/19 17:17:58 logger.go:55: 1732036678708007204 Lookup     /etc/host.conf
2024/11/19 17:17:58 logger.go:55: 1732036678708048994 Lookup     /etc/hosts
2024/11/19 17:17:58 logger.go:55: 1732036678708076617 Lookup     /etc/nsswitch.conf
2024/11/19 17:17:58 logger.go:55: 1732036678708099842 Lookup     /etc/resolv.conf
2024/11/19 17:17:58 logger.go:55: 1732036678708132404 Lookup     /dev
2024/11/19 17:17:58 logger.go:55: 1732036678708153665 Lookup     /sys
2024/11/19 17:17:58 logger.go:55: 1732036678708174625 Lookup     /proc
2024/11/19 17:17:58 logger.go:55: 1732036678708199613 Lookup     /tmp
2024/11/19 17:17:58 logger.go:55: 1732036678708220704 Lookup     /root
2024/11/19 17:17:58 logger.go:55: 1732036678708267023 Lookup     /opt
2024/11/19 17:17:58 logger.go:55: 1732036678708288785 Lookup     /opt/lammps
2024/11/19 17:17:58 logger.go:55: 1732036678708310146 Lookup     /opt/lammps/examples
2024/11/19 17:17:58 logger.go:55: 1732036678708337739 Lookup     /opt/lammps/examples/reaxff
2024/11/19 17:17:58 logger.go:55: 1732036678708362557 Lookup     /opt/lammps/examples/reaxff/HNS
2024/11/19 17:17:58 logger.go:55: 1732036678708483419 Lookup     /usr
2024/11/19 17:17:58 logger.go:55: 1732036678708509479 Lookup     /usr/local
2024/11/19 17:17:58 logger.go:55: 1732036678708537884 Lookup     /usr/local/sbin
2024/11/19 17:17:58 logger.go:55: 1732036678708624540 Lookup     /usr/local/bin
2024/11/19 17:17:58 logger.go:55: 1732036678708707940 Lookup     /usr/sbin
2024/11/19 17:17:58 logger.go:55: 1732036678708790399 Lookup     /usr/bin
2024/11/19 17:17:58 logger.go:55: 1732036678708820206 Lookup     /usr/bin/lmp
2024/11/19 17:17:58 logger.go:55: 1732036678709064887 Open       /usr/bin/lmp
2024/11/19 17:17:58 logger.go:55: 1732036678709160661 Close      /usr/bin/lmp
2024/11/19 17:17:58 logger.go:55: 1732036678709196249 Open       /usr/bin/lmp
2024/11/19 17:17:58 logger.go:55: 1732036678709251405 Lookup     /lib64
2024/11/19 17:17:58 logger.go:55: 1732036678709291101 Lookup     /usr/lib64
2024/11/19 17:17:58 logger.go:55: 1732036678709357219 Lookup     /usr/lib64/ld-linux-x86-64.so.2
2024/11/19 17:17:58 logger.go:55: 1732036678709420951 Lookup     /lib
2024/11/19 17:17:58 logger.go:55: 1732036678709451269 Lookup     /usr/lib
2024/11/19 17:17:58 logger.go:55: 1732036678709515403 Lookup     /usr/lib/x86_64-linux-gnu
2024/11/19 17:17:58 logger.go:55: 1732036678709537836 Lookup     /usr/lib/x86_64-linux-gnu/ld-linux-x86-64.so.2
2024/11/19 17:17:58 logger.go:55: 1732036678709595827 Close      /usr/bin/lmp
2024/11/19 17:17:58 logger.go:55: 1732036678709612129 Open       /usr/lib/x86_64-linux-gnu/ld-linux-x86-64.so.2
2024/11/19 17:17:58 logger.go:55: 1732036678709662475 Close      /usr/lib/x86_64-linux-gnu/ld-linux-x86-64.so.2
2024/11/19 17:17:58 logger.go:55: 1732036678710205910 Open       /usr/bin/lmp
2024/11/19 17:17:58 logger.go:55: 1732036678710441533 Close      /usr/bin/lmp
2024/11/19 17:17:58 logger.go:55: 1732036678710653490 Open       /usr/lib/x86_64-linux-gnu/ld-linux-x86-64.so.2
2024/11/19 17:17:58 logger.go:55: 1732036678710826543 Close      /usr/lib/x86_64-linux-gnu/ld-linux-x86-64.so.2
2024/11/19 17:17:58 logger.go:55: 1732036678711228756 Lookup     /opt/software
2024/11/19 17:17:58 logger.go:55: 1732036678711259525 Lookup     /opt/software/linux-rocky9-x86_64
2024/11/19 17:17:58 logger.go:55: 1732036678711282710 Lookup     /opt/software/linux-rocky9-x86_64/gcc-11.4.1
2024/11/19 17:17:58 logger.go:55: 1732036678711305924 Lookup     /opt/software/linux-rocky9-x86_64/gcc-11.4.1/flux-core-0.61.2-va52p5ph7ylanopgk7ranjgtjgc2wb5y
2024/11/19 17:17:58 logger.go:55: 1732036678711348476 Lookup     /opt/software/linux-rocky9-x86_64/gcc-11.4.1/flux-core-0.61.2-va52p5ph7ylanopgk7ranjgtjgc2wb5y/lib
2024/11/19 17:17:58 logger.go:55: 1732036678711372773 Lookup     /opt/software/linux-rocky9-x86_64/gcc-11.4.1/flux-core-0.61.2-va52p5ph7ylanopgk7ranjgtjgc2wb5y/lib/flux
2024/11/19 17:17:58 logger.go:55: 1732036678713506544 Lookup     /etc/ld.so.cache
2024/11/19 17:17:58 logger.go:55: 1732036678713540419 Open       /etc/ld.so.cache
2024/11/19 17:17:58 logger.go:55: 1732036678713629841 Close      /etc/ld.so.cache
2024/11/19 17:17:58 logger.go:55: 1732036678713762356 Lookup     /usr/lib/x86_64-linux-gnu/libgomp.so.1
2024/11/19 17:17:58 logger.go:55: 1732036678713804898 Lookup     /usr/lib/x86_64-linux-gnu/libgomp.so.1.0.0
2024/11/19 17:17:58 logger.go:55: 1732036678713868159 Open       /usr/lib/x86_64-linux-gnu/libgomp.so.1.0.0
2024/11/19 17:17:58 logger.go:55: 1732036678714142016 Close      /usr/lib/x86_64-linux-gnu/libgomp.so.1.0.0
2024/11/19 17:17:58 logger.go:55: 1732036678714524741 Lookup     /usr/lib/x86_64-linux-gnu/libmpich.so.12
2024/11/19 17:17:58 logger.go:55: 1732036678714573916 Lookup     /usr/lib/x86_64-linux-gnu/libmpich.so.12.2.0
2024/11/19 17:17:58 logger.go:55: 1732036678714652587 Open       /usr/lib/x86_64-linux-gnu/libmpich.so.12.2.0
2024/11/19 17:17:58 logger.go:55: 1732036678714942995 Close      /usr/lib/x86_64-linux-gnu/libmpich.so.12.2.0
2024/11/19 17:17:58 logger.go:55: 1732036678715284402 Lookup     /usr/lib/x86_64-linux-gnu/libstdc++.so.6
2024/11/19 17:17:58 logger.go:55: 1732036678715321403 Lookup     /usr/lib/x86_64-linux-gnu/libstdc++.so.6.0.30
2024/11/19 17:17:58 logger.go:55: 1732036678715389283 Open       /usr/lib/x86_64-linux-gnu/libstdc++.so.6.0.30
2024/11/19 17:17:58 logger.go:55: 1732036678715737543 Close      /usr/lib/x86_64-linux-gnu/libstdc++.so.6.0.30
2024/11/19 17:17:58 logger.go:55: 1732036678716029213 Lookup     /usr/lib/x86_64-linux-gnu/libm.so.6
2024/11/19 17:17:58 logger.go:55: 1732036678716061856 Open       /usr/lib/x86_64-linux-gnu/libm.so.6
2024/11/19 17:17:58 logger.go:55: 1732036678716319391 Close      /usr/lib/x86_64-linux-gnu/libm.so.6
2024/11/19 17:17:58 logger.go:55: 1732036678716645267 Lookup     /usr/lib/x86_64-linux-gnu/libgcc_s.so.1
2024/11/19 17:17:58 logger.go:55: 1732036678716681056 Open       /usr/lib/x86_64-linux-gnu/libgcc_s.so.1
2024/11/19 17:17:58 logger.go:55: 1732036678717001803 Close      /usr/lib/x86_64-linux-gnu/libgcc_s.so.1
2024/11/19 17:17:58 logger.go:55: 1732036678717254318 Lookup     /usr/lib/x86_64-linux-gnu/libc.so.6
2024/11/19 17:17:58 logger.go:55: 1732036678717291580 Open       /usr/lib/x86_64-linux-gnu/libc.so.6
2024/11/19 17:17:58 logger.go:55: 1732036678717795759 Close      /usr/lib/x86_64-linux-gnu/libc.so.6
2024/11/19 17:17:58 logger.go:55: 1732036678718101667 Lookup     /usr/lib/x86_64-linux-gnu/libhwloc.so.15
2024/11/19 17:17:58 logger.go:55: 1732036678718156592 Lookup     /usr/lib/x86_64-linux-gnu/libhwloc.so.15.5.2
2024/11/19 17:17:58 logger.go:55: 1732036678718226988 Open       /usr/lib/x86_64-linux-gnu/libhwloc.so.15.5.2
2024/11/19 17:17:58 logger.go:55: 1732036678718495414 Close      /usr/lib/x86_64-linux-gnu/libhwloc.so.15.5.2
2024/11/19 17:17:58 logger.go:55: 1732036678718793537 Lookup     /usr/lib/x86_64-linux-gnu/libfabric.so.1
2024/11/19 17:17:58 logger.go:55: 1732036678718834165 Lookup     /usr/lib/x86_64-linux-gnu/libfabric.so.1.14.0
2024/11/19 17:17:58 logger.go:55: 1732036678718903548 Open       /usr/lib/x86_64-linux-gnu/libfabric.so.1.14.0
2024/11/19 17:17:58 logger.go:55: 1732036678719258140 Close      /usr/lib/x86_64-linux-gnu/libfabric.so.1.14.0
2024/11/19 17:17:58 logger.go:55: 1732036678719495456 Lookup     /usr/lib/x86_64-linux-gnu/libudev.so.1
2024/11/19 17:17:58 logger.go:55: 1732036678719529822 Lookup     /usr/lib/x86_64-linux-gnu/libudev.so.1.7.2
2024/11/19 17:17:58 logger.go:55: 1732036678719631528 Open       /usr/lib/x86_64-linux-gnu/libudev.so.1.7.2
2024/11/19 17:17:58 logger.go:55: 1732036678719935131 Close      /usr/lib/x86_64-linux-gnu/libudev.so.1.7.2
2024/11/19 17:17:58 logger.go:55: 1732036678720189189 Lookup     /usr/lib/x86_64-linux-gnu/librdmacm.so.1
2024/11/19 17:17:58 logger.go:55: 1732036678720240378 Lookup     /usr/lib/x86_64-linux-gnu/librdmacm.so.1.3.39.0
2024/11/19 17:17:58 logger.go:55: 1732036678720313589 Open       /usr/lib/x86_64-linux-gnu/librdmacm.so.1.3.39.0
2024/11/19 17:17:58 logger.go:55: 1732036678720594979 Close      /usr/lib/x86_64-linux-gnu/librdmacm.so.1.3.39.0
2024/11/19 17:17:58 logger.go:55: 1732036678720833107 Lookup     /usr/lib/x86_64-linux-gnu/libefa.so.1
2024/11/19 17:17:58 logger.go:55: 1732036678720875819 Lookup     /usr/lib/x86_64-linux-gnu/libefa.so.1.1.39.0
2024/11/19 17:17:58 logger.go:55: 1732036678720946766 Open       /usr/lib/x86_64-linux-gnu/libefa.so.1.1.39.0
2024/11/19 17:17:58 logger.go:55: 1732036678721289104 Close      /usr/lib/x86_64-linux-gnu/libefa.so.1.1.39.0
2024/11/19 17:17:58 logger.go:55: 1732036678721539725 Lookup     /usr/lib/x86_64-linux-gnu/libibverbs.so.1
2024/11/19 17:17:58 logger.go:55: 1732036678721585193 Lookup     /usr/lib/x86_64-linux-gnu/libibverbs.so.1.14.39.0
2024/11/19 17:17:58 logger.go:55: 1732036678721654416 Open       /usr/lib/x86_64-linux-gnu/libibverbs.so.1.14.39.0
2024/11/19 17:17:58 logger.go:55: 1732036678721910759 Close      /usr/lib/x86_64-linux-gnu/libibverbs.so.1.14.39.0
2024/11/19 17:17:58 logger.go:55: 1732036678722184425 Lookup     /usr/lib/x86_64-linux-gnu/libpsm_infinipath.so.1
2024/11/19 17:17:58 logger.go:55: 1732036678722288946 Lookup     /etc/alternatives
2024/11/19 17:17:58 logger.go:55: 1732036678722327229 Lookup     /etc/alternatives/libpsm_infinipath.so.1
2024/11/19 17:17:58 logger.go:55: 1732036678722400660 Lookup     /usr/lib/libpsm1
2024/11/19 17:17:58 logger.go:55: 1732036678722423564 Lookup     /usr/lib/libpsm1/libpsm_infinipath.so.1.16
2024/11/19 17:17:58 logger.go:55: 1732036678722467739 Open       /usr/lib/libpsm1/libpsm_infinipath.so.1.16
2024/11/19 17:17:58 logger.go:55: 1732036678722771163 Close      /usr/lib/libpsm1/libpsm_infinipath.so.1.16
2024/11/19 17:17:58 logger.go:55: 1732036678723070458 Lookup     /usr/lib/x86_64-linux-gnu/libpsm2.so.2
2024/11/19 17:17:58 logger.go:55: 1732036678723128259 Lookup     /usr/lib/x86_64-linux-gnu/libpsm2.so.2.2
2024/11/19 17:17:58 logger.go:55: 1732036678723200047 Open       /usr/lib/x86_64-linux-gnu/libpsm2.so.2.2
2024/11/19 17:17:58 logger.go:55: 1732036678723501787 Close      /usr/lib/x86_64-linux-gnu/libpsm2.so.2.2
2024/11/19 17:17:58 logger.go:55: 1732036678723736909 Lookup     /usr/lib/x86_64-linux-gnu/libnl-3.so.200
2024/11/19 17:17:58 logger.go:55: 1732036678723775162 Lookup     /usr/lib/x86_64-linux-gnu/libnl-3.so.200.26.0
2024/11/19 17:17:58 logger.go:55: 1732036678723844396 Open       /usr/lib/x86_64-linux-gnu/libnl-3.so.200.26.0
2024/11/19 17:17:58 logger.go:55: 1732036678724110066 Close      /usr/lib/x86_64-linux-gnu/libnl-3.so.200.26.0
2024/11/19 17:17:58 logger.go:55: 1732036678724414912 Lookup     /usr/lib/x86_64-linux-gnu/libnl-route-3.so.200
2024/11/19 17:17:58 logger.go:55: 1732036678724454478 Lookup     /usr/lib/x86_64-linux-gnu/libnl-route-3.so.200.26.0
2024/11/19 17:17:58 logger.go:55: 1732036678724520806 Open       /usr/lib/x86_64-linux-gnu/libnl-route-3.so.200.26.0
2024/11/19 17:17:58 logger.go:55: 1732036678724805583 Close      /usr/lib/x86_64-linux-gnu/libnl-route-3.so.200.26.0
2024/11/19 17:17:58 logger.go:55: 1732036678725134065 Lookup     /usr/lib/x86_64-linux-gnu/libinfinipath.so.4
2024/11/19 17:17:58 logger.go:55: 1732036678725178259 Lookup     /usr/lib/x86_64-linux-gnu/libinfinipath.so.4.0
2024/11/19 17:17:58 logger.go:55: 1732036678725246420 Open       /usr/lib/x86_64-linux-gnu/libinfinipath.so.4.0
2024/11/19 17:17:58 logger.go:55: 1732036678725504817 Close      /usr/lib/x86_64-linux-gnu/libinfinipath.so.4.0
2024/11/19 17:17:58 logger.go:55: 1732036678725756020 Lookup     /usr/lib/x86_64-linux-gnu/librt.so.1
2024/11/19 17:17:58 logger.go:55: 1732036678725790176 Open       /usr/lib/x86_64-linux-gnu/librt.so.1
2024/11/19 17:17:58 logger.go:55: 1732036678726776261 Close      /usr/lib/x86_64-linux-gnu/librt.so.1
2024/11/19 17:17:58 logger.go:55: 1732036678727033115 Lookup     /usr/lib/x86_64-linux-gnu/libpthread.so.0
2024/11/19 17:17:58 logger.go:55: 1732036678727073553 Open       /usr/lib/x86_64-linux-gnu/libpthread.so.0
2024/11/19 17:17:58 logger.go:55: 1732036678727400491 Close      /usr/lib/x86_64-linux-gnu/libpthread.so.0
2024/11/19 17:17:58 logger.go:55: 1732036678727653477 Lookup     /usr/lib/x86_64-linux-gnu/libdl.so.2
2024/11/19 17:17:58 logger.go:55: 1732036678727691400 Open       /usr/lib/x86_64-linux-gnu/libdl.so.2
2024/11/19 17:17:58 logger.go:55: 1732036678728137428 Close      /usr/lib/x86_64-linux-gnu/libdl.so.2
2024/11/19 17:17:58 logger.go:55: 1732036678728384142 Lookup     /usr/lib/x86_64-linux-gnu/libuuid.so.1
2024/11/19 17:17:58 logger.go:55: 1732036678728421113 Lookup     /usr/lib/x86_64-linux-gnu/libuuid.so.1.3.0
2024/11/19 17:17:58 logger.go:55: 1732036678728486508 Open       /usr/lib/x86_64-linux-gnu/libuuid.so.1.3.0
2024/11/19 17:17:58 logger.go:55: 1732036678728717202 Close      /usr/lib/x86_64-linux-gnu/libuuid.so.1.3.0
2024/11/19 17:17:58 logger.go:55: 1732036678728948877 Lookup     /usr/lib/x86_64-linux-gnu/libnuma.so.1
2024/11/19 17:17:58 logger.go:55: 1732036678728989836 Lookup     /usr/lib/x86_64-linux-gnu/libnuma.so.1.0.0
2024/11/19 17:17:58 logger.go:55: 1732036678729059059 Open       /usr/lib/x86_64-linux-gnu/libnuma.so.1.0.0
2024/11/19 17:17:58 logger.go:55: 1732036678729430673 Close      /usr/lib/x86_64-linux-gnu/libnuma.so.1.0.0
2024/11/19 17:17:58 logger.go:55: 1732036678940063577 Lookup     /usr/lib/x86_64-linux-gnu/hwloc
2024/11/19 17:17:58 logger.go:55: 1732036678940274963 Lookup     /usr/lib/x86_64-linux-gnu/hwloc/hwloc_opencl.so
2024/11/19 17:17:58 logger.go:55: 1732036678940294601 Lookup     /usr/lib/x86_64-linux-gnu/hwloc/hwloc_xml_libxml.so
2024/11/19 17:17:58 logger.go:55: 1732036678940304711 Lookup     /usr/lib/x86_64-linux-gnu/hwloc/hwloc_gl.so
2024/11/19 17:17:58 logger.go:55: 1732036678940315091 Lookup     /usr/lib/x86_64-linux-gnu/hwloc/hwloc_pci.so
2024/11/19 17:17:58 logger.go:55: 1732036678940472463 Open       /usr/lib/x86_64-linux-gnu/hwloc/hwloc_opencl.so
2024/11/19 17:17:58 logger.go:55: 1732036678940710100 Close      /usr/lib/x86_64-linux-gnu/hwloc/hwloc_opencl.so
2024/11/19 17:17:58 logger.go:55: 1732036678940926466 Open       /etc/ld.so.cache
2024/11/19 17:17:58 logger.go:55: 1732036678941030876 Close      /etc/ld.so.cache
2024/11/19 17:17:58 logger.go:55: 1732036678941181767 Lookup     /usr/lib/x86_64-linux-gnu/libOpenCL.so.1
2024/11/19 17:17:58 logger.go:55: 1732036678941226362 Lookup     /usr/lib/x86_64-linux-gnu/libOpenCL.so.1.0.0
2024/11/19 17:17:58 logger.go:55: 1732036678941298801 Open       /usr/lib/x86_64-linux-gnu/libOpenCL.so.1.0.0
2024/11/19 17:17:58 logger.go:55: 1732036678941560505 Close      /usr/lib/x86_64-linux-gnu/libOpenCL.so.1.0.0
2024/11/19 17:17:58 logger.go:55: 1732036678941853468 Open       /usr/lib/x86_64-linux-gnu/hwloc/hwloc_xml_libxml.so
2024/11/19 17:17:58 logger.go:55: 1732036678942098849 Close      /usr/lib/x86_64-linux-gnu/hwloc/hwloc_xml_libxml.so
2024/11/19 17:17:58 logger.go:55: 1732036678942298754 Open       /etc/ld.so.cache
2024/11/19 17:17:58 logger.go:55: 1732036678942392764 Close      /etc/ld.so.cache
2024/11/19 17:17:58 logger.go:55: 1732036678942530249 Lookup     /usr/lib/x86_64-linux-gnu/libxml2.so.2
2024/11/19 17:17:58 logger.go:55: 1732036678942573973 Lookup     /usr/lib/x86_64-linux-gnu/libxml2.so.2.9.13
2024/11/19 17:17:58 logger.go:55: 1732036678942640711 Open       /usr/lib/x86_64-linux-gnu/libxml2.so.2.9.13
2024/11/19 17:17:58 logger.go:55: 1732036678942952570 Close      /usr/lib/x86_64-linux-gnu/libxml2.so.2.9.13
2024/11/19 17:17:58 logger.go:55: 1732036678943262175 Lookup     /usr/lib/x86_64-linux-gnu/libicuuc.so.70
2024/11/19 17:17:58 logger.go:55: 1732036678943310438 Lookup     /usr/lib/x86_64-linux-gnu/libicuuc.so.70.1
2024/11/19 17:17:58 logger.go:55: 1732036678943381094 Open       /usr/lib/x86_64-linux-gnu/libicuuc.so.70.1
2024/11/19 17:17:58 logger.go:55: 1732036678943678666 Close      /usr/lib/x86_64-linux-gnu/libicuuc.so.70.1
2024/11/19 17:17:58 logger.go:55: 1732036678943979895 Lookup     /usr/lib/x86_64-linux-gnu/libz.so.1
2024/11/19 17:17:58 logger.go:55: 1732036678944019531 Lookup     /usr/lib/x86_64-linux-gnu/libz.so.1.2.11
2024/11/19 17:17:58 logger.go:55: 1732036678944091219 Open       /usr/lib/x86_64-linux-gnu/libz.so.1.2.11
2024/11/19 17:17:58 logger.go:55: 1732036678944404331 Close      /usr/lib/x86_64-linux-gnu/libz.so.1.2.11
2024/11/19 17:17:58 logger.go:55: 1732036678944664200 Lookup     /usr/lib/x86_64-linux-gnu/liblzma.so.5
2024/11/19 17:17:58 logger.go:55: 1732036678944702334 Lookup     /usr/lib/x86_64-linux-gnu/liblzma.so.5.2.5
2024/11/19 17:17:58 logger.go:55: 1732036678944769413 Open       /usr/lib/x86_64-linux-gnu/liblzma.so.5.2.5
2024/11/19 17:17:58 logger.go:55: 1732036678945024162 Close      /usr/lib/x86_64-linux-gnu/liblzma.so.5.2.5
2024/11/19 17:17:58 logger.go:55: 1732036678945310382 Lookup     /usr/lib/x86_64-linux-gnu/libicudata.so.70
2024/11/19 17:17:58 logger.go:55: 1732036678945357804 Lookup     /usr/lib/x86_64-linux-gnu/libicudata.so.70.1
2024/11/19 17:17:58 logger.go:55: 1732036678945425854 Open       /usr/lib/x86_64-linux-gnu/libicudata.so.70.1
2024/11/19 17:17:58 logger.go:55: 1732036678945689291 Close      /usr/lib/x86_64-linux-gnu/libicudata.so.70.1
2024/11/19 17:17:58 logger.go:55: 1732036678946787351 Open       /usr/lib/x86_64-linux-gnu/hwloc/hwloc_gl.so
2024/11/19 17:17:58 logger.go:55: 1732036678947007154 Close      /usr/lib/x86_64-linux-gnu/hwloc/hwloc_gl.so
2024/11/19 17:17:58 logger.go:55: 1732036678947204363 Open       /etc/ld.so.cache
2024/11/19 17:17:58 logger.go:55: 1732036678947306730 Close      /etc/ld.so.cache
2024/11/19 17:17:58 logger.go:55: 1732036678947444194 Lookup     /usr/lib/x86_64-linux-gnu/libXNVCtrl.so.0
2024/11/19 17:17:58 logger.go:55: 1732036678947485834 Lookup     /usr/lib/x86_64-linux-gnu/libXNVCtrl.so.0.0.0
2024/11/19 17:17:58 logger.go:55: 1732036678947563143 Open       /usr/lib/x86_64-linux-gnu/libXNVCtrl.so.0.0.0
2024/11/19 17:17:58 logger.go:55: 1732036678947807432 Close      /usr/lib/x86_64-linux-gnu/libXNVCtrl.so.0.0.0
2024/11/19 17:17:58 logger.go:55: 1732036678948045510 Lookup     /usr/lib/x86_64-linux-gnu/libX11.so.6
2024/11/19 17:17:58 logger.go:55: 1732036678948095806 Lookup     /usr/lib/x86_64-linux-gnu/libX11.so.6.4.0
2024/11/19 17:17:58 logger.go:55: 1732036678948169709 Open       /usr/lib/x86_64-linux-gnu/libX11.so.6.4.0
2024/11/19 17:17:58 logger.go:55: 1732036678948445459 Close      /usr/lib/x86_64-linux-gnu/libX11.so.6.4.0
2024/11/19 17:17:58 logger.go:55: 1732036678948732340 Lookup     /usr/lib/x86_64-linux-gnu/libXext.so.6
2024/11/19 17:17:58 logger.go:55: 1732036678948774651 Lookup     /usr/lib/x86_64-linux-gnu/libXext.so.6.4.0
2024/11/19 17:17:58 logger.go:55: 1732036678948842562 Open       /usr/lib/x86_64-linux-gnu/libXext.so.6.4.0
2024/11/19 17:17:58 logger.go:55: 1732036678949102001 Close      /usr/lib/x86_64-linux-gnu/libXext.so.6.4.0
2024/11/19 17:17:58 logger.go:55: 1732036678949390635 Lookup     /usr/lib/x86_64-linux-gnu/libxcb.so.1
2024/11/19 17:17:58 logger.go:55: 1732036678949436484 Lookup     /usr/lib/x86_64-linux-gnu/libxcb.so.1.1.0
2024/11/19 17:17:58 logger.go:55: 1732036678949506658 Open       /usr/lib/x86_64-linux-gnu/libxcb.so.1.1.0
2024/11/19 17:17:58 logger.go:55: 1732036678949758823 Close      /usr/lib/x86_64-linux-gnu/libxcb.so.1.1.0
2024/11/19 17:17:58 logger.go:55: 1732036678950040314 Lookup     /usr/lib/x86_64-linux-gnu/libXau.so.6
2024/11/19 17:17:58 logger.go:55: 1732036678950081012 Lookup     /usr/lib/x86_64-linux-gnu/libXau.so.6.0.0
2024/11/19 17:17:58 logger.go:55: 1732036678950154764 Open       /usr/lib/x86_64-linux-gnu/libXau.so.6.0.0
2024/11/19 17:17:58 logger.go:55: 1732036678950396459 Close      /usr/lib/x86_64-linux-gnu/libXau.so.6.0.0
2024/11/19 17:17:58 logger.go:55: 1732036678950635358 Lookup     /usr/lib/x86_64-linux-gnu/libXdmcp.so.6
2024/11/19 17:17:58 logger.go:55: 1732036678950684643 Lookup     /usr/lib/x86_64-linux-gnu/libXdmcp.so.6.0.0
2024/11/19 17:17:58 logger.go:55: 1732036678950761100 Open       /usr/lib/x86_64-linux-gnu/libXdmcp.so.6.0.0
2024/11/19 17:17:58 logger.go:55: 1732036678950993466 Close      /usr/lib/x86_64-linux-gnu/libXdmcp.so.6.0.0
2024/11/19 17:17:58 logger.go:55: 1732036678951235081 Lookup     /usr/lib/x86_64-linux-gnu/libbsd.so.0
2024/11/19 17:17:58 logger.go:55: 1732036678951293503 Lookup     /usr/lib/x86_64-linux-gnu/libbsd.so.0.11.5
2024/11/19 17:17:58 logger.go:55: 1732036678951363087 Open       /usr/lib/x86_64-linux-gnu/libbsd.so.0.11.5
2024/11/19 17:17:58 logger.go:55: 1732036678951670478 Close      /usr/lib/x86_64-linux-gnu/libbsd.so.0.11.5
2024/11/19 17:17:58 logger.go:55: 1732036678951903876 Lookup     /usr/lib/x86_64-linux-gnu/libmd.so.0
2024/11/19 17:17:58 logger.go:55: 1732036678951946498 Lookup     /usr/lib/x86_64-linux-gnu/libmd.so.0.0.5
2024/11/19 17:17:58 logger.go:55: 1732036678952014329 Open       /usr/lib/x86_64-linux-gnu/libmd.so.0.0.5
2024/11/19 17:17:58 logger.go:55: 1732036678952269499 Close      /usr/lib/x86_64-linux-gnu/libmd.so.0.0.5
2024/11/19 17:17:58 logger.go:55: 1732036678952887126 Open       /usr/lib/x86_64-linux-gnu/hwloc/hwloc_pci.so
2024/11/19 17:17:58 logger.go:55: 1732036678953154771 Close      /usr/lib/x86_64-linux-gnu/hwloc/hwloc_pci.so
2024/11/19 17:17:58 logger.go:55: 1732036678953351809 Open       /etc/ld.so.cache
2024/11/19 17:17:58 logger.go:55: 1732036678953450249 Close      /etc/ld.so.cache
2024/11/19 17:17:58 logger.go:55: 1732036678953579697 Lookup     /usr/lib/x86_64-linux-gnu/libpciaccess.so.0
2024/11/19 17:17:58 logger.go:55: 1732036678953619714 Lookup     /usr/lib/x86_64-linux-gnu/libpciaccess.so.0.11.1
2024/11/19 17:17:58 logger.go:55: 1732036678953688777 Open       /usr/lib/x86_64-linux-gnu/libpciaccess.so.0.11.1
2024/11/19 17:17:58 logger.go:55: 1732036678953940271 Close      /usr/lib/x86_64-linux-gnu/libpciaccess.so.0.11.1
2024/11/19 17:17:59 logger.go:55: 1732036679235337978 Lookup     /run
2024/11/19 17:17:59 logger.go:55: 1732036679240925939 Lookup     /var
2024/11/19 17:17:59 logger.go:55: 1732036679240960275 Lookup     /var/run
2024/11/19 17:17:59 logger.go:55: 1732036679242272347 Lookup     /etc/gai.conf
2024/11/19 17:17:59 logger.go:55: 1732036679242311733 Open       /etc/gai.conf
2024/11/19 17:17:59 logger.go:55: 1732036679242455018 Close      /etc/gai.conf
2024/11/19 17:17:59 logger.go:55: 1732036679251068114 Lookup     /usr/share
2024/11/19 17:17:59 logger.go:55: 1732036679251153268 Lookup     /usr/share/misc
2024/11/19 17:17:59 logger.go:55: 1732036679267538212 Open       /etc/ld.so.cache
2024/11/19 17:17:59 logger.go:55: 1732036679267640198 Close      /etc/ld.so.cache
2024/11/19 17:17:59 logger.go:55: 1732036679275844508 Open       /etc/ld.so.cache
2024/11/19 17:17:59 logger.go:55: 1732036679275938589 Close      /etc/ld.so.cache
2024/11/19 17:17:59 logger.go:55: 1732036679276604559 Open       /etc/ld.so.cache
2024/11/19 17:17:59 logger.go:55: 1732036679276695153 Close      /etc/ld.so.cache
2024/11/19 17:17:59 logger.go:55: 1732036679277349030 Open       /etc/ld.so.cache
2024/11/19 17:17:59 logger.go:55: 1732036679277435586 Close      /etc/ld.so.cache
2024/11/19 17:17:59 logger.go:55: 1732036679278074724 Open       /etc/ld.so.cache
2024/11/19 17:17:59 logger.go:55: 1732036679278161050 Close      /etc/ld.so.cache
2024/11/19 17:17:59 logger.go:55: 1732036679278820528 Open       /etc/ld.so.cache
2024/11/19 17:17:59 logger.go:55: 1732036679278904509 Close      /etc/ld.so.cache
2024/11/19 17:17:59 logger.go:55: 1732036679279551112 Open       /etc/ld.so.cache
2024/11/19 17:17:59 logger.go:55: 1732036679279637458 Close      /etc/ld.so.cache
2024/11/19 17:17:59 logger.go:55: 1732036679280290724 Open       /etc/ld.so.cache
2024/11/19 17:17:59 logger.go:55: 1732036679280379655 Close      /etc/ld.so.cache
2024/11/19 17:17:59 logger.go:55: 1732036679281023963 Open       /etc/ld.so.cache
2024/11/19 17:17:59 logger.go:55: 1732036679281113836 Close      /etc/ld.so.cache
2024/11/19 17:17:59 logger.go:55: 1732036679281759607 Open       /etc/ld.so.cache
2024/11/19 17:17:59 logger.go:55: 1732036679281844030 Close      /etc/ld.so.cache
2024/11/19 17:17:59 logger.go:55: 1732036679282487146 Open       /etc/ld.so.cache
2024/11/19 17:17:59 logger.go:55: 1732036679282573622 Close      /etc/ld.so.cache
2024/11/19 17:17:59 logger.go:55: 1732036679283228010 Open       /etc/ld.so.cache
2024/11/19 17:17:59 logger.go:55: 1732036679283313554 Close      /etc/ld.so.cache
2024/11/19 17:17:59 logger.go:55: 1732036679283961400 Open       /etc/ld.so.cache
2024/11/19 17:17:59 logger.go:55: 1732036679284047776 Close      /etc/ld.so.cache
2024/11/19 17:17:59 logger.go:55: 1732036679284762339 Open       /etc/ld.so.cache
2024/11/19 17:17:59 logger.go:55: 1732036679284855258 Close      /etc/ld.so.cache
2024/11/19 17:17:59 logger.go:55: 1732036679285544392 Open       /etc/ld.so.cache
2024/11/19 17:17:59 logger.go:55: 1732036679285640467 Close      /etc/ld.so.cache
2024/11/19 17:17:59 logger.go:55: 1732036679286332227 Open       /etc/ld.so.cache
2024/11/19 17:17:59 logger.go:55: 1732036679286426548 Close      /etc/ld.so.cache
2024/11/19 17:17:59 logger.go:55: 1732036679287110984 Open       /etc/ld.so.cache
2024/11/19 17:17:59 logger.go:55: 1732036679287207950 Close      /etc/ld.so.cache
2024/11/19 17:17:59 logger.go:55: 1732036679297889181 Lookup     /opt/lammps/examples/reaxff/HNS/in.reaxff.hns
2024/11/19 17:17:59 logger.go:55: 1732036679297953865 Open       /opt/lammps/examples/reaxff/HNS/in.reaxff.hns
2024/11/19 17:17:59 logger.go:55: 1732036679299259174 Lookup     /opt/lammps/examples/reaxff/HNS/data.hns-equil
2024/11/19 17:17:59 logger.go:55: 1732036679299300293 Open       /opt/lammps/examples/reaxff/HNS/data.hns-equil
2024/11/19 17:17:59 logger.go:55: 1732036679299354317 Close      /opt/lammps/examples/reaxff/HNS/data.hns-equil
2024/11/19 17:17:59 logger.go:55: 1732036679299457084 Open       /opt/lammps/examples/reaxff/HNS/data.hns-equil
2024/11/19 17:17:59 logger.go:55: 1732036679301830797 Close      /opt/lammps/examples/reaxff/HNS/data.hns-equil
2024/11/19 17:17:59 logger.go:55: 1732036679303896047 Lookup     /opt/lammps/examples/reaxff/HNS/ffield.reax.hns
2024/11/19 17:17:59 logger.go:55: 1732036679303937326 Open       /opt/lammps/examples/reaxff/HNS/ffield.reax.hns
2024/11/19 17:17:59 logger.go:55: 1732036679303977664 Close      /opt/lammps/examples/reaxff/HNS/ffield.reax.hns
2024/11/19 17:17:59 logger.go:55: 1732036679304045865 Open       /opt/lammps/examples/reaxff/HNS/ffield.reax.hns
2024/11/19 17:17:59 logger.go:55: 1732036679304179492 Close      /opt/lammps/examples/reaxff/HNS/ffield.reax.hns
2024/11/19 17:17:59 logger.go:55: 1732036679304252301 Open       /opt/lammps/examples/reaxff/HNS/ffield.reax.hns
2024/11/19 17:17:59 logger.go:55: 1732036679304361051 Close      /opt/lammps/examples/reaxff/HNS/ffield.reax.hns
2024/11/19 17:17:59 logger.go:55: 1732036679304428931 Open       /opt/lammps/examples/reaxff/HNS/ffield.reax.hns
2024/11/19 17:17:59 logger.go:55: 1732036679307470558 Close      /opt/lammps/examples/reaxff/HNS/ffield.reax.hns
2024/11/19 17:19:42 logger.go:55: 1732036782077061417 Close      /opt/lammps/examples/reaxff/HNS/in.reaxff.hns
2024/11/19 17:19:42 logger.go:55: 1732036782085125210 Complete   /tmp/out/lammps-recording.out