2024/11/21 21:58:27 logger.go:63: 1732226307536955050 Lookup    /etc      
2024/11/21 21:58:27 logger.go:63: 1732226307537107496 Lookup    /etc/host.conf
2024/11/21 21:58:27 logger.go:63: 1732226307537154919 Lookup    /etc/hosts
2024/11/21 21:58:27 logger.go:63: 1732226307537196309 Lookup    /etc/nsswitch.conf
2024/11/21 21:58:27 logger.go:63: 1732226307537223262 Lookup    /etc/resolv.conf
2024/11/21 21:58:27 logger.go:63: 1732226307537247489 Lookup    /dev      
2024/11/21 21:58:27 logger.go:63: 1732226307537267598 Lookup    /sys      
2024/11/21 21:58:27 logger.go:63: 1732226307537292286 Lookup    /proc     
2024/11/21 21:58:27 logger.go:63: 1732226307537322364 Lookup    /tmp      
2024/11/21 21:58:27 logger.go:63: 1732226307537344828 Lookup    /root     
2024/11/21 21:58:27 logger.go:63: 1732226307537392100 Lookup    /opt      
2024/11/21 21:58:27 logger.go:63: 1732226307537415405 Lookup    /opt/lammps
2024/11/21 21:58:27 logger.go:63: 1732226307537443139 Lookup    /opt/lammps/examples
2024/11/21 21:58:27 logger.go:63: 1732226307537470823 Lookup    /opt/lammps/examples/reax
2024/11/21 21:58:27 logger.go:63: 1732226307537496273 Lookup    /opt/lammps/examples/reax/HNS
2024/11/21 21:58:27 logger.go:63: 1732226307537527053 Lookup    /usr      
2024/11/21 21:58:27 logger.go:63: 1732226307537548655 Lookup    /usr/bin  
2024/11/21 21:58:27 logger.go:63: 1732226307537570156 Lookup    /usr/bin/lmp
2024/11/21 21:58:27 logger.go:63: 1732226307537868587 Open      /usr/bin/lmp	7
2024/11/21 21:58:27 logger.go:63: 1732226307537945707 Close     /usr/bin/lmp	7
2024/11/21 21:58:27 logger.go:63: 1732226307537971347 Open      /usr/bin/lmp	18
2024/11/21 21:58:27 logger.go:63: 1732226307538028378 Lookup    /lib64    
2024/11/21 21:58:27 logger.go:63: 1732226307538074578 Lookup    /usr/lib64
2024/11/21 21:58:27 logger.go:63: 1732226307538143141 Lookup    /usr/lib64/ld-linux-x86-64.so.2
2024/11/21 21:58:27 logger.go:63: 1732226307538207917 Lookup    /lib      
2024/11/21 21:58:27 logger.go:63: 1732226307538237004 Lookup    /usr/lib  
2024/11/21 21:58:27 logger.go:63: 1732226307538301439 Lookup    /usr/lib/x86_64-linux-gnu
2024/11/21 21:58:27 logger.go:63: 1732226307538325516 Lookup    /usr/lib/x86_64-linux-gnu/ld-linux-x86-64.so.2
2024/11/21 21:58:27 logger.go:63: 1732226307538388819 Close     /usr/bin/lmp	18
2024/11/21 21:58:27 logger.go:63: 1732226307538411393 Open      /usr/lib/x86_64-linux-gnu/ld-linux-x86-64.so.2	20
2024/11/21 21:58:27 logger.go:63: 1732226307538457402 Close     /usr/lib/x86_64-linux-gnu/ld-linux-x86-64.so.2	20
2024/11/21 21:58:27 logger.go:63: 1732226307539019396 Open      /usr/bin/lmp	21
2024/11/21 21:58:27 logger.go:63: 1732226307539276516 Close     /usr/bin/lmp	21
2024/11/21 21:58:27 logger.go:63: 1732226307539512916 Open      /usr/lib/x86_64-linux-gnu/ld-linux-x86-64.so.2	22
2024/11/21 21:58:27 logger.go:63: 1732226307539690732 Close     /usr/lib/x86_64-linux-gnu/ld-linux-x86-64.so.2	22
2024/11/21 21:58:27 logger.go:63: 1732226307540146027 Lookup    /opt/software
2024/11/21 21:58:27 logger.go:63: 1732226307540183270 Lookup    /opt/software/linux-rocky9-x86_64
2024/11/21 21:58:27 logger.go:63: 1732226307540212647 Lookup    /opt/software/linux-rocky9-x86_64/gcc-11.4.1
2024/11/21 21:58:27 logger.go:63: 1732226307540240441 Lookup    /opt/software/linux-rocky9-x86_64/gcc-11.4.1/flux-core-0.61.2-va52p5ph7ylanopgk7ranjgtjgc2wb5y
2024/11/21 21:58:27 logger.go:63: 1732226307540284036 Lookup    /opt/software/linux-rocky9-x86_64/gcc-11.4.1/flux-core-0.61.2-va52p5ph7ylanopgk7ranjgtjgc2wb5y/lib
2024/11/21 21:58:27 logger.go:63: 1732226307540311449 Lookup    /opt/software/linux-rocky9-x86_64/gcc-11.4.1/flux-core-0.61.2-va52p5ph7ylanopgk7ranjgtjgc2wb5y/lib/flux
2024/11/21 21:58:27 logger.go:63: 1732226307542566617 Lookup    /etc/ld.so.cache
2024/11/21 21:58:27 logger.go:63: 1732226307542605833 Open      /etc/ld.so.cache	23
2024/11/21 21:58:27 logger.go:63: 1732226307542688424 Close     /etc/ld.so.cache	23
2024/11/21 21:58:27 logger.go:63: 1732226307542829087 Lookup    /usr/lib/x86_64-linux-gnu/libmpich.so.12
2024/11/21 21:58:27 logger.go:63: 1732226307542873764 Lookup    /usr/lib/x86_64-linux-gnu/libmpich.so.12.2.0
2024/11/21 21:58:27 logger.go:63: 1732226307542950233 Open      /usr/lib/x86_64-linux-gnu/libmpich.so.12.2.0	24
2024/11/21 21:58:27 logger.go:63: 1732226307543241650 Close     /usr/lib/x86_64-linux-gnu/libmpich.so.12.2.0	24
2024/11/21 21:58:27 logger.go:63: 1732226307543557725 Lookup    /usr/lib/x86_64-linux-gnu/libgomp.so.1
2024/11/21 21:58:27 logger.go:63: 1732226307543598394 Lookup    /usr/lib/x86_64-linux-gnu/libgomp.so.1.0.0
2024/11/21 21:58:27 logger.go:63: 1732226307543674893 Open      /usr/lib/x86_64-linux-gnu/libgomp.so.1.0.0	25
2024/11/21 21:58:27 logger.go:63: 1732226307543933476 Close     /usr/lib/x86_64-linux-gnu/libgomp.so.1.0.0	25
2024/11/21 21:58:27 logger.go:63: 1732226307544259610 Lookup    /usr/lib/x86_64-linux-gnu/libstdc++.so.6
2024/11/21 21:58:27 logger.go:63: 1732226307544296642 Lookup    /usr/lib/x86_64-linux-gnu/libstdc++.so.6.0.30
2024/11/21 21:58:27 logger.go:63: 1732226307544373001 Open      /usr/lib/x86_64-linux-gnu/libstdc++.so.6.0.30	26
2024/11/21 21:58:27 logger.go:63: 1732226307544677092 Close     /usr/lib/x86_64-linux-gnu/libstdc++.so.6.0.30	26
2024/11/21 21:58:27 logger.go:63: 1732226307544985723 Lookup    /usr/lib/x86_64-linux-gnu/libm.so.6
2024/11/21 21:58:27 logger.go:63: 1732226307545088713 Open      /usr/lib/x86_64-linux-gnu/libm.so.6	27
2024/11/21 21:58:27 logger.go:63: 1732226307545347597 Close     /usr/lib/x86_64-linux-gnu/libm.so.6	27
2024/11/21 21:58:27 logger.go:63: 1732226307545633002 Lookup    /usr/lib/x86_64-linux-gnu/libgcc_s.so.1
2024/11/21 21:58:27 logger.go:63: 1732226307545673581 Open      /usr/lib/x86_64-linux-gnu/libgcc_s.so.1	28
2024/11/21 21:58:27 logger.go:63: 1732226307545911233 Close     /usr/lib/x86_64-linux-gnu/libgcc_s.so.1	28
2024/11/21 21:58:27 logger.go:63: 1732226307546174185 Lookup    /usr/lib/x86_64-linux-gnu/libc.so.6
2024/11/21 21:58:27 logger.go:63: 1732226307546213872 Open      /usr/lib/x86_64-linux-gnu/libc.so.6	29
2024/11/21 21:58:27 logger.go:63: 1732226307546616425 Close     /usr/lib/x86_64-linux-gnu/libc.so.6	29
2024/11/21 21:58:27 logger.go:63: 1732226307546916669 Lookup    /usr/lib/x86_64-linux-gnu/libhwloc.so.15
2024/11/21 21:58:27 logger.go:63: 1732226307546956998 Lookup    /usr/lib/x86_64-linux-gnu/libhwloc.so.15.5.2
2024/11/21 21:58:27 logger.go:63: 1732226307547048856 Open      /usr/lib/x86_64-linux-gnu/libhwloc.so.15.5.2	30
2024/11/21 21:58:27 logger.go:63: 1732226307547322438 Close     /usr/lib/x86_64-linux-gnu/libhwloc.so.15.5.2	30
2024/11/21 21:58:27 logger.go:63: 1732226307547633403 Lookup    /usr/lib/x86_64-linux-gnu/libfabric.so.1
2024/11/21 21:58:27 logger.go:63: 1732226307547673992 Lookup    /usr/lib/x86_64-linux-gnu/libfabric.so.1.14.0
2024/11/21 21:58:27 logger.go:63: 1732226307547749209 Open      /usr/lib/x86_64-linux-gnu/libfabric.so.1.14.0	31
2024/11/21 21:58:27 logger.go:63: 1732226307548077888 Close     /usr/lib/x86_64-linux-gnu/libfabric.so.1.14.0	31
2024/11/21 21:58:27 logger.go:63: 1732226307548308376 Lookup    /usr/lib/x86_64-linux-gnu/libudev.so.1
2024/11/21 21:58:27 logger.go:63: 1732226307548342413 Lookup    /usr/lib/x86_64-linux-gnu/libudev.so.1.7.2
2024/11/21 21:58:27 logger.go:63: 1732226307548411778 Open      /usr/lib/x86_64-linux-gnu/libudev.so.1.7.2	32
2024/11/21 21:58:27 logger.go:63: 1732226307548684017 Close     /usr/lib/x86_64-linux-gnu/libudev.so.1.7.2	32
2024/11/21 21:58:27 logger.go:63: 1732226307548917341 Lookup    /usr/lib/x86_64-linux-gnu/librdmacm.so.1
2024/11/21 21:58:27 logger.go:63: 1732226307548960856 Lookup    /usr/lib/x86_64-linux-gnu/librdmacm.so.1.3.39.0
2024/11/21 21:58:27 logger.go:63: 1732226307549041403 Open      /usr/lib/x86_64-linux-gnu/librdmacm.so.1.3.39.0	33
2024/11/21 21:58:27 logger.go:63: 1732226307549312450 Close     /usr/lib/x86_64-linux-gnu/librdmacm.so.1.3.39.0	33
2024/11/21 21:58:27 logger.go:63: 1732226307549551575 Lookup    /usr/lib/x86_64-linux-gnu/libefa.so.1
2024/11/21 21:58:27 logger.go:63: 1732226307549593076 Lookup    /usr/lib/x86_64-linux-gnu/libefa.so.1.1.39.0
2024/11/21 21:58:27 logger.go:63: 1732226307549661349 Open      /usr/lib/x86_64-linux-gnu/libefa.so.1.1.39.0	34
2024/11/21 21:58:27 logger.go:63: 1732226307549927857 Close     /usr/lib/x86_64-linux-gnu/libefa.so.1.1.39.0	34
2024/11/21 21:58:27 logger.go:63: 1732226307550165960 Lookup    /usr/lib/x86_64-linux-gnu/libibverbs.so.1
2024/11/21 21:58:27 logger.go:63: 1732226307550211970 Lookup    /usr/lib/x86_64-linux-gnu/libibverbs.so.1.14.39.0
2024/11/21 21:58:27 logger.go:63: 1732226307550290523 Open      /usr/lib/x86_64-linux-gnu/libibverbs.so.1.14.39.0	35
2024/11/21 21:58:27 logger.go:63: 1732226307550549096 Close     /usr/lib/x86_64-linux-gnu/libibverbs.so.1.14.39.0	35
2024/11/21 21:58:27 logger.go:63: 1732226307550776388 Lookup    /usr/lib/x86_64-linux-gnu/libpsm_infinipath.so.1
2024/11/21 21:58:27 logger.go:63: 1732226307550867345 Lookup    /etc/alternatives
2024/11/21 21:58:27 logger.go:63: 1732226307550894858 Lookup    /etc/alternatives/libpsm_infinipath.so.1
2024/11/21 21:58:27 logger.go:63: 1732226307550975946 Lookup    /usr/lib/libpsm1
2024/11/21 21:58:27 logger.go:63: 1732226307551003870 Lookup    /usr/lib/libpsm1/libpsm_infinipath.so.1.16
2024/11/21 21:58:27 logger.go:63: 1732226307551049850 Open      /usr/lib/libpsm1/libpsm_infinipath.so.1.16	36
2024/11/21 21:58:27 logger.go:63: 1732226307551352398 Close     /usr/lib/libpsm1/libpsm_infinipath.so.1.16	36
2024/11/21 21:58:27 logger.go:63: 1732226307551650338 Lookup    /usr/lib/x86_64-linux-gnu/libpsm2.so.2
2024/11/21 21:58:27 logger.go:63: 1732226307551694714 Lookup    /usr/lib/x86_64-linux-gnu/libpsm2.so.2.2
2024/11/21 21:58:27 logger.go:63: 1732226307551768698 Open      /usr/lib/x86_64-linux-gnu/libpsm2.so.2.2	37
2024/11/21 21:58:27 logger.go:63: 1732226307552092548 Close     /usr/lib/x86_64-linux-gnu/libpsm2.so.2.2	37
2024/11/21 21:58:27 logger.go:63: 1732226307552330381 Lookup    /usr/lib/x86_64-linux-gnu/libnl-3.so.200
2024/11/21 21:58:27 logger.go:63: 1732226307552375218 Lookup    /usr/lib/x86_64-linux-gnu/libnl-3.so.200.26.0
2024/11/21 21:58:27 logger.go:63: 1732226307552454282 Open      /usr/lib/x86_64-linux-gnu/libnl-3.so.200.26.0	38
2024/11/21 21:58:27 logger.go:63: 1732226307552700070 Close     /usr/lib/x86_64-linux-gnu/libnl-3.so.200.26.0	38
2024/11/21 21:58:27 logger.go:63: 1732226307552979834 Lookup    /usr/lib/x86_64-linux-gnu/libnl-route-3.so.200
2024/11/21 21:58:27 logger.go:63: 1732226307553024692 Lookup    /usr/lib/x86_64-linux-gnu/libnl-route-3.so.200.26.0
2024/11/21 21:58:27 logger.go:63: 1732226307553096862 Open      /usr/lib/x86_64-linux-gnu/libnl-route-3.so.200.26.0	39
2024/11/21 21:58:27 logger.go:63: 1732226307553368761 Close     /usr/lib/x86_64-linux-gnu/libnl-route-3.so.200.26.0	39
2024/11/21 21:58:27 logger.go:63: 1732226307553688543 Lookup    /usr/lib/x86_64-linux-gnu/libinfinipath.so.4
2024/11/21 21:58:27 logger.go:63: 1732226307553733821 Lookup    /usr/lib/x86_64-linux-gnu/libinfinipath.so.4.0
2024/11/21 21:58:27 logger.go:63: 1732226307553802044 Open      /usr/lib/x86_64-linux-gnu/libinfinipath.so.4.0	40
2024/11/21 21:58:27 logger.go:63: 1732226307554048303 Close     /usr/lib/x86_64-linux-gnu/libinfinipath.so.4.0	40
2024/11/21 21:58:27 logger.go:63: 1732226307554293470 Lookup    /usr/lib/x86_64-linux-gnu/librt.so.1
2024/11/21 21:58:27 logger.go:63: 1732226307554338167 Open      /usr/lib/x86_64-linux-gnu/librt.so.1	41
2024/11/21 21:58:27 logger.go:63: 1732226307557595945 Close     /usr/lib/x86_64-linux-gnu/librt.so.1	41
2024/11/21 21:58:27 logger.go:63: 1732226307558087140 Lookup    /usr/lib/x86_64-linux-gnu/libpthread.so.0
2024/11/21 21:58:27 logger.go:63: 1732226307558169350 Open      /usr/lib/x86_64-linux-gnu/libpthread.so.0	42
2024/11/21 21:58:27 logger.go:63: 1732226307559690189 Close     /usr/lib/x86_64-linux-gnu/libpthread.so.0	42
2024/11/21 21:58:27 logger.go:63: 1732226307559917902 Lookup    /usr/lib/x86_64-linux-gnu/libdl.so.2
2024/11/21 21:58:27 logger.go:63: 1732226307559953381 Open      /usr/lib/x86_64-linux-gnu/libdl.so.2	43
2024/11/21 21:58:27 logger.go:63: 1732226307561552161 Close     /usr/lib/x86_64-linux-gnu/libdl.so.2	43
2024/11/21 21:58:27 logger.go:63: 1732226307561791988 Lookup    /usr/lib/x86_64-linux-gnu/libuuid.so.1
2024/11/21 21:58:27 logger.go:63: 1732226307561830232 Lookup    /usr/lib/x86_64-linux-gnu/libuuid.so.1.3.0
2024/11/21 21:58:27 logger.go:63: 1732226307561909186 Open      /usr/lib/x86_64-linux-gnu/libuuid.so.1.3.0	44
2024/11/21 21:58:27 logger.go:63: 1732226307562152138 Close     /usr/lib/x86_64-linux-gnu/libuuid.so.1.3.0	44
2024/11/21 21:58:27 logger.go:63: 1732226307562406172 Lookup    /usr/lib/x86_64-linux-gnu/libnuma.so.1
2024/11/21 21:58:27 logger.go:63: 1732226307562444126 Lookup    /usr/lib/x86_64-linux-gnu/libnuma.so.1.0.0
2024/11/21 21:58:27 logger.go:63: 1732226307562514353 Open      /usr/lib/x86_64-linux-gnu/libnuma.so.1.0.0	45
2024/11/21 21:58:27 logger.go:63: 1732226307562772264 Close     /usr/lib/x86_64-linux-gnu/libnuma.so.1.0.0	45
2024/11/21 21:58:27 logger.go:63: 1732226307772156751 Lookup    /usr/lib/x86_64-linux-gnu/hwloc
2024/11/21 21:58:27 logger.go:63: 1732226307772366609 Lookup    /usr/lib/x86_64-linux-gnu/hwloc/hwloc_opencl.so
2024/11/21 21:58:27 logger.go:63: 1732226307772395625 Lookup    /usr/lib/x86_64-linux-gnu/hwloc/hwloc_xml_libxml.so
2024/11/21 21:58:27 logger.go:63: 1732226307772407168 Lookup    /usr/lib/x86_64-linux-gnu/hwloc/hwloc_gl.so
2024/11/21 21:58:27 logger.go:63: 1732226307772417378 Lookup    /usr/lib/x86_64-linux-gnu/hwloc/hwloc_pci.so
2024/11/21 21:58:27 logger.go:63: 1732226307772575215 Open      /usr/lib/x86_64-linux-gnu/hwloc/hwloc_opencl.so	47
2024/11/21 21:58:27 logger.go:63: 1732226307772826113 Close     /usr/lib/x86_64-linux-gnu/hwloc/hwloc_opencl.so	47
2024/11/21 21:58:27 logger.go:63: 1732226307773053205 Open      /etc/ld.so.cache	48
2024/11/21 21:58:27 logger.go:63: 1732226307773160203 Close     /etc/ld.so.cache	48
2024/11/21 21:58:27 logger.go:63: 1732226307773308281 Lookup    /usr/lib/x86_64-linux-gnu/libOpenCL.so.1
2024/11/21 21:58:27 logger.go:63: 1732226307773348178 Lookup    /usr/lib/x86_64-linux-gnu/libOpenCL.so.1.0.0
2024/11/21 21:58:27 logger.go:63: 1732226307773420880 Open      /usr/lib/x86_64-linux-gnu/libOpenCL.so.1.0.0	49
2024/11/21 21:58:27 logger.go:63: 1732226307773679613 Close     /usr/lib/x86_64-linux-gnu/libOpenCL.so.1.0.0	49
2024/11/21 21:58:27 logger.go:63: 1732226307773966551 Open      /usr/lib/x86_64-linux-gnu/hwloc/hwloc_xml_libxml.so	50
2024/11/21 21:58:27 logger.go:63: 1732226307774210215 Close     /usr/lib/x86_64-linux-gnu/hwloc/hwloc_xml_libxml.so	50
2024/11/21 21:58:27 logger.go:63: 1732226307774398381 Open      /etc/ld.so.cache	51
2024/11/21 21:58:27 logger.go:63: 1732226307774487715 Close     /etc/ld.so.cache	51
2024/11/21 21:58:27 logger.go:63: 1732226307774616466 Lookup    /usr/lib/x86_64-linux-gnu/libxml2.so.2
2024/11/21 21:58:27 logger.go:63: 1732226307774662786 Lookup    /usr/lib/x86_64-linux-gnu/libxml2.so.2.9.13
2024/11/21 21:58:27 logger.go:63: 1732226307774734756 Open      /usr/lib/x86_64-linux-gnu/libxml2.so.2.9.13	52
2024/11/21 21:58:27 logger.go:63: 1732226307775046653 Close     /usr/lib/x86_64-linux-gnu/libxml2.so.2.9.13	52
2024/11/21 21:58:27 logger.go:63: 1732226307775356606 Lookup    /usr/lib/x86_64-linux-gnu/libicuuc.so.70
2024/11/21 21:58:27 logger.go:63: 1732226307775399990 Lookup    /usr/lib/x86_64-linux-gnu/libicuuc.so.70.1
2024/11/21 21:58:27 logger.go:63: 1732226307775470577 Open      /usr/lib/x86_64-linux-gnu/libicuuc.so.70.1	53
2024/11/21 21:58:27 logger.go:63: 1732226307775762656 Close     /usr/lib/x86_64-linux-gnu/libicuuc.so.70.1	53
2024/11/21 21:58:27 logger.go:63: 1732226307776058852 Lookup    /usr/lib/x86_64-linux-gnu/libz.so.1
2024/11/21 21:58:27 logger.go:63: 1732226307776098850 Lookup    /usr/lib/x86_64-linux-gnu/libz.so.1.2.11
2024/11/21 21:58:27 logger.go:63: 1732226307776171411 Open      /usr/lib/x86_64-linux-gnu/libz.so.1.2.11	54
2024/11/21 21:58:27 logger.go:63: 1732226307776455924 Close     /usr/lib/x86_64-linux-gnu/libz.so.1.2.11	54
2024/11/21 21:58:27 logger.go:63: 1732226307776694188 Lookup    /usr/lib/x86_64-linux-gnu/liblzma.so.5
2024/11/21 21:58:27 logger.go:63: 1732226307776728474 Lookup    /usr/lib/x86_64-linux-gnu/liblzma.so.5.2.5
2024/11/21 21:58:27 logger.go:63: 1732226307776806035 Open      /usr/lib/x86_64-linux-gnu/liblzma.so.5.2.5	55
2024/11/21 21:58:27 logger.go:63: 1732226307777077684 Close     /usr/lib/x86_64-linux-gnu/liblzma.so.5.2.5	55
2024/11/21 21:58:27 logger.go:63: 1732226307777345435 Lookup    /usr/lib/x86_64-linux-gnu/libicudata.so.70
2024/11/21 21:58:27 logger.go:63: 1732226307777387026 Lookup    /usr/lib/x86_64-linux-gnu/libicudata.so.70.1
2024/11/21 21:58:27 logger.go:63: 1732226307777462352 Open      /usr/lib/x86_64-linux-gnu/libicudata.so.70.1	56
2024/11/21 21:58:27 logger.go:63: 1732226307777736205 Close     /usr/lib/x86_64-linux-gnu/libicudata.so.70.1	56
2024/11/21 21:58:27 logger.go:63: 1732226307778808090 Open      /usr/lib/x86_64-linux-gnu/hwloc/hwloc_gl.so	61
2024/11/21 21:58:27 logger.go:63: 1732226307779027477 Close     /usr/lib/x86_64-linux-gnu/hwloc/hwloc_gl.so	61
2024/11/21 21:58:27 logger.go:63: 1732226307779219340 Open      /etc/ld.so.cache	62
2024/11/21 21:58:27 logger.go:63: 1732226307779308233 Close     /etc/ld.so.cache	62
2024/11/21 21:58:27 logger.go:63: 1732226307779434148 Lookup    /usr/lib/x86_64-linux-gnu/libXNVCtrl.so.0
2024/11/21 21:58:27 logger.go:63: 1732226307779482312 Lookup    /usr/lib/x86_64-linux-gnu/libXNVCtrl.so.0.0.0
2024/11/21 21:58:27 logger.go:63: 1732226307779559251 Open      /usr/lib/x86_64-linux-gnu/libXNVCtrl.so.0.0.0	63
2024/11/21 21:58:27 logger.go:63: 1732226307779802885 Close     /usr/lib/x86_64-linux-gnu/libXNVCtrl.so.0.0.0	63
2024/11/21 21:58:27 logger.go:63: 1732226307780063693 Lookup    /usr/lib/x86_64-linux-gnu/libX11.so.6
2024/11/21 21:58:27 logger.go:63: 1732226307780110794 Lookup    /usr/lib/x86_64-linux-gnu/libX11.so.6.4.0
2024/11/21 21:58:27 logger.go:63: 1732226307780181312 Open      /usr/lib/x86_64-linux-gnu/libX11.so.6.4.0	64
2024/11/21 21:58:27 logger.go:63: 1732226307780466266 Close     /usr/lib/x86_64-linux-gnu/libX11.so.6.4.0	64
2024/11/21 21:58:27 logger.go:63: 1732226307780763244 Lookup    /usr/lib/x86_64-linux-gnu/libXext.so.6
2024/11/21 21:58:27 logger.go:63: 1732226307780802360 Lookup    /usr/lib/x86_64-linux-gnu/libXext.so.6.4.0
2024/11/21 21:58:27 logger.go:63: 1732226307780879700 Open      /usr/lib/x86_64-linux-gnu/libXext.so.6.4.0	65
2024/11/21 21:58:27 logger.go:63: 1732226307781184774 Close     /usr/lib/x86_64-linux-gnu/libXext.so.6.4.0	65
2024/11/21 21:58:27 logger.go:63: 1732226307781428207 Lookup    /usr/lib/x86_64-linux-gnu/libxcb.so.1
2024/11/21 21:58:27 logger.go:63: 1732226307781468075 Lookup    /usr/lib/x86_64-linux-gnu/libxcb.so.1.1.0
2024/11/21 21:58:27 logger.go:63: 1732226307781539935 Open      /usr/lib/x86_64-linux-gnu/libxcb.so.1.1.0	66
2024/11/21 21:58:27 logger.go:63: 1732226307781801253 Close     /usr/lib/x86_64-linux-gnu/libxcb.so.1.1.0	66
2024/11/21 21:58:27 logger.go:63: 1732226307782103741 Lookup    /usr/lib/x86_64-linux-gnu/libXau.so.6
2024/11/21 21:58:27 logger.go:63: 1732226307782151394 Lookup    /usr/lib/x86_64-linux-gnu/libXau.so.6.0.0
2024/11/21 21:58:27 logger.go:63: 1732226307782237762 Open      /usr/lib/x86_64-linux-gnu/libXau.so.6.0.0	67
2024/11/21 21:58:27 logger.go:63: 1732226307782476116 Close     /usr/lib/x86_64-linux-gnu/libXau.so.6.0.0	67
2024/11/21 21:58:27 logger.go:63: 1732226307782710682 Lookup    /usr/lib/x86_64-linux-gnu/libXdmcp.so.6
2024/11/21 21:58:27 logger.go:63: 1732226307782749057 Lookup    /usr/lib/x86_64-linux-gnu/libXdmcp.so.6.0.0
2024/11/21 21:58:27 logger.go:63: 1732226307782817540 Open      /usr/lib/x86_64-linux-gnu/libXdmcp.so.6.0.0	68
2024/11/21 21:58:27 logger.go:63: 1732226307783084800 Close     /usr/lib/x86_64-linux-gnu/libXdmcp.so.6.0.0	68
2024/11/21 21:58:27 logger.go:63: 1732226307783327893 Lookup    /usr/lib/x86_64-linux-gnu/libbsd.so.0
2024/11/21 21:58:27 logger.go:63: 1732226307783379754 Lookup    /usr/lib/x86_64-linux-gnu/libbsd.so.0.11.5
2024/11/21 21:58:27 logger.go:63: 1732226307783457756 Open      /usr/lib/x86_64-linux-gnu/libbsd.so.0.11.5	69
2024/11/21 21:58:27 logger.go:63: 1732226307783756968 Close     /usr/lib/x86_64-linux-gnu/libbsd.so.0.11.5	69
2024/11/21 21:58:27 logger.go:63: 1732226307784010842 Lookup    /usr/lib/x86_64-linux-gnu/libmd.so.0
2024/11/21 21:58:27 logger.go:63: 1732226307784072391 Lookup    /usr/lib/x86_64-linux-gnu/libmd.so.0.0.5
2024/11/21 21:58:27 logger.go:63: 1732226307784148169 Open      /usr/lib/x86_64-linux-gnu/libmd.so.0.0.5	70
2024/11/21 21:58:27 logger.go:63: 1732226307784393857 Close     /usr/lib/x86_64-linux-gnu/libmd.so.0.0.5	70
2024/11/21 21:58:27 logger.go:63: 1732226307785007060 Open      /usr/lib/x86_64-linux-gnu/hwloc/hwloc_pci.so	71
2024/11/21 21:58:27 logger.go:63: 1732226307785256946 Close     /usr/lib/x86_64-linux-gnu/hwloc/hwloc_pci.so	71
2024/11/21 21:58:27 logger.go:63: 1732226307785457726 Open      /etc/ld.so.cache	72
2024/11/21 21:58:27 logger.go:63: 1732226307785551308 Close     /etc/ld.so.cache	72
2024/11/21 21:58:27 logger.go:63: 1732226307785680941 Lookup    /usr/lib/x86_64-linux-gnu/libpciaccess.so.0
2024/11/21 21:58:27 logger.go:63: 1732226307785722050 Lookup    /usr/lib/x86_64-linux-gnu/libpciaccess.so.0.11.1
2024/11/21 21:58:27 logger.go:63: 1732226307785796155 Open      /usr/lib/x86_64-linux-gnu/libpciaccess.so.0.11.1	73
2024/11/21 21:58:27 logger.go:63: 1732226307786053215 Close     /usr/lib/x86_64-linux-gnu/libpciaccess.so.0.11.1	73
2024/11/21 21:58:28 logger.go:63: 1732226308077895377 Lookup    /run      
2024/11/21 21:58:28 logger.go:63: 1732226308083541561 Lookup    /var      
2024/11/21 21:58:28 logger.go:63: 1732226308083578693 Lookup    /var/run  
2024/11/21 21:58:28 logger.go:63: 1732226308084915614 Lookup    /etc/gai.conf
2024/11/21 21:58:28 logger.go:63: 1732226308084962585 Open      /etc/gai.conf	46
2024/11/21 21:58:28 logger.go:63: 1732226308085118599 Close     /etc/gai.conf	46
2024/11/21 21:58:28 logger.go:63: 1732226308094061075 Lookup    /usr/share
2024/11/21 21:58:28 logger.go:63: 1732226308094136141 Lookup    /usr/share/misc
2024/11/21 21:58:28 logger.go:63: 1732226308110761593 Open      /etc/ld.so.cache	74
2024/11/21 21:58:28 logger.go:63: 1732226308110859894 Close     /etc/ld.so.cache	74
2024/11/21 21:58:28 logger.go:63: 1732226308119578174 Open      /etc/ld.so.cache	75
2024/11/21 21:58:28 logger.go:63: 1732226308119670243 Close     /etc/ld.so.cache	75
2024/11/21 21:58:28 logger.go:63: 1732226308120353722 Open      /etc/ld.so.cache	76
2024/11/21 21:58:28 logger.go:63: 1732226308120439118 Close     /etc/ld.so.cache	76
2024/11/21 21:58:28 logger.go:63: 1732226308121139471 Open      /etc/ld.so.cache	77
2024/11/21 21:58:28 logger.go:63: 1732226308121225077 Close     /etc/ld.so.cache	77
2024/11/21 21:58:28 logger.go:63: 1732226308121900521 Open      /etc/ld.so.cache	78
2024/11/21 21:58:28 logger.go:63: 1732226308121994404 Close     /etc/ld.so.cache	78
2024/11/21 21:58:28 logger.go:63: 1732226308122677312 Open      /etc/ld.so.cache	79
2024/11/21 21:58:28 logger.go:63: 1732226308122764823 Close     /etc/ld.so.cache	79
2024/11/21 21:58:28 logger.go:63: 1732226308123495123 Open      /etc/ld.so.cache	80
2024/11/21 21:58:28 logger.go:63: 1732226308123585018 Close     /etc/ld.so.cache	80
2024/11/21 21:58:28 logger.go:63: 1732226308124260773 Open      /etc/ld.so.cache	81
2024/11/21 21:58:28 logger.go:63: 1732226308124346239 Close     /etc/ld.so.cache	81
2024/11/21 21:58:28 logger.go:63: 1732226308125050659 Open      /etc/ld.so.cache	82
2024/11/21 21:58:28 logger.go:63: 1732226308125142358 Close     /etc/ld.so.cache	82
2024/11/21 21:58:28 logger.go:63: 1732226308125853351 Open      /etc/ld.so.cache	83
2024/11/21 21:58:28 logger.go:63: 1732226308125943696 Close     /etc/ld.so.cache	83
2024/11/21 21:58:28 logger.go:63: 1732226308126672023 Open      /etc/ld.so.cache	84
2024/11/21 21:58:28 logger.go:63: 1732226308126767138 Close     /etc/ld.so.cache	84
2024/11/21 21:58:28 logger.go:63: 1732226308127482310 Open      /etc/ld.so.cache	85
2024/11/21 21:58:28 logger.go:63: 1732226308127578968 Close     /etc/ld.so.cache	85
2024/11/21 21:58:28 logger.go:63: 1732226308128282907 Open      /etc/ld.so.cache	86
2024/11/21 21:58:28 logger.go:63: 1732226308128376579 Close     /etc/ld.so.cache	86
2024/11/21 21:58:28 logger.go:63: 1732226308129081962 Open      /etc/ld.so.cache	87
2024/11/21 21:58:28 logger.go:63: 1732226308129182227 Close     /etc/ld.so.cache	87
2024/11/21 21:58:28 logger.go:63: 1732226308129875064 Open      /etc/ld.so.cache	88
2024/11/21 21:58:28 logger.go:63: 1732226308129974438 Close     /etc/ld.so.cache	88
2024/11/21 21:58:28 logger.go:63: 1732226308130723304 Open      /etc/ld.so.cache	89
2024/11/21 21:58:28 logger.go:63: 1732226308130814071 Close     /etc/ld.so.cache	89
2024/11/21 21:58:28 logger.go:63: 1732226308131524413 Open      /etc/ld.so.cache	90
2024/11/21 21:58:28 logger.go:63: 1732226308131617544 Close     /etc/ld.so.cache	90
2024/11/21 21:58:28 logger.go:63: 1732226308142964387 Lookup    /opt/lammps/examples/reax/HNS/in.reaxc.hns
2024/11/21 21:58:28 logger.go:63: 1732226308143031969 Open      /opt/lammps/examples/reax/HNS/in.reaxc.hns	91
2024/11/21 21:58:28 logger.go:63: 1732226308144448684 Lookup    /opt/lammps/examples/reax/HNS/data.hns-equil
2024/11/21 21:58:28 logger.go:63: 1732226308144509002 Open      /opt/lammps/examples/reax/HNS/data.hns-equil	92
2024/11/21 21:58:28 logger.go:63: 1732226308146037475 Close     /opt/lammps/examples/reax/HNS/data.hns-equil	92
2024/11/21 21:58:28 logger.go:63: 1732226308157748567 Close     /opt/lammps/examples/reax/HNS/in.reaxc.hns	91
2024/11/21 21:58:28 logger.go:63: 1732226308158149948 Complete  /tmp/out/lammps-recording.out
2024/11/21 21:58:28 logger.go:63: 1732226308158357171 Lookup    /sbin     
2024/11/21 21:58:28 logger.go:63: 1732226308158391919 Lookup    /root     
2024/11/21 21:58:28 logger.go:63: 1732226308158419091 Lookup    /srv      
2024/11/21 21:58:28 logger.go:63: 1732226308158438058 Lookup    /media    
2024/11/21 21:58:28 logger.go:63: 1732226308158457757 Lookup    /libx32   
2024/11/21 21:58:28 logger.go:63: 1732226308158466454 Lookup    /lib64    
2024/11/21 21:58:28 logger.go:63: 1732226308158472956 Lookup    /etc      
2024/11/21 21:58:28 logger.go:63: 1732226308158479489 Lookup    /proc     
2024/11/21 21:58:28 logger.go:63: 1732226308158484769 Lookup    /usr      
2024/11/21 21:58:28 logger.go:63: 1732226308158500530 Lookup    /lib32    
2024/11/21 21:58:28 logger.go:63: 1732226308158515148 Lookup    /boot     
2024/11/21 21:58:28 logger.go:63: 1732226308158519968 Lookup    /var      
2024/11/21 21:58:28 logger.go:63: 1732226308158525158 Lookup    /tmp      
2024/11/21 21:58:28 logger.go:63: 1732226308158529957 Lookup    /mnt      
2024/11/21 21:58:28 logger.go:63: 1732226308158534987 Lookup    /dev      
2024/11/21 21:58:28 logger.go:63: 1732226308158540979 Lookup    /opt      
2024/11/21 21:58:28 logger.go:63: 1732226308158558633 Lookup    /home     
2024/11/21 21:58:28 logger.go:63: 1732226308158563613 Lookup    /lib      
2024/11/21 21:58:28 logger.go:63: 1732226308158569083 Lookup    /sys      
2024/11/21 21:58:28 logger.go:63: 1732226308158578301 Lookup    /bin      
2024/11/21 21:58:28 logger.go:63: 1732226308158584163 Lookup    /run      
2024/11/21 21:58:28 logger.go:63: 1732226308158590154 Lookup    /flux_operator
2024/11/21 21:58:28 logger.go:63: 1732226308158600234 Lookup    /product_name
2024/11/21 21:58:28 logger.go:63: 1732226308158670981 Lookup    /product_uuid