2024/11/17 03:44:41 logger.go:55: 1731815081291800193 Lookup     /etc
2024/11/17 03:44:41 logger.go:55: 1731815081291943666 Lookup     /etc/host.conf
2024/11/17 03:44:41 logger.go:55: 1731815081291977443 Lookup     /etc/hosts
2024/11/17 03:44:41 logger.go:55: 1731815081292004727 Lookup     /etc/nsswitch.conf
2024/11/17 03:44:41 logger.go:55: 1731815081292033754 Lookup     /etc/resolv.conf
2024/11/17 03:44:41 logger.go:55: 1731815081292060386 Lookup     /dev
2024/11/17 03:44:41 logger.go:55: 1731815081292080656 Lookup     /sys
2024/11/17 03:44:41 logger.go:55: 1731815081292109172 Lookup     /proc
2024/11/17 03:44:41 logger.go:55: 1731815081292138380 Lookup     /tmp
2024/11/17 03:44:41 logger.go:55: 1731815081292160834 Lookup     /root
2024/11/17 03:44:41 logger.go:55: 1731815081292206665 Lookup     /opt
2024/11/17 03:44:41 logger.go:55: 1731815081292228949 Lookup     /opt/lammps
2024/11/17 03:44:41 logger.go:55: 1731815081292250621 Lookup     /opt/lammps/examples
2024/11/17 03:44:41 logger.go:55: 1731815081292278366 Lookup     /opt/lammps/examples/reaxff
2024/11/17 03:44:41 logger.go:55: 1731815081292304768 Lookup     /opt/lammps/examples/reaxff/HNS
2024/11/17 03:44:41 logger.go:55: 1731815081292427440 Lookup     /usr
2024/11/17 03:44:41 logger.go:55: 1731815081292454103 Lookup     /usr/local
2024/11/17 03:44:41 logger.go:55: 1731815081292475555 Lookup     /usr/local/sbin
2024/11/17 03:44:41 logger.go:55: 1731815081292571133 Lookup     /usr/local/bin
2024/11/17 03:44:41 logger.go:55: 1731815081292657674 Lookup     /usr/sbin
2024/11/17 03:44:41 logger.go:55: 1731815081292745998 Lookup     /usr/bin
2024/11/17 03:44:41 logger.go:55: 1731815081292776739 Lookup     /usr/bin/lmp
2024/11/17 03:44:41 logger.go:55: 1731815081293037493 Open       /usr/bin/lmp
2024/11/17 03:44:41 logger.go:55: 1731815081293151448 Open       /usr/bin/lmp
2024/11/17 03:44:41 logger.go:55: 1731815081293212999 Lookup     /lib64
2024/11/17 03:44:41 logger.go:55: 1731815081293256695 Lookup     /usr/lib64
2024/11/17 03:44:41 logger.go:55: 1731815081293325120 Lookup     /usr/lib64/ld-linux-x86-64.so.2
2024/11/17 03:44:41 logger.go:55: 1731815081293392803 Lookup     /lib
2024/11/17 03:44:41 logger.go:55: 1731815081293425127 Lookup     /usr/lib
2024/11/17 03:44:41 logger.go:55: 1731815081293585564 Lookup     /usr/lib/x86_64-linux-gnu
2024/11/17 03:44:41 logger.go:55: 1731815081293614541 Lookup     /usr/lib/x86_64-linux-gnu/ld-linux-x86-64.so.2
2024/11/17 03:44:41 logger.go:55: 1731815081293690761 Open       /usr/lib/x86_64-linux-gnu/ld-linux-x86-64.so.2
2024/11/17 03:44:41 logger.go:55: 1731815081294279913 Open       /usr/bin/lmp
2024/11/17 03:44:41 logger.go:55: 1731815081294739128 Open       /usr/lib/x86_64-linux-gnu/ld-linux-x86-64.so.2
2024/11/17 03:44:41 logger.go:55: 1731815081295402186 Lookup     /opt/software
2024/11/17 03:44:41 logger.go:55: 1731815081295433307 Lookup     /opt/software/linux-rocky9-x86_64
2024/11/17 03:44:41 logger.go:55: 1731815081295457805 Lookup     /opt/software/linux-rocky9-x86_64/gcc-11.4.1
2024/11/17 03:44:41 logger.go:55: 1731815081295485089 Lookup     /opt/software/linux-rocky9-x86_64/gcc-11.4.1/flux-core-0.61.2-va52p5ph7ylanopgk7ranjgtjgc2wb5y
2024/11/17 03:44:41 logger.go:55: 1731815081295525058 Lookup     /opt/software/linux-rocky9-x86_64/gcc-11.4.1/flux-core-0.61.2-va52p5ph7ylanopgk7ranjgtjgc2wb5y/lib
2024/11/17 03:44:41 logger.go:55: 1731815081295548194 Lookup     /opt/software/linux-rocky9-x86_64/gcc-11.4.1/flux-core-0.61.2-va52p5ph7ylanopgk7ranjgtjgc2wb5y/lib/flux
2024/11/17 03:44:41 logger.go:55: 1731815081297705317 Lookup     /etc/ld.so.cache
2024/11/17 03:44:41 logger.go:55: 1731815081297740887 Open       /etc/ld.so.cache
2024/11/17 03:44:41 logger.go:55: 1731815081297949949 Lookup     /usr/lib/x86_64-linux-gnu/libgomp.so.1
2024/11/17 03:44:41 logger.go:55: 1731815081297989016 Lookup     /usr/lib/x86_64-linux-gnu/libgomp.so.1.0.0
2024/11/17 03:44:41 logger.go:55: 1731815081298051499 Open       /usr/lib/x86_64-linux-gnu/libgomp.so.1.0.0
2024/11/17 03:44:41 logger.go:55: 1731815081298617806 Lookup     /usr/lib/x86_64-linux-gnu/libmpich.so.12
2024/11/17 03:44:41 logger.go:55: 1731815081298668837 Lookup     /usr/lib/x86_64-linux-gnu/libmpich.so.12.2.0
2024/11/17 03:44:41 logger.go:55: 1731815081298739656 Open       /usr/lib/x86_64-linux-gnu/libmpich.so.12.2.0
2024/11/17 03:44:41 logger.go:55: 1731815081299319630 Lookup     /usr/lib/x86_64-linux-gnu/libstdc++.so.6
2024/11/17 03:44:41 logger.go:55: 1731815081299365380 Lookup     /usr/lib/x86_64-linux-gnu/libstdc++.so.6.0.30
2024/11/17 03:44:41 logger.go:55: 1731815081299428154 Open       /usr/lib/x86_64-linux-gnu/libstdc++.so.6.0.30
2024/11/17 03:44:41 logger.go:55: 1731815081300026714 Lookup     /usr/lib/x86_64-linux-gnu/libm.so.6
2024/11/17 03:44:41 logger.go:55: 1731815081300066543 Open       /usr/lib/x86_64-linux-gnu/libm.so.6
2024/11/17 03:44:41 logger.go:55: 1731815081300609954 Lookup     /usr/lib/x86_64-linux-gnu/libgcc_s.so.1
2024/11/17 03:44:41 logger.go:55: 1731815081300646516 Open       /usr/lib/x86_64-linux-gnu/libgcc_s.so.1
2024/11/17 03:44:41 logger.go:55: 1731815081301146793 Lookup     /usr/lib/x86_64-linux-gnu/libc.so.6
2024/11/17 03:44:41 logger.go:55: 1731815081301229596 Open       /usr/lib/x86_64-linux-gnu/libc.so.6
2024/11/17 03:44:41 logger.go:55: 1731815081301909557 Lookup     /usr/lib/x86_64-linux-gnu/libhwloc.so.15
2024/11/17 03:44:41 logger.go:55: 1731815081301956960 Lookup     /usr/lib/x86_64-linux-gnu/libhwloc.so.15.5.2
2024/11/17 03:44:41 logger.go:55: 1731815081302020485 Open       /usr/lib/x86_64-linux-gnu/libhwloc.so.15.5.2
2024/11/17 03:44:41 logger.go:55: 1731815081302581391 Lookup     /usr/lib/x86_64-linux-gnu/libfabric.so.1
2024/11/17 03:44:41 logger.go:55: 1731815081302621971 Lookup     /usr/lib/x86_64-linux-gnu/libfabric.so.1.14.0
2024/11/17 03:44:41 logger.go:55: 1731815081302688793 Open       /usr/lib/x86_64-linux-gnu/libfabric.so.1.14.0
2024/11/17 03:44:41 logger.go:55: 1731815081303203157 Lookup     /usr/lib/x86_64-linux-gnu/libudev.so.1
2024/11/17 03:44:41 logger.go:55: 1731815081303239669 Lookup     /usr/lib/x86_64-linux-gnu/libudev.so.1.7.2
2024/11/17 03:44:41 logger.go:55: 1731815081303308034 Open       /usr/lib/x86_64-linux-gnu/libudev.so.1.7.2
2024/11/17 03:44:41 logger.go:55: 1731815081303790906 Lookup     /usr/lib/x86_64-linux-gnu/librdmacm.so.1
2024/11/17 03:44:41 logger.go:55: 1731815081303841807 Lookup     /usr/lib/x86_64-linux-gnu/librdmacm.so.1.3.39.0
2024/11/17 03:44:41 logger.go:55: 1731815081303909129 Open       /usr/lib/x86_64-linux-gnu/librdmacm.so.1.3.39.0
2024/11/17 03:44:41 logger.go:55: 1731815081304393765 Lookup     /usr/lib/x86_64-linux-gnu/libefa.so.1
2024/11/17 03:44:41 logger.go:55: 1731815081304434736 Lookup     /usr/lib/x86_64-linux-gnu/libefa.so.1.1.39.0
2024/11/17 03:44:41 logger.go:55: 1731815081304496968 Open       /usr/lib/x86_64-linux-gnu/libefa.so.1.1.39.0
2024/11/17 03:44:41 logger.go:55: 1731815081304974210 Lookup     /usr/lib/x86_64-linux-gnu/libibverbs.so.1
2024/11/17 03:44:41 logger.go:55: 1731815081305014098 Lookup     /usr/lib/x86_64-linux-gnu/libibverbs.so.1.14.39.0
2024/11/17 03:44:41 logger.go:55: 1731815081305075930 Open       /usr/lib/x86_64-linux-gnu/libibverbs.so.1.14.39.0
2024/11/17 03:44:41 logger.go:55: 1731815081305551358 Lookup     /usr/lib/x86_64-linux-gnu/libpsm_infinipath.so.1
2024/11/17 03:44:41 logger.go:55: 1731815081305642327 Lookup     /etc/alternatives
2024/11/17 03:44:41 logger.go:55: 1731815081305665182 Lookup     /etc/alternatives/libpsm_infinipath.so.1
2024/11/17 03:44:41 logger.go:55: 1731815081305734218 Lookup     /usr/lib/libpsm1
2024/11/17 03:44:41 logger.go:55: 1731815081305756262 Lookup     /usr/lib/libpsm1/libpsm_infinipath.so.1.16
2024/11/17 03:44:41 logger.go:55: 1731815081305793475 Open       /usr/lib/libpsm1/libpsm_infinipath.so.1.16
2024/11/17 03:44:41 logger.go:55: 1731815081306392256 Lookup     /usr/lib/x86_64-linux-gnu/libpsm2.so.2
2024/11/17 03:44:41 logger.go:55: 1731815081306436553 Lookup     /usr/lib/x86_64-linux-gnu/libpsm2.so.2.2
2024/11/17 03:44:41 logger.go:55: 1731815081306497824 Open       /usr/lib/x86_64-linux-gnu/libpsm2.so.2.2
2024/11/17 03:44:41 logger.go:55: 1731815081307014823 Lookup     /usr/lib/x86_64-linux-gnu/libnl-3.so.200
2024/11/17 03:44:41 logger.go:55: 1731815081307063078 Lookup     /usr/lib/x86_64-linux-gnu/libnl-3.so.200.26.0
2024/11/17 03:44:41 logger.go:55: 1731815081307133748 Open       /usr/lib/x86_64-linux-gnu/libnl-3.so.200.26.0
2024/11/17 03:44:41 logger.go:55: 1731815081307638773 Lookup     /usr/lib/x86_64-linux-gnu/libnl-route-3.so.200
2024/11/17 03:44:41 logger.go:55: 1731815081307681357 Lookup     /usr/lib/x86_64-linux-gnu/libnl-route-3.so.200.26.0
2024/11/17 03:44:41 logger.go:55: 1731815081307743861 Open       /usr/lib/x86_64-linux-gnu/libnl-route-3.so.200.26.0
2024/11/17 03:44:41 logger.go:55: 1731815081308480213 Lookup     /usr/lib/x86_64-linux-gnu/libinfinipath.so.4
2024/11/17 03:44:41 logger.go:55: 1731815081308521845 Lookup     /usr/lib/x86_64-linux-gnu/libinfinipath.so.4.0
2024/11/17 03:44:41 logger.go:55: 1731815081308583827 Open       /usr/lib/x86_64-linux-gnu/libinfinipath.so.4.0
2024/11/17 03:44:41 logger.go:55: 1731815081309074695 Lookup     /usr/lib/x86_64-linux-gnu/librt.so.1
2024/11/17 03:44:41 logger.go:55: 1731815081309121998 Open       /usr/lib/x86_64-linux-gnu/librt.so.1
2024/11/17 03:44:41 logger.go:55: 1731815081309551014 Lookup     /usr/lib/x86_64-linux-gnu/libpthread.so.0
2024/11/17 03:44:41 logger.go:55: 1731815081309584069 Open       /usr/lib/x86_64-linux-gnu/libpthread.so.0
2024/11/17 03:44:41 logger.go:55: 1731815081309999428 Lookup     /usr/lib/x86_64-linux-gnu/libdl.so.2
2024/11/17 03:44:41 logger.go:55: 1731815081310031051 Open       /usr/lib/x86_64-linux-gnu/libdl.so.2
2024/11/17 03:44:41 logger.go:55: 1731815081310449345 Lookup     /usr/lib/x86_64-linux-gnu/libuuid.so.1
2024/11/17 03:44:41 logger.go:55: 1731815081310488292 Lookup     /usr/lib/x86_64-linux-gnu/libuuid.so.1.3.0
2024/11/17 03:44:41 logger.go:55: 1731815081310552218 Open       /usr/lib/x86_64-linux-gnu/libuuid.so.1.3.0
2024/11/17 03:44:41 logger.go:55: 1731815081310992496 Lookup     /usr/lib/x86_64-linux-gnu/libnuma.so.1
2024/11/17 03:44:41 logger.go:55: 1731815081311030852 Lookup     /usr/lib/x86_64-linux-gnu/libnuma.so.1.0.0
2024/11/17 03:44:41 logger.go:55: 1731815081311091982 Open       /usr/lib/x86_64-linux-gnu/libnuma.so.1.0.0
2024/11/17 03:44:41 logger.go:55: 1731815081521373952 Lookup     /usr/lib/x86_64-linux-gnu/hwloc
2024/11/17 03:44:41 logger.go:55: 1731815081521597874 Lookup     /usr/lib/x86_64-linux-gnu/hwloc/hwloc_opencl.so
2024/11/17 03:44:41 logger.go:55: 1731815081521614647 Lookup     /usr/lib/x86_64-linux-gnu/hwloc/hwloc_xml_libxml.so
2024/11/17 03:44:41 logger.go:55: 1731815081521628945 Lookup     /usr/lib/x86_64-linux-gnu/hwloc/hwloc_gl.so
2024/11/17 03:44:41 logger.go:55: 1731815081521639797 Lookup     /usr/lib/x86_64-linux-gnu/hwloc/hwloc_pci.so
2024/11/17 03:44:41 logger.go:55: 1731815081521788921 Open       /usr/lib/x86_64-linux-gnu/hwloc/hwloc_opencl.so
2024/11/17 03:44:41 logger.go:55: 1731815081522222566 Open       /etc/ld.so.cache
2024/11/17 03:44:41 logger.go:55: 1731815081522457459 Lookup     /usr/lib/x86_64-linux-gnu/libOpenCL.so.1
2024/11/17 03:44:41 logger.go:55: 1731815081522502838 Lookup     /usr/lib/x86_64-linux-gnu/libOpenCL.so.1.0.0
2024/11/17 03:44:41 logger.go:55: 1731815081522566764 Open       /usr/lib/x86_64-linux-gnu/libOpenCL.so.1.0.0
2024/11/17 03:44:41 logger.go:55: 1731815081523087100 Open       /usr/lib/x86_64-linux-gnu/hwloc/hwloc_xml_libxml.so
2024/11/17 03:44:41 logger.go:55: 1731815081523497028 Open       /etc/ld.so.cache
2024/11/17 03:44:41 logger.go:55: 1731815081523707654 Lookup     /usr/lib/x86_64-linux-gnu/libxml2.so.2
2024/11/17 03:44:41 logger.go:55: 1731815081523748514 Lookup     /usr/lib/x86_64-linux-gnu/libxml2.so.2.9.13
2024/11/17 03:44:41 logger.go:55: 1731815081523814715 Open       /usr/lib/x86_64-linux-gnu/libxml2.so.2.9.13
2024/11/17 03:44:41 logger.go:55: 1731815081524462061 Lookup     /usr/lib/x86_64-linux-gnu/libicuuc.so.70
2024/11/17 03:44:41 logger.go:55: 1731815081524509455 Lookup     /usr/lib/x86_64-linux-gnu/libicuuc.so.70.1
2024/11/17 03:44:41 logger.go:55: 1731815081524575014 Open       /usr/lib/x86_64-linux-gnu/libicuuc.so.70.1
2024/11/17 03:44:41 logger.go:55: 1731815081525199175 Lookup     /usr/lib/x86_64-linux-gnu/libz.so.1
2024/11/17 03:44:41 logger.go:55: 1731815081525235927 Lookup     /usr/lib/x86_64-linux-gnu/libz.so.1.2.11
2024/11/17 03:44:41 logger.go:55: 1731815081525295615 Open       /usr/lib/x86_64-linux-gnu/libz.so.1.2.11
2024/11/17 03:44:41 logger.go:55: 1731815081525778126 Lookup     /usr/lib/x86_64-linux-gnu/liblzma.so.5
2024/11/17 03:44:41 logger.go:55: 1731815081525812654 Lookup     /usr/lib/x86_64-linux-gnu/liblzma.so.5.2.5
2024/11/17 03:44:41 logger.go:55: 1731815081525871681 Open       /usr/lib/x86_64-linux-gnu/liblzma.so.5.2.5
2024/11/17 03:44:41 logger.go:55: 1731815081526390995 Lookup     /usr/lib/x86_64-linux-gnu/libicudata.so.70
2024/11/17 03:44:41 logger.go:55: 1731815081526436224 Lookup     /usr/lib/x86_64-linux-gnu/libicudata.so.70.1
2024/11/17 03:44:41 logger.go:55: 1731815081526497665 Open       /usr/lib/x86_64-linux-gnu/libicudata.so.70.1
2024/11/17 03:44:41 logger.go:55: 1731815081527787849 Open       /usr/lib/x86_64-linux-gnu/hwloc/hwloc_gl.so
2024/11/17 03:44:41 logger.go:55: 1731815081528187838 Open       /etc/ld.so.cache
2024/11/17 03:44:41 logger.go:55: 1731815081528416839 Lookup     /usr/lib/x86_64-linux-gnu/libXNVCtrl.so.0
2024/11/17 03:44:41 logger.go:55: 1731815081528465676 Lookup     /usr/lib/x86_64-linux-gnu/libXNVCtrl.so.0.0.0
2024/11/17 03:44:41 logger.go:55: 1731815081528538088 Open       /usr/lib/x86_64-linux-gnu/libXNVCtrl.so.0.0.0
2024/11/17 03:44:41 logger.go:55: 1731815081529008506 Lookup     /usr/lib/x86_64-linux-gnu/libX11.so.6
2024/11/17 03:44:41 logger.go:55: 1731815081529048324 Lookup     /usr/lib/x86_64-linux-gnu/libX11.so.6.4.0
2024/11/17 03:44:41 logger.go:55: 1731815081529123593 Open       /usr/lib/x86_64-linux-gnu/libX11.so.6.4.0
2024/11/17 03:44:41 logger.go:55: 1731815081529702414 Lookup     /usr/lib/x86_64-linux-gnu/libXext.so.6
2024/11/17 03:44:41 logger.go:55: 1731815081529750479 Lookup     /usr/lib/x86_64-linux-gnu/libXext.so.6.4.0
2024/11/17 03:44:41 logger.go:55: 1731815081529817942 Open       /usr/lib/x86_64-linux-gnu/libXext.so.6.4.0
2024/11/17 03:44:41 logger.go:55: 1731815081530325914 Lookup     /usr/lib/x86_64-linux-gnu/libxcb.so.1
2024/11/17 03:44:41 logger.go:55: 1731815081530374790 Lookup     /usr/lib/x86_64-linux-gnu/libxcb.so.1.1.0
2024/11/17 03:44:41 logger.go:55: 1731815081530441522 Open       /usr/lib/x86_64-linux-gnu/libxcb.so.1.1.0
2024/11/17 03:44:41 logger.go:55: 1731815081530982659 Lookup     /usr/lib/x86_64-linux-gnu/libXau.so.6
2024/11/17 03:44:41 logger.go:55: 1731815081531027477 Lookup     /usr/lib/x86_64-linux-gnu/libXau.so.6.0.0
2024/11/17 03:44:41 logger.go:55: 1731815081531097024 Open       /usr/lib/x86_64-linux-gnu/libXau.so.6.0.0
2024/11/17 03:44:41 logger.go:55: 1731815081531572331 Lookup     /usr/lib/x86_64-linux-gnu/libXdmcp.so.6
2024/11/17 03:44:41 logger.go:55: 1731815081531623933 Lookup     /usr/lib/x86_64-linux-gnu/libXdmcp.so.6.0.0
2024/11/17 03:44:41 logger.go:55: 1731815081531690875 Open       /usr/lib/x86_64-linux-gnu/libXdmcp.so.6.0.0
2024/11/17 03:44:41 logger.go:55: 1731815081532173827 Lookup     /usr/lib/x86_64-linux-gnu/libbsd.so.0
2024/11/17 03:44:41 logger.go:55: 1731815081532228335 Lookup     /usr/lib/x86_64-linux-gnu/libbsd.so.0.11.5
2024/11/17 03:44:41 logger.go:55: 1731815081532304264 Open       /usr/lib/x86_64-linux-gnu/libbsd.so.0.11.5
2024/11/17 03:44:41 logger.go:55: 1731815081532835622 Lookup     /usr/lib/x86_64-linux-gnu/libmd.so.0
2024/11/17 03:44:41 logger.go:55: 1731815081532879729 Lookup     /usr/lib/x86_64-linux-gnu/libmd.so.0.0.5
2024/11/17 03:44:41 logger.go:55: 1731815081532944607 Open       /usr/lib/x86_64-linux-gnu/libmd.so.0.0.5
2024/11/17 03:44:41 logger.go:55: 1731815081533784543 Open       /usr/lib/x86_64-linux-gnu/hwloc/hwloc_pci.so
2024/11/17 03:44:41 logger.go:55: 1731815081534197197 Open       /etc/ld.so.cache
2024/11/17 03:44:41 logger.go:55: 1731815081534411680 Lookup     /usr/lib/x86_64-linux-gnu/libpciaccess.so.0
2024/11/17 03:44:41 logger.go:55: 1731815081534453582 Lookup     /usr/lib/x86_64-linux-gnu/libpciaccess.so.0.11.1
2024/11/17 03:44:41 logger.go:55: 1731815081534525033 Open       /usr/lib/x86_64-linux-gnu/libpciaccess.so.0.11.1
2024/11/17 03:44:41 logger.go:55: 1731815081827260463 Lookup     /run
2024/11/17 03:44:41 logger.go:55: 1731815081832880024 Lookup     /var
2024/11/17 03:44:41 logger.go:55: 1731815081832914181 Lookup     /var/run
2024/11/17 03:44:41 logger.go:55: 1731815081834156821 Lookup     /etc/gai.conf
2024/11/17 03:44:41 logger.go:55: 1731815081834195127 Open       /etc/gai.conf
2024/11/17 03:44:41 logger.go:55: 1731815081842818140 Lookup     /usr/share
2024/11/17 03:44:41 logger.go:55: 1731815081842878859 Lookup     /usr/share/misc
2024/11/17 03:44:41 logger.go:55: 1731815081859951002 Open       /etc/ld.so.cache
2024/11/17 03:44:41 logger.go:55: 1731815081869226581 Open       /etc/ld.so.cache
2024/11/17 03:44:41 logger.go:55: 1731815081870016118 Open       /etc/ld.so.cache
2024/11/17 03:44:41 logger.go:55: 1731815081870808380 Open       /etc/ld.so.cache
2024/11/17 03:44:41 logger.go:55: 1731815081871589801 Open       /etc/ld.so.cache
2024/11/17 03:44:41 logger.go:55: 1731815081872414928 Open       /etc/ld.so.cache
2024/11/17 03:44:41 logger.go:55: 1731815081873242480 Open       /etc/ld.so.cache
2024/11/17 03:44:41 logger.go:55: 1731815081874033820 Open       /etc/ld.so.cache
2024/11/17 03:44:41 logger.go:55: 1731815081874854518 Open       /etc/ld.so.cache
2024/11/17 03:44:41 logger.go:55: 1731815081875702751 Open       /etc/ld.so.cache
2024/11/17 03:44:41 logger.go:55: 1731815081876537076 Open       /etc/ld.so.cache
2024/11/17 03:44:41 logger.go:55: 1731815081877371090 Open       /etc/ld.so.cache
2024/11/17 03:44:41 logger.go:55: 1731815081878217660 Open       /etc/ld.so.cache
2024/11/17 03:44:41 logger.go:55: 1731815081879048097 Open       /etc/ld.so.cache
2024/11/17 03:44:41 logger.go:55: 1731815081879881551 Open       /etc/ld.so.cache
2024/11/17 03:44:41 logger.go:55: 1731815081880734683 Open       /etc/ld.so.cache
2024/11/17 03:44:41 logger.go:55: 1731815081881560571 Open       /etc/ld.so.cache
2024/11/17 03:44:41 logger.go:55: 1731815081893468301 Lookup     /opt/lammps/examples/reaxff/HNS/in.reaxff.hns
2024/11/17 03:44:41 logger.go:55: 1731815081893534170 Open       /opt/lammps/examples/reaxff/HNS/in.reaxff.hns
2024/11/17 03:44:41 logger.go:55: 1731815081895047625 Lookup     /opt/lammps/examples/reaxff/HNS/data.hns-equil
2024/11/17 03:44:41 logger.go:55: 1731815081895096862 Open       /opt/lammps/examples/reaxff/HNS/data.hns-equil
2024/11/17 03:44:41 logger.go:55: 1731815081895250585 Open       /opt/lammps/examples/reaxff/HNS/data.hns-equil
2024/11/17 03:44:41 logger.go:55: 1731815081900152601 Lookup     /opt/lammps/examples/reaxff/HNS/ffield.reax.hns
2024/11/17 03:44:41 logger.go:55: 1731815081900211757 Open       /opt/lammps/examples/reaxff/HNS/ffield.reax.hns
2024/11/17 03:44:41 logger.go:55: 1731815081900330481 Open       /opt/lammps/examples/reaxff/HNS/ffield.reax.hns
2024/11/17 03:44:41 logger.go:55: 1731815081900533692 Open       /opt/lammps/examples/reaxff/HNS/ffield.reax.hns
2024/11/17 03:44:41 logger.go:55: 1731815081900726001 Open       /opt/lammps/examples/reaxff/HNS/ffield.reax.hns
2024/11/17 03:46:22 logger.go:55: 1731815182573213868 Complete   /tmp/out/lammps-recording.out