2024/11/17 04:20:43 logger.go:55: 1731817243731542835 Lookup     /etc
2024/11/17 04:20:43 logger.go:55: 1731817243731668925 Lookup     /etc/host.conf
2024/11/17 04:20:43 logger.go:55: 1731817243731705602 Lookup     /etc/hosts
2024/11/17 04:20:43 logger.go:55: 1731817243731735487 Lookup     /etc/nsswitch.conf
2024/11/17 04:20:43 logger.go:55: 1731817243731765332 Lookup     /etc/resolv.conf
2024/11/17 04:20:43 logger.go:55: 1731817243731789476 Lookup     /dev
2024/11/17 04:20:43 logger.go:55: 1731817243731809913 Lookup     /sys
2024/11/17 04:20:43 logger.go:55: 1731817243731833296 Lookup     /proc
2024/11/17 04:20:43 logger.go:55: 1731817243731855316 Lookup     /tmp
2024/11/17 04:20:43 logger.go:55: 1731817243731876805 Lookup     /root
2024/11/17 04:20:43 logger.go:55: 1731817243731922288 Lookup     /opt
2024/11/17 04:20:43 logger.go:55: 1731817243731945350 Lookup     /opt/lammps
2024/11/17 04:20:43 logger.go:55: 1731817243731967561 Lookup     /opt/lammps/examples
2024/11/17 04:20:43 logger.go:55: 1731817243731994079 Lookup     /opt/lammps/examples/reaxff
2024/11/17 04:20:43 logger.go:55: 1731817243732018855 Lookup     /opt/lammps/examples/reaxff/HNS
2024/11/17 04:20:43 logger.go:55: 1731817243732150846 Lookup     /usr
2024/11/17 04:20:43 logger.go:55: 1731817243732180781 Lookup     /usr/local
2024/11/17 04:20:43 logger.go:55: 1731817243732207960 Lookup     /usr/local/sbin
2024/11/17 04:20:43 logger.go:55: 1731817243732297173 Lookup     /usr/local/bin
2024/11/17 04:20:43 logger.go:55: 1731817243732379263 Lookup     /usr/sbin
2024/11/17 04:20:43 logger.go:55: 1731817243732463778 Lookup     /usr/bin
2024/11/17 04:20:43 logger.go:55: 1731817243732497770 Lookup     /usr/bin/lmp
2024/11/17 04:20:43 logger.go:55: 1731817243732754499 Open       /usr/bin/lmp
2024/11/17 04:20:43 logger.go:55: 1731817243732860052 Open       /usr/bin/lmp
2024/11/17 04:20:43 logger.go:55: 1731817243732915323 Lookup     /lib64
2024/11/17 04:20:43 logger.go:55: 1731817243732958531 Lookup     /usr/lib64
2024/11/17 04:20:43 logger.go:55: 1731817243733022308 Lookup     /usr/lib64/ld-linux-x86-64.so.2
2024/11/17 04:20:43 logger.go:55: 1731817243733084842 Lookup     /lib
2024/11/17 04:20:43 logger.go:55: 1731817243733129794 Lookup     /usr/lib
2024/11/17 04:20:43 logger.go:55: 1731817243733204210 Lookup     /usr/lib/x86_64-linux-gnu
2024/11/17 04:20:43 logger.go:55: 1731817243733227553 Lookup     /usr/lib/x86_64-linux-gnu/ld-linux-x86-64.so.2
2024/11/17 04:20:43 logger.go:55: 1731817243733303381 Open       /usr/lib/x86_64-linux-gnu/ld-linux-x86-64.so.2
2024/11/17 04:20:43 logger.go:55: 1731817243733901785 Open       /usr/bin/lmp
2024/11/17 04:20:43 logger.go:55: 1731817243734378045 Open       /usr/lib/x86_64-linux-gnu/ld-linux-x86-64.so.2
2024/11/17 04:20:43 logger.go:55: 1731817243735036909 Lookup     /opt/software
2024/11/17 04:20:43 logger.go:55: 1731817243735065190 Lookup     /opt/software/linux-rocky9-x86_64
2024/11/17 04:20:43 logger.go:55: 1731817243735090006 Lookup     /opt/software/linux-rocky9-x86_64/gcc-11.4.1
2024/11/17 04:20:43 logger.go:55: 1731817243735118938 Lookup     /opt/software/linux-rocky9-x86_64/gcc-11.4.1/flux-core-0.61.2-va52p5ph7ylanopgk7ranjgtjgc2wb5y
2024/11/17 04:20:43 logger.go:55: 1731817243735163680 Lookup     /opt/software/linux-rocky9-x86_64/gcc-11.4.1/flux-core-0.61.2-va52p5ph7ylanopgk7ranjgtjgc2wb5y/lib
2024/11/17 04:20:43 logger.go:55: 1731817243735187484 Lookup     /opt/software/linux-rocky9-x86_64/gcc-11.4.1/flux-core-0.61.2-va52p5ph7ylanopgk7ranjgtjgc2wb5y/lib/flux
2024/11/17 04:20:43 logger.go:55: 1731817243737330018 Lookup     /etc/ld.so.cache
2024/11/17 04:20:43 logger.go:55: 1731817243737364250 Open       /etc/ld.so.cache
2024/11/17 04:20:43 logger.go:55: 1731817243737575526 Lookup     /usr/lib/x86_64-linux-gnu/libgomp.so.1
2024/11/17 04:20:43 logger.go:55: 1731817243737615660 Lookup     /usr/lib/x86_64-linux-gnu/libgomp.so.1.0.0
2024/11/17 04:20:43 logger.go:55: 1731817243737678584 Open       /usr/lib/x86_64-linux-gnu/libgomp.so.1.0.0
2024/11/17 04:20:43 logger.go:55: 1731817243738469620 Lookup     /usr/lib/x86_64-linux-gnu/libmpich.so.12
2024/11/17 04:20:43 logger.go:55: 1731817243738522045 Lookup     /usr/lib/x86_64-linux-gnu/libmpich.so.12.2.0
2024/11/17 04:20:43 logger.go:55: 1731817243738591713 Open       /usr/lib/x86_64-linux-gnu/libmpich.so.12.2.0
2024/11/17 04:20:43 logger.go:55: 1731817243739169839 Lookup     /usr/lib/x86_64-linux-gnu/libstdc++.so.6
2024/11/17 04:20:43 logger.go:55: 1731817243739219640 Lookup     /usr/lib/x86_64-linux-gnu/libstdc++.so.6.0.30
2024/11/17 04:20:43 logger.go:55: 1731817243739284849 Open       /usr/lib/x86_64-linux-gnu/libstdc++.so.6.0.30
2024/11/17 04:20:43 logger.go:55: 1731817243739894062 Lookup     /usr/lib/x86_64-linux-gnu/libm.so.6
2024/11/17 04:20:43 logger.go:55: 1731817243739934045 Open       /usr/lib/x86_64-linux-gnu/libm.so.6
2024/11/17 04:20:43 logger.go:55: 1731817243740484631 Lookup     /usr/lib/x86_64-linux-gnu/libgcc_s.so.1
2024/11/17 04:20:43 logger.go:55: 1731817243740521498 Open       /usr/lib/x86_64-linux-gnu/libgcc_s.so.1
2024/11/17 04:20:43 logger.go:55: 1731817243740994733 Lookup     /usr/lib/x86_64-linux-gnu/libc.so.6
2024/11/17 04:20:43 logger.go:55: 1731817243741026952 Open       /usr/lib/x86_64-linux-gnu/libc.so.6
2024/11/17 04:20:43 logger.go:55: 1731817243741742329 Lookup     /usr/lib/x86_64-linux-gnu/libhwloc.so.15
2024/11/17 04:20:43 logger.go:55: 1731817243741796638 Lookup     /usr/lib/x86_64-linux-gnu/libhwloc.so.15.5.2
2024/11/17 04:20:43 logger.go:55: 1731817243741861747 Open       /usr/lib/x86_64-linux-gnu/libhwloc.so.15.5.2
2024/11/17 04:20:43 logger.go:55: 1731817243742427340 Lookup     /usr/lib/x86_64-linux-gnu/libfabric.so.1
2024/11/17 04:20:43 logger.go:55: 1731817243742470890 Lookup     /usr/lib/x86_64-linux-gnu/libfabric.so.1.14.0
2024/11/17 04:20:43 logger.go:55: 1731817243742540176 Open       /usr/lib/x86_64-linux-gnu/libfabric.so.1.14.0
2024/11/17 04:20:43 logger.go:55: 1731817243743072419 Lookup     /usr/lib/x86_64-linux-gnu/libudev.so.1
2024/11/17 04:20:43 logger.go:55: 1731817243743119475 Lookup     /usr/lib/x86_64-linux-gnu/libudev.so.1.7.2
2024/11/17 04:20:43 logger.go:55: 1731817243743194742 Open       /usr/lib/x86_64-linux-gnu/libudev.so.1.7.2
2024/11/17 04:20:43 logger.go:55: 1731817243743702740 Lookup     /usr/lib/x86_64-linux-gnu/librdmacm.so.1
2024/11/17 04:20:43 logger.go:55: 1731817243743755296 Lookup     /usr/lib/x86_64-linux-gnu/librdmacm.so.1.3.39.0
2024/11/17 04:20:43 logger.go:55: 1731817243743827057 Open       /usr/lib/x86_64-linux-gnu/librdmacm.so.1.3.39.0
2024/11/17 04:20:43 logger.go:55: 1731817243744352998 Lookup     /usr/lib/x86_64-linux-gnu/libefa.so.1
2024/11/17 04:20:43 logger.go:55: 1731817243744398882 Lookup     /usr/lib/x86_64-linux-gnu/libefa.so.1.1.39.0
2024/11/17 04:20:43 logger.go:55: 1731817243744465904 Open       /usr/lib/x86_64-linux-gnu/libefa.so.1.1.39.0
2024/11/17 04:20:43 logger.go:55: 1731817243744979062 Lookup     /usr/lib/x86_64-linux-gnu/libibverbs.so.1
2024/11/17 04:20:43 logger.go:55: 1731817243745021359 Lookup     /usr/lib/x86_64-linux-gnu/libibverbs.so.1.14.39.0
2024/11/17 04:20:43 logger.go:55: 1731817243745087841 Open       /usr/lib/x86_64-linux-gnu/libibverbs.so.1.14.39.0
2024/11/17 04:20:43 logger.go:55: 1731817243745591972 Lookup     /usr/lib/x86_64-linux-gnu/libpsm_infinipath.so.1
2024/11/17 04:20:43 logger.go:55: 1731817243745689289 Lookup     /etc/alternatives
2024/11/17 04:20:43 logger.go:55: 1731817243745714055 Lookup     /etc/alternatives/libpsm_infinipath.so.1
2024/11/17 04:20:43 logger.go:55: 1731817243745788350 Lookup     /usr/lib/libpsm1
2024/11/17 04:20:43 logger.go:55: 1731817243745811933 Lookup     /usr/lib/libpsm1/libpsm_infinipath.so.1.16
2024/11/17 04:20:43 logger.go:55: 1731817243745851506 Open       /usr/lib/libpsm1/libpsm_infinipath.so.1.16
2024/11/17 04:20:43 logger.go:55: 1731817243746472470 Lookup     /usr/lib/x86_64-linux-gnu/libpsm2.so.2
2024/11/17 04:20:43 logger.go:55: 1731817243746520468 Lookup     /usr/lib/x86_64-linux-gnu/libpsm2.so.2.2
2024/11/17 04:20:43 logger.go:55: 1731817243746596867 Open       /usr/lib/x86_64-linux-gnu/libpsm2.so.2.2
2024/11/17 04:20:43 logger.go:55: 1731817243747155498 Lookup     /usr/lib/x86_64-linux-gnu/libnl-3.so.200
2024/11/17 04:20:43 logger.go:55: 1731817243747211460 Lookup     /usr/lib/x86_64-linux-gnu/libnl-3.so.200.26.0
2024/11/17 04:20:43 logger.go:55: 1731817243747282310 Open       /usr/lib/x86_64-linux-gnu/libnl-3.so.200.26.0
2024/11/17 04:20:43 logger.go:55: 1731817243747821375 Lookup     /usr/lib/x86_64-linux-gnu/libnl-route-3.so.200
2024/11/17 04:20:43 logger.go:55: 1731817243747862830 Lookup     /usr/lib/x86_64-linux-gnu/libnl-route-3.so.200.26.0
2024/11/17 04:20:43 logger.go:55: 1731817243747931265 Open       /usr/lib/x86_64-linux-gnu/libnl-route-3.so.200.26.0
2024/11/17 04:20:43 logger.go:55: 1731817243748643657 Lookup     /usr/lib/x86_64-linux-gnu/libinfinipath.so.4
2024/11/17 04:20:43 logger.go:55: 1731817243748687948 Lookup     /usr/lib/x86_64-linux-gnu/libinfinipath.so.4.0
2024/11/17 04:20:43 logger.go:55: 1731817243748754048 Open       /usr/lib/x86_64-linux-gnu/libinfinipath.so.4.0
2024/11/17 04:20:43 logger.go:55: 1731817243749267727 Lookup     /usr/lib/x86_64-linux-gnu/librt.so.1
2024/11/17 04:20:43 logger.go:55: 1731817243749313240 Open       /usr/lib/x86_64-linux-gnu/librt.so.1
2024/11/17 04:20:43 logger.go:55: 1731817243750147524 Lookup     /usr/lib/x86_64-linux-gnu/libpthread.so.0
2024/11/17 04:20:43 logger.go:55: 1731817243750184973 Open       /usr/lib/x86_64-linux-gnu/libpthread.so.0
2024/11/17 04:20:43 logger.go:55: 1731817243750993269 Lookup     /usr/lib/x86_64-linux-gnu/libdl.so.2
2024/11/17 04:20:43 logger.go:55: 1731817243751028985 Open       /usr/lib/x86_64-linux-gnu/libdl.so.2
2024/11/17 04:20:43 logger.go:55: 1731817243751694731 Lookup     /usr/lib/x86_64-linux-gnu/libuuid.so.1
2024/11/17 04:20:43 logger.go:55: 1731817243751736888 Lookup     /usr/lib/x86_64-linux-gnu/libuuid.so.1.3.0
2024/11/17 04:20:43 logger.go:55: 1731817243751804622 Open       /usr/lib/x86_64-linux-gnu/libuuid.so.1.3.0
2024/11/17 04:20:43 logger.go:55: 1731817243752271585 Lookup     /usr/lib/x86_64-linux-gnu/libnuma.so.1
2024/11/17 04:20:43 logger.go:55: 1731817243752314874 Lookup     /usr/lib/x86_64-linux-gnu/libnuma.so.1.0.0
2024/11/17 04:20:43 logger.go:55: 1731817243752380103 Open       /usr/lib/x86_64-linux-gnu/libnuma.so.1.0.0
2024/11/17 04:20:43 logger.go:55: 1731817243963852004 Lookup     /usr/lib/x86_64-linux-gnu/hwloc
2024/11/17 04:20:43 logger.go:55: 1731817243964060004 Lookup     /usr/lib/x86_64-linux-gnu/hwloc/hwloc_opencl.so
2024/11/17 04:20:43 logger.go:55: 1731817243964075332 Lookup     /usr/lib/x86_64-linux-gnu/hwloc/hwloc_xml_libxml.so
2024/11/17 04:20:43 logger.go:55: 1731817243964086021 Lookup     /usr/lib/x86_64-linux-gnu/hwloc/hwloc_gl.so
2024/11/17 04:20:43 logger.go:55: 1731817243964097412 Lookup     /usr/lib/x86_64-linux-gnu/hwloc/hwloc_pci.so
2024/11/17 04:20:43 logger.go:55: 1731817243964260079 Open       /usr/lib/x86_64-linux-gnu/hwloc/hwloc_opencl.so
2024/11/17 04:20:43 logger.go:55: 1731817243964688672 Open       /etc/ld.so.cache
2024/11/17 04:20:43 logger.go:55: 1731817243964917039 Lookup     /usr/lib/x86_64-linux-gnu/libOpenCL.so.1
2024/11/17 04:20:43 logger.go:55: 1731817243964961841 Lookup     /usr/lib/x86_64-linux-gnu/libOpenCL.so.1.0.0
2024/11/17 04:20:43 logger.go:55: 1731817243965028042 Open       /usr/lib/x86_64-linux-gnu/libOpenCL.so.1.0.0
2024/11/17 04:20:43 logger.go:55: 1731817243965561006 Open       /usr/lib/x86_64-linux-gnu/hwloc/hwloc_xml_libxml.so
2024/11/17 04:20:43 logger.go:55: 1731817243965962800 Open       /etc/ld.so.cache
2024/11/17 04:20:43 logger.go:55: 1731817243966180888 Lookup     /usr/lib/x86_64-linux-gnu/libxml2.so.2
2024/11/17 04:20:43 logger.go:55: 1731817243966225400 Lookup     /usr/lib/x86_64-linux-gnu/libxml2.so.2.9.13
2024/11/17 04:20:43 logger.go:55: 1731817243966288876 Open       /usr/lib/x86_64-linux-gnu/libxml2.so.2.9.13
2024/11/17 04:20:43 logger.go:55: 1731817243966883652 Lookup     /usr/lib/x86_64-linux-gnu/libicuuc.so.70
2024/11/17 04:20:43 logger.go:55: 1731817243966928033 Lookup     /usr/lib/x86_64-linux-gnu/libicuuc.so.70.1
2024/11/17 04:20:43 logger.go:55: 1731817243966989646 Open       /usr/lib/x86_64-linux-gnu/libicuuc.so.70.1
2024/11/17 04:20:43 logger.go:55: 1731817243967568704 Lookup     /usr/lib/x86_64-linux-gnu/libz.so.1
2024/11/17 04:20:43 logger.go:55: 1731817243967604028 Lookup     /usr/lib/x86_64-linux-gnu/libz.so.1.2.11
2024/11/17 04:20:43 logger.go:55: 1731817243967663978 Open       /usr/lib/x86_64-linux-gnu/libz.so.1.2.11
2024/11/17 04:20:43 logger.go:55: 1731817243968175412 Lookup     /usr/lib/x86_64-linux-gnu/liblzma.so.5
2024/11/17 04:20:43 logger.go:55: 1731817243968216026 Lookup     /usr/lib/x86_64-linux-gnu/liblzma.so.5.2.5
2024/11/17 04:20:43 logger.go:55: 1731817243968277198 Open       /usr/lib/x86_64-linux-gnu/liblzma.so.5.2.5
2024/11/17 04:20:43 logger.go:55: 1731817243968793111 Lookup     /usr/lib/x86_64-linux-gnu/libicudata.so.70
2024/11/17 04:20:43 logger.go:55: 1731817243968838624 Lookup     /usr/lib/x86_64-linux-gnu/libicudata.so.70.1
2024/11/17 04:20:43 logger.go:55: 1731817243968900517 Open       /usr/lib/x86_64-linux-gnu/libicudata.so.70.1
2024/11/17 04:20:43 logger.go:55: 1731817243970196274 Open       /usr/lib/x86_64-linux-gnu/hwloc/hwloc_gl.so
2024/11/17 04:20:43 logger.go:55: 1731817243970579665 Open       /etc/ld.so.cache
2024/11/17 04:20:43 logger.go:55: 1731817243970800488 Lookup     /usr/lib/x86_64-linux-gnu/libXNVCtrl.so.0
2024/11/17 04:20:43 logger.go:55: 1731817243970845801 Lookup     /usr/lib/x86_64-linux-gnu/libXNVCtrl.so.0.0.0
2024/11/17 04:20:43 logger.go:55: 1731817243970920177 Open       /usr/lib/x86_64-linux-gnu/libXNVCtrl.so.0.0.0
2024/11/17 04:20:43 logger.go:55: 1731817243971375709 Lookup     /usr/lib/x86_64-linux-gnu/libX11.so.6
2024/11/17 04:20:43 logger.go:55: 1731817243971419629 Lookup     /usr/lib/x86_64-linux-gnu/libX11.so.6.4.0
2024/11/17 04:20:43 logger.go:55: 1731817243971490469 Open       /usr/lib/x86_64-linux-gnu/libX11.so.6.4.0
2024/11/17 04:20:43 logger.go:55: 1731817243972038059 Lookup     /usr/lib/x86_64-linux-gnu/libXext.so.6
2024/11/17 04:20:43 logger.go:55: 1731817243972077792 Lookup     /usr/lib/x86_64-linux-gnu/libXext.so.6.4.0
2024/11/17 04:20:43 logger.go:55: 1731817243972146187 Open       /usr/lib/x86_64-linux-gnu/libXext.so.6.4.0
2024/11/17 04:20:43 logger.go:55: 1731817243972625222 Lookup     /usr/lib/x86_64-linux-gnu/libxcb.so.1
2024/11/17 04:20:43 logger.go:55: 1731817243972666447 Lookup     /usr/lib/x86_64-linux-gnu/libxcb.so.1.1.0
2024/11/17 04:20:43 logger.go:55: 1731817243972732578 Open       /usr/lib/x86_64-linux-gnu/libxcb.so.1.1.0
2024/11/17 04:20:43 logger.go:55: 1731817243973250694 Lookup     /usr/lib/x86_64-linux-gnu/libXau.so.6
2024/11/17 04:20:43 logger.go:55: 1731817243973292100 Lookup     /usr/lib/x86_64-linux-gnu/libXau.so.6.0.0
2024/11/17 04:20:43 logger.go:55: 1731817243973359814 Open       /usr/lib/x86_64-linux-gnu/libXau.so.6.0.0
2024/11/17 04:20:43 logger.go:55: 1731817243973799417 Lookup     /usr/lib/x86_64-linux-gnu/libXdmcp.so.6
2024/11/17 04:20:43 logger.go:55: 1731817243973846312 Lookup     /usr/lib/x86_64-linux-gnu/libXdmcp.so.6.0.0
2024/11/17 04:20:43 logger.go:55: 1731817243973909097 Open       /usr/lib/x86_64-linux-gnu/libXdmcp.so.6.0.0
2024/11/17 04:20:43 logger.go:55: 1731817243974357456 Lookup     /usr/lib/x86_64-linux-gnu/libbsd.so.0
2024/11/17 04:20:43 logger.go:55: 1731817243974409291 Lookup     /usr/lib/x86_64-linux-gnu/libbsd.so.0.11.5
2024/11/17 04:20:43 logger.go:55: 1731817243974472015 Open       /usr/lib/x86_64-linux-gnu/libbsd.so.0.11.5
2024/11/17 04:20:43 logger.go:55: 1731817243974984271 Lookup     /usr/lib/x86_64-linux-gnu/libmd.so.0
2024/11/17 04:20:43 logger.go:55: 1731817243975022732 Lookup     /usr/lib/x86_64-linux-gnu/libmd.so.0.0.5
2024/11/17 04:20:43 logger.go:55: 1731817243975084184 Open       /usr/lib/x86_64-linux-gnu/libmd.so.0.0.5
2024/11/17 04:20:43 logger.go:55: 1731817243975899283 Open       /usr/lib/x86_64-linux-gnu/hwloc/hwloc_pci.so
2024/11/17 04:20:43 logger.go:55: 1731817243976306337 Open       /etc/ld.so.cache
2024/11/17 04:20:43 logger.go:55: 1731817243976515819 Lookup     /usr/lib/x86_64-linux-gnu/libpciaccess.so.0
2024/11/17 04:20:43 logger.go:55: 1731817243976579726 Lookup     /usr/lib/x86_64-linux-gnu/libpciaccess.so.0.11.1
2024/11/17 04:20:43 logger.go:55: 1731817243976649303 Open       /usr/lib/x86_64-linux-gnu/libpciaccess.so.0.11.1
2024/11/17 04:20:44 logger.go:55: 1731817244265705972 Lookup     /run
2024/11/17 04:20:44 logger.go:55: 1731817244271463230 Lookup     /var
2024/11/17 04:20:44 logger.go:55: 1731817244271506189 Lookup     /var/run
2024/11/17 04:20:44 logger.go:55: 1731817244272621477 Lookup     /etc/gai.conf
2024/11/17 04:20:44 logger.go:55: 1731817244272662732 Open       /etc/gai.conf
2024/11/17 04:20:44 logger.go:55: 1731817244281549308 Lookup     /usr/share
2024/11/17 04:20:44 logger.go:55: 1731817244281616090 Lookup     /usr/share/misc
2024/11/17 04:20:44 logger.go:55: 1731817244298771553 Open       /etc/ld.so.cache
2024/11/17 04:20:44 logger.go:55: 1731817244308065093 Open       /etc/ld.so.cache
2024/11/17 04:20:44 logger.go:55: 1731817244308883518 Open       /etc/ld.so.cache
2024/11/17 04:20:44 logger.go:55: 1731817244309700170 Open       /etc/ld.so.cache
2024/11/17 04:20:44 logger.go:55: 1731817244310507024 Open       /etc/ld.so.cache
2024/11/17 04:20:44 logger.go:55: 1731817244311334165 Open       /etc/ld.so.cache
2024/11/17 04:20:44 logger.go:55: 1731817244312159834 Open       /etc/ld.so.cache
2024/11/17 04:20:44 logger.go:55: 1731817244312996092 Open       /etc/ld.so.cache
2024/11/17 04:20:44 logger.go:55: 1731817244313841907 Open       /etc/ld.so.cache
2024/11/17 04:20:44 logger.go:55: 1731817244314720482 Open       /etc/ld.so.cache
2024/11/17 04:20:44 logger.go:55: 1731817244315551460 Open       /etc/ld.so.cache
2024/11/17 04:20:44 logger.go:55: 1731817244316367611 Open       /etc/ld.so.cache
2024/11/17 04:20:44 logger.go:55: 1731817244317188181 Open       /etc/ld.so.cache
2024/11/17 04:20:44 logger.go:55: 1731817244317989955 Open       /etc/ld.so.cache
2024/11/17 04:20:44 logger.go:55: 1731817244318826344 Open       /etc/ld.so.cache
2024/11/17 04:20:44 logger.go:55: 1731817244319675665 Open       /etc/ld.so.cache
2024/11/17 04:20:44 logger.go:55: 1731817244320468323 Open       /etc/ld.so.cache
2024/11/17 04:20:44 logger.go:55: 1731817244332362184 Lookup     /opt/lammps/examples/reaxff/HNS/in.reaxc.hns
2024/11/17 04:20:44 logger.go:55: 1731817244332440387 Open       /opt/lammps/examples/reaxff/HNS/in.reaxc.hns
2024/11/17 04:20:44 logger.go:55: 1731817244333848950 Lookup     /opt/lammps/examples/reaxff/HNS/data.hns-equil
2024/11/17 04:20:44 logger.go:55: 1731817244333909511 Open       /opt/lammps/examples/reaxff/HNS/data.hns-equil
2024/11/17 04:20:44 logger.go:55: 1731817244334057962 Open       /opt/lammps/examples/reaxff/HNS/data.hns-equil
2024/11/17 04:20:44 logger.go:55: 1731817244338813821 Lookup     /opt/lammps/examples/reaxff/HNS/ffield.reax.hns
2024/11/17 04:20:44 logger.go:55: 1731817244338866066 Open       /opt/lammps/examples/reaxff/HNS/ffield.reax.hns
2024/11/17 04:20:44 logger.go:55: 1731817244338989081 Open       /opt/lammps/examples/reaxff/HNS/ffield.reax.hns
2024/11/17 04:20:44 logger.go:55: 1731817244339191671 Open       /opt/lammps/examples/reaxff/HNS/ffield.reax.hns
2024/11/17 04:20:44 logger.go:55: 1731817244339379985 Open       /opt/lammps/examples/reaxff/HNS/ffield.reax.hns
2024/11/17 04:22:25 logger.go:55: 1731817345712379929 Complete   /tmp/out/lammps-recording.out