2024/11/17 05:49:46 logger.go:55: 1731822586640265994 Lookup     /etc
2024/11/17 05:49:46 logger.go:55: 1731822586640402623 Lookup     /etc/host.conf
2024/11/17 05:49:46 logger.go:55: 1731822586640449963 Lookup     /etc/hosts
2024/11/17 05:49:46 logger.go:55: 1731822586640496652 Lookup     /etc/nsswitch.conf
2024/11/17 05:49:46 logger.go:55: 1731822586640537679 Lookup     /etc/resolv.conf
2024/11/17 05:49:46 logger.go:55: 1731822586640577515 Lookup     /dev
2024/11/17 05:49:46 logger.go:55: 1731822586640606800 Lookup     /sys
2024/11/17 05:49:46 logger.go:55: 1731822586640639703 Lookup     /proc
2024/11/17 05:49:46 logger.go:55: 1731822586640671533 Lookup     /tmp
2024/11/17 05:49:46 logger.go:55: 1731822586640702251 Lookup     /root
2024/11/17 05:49:46 logger.go:55: 1731822586640766132 Lookup     /opt
2024/11/17 05:49:46 logger.go:55: 1731822586640805096 Lookup     /opt/lammps
2024/11/17 05:49:46 logger.go:55: 1731822586640848058 Lookup     /opt/lammps/examples
2024/11/17 05:49:46 logger.go:55: 1731822586640887502 Lookup     /opt/lammps/examples/reaxff
2024/11/17 05:49:46 logger.go:55: 1731822586640924913 Lookup     /opt/lammps/examples/reaxff/HNS
2024/11/17 05:49:46 logger.go:55: 1731822586641127988 Lookup     /usr
2024/11/17 05:49:46 logger.go:55: 1731822586641171030 Lookup     /usr/local
2024/11/17 05:49:46 logger.go:55: 1731822586641208952 Lookup     /usr/local/sbin
2024/11/17 05:49:46 logger.go:55: 1731822586641345611 Lookup     /usr/local/bin
2024/11/17 05:49:46 logger.go:55: 1731822586641477370 Lookup     /usr/sbin
2024/11/17 05:49:46 logger.go:55: 1731822586641607677 Lookup     /usr/bin
2024/11/17 05:49:46 logger.go:55: 1731822586641655498 Lookup     /usr/bin/lmp
2024/11/17 05:49:46 logger.go:55: 1731822586642023085 Open       /usr/bin/lmp
2024/11/17 05:49:46 logger.go:55: 1731822586642170484 Open       /usr/bin/lmp
2024/11/17 05:49:46 logger.go:55: 1731822586642264903 Lookup     /lib64
2024/11/17 05:49:46 logger.go:55: 1731822586642325648 Lookup     /usr/lib64
2024/11/17 05:49:46 logger.go:55: 1731822586642425457 Lookup     /usr/lib64/ld-linux-x86-64.so.2
2024/11/17 05:49:46 logger.go:55: 1731822586642521419 Lookup     /lib
2024/11/17 05:49:46 logger.go:55: 1731822586642566124 Lookup     /usr/lib
2024/11/17 05:49:46 logger.go:55: 1731822586642666665 Lookup     /usr/lib/x86_64-linux-gnu
2024/11/17 05:49:46 logger.go:55: 1731822586642700629 Lookup     /usr/lib/x86_64-linux-gnu/ld-linux-x86-64.so.2
2024/11/17 05:49:46 logger.go:55: 1731822586642812261 Open       /usr/lib/x86_64-linux-gnu/ld-linux-x86-64.so.2
2024/11/17 05:49:46 logger.go:55: 1731822586643686708 Open       /usr/bin/lmp
2024/11/17 05:49:46 logger.go:55: 1731822586644368580 Open       /usr/lib/x86_64-linux-gnu/ld-linux-x86-64.so.2
2024/11/17 05:49:46 logger.go:55: 1731822586645211007 Lookup     /opt/software
2024/11/17 05:49:46 logger.go:55: 1731822586645254319 Lookup     /opt/software/linux-rocky9-x86_64
2024/11/17 05:49:46 logger.go:55: 1731822586645289005 Lookup     /opt/software/linux-rocky9-x86_64/gcc-11.4.1
2024/11/17 05:49:46 logger.go:55: 1731822586645323811 Lookup     /opt/software/linux-rocky9-x86_64/gcc-11.4.1/flux-core-0.61.2-va52p5ph7ylanopgk7ranjgtjgc2wb5y
2024/11/17 05:49:46 logger.go:55: 1731822586645362384 Lookup     /opt/software/linux-rocky9-x86_64/gcc-11.4.1/flux-core-0.61.2-va52p5ph7ylanopgk7ranjgtjgc2wb5y/lib
2024/11/17 05:49:46 logger.go:55: 1731822586645406007 Lookup     /opt/software/linux-rocky9-x86_64/gcc-11.4.1/flux-core-0.61.2-va52p5ph7ylanopgk7ranjgtjgc2wb5y/lib/flux
2024/11/17 05:49:46 logger.go:55: 1731822586648621531 Lookup     /etc/ld.so.cache
2024/11/17 05:49:46 logger.go:55: 1731822586648671245 Open       /etc/ld.so.cache
2024/11/17 05:49:46 logger.go:55: 1731822586648977847 Lookup     /usr/lib/x86_64-linux-gnu/libmpich.so.12
2024/11/17 05:49:46 logger.go:55: 1731822586649033572 Lookup     /usr/lib/x86_64-linux-gnu/libmpich.so.12.2.0
2024/11/17 05:49:46 logger.go:55: 1731822586649139323 Open       /usr/lib/x86_64-linux-gnu/libmpich.so.12.2.0
2024/11/17 05:49:46 logger.go:55: 1731822586649963765 Lookup     /usr/lib/x86_64-linux-gnu/libgomp.so.1
2024/11/17 05:49:46 logger.go:55: 1731822586650028658 Lookup     /usr/lib/x86_64-linux-gnu/libgomp.so.1.0.0
2024/11/17 05:49:46 logger.go:55: 1731822586650146732 Open       /usr/lib/x86_64-linux-gnu/libgomp.so.1.0.0
2024/11/17 05:49:46 logger.go:55: 1731822586650905510 Lookup     /usr/lib/x86_64-linux-gnu/libstdc++.so.6
2024/11/17 05:49:46 logger.go:55: 1731822586650955535 Lookup     /usr/lib/x86_64-linux-gnu/libstdc++.so.6.0.30
2024/11/17 05:49:46 logger.go:55: 1731822586651054473 Open       /usr/lib/x86_64-linux-gnu/libstdc++.so.6.0.30
2024/11/17 05:49:46 logger.go:55: 1731822586651885468 Lookup     /usr/lib/x86_64-linux-gnu/libm.so.6
2024/11/17 05:49:46 logger.go:55: 1731822586651938077 Open       /usr/lib/x86_64-linux-gnu/libm.so.6
2024/11/17 05:49:46 logger.go:55: 1731822586652678400 Lookup     /usr/lib/x86_64-linux-gnu/libgcc_s.so.1
2024/11/17 05:49:46 logger.go:55: 1731822586652730409 Open       /usr/lib/x86_64-linux-gnu/libgcc_s.so.1
2024/11/17 05:49:46 logger.go:55: 1731822586653398746 Lookup     /usr/lib/x86_64-linux-gnu/libc.so.6
2024/11/17 05:49:46 logger.go:55: 1731822586653456676 Open       /usr/lib/x86_64-linux-gnu/libc.so.6
2024/11/17 05:49:46 logger.go:55: 1731822586654431453 Lookup     /usr/lib/x86_64-linux-gnu/libhwloc.so.15
2024/11/17 05:49:46 logger.go:55: 1731822586654492529 Lookup     /usr/lib/x86_64-linux-gnu/libhwloc.so.15.5.2
2024/11/17 05:49:46 logger.go:55: 1731822586654589162 Open       /usr/lib/x86_64-linux-gnu/libhwloc.so.15.5.2
2024/11/17 05:49:46 logger.go:55: 1731822586655379961 Lookup     /usr/lib/x86_64-linux-gnu/libfabric.so.1
2024/11/17 05:49:46 logger.go:55: 1731822586655439053 Lookup     /usr/lib/x86_64-linux-gnu/libfabric.so.1.14.0
2024/11/17 05:49:46 logger.go:55: 1731822586655538161 Open       /usr/lib/x86_64-linux-gnu/libfabric.so.1.14.0
2024/11/17 05:49:46 logger.go:55: 1731822586656299834 Lookup     /usr/lib/x86_64-linux-gnu/libudev.so.1
2024/11/17 05:49:46 logger.go:55: 1731822586656350871 Lookup     /usr/lib/x86_64-linux-gnu/libudev.so.1.7.2
2024/11/17 05:49:46 logger.go:55: 1731822586656446573 Open       /usr/lib/x86_64-linux-gnu/libudev.so.1.7.2
2024/11/17 05:49:46 logger.go:55: 1731822586657150146 Lookup     /usr/lib/x86_64-linux-gnu/librdmacm.so.1
2024/11/17 05:49:46 logger.go:55: 1731822586657219678 Lookup     /usr/lib/x86_64-linux-gnu/librdmacm.so.1.3.39.0
2024/11/17 05:49:46 logger.go:55: 1731822586657322873 Open       /usr/lib/x86_64-linux-gnu/librdmacm.so.1.3.39.0
2024/11/17 05:49:46 logger.go:55: 1731822586658042567 Lookup     /usr/lib/x86_64-linux-gnu/libefa.so.1
2024/11/17 05:49:46 logger.go:55: 1731822586658113752 Lookup     /usr/lib/x86_64-linux-gnu/libefa.so.1.1.39.0
2024/11/17 05:49:46 logger.go:55: 1731822586658213802 Open       /usr/lib/x86_64-linux-gnu/libefa.so.1.1.39.0
2024/11/17 05:49:46 logger.go:55: 1731822586658899532 Lookup     /usr/lib/x86_64-linux-gnu/libibverbs.so.1
2024/11/17 05:49:46 logger.go:55: 1731822586658955568 Lookup     /usr/lib/x86_64-linux-gnu/libibverbs.so.1.14.39.0
2024/11/17 05:49:46 logger.go:55: 1731822586659049005 Open       /usr/lib/x86_64-linux-gnu/libibverbs.so.1.14.39.0
2024/11/17 05:49:46 logger.go:55: 1731822586659751517 Lookup     /usr/lib/x86_64-linux-gnu/libpsm_infinipath.so.1
2024/11/17 05:49:46 logger.go:55: 1731822586659909175 Lookup     /etc/alternatives
2024/11/17 05:49:46 logger.go:55: 1731822586659942398 Lookup     /etc/alternatives/libpsm_infinipath.so.1
2024/11/17 05:49:46 logger.go:55: 1731822586660044793 Lookup     /usr/lib/libpsm1
2024/11/17 05:49:46 logger.go:55: 1731822586660076833 Lookup     /usr/lib/libpsm1/libpsm_infinipath.so.1.16
2024/11/17 05:49:46 logger.go:55: 1731822586660139712 Open       /usr/lib/libpsm1/libpsm_infinipath.so.1.16
2024/11/17 05:49:46 logger.go:55: 1731822586660976498 Lookup     /usr/lib/x86_64-linux-gnu/libpsm2.so.2
2024/11/17 05:49:46 logger.go:55: 1731822586661033386 Lookup     /usr/lib/x86_64-linux-gnu/libpsm2.so.2.2
2024/11/17 05:49:46 logger.go:55: 1731822586661132354 Open       /usr/lib/x86_64-linux-gnu/libpsm2.so.2.2
2024/11/17 05:49:46 logger.go:55: 1731822586661882365 Lookup     /usr/lib/x86_64-linux-gnu/libnl-3.so.200
2024/11/17 05:49:46 logger.go:55: 1731822586661948881 Lookup     /usr/lib/x86_64-linux-gnu/libnl-3.so.200.26.0
2024/11/17 05:49:46 logger.go:55: 1731822586662044202 Open       /usr/lib/x86_64-linux-gnu/libnl-3.so.200.26.0
2024/11/17 05:49:46 logger.go:55: 1731822586662780928 Lookup     /usr/lib/x86_64-linux-gnu/libnl-route-3.so.200
2024/11/17 05:49:46 logger.go:55: 1731822586662843717 Lookup     /usr/lib/x86_64-linux-gnu/libnl-route-3.so.200.26.0
2024/11/17 05:49:46 logger.go:55: 1731822586662937565 Open       /usr/lib/x86_64-linux-gnu/libnl-route-3.so.200.26.0
2024/11/17 05:49:46 logger.go:55: 1731822586663787667 Lookup     /usr/lib/x86_64-linux-gnu/libinfinipath.so.4
2024/11/17 05:49:46 logger.go:55: 1731822586663846157 Lookup     /usr/lib/x86_64-linux-gnu/libinfinipath.so.4.0
2024/11/17 05:49:46 logger.go:55: 1731822586663938412 Open       /usr/lib/x86_64-linux-gnu/libinfinipath.so.4.0
2024/11/17 05:49:46 logger.go:55: 1731822586664667865 Lookup     /usr/lib/x86_64-linux-gnu/librt.so.1
2024/11/17 05:49:46 logger.go:55: 1731822586664732417 Open       /usr/lib/x86_64-linux-gnu/librt.so.1
2024/11/17 05:49:46 logger.go:55: 1731822586666522530 Lookup     /usr/lib/x86_64-linux-gnu/libpthread.so.0
2024/11/17 05:49:46 logger.go:55: 1731822586666592914 Open       /usr/lib/x86_64-linux-gnu/libpthread.so.0
2024/11/17 05:49:46 logger.go:55: 1731822586667455388 Lookup     /usr/lib/x86_64-linux-gnu/libdl.so.2
2024/11/17 05:49:46 logger.go:55: 1731822586667518267 Open       /usr/lib/x86_64-linux-gnu/libdl.so.2
2024/11/17 05:49:46 logger.go:55: 1731822586668495930 Lookup     /usr/lib/x86_64-linux-gnu/libuuid.so.1
2024/11/17 05:49:46 logger.go:55: 1731822586668551045 Lookup     /usr/lib/x86_64-linux-gnu/libuuid.so.1.3.0
2024/11/17 05:49:46 logger.go:55: 1731822586668654962 Open       /usr/lib/x86_64-linux-gnu/libuuid.so.1.3.0
2024/11/17 05:49:46 logger.go:55: 1731822586669382851 Lookup     /usr/lib/x86_64-linux-gnu/libnuma.so.1
2024/11/17 05:49:46 logger.go:55: 1731822586669451872 Lookup     /usr/lib/x86_64-linux-gnu/libnuma.so.1.0.0
2024/11/17 05:49:46 logger.go:55: 1731822586669569185 Open       /usr/lib/x86_64-linux-gnu/libnuma.so.1.0.0
2024/11/17 05:49:46 logger.go:55: 1731822586888114918 Lookup     /usr/lib/x86_64-linux-gnu/hwloc
2024/11/17 05:49:46 logger.go:55: 1731822586888406921 Lookup     /usr/lib/x86_64-linux-gnu/hwloc/hwloc_opencl.so
2024/11/17 05:49:46 logger.go:55: 1731822586888432890 Lookup     /usr/lib/x86_64-linux-gnu/hwloc/hwloc_xml_libxml.so
2024/11/17 05:49:46 logger.go:55: 1731822586888446716 Lookup     /usr/lib/x86_64-linux-gnu/hwloc/hwloc_gl.so
2024/11/17 05:49:46 logger.go:55: 1731822586888461575 Lookup     /usr/lib/x86_64-linux-gnu/hwloc/hwloc_pci.so
2024/11/17 05:49:46 logger.go:55: 1731822586888689947 Open       /usr/lib/x86_64-linux-gnu/hwloc/hwloc_opencl.so
2024/11/17 05:49:46 logger.go:55: 1731822586889375968 Open       /etc/ld.so.cache
2024/11/17 05:49:46 logger.go:55: 1731822586889751960 Lookup     /usr/lib/x86_64-linux-gnu/libOpenCL.so.1
2024/11/17 05:49:46 logger.go:55: 1731822586889816332 Lookup     /usr/lib/x86_64-linux-gnu/libOpenCL.so.1.0.0
2024/11/17 05:49:46 logger.go:55: 1731822586889925980 Open       /usr/lib/x86_64-linux-gnu/libOpenCL.so.1.0.0
2024/11/17 05:49:46 logger.go:55: 1731822586890793164 Open       /usr/lib/x86_64-linux-gnu/hwloc/hwloc_xml_libxml.so
2024/11/17 05:49:46 logger.go:55: 1731822586891453065 Open       /etc/ld.so.cache
2024/11/17 05:49:46 logger.go:55: 1731822586891817065 Lookup     /usr/lib/x86_64-linux-gnu/libxml2.so.2
2024/11/17 05:49:46 logger.go:55: 1731822586891887298 Lookup     /usr/lib/x86_64-linux-gnu/libxml2.so.2.9.13
2024/11/17 05:49:46 logger.go:55: 1731822586892005592 Open       /usr/lib/x86_64-linux-gnu/libxml2.so.2.9.13
2024/11/17 05:49:46 logger.go:55: 1731822586892949411 Lookup     /usr/lib/x86_64-linux-gnu/libicuuc.so.70
2024/11/17 05:49:46 logger.go:55: 1731822586893031035 Lookup     /usr/lib/x86_64-linux-gnu/libicuuc.so.70.1
2024/11/17 05:49:46 logger.go:55: 1731822586893151734 Open       /usr/lib/x86_64-linux-gnu/libicuuc.so.70.1
2024/11/17 05:49:46 logger.go:55: 1731822586894072900 Lookup     /usr/lib/x86_64-linux-gnu/libz.so.1
2024/11/17 05:49:46 logger.go:55: 1731822586894155607 Lookup     /usr/lib/x86_64-linux-gnu/libz.so.1.2.11
2024/11/17 05:49:46 logger.go:55: 1731822586894262099 Open       /usr/lib/x86_64-linux-gnu/libz.so.1.2.11
2024/11/17 05:49:46 logger.go:55: 1731822586895071493 Lookup     /usr/lib/x86_64-linux-gnu/liblzma.so.5
2024/11/17 05:49:46 logger.go:55: 1731822586895142838 Lookup     /usr/lib/x86_64-linux-gnu/liblzma.so.5.2.5
2024/11/17 05:49:46 logger.go:55: 1731822586895256744 Open       /usr/lib/x86_64-linux-gnu/liblzma.so.5.2.5
2024/11/17 05:49:46 logger.go:55: 1731822586896046531 Lookup     /usr/lib/x86_64-linux-gnu/libicudata.so.70
2024/11/17 05:49:46 logger.go:55: 1731822586896123226 Lookup     /usr/lib/x86_64-linux-gnu/libicudata.so.70.1
2024/11/17 05:49:46 logger.go:55: 1731822586896237934 Open       /usr/lib/x86_64-linux-gnu/libicudata.so.70.1
2024/11/17 05:49:46 logger.go:55: 1731822586898233276 Open       /usr/lib/x86_64-linux-gnu/hwloc/hwloc_gl.so
2024/11/17 05:49:46 logger.go:55: 1731822586898884069 Open       /etc/ld.so.cache
2024/11/17 05:49:46 logger.go:55: 1731822586899236858 Lookup     /usr/lib/x86_64-linux-gnu/libXNVCtrl.so.0
2024/11/17 05:49:46 logger.go:55: 1731822586899309024 Lookup     /usr/lib/x86_64-linux-gnu/libXNVCtrl.so.0.0.0
2024/11/17 05:49:46 logger.go:55: 1731822586899418231 Open       /usr/lib/x86_64-linux-gnu/libXNVCtrl.so.0.0.0
2024/11/17 05:49:46 logger.go:55: 1731822586900152443 Lookup     /usr/lib/x86_64-linux-gnu/libX11.so.6
2024/11/17 05:49:46 logger.go:55: 1731822586900225081 Lookup     /usr/lib/x86_64-linux-gnu/libX11.so.6.4.0
2024/11/17 05:49:46 logger.go:55: 1731822586900338556 Open       /usr/lib/x86_64-linux-gnu/libX11.so.6.4.0
2024/11/17 05:49:46 logger.go:55: 1731822586901235726 Lookup     /usr/lib/x86_64-linux-gnu/libXext.so.6
2024/11/17 05:49:46 logger.go:55: 1731822586901317732 Lookup     /usr/lib/x86_64-linux-gnu/libXext.so.6.4.0
2024/11/17 05:49:46 logger.go:55: 1731822586901425506 Open       /usr/lib/x86_64-linux-gnu/libXext.so.6.4.0
2024/11/17 05:49:46 logger.go:55: 1731822586902175207 Lookup     /usr/lib/x86_64-linux-gnu/libxcb.so.1
2024/11/17 05:49:46 logger.go:55: 1731822586902241833 Lookup     /usr/lib/x86_64-linux-gnu/libxcb.so.1.1.0
2024/11/17 05:49:46 logger.go:55: 1731822586902352222 Open       /usr/lib/x86_64-linux-gnu/libxcb.so.1.1.0
2024/11/17 05:49:46 logger.go:55: 1731822586903197174 Lookup     /usr/lib/x86_64-linux-gnu/libXau.so.6
2024/11/17 05:49:46 logger.go:55: 1731822586903259502 Lookup     /usr/lib/x86_64-linux-gnu/libXau.so.6.0.0
2024/11/17 05:49:46 logger.go:55: 1731822586903369861 Open       /usr/lib/x86_64-linux-gnu/libXau.so.6.0.0
2024/11/17 05:49:46 logger.go:55: 1731822586904085277 Lookup     /usr/lib/x86_64-linux-gnu/libXdmcp.so.6
2024/11/17 05:49:46 logger.go:55: 1731822586904170178 Lookup     /usr/lib/x86_64-linux-gnu/libXdmcp.so.6.0.0
2024/11/17 05:49:46 logger.go:55: 1731822586904283924 Open       /usr/lib/x86_64-linux-gnu/libXdmcp.so.6.0.0
2024/11/17 05:49:46 logger.go:55: 1731822586905006894 Lookup     /usr/lib/x86_64-linux-gnu/libbsd.so.0
2024/11/17 05:49:46 logger.go:55: 1731822586905096544 Lookup     /usr/lib/x86_64-linux-gnu/libbsd.so.0.11.5
2024/11/17 05:49:46 logger.go:55: 1731822586905214267 Open       /usr/lib/x86_64-linux-gnu/libbsd.so.0.11.5
2024/11/17 05:49:46 logger.go:55: 1731822586906035213 Lookup     /usr/lib/x86_64-linux-gnu/libmd.so.0
2024/11/17 05:49:46 logger.go:55: 1731822586906117329 Lookup     /usr/lib/x86_64-linux-gnu/libmd.so.0.0.5
2024/11/17 05:49:46 logger.go:55: 1731822586906228389 Open       /usr/lib/x86_64-linux-gnu/libmd.so.0.0.5
2024/11/17 05:49:46 logger.go:55: 1731822586907518003 Open       /usr/lib/x86_64-linux-gnu/hwloc/hwloc_pci.so
2024/11/17 05:49:46 logger.go:55: 1731822586908187002 Open       /etc/ld.so.cache
2024/11/17 05:49:46 logger.go:55: 1731822586908554628 Lookup     /usr/lib/x86_64-linux-gnu/libpciaccess.so.0
2024/11/17 05:49:46 logger.go:55: 1731822586908622948 Lookup     /usr/lib/x86_64-linux-gnu/libpciaccess.so.0.11.1
2024/11/17 05:49:46 logger.go:55: 1731822586908749047 Open       /usr/lib/x86_64-linux-gnu/libpciaccess.so.0.11.1
2024/11/17 05:49:47 logger.go:55: 1731822587239617182 Lookup     /run
2024/11/17 05:49:47 logger.go:55: 1731822587245818626 Lookup     /var
2024/11/17 05:49:47 logger.go:55: 1731822587245862489 Lookup     /var/run
2024/11/17 05:49:47 logger.go:55: 1731822587246928870 Lookup     /etc/gai.conf
2024/11/17 05:49:47 logger.go:55: 1731822587246969367 Open       /etc/gai.conf
2024/11/17 05:49:47 logger.go:55: 1731822587256051972 Lookup     /usr/share
2024/11/17 05:49:47 logger.go:55: 1731822587256127655 Lookup     /usr/share/misc
2024/11/17 05:49:47 logger.go:55: 1731822587273881776 Open       /etc/ld.so.cache
2024/11/17 05:49:47 logger.go:55: 1731822587282859281 Open       /etc/ld.so.cache
2024/11/17 05:49:47 logger.go:55: 1731822587283648848 Open       /etc/ld.so.cache
2024/11/17 05:49:47 logger.go:55: 1731822587284428626 Open       /etc/ld.so.cache
2024/11/17 05:49:47 logger.go:55: 1731822587285226839 Open       /etc/ld.so.cache
2024/11/17 05:49:47 logger.go:55: 1731822587286011315 Open       /etc/ld.so.cache
2024/11/17 05:49:47 logger.go:55: 1731822587286801914 Open       /etc/ld.so.cache
2024/11/17 05:49:47 logger.go:55: 1731822587287604675 Open       /etc/ld.so.cache
2024/11/17 05:49:47 logger.go:55: 1731822587288387619 Open       /etc/ld.so.cache
2024/11/17 05:49:47 logger.go:55: 1731822587289175903 Open       /etc/ld.so.cache
2024/11/17 05:49:47 logger.go:55: 1731822587289958216 Open       /etc/ld.so.cache
2024/11/17 05:49:47 logger.go:55: 1731822587290769123 Open       /etc/ld.so.cache
2024/11/17 05:49:47 logger.go:55: 1731822587291585591 Open       /etc/ld.so.cache
2024/11/17 05:49:47 logger.go:55: 1731822587292377912 Open       /etc/ld.so.cache
2024/11/17 05:49:47 logger.go:55: 1731822587293163461 Open       /etc/ld.so.cache
2024/11/17 05:49:47 logger.go:55: 1731822587293947547 Open       /etc/ld.so.cache
2024/11/17 05:49:47 logger.go:55: 1731822587294720422 Open       /etc/ld.so.cache
2024/11/17 05:49:47 logger.go:55: 1731822587305936451 Lookup     /opt/lammps/examples/reaxff/HNS/in.reaxc.hns
2024/11/17 05:49:47 logger.go:55: 1731822587306015591 Open       /opt/lammps/examples/reaxff/HNS/in.reaxc.hns
2024/11/17 05:49:47 logger.go:55: 1731822587307969033 Lookup     /opt/lammps/examples/reaxff/HNS/data.hns-equil
2024/11/17 05:49:47 logger.go:55: 1731822587308044216 Open       /opt/lammps/examples/reaxff/HNS/data.hns-equil
2024/11/17 05:49:47 logger.go:55: 1731822587308226872 Open       /opt/lammps/examples/reaxff/HNS/data.hns-equil
2024/11/17 05:49:47 logger.go:55: 1731822587312919446 Lookup     /opt/lammps/examples/reaxff/HNS/ffield.reax.hns
2024/11/17 05:49:47 logger.go:55: 1731822587312989018 Open       /opt/lammps/examples/reaxff/HNS/ffield.reax.hns
2024/11/17 05:49:47 logger.go:55: 1731822587313129093 Open       /opt/lammps/examples/reaxff/HNS/ffield.reax.hns
2024/11/17 05:49:47 logger.go:55: 1731822587313337889 Open       /opt/lammps/examples/reaxff/HNS/ffield.reax.hns
2024/11/17 05:49:47 logger.go:55: 1731822587313543910 Open       /opt/lammps/examples/reaxff/HNS/ffield.reax.hns
2024/11/17 05:51:28 logger.go:55: 1731822688263589873 Complete   /tmp/out/lammps-recording.out