2024/11/17 11:39:10 logger.go:55: 1731843550231642658 Lookup     /etc
2024/11/17 11:39:10 logger.go:55: 1731843550231774197 Lookup     /etc/host.conf
2024/11/17 11:39:10 logger.go:55: 1731843550231805911 Lookup     /etc/hosts
2024/11/17 11:39:10 logger.go:55: 1731843550231834370 Lookup     /etc/nsswitch.conf
2024/11/17 11:39:10 logger.go:55: 1731843550231864281 Lookup     /etc/resolv.conf
2024/11/17 11:39:10 logger.go:55: 1731843550231889492 Lookup     /dev
2024/11/17 11:39:10 logger.go:55: 1731843550231910204 Lookup     /sys
2024/11/17 11:39:10 logger.go:55: 1731843550231933502 Lookup     /proc
2024/11/17 11:39:10 logger.go:55: 1731843550231955707 Lookup     /tmp
2024/11/17 11:39:10 logger.go:55: 1731843550231978564 Lookup     /root
2024/11/17 11:39:10 logger.go:55: 1731843550232026512 Lookup     /opt
2024/11/17 11:39:10 logger.go:55: 1731843550232050350 Lookup     /opt/lammps
2024/11/17 11:39:10 logger.go:55: 1731843550232074520 Lookup     /opt/lammps/examples
2024/11/17 11:39:10 logger.go:55: 1731843550232113329 Lookup     /opt/lammps/examples/reax
2024/11/17 11:39:10 logger.go:55: 1731843550232145906 Lookup     /opt/lammps/examples/reax/HNS
2024/11/17 11:39:10 logger.go:55: 1731843550232275550 Lookup     /usr
2024/11/17 11:39:10 logger.go:55: 1731843550232303778 Lookup     /usr/local
2024/11/17 11:39:10 logger.go:55: 1731843550232326043 Lookup     /usr/local/sbin
2024/11/17 11:39:10 logger.go:55: 1731843550232422260 Lookup     /usr/local/bin
2024/11/17 11:39:10 logger.go:55: 1731843550232516502 Lookup     /usr/sbin
2024/11/17 11:39:10 logger.go:55: 1731843550232631728 Lookup     /usr/bin
2024/11/17 11:39:10 logger.go:55: 1731843550232666990 Lookup     /usr/bin/lmp
2024/11/17 11:39:10 logger.go:55: 1731843550232955609 Open       /usr/bin/lmp
2024/11/17 11:39:10 logger.go:55: 1731843550233061615 Open       /usr/bin/lmp
2024/11/17 11:39:10 logger.go:55: 1731843550233128863 Lookup     /lib64
2024/11/17 11:39:10 logger.go:55: 1731843550233182161 Lookup     /usr/lib64
2024/11/17 11:39:10 logger.go:55: 1731843550233251764 Lookup     /usr/lib64/ld-linux-x86-64.so.2
2024/11/17 11:39:10 logger.go:55: 1731843550233320915 Lookup     /lib
2024/11/17 11:39:10 logger.go:55: 1731843550233359884 Lookup     /usr/lib
2024/11/17 11:39:10 logger.go:55: 1731843550233432072 Lookup     /usr/lib/x86_64-linux-gnu
2024/11/17 11:39:10 logger.go:55: 1731843550233456411 Lookup     /usr/lib/x86_64-linux-gnu/ld-linux-x86-64.so.2
2024/11/17 11:39:10 logger.go:55: 1731843550233537136 Open       /usr/lib/x86_64-linux-gnu/ld-linux-x86-64.so.2
2024/11/17 11:39:10 logger.go:55: 1731843550234211483 Open       /usr/bin/lmp
2024/11/17 11:39:10 logger.go:55: 1731843550234800506 Open       /usr/lib/x86_64-linux-gnu/ld-linux-x86-64.so.2
2024/11/17 11:39:10 logger.go:55: 1731843550235521728 Lookup     /opt/software
2024/11/17 11:39:10 logger.go:55: 1731843550235555618 Lookup     /opt/software/linux-rocky9-x86_64
2024/11/17 11:39:10 logger.go:55: 1731843550235580739 Lookup     /opt/software/linux-rocky9-x86_64/gcc-11.4.1
2024/11/17 11:39:10 logger.go:55: 1731843550235607483 Lookup     /opt/software/linux-rocky9-x86_64/gcc-11.4.1/flux-core-0.61.2-va52p5ph7ylanopgk7ranjgtjgc2wb5y
2024/11/17 11:39:10 logger.go:55: 1731843550235651092 Lookup     /opt/software/linux-rocky9-x86_64/gcc-11.4.1/flux-core-0.61.2-va52p5ph7ylanopgk7ranjgtjgc2wb5y/lib
2024/11/17 11:39:10 logger.go:55: 1731843550235675733 Lookup     /opt/software/linux-rocky9-x86_64/gcc-11.4.1/flux-core-0.61.2-va52p5ph7ylanopgk7ranjgtjgc2wb5y/lib/flux
2024/11/17 11:39:10 logger.go:55: 1731843550238045191 Lookup     /etc/ld.so.cache
2024/11/17 11:39:10 logger.go:55: 1731843550238082587 Open       /etc/ld.so.cache
2024/11/17 11:39:10 logger.go:55: 1731843550238322717 Lookup     /usr/lib/x86_64-linux-gnu/libmpich.so.12
2024/11/17 11:39:10 logger.go:55: 1731843550238367008 Lookup     /usr/lib/x86_64-linux-gnu/libmpich.so.12.2.0
2024/11/17 11:39:10 logger.go:55: 1731843550238437652 Open       /usr/lib/x86_64-linux-gnu/libmpich.so.12.2.0
2024/11/17 11:39:10 logger.go:55: 1731843550239026083 Lookup     /usr/lib/x86_64-linux-gnu/libstdc++.so.6
2024/11/17 11:39:10 logger.go:55: 1731843550239073690 Lookup     /usr/lib/x86_64-linux-gnu/libstdc++.so.6.0.30
2024/11/17 11:39:10 logger.go:55: 1731843550239152251 Open       /usr/lib/x86_64-linux-gnu/libstdc++.so.6.0.30
2024/11/17 11:39:10 logger.go:55: 1731843550239768229 Lookup     /usr/lib/x86_64-linux-gnu/libm.so.6
2024/11/17 11:39:10 logger.go:55: 1731843550239809924 Open       /usr/lib/x86_64-linux-gnu/libm.so.6
2024/11/17 11:39:10 logger.go:55: 1731843550240526687 Lookup     /usr/lib/x86_64-linux-gnu/libgcc_s.so.1
2024/11/17 11:39:10 logger.go:55: 1731843550240579575 Open       /usr/lib/x86_64-linux-gnu/libgcc_s.so.1
2024/11/17 11:39:10 logger.go:55: 1731843550241096861 Lookup     /usr/lib/x86_64-linux-gnu/libc.so.6
2024/11/17 11:39:10 logger.go:55: 1731843550241153577 Open       /usr/lib/x86_64-linux-gnu/libc.so.6
2024/11/17 11:39:10 logger.go:55: 1731843550241909571 Lookup     /usr/lib/x86_64-linux-gnu/libhwloc.so.15
2024/11/17 11:39:10 logger.go:55: 1731843550241966096 Lookup     /usr/lib/x86_64-linux-gnu/libhwloc.so.15.5.2
2024/11/17 11:39:10 logger.go:55: 1731843550242034496 Open       /usr/lib/x86_64-linux-gnu/libhwloc.so.15.5.2
2024/11/17 11:39:10 logger.go:55: 1731843550242627817 Lookup     /usr/lib/x86_64-linux-gnu/libfabric.so.1
2024/11/17 11:39:10 logger.go:55: 1731843550242682469 Lookup     /usr/lib/x86_64-linux-gnu/libfabric.so.1.14.0
2024/11/17 11:39:10 logger.go:55: 1731843550242752853 Open       /usr/lib/x86_64-linux-gnu/libfabric.so.1.14.0
2024/11/17 11:39:10 logger.go:55: 1731843550243310110 Lookup     /usr/lib/x86_64-linux-gnu/libudev.so.1
2024/11/17 11:39:10 logger.go:55: 1731843550243350433 Lookup     /usr/lib/x86_64-linux-gnu/libudev.so.1.7.2
2024/11/17 11:39:10 logger.go:55: 1731843550243422670 Open       /usr/lib/x86_64-linux-gnu/libudev.so.1.7.2
2024/11/17 11:39:10 logger.go:55: 1731843550243938583 Lookup     /usr/lib/x86_64-linux-gnu/librdmacm.so.1
2024/11/17 11:39:10 logger.go:55: 1731843550243979126 Lookup     /usr/lib/x86_64-linux-gnu/librdmacm.so.1.3.39.0
2024/11/17 11:39:10 logger.go:55: 1731843550244053969 Open       /usr/lib/x86_64-linux-gnu/librdmacm.so.1.3.39.0
2024/11/17 11:39:10 logger.go:55: 1731843550244570153 Lookup     /usr/lib/x86_64-linux-gnu/libefa.so.1
2024/11/17 11:39:10 logger.go:55: 1731843550244624213 Lookup     /usr/lib/x86_64-linux-gnu/libefa.so.1.1.39.0
2024/11/17 11:39:10 logger.go:55: 1731843550244698204 Open       /usr/lib/x86_64-linux-gnu/libefa.so.1.1.39.0
2024/11/17 11:39:10 logger.go:55: 1731843550245212745 Lookup     /usr/lib/x86_64-linux-gnu/libibverbs.so.1
2024/11/17 11:39:10 logger.go:55: 1731843550245264050 Lookup     /usr/lib/x86_64-linux-gnu/libibverbs.so.1.14.39.0
2024/11/17 11:39:10 logger.go:55: 1731843550245333712 Open       /usr/lib/x86_64-linux-gnu/libibverbs.so.1.14.39.0
2024/11/17 11:39:10 logger.go:55: 1731843550245902233 Lookup     /usr/lib/x86_64-linux-gnu/libpsm_infinipath.so.1
2024/11/17 11:39:10 logger.go:55: 1731843550246006706 Lookup     /etc/alternatives
2024/11/17 11:39:10 logger.go:55: 1731843550246031767 Lookup     /etc/alternatives/libpsm_infinipath.so.1
2024/11/17 11:39:10 logger.go:55: 1731843550246109326 Lookup     /usr/lib/libpsm1
2024/11/17 11:39:10 logger.go:55: 1731843550246136912 Lookup     /usr/lib/libpsm1/libpsm_infinipath.so.1.16
2024/11/17 11:39:10 logger.go:55: 1731843550246180792 Open       /usr/lib/libpsm1/libpsm_infinipath.so.1.16
2024/11/17 11:39:10 logger.go:55: 1731843550246775666 Lookup     /usr/lib/x86_64-linux-gnu/libpsm2.so.2
2024/11/17 11:39:10 logger.go:55: 1731843550246825458 Lookup     /usr/lib/x86_64-linux-gnu/libpsm2.so.2.2
2024/11/17 11:39:10 logger.go:55: 1731843550246894840 Open       /usr/lib/x86_64-linux-gnu/libpsm2.so.2.2
2024/11/17 11:39:10 logger.go:55: 1731843550247491458 Lookup     /usr/lib/x86_64-linux-gnu/libnl-3.so.200
2024/11/17 11:39:10 logger.go:55: 1731843550247540588 Lookup     /usr/lib/x86_64-linux-gnu/libnl-3.so.200.26.0
2024/11/17 11:39:10 logger.go:55: 1731843550247609008 Open       /usr/lib/x86_64-linux-gnu/libnl-3.so.200.26.0
2024/11/17 11:39:10 logger.go:55: 1731843550248211297 Lookup     /usr/lib/x86_64-linux-gnu/libnl-route-3.so.200
2024/11/17 11:39:10 logger.go:55: 1731843550248269085 Lookup     /usr/lib/x86_64-linux-gnu/libnl-route-3.so.200.26.0
2024/11/17 11:39:10 logger.go:55: 1731843550248343988 Open       /usr/lib/x86_64-linux-gnu/libnl-route-3.so.200.26.0
2024/11/17 11:39:10 logger.go:55: 1731843550248941799 Lookup     /usr/lib/x86_64-linux-gnu/libinfinipath.so.4
2024/11/17 11:39:10 logger.go:55: 1731843550248986149 Lookup     /usr/lib/x86_64-linux-gnu/libinfinipath.so.4.0
2024/11/17 11:39:10 logger.go:55: 1731843550249058166 Open       /usr/lib/x86_64-linux-gnu/libinfinipath.so.4.0
2024/11/17 11:39:10 logger.go:55: 1731843550249632539 Lookup     /usr/lib/x86_64-linux-gnu/librt.so.1
2024/11/17 11:39:10 logger.go:55: 1731843550250170377 Open       /usr/lib/x86_64-linux-gnu/librt.so.1
2024/11/17 11:39:10 logger.go:55: 1731843550250658354 Lookup     /usr/lib/x86_64-linux-gnu/libpthread.so.0
2024/11/17 11:39:10 logger.go:55: 1731843550250696381 Open       /usr/lib/x86_64-linux-gnu/libpthread.so.0
2024/11/17 11:39:10 logger.go:55: 1731843550251170680 Lookup     /usr/lib/x86_64-linux-gnu/libdl.so.2
2024/11/17 11:39:10 logger.go:55: 1731843550251218938 Open       /usr/lib/x86_64-linux-gnu/libdl.so.2
2024/11/17 11:39:10 logger.go:55: 1731843550251681523 Lookup     /usr/lib/x86_64-linux-gnu/libuuid.so.1
2024/11/17 11:39:10 logger.go:55: 1731843550251720733 Lookup     /usr/lib/x86_64-linux-gnu/libuuid.so.1.3.0
2024/11/17 11:39:10 logger.go:55: 1731843550251792600 Open       /usr/lib/x86_64-linux-gnu/libuuid.so.1.3.0
2024/11/17 11:39:10 logger.go:55: 1731843550252341921 Lookup     /usr/lib/x86_64-linux-gnu/libnuma.so.1
2024/11/17 11:39:10 logger.go:55: 1731843550252502259 Lookup     /usr/lib/x86_64-linux-gnu/libnuma.so.1.0.0
2024/11/17 11:39:10 logger.go:55: 1731843550252590138 Open       /usr/lib/x86_64-linux-gnu/libnuma.so.1.0.0
2024/11/17 11:39:10 logger.go:55: 1731843550463245486 Lookup     /usr/lib/x86_64-linux-gnu/hwloc
2024/11/17 11:39:10 logger.go:55: 1731843550463464473 Lookup     /usr/lib/x86_64-linux-gnu/hwloc/hwloc_opencl.so
2024/11/17 11:39:10 logger.go:55: 1731843550463488052 Lookup     /usr/lib/x86_64-linux-gnu/hwloc/hwloc_xml_libxml.so
2024/11/17 11:39:10 logger.go:55: 1731843550463500687 Lookup     /usr/lib/x86_64-linux-gnu/hwloc/hwloc_gl.so
2024/11/17 11:39:10 logger.go:55: 1731843550463512682 Lookup     /usr/lib/x86_64-linux-gnu/hwloc/hwloc_pci.so
2024/11/17 11:39:10 logger.go:55: 1731843550463684252 Open       /usr/lib/x86_64-linux-gnu/hwloc/hwloc_opencl.so
2024/11/17 11:39:10 logger.go:55: 1731843550464177409 Open       /etc/ld.so.cache
2024/11/17 11:39:10 logger.go:55: 1731843550464445947 Lookup     /usr/lib/x86_64-linux-gnu/libOpenCL.so.1
2024/11/17 11:39:10 logger.go:55: 1731843550464497984 Lookup     /usr/lib/x86_64-linux-gnu/libOpenCL.so.1.0.0
2024/11/17 11:39:10 logger.go:55: 1731843550464573398 Open       /usr/lib/x86_64-linux-gnu/libOpenCL.so.1.0.0
2024/11/17 11:39:10 logger.go:55: 1731843550465170547 Open       /usr/lib/x86_64-linux-gnu/hwloc/hwloc_xml_libxml.so
2024/11/17 11:39:10 logger.go:55: 1731843550465634835 Open       /etc/ld.so.cache
2024/11/17 11:39:10 logger.go:55: 1731843550465881598 Lookup     /usr/lib/x86_64-linux-gnu/libxml2.so.2
2024/11/17 11:39:10 logger.go:55: 1731843550465925448 Lookup     /usr/lib/x86_64-linux-gnu/libxml2.so.2.9.13
2024/11/17 11:39:10 logger.go:55: 1731843550465998688 Open       /usr/lib/x86_64-linux-gnu/libxml2.so.2.9.13
2024/11/17 11:39:10 logger.go:55: 1731843550466676902 Lookup     /usr/lib/x86_64-linux-gnu/libicuuc.so.70
2024/11/17 11:39:10 logger.go:55: 1731843550466728247 Lookup     /usr/lib/x86_64-linux-gnu/libicuuc.so.70.1
2024/11/17 11:39:10 logger.go:55: 1731843550466802619 Open       /usr/lib/x86_64-linux-gnu/libicuuc.so.70.1
2024/11/17 11:39:10 logger.go:55: 1731843550467469090 Lookup     /usr/lib/x86_64-linux-gnu/libz.so.1
2024/11/17 11:39:10 logger.go:55: 1731843550467530866 Lookup     /usr/lib/x86_64-linux-gnu/libz.so.1.2.11
2024/11/17 11:39:10 logger.go:55: 1731843550467620058 Open       /usr/lib/x86_64-linux-gnu/libz.so.1.2.11
2024/11/17 11:39:10 logger.go:55: 1731843550468285928 Lookup     /usr/lib/x86_64-linux-gnu/liblzma.so.5
2024/11/17 11:39:10 logger.go:55: 1731843550468326961 Lookup     /usr/lib/x86_64-linux-gnu/liblzma.so.5.2.5
2024/11/17 11:39:10 logger.go:55: 1731843550468398517 Open       /usr/lib/x86_64-linux-gnu/liblzma.so.5.2.5
2024/11/17 11:39:10 logger.go:55: 1731843550468968692 Lookup     /usr/lib/x86_64-linux-gnu/libicudata.so.70
2024/11/17 11:39:10 logger.go:55: 1731843550469019556 Lookup     /usr/lib/x86_64-linux-gnu/libicudata.so.70.1
2024/11/17 11:39:10 logger.go:55: 1731843550469096052 Open       /usr/lib/x86_64-linux-gnu/libicudata.so.70.1
2024/11/17 11:39:10 logger.go:55: 1731843550470540812 Open       /usr/lib/x86_64-linux-gnu/hwloc/hwloc_gl.so
2024/11/17 11:39:10 logger.go:55: 1731843550470994758 Open       /etc/ld.so.cache
2024/11/17 11:39:10 logger.go:55: 1731843550471248306 Lookup     /usr/lib/x86_64-linux-gnu/libXNVCtrl.so.0
2024/11/17 11:39:10 logger.go:55: 1731843550471298849 Lookup     /usr/lib/x86_64-linux-gnu/libXNVCtrl.so.0.0.0
2024/11/17 11:39:10 logger.go:55: 1731843550471374383 Open       /usr/lib/x86_64-linux-gnu/libXNVCtrl.so.0.0.0
2024/11/17 11:39:10 logger.go:55: 1731843550471883423 Lookup     /usr/lib/x86_64-linux-gnu/libX11.so.6
2024/11/17 11:39:10 logger.go:55: 1731843550471926801 Lookup     /usr/lib/x86_64-linux-gnu/libX11.so.6.4.0
2024/11/17 11:39:10 logger.go:55: 1731843550472005352 Open       /usr/lib/x86_64-linux-gnu/libX11.so.6.4.0
2024/11/17 11:39:10 logger.go:55: 1731843550472693016 Lookup     /usr/lib/x86_64-linux-gnu/libXext.so.6
2024/11/17 11:39:10 logger.go:55: 1731843550472743880 Lookup     /usr/lib/x86_64-linux-gnu/libXext.so.6.4.0
2024/11/17 11:39:10 logger.go:55: 1731843550472825346 Open       /usr/lib/x86_64-linux-gnu/libXext.so.6.4.0
2024/11/17 11:39:10 logger.go:55: 1731843550473393306 Lookup     /usr/lib/x86_64-linux-gnu/libxcb.so.1
2024/11/17 11:39:10 logger.go:55: 1731843550473444220 Lookup     /usr/lib/x86_64-linux-gnu/libxcb.so.1.1.0
2024/11/17 11:39:10 logger.go:55: 1731843550473639819 Open       /usr/lib/x86_64-linux-gnu/libxcb.so.1.1.0
2024/11/17 11:39:10 logger.go:55: 1731843550474279956 Lookup     /usr/lib/x86_64-linux-gnu/libXau.so.6
2024/11/17 11:39:10 logger.go:55: 1731843550474326962 Lookup     /usr/lib/x86_64-linux-gnu/libXau.so.6.0.0
2024/11/17 11:39:10 logger.go:55: 1731843550474404059 Open       /usr/lib/x86_64-linux-gnu/libXau.so.6.0.0
2024/11/17 11:39:10 logger.go:55: 1731843550474928230 Lookup     /usr/lib/x86_64-linux-gnu/libXdmcp.so.6
2024/11/17 11:39:10 logger.go:55: 1731843550474979134 Lookup     /usr/lib/x86_64-linux-gnu/libXdmcp.so.6.0.0
2024/11/17 11:39:10 logger.go:55: 1731843550475067253 Open       /usr/lib/x86_64-linux-gnu/libXdmcp.so.6.0.0
2024/11/17 11:39:10 logger.go:55: 1731843550475608238 Lookup     /usr/lib/x86_64-linux-gnu/libbsd.so.0
2024/11/17 11:39:10 logger.go:55: 1731843550475669333 Lookup     /usr/lib/x86_64-linux-gnu/libbsd.so.0.11.5
2024/11/17 11:39:10 logger.go:55: 1731843550475748374 Open       /usr/lib/x86_64-linux-gnu/libbsd.so.0.11.5
2024/11/17 11:39:10 logger.go:55: 1731843550476342086 Lookup     /usr/lib/x86_64-linux-gnu/libmd.so.0
2024/11/17 11:39:10 logger.go:55: 1731843550476401999 Lookup     /usr/lib/x86_64-linux-gnu/libmd.so.0.0.5
2024/11/17 11:39:10 logger.go:55: 1731843550476490590 Open       /usr/lib/x86_64-linux-gnu/libmd.so.0.0.5
2024/11/17 11:39:10 logger.go:55: 1731843550477477976 Open       /usr/lib/x86_64-linux-gnu/hwloc/hwloc_pci.so
2024/11/17 11:39:10 logger.go:55: 1731843550477947855 Open       /etc/ld.so.cache
2024/11/17 11:39:10 logger.go:55: 1731843550478248659 Lookup     /usr/lib/x86_64-linux-gnu/libpciaccess.so.0
2024/11/17 11:39:10 logger.go:55: 1731843550478302920 Lookup     /usr/lib/x86_64-linux-gnu/libpciaccess.so.0.11.1
2024/11/17 11:39:10 logger.go:55: 1731843550478382232 Open       /usr/lib/x86_64-linux-gnu/libpciaccess.so.0.11.1
2024/11/17 11:39:10 logger.go:55: 1731843550798681778 Lookup     /run
2024/11/17 11:39:10 logger.go:55: 1731843550804270939 Lookup     /var
2024/11/17 11:39:10 logger.go:55: 1731843550804310731 Lookup     /var/run
2024/11/17 11:39:10 logger.go:55: 1731843550805378491 Lookup     /etc/gai.conf
2024/11/17 11:39:10 logger.go:55: 1731843550805426298 Open       /etc/gai.conf
2024/11/17 11:39:10 logger.go:55: 1731843550813980173 Lookup     /usr/share
2024/11/17 11:39:10 logger.go:55: 1731843550814037440 Lookup     /usr/share/misc
2024/11/17 11:39:10 logger.go:55: 1731843550830353895 Open       /etc/ld.so.cache
2024/11/17 11:39:10 logger.go:55: 1731843550839168953 Open       /etc/ld.so.cache
2024/11/17 11:39:10 logger.go:55: 1731843550839928173 Open       /etc/ld.so.cache
2024/11/17 11:39:10 logger.go:55: 1731843550840720651 Open       /etc/ld.so.cache
2024/11/17 11:39:10 logger.go:55: 1731843550841535655 Open       /etc/ld.so.cache
2024/11/17 11:39:10 logger.go:55: 1731843550842320237 Open       /etc/ld.so.cache
2024/11/17 11:39:10 logger.go:55: 1731843550843131213 Open       /etc/ld.so.cache
2024/11/17 11:39:10 logger.go:55: 1731843550843904883 Open       /etc/ld.so.cache
2024/11/17 11:39:10 logger.go:55: 1731843550844699325 Open       /etc/ld.so.cache
2024/11/17 11:39:10 logger.go:55: 1731843550845490811 Open       /etc/ld.so.cache
2024/11/17 11:39:10 logger.go:55: 1731843550846269982 Open       /etc/ld.so.cache
2024/11/17 11:39:10 logger.go:55: 1731843550847042368 Open       /etc/ld.so.cache
2024/11/17 11:39:10 logger.go:55: 1731843550847820627 Open       /etc/ld.so.cache
2024/11/17 11:39:10 logger.go:55: 1731843550848616112 Open       /etc/ld.so.cache
2024/11/17 11:39:10 logger.go:55: 1731843550849416616 Open       /etc/ld.so.cache
2024/11/17 11:39:10 logger.go:55: 1731843550850215768 Open       /etc/ld.so.cache
2024/11/17 11:39:10 logger.go:55: 1731843550851003216 Open       /etc/ld.so.cache
2024/11/17 11:39:10 logger.go:55: 1731843550861648170 Lookup     /opt/lammps/examples/reax/HNS/in.reaxc.hns
2024/11/17 11:39:10 logger.go:55: 1731843550861703904 Open       /opt/lammps/examples/reax/HNS/in.reaxc.hns
2024/11/17 11:39:10 logger.go:55: 1731843550862707533 Lookup     /opt/lammps/examples/reax/HNS/data.hns-equil
2024/11/17 11:39:10 logger.go:55: 1731843550862756984 Open       /opt/lammps/examples/reax/HNS/data.hns-equil
2024/11/17 11:39:10 logger.go:55: 1731843550870388356 Complete   /tmp/out/lammps-recording.out
2024/11/17 11:39:10 logger.go:55: 1731843550870566249 Lookup     /sbin
2024/11/17 11:39:10 logger.go:55: 1731843550870576951 Lookup     /root
2024/11/17 11:39:10 logger.go:55: 1731843550870600789 Lookup     /srv
2024/11/17 11:39:10 logger.go:55: 1731843550870620950 Lookup     /media
2024/11/17 11:39:10 logger.go:55: 1731843550870641833 Lookup     /libx32
2024/11/17 11:39:10 logger.go:55: 1731843550870654188 Lookup     /lib64
2024/11/17 11:39:10 logger.go:55: 1731843550870659700 Lookup     /etc
2024/11/17 11:39:10 logger.go:55: 1731843550870666233 Lookup     /proc
2024/11/17 11:39:10 logger.go:55: 1731843550870670902 Lookup     /usr
2024/11/17 11:39:10 logger.go:55: 1731843550870686003 Lookup     /lib32
2024/11/17 11:39:10 logger.go:55: 1731843550870706405 Lookup     /boot
2024/11/17 11:39:10 logger.go:55: 1731843550870712567 Lookup     /var
2024/11/17 11:39:10 logger.go:55: 1731843550870719301 Lookup     /tmp
2024/11/17 11:39:10 logger.go:55: 1731843550870725313 Lookup     /mnt
2024/11/17 11:39:10 logger.go:55: 1731843550870730474 Lookup     /dev
2024/11/17 11:39:10 logger.go:55: 1731843550870734813 Lookup     /opt
2024/11/17 11:39:10 logger.go:55: 1731843550870750555 Lookup     /home
2024/11/17 11:39:10 logger.go:55: 1731843550870755806 Lookup     /lib
2024/11/17 11:39:10 logger.go:55: 1731843550870761688 Lookup     /sys
2024/11/17 11:39:10 logger.go:55: 1731843550870767029 Lookup     /bin
2024/11/17 11:39:10 logger.go:55: 1731843550870771909 Lookup     /run
2024/11/17 11:39:10 logger.go:55: 1731843550870777861 Lookup     /flux_operator
2024/11/17 11:39:10 logger.go:55: 1731843550870793693 Lookup     /product_name
2024/11/17 11:39:10 logger.go:55: 1731843550870853255 Lookup     /product_uuid