2024/11/17 06:36:54 logger.go:55: 1731825414465861891 Lookup     /etc
2024/11/17 06:36:54 logger.go:55: 1731825414466005763 Lookup     /etc/host.conf
2024/11/17 06:36:54 logger.go:55: 1731825414466046440 Lookup     /etc/hosts
2024/11/17 06:36:54 logger.go:55: 1731825414466089883 Lookup     /etc/nsswitch.conf
2024/11/17 06:36:54 logger.go:55: 1731825414466138765 Lookup     /etc/resolv.conf
2024/11/17 06:36:54 logger.go:55: 1731825414466177769 Lookup     /dev
2024/11/17 06:36:54 logger.go:55: 1731825414466208477 Lookup     /sys
2024/11/17 06:36:54 logger.go:55: 1731825414466237722 Lookup     /proc
2024/11/17 06:36:54 logger.go:55: 1731825414466269292 Lookup     /tmp
2024/11/17 06:36:54 logger.go:55: 1731825414466301463 Lookup     /root
2024/11/17 06:36:54 logger.go:55: 1731825414466362609 Lookup     /opt
2024/11/17 06:36:54 logger.go:55: 1731825414466393868 Lookup     /opt/lammps
2024/11/17 06:36:54 logger.go:55: 1731825414466436168 Lookup     /opt/lammps/examples
2024/11/17 06:36:54 logger.go:55: 1731825414466471896 Lookup     /opt/lammps/examples/reax
2024/11/17 06:36:54 logger.go:55: 1731825414466513725 Lookup     /opt/lammps/examples/reax/HNS
2024/11/17 06:36:54 logger.go:55: 1731825414466694567 Lookup     /usr
2024/11/17 06:36:54 logger.go:55: 1731825414466728081 Lookup     /usr/local
2024/11/17 06:36:54 logger.go:55: 1731825414466768648 Lookup     /usr/local/sbin
2024/11/17 06:36:54 logger.go:55: 1731825414466920395 Lookup     /usr/local/bin
2024/11/17 06:36:54 logger.go:55: 1731825414467047395 Lookup     /usr/sbin
2024/11/17 06:36:54 logger.go:55: 1731825414467189484 Lookup     /usr/bin
2024/11/17 06:36:54 logger.go:55: 1731825414467247755 Lookup     /usr/bin/lmp
2024/11/17 06:36:54 logger.go:55: 1731825414467666297 Open       /usr/bin/lmp
2024/11/17 06:36:54 logger.go:55: 1731825414467843042 Open       /usr/bin/lmp
2024/11/17 06:36:54 logger.go:55: 1731825414467950255 Lookup     /lib64
2024/11/17 06:36:54 logger.go:55: 1731825414468023774 Lookup     /usr/lib64
2024/11/17 06:36:54 logger.go:55: 1731825414468135215 Lookup     /usr/lib64/ld-linux-x86-64.so.2
2024/11/17 06:36:54 logger.go:55: 1731825414468254521 Lookup     /lib
2024/11/17 06:36:54 logger.go:55: 1731825414468308373 Lookup     /usr/lib
2024/11/17 06:36:54 logger.go:55: 1731825414468407099 Lookup     /usr/lib/x86_64-linux-gnu
2024/11/17 06:36:54 logger.go:55: 1731825414468443759 Lookup     /usr/lib/x86_64-linux-gnu/ld-linux-x86-64.so.2
2024/11/17 06:36:54 logger.go:55: 1731825414468550842 Open       /usr/lib/x86_64-linux-gnu/ld-linux-x86-64.so.2
2024/11/17 06:36:54 logger.go:55: 1731825414469403346 Open       /usr/bin/lmp
2024/11/17 06:36:54 logger.go:55: 1731825414470113801 Open       /usr/lib/x86_64-linux-gnu/ld-linux-x86-64.so.2
2024/11/17 06:36:54 logger.go:55: 1731825414471135054 Lookup     /opt/software
2024/11/17 06:36:54 logger.go:55: 1731825414471180991 Lookup     /opt/software/linux-rocky9-x86_64
2024/11/17 06:36:54 logger.go:55: 1731825414471219354 Lookup     /opt/software/linux-rocky9-x86_64/gcc-11.4.1
2024/11/17 06:36:54 logger.go:55: 1731825414471263467 Lookup     /opt/software/linux-rocky9-x86_64/gcc-11.4.1/flux-core-0.61.2-va52p5ph7ylanopgk7ranjgtjgc2wb5y
2024/11/17 06:36:54 logger.go:55: 1731825414471303463 Lookup     /opt/software/linux-rocky9-x86_64/gcc-11.4.1/flux-core-0.61.2-va52p5ph7ylanopgk7ranjgtjgc2wb5y/lib
2024/11/17 06:36:54 logger.go:55: 1731825414471362946 Lookup     /opt/software/linux-rocky9-x86_64/gcc-11.4.1/flux-core-0.61.2-va52p5ph7ylanopgk7ranjgtjgc2wb5y/lib/flux
2024/11/17 06:36:54 logger.go:55: 1731825414474777771 Lookup     /etc/ld.so.cache
2024/11/17 06:36:54 logger.go:55: 1731825414474840820 Open       /etc/ld.so.cache
2024/11/17 06:36:54 logger.go:55: 1731825414475204749 Lookup     /usr/lib/x86_64-linux-gnu/libmpich.so.12
2024/11/17 06:36:54 logger.go:55: 1731825414475267247 Lookup     /usr/lib/x86_64-linux-gnu/libmpich.so.12.2.0
2024/11/17 06:36:54 logger.go:55: 1731825414475376614 Open       /usr/lib/x86_64-linux-gnu/libmpich.so.12.2.0
2024/11/17 06:36:54 logger.go:55: 1731825414476298961 Lookup     /usr/lib/x86_64-linux-gnu/libgomp.so.1
2024/11/17 06:36:54 logger.go:55: 1731825414476386186 Lookup     /usr/lib/x86_64-linux-gnu/libgomp.so.1.0.0
2024/11/17 06:36:54 logger.go:55: 1731825414476489902 Open       /usr/lib/x86_64-linux-gnu/libgomp.so.1.0.0
2024/11/17 06:36:54 logger.go:55: 1731825414477402941 Lookup     /usr/lib/x86_64-linux-gnu/libstdc++.so.6
2024/11/17 06:36:54 logger.go:55: 1731825414477476179 Lookup     /usr/lib/x86_64-linux-gnu/libstdc++.so.6.0.30
2024/11/17 06:36:54 logger.go:55: 1731825414477577872 Open       /usr/lib/x86_64-linux-gnu/libstdc++.so.6.0.30
2024/11/17 06:36:54 logger.go:55: 1731825414478527981 Lookup     /usr/lib/x86_64-linux-gnu/libm.so.6
2024/11/17 06:36:54 logger.go:55: 1731825414478583546 Open       /usr/lib/x86_64-linux-gnu/libm.so.6
2024/11/17 06:36:54 logger.go:55: 1731825414479550997 Lookup     /usr/lib/x86_64-linux-gnu/libgcc_s.so.1
2024/11/17 06:36:54 logger.go:55: 1731825414479609268 Open       /usr/lib/x86_64-linux-gnu/libgcc_s.so.1
2024/11/17 06:36:54 logger.go:55: 1731825414480339190 Lookup     /usr/lib/x86_64-linux-gnu/libc.so.6
2024/11/17 06:36:54 logger.go:55: 1731825414480399874 Open       /usr/lib/x86_64-linux-gnu/libc.so.6
2024/11/17 06:36:54 logger.go:55: 1731825414481464901 Lookup     /usr/lib/x86_64-linux-gnu/libhwloc.so.15
2024/11/17 06:36:54 logger.go:55: 1731825414481529473 Lookup     /usr/lib/x86_64-linux-gnu/libhwloc.so.15.5.2
2024/11/17 06:36:54 logger.go:55: 1731825414481631606 Open       /usr/lib/x86_64-linux-gnu/libhwloc.so.15.5.2
2024/11/17 06:36:54 logger.go:55: 1731825414482502235 Lookup     /usr/lib/x86_64-linux-gnu/libfabric.so.1
2024/11/17 06:36:54 logger.go:55: 1731825414482581525 Lookup     /usr/lib/x86_64-linux-gnu/libfabric.so.1.14.0
2024/11/17 06:36:54 logger.go:55: 1731825414482704588 Open       /usr/lib/x86_64-linux-gnu/libfabric.so.1.14.0
2024/11/17 06:36:54 logger.go:55: 1731825414483600905 Lookup     /usr/lib/x86_64-linux-gnu/libudev.so.1
2024/11/17 06:36:54 logger.go:55: 1731825414483658193 Lookup     /usr/lib/x86_64-linux-gnu/libudev.so.1.7.2
2024/11/17 06:36:54 logger.go:55: 1731825414483758032 Open       /usr/lib/x86_64-linux-gnu/libudev.so.1.7.2
2024/11/17 06:36:54 logger.go:55: 1731825414484571182 Lookup     /usr/lib/x86_64-linux-gnu/librdmacm.so.1
2024/11/17 06:36:54 logger.go:55: 1731825414484640763 Lookup     /usr/lib/x86_64-linux-gnu/librdmacm.so.1.3.39.0
2024/11/17 06:36:54 logger.go:55: 1731825414484751343 Open       /usr/lib/x86_64-linux-gnu/librdmacm.so.1.3.39.0
2024/11/17 06:36:54 logger.go:55: 1731825414485531770 Lookup     /usr/lib/x86_64-linux-gnu/libefa.so.1
2024/11/17 06:36:54 logger.go:55: 1731825414485602194 Lookup     /usr/lib/x86_64-linux-gnu/libefa.so.1.1.39.0
2024/11/17 06:36:54 logger.go:55: 1731825414485713034 Open       /usr/lib/x86_64-linux-gnu/libefa.so.1.1.39.0
2024/11/17 06:36:54 logger.go:55: 1731825414486512247 Lookup     /usr/lib/x86_64-linux-gnu/libibverbs.so.1
2024/11/17 06:36:54 logger.go:55: 1731825414486574244 Lookup     /usr/lib/x86_64-linux-gnu/libibverbs.so.1.14.39.0
2024/11/17 06:36:54 logger.go:55: 1731825414486675706 Open       /usr/lib/x86_64-linux-gnu/libibverbs.so.1.14.39.0
2024/11/17 06:36:54 logger.go:55: 1731825414487435044 Lookup     /usr/lib/x86_64-linux-gnu/libpsm_infinipath.so.1
2024/11/17 06:36:54 logger.go:55: 1731825414487573145 Lookup     /etc/alternatives
2024/11/17 06:36:54 logger.go:55: 1731825414487610546 Lookup     /etc/alternatives/libpsm_infinipath.so.1
2024/11/17 06:36:54 logger.go:55: 1731825414487724031 Lookup     /usr/lib/libpsm1
2024/11/17 06:36:54 logger.go:55: 1731825414487760079 Lookup     /usr/lib/libpsm1/libpsm_infinipath.so.1.16
2024/11/17 06:36:54 logger.go:55: 1731825414487815764 Open       /usr/lib/libpsm1/libpsm_infinipath.so.1.16
2024/11/17 06:36:54 logger.go:55: 1731825414488796601 Lookup     /usr/lib/x86_64-linux-gnu/libpsm2.so.2
2024/11/17 06:36:54 logger.go:55: 1731825414488862055 Lookup     /usr/lib/x86_64-linux-gnu/libpsm2.so.2.2
2024/11/17 06:36:54 logger.go:55: 1731825414488962014 Open       /usr/lib/x86_64-linux-gnu/libpsm2.so.2.2
2024/11/17 06:36:54 logger.go:55: 1731825414489806914 Lookup     /usr/lib/x86_64-linux-gnu/libnl-3.so.200
2024/11/17 06:36:54 logger.go:55: 1731825414489893037 Lookup     /usr/lib/x86_64-linux-gnu/libnl-3.so.200.26.0
2024/11/17 06:36:54 logger.go:55: 1731825414489996373 Open       /usr/lib/x86_64-linux-gnu/libnl-3.so.200.26.0
2024/11/17 06:36:54 logger.go:55: 1731825414490808340 Lookup     /usr/lib/x86_64-linux-gnu/libnl-route-3.so.200
2024/11/17 06:36:54 logger.go:55: 1731825414490873744 Lookup     /usr/lib/x86_64-linux-gnu/libnl-route-3.so.200.26.0
2024/11/17 06:36:54 logger.go:55: 1731825414490974114 Open       /usr/lib/x86_64-linux-gnu/libnl-route-3.so.200.26.0
2024/11/17 06:36:54 logger.go:55: 1731825414491923361 Lookup     /usr/lib/x86_64-linux-gnu/libinfinipath.so.4
2024/11/17 06:36:54 logger.go:55: 1731825414491984266 Lookup     /usr/lib/x86_64-linux-gnu/libinfinipath.so.4.0
2024/11/17 06:36:54 logger.go:55: 1731825414492090137 Open       /usr/lib/x86_64-linux-gnu/libinfinipath.so.4.0
2024/11/17 06:36:54 logger.go:55: 1731825414492880162 Lookup     /usr/lib/x86_64-linux-gnu/librt.so.1
2024/11/17 06:36:54 logger.go:55: 1731825414492951047 Open       /usr/lib/x86_64-linux-gnu/librt.so.1
2024/11/17 06:36:54 logger.go:55: 1731825414496715824 Lookup     /usr/lib/x86_64-linux-gnu/libpthread.so.0
2024/11/17 06:36:54 logger.go:55: 1731825414496799452 Open       /usr/lib/x86_64-linux-gnu/libpthread.so.0
2024/11/17 06:36:54 logger.go:55: 1731825414497661735 Lookup     /usr/lib/x86_64-linux-gnu/libdl.so.2
2024/11/17 06:36:54 logger.go:55: 1731825414497717491 Open       /usr/lib/x86_64-linux-gnu/libdl.so.2
2024/11/17 06:36:54 logger.go:55: 1731825414498549215 Lookup     /usr/lib/x86_64-linux-gnu/libuuid.so.1
2024/11/17 06:36:54 logger.go:55: 1731825414498610351 Lookup     /usr/lib/x86_64-linux-gnu/libuuid.so.1.3.0
2024/11/17 06:36:54 logger.go:55: 1731825414498713847 Open       /usr/lib/x86_64-linux-gnu/libuuid.so.1.3.0
2024/11/17 06:36:54 logger.go:55: 1731825414499449429 Lookup     /usr/lib/x86_64-linux-gnu/libnuma.so.1
2024/11/17 06:36:54 logger.go:55: 1731825414499511737 Lookup     /usr/lib/x86_64-linux-gnu/libnuma.so.1.0.0
2024/11/17 06:36:54 logger.go:55: 1731825414499623980 Open       /usr/lib/x86_64-linux-gnu/libnuma.so.1.0.0
2024/11/17 06:36:54 logger.go:55: 1731825414715477287 Lookup     /usr/lib/x86_64-linux-gnu/hwloc
2024/11/17 06:36:54 logger.go:55: 1731825414715989277 Lookup     /usr/lib/x86_64-linux-gnu/hwloc/hwloc_opencl.so
2024/11/17 06:36:54 logger.go:55: 1731825414716016478 Lookup     /usr/lib/x86_64-linux-gnu/hwloc/hwloc_xml_libxml.so
2024/11/17 06:36:54 logger.go:55: 1731825414716031887 Lookup     /usr/lib/x86_64-linux-gnu/hwloc/hwloc_gl.so
2024/11/17 06:36:54 logger.go:55: 1731825414716046846 Lookup     /usr/lib/x86_64-linux-gnu/hwloc/hwloc_pci.so
2024/11/17 06:36:54 logger.go:55: 1731825414716283684 Open       /usr/lib/x86_64-linux-gnu/hwloc/hwloc_opencl.so
2024/11/17 06:36:54 logger.go:55: 1731825414716930809 Open       /etc/ld.so.cache
2024/11/17 06:36:54 logger.go:55: 1731825414717318193 Lookup     /usr/lib/x86_64-linux-gnu/libOpenCL.so.1
2024/11/17 06:36:54 logger.go:55: 1731825414717384649 Lookup     /usr/lib/x86_64-linux-gnu/libOpenCL.so.1.0.0
2024/11/17 06:36:54 logger.go:55: 1731825414717488164 Open       /usr/lib/x86_64-linux-gnu/libOpenCL.so.1.0.0
2024/11/17 06:36:54 logger.go:55: 1731825414718402586 Open       /usr/lib/x86_64-linux-gnu/hwloc/hwloc_xml_libxml.so
2024/11/17 06:36:54 logger.go:55: 1731825414719046545 Open       /etc/ld.so.cache
2024/11/17 06:36:54 logger.go:55: 1731825414719398902 Lookup     /usr/lib/x86_64-linux-gnu/libxml2.so.2
2024/11/17 06:36:54 logger.go:55: 1731825414719470187 Lookup     /usr/lib/x86_64-linux-gnu/libxml2.so.2.9.13
2024/11/17 06:36:54 logger.go:55: 1731825414719574745 Open       /usr/lib/x86_64-linux-gnu/libxml2.so.2.9.13
2024/11/17 06:36:54 logger.go:55: 1731825414720616517 Lookup     /usr/lib/x86_64-linux-gnu/libicuuc.so.70
2024/11/17 06:36:54 logger.go:55: 1731825414720691639 Lookup     /usr/lib/x86_64-linux-gnu/libicuuc.so.70.1
2024/11/17 06:36:54 logger.go:55: 1731825414720795055 Open       /usr/lib/x86_64-linux-gnu/libicuuc.so.70.1
2024/11/17 06:36:54 logger.go:55: 1731825414721719836 Lookup     /usr/lib/x86_64-linux-gnu/libz.so.1
2024/11/17 06:36:54 logger.go:55: 1731825414721781082 Lookup     /usr/lib/x86_64-linux-gnu/libz.so.1.2.11
2024/11/17 06:36:54 logger.go:55: 1731825414721891711 Open       /usr/lib/x86_64-linux-gnu/libz.so.1.2.11
2024/11/17 06:36:54 logger.go:55: 1731825414722718677 Lookup     /usr/lib/x86_64-linux-gnu/liblzma.so.5
2024/11/17 06:36:54 logger.go:55: 1731825414722779953 Lookup     /usr/lib/x86_64-linux-gnu/liblzma.so.5.2.5
2024/11/17 06:36:54 logger.go:55: 1731825414722890723 Open       /usr/lib/x86_64-linux-gnu/liblzma.so.5.2.5
2024/11/17 06:36:54 logger.go:55: 1731825414723846793 Lookup     /usr/lib/x86_64-linux-gnu/libicudata.so.70
2024/11/17 06:36:54 logger.go:55: 1731825414723922336 Lookup     /usr/lib/x86_64-linux-gnu/libicudata.so.70.1
2024/11/17 06:36:54 logger.go:55: 1731825414724034909 Open       /usr/lib/x86_64-linux-gnu/libicudata.so.70.1
2024/11/17 06:36:54 logger.go:55: 1731825414726133462 Open       /usr/lib/x86_64-linux-gnu/hwloc/hwloc_gl.so
2024/11/17 06:36:54 logger.go:55: 1731825414726776008 Open       /etc/ld.so.cache
2024/11/17 06:36:54 logger.go:55: 1731825414727128766 Lookup     /usr/lib/x86_64-linux-gnu/libXNVCtrl.so.0
2024/11/17 06:36:54 logger.go:55: 1731825414727194751 Lookup     /usr/lib/x86_64-linux-gnu/libXNVCtrl.so.0.0.0
2024/11/17 06:36:54 logger.go:55: 1731825414727309478 Open       /usr/lib/x86_64-linux-gnu/libXNVCtrl.so.0.0.0
2024/11/17 06:36:54 logger.go:55: 1731825414728020294 Lookup     /usr/lib/x86_64-linux-gnu/libX11.so.6
2024/11/17 06:36:54 logger.go:55: 1731825414728095827 Lookup     /usr/lib/x86_64-linux-gnu/libX11.so.6.4.0
2024/11/17 06:36:54 logger.go:55: 1731825414728228558 Open       /usr/lib/x86_64-linux-gnu/libX11.so.6.4.0
2024/11/17 06:36:54 logger.go:55: 1731825414729101060 Lookup     /usr/lib/x86_64-linux-gnu/libXext.so.6
2024/11/17 06:36:54 logger.go:55: 1731825414729178787 Lookup     /usr/lib/x86_64-linux-gnu/libXext.so.6.4.0
2024/11/17 06:36:54 logger.go:55: 1731825414729289296 Open       /usr/lib/x86_64-linux-gnu/libXext.so.6.4.0
2024/11/17 06:36:54 logger.go:55: 1731825414730041561 Lookup     /usr/lib/x86_64-linux-gnu/libxcb.so.1
2024/11/17 06:36:54 logger.go:55: 1731825414730110341 Lookup     /usr/lib/x86_64-linux-gnu/libxcb.so.1.1.0
2024/11/17 06:36:54 logger.go:55: 1731825414730218967 Open       /usr/lib/x86_64-linux-gnu/libxcb.so.1.1.0
2024/11/17 06:36:54 logger.go:55: 1731825414731052164 Lookup     /usr/lib/x86_64-linux-gnu/libXau.so.6
2024/11/17 06:36:54 logger.go:55: 1731825414731133177 Lookup     /usr/lib/x86_64-linux-gnu/libXau.so.6.0.0
2024/11/17 06:36:54 logger.go:55: 1731825414731263123 Open       /usr/lib/x86_64-linux-gnu/libXau.so.6.0.0
2024/11/17 06:36:54 logger.go:55: 1731825414731965984 Lookup     /usr/lib/x86_64-linux-gnu/libXdmcp.so.6
2024/11/17 06:36:54 logger.go:55: 1731825414732037980 Lookup     /usr/lib/x86_64-linux-gnu/libXdmcp.so.6.0.0
2024/11/17 06:36:54 logger.go:55: 1731825414732157126 Open       /usr/lib/x86_64-linux-gnu/libXdmcp.so.6.0.0
2024/11/17 06:36:54 logger.go:55: 1731825414732872300 Lookup     /usr/lib/x86_64-linux-gnu/libbsd.so.0
2024/11/17 06:36:54 logger.go:55: 1731825414732950468 Lookup     /usr/lib/x86_64-linux-gnu/libbsd.so.0.11.5
2024/11/17 06:36:54 logger.go:55: 1731825414733053974 Open       /usr/lib/x86_64-linux-gnu/libbsd.so.0.11.5
2024/11/17 06:36:54 logger.go:55: 1731825414733922639 Lookup     /usr/lib/x86_64-linux-gnu/libmd.so.0
2024/11/17 06:36:54 logger.go:55: 1731825414733987441 Lookup     /usr/lib/x86_64-linux-gnu/libmd.so.0.0.5
2024/11/17 06:36:54 logger.go:55: 1731825414734097009 Open       /usr/lib/x86_64-linux-gnu/libmd.so.0.0.5
2024/11/17 06:36:54 logger.go:55: 1731825414735457104 Open       /usr/lib/x86_64-linux-gnu/hwloc/hwloc_pci.so
2024/11/17 06:36:54 logger.go:55: 1731825414736130959 Open       /etc/ld.so.cache
2024/11/17 06:36:54 logger.go:55: 1731825414736469300 Lookup     /usr/lib/x86_64-linux-gnu/libpciaccess.so.0
2024/11/17 06:36:54 logger.go:55: 1731825414736560312 Lookup     /usr/lib/x86_64-linux-gnu/libpciaccess.so.0.11.1
2024/11/17 06:36:54 logger.go:55: 1731825414736689126 Open       /usr/lib/x86_64-linux-gnu/libpciaccess.so.0.11.1
2024/11/17 06:36:55 logger.go:55: 1731825415065515376 Lookup     /run
2024/11/17 06:36:55 logger.go:55: 1731825415074262577 Lookup     /var
2024/11/17 06:36:55 logger.go:55: 1731825415074311730 Lookup     /var/run
2024/11/17 06:36:55 logger.go:55: 1731825415075854450 Lookup     /etc/gai.conf
2024/11/17 06:36:55 logger.go:55: 1731825415075919203 Open       /etc/gai.conf
2024/11/17 06:36:55 logger.go:55: 1731825415089543737 Lookup     /usr/share
2024/11/17 06:36:55 logger.go:55: 1731825415089629129 Lookup     /usr/share/misc
2024/11/17 06:36:55 logger.go:55: 1731825415116217717 Open       /etc/ld.so.cache
2024/11/17 06:36:55 logger.go:55: 1731825415130124245 Open       /etc/ld.so.cache
2024/11/17 06:36:55 logger.go:55: 1731825415131384020 Open       /etc/ld.so.cache
2024/11/17 06:36:55 logger.go:55: 1731825415132658784 Open       /etc/ld.so.cache
2024/11/17 06:36:55 logger.go:55: 1731825415133938016 Open       /etc/ld.so.cache
2024/11/17 06:36:55 logger.go:55: 1731825415135199724 Open       /etc/ld.so.cache
2024/11/17 06:36:55 logger.go:55: 1731825415136442147 Open       /etc/ld.so.cache
2024/11/17 06:36:55 logger.go:55: 1731825415137668418 Open       /etc/ld.so.cache
2024/11/17 06:36:55 logger.go:55: 1731825415138941839 Open       /etc/ld.so.cache
2024/11/17 06:36:55 logger.go:55: 1731825415140221933 Open       /etc/ld.so.cache
2024/11/17 06:36:55 logger.go:55: 1731825415141473993 Open       /etc/ld.so.cache
2024/11/17 06:36:55 logger.go:55: 1731825415142725022 Open       /etc/ld.so.cache
2024/11/17 06:36:55 logger.go:55: 1731825415143983935 Open       /etc/ld.so.cache
2024/11/17 06:36:55 logger.go:55: 1731825415145238740 Open       /etc/ld.so.cache
2024/11/17 06:36:55 logger.go:55: 1731825415146482565 Open       /etc/ld.so.cache
2024/11/17 06:36:55 logger.go:55: 1731825415147724076 Open       /etc/ld.so.cache
2024/11/17 06:36:55 logger.go:55: 1731825415149017044 Open       /etc/ld.so.cache
2024/11/17 06:36:55 logger.go:55: 1731825415167580438 Lookup     /opt/lammps/examples/reax/HNS/in.reaxc.hns
2024/11/17 06:36:55 logger.go:55: 1731825415167670028 Open       /opt/lammps/examples/reax/HNS/in.reaxc.hns
2024/11/17 06:36:55 logger.go:55: 1731825415169873770 Lookup     /opt/lammps/examples/reax/HNS/data.hns-equil
2024/11/17 06:36:55 logger.go:55: 1731825415169975112 Open       /opt/lammps/examples/reax/HNS/data.hns-equil
2024/11/17 06:36:55 logger.go:55: 1731825415182248939 Complete   /tmp/out/lammps-recording.out
2024/11/17 06:36:55 logger.go:55: 1731825415182529771 Lookup     /sbin
2024/11/17 06:36:55 logger.go:55: 1731825415182548156 Lookup     /root
2024/11/17 06:36:55 logger.go:55: 1731825415182587200 Lookup     /srv
2024/11/17 06:36:55 logger.go:55: 1731825415182614381 Lookup     /media
2024/11/17 06:36:55 logger.go:55: 1731825415182641051 Lookup     /libx32
2024/11/17 06:36:55 logger.go:55: 1731825415182651521 Lookup     /lib64
2024/11/17 06:36:55 logger.go:55: 1731825415182659466 Lookup     /etc
2024/11/17 06:36:55 logger.go:55: 1731825415182668363 Lookup     /proc
2024/11/17 06:36:55 logger.go:55: 1731825415182676338 Lookup     /usr
2024/11/17 06:36:55 logger.go:55: 1731825415182698941 Lookup     /lib32
2024/11/17 06:36:55 logger.go:55: 1731825415182725381 Lookup     /boot
2024/11/17 06:36:55 logger.go:55: 1731825415182732575 Lookup     /var
2024/11/17 06:36:55 logger.go:55: 1731825415182740219 Lookup     /tmp
2024/11/17 06:36:55 logger.go:55: 1731825415182758804 Lookup     /mnt
2024/11/17 06:36:55 logger.go:55: 1731825415182766319 Lookup     /dev
2024/11/17 06:36:55 logger.go:55: 1731825415182773342 Lookup     /opt
2024/11/17 06:36:55 logger.go:55: 1731825415182800363 Lookup     /home
2024/11/17 06:36:55 logger.go:55: 1731825415182808038 Lookup     /lib
2024/11/17 06:36:55 logger.go:55: 1731825415182816574 Lookup     /sys
2024/11/17 06:36:55 logger.go:55: 1731825415182824489 Lookup     /bin
2024/11/17 06:36:55 logger.go:55: 1731825415182831733 Lookup     /run
2024/11/17 06:36:55 logger.go:55: 1731825415182846671 Lookup     /flux_operator
2024/11/17 06:36:55 logger.go:55: 1731825415182855578 Lookup     /product_name
2024/11/17 06:36:55 logger.go:55: 1731825415182942843 Lookup     /product_uuid