2024/11/17 04:52:28 logger.go:55: 1731819148923873912 Lookup     /etc
2024/11/17 04:52:28 logger.go:55: 1731819148923998380 Lookup     /etc/host.conf
2024/11/17 04:52:28 logger.go:55: 1731819148924027188 Lookup     /etc/hosts
2024/11/17 04:52:28 logger.go:55: 1731819148924064041 Lookup     /etc/nsswitch.conf
2024/11/17 04:52:28 logger.go:55: 1731819148924090394 Lookup     /etc/resolv.conf
2024/11/17 04:52:28 logger.go:55: 1731819148924130133 Lookup     /dev
2024/11/17 04:52:28 logger.go:55: 1731819148924158640 Lookup     /sys
2024/11/17 04:52:28 logger.go:55: 1731819148924180414 Lookup     /proc
2024/11/17 04:52:28 logger.go:55: 1731819148924204261 Lookup     /tmp
2024/11/17 04:52:28 logger.go:55: 1731819148924227097 Lookup     /root
2024/11/17 04:52:28 logger.go:55: 1731819148924275143 Lookup     /opt
2024/11/17 04:52:28 logger.go:55: 1731819148924300844 Lookup     /opt/lammps
2024/11/17 04:52:28 logger.go:55: 1731819148924323790 Lookup     /opt/lammps/examples
2024/11/17 04:52:28 logger.go:55: 1731819148924353619 Lookup     /opt/lammps/examples/reaxff
2024/11/17 04:52:28 logger.go:55: 1731819148924380152 Lookup     /opt/lammps/examples/reaxff/HNS
2024/11/17 04:52:28 logger.go:55: 1731819148924501414 Lookup     /usr
2024/11/17 04:52:28 logger.go:55: 1731819148924524300 Lookup     /usr/local
2024/11/17 04:52:28 logger.go:55: 1731819148924545963 Lookup     /usr/local/sbin
2024/11/17 04:52:28 logger.go:55: 1731819148924635702 Lookup     /usr/local/bin
2024/11/17 04:52:28 logger.go:55: 1731819148924729429 Lookup     /usr/sbin
2024/11/17 04:52:28 logger.go:55: 1731819148924819188 Lookup     /usr/bin
2024/11/17 04:52:28 logger.go:55: 1731819148924850942 Lookup     /usr/bin/lmp
2024/11/17 04:52:28 logger.go:55: 1731819148925141391 Open       /usr/bin/lmp
2024/11/17 04:52:28 logger.go:55: 1731819148925244026 Open       /usr/bin/lmp
2024/11/17 04:52:28 logger.go:55: 1731819148925295278 Lookup     /lib64
2024/11/17 04:52:28 logger.go:55: 1731819148925340448 Lookup     /usr/lib64
2024/11/17 04:52:28 logger.go:55: 1731819148925414055 Lookup     /usr/lib64/ld-linux-x86-64.so.2
2024/11/17 04:52:28 logger.go:55: 1731819148925480779 Lookup     /lib
2024/11/17 04:52:28 logger.go:55: 1731819148925512221 Lookup     /usr/lib
2024/11/17 04:52:28 logger.go:55: 1731819148925578263 Lookup     /usr/lib/x86_64-linux-gnu
2024/11/17 04:52:28 logger.go:55: 1731819148925600327 Lookup     /usr/lib/x86_64-linux-gnu/ld-linux-x86-64.so.2
2024/11/17 04:52:28 logger.go:55: 1731819148925674495 Open       /usr/lib/x86_64-linux-gnu/ld-linux-x86-64.so.2
2024/11/17 04:52:28 logger.go:55: 1731819148926260775 Open       /usr/bin/lmp
2024/11/17 04:52:28 logger.go:55: 1731819148926712817 Open       /usr/lib/x86_64-linux-gnu/ld-linux-x86-64.so.2
2024/11/17 04:52:28 logger.go:55: 1731819148927329618 Lookup     /opt/software
2024/11/17 04:52:28 logger.go:55: 1731819148927360239 Lookup     /opt/software/linux-rocky9-x86_64
2024/11/17 04:52:28 logger.go:55: 1731819148927382463 Lookup     /opt/software/linux-rocky9-x86_64/gcc-11.4.1
2024/11/17 04:52:28 logger.go:55: 1731819148927408295 Lookup     /opt/software/linux-rocky9-x86_64/gcc-11.4.1/flux-core-0.61.2-va52p5ph7ylanopgk7ranjgtjgc2wb5y
2024/11/17 04:52:28 logger.go:55: 1731819148927451641 Lookup     /opt/software/linux-rocky9-x86_64/gcc-11.4.1/flux-core-0.61.2-va52p5ph7ylanopgk7ranjgtjgc2wb5y/lib
2024/11/17 04:52:28 logger.go:55: 1731819148927480008 Lookup     /opt/software/linux-rocky9-x86_64/gcc-11.4.1/flux-core-0.61.2-va52p5ph7ylanopgk7ranjgtjgc2wb5y/lib/flux
2024/11/17 04:52:28 logger.go:55: 1731819148929597613 Lookup     /etc/ld.so.cache
2024/11/17 04:52:28 logger.go:55: 1731819148929631230 Open       /etc/ld.so.cache
2024/11/17 04:52:28 logger.go:55: 1731819148929844365 Lookup     /usr/lib/x86_64-linux-gnu/libgomp.so.1
2024/11/17 04:52:28 logger.go:55: 1731819148929886329 Lookup     /usr/lib/x86_64-linux-gnu/libgomp.so.1.0.0
2024/11/17 04:52:28 logger.go:55: 1731819148929948914 Open       /usr/lib/x86_64-linux-gnu/libgomp.so.1.0.0
2024/11/17 04:52:28 logger.go:55: 1731819148930488851 Lookup     /usr/lib/x86_64-linux-gnu/libmpich.so.12
2024/11/17 04:52:28 logger.go:55: 1731819148930535484 Lookup     /usr/lib/x86_64-linux-gnu/libmpich.so.12.2.0
2024/11/17 04:52:28 logger.go:55: 1731819148930602388 Open       /usr/lib/x86_64-linux-gnu/libmpich.so.12.2.0
2024/11/17 04:52:28 logger.go:55: 1731819148931151193 Lookup     /usr/lib/x86_64-linux-gnu/libstdc++.so.6
2024/11/17 04:52:28 logger.go:55: 1731819148931191163 Lookup     /usr/lib/x86_64-linux-gnu/libstdc++.so.6.0.30
2024/11/17 04:52:28 logger.go:55: 1731819148931266754 Open       /usr/lib/x86_64-linux-gnu/libstdc++.so.6.0.30
2024/11/17 04:52:28 logger.go:55: 1731819148931845829 Lookup     /usr/lib/x86_64-linux-gnu/libm.so.6
2024/11/17 04:52:28 logger.go:55: 1731819148931887452 Open       /usr/lib/x86_64-linux-gnu/libm.so.6
2024/11/17 04:52:28 logger.go:55: 1731819148932413422 Lookup     /usr/lib/x86_64-linux-gnu/libgcc_s.so.1
2024/11/17 04:52:28 logger.go:55: 1731819148932448522 Open       /usr/lib/x86_64-linux-gnu/libgcc_s.so.1
2024/11/17 04:52:28 logger.go:55: 1731819148932908389 Lookup     /usr/lib/x86_64-linux-gnu/libc.so.6
2024/11/17 04:52:28 logger.go:55: 1731819148932942267 Open       /usr/lib/x86_64-linux-gnu/libc.so.6
2024/11/17 04:52:28 logger.go:55: 1731819148933611993 Lookup     /usr/lib/x86_64-linux-gnu/libhwloc.so.15
2024/11/17 04:52:28 logger.go:55: 1731819148933664428 Lookup     /usr/lib/x86_64-linux-gnu/libhwloc.so.15.5.2
2024/11/17 04:52:28 logger.go:55: 1731819148933735720 Open       /usr/lib/x86_64-linux-gnu/libhwloc.so.15.5.2
2024/11/17 04:52:28 logger.go:55: 1731819148934257251 Lookup     /usr/lib/x86_64-linux-gnu/libfabric.so.1
2024/11/17 04:52:28 logger.go:55: 1731819148934301529 Lookup     /usr/lib/x86_64-linux-gnu/libfabric.so.1.14.0
2024/11/17 04:52:28 logger.go:55: 1731819148934375336 Open       /usr/lib/x86_64-linux-gnu/libfabric.so.1.14.0
2024/11/17 04:52:28 logger.go:55: 1731819148934906105 Lookup     /usr/lib/x86_64-linux-gnu/libudev.so.1
2024/11/17 04:52:28 logger.go:55: 1731819148934940113 Lookup     /usr/lib/x86_64-linux-gnu/libudev.so.1.7.2
2024/11/17 04:52:28 logger.go:55: 1731819148935002909 Open       /usr/lib/x86_64-linux-gnu/libudev.so.1.7.2
2024/11/17 04:52:28 logger.go:55: 1731819148935501864 Lookup     /usr/lib/x86_64-linux-gnu/librdmacm.so.1
2024/11/17 04:52:28 logger.go:55: 1731819148935546644 Lookup     /usr/lib/x86_64-linux-gnu/librdmacm.so.1.3.39.0
2024/11/17 04:52:28 logger.go:55: 1731819148935624589 Open       /usr/lib/x86_64-linux-gnu/librdmacm.so.1.3.39.0
2024/11/17 04:52:28 logger.go:55: 1731819148936117813 Lookup     /usr/lib/x86_64-linux-gnu/libefa.so.1
2024/11/17 04:52:28 logger.go:55: 1731819148936159106 Lookup     /usr/lib/x86_64-linux-gnu/libefa.so.1.1.39.0
2024/11/17 04:52:28 logger.go:55: 1731819148936225678 Open       /usr/lib/x86_64-linux-gnu/libefa.so.1.1.39.0
2024/11/17 04:52:28 logger.go:55: 1731819148936706478 Lookup     /usr/lib/x86_64-linux-gnu/libibverbs.so.1
2024/11/17 04:52:28 logger.go:55: 1731819148936747500 Lookup     /usr/lib/x86_64-linux-gnu/libibverbs.so.1.14.39.0
2024/11/17 04:52:28 logger.go:55: 1731819148936813071 Open       /usr/lib/x86_64-linux-gnu/libibverbs.so.1.14.39.0
2024/11/17 04:52:28 logger.go:55: 1731819148937284291 Lookup     /usr/lib/x86_64-linux-gnu/libpsm_infinipath.so.1
2024/11/17 04:52:28 logger.go:55: 1731819148937375693 Lookup     /etc/alternatives
2024/11/17 04:52:28 logger.go:55: 1731819148937402056 Lookup     /etc/alternatives/libpsm_infinipath.so.1
2024/11/17 04:52:28 logger.go:55: 1731819148937468178 Lookup     /usr/lib/libpsm1
2024/11/17 04:52:28 logger.go:55: 1731819148937492366 Lookup     /usr/lib/libpsm1/libpsm_infinipath.so.1.16
2024/11/17 04:52:28 logger.go:55: 1731819148937529179 Open       /usr/lib/libpsm1/libpsm_infinipath.so.1.16
2024/11/17 04:52:28 logger.go:55: 1731819148938186641 Lookup     /usr/lib/x86_64-linux-gnu/libpsm2.so.2
2024/11/17 04:52:28 logger.go:55: 1731819148938234797 Lookup     /usr/lib/x86_64-linux-gnu/libpsm2.so.2.2
2024/11/17 04:52:28 logger.go:55: 1731819148938303114 Open       /usr/lib/x86_64-linux-gnu/libpsm2.so.2.2
2024/11/17 04:52:28 logger.go:55: 1731819148938823983 Lookup     /usr/lib/x86_64-linux-gnu/libnl-3.so.200
2024/11/17 04:52:28 logger.go:55: 1731819148938876738 Lookup     /usr/lib/x86_64-linux-gnu/libnl-3.so.200.26.0
2024/11/17 04:52:28 logger.go:55: 1731819148938943021 Open       /usr/lib/x86_64-linux-gnu/libnl-3.so.200.26.0
2024/11/17 04:52:28 logger.go:55: 1731819148939481876 Lookup     /usr/lib/x86_64-linux-gnu/libnl-route-3.so.200
2024/11/17 04:52:28 logger.go:55: 1731819148939525443 Lookup     /usr/lib/x86_64-linux-gnu/libnl-route-3.so.200.26.0
2024/11/17 04:52:28 logger.go:55: 1731819148939591575 Open       /usr/lib/x86_64-linux-gnu/libnl-route-3.so.200.26.0
2024/11/17 04:52:28 logger.go:55: 1731819148940210991 Lookup     /usr/lib/x86_64-linux-gnu/libinfinipath.so.4
2024/11/17 04:52:28 logger.go:55: 1731819148940260449 Lookup     /usr/lib/x86_64-linux-gnu/libinfinipath.so.4.0
2024/11/17 04:52:28 logger.go:55: 1731819148940324347 Open       /usr/lib/x86_64-linux-gnu/libinfinipath.so.4.0
2024/11/17 04:52:28 logger.go:55: 1731819148940820888 Lookup     /usr/lib/x86_64-linux-gnu/librt.so.1
2024/11/17 04:52:28 logger.go:55: 1731819148940861509 Open       /usr/lib/x86_64-linux-gnu/librt.so.1
2024/11/17 04:52:28 logger.go:55: 1731819148941308541 Lookup     /usr/lib/x86_64-linux-gnu/libpthread.so.0
2024/11/17 04:52:28 logger.go:55: 1731819148941346216 Open       /usr/lib/x86_64-linux-gnu/libpthread.so.0
2024/11/17 04:52:28 logger.go:55: 1731819148941796043 Lookup     /usr/lib/x86_64-linux-gnu/libdl.so.2
2024/11/17 04:52:28 logger.go:55: 1731819148941829701 Open       /usr/lib/x86_64-linux-gnu/libdl.so.2
2024/11/17 04:52:28 logger.go:55: 1731819148942272133 Lookup     /usr/lib/x86_64-linux-gnu/libuuid.so.1
2024/11/17 04:52:28 logger.go:55: 1731819148942311171 Lookup     /usr/lib/x86_64-linux-gnu/libuuid.so.1.3.0
2024/11/17 04:52:28 logger.go:55: 1731819148942375780 Open       /usr/lib/x86_64-linux-gnu/libuuid.so.1.3.0
2024/11/17 04:52:28 logger.go:55: 1731819148942830778 Lookup     /usr/lib/x86_64-linux-gnu/libnuma.so.1
2024/11/17 04:52:28 logger.go:55: 1731819148942873864 Lookup     /usr/lib/x86_64-linux-gnu/libnuma.so.1.0.0
2024/11/17 04:52:28 logger.go:55: 1731819148942940216 Open       /usr/lib/x86_64-linux-gnu/libnuma.so.1.0.0
2024/11/17 04:52:29 logger.go:55: 1731819149151868637 Lookup     /usr/lib/x86_64-linux-gnu/hwloc
2024/11/17 04:52:29 logger.go:55: 1731819149152064979 Lookup     /usr/lib/x86_64-linux-gnu/hwloc/hwloc_opencl.so
2024/11/17 04:52:29 logger.go:55: 1731819149152084397 Lookup     /usr/lib/x86_64-linux-gnu/hwloc/hwloc_xml_libxml.so
2024/11/17 04:52:29 logger.go:55: 1731819149152095009 Lookup     /usr/lib/x86_64-linux-gnu/hwloc/hwloc_gl.so
2024/11/17 04:52:29 logger.go:55: 1731819149152110520 Lookup     /usr/lib/x86_64-linux-gnu/hwloc/hwloc_pci.so
2024/11/17 04:52:29 logger.go:55: 1731819149152263815 Open       /usr/lib/x86_64-linux-gnu/hwloc/hwloc_opencl.so
2024/11/17 04:52:29 logger.go:55: 1731819149152689946 Open       /etc/ld.so.cache
2024/11/17 04:52:29 logger.go:55: 1731819149152921788 Lookup     /usr/lib/x86_64-linux-gnu/libOpenCL.so.1
2024/11/17 04:52:29 logger.go:55: 1731819149152964413 Lookup     /usr/lib/x86_64-linux-gnu/libOpenCL.so.1.0.0
2024/11/17 04:52:29 logger.go:55: 1731819149153033240 Open       /usr/lib/x86_64-linux-gnu/libOpenCL.so.1.0.0
2024/11/17 04:52:29 logger.go:55: 1731819149153555853 Open       /usr/lib/x86_64-linux-gnu/hwloc/hwloc_xml_libxml.so
2024/11/17 04:52:29 logger.go:55: 1731819149153966412 Open       /etc/ld.so.cache
2024/11/17 04:52:29 logger.go:55: 1731819149154181922 Lookup     /usr/lib/x86_64-linux-gnu/libxml2.so.2
2024/11/17 04:52:29 logger.go:55: 1731819149154221682 Lookup     /usr/lib/x86_64-linux-gnu/libxml2.so.2.9.13
2024/11/17 04:52:29 logger.go:55: 1731819149154289206 Open       /usr/lib/x86_64-linux-gnu/libxml2.so.2.9.13
2024/11/17 04:52:29 logger.go:55: 1731819149154872891 Lookup     /usr/lib/x86_64-linux-gnu/libicuuc.so.70
2024/11/17 04:52:29 logger.go:55: 1731819149154910596 Lookup     /usr/lib/x86_64-linux-gnu/libicuuc.so.70.1
2024/11/17 04:52:29 logger.go:55: 1731819149154975997 Open       /usr/lib/x86_64-linux-gnu/libicuuc.so.70.1
2024/11/17 04:52:29 logger.go:55: 1731819149155595362 Lookup     /usr/lib/x86_64-linux-gnu/libz.so.1
2024/11/17 04:52:29 logger.go:55: 1731819149155636855 Lookup     /usr/lib/x86_64-linux-gnu/libz.so.1.2.11
2024/11/17 04:52:29 logger.go:55: 1731819149155700532 Open       /usr/lib/x86_64-linux-gnu/libz.so.1.2.11
2024/11/17 04:52:29 logger.go:55: 1731819149156261712 Lookup     /usr/lib/x86_64-linux-gnu/liblzma.so.5
2024/11/17 04:52:29 logger.go:55: 1731819149156300690 Lookup     /usr/lib/x86_64-linux-gnu/liblzma.so.5.2.5
2024/11/17 04:52:29 logger.go:55: 1731819149156366791 Open       /usr/lib/x86_64-linux-gnu/liblzma.so.5.2.5
2024/11/17 04:52:29 logger.go:55: 1731819149156863663 Lookup     /usr/lib/x86_64-linux-gnu/libicudata.so.70
2024/11/17 04:52:29 logger.go:55: 1731819149156903182 Lookup     /usr/lib/x86_64-linux-gnu/libicudata.so.70.1
2024/11/17 04:52:29 logger.go:55: 1731819149156968402 Open       /usr/lib/x86_64-linux-gnu/libicudata.so.70.1
2024/11/17 04:52:29 logger.go:55: 1731819149158183677 Open       /usr/lib/x86_64-linux-gnu/hwloc/hwloc_gl.so
2024/11/17 04:52:29 logger.go:55: 1731819149158575749 Open       /etc/ld.so.cache
2024/11/17 04:52:29 logger.go:55: 1731819149158792110 Lookup     /usr/lib/x86_64-linux-gnu/libXNVCtrl.so.0
2024/11/17 04:52:29 logger.go:55: 1731819149158831940 Lookup     /usr/lib/x86_64-linux-gnu/libXNVCtrl.so.0.0.0
2024/11/17 04:52:29 logger.go:55: 1731819149158900597 Open       /usr/lib/x86_64-linux-gnu/libXNVCtrl.so.0.0.0
2024/11/17 04:52:29 logger.go:55: 1731819149159352949 Lookup     /usr/lib/x86_64-linux-gnu/libX11.so.6
2024/11/17 04:52:29 logger.go:55: 1731819149159395845 Lookup     /usr/lib/x86_64-linux-gnu/libX11.so.6.4.0
2024/11/17 04:52:29 logger.go:55: 1731819149159461185 Open       /usr/lib/x86_64-linux-gnu/libX11.so.6.4.0
2024/11/17 04:52:29 logger.go:55: 1731819149159996153 Lookup     /usr/lib/x86_64-linux-gnu/libXext.so.6
2024/11/17 04:52:29 logger.go:55: 1731819149160041163 Lookup     /usr/lib/x86_64-linux-gnu/libXext.so.6.4.0
2024/11/17 04:52:29 logger.go:55: 1731819149160117525 Open       /usr/lib/x86_64-linux-gnu/libXext.so.6.4.0
2024/11/17 04:52:29 logger.go:55: 1731819149160594406 Lookup     /usr/lib/x86_64-linux-gnu/libxcb.so.1
2024/11/17 04:52:29 logger.go:55: 1731819149160635919 Lookup     /usr/lib/x86_64-linux-gnu/libxcb.so.1.1.0
2024/11/17 04:52:29 logger.go:55: 1731819149160701981 Open       /usr/lib/x86_64-linux-gnu/libxcb.so.1.1.0
2024/11/17 04:52:29 logger.go:55: 1731819149161231297 Lookup     /usr/lib/x86_64-linux-gnu/libXau.so.6
2024/11/17 04:52:29 logger.go:55: 1731819149161282870 Lookup     /usr/lib/x86_64-linux-gnu/libXau.so.6.0.0
2024/11/17 04:52:29 logger.go:55: 1731819149161349303 Open       /usr/lib/x86_64-linux-gnu/libXau.so.6.0.0
2024/11/17 04:52:29 logger.go:55: 1731819149161799521 Lookup     /usr/lib/x86_64-linux-gnu/libXdmcp.so.6
2024/11/17 04:52:29 logger.go:55: 1731819149161846024 Lookup     /usr/lib/x86_64-linux-gnu/libXdmcp.so.6.0.0
2024/11/17 04:52:29 logger.go:55: 1731819149161913328 Open       /usr/lib/x86_64-linux-gnu/libXdmcp.so.6.0.0
2024/11/17 04:52:29 logger.go:55: 1731819149162370460 Lookup     /usr/lib/x86_64-linux-gnu/libbsd.so.0
2024/11/17 04:52:29 logger.go:55: 1731819149162426692 Lookup     /usr/lib/x86_64-linux-gnu/libbsd.so.0.11.5
2024/11/17 04:52:29 logger.go:55: 1731819149162493405 Open       /usr/lib/x86_64-linux-gnu/libbsd.so.0.11.5
2024/11/17 04:52:29 logger.go:55: 1731819149163002852 Lookup     /usr/lib/x86_64-linux-gnu/libmd.so.0
2024/11/17 04:52:29 logger.go:55: 1731819149163047681 Lookup     /usr/lib/x86_64-linux-gnu/libmd.so.0.0.5
2024/11/17 04:52:29 logger.go:55: 1731819149163123623 Open       /usr/lib/x86_64-linux-gnu/libmd.so.0.0.5
2024/11/17 04:52:29 logger.go:55: 1731819149163931174 Open       /usr/lib/x86_64-linux-gnu/hwloc/hwloc_pci.so
2024/11/17 04:52:29 logger.go:55: 1731819149164340911 Open       /etc/ld.so.cache
2024/11/17 04:52:29 logger.go:55: 1731819149164554367 Lookup     /usr/lib/x86_64-linux-gnu/libpciaccess.so.0
2024/11/17 04:52:29 logger.go:55: 1731819149164597173 Lookup     /usr/lib/x86_64-linux-gnu/libpciaccess.so.0.11.1
2024/11/17 04:52:29 logger.go:55: 1731819149164670389 Open       /usr/lib/x86_64-linux-gnu/libpciaccess.so.0.11.1
2024/11/17 04:52:29 logger.go:55: 1731819149453782189 Lookup     /run
2024/11/17 04:52:29 logger.go:55: 1731819149459578092 Lookup     /var
2024/11/17 04:52:29 logger.go:55: 1731819149459618894 Lookup     /var/run
2024/11/17 04:52:29 logger.go:55: 1731819149460711594 Lookup     /etc/gai.conf
2024/11/17 04:52:29 logger.go:55: 1731819149460750081 Open       /etc/gai.conf
2024/11/17 04:52:29 logger.go:55: 1731819149469723494 Lookup     /usr/share
2024/11/17 04:52:29 logger.go:55: 1731819149469786610 Lookup     /usr/share/misc
2024/11/17 04:52:29 logger.go:55: 1731819149486681889 Open       /etc/ld.so.cache
2024/11/17 04:52:29 logger.go:55: 1731819149495796435 Open       /etc/ld.so.cache
2024/11/17 04:52:29 logger.go:55: 1731819149496618024 Open       /etc/ld.so.cache
2024/11/17 04:52:29 logger.go:55: 1731819149497410284 Open       /etc/ld.so.cache
2024/11/17 04:52:29 logger.go:55: 1731819149498193277 Open       /etc/ld.so.cache
2024/11/17 04:52:29 logger.go:55: 1731819149498983113 Open       /etc/ld.so.cache
2024/11/17 04:52:29 logger.go:55: 1731819149499781656 Open       /etc/ld.so.cache
2024/11/17 04:52:29 logger.go:55: 1731819149500575961 Open       /etc/ld.so.cache
2024/11/17 04:52:29 logger.go:55: 1731819149501375105 Open       /etc/ld.so.cache
2024/11/17 04:52:29 logger.go:55: 1731819149502168768 Open       /etc/ld.so.cache
2024/11/17 04:52:29 logger.go:55: 1731819149502948454 Open       /etc/ld.so.cache
2024/11/17 04:52:29 logger.go:55: 1731819149503790955 Open       /etc/ld.so.cache
2024/11/17 04:52:29 logger.go:55: 1731819149504589729 Open       /etc/ld.so.cache
2024/11/17 04:52:29 logger.go:55: 1731819149505391729 Open       /etc/ld.so.cache
2024/11/17 04:52:29 logger.go:55: 1731819149506192016 Open       /etc/ld.so.cache
2024/11/17 04:52:29 logger.go:55: 1731819149506987383 Open       /etc/ld.so.cache
2024/11/17 04:52:29 logger.go:55: 1731819149507776437 Open       /etc/ld.so.cache
2024/11/17 04:52:29 logger.go:55: 1731819149519002134 Lookup     /opt/lammps/examples/reaxff/HNS/in.reaxc.hns
2024/11/17 04:52:29 logger.go:55: 1731819149519064358 Open       /opt/lammps/examples/reaxff/HNS/in.reaxc.hns
2024/11/17 04:52:29 logger.go:55: 1731819149520079053 Lookup     /opt/lammps/examples/reaxff/HNS/data.hns-equil
2024/11/17 04:52:29 logger.go:55: 1731819149520167990 Open       /opt/lammps/examples/reaxff/HNS/data.hns-equil
2024/11/17 04:52:29 logger.go:55: 1731819149520315364 Open       /opt/lammps/examples/reaxff/HNS/data.hns-equil
2024/11/17 04:52:29 logger.go:55: 1731819149524701345 Lookup     /opt/lammps/examples/reaxff/HNS/ffield.reax.hns
2024/11/17 04:52:29 logger.go:55: 1731819149524748910 Open       /opt/lammps/examples/reaxff/HNS/ffield.reax.hns
2024/11/17 04:52:29 logger.go:55: 1731819149524858759 Open       /opt/lammps/examples/reaxff/HNS/ffield.reax.hns
2024/11/17 04:52:29 logger.go:55: 1731819149525049189 Open       /opt/lammps/examples/reaxff/HNS/ffield.reax.hns
2024/11/17 04:52:29 logger.go:55: 1731819149525242845 Open       /opt/lammps/examples/reaxff/HNS/ffield.reax.hns
2024/11/17 04:54:08 logger.go:55: 1731819248677150570 Complete   /tmp/out/lammps-recording.out