2024/11/17 06:39:07 logger.go:55: 1731825547636724909 Lookup     /etc
2024/11/17 06:39:07 logger.go:55: 1731825547636890763 Lookup     /etc/host.conf
2024/11/17 06:39:07 logger.go:55: 1731825547636936760 Lookup     /etc/hosts
2024/11/17 06:39:07 logger.go:55: 1731825547636983358 Lookup     /etc/nsswitch.conf
2024/11/17 06:39:07 logger.go:55: 1731825547637023655 Lookup     /etc/resolv.conf
2024/11/17 06:39:07 logger.go:55: 1731825547637060424 Lookup     /dev
2024/11/17 06:39:07 logger.go:55: 1731825547637089119 Lookup     /sys
2024/11/17 06:39:07 logger.go:55: 1731825547637131339 Lookup     /proc
2024/11/17 06:39:07 logger.go:55: 1731825547637165183 Lookup     /tmp
2024/11/17 06:39:07 logger.go:55: 1731825547637198225 Lookup     /root
2024/11/17 06:39:07 logger.go:55: 1731825547637262207 Lookup     /opt
2024/11/17 06:39:07 logger.go:55: 1731825547637296451 Lookup     /opt/lammps
2024/11/17 06:39:07 logger.go:55: 1731825547637328622 Lookup     /opt/lammps/examples
2024/11/17 06:39:07 logger.go:55: 1731825547637371273 Lookup     /opt/lammps/examples/reax
2024/11/17 06:39:07 logger.go:55: 1731825547637406380 Lookup     /opt/lammps/examples/reax/HNS
2024/11/17 06:39:07 logger.go:55: 1731825547637581802 Lookup     /usr
2024/11/17 06:39:07 logger.go:55: 1731825547637621056 Lookup     /usr/local
2024/11/17 06:39:07 logger.go:55: 1731825547637652796 Lookup     /usr/local/sbin
2024/11/17 06:39:07 logger.go:55: 1731825547637782943 Lookup     /usr/local/bin
2024/11/17 06:39:07 logger.go:55: 1731825547637909072 Lookup     /usr/sbin
2024/11/17 06:39:07 logger.go:55: 1731825547638040220 Lookup     /usr/bin
2024/11/17 06:39:07 logger.go:55: 1731825547638087540 Lookup     /usr/bin/lmp
2024/11/17 06:39:07 logger.go:55: 1731825547638453052 Open       /usr/bin/lmp
2024/11/17 06:39:07 logger.go:55: 1731825547638595011 Open       /usr/bin/lmp
2024/11/17 06:39:07 logger.go:55: 1731825547638674000 Lookup     /lib64
2024/11/17 06:39:07 logger.go:55: 1731825547638730988 Lookup     /usr/lib64
2024/11/17 06:39:07 logger.go:55: 1731825547638835727 Lookup     /usr/lib64/ld-linux-x86-64.so.2
2024/11/17 06:39:07 logger.go:55: 1731825547638932951 Lookup     /lib
2024/11/17 06:39:07 logger.go:55: 1731825547638979840 Lookup     /usr/lib
2024/11/17 06:39:07 logger.go:55: 1731825547639079739 Lookup     /usr/lib/x86_64-linux-gnu
2024/11/17 06:39:07 logger.go:55: 1731825547639126086 Lookup     /usr/lib/x86_64-linux-gnu/ld-linux-x86-64.so.2
2024/11/17 06:39:07 logger.go:55: 1731825547639236696 Open       /usr/lib/x86_64-linux-gnu/ld-linux-x86-64.so.2
2024/11/17 06:39:07 logger.go:55: 1731825547640113256 Open       /usr/bin/lmp
2024/11/17 06:39:07 logger.go:55: 1731825547640820395 Open       /usr/lib/x86_64-linux-gnu/ld-linux-x86-64.so.2
2024/11/17 06:39:07 logger.go:55: 1731825547641677348 Lookup     /opt/software
2024/11/17 06:39:07 logger.go:55: 1731825547641722584 Lookup     /opt/software/linux-rocky9-x86_64
2024/11/17 06:39:07 logger.go:55: 1731825547641756729 Lookup     /opt/software/linux-rocky9-x86_64/gcc-11.4.1
2024/11/17 06:39:07 logger.go:55: 1731825547641791374 Lookup     /opt/software/linux-rocky9-x86_64/gcc-11.4.1/flux-core-0.61.2-va52p5ph7ylanopgk7ranjgtjgc2wb5y
2024/11/17 06:39:07 logger.go:55: 1731825547641829466 Lookup     /opt/software/linux-rocky9-x86_64/gcc-11.4.1/flux-core-0.61.2-va52p5ph7ylanopgk7ranjgtjgc2wb5y/lib
2024/11/17 06:39:07 logger.go:55: 1731825547641862649 Lookup     /opt/software/linux-rocky9-x86_64/gcc-11.4.1/flux-core-0.61.2-va52p5ph7ylanopgk7ranjgtjgc2wb5y/lib/flux
2024/11/17 06:39:07 logger.go:55: 1731825547645019047 Lookup     /etc/ld.so.cache
2024/11/17 06:39:07 logger.go:55: 1731825547645068160 Open       /etc/ld.so.cache
2024/11/17 06:39:07 logger.go:55: 1731825547645385381 Lookup     /usr/lib/x86_64-linux-gnu/libmpich.so.12
2024/11/17 06:39:07 logger.go:55: 1731825547645446948 Lookup     /usr/lib/x86_64-linux-gnu/libmpich.so.12.2.0
2024/11/17 06:39:07 logger.go:55: 1731825547645541056 Open       /usr/lib/x86_64-linux-gnu/libmpich.so.12.2.0
2024/11/17 06:39:07 logger.go:55: 1731825547646397097 Lookup     /usr/lib/x86_64-linux-gnu/libgomp.so.1
2024/11/17 06:39:07 logger.go:55: 1731825547646471047 Lookup     /usr/lib/x86_64-linux-gnu/libgomp.so.1.0.0
2024/11/17 06:39:07 logger.go:55: 1731825547646571527 Open       /usr/lib/x86_64-linux-gnu/libgomp.so.1.0.0
2024/11/17 06:39:07 logger.go:55: 1731825547647386651 Lookup     /usr/lib/x86_64-linux-gnu/libstdc++.so.6
2024/11/17 06:39:07 logger.go:55: 1731825547647448037 Lookup     /usr/lib/x86_64-linux-gnu/libstdc++.so.6.0.30
2024/11/17 06:39:07 logger.go:55: 1731825547647542136 Open       /usr/lib/x86_64-linux-gnu/libstdc++.so.6.0.30
2024/11/17 06:39:07 logger.go:55: 1731825547648387757 Lookup     /usr/lib/x86_64-linux-gnu/libm.so.6
2024/11/17 06:39:07 logger.go:55: 1731825547648449083 Open       /usr/lib/x86_64-linux-gnu/libm.so.6
2024/11/17 06:39:07 logger.go:55: 1731825547649189115 Lookup     /usr/lib/x86_64-linux-gnu/libgcc_s.so.1
2024/11/17 06:39:07 logger.go:55: 1731825547649241634 Open       /usr/lib/x86_64-linux-gnu/libgcc_s.so.1
2024/11/17 06:39:07 logger.go:55: 1731825547649903277 Lookup     /usr/lib/x86_64-linux-gnu/libc.so.6
2024/11/17 06:39:07 logger.go:55: 1731825547649950537 Open       /usr/lib/x86_64-linux-gnu/libc.so.6
2024/11/17 06:39:07 logger.go:55: 1731825547650923990 Lookup     /usr/lib/x86_64-linux-gnu/libhwloc.so.15
2024/11/17 06:39:07 logger.go:55: 1731825547650992360 Lookup     /usr/lib/x86_64-linux-gnu/libhwloc.so.15.5.2
2024/11/17 06:39:07 logger.go:55: 1731825547651086188 Open       /usr/lib/x86_64-linux-gnu/libhwloc.so.15.5.2
2024/11/17 06:39:07 logger.go:55: 1731825547651855885 Lookup     /usr/lib/x86_64-linux-gnu/libfabric.so.1
2024/11/17 06:39:07 logger.go:55: 1731825547651915959 Lookup     /usr/lib/x86_64-linux-gnu/libfabric.so.1.14.0
2024/11/17 06:39:07 logger.go:55: 1731825547652015407 Open       /usr/lib/x86_64-linux-gnu/libfabric.so.1.14.0
2024/11/17 06:39:07 logger.go:55: 1731825547652756561 Lookup     /usr/lib/x86_64-linux-gnu/libudev.so.1
2024/11/17 06:39:07 logger.go:55: 1731825547652812216 Lookup     /usr/lib/x86_64-linux-gnu/libudev.so.1.7.2
2024/11/17 06:39:07 logger.go:55: 1731825547652909791 Open       /usr/lib/x86_64-linux-gnu/libudev.so.1.7.2
2024/11/17 06:39:07 logger.go:55: 1731825547653636498 Lookup     /usr/lib/x86_64-linux-gnu/librdmacm.so.1
2024/11/17 06:39:07 logger.go:55: 1731825547653707883 Lookup     /usr/lib/x86_64-linux-gnu/librdmacm.so.1.3.39.0
2024/11/17 06:39:07 logger.go:55: 1731825547653808453 Open       /usr/lib/x86_64-linux-gnu/librdmacm.so.1.3.39.0
2024/11/17 06:39:07 logger.go:55: 1731825547654516504 Lookup     /usr/lib/x86_64-linux-gnu/libefa.so.1
2024/11/17 06:39:07 logger.go:55: 1731825547654576708 Lookup     /usr/lib/x86_64-linux-gnu/libefa.so.1.1.39.0
2024/11/17 06:39:07 logger.go:55: 1731825547654668843 Open       /usr/lib/x86_64-linux-gnu/libefa.so.1.1.39.0
2024/11/17 06:39:07 logger.go:55: 1731825547655392563 Lookup     /usr/lib/x86_64-linux-gnu/libibverbs.so.1
2024/11/17 06:39:07 logger.go:55: 1731825547655452497 Lookup     /usr/lib/x86_64-linux-gnu/libibverbs.so.1.14.39.0
2024/11/17 06:39:07 logger.go:55: 1731825547655546254 Open       /usr/lib/x86_64-linux-gnu/libibverbs.so.1.14.39.0
2024/11/17 06:39:07 logger.go:55: 1731825547656223828 Lookup     /usr/lib/x86_64-linux-gnu/libpsm_infinipath.so.1
2024/11/17 06:39:07 logger.go:55: 1731825547656354645 Lookup     /etc/alternatives
2024/11/17 06:39:07 logger.go:55: 1731825547656387047 Lookup     /etc/alternatives/libpsm_infinipath.so.1
2024/11/17 06:39:07 logger.go:55: 1731825547656490833 Lookup     /usr/lib/libpsm1
2024/11/17 06:39:07 logger.go:55: 1731825547656523155 Lookup     /usr/lib/libpsm1/libpsm_infinipath.so.1.16
2024/11/17 06:39:07 logger.go:55: 1731825547656577528 Open       /usr/lib/libpsm1/libpsm_infinipath.so.1.16
2024/11/17 06:39:07 logger.go:55: 1731825547657408301 Lookup     /usr/lib/x86_64-linux-gnu/libpsm2.so.2
2024/11/17 06:39:07 logger.go:55: 1731825547657467613 Lookup     /usr/lib/x86_64-linux-gnu/libpsm2.so.2.2
2024/11/17 06:39:07 logger.go:55: 1731825547657570137 Open       /usr/lib/x86_64-linux-gnu/libpsm2.so.2.2
2024/11/17 06:39:07 logger.go:55: 1731825547658344714 Lookup     /usr/lib/x86_64-linux-gnu/libnl-3.so.200
2024/11/17 06:39:07 logger.go:55: 1731825547658416881 Lookup     /usr/lib/x86_64-linux-gnu/libnl-3.so.200.26.0
2024/11/17 06:39:07 logger.go:55: 1731825547658511480 Open       /usr/lib/x86_64-linux-gnu/libnl-3.so.200.26.0
2024/11/17 06:39:07 logger.go:55: 1731825547659259848 Lookup     /usr/lib/x86_64-linux-gnu/libnl-route-3.so.200
2024/11/17 06:39:07 logger.go:55: 1731825547659320372 Lookup     /usr/lib/x86_64-linux-gnu/libnl-route-3.so.200.26.0
2024/11/17 06:39:07 logger.go:55: 1731825547659424990 Open       /usr/lib/x86_64-linux-gnu/libnl-route-3.so.200.26.0
2024/11/17 06:39:07 logger.go:55: 1731825547660282304 Lookup     /usr/lib/x86_64-linux-gnu/libinfinipath.so.4
2024/11/17 06:39:07 logger.go:55: 1731825547660342227 Lookup     /usr/lib/x86_64-linux-gnu/libinfinipath.so.4.0
2024/11/17 06:39:07 logger.go:55: 1731825547660434262 Open       /usr/lib/x86_64-linux-gnu/libinfinipath.so.4.0
2024/11/17 06:39:07 logger.go:55: 1731825547661163132 Lookup     /usr/lib/x86_64-linux-gnu/librt.so.1
2024/11/17 06:39:07 logger.go:55: 1731825547661228506 Open       /usr/lib/x86_64-linux-gnu/librt.so.1
2024/11/17 06:39:07 logger.go:55: 1731825547662552584 Lookup     /usr/lib/x86_64-linux-gnu/libpthread.so.0
2024/11/17 06:39:07 logger.go:55: 1731825547662716825 Open       /usr/lib/x86_64-linux-gnu/libpthread.so.0
2024/11/17 06:39:07 logger.go:55: 1731825547663577935 Lookup     /usr/lib/x86_64-linux-gnu/libdl.so.2
2024/11/17 06:39:07 logger.go:55: 1731825547663639913 Open       /usr/lib/x86_64-linux-gnu/libdl.so.2
2024/11/17 06:39:07 logger.go:55: 1731825547666988605 Lookup     /usr/lib/x86_64-linux-gnu/libuuid.so.1
2024/11/17 06:39:07 logger.go:55: 1731825547667068987 Lookup     /usr/lib/x86_64-linux-gnu/libuuid.so.1.3.0
2024/11/17 06:39:07 logger.go:55: 1731825547667220033 Open       /usr/lib/x86_64-linux-gnu/libuuid.so.1.3.0
2024/11/17 06:39:07 logger.go:55: 1731825547668123404 Lookup     /usr/lib/x86_64-linux-gnu/libnuma.so.1
2024/11/17 06:39:07 logger.go:55: 1731825547668189569 Lookup     /usr/lib/x86_64-linux-gnu/libnuma.so.1.0.0
2024/11/17 06:39:07 logger.go:55: 1731825547668295680 Open       /usr/lib/x86_64-linux-gnu/libnuma.so.1.0.0
2024/11/17 06:39:07 logger.go:55: 1731825547883858922 Lookup     /usr/lib/x86_64-linux-gnu/hwloc
2024/11/17 06:39:07 logger.go:55: 1731825547884144563 Lookup     /usr/lib/x86_64-linux-gnu/hwloc/hwloc_opencl.so
2024/11/17 06:39:07 logger.go:55: 1731825547884170462 Lookup     /usr/lib/x86_64-linux-gnu/hwloc/hwloc_xml_libxml.so
2024/11/17 06:39:07 logger.go:55: 1731825547884184028 Lookup     /usr/lib/x86_64-linux-gnu/hwloc/hwloc_gl.so
2024/11/17 06:39:07 logger.go:55: 1731825547884203524 Lookup     /usr/lib/x86_64-linux-gnu/hwloc/hwloc_pci.so
2024/11/17 06:39:07 logger.go:55: 1731825547884430003 Open       /usr/lib/x86_64-linux-gnu/hwloc/hwloc_opencl.so
2024/11/17 06:39:07 logger.go:55: 1731825547885071248 Open       /etc/ld.so.cache
2024/11/17 06:39:07 logger.go:55: 1731825547885437962 Lookup     /usr/lib/x86_64-linux-gnu/libOpenCL.so.1
2024/11/17 06:39:07 logger.go:55: 1731825547885502735 Lookup     /usr/lib/x86_64-linux-gnu/libOpenCL.so.1.0.0
2024/11/17 06:39:07 logger.go:55: 1731825547885612673 Open       /usr/lib/x86_64-linux-gnu/libOpenCL.so.1.0.0
2024/11/17 06:39:07 logger.go:55: 1731825547886399453 Open       /usr/lib/x86_64-linux-gnu/hwloc/hwloc_xml_libxml.so
2024/11/17 06:39:07 logger.go:55: 1731825547886990853 Open       /etc/ld.so.cache
2024/11/17 06:39:07 logger.go:55: 1731825547887310619 Lookup     /usr/lib/x86_64-linux-gnu/libxml2.so.2
2024/11/17 06:39:07 logger.go:55: 1731825547887372937 Lookup     /usr/lib/x86_64-linux-gnu/libxml2.so.2.9.13
2024/11/17 06:39:07 logger.go:55: 1731825547887469340 Open       /usr/lib/x86_64-linux-gnu/libxml2.so.2.9.13
2024/11/17 06:39:07 logger.go:55: 1731825547888342643 Lookup     /usr/lib/x86_64-linux-gnu/libicuuc.so.70
2024/11/17 06:39:07 logger.go:55: 1731825547888409260 Lookup     /usr/lib/x86_64-linux-gnu/libicuuc.so.70.1
2024/11/17 06:39:07 logger.go:55: 1731825547888505392 Open       /usr/lib/x86_64-linux-gnu/libicuuc.so.70.1
2024/11/17 06:39:07 logger.go:55: 1731825547889363547 Lookup     /usr/lib/x86_64-linux-gnu/libz.so.1
2024/11/17 06:39:07 logger.go:55: 1731825547889422228 Lookup     /usr/lib/x86_64-linux-gnu/libz.so.1.2.11
2024/11/17 06:39:07 logger.go:55: 1731825547889527026 Open       /usr/lib/x86_64-linux-gnu/libz.so.1.2.11
2024/11/17 06:39:07 logger.go:55: 1731825547890282066 Lookup     /usr/lib/x86_64-linux-gnu/liblzma.so.5
2024/11/17 06:39:07 logger.go:55: 1731825547890335317 Lookup     /usr/lib/x86_64-linux-gnu/liblzma.so.5.2.5
2024/11/17 06:39:07 logger.go:55: 1731825547890437070 Open       /usr/lib/x86_64-linux-gnu/liblzma.so.5.2.5
2024/11/17 06:39:07 logger.go:55: 1731825547891194274 Lookup     /usr/lib/x86_64-linux-gnu/libicudata.so.70
2024/11/17 06:39:07 logger.go:55: 1731825547891288122 Lookup     /usr/lib/x86_64-linux-gnu/libicudata.so.70.1
2024/11/17 06:39:07 logger.go:55: 1731825547891386919 Open       /usr/lib/x86_64-linux-gnu/libicudata.so.70.1
2024/11/17 06:39:07 logger.go:55: 1731825547893130982 Open       /usr/lib/x86_64-linux-gnu/hwloc/hwloc_gl.so
2024/11/17 06:39:07 logger.go:55: 1731825547893719677 Open       /etc/ld.so.cache
2024/11/17 06:39:07 logger.go:55: 1731825547894030556 Lookup     /usr/lib/x86_64-linux-gnu/libXNVCtrl.so.0
2024/11/17 06:39:07 logger.go:55: 1731825547894092353 Lookup     /usr/lib/x86_64-linux-gnu/libXNVCtrl.so.0.0.0
2024/11/17 06:39:07 logger.go:55: 1731825547894200888 Open       /usr/lib/x86_64-linux-gnu/libXNVCtrl.so.0.0.0
2024/11/17 06:39:07 logger.go:55: 1731825547894875015 Lookup     /usr/lib/x86_64-linux-gnu/libX11.so.6
2024/11/17 06:39:07 logger.go:55: 1731825547894943254 Lookup     /usr/lib/x86_64-linux-gnu/libX11.so.6.4.0
2024/11/17 06:39:07 logger.go:55: 1731825547895038815 Open       /usr/lib/x86_64-linux-gnu/libX11.so.6.4.0
2024/11/17 06:39:07 logger.go:55: 1731825547895905717 Lookup     /usr/lib/x86_64-linux-gnu/libXext.so.6
2024/11/17 06:39:07 logger.go:55: 1731825547895971451 Lookup     /usr/lib/x86_64-linux-gnu/libXext.so.6.4.0
2024/11/17 06:39:07 logger.go:55: 1731825547896082812 Open       /usr/lib/x86_64-linux-gnu/libXext.so.6.4.0
2024/11/17 06:39:07 logger.go:55: 1731825547896862760 Lookup     /usr/lib/x86_64-linux-gnu/libxcb.so.1
2024/11/17 06:39:07 logger.go:55: 1731825547896932371 Lookup     /usr/lib/x86_64-linux-gnu/libxcb.so.1.1.0
2024/11/17 06:39:07 logger.go:55: 1731825547897035978 Open       /usr/lib/x86_64-linux-gnu/libxcb.so.1.1.0
2024/11/17 06:39:07 logger.go:55: 1731825547897861461 Lookup     /usr/lib/x86_64-linux-gnu/libXau.so.6
2024/11/17 06:39:07 logger.go:55: 1731825547897923719 Lookup     /usr/lib/x86_64-linux-gnu/libXau.so.6.0.0
2024/11/17 06:39:07 logger.go:55: 1731825547898035150 Open       /usr/lib/x86_64-linux-gnu/libXau.so.6.0.0
2024/11/17 06:39:07 logger.go:55: 1731825547898769250 Lookup     /usr/lib/x86_64-linux-gnu/libXdmcp.so.6
2024/11/17 06:39:07 logger.go:55: 1731825547898856325 Lookup     /usr/lib/x86_64-linux-gnu/libXdmcp.so.6.0.0
2024/11/17 06:39:07 logger.go:55: 1731825547898971363 Open       /usr/lib/x86_64-linux-gnu/libXdmcp.so.6.0.0
2024/11/17 06:39:07 logger.go:55: 1731825547899674324 Lookup     /usr/lib/x86_64-linux-gnu/libbsd.so.0
2024/11/17 06:39:07 logger.go:55: 1731825547899758053 Lookup     /usr/lib/x86_64-linux-gnu/libbsd.so.0.11.5
2024/11/17 06:39:07 logger.go:55: 1731825547899861499 Open       /usr/lib/x86_64-linux-gnu/libbsd.so.0.11.5
2024/11/17 06:39:07 logger.go:55: 1731825547900687243 Lookup     /usr/lib/x86_64-linux-gnu/libmd.so.0
2024/11/17 06:39:07 logger.go:55: 1731825547900752186 Lookup     /usr/lib/x86_64-linux-gnu/libmd.so.0.0.5
2024/11/17 06:39:07 logger.go:55: 1731825547900858246 Open       /usr/lib/x86_64-linux-gnu/libmd.so.0.0.5
2024/11/17 06:39:07 logger.go:55: 1731825547902159832 Open       /usr/lib/x86_64-linux-gnu/hwloc/hwloc_pci.so
2024/11/17 06:39:07 logger.go:55: 1731825547902812057 Open       /etc/ld.so.cache
2024/11/17 06:39:07 logger.go:55: 1731825547903173000 Lookup     /usr/lib/x86_64-linux-gnu/libpciaccess.so.0
2024/11/17 06:39:07 logger.go:55: 1731825547903252180 Lookup     /usr/lib/x86_64-linux-gnu/libpciaccess.so.0.11.1
2024/11/17 06:39:07 logger.go:55: 1731825547903378991 Open       /usr/lib/x86_64-linux-gnu/libpciaccess.so.0.11.1
2024/11/17 06:39:08 logger.go:55: 1731825548225059797 Lookup     /run
2024/11/17 06:39:08 logger.go:55: 1731825548233826600 Lookup     /var
2024/11/17 06:39:08 logger.go:55: 1731825548233883598 Lookup     /var/run
2024/11/17 06:39:08 logger.go:55: 1731825548235614767 Lookup     /etc/gai.conf
2024/11/17 06:39:08 logger.go:55: 1731825548235675642 Open       /etc/gai.conf
2024/11/17 06:39:08 logger.go:55: 1731825548249076061 Lookup     /usr/share
2024/11/17 06:39:08 logger.go:55: 1731825548249169047 Lookup     /usr/share/misc
2024/11/17 06:39:08 logger.go:55: 1731825548274083753 Open       /etc/ld.so.cache
2024/11/17 06:39:08 logger.go:55: 1731825548287246241 Open       /etc/ld.so.cache
2024/11/17 06:39:08 logger.go:55: 1731825548288397912 Open       /etc/ld.so.cache
2024/11/17 06:39:08 logger.go:55: 1731825548289544824 Open       /etc/ld.so.cache
2024/11/17 06:39:08 logger.go:55: 1731825548290681197 Open       /etc/ld.so.cache
2024/11/17 06:39:08 logger.go:55: 1731825548291840432 Open       /etc/ld.so.cache
2024/11/17 06:39:08 logger.go:55: 1731825548292970352 Open       /etc/ld.so.cache
2024/11/17 06:39:08 logger.go:55: 1731825548294122714 Open       /etc/ld.so.cache
2024/11/17 06:39:08 logger.go:55: 1731825548295289735 Open       /etc/ld.so.cache
2024/11/17 06:39:08 logger.go:55: 1731825548296430395 Open       /etc/ld.so.cache
2024/11/17 06:39:08 logger.go:55: 1731825548297562459 Open       /etc/ld.so.cache
2024/11/17 06:39:08 logger.go:55: 1731825548298688682 Open       /etc/ld.so.cache
2024/11/17 06:39:08 logger.go:55: 1731825548299878776 Open       /etc/ld.so.cache
2024/11/17 06:39:08 logger.go:55: 1731825548301156676 Open       /etc/ld.so.cache
2024/11/17 06:39:08 logger.go:55: 1731825548302491213 Open       /etc/ld.so.cache
2024/11/17 06:39:08 logger.go:55: 1731825548303715332 Open       /etc/ld.so.cache
2024/11/17 06:39:08 logger.go:55: 1731825548304981500 Open       /etc/ld.so.cache
2024/11/17 06:39:08 logger.go:55: 1731825548325667266 Lookup     /opt/lammps/examples/reax/HNS/in.reaxc.hns
2024/11/17 06:39:08 logger.go:55: 1731825548325748079 Open       /opt/lammps/examples/reax/HNS/in.reaxc.hns
2024/11/17 06:39:08 logger.go:55: 1731825548327525556 Lookup     /opt/lammps/examples/reax/HNS/data.hns-equil
2024/11/17 06:39:08 logger.go:55: 1731825548327595067 Open       /opt/lammps/examples/reax/HNS/data.hns-equil
2024/11/17 06:39:08 logger.go:55: 1731825548338274132 Complete   /tmp/out/lammps-recording.out
2024/11/17 06:39:08 logger.go:55: 1731825548338497816 Lookup     /sbin
2024/11/17 06:39:08 logger.go:55: 1731825548338510841 Lookup     /root
2024/11/17 06:39:08 logger.go:55: 1731825548338543532 Lookup     /srv
2024/11/17 06:39:08 logger.go:55: 1731825548338569832 Lookup     /media
2024/11/17 06:39:08 logger.go:55: 1731825548338587395 Lookup     /libx32
2024/11/17 06:39:08 logger.go:55: 1731825548338595361 Lookup     /lib64
2024/11/17 06:39:08 logger.go:55: 1731825548338605510 Lookup     /etc
2024/11/17 06:39:08 logger.go:55: 1731825548338615178 Lookup     /proc
2024/11/17 06:39:08 logger.go:55: 1731825548338623714 Lookup     /usr
2024/11/17 06:39:08 logger.go:55: 1731825548338646768 Lookup     /lib32
2024/11/17 06:39:08 logger.go:55: 1731825548338665223 Lookup     /boot
2024/11/17 06:39:08 logger.go:55: 1731825548338673038 Lookup     /var
2024/11/17 06:39:08 logger.go:55: 1731825548338678638 Lookup     /tmp
2024/11/17 06:39:08 logger.go:55: 1731825548338683678 Lookup     /mnt
2024/11/17 06:39:08 logger.go:55: 1731825548338689980 Lookup     /dev
2024/11/17 06:39:08 logger.go:55: 1731825548338697183 Lookup     /opt
2024/11/17 06:39:08 logger.go:55: 1731825548338715929 Lookup     /home
2024/11/17 06:39:08 logger.go:55: 1731825548338721940 Lookup     /lib
2024/11/17 06:39:08 logger.go:55: 1731825548338728793 Lookup     /sys
2024/11/17 06:39:08 logger.go:55: 1731825548338734464 Lookup     /bin
2024/11/17 06:39:08 logger.go:55: 1731825548338740205 Lookup     /run
2024/11/17 06:39:08 logger.go:55: 1731825548338752458 Lookup     /flux_operator
2024/11/17 06:39:08 logger.go:55: 1731825548338765783 Lookup     /product_name
2024/11/17 06:39:08 logger.go:55: 1731825548338830125 Lookup     /product_uuid