2024/11/10 06:52:17 recorder.go:46: 1731221537534907750 Lookup     /etc
2024/11/10 06:52:17 recorder.go:46: 1731221537535121403 Lookup     /etc/host.conf
2024/11/10 06:52:17 recorder.go:46: 1731221537535269063 Lookup     /etc/hosts
2024/11/10 06:52:17 recorder.go:46: 1731221537535370574 Lookup     /etc/nsswitch.conf
2024/11/10 06:52:17 recorder.go:46: 1731221537535425979 Lookup     /etc/resolv.conf
2024/11/10 06:52:17 recorder.go:46: 1731221537535520949 Lookup     /dev
2024/11/10 06:52:17 recorder.go:46: 1731221537535627219 Lookup     /sys
2024/11/10 06:52:17 recorder.go:46: 1731221537535661244 Lookup     /proc
2024/11/10 06:52:17 recorder.go:46: 1731221537535711178 Lookup     /tmp
2024/11/10 06:52:17 recorder.go:46: 1731221537535752406 Lookup     /root
2024/11/10 06:52:17 recorder.go:46: 1731221537535817860 Lookup     /opt
2024/11/10 06:52:17 recorder.go:46: 1731221537535848207 Lookup     /opt/lammps
2024/11/10 06:52:17 recorder.go:46: 1731221537535885477 Lookup     /opt/lammps/examples
2024/11/10 06:52:17 recorder.go:46: 1731221537535930402 Lookup     /opt/lammps/examples/reaxff
2024/11/10 06:52:17 recorder.go:46: 1731221537535977311 Lookup     /opt/lammps/examples/reaxff/HNS
2024/11/10 06:52:17 recorder.go:46: 1731221537536163894 Lookup     /usr
2024/11/10 06:52:17 recorder.go:46: 1731221537536205242 Lookup     /usr/local
2024/11/10 06:52:17 recorder.go:46: 1731221537536238264 Lookup     /usr/local/sbin
2024/11/10 06:52:17 recorder.go:46: 1731221537536365144 Lookup     /usr/local/bin
2024/11/10 06:52:17 recorder.go:46: 1731221537536477466 Lookup     /usr/sbin
2024/11/10 06:52:17 recorder.go:46: 1731221537536602983 Lookup     /usr/bin
2024/11/10 06:52:17 recorder.go:46: 1731221537536656284 Lookup     /usr/bin/lmp
2024/11/10 06:52:17 recorder.go:46: 1731221537537014521 Open       /usr/bin/lmp
2024/11/10 06:52:17 recorder.go:46: 1731221537537587314 Open       /usr/bin/lmp
2024/11/10 06:52:17 recorder.go:46: 1731221537537686521 Lookup     /lib64
2024/11/10 06:52:17 recorder.go:46: 1731221537537752967 Lookup     /usr/lib64
2024/11/10 06:52:17 recorder.go:46: 1731221537537877242 Lookup     /usr/lib64/ld-linux-x86-64.so.2
2024/11/10 06:52:17 recorder.go:46: 1731221537537986538 Lookup     /lib
2024/11/10 06:52:17 recorder.go:46: 1731221537538030852 Lookup     /usr/lib
2024/11/10 06:52:17 recorder.go:46: 1731221537538135860 Lookup     /usr/lib/x86_64-linux-gnu
2024/11/10 06:52:17 recorder.go:46: 1731221537538172469 Lookup     /usr/lib/x86_64-linux-gnu/ld-linux-x86-64.so.2
2024/11/10 06:52:17 recorder.go:46: 1731221537538285543 Open       /usr/lib/x86_64-linux-gnu/ld-linux-x86-64.so.2
2024/11/10 06:52:17 recorder.go:46: 1731221537539112456 Open       /usr/bin/lmp
2024/11/10 06:52:17 recorder.go:46: 1731221537540148394 Open       /usr/lib/x86_64-linux-gnu/ld-linux-x86-64.so.2
2024/11/10 06:52:17 recorder.go:46: 1731221537541388958 Lookup     /etc/ld.so.cache
2024/11/10 06:52:17 recorder.go:46: 1731221537541439684 Open       /etc/ld.so.cache
2024/11/10 06:52:17 recorder.go:46: 1731221537541825954 Lookup     /usr/lib/x86_64-linux-gnu/libgomp.so.1
2024/11/10 06:52:17 recorder.go:46: 1731221537541902669 Lookup     /usr/lib/x86_64-linux-gnu/libgomp.so.1.0.0
2024/11/10 06:52:17 recorder.go:46: 1731221537542005764 Open       /usr/lib/x86_64-linux-gnu/libgomp.so.1.0.0
2024/11/10 06:52:17 recorder.go:46: 1731221537543065967 Lookup     /usr/lib/x86_64-linux-gnu/libmpich.so.12
2024/11/10 06:52:17 recorder.go:46: 1731221537543145377 Lookup     /usr/lib/x86_64-linux-gnu/libmpich.so.12.2.0
2024/11/10 06:52:17 recorder.go:46: 1731221537543237281 Open       /usr/lib/x86_64-linux-gnu/libmpich.so.12.2.0
2024/11/10 06:52:17 recorder.go:46: 1731221537544056740 Lookup     /usr/lib/x86_64-linux-gnu/libstdc++.so.6
2024/11/10 06:52:17 recorder.go:46: 1731221537544122594 Lookup     /usr/lib/x86_64-linux-gnu/libstdc++.so.6.0.30
2024/11/10 06:52:17 recorder.go:46: 1731221537544216071 Open       /usr/lib/x86_64-linux-gnu/libstdc++.so.6.0.30
2024/11/10 06:52:17 recorder.go:46: 1731221537544914421 Lookup     /usr/lib/x86_64-linux-gnu/libm.so.6
2024/11/10 06:52:17 recorder.go:46: 1731221537544969415 Open       /usr/lib/x86_64-linux-gnu/libm.so.6
2024/11/10 06:52:17 recorder.go:46: 1731221537545594386 Lookup     /usr/lib/x86_64-linux-gnu/libgcc_s.so.1
2024/11/10 06:52:17 recorder.go:46: 1731221537545662204 Open       /usr/lib/x86_64-linux-gnu/libgcc_s.so.1
2024/11/10 06:52:17 recorder.go:46: 1731221537546090463 Lookup     /usr/lib/x86_64-linux-gnu/libc.so.6
2024/11/10 06:52:17 recorder.go:46: 1731221537546127423 Open       /usr/lib/x86_64-linux-gnu/libc.so.6
2024/11/10 06:52:17 recorder.go:46: 1731221537546856501 Lookup     /usr/lib/x86_64-linux-gnu/libhwloc.so.15
2024/11/10 06:52:17 recorder.go:46: 1731221537546916274 Lookup     /usr/lib/x86_64-linux-gnu/libhwloc.so.15.5.2
2024/11/10 06:52:17 recorder.go:46: 1731221537547016654 Open       /usr/lib/x86_64-linux-gnu/libhwloc.so.15.5.2
2024/11/10 06:52:17 recorder.go:46: 1731221537547694334 Lookup     /usr/lib/x86_64-linux-gnu/libfabric.so.1
2024/11/10 06:52:17 recorder.go:46: 1731221537547755570 Lookup     /usr/lib/x86_64-linux-gnu/libfabric.so.1.14.0
2024/11/10 06:52:17 recorder.go:46: 1731221537547873523 Open       /usr/lib/x86_64-linux-gnu/libfabric.so.1.14.0
2024/11/10 06:52:17 recorder.go:46: 1731221537548428041 Lookup     /usr/lib/x86_64-linux-gnu/libudev.so.1
2024/11/10 06:52:17 recorder.go:46: 1731221537548504786 Lookup     /usr/lib/x86_64-linux-gnu/libudev.so.1.7.2
2024/11/10 06:52:17 recorder.go:46: 1731221537548628971 Open       /usr/lib/x86_64-linux-gnu/libudev.so.1.7.2
2024/11/10 06:52:17 recorder.go:46: 1731221537549141459 Lookup     /usr/lib/x86_64-linux-gnu/librdmacm.so.1
2024/11/10 06:52:17 recorder.go:46: 1731221537549211542 Lookup     /usr/lib/x86_64-linux-gnu/librdmacm.so.1.3.39.0
2024/11/10 06:52:17 recorder.go:46: 1731221537549307262 Open       /usr/lib/x86_64-linux-gnu/librdmacm.so.1.3.39.0
2024/11/10 06:52:17 recorder.go:46: 1731221537549732767 Lookup     /usr/lib/x86_64-linux-gnu/libefa.so.1
2024/11/10 06:52:17 recorder.go:46: 1731221537549783793 Lookup     /usr/lib/x86_64-linux-gnu/libefa.so.1.1.39.0
2024/11/10 06:52:17 recorder.go:46: 1731221537549865568 Open       /usr/lib/x86_64-linux-gnu/libefa.so.1.1.39.0
2024/11/10 06:52:17 recorder.go:46: 1731221537551064934 Lookup     /usr/lib/x86_64-linux-gnu/libibverbs.so.1
2024/11/10 06:52:17 recorder.go:46: 1731221537551162118 Lookup     /usr/lib/x86_64-linux-gnu/libibverbs.so.1.14.39.0
2024/11/10 06:52:17 recorder.go:46: 1731221537551278247 Open       /usr/lib/x86_64-linux-gnu/libibverbs.so.1.14.39.0
2024/11/10 06:52:17 recorder.go:46: 1731221537551827205 Lookup     /usr/lib/x86_64-linux-gnu/libpsm_infinipath.so.1
2024/11/10 06:52:17 recorder.go:46: 1731221537552012635 Lookup     /etc/alternatives
2024/11/10 06:52:17 recorder.go:46: 1731221537552069292 Lookup     /etc/alternatives/libpsm_infinipath.so.1
2024/11/10 06:52:17 recorder.go:46: 1731221537552188748 Lookup     /usr/lib/libpsm1
2024/11/10 06:52:17 recorder.go:46: 1731221537552236578 Lookup     /usr/lib/libpsm1/libpsm_infinipath.so.1.16
2024/11/10 06:52:17 recorder.go:46: 1731221537552298536 Open       /usr/lib/libpsm1/libpsm_infinipath.so.1.16
2024/11/10 06:52:17 recorder.go:46: 1731221537553177406 Lookup     /usr/lib/x86_64-linux-gnu/libpsm2.so.2
2024/11/10 06:52:17 recorder.go:46: 1731221537553238732 Lookup     /usr/lib/x86_64-linux-gnu/libpsm2.so.2.2
2024/11/10 06:52:17 recorder.go:46: 1731221537553321849 Open       /usr/lib/x86_64-linux-gnu/libpsm2.so.2.2
2024/11/10 06:52:17 recorder.go:46: 1731221537553864515 Lookup     /usr/lib/x86_64-linux-gnu/libnl-3.so.200
2024/11/10 06:52:17 recorder.go:46: 1731221537553918617 Lookup     /usr/lib/x86_64-linux-gnu/libnl-3.so.200.26.0
2024/11/10 06:52:17 recorder.go:46: 1731221537554000282 Open       /usr/lib/x86_64-linux-gnu/libnl-3.so.200.26.0
2024/11/10 06:52:17 recorder.go:46: 1731221537554557254 Lookup     /usr/lib/x86_64-linux-gnu/libnl-route-3.so.200
2024/11/10 06:52:17 recorder.go:46: 1731221537554610875 Lookup     /usr/lib/x86_64-linux-gnu/libnl-route-3.so.200.26.0
2024/11/10 06:52:17 recorder.go:46: 1731221537554696387 Open       /usr/lib/x86_64-linux-gnu/libnl-route-3.so.200.26.0
2024/11/10 06:52:17 recorder.go:46: 1731221537555765057 Lookup     /usr/lib/x86_64-linux-gnu/libinfinipath.so.4
2024/11/10 06:52:17 recorder.go:46: 1731221537555826583 Lookup     /usr/lib/x86_64-linux-gnu/libinfinipath.so.4.0
2024/11/10 06:52:17 recorder.go:46: 1731221537555917014 Open       /usr/lib/x86_64-linux-gnu/libinfinipath.so.4.0
2024/11/10 06:52:17 recorder.go:46: 1731221537556384317 Lookup     /usr/lib/x86_64-linux-gnu/librt.so.1
2024/11/10 06:52:17 recorder.go:46: 1731221537556443619 Open       /usr/lib/x86_64-linux-gnu/librt.so.1
2024/11/10 06:52:17 recorder.go:46: 1731221537556814149 Lookup     /usr/lib/x86_64-linux-gnu/libpthread.so.0
2024/11/10 06:52:17 recorder.go:46: 1731221537556853995 Open       /usr/lib/x86_64-linux-gnu/libpthread.so.0
2024/11/10 06:52:17 recorder.go:46: 1731221537557212963 Lookup     /usr/lib/x86_64-linux-gnu/libdl.so.2
2024/11/10 06:52:17 recorder.go:46: 1731221537557287955 Open       /usr/lib/x86_64-linux-gnu/libdl.so.2
2024/11/10 06:52:17 recorder.go:46: 1731221537557751912 Lookup     /usr/lib/x86_64-linux-gnu/libuuid.so.1
2024/11/10 06:52:17 recorder.go:46: 1731221537557818638 Lookup     /usr/lib/x86_64-linux-gnu/libuuid.so.1.3.0
2024/11/10 06:52:17 recorder.go:46: 1731221537557901985 Open       /usr/lib/x86_64-linux-gnu/libuuid.so.1.3.0
2024/11/10 06:52:17 recorder.go:46: 1731221537558284318 Lookup     /usr/lib/x86_64-linux-gnu/libnuma.so.1
2024/11/10 06:52:17 recorder.go:46: 1731221537558338310 Lookup     /usr/lib/x86_64-linux-gnu/libnuma.so.1.0.0
2024/11/10 06:52:17 recorder.go:46: 1731221537558427779 Open       /usr/lib/x86_64-linux-gnu/libnuma.so.1.0.0
2024/11/10 06:52:17 recorder.go:46: 1731221537787982523 Lookup     /usr/lib/x86_64-linux-gnu/hwloc
2024/11/10 06:52:17 recorder.go:46: 1731221537788410331 Lookup     /usr/lib/x86_64-linux-gnu/hwloc/hwloc_opencl.so
2024/11/10 06:52:17 recorder.go:46: 1731221537788466197 Lookup     /usr/lib/x86_64-linux-gnu/hwloc/hwloc_xml_libxml.so
2024/11/10 06:52:17 recorder.go:46: 1731221537788496354 Lookup     /usr/lib/x86_64-linux-gnu/hwloc/hwloc_gl.so
2024/11/10 06:52:17 recorder.go:46: 1731221537788525278 Lookup     /usr/lib/x86_64-linux-gnu/hwloc/hwloc_pci.so
2024/11/10 06:52:17 recorder.go:46: 1731221537788751676 Open       /usr/lib/x86_64-linux-gnu/hwloc/hwloc_opencl.so
2024/11/10 06:52:17 recorder.go:46: 1731221537789367991 Open       /etc/ld.so.cache
2024/11/10 06:52:17 recorder.go:46: 1731221537789700920 Lookup     /usr/lib/x86_64-linux-gnu/libOpenCL.so.1
2024/11/10 06:52:17 recorder.go:46: 1731221537789746717 Lookup     /usr/lib/x86_64-linux-gnu/libOpenCL.so.1.0.0
2024/11/10 06:52:17 recorder.go:46: 1731221537789828571 Open       /usr/lib/x86_64-linux-gnu/libOpenCL.so.1.0.0
2024/11/10 06:52:17 recorder.go:46: 1731221537790685441 Open       /usr/lib/x86_64-linux-gnu/hwloc/hwloc_xml_libxml.so
2024/11/10 06:52:17 recorder.go:46: 1731221537791120713 Open       /etc/ld.so.cache
2024/11/10 06:52:17 recorder.go:46: 1731221537791349546 Lookup     /usr/lib/x86_64-linux-gnu/libxml2.so.2
2024/11/10 06:52:17 recorder.go:46: 1731221537791392397 Lookup     /usr/lib/x86_64-linux-gnu/libxml2.so.2.9.13
2024/11/10 06:52:17 recorder.go:46: 1731221537791458832 Open       /usr/lib/x86_64-linux-gnu/libxml2.so.2.9.13
2024/11/10 06:52:17 recorder.go:46: 1731221537792506071 Lookup     /usr/lib/x86_64-linux-gnu/libicuuc.so.70
2024/11/10 06:52:17 recorder.go:46: 1731221537792564502 Lookup     /usr/lib/x86_64-linux-gnu/libicuuc.so.70.1
2024/11/10 06:52:17 recorder.go:46: 1731221537792657187 Open       /usr/lib/x86_64-linux-gnu/libicuuc.so.70.1
2024/11/10 06:52:17 recorder.go:46: 1731221537793385273 Lookup     /usr/lib/x86_64-linux-gnu/libz.so.1
2024/11/10 06:52:17 recorder.go:46: 1731221537793435899 Lookup     /usr/lib/x86_64-linux-gnu/libz.so.1.2.11
2024/11/10 06:52:17 recorder.go:46: 1731221537793519857 Open       /usr/lib/x86_64-linux-gnu/libz.so.1.2.11
2024/11/10 06:52:17 recorder.go:46: 1731221537793920294 Lookup     /usr/lib/x86_64-linux-gnu/liblzma.so.5
2024/11/10 06:52:17 recorder.go:46: 1731221537793966862 Lookup     /usr/lib/x86_64-linux-gnu/liblzma.so.5.2.5
2024/11/10 06:52:17 recorder.go:46: 1731221537794048927 Open       /usr/lib/x86_64-linux-gnu/liblzma.so.5.2.5
2024/11/10 06:52:17 recorder.go:46: 1731221537794406513 Lookup     /usr/lib/x86_64-linux-gnu/libicudata.so.70
2024/11/10 06:52:17 recorder.go:46: 1731221537794449364 Lookup     /usr/lib/x86_64-linux-gnu/libicudata.so.70.1
2024/11/10 06:52:17 recorder.go:46: 1731221537794523354 Open       /usr/lib/x86_64-linux-gnu/libicudata.so.70.1
2024/11/10 06:52:17 recorder.go:46: 1731221537796486394 Open       /usr/lib/x86_64-linux-gnu/hwloc/hwloc_gl.so
2024/11/10 06:52:17 recorder.go:46: 1731221537796844490 Open       /etc/ld.so.cache
2024/11/10 06:52:17 recorder.go:46: 1731221537797076028 Lookup     /usr/lib/x86_64-linux-gnu/libXNVCtrl.so.0
2024/11/10 06:52:17 recorder.go:46: 1731221537797135380 Lookup     /usr/lib/x86_64-linux-gnu/libXNVCtrl.so.0.0.0
2024/11/10 06:52:17 recorder.go:46: 1731221537797214359 Open       /usr/lib/x86_64-linux-gnu/libXNVCtrl.so.0.0.0
2024/11/10 06:52:17 recorder.go:46: 1731221537797551767 Lookup     /usr/lib/x86_64-linux-gnu/libX11.so.6
2024/11/10 06:52:17 recorder.go:46: 1731221537797600659 Lookup     /usr/lib/x86_64-linux-gnu/libX11.so.6.4.0
2024/11/10 06:52:17 recorder.go:46: 1731221537797675641 Open       /usr/lib/x86_64-linux-gnu/libX11.so.6.4.0
2024/11/10 06:52:17 recorder.go:46: 1731221537798201775 Lookup     /usr/lib/x86_64-linux-gnu/libXext.so.6
2024/11/10 06:52:17 recorder.go:46: 1731221537798252020 Lookup     /usr/lib/x86_64-linux-gnu/libXext.so.6.4.0
2024/11/10 06:52:17 recorder.go:46: 1731221537798319819 Open       /usr/lib/x86_64-linux-gnu/libXext.so.6.4.0
2024/11/10 06:52:17 recorder.go:46: 1731221537798672084 Lookup     /usr/lib/x86_64-linux-gnu/libxcb.so.1
2024/11/10 06:52:17 recorder.go:46: 1731221537798710948 Lookup     /usr/lib/x86_64-linux-gnu/libxcb.so.1.1.0
2024/11/10 06:52:17 recorder.go:46: 1731221537798770911 Open       /usr/lib/x86_64-linux-gnu/libxcb.so.1.1.0
2024/11/10 06:52:17 recorder.go:46: 1731221537799175536 Lookup     /usr/lib/x86_64-linux-gnu/libXau.so.6
2024/11/10 06:52:17 recorder.go:46: 1731221537799219359 Lookup     /usr/lib/x86_64-linux-gnu/libXau.so.6.0.0
2024/11/10 06:52:17 recorder.go:46: 1731221537799285884 Open       /usr/lib/x86_64-linux-gnu/libXau.so.6.0.0
2024/11/10 06:52:17 recorder.go:46: 1731221537799660713 Lookup     /usr/lib/x86_64-linux-gnu/libXdmcp.so.6
2024/11/10 06:52:17 recorder.go:46: 1731221537799699255 Lookup     /usr/lib/x86_64-linux-gnu/libXdmcp.so.6.0.0
2024/11/10 06:52:17 recorder.go:46: 1731221537799762806 Open       /usr/lib/x86_64-linux-gnu/libXdmcp.so.6.0.0
2024/11/10 06:52:17 recorder.go:46: 1731221537800125461 Lookup     /usr/lib/x86_64-linux-gnu/libbsd.so.0
2024/11/10 06:52:17 recorder.go:46: 1731221537800170646 Lookup     /usr/lib/x86_64-linux-gnu/libbsd.so.0.11.5
2024/11/10 06:52:17 recorder.go:46: 1731221537800239216 Open       /usr/lib/x86_64-linux-gnu/libbsd.so.0.11.5
2024/11/10 06:52:17 recorder.go:46: 1731221537800633161 Lookup     /usr/lib/x86_64-linux-gnu/libmd.so.0
2024/11/10 06:52:17 recorder.go:46: 1731221537800682474 Lookup     /usr/lib/x86_64-linux-gnu/libmd.so.0.0.5
2024/11/10 06:52:17 recorder.go:46: 1731221537800771131 Open       /usr/lib/x86_64-linux-gnu/libmd.so.0.0.5
2024/11/10 06:52:17 recorder.go:46: 1731221537801535305 Open       /usr/lib/x86_64-linux-gnu/hwloc/hwloc_pci.so
2024/11/10 06:52:17 recorder.go:46: 1731221537801897750 Open       /etc/ld.so.cache
2024/11/10 06:52:17 recorder.go:46: 1731221537802089363 Lookup     /usr/lib/x86_64-linux-gnu/libpciaccess.so.0
2024/11/10 06:52:17 recorder.go:46: 1731221537802136812 Lookup     /usr/lib/x86_64-linux-gnu/libpciaccess.so.0.11.1
2024/11/10 06:52:17 recorder.go:46: 1731221537802200573 Open       /usr/lib/x86_64-linux-gnu/libpciaccess.so.0.11.1
2024/11/10 06:52:18 recorder.go:46: 1731221538132715286 Lookup     /run
2024/11/10 06:52:18 recorder.go:46: 1731221538139412693 Lookup     /var
2024/11/10 06:52:18 recorder.go:46: 1731221538139473758 Lookup     /var/run
2024/11/10 06:52:18 recorder.go:46: 1731221538140530465 Lookup     /etc/gai.conf
2024/11/10 06:52:18 recorder.go:46: 1731221538140578887 Open       /etc/gai.conf
2024/11/10 06:52:18 recorder.go:46: 1731221538148679506 Lookup     /usr/share
2024/11/10 06:52:18 recorder.go:46: 1731221538148772462 Lookup     /usr/share/misc
2024/11/10 06:52:18 recorder.go:46: 1731221538175393151 Open       /etc/ld.so.cache
2024/11/10 06:52:18 recorder.go:46: 1731221538184521031 Open       /etc/ld.so.cache
2024/11/10 06:52:18 recorder.go:46: 1731221538185296948 Open       /etc/ld.so.cache
2024/11/10 06:52:18 recorder.go:46: 1731221538186085728 Open       /etc/ld.so.cache
2024/11/10 06:52:18 recorder.go:46: 1731221538186802813 Open       /etc/ld.so.cache
2024/11/10 06:52:18 recorder.go:46: 1731221538187459204 Open       /etc/ld.so.cache
2024/11/10 06:52:18 recorder.go:46: 1731221538188069317 Open       /etc/ld.so.cache
2024/11/10 06:52:18 recorder.go:46: 1731221538188738391 Open       /etc/ld.so.cache
2024/11/10 06:52:18 recorder.go:46: 1731221538189337624 Open       /etc/ld.so.cache
2024/11/10 06:52:18 recorder.go:46: 1731221538190161621 Open       /etc/ld.so.cache
2024/11/10 06:52:18 recorder.go:46: 1731221538190802051 Open       /etc/ld.so.cache
2024/11/10 06:52:18 recorder.go:46: 1731221538191540106 Open       /etc/ld.so.cache
2024/11/10 06:52:18 recorder.go:46: 1731221538192208179 Open       /etc/ld.so.cache
2024/11/10 06:52:18 recorder.go:46: 1731221538193034581 Open       /etc/ld.so.cache
2024/11/10 06:52:18 recorder.go:46: 1731221538193725917 Open       /etc/ld.so.cache
2024/11/10 06:52:18 recorder.go:46: 1731221538194516952 Open       /etc/ld.so.cache
2024/11/10 06:52:18 recorder.go:46: 1731221538195391144 Open       /etc/ld.so.cache
2024/11/10 06:52:18 recorder.go:46: 1731221538209635103 Lookup     /opt/lammps/examples/reaxff/HNS/in.reaxff.hns
2024/11/10 06:52:18 recorder.go:46: 1731221538209830342 Open       /opt/lammps/examples/reaxff/HNS/in.reaxff.hns
2024/11/10 06:52:18 recorder.go:46: 1731221538214483336 Lookup     /opt/lammps/examples/reaxff/HNS/data.hns-equil
2024/11/10 06:52:18 recorder.go:46: 1731221538214565080 Open       /opt/lammps/examples/reaxff/HNS/data.hns-equil
2024/11/10 06:52:18 recorder.go:46: 1731221538214691218 Open       /opt/lammps/examples/reaxff/HNS/data.hns-equil
2024/11/10 06:52:18 recorder.go:46: 1731221538219320367 Lookup     /opt/lammps/examples/reaxff/HNS/ffield.reax.hns
2024/11/10 06:52:18 recorder.go:46: 1731221538219365873 Open       /opt/lammps/examples/reaxff/HNS/ffield.reax.hns
2024/11/10 06:52:18 recorder.go:46: 1731221538219470040 Open       /opt/lammps/examples/reaxff/HNS/ffield.reax.hns
2024/11/10 06:52:18 recorder.go:46: 1731221538219753285 Open       /opt/lammps/examples/reaxff/HNS/ffield.reax.hns
2024/11/10 06:52:18 recorder.go:46: 1731221538219909240 Open       /opt/lammps/examples/reaxff/HNS/ffield.reax.hns
2024/11/10 07:00:35 recorder.go:46: 1731222035246457491 Lookup     /etc
2024/11/10 07:00:35 recorder.go:46: 1731222035246634075 Lookup     /etc/host.conf
2024/11/10 07:00:35 recorder.go:46: 1731222035246748431 Lookup     /etc/hosts
2024/11/10 07:00:35 recorder.go:46: 1731222035246846958 Lookup     /etc/nsswitch.conf
2024/11/10 07:00:35 recorder.go:46: 1731222035246892904 Lookup     /etc/resolv.conf
2024/11/10 07:00:35 recorder.go:46: 1731222035246932289 Lookup     /dev
2024/11/10 07:00:35 recorder.go:46: 1731222035246958218 Lookup     /sys
2024/11/10 07:00:35 recorder.go:46: 1731222035246980590 Lookup     /proc
2024/11/10 07:00:35 recorder.go:46: 1731222035247008453 Lookup     /tmp
2024/11/10 07:00:35 recorder.go:46: 1731222035247031026 Lookup     /root
2024/11/10 07:00:35 recorder.go:46: 1731222035247080078 Lookup     /opt
2024/11/10 07:00:35 recorder.go:46: 1731222035247101739 Lookup     /opt/lammps
2024/11/10 07:00:35 recorder.go:46: 1731222035247123360 Lookup     /opt/lammps/examples
2024/11/10 07:00:35 recorder.go:46: 1731222035247152966 Lookup     /opt/lammps/examples/reaxff
2024/11/10 07:00:35 recorder.go:46: 1731222035247179797 Lookup     /opt/lammps/examples/reaxff/HNS
2024/11/10 07:00:35 recorder.go:46: 1731222035247301086 Lookup     /usr
2024/11/10 07:00:35 recorder.go:46: 1731222035247331424 Lookup     /usr/local
2024/11/10 07:00:35 recorder.go:46: 1731222035247351201 Lookup     /usr/local/sbin
2024/11/10 07:00:35 recorder.go:46: 1731222035247426363 Lookup     /usr/local/bin
2024/11/10 07:00:35 recorder.go:46: 1731222035247505142 Lookup     /usr/sbin
2024/11/10 07:00:35 recorder.go:46: 1731222035247577449 Lookup     /usr/bin
2024/11/10 07:00:35 recorder.go:46: 1731222035247611043 Lookup     /usr/bin/lmp
2024/11/10 07:00:35 recorder.go:46: 1731222035247883578 Open       /usr/bin/lmp
2024/11/10 07:00:35 recorder.go:46: 1731222035248001391 Open       /usr/bin/lmp
2024/11/10 07:00:35 recorder.go:46: 1731222035248064159 Lookup     /lib64
2024/11/10 07:00:35 recorder.go:46: 1731222035248103283 Lookup     /usr/lib64
2024/11/10 07:00:35 recorder.go:46: 1731222035248168617 Lookup     /usr/lib64/ld-linux-x86-64.so.2
2024/11/10 07:00:35 recorder.go:46: 1731222035248233009 Lookup     /lib
2024/11/10 07:00:35 recorder.go:46: 1731222035248261433 Lookup     /usr/lib
2024/11/10 07:00:35 recorder.go:46: 1731222035248319633 Lookup     /usr/lib/x86_64-linux-gnu
2024/11/10 07:00:35 recorder.go:46: 1731222035248339711 Lookup     /usr/lib/x86_64-linux-gnu/ld-linux-x86-64.so.2
2024/11/10 07:00:35 recorder.go:46: 1731222035248401017 Open       /usr/lib/x86_64-linux-gnu/ld-linux-x86-64.so.2
2024/11/10 07:00:35 recorder.go:46: 1731222035249099447 Open       /usr/bin/lmp
2024/11/10 07:00:35 recorder.go:46: 1731222035249541173 Open       /usr/lib/x86_64-linux-gnu/ld-linux-x86-64.so.2
2024/11/10 07:00:35 recorder.go:46: 1731222035250190871 Lookup     /etc/ld.so.cache
2024/11/10 07:00:35 recorder.go:46: 1731222035250220748 Open       /etc/ld.so.cache
2024/11/10 07:00:35 recorder.go:46: 1731222035250432619 Lookup     /usr/lib/x86_64-linux-gnu/libgomp.so.1
2024/11/10 07:00:35 recorder.go:46: 1731222035250487242 Lookup     /usr/lib/x86_64-linux-gnu/libgomp.so.1.0.0
2024/11/10 07:00:35 recorder.go:46: 1731222035250576340 Open       /usr/lib/x86_64-linux-gnu/libgomp.so.1.0.0
2024/11/10 07:00:35 recorder.go:46: 1731222035251084251 Lookup     /usr/lib/x86_64-linux-gnu/libmpich.so.12
2024/11/10 07:00:35 recorder.go:46: 1731222035251134235 Lookup     /usr/lib/x86_64-linux-gnu/libmpich.so.12.2.0
2024/11/10 07:00:35 recorder.go:46: 1731222035251205360 Open       /usr/lib/x86_64-linux-gnu/libmpich.so.12.2.0
2024/11/10 07:00:35 recorder.go:46: 1731222035251767353 Lookup     /usr/lib/x86_64-linux-gnu/libstdc++.so.6
2024/11/10 07:00:35 recorder.go:46: 1731222035251808160 Lookup     /usr/lib/x86_64-linux-gnu/libstdc++.so.6.0.30
2024/11/10 07:00:35 recorder.go:46: 1731222035251866200 Open       /usr/lib/x86_64-linux-gnu/libstdc++.so.6.0.30
2024/11/10 07:00:35 recorder.go:46: 1731222035252328063 Lookup     /usr/lib/x86_64-linux-gnu/libm.so.6
2024/11/10 07:00:35 recorder.go:46: 1731222035252363370 Open       /usr/lib/x86_64-linux-gnu/libm.so.6
2024/11/10 07:00:35 recorder.go:46: 1731222035252736345 Lookup     /usr/lib/x86_64-linux-gnu/libgcc_s.so.1
2024/11/10 07:00:35 recorder.go:46: 1731222035252771582 Open       /usr/lib/x86_64-linux-gnu/libgcc_s.so.1
2024/11/10 07:00:35 recorder.go:46: 1731222035253061941 Lookup     /usr/lib/x86_64-linux-gnu/libc.so.6
2024/11/10 07:00:35 recorder.go:46: 1731222035253090746 Open       /usr/lib/x86_64-linux-gnu/libc.so.6
2024/11/10 07:00:35 recorder.go:46: 1731222035253586002 Lookup     /usr/lib/x86_64-linux-gnu/libhwloc.so.15
2024/11/10 07:00:35 recorder.go:46: 1731222035253624274 Lookup     /usr/lib/x86_64-linux-gnu/libhwloc.so.15.5.2
2024/11/10 07:00:35 recorder.go:46: 1731222035253687474 Open       /usr/lib/x86_64-linux-gnu/libhwloc.so.15.5.2
2024/11/10 07:00:35 recorder.go:46: 1731222035254052935 Lookup     /usr/lib/x86_64-linux-gnu/libfabric.so.1
2024/11/10 07:00:35 recorder.go:46: 1731222035254097479 Lookup     /usr/lib/x86_64-linux-gnu/libfabric.so.1.14.0
2024/11/10 07:00:35 recorder.go:46: 1731222035254169936 Open       /usr/lib/x86_64-linux-gnu/libfabric.so.1.14.0
2024/11/10 07:00:35 recorder.go:46: 1731222035254547641 Lookup     /usr/lib/x86_64-linux-gnu/libudev.so.1
2024/11/10 07:00:35 recorder.go:46: 1731222035254600310 Lookup     /usr/lib/x86_64-linux-gnu/libudev.so.1.7.2
2024/11/10 07:00:35 recorder.go:46: 1731222035254667197 Open       /usr/lib/x86_64-linux-gnu/libudev.so.1.7.2
2024/11/10 07:00:35 recorder.go:46: 1731222035254974748 Lookup     /usr/lib/x86_64-linux-gnu/librdmacm.so.1
2024/11/10 07:00:35 recorder.go:46: 1731222035255013692 Lookup     /usr/lib/x86_64-linux-gnu/librdmacm.so.1.3.39.0
2024/11/10 07:00:35 recorder.go:46: 1731222035255071752 Open       /usr/lib/x86_64-linux-gnu/librdmacm.so.1.3.39.0
2024/11/10 07:00:35 recorder.go:46: 1731222035255433286 Lookup     /usr/lib/x86_64-linux-gnu/libefa.so.1
2024/11/10 07:00:35 recorder.go:46: 1731222035255467390 Lookup     /usr/lib/x86_64-linux-gnu/libefa.so.1.1.39.0
2024/11/10 07:00:35 recorder.go:46: 1731222035255542262 Open       /usr/lib/x86_64-linux-gnu/libefa.so.1.1.39.0
2024/11/10 07:00:35 recorder.go:46: 1731222035256031196 Lookup     /usr/lib/x86_64-linux-gnu/libibverbs.so.1
2024/11/10 07:00:35 recorder.go:46: 1731222035256082584 Lookup     /usr/lib/x86_64-linux-gnu/libibverbs.so.1.14.39.0
2024/11/10 07:00:35 recorder.go:46: 1731222035256162365 Open       /usr/lib/x86_64-linux-gnu/libibverbs.so.1.14.39.0
2024/11/10 07:00:35 recorder.go:46: 1731222035256575636 Lookup     /usr/lib/x86_64-linux-gnu/libpsm_infinipath.so.1
2024/11/10 07:00:35 recorder.go:46: 1731222035256700953 Lookup     /etc/alternatives
2024/11/10 07:00:35 recorder.go:46: 1731222035256734847 Lookup     /etc/alternatives/libpsm_infinipath.so.1
2024/11/10 07:00:35 recorder.go:46: 1731222035256804469 Lookup     /usr/lib/libpsm1
2024/11/10 07:00:35 recorder.go:46: 1731222035256834766 Lookup     /usr/lib/libpsm1/libpsm_infinipath.so.1.16
2024/11/10 07:00:35 recorder.go:46: 1731222035256870303 Open       /usr/lib/libpsm1/libpsm_infinipath.so.1.16
2024/11/10 07:00:35 recorder.go:46: 1731222035257335704 Lookup     /usr/lib/x86_64-linux-gnu/libpsm2.so.2
2024/11/10 07:00:35 recorder.go:46: 1731222035257373074 Lookup     /usr/lib/x86_64-linux-gnu/libpsm2.so.2.2
2024/11/10 07:00:35 recorder.go:46: 1731222035257430843 Open       /usr/lib/x86_64-linux-gnu/libpsm2.so.2.2
2024/11/10 07:00:35 recorder.go:46: 1731222035257814359 Lookup     /usr/lib/x86_64-linux-gnu/libnl-3.so.200
2024/11/10 07:00:35 recorder.go:46: 1731222035257851158 Lookup     /usr/lib/x86_64-linux-gnu/libnl-3.so.200.26.0
2024/11/10 07:00:35 recorder.go:46: 1731222035257914328 Open       /usr/lib/x86_64-linux-gnu/libnl-3.so.200.26.0
2024/11/10 07:00:35 recorder.go:46: 1731222035258244462 Lookup     /usr/lib/x86_64-linux-gnu/libnl-route-3.so.200
2024/11/10 07:00:35 recorder.go:46: 1731222035258280059 Lookup     /usr/lib/x86_64-linux-gnu/libnl-route-3.so.200.26.0
2024/11/10 07:00:35 recorder.go:46: 1731222035258338580 Open       /usr/lib/x86_64-linux-gnu/libnl-route-3.so.200.26.0
2024/11/10 07:00:35 recorder.go:46: 1731222035259389347 Lookup     /usr/lib/x86_64-linux-gnu/libinfinipath.so.4
2024/11/10 07:00:35 recorder.go:46: 1731222035259450403 Lookup     /usr/lib/x86_64-linux-gnu/libinfinipath.so.4.0
2024/11/10 07:00:35 recorder.go:46: 1731222035259534412 Open       /usr/lib/x86_64-linux-gnu/libinfinipath.so.4.0
2024/11/10 07:00:35 recorder.go:46: 1731222035260068742 Lookup     /usr/lib/x86_64-linux-gnu/librt.so.1
2024/11/10 07:00:35 recorder.go:46: 1731222035260123736 Open       /usr/lib/x86_64-linux-gnu/librt.so.1
2024/11/10 07:00:35 recorder.go:46: 1731222035260466304 Lookup     /usr/lib/x86_64-linux-gnu/libpthread.so.0
2024/11/10 07:00:35 recorder.go:46: 1731222035260507422 Open       /usr/lib/x86_64-linux-gnu/libpthread.so.0
2024/11/10 07:00:35 recorder.go:46: 1731222035260797340 Lookup     /usr/lib/x86_64-linux-gnu/libdl.so.2
2024/11/10 07:00:35 recorder.go:46: 1731222035260826776 Open       /usr/lib/x86_64-linux-gnu/libdl.so.2
2024/11/10 07:00:35 recorder.go:46: 1731222035261176507 Lookup     /usr/lib/x86_64-linux-gnu/libuuid.so.1
2024/11/10 07:00:35 recorder.go:46: 1731222035261221502 Lookup     /usr/lib/x86_64-linux-gnu/libuuid.so.1.3.0
2024/11/10 07:00:35 recorder.go:46: 1731222035261284622 Open       /usr/lib/x86_64-linux-gnu/libuuid.so.1.3.0
2024/11/10 07:00:35 recorder.go:46: 1731222035261625827 Lookup     /usr/lib/x86_64-linux-gnu/libnuma.so.1
2024/11/10 07:00:35 recorder.go:46: 1731222035261668167 Lookup     /usr/lib/x86_64-linux-gnu/libnuma.so.1.0.0
2024/11/10 07:00:35 recorder.go:46: 1731222035261729333 Open       /usr/lib/x86_64-linux-gnu/libnuma.so.1.0.0
2024/11/10 07:00:35 recorder.go:46: 1731222035474281545 Lookup     /usr/lib/x86_64-linux-gnu/hwloc
2024/11/10 07:00:35 recorder.go:46: 1731222035474555954 Lookup     /usr/lib/x86_64-linux-gnu/hwloc/hwloc_opencl.so
2024/11/10 07:00:35 recorder.go:46: 1731222035474600498 Lookup     /usr/lib/x86_64-linux-gnu/hwloc/hwloc_xml_libxml.so
2024/11/10 07:00:35 recorder.go:46: 1731222035474618893 Lookup     /usr/lib/x86_64-linux-gnu/hwloc/hwloc_gl.so
2024/11/10 07:00:35 recorder.go:46: 1731222035474638370 Lookup     /usr/lib/x86_64-linux-gnu/hwloc/hwloc_pci.so
2024/11/10 07:00:35 recorder.go:46: 1731222035474859278 Open       /usr/lib/x86_64-linux-gnu/hwloc/hwloc_opencl.so
2024/11/10 07:00:35 recorder.go:46: 1731222035475321362 Open       /etc/ld.so.cache
2024/11/10 07:00:35 recorder.go:46: 1731222035475649622 Lookup     /usr/lib/x86_64-linux-gnu/libOpenCL.so.1
2024/11/10 07:00:35 recorder.go:46: 1731222035475712261 Lookup     /usr/lib/x86_64-linux-gnu/libOpenCL.so.1.0.0
2024/11/10 07:00:35 recorder.go:46: 1731222035475837127 Open       /usr/lib/x86_64-linux-gnu/libOpenCL.so.1.0.0
2024/11/10 07:00:35 recorder.go:46: 1731222035476395443 Open       /usr/lib/x86_64-linux-gnu/hwloc/hwloc_xml_libxml.so
2024/11/10 07:00:35 recorder.go:46: 1731222035476660524 Open       /etc/ld.so.cache
2024/11/10 07:00:35 recorder.go:46: 1731222035476904415 Lookup     /usr/lib/x86_64-linux-gnu/libxml2.so.2
2024/11/10 07:00:35 recorder.go:46: 1731222035476952967 Lookup     /usr/lib/x86_64-linux-gnu/libxml2.so.2.9.13
2024/11/10 07:00:35 recorder.go:46: 1731222035477029672 Open       /usr/lib/x86_64-linux-gnu/libxml2.so.2.9.13
2024/11/10 07:00:35 recorder.go:46: 1731222035477645777 Lookup     /usr/lib/x86_64-linux-gnu/libicuuc.so.70
2024/11/10 07:00:35 recorder.go:46: 1731222035477697826 Lookup     /usr/lib/x86_64-linux-gnu/libicuuc.so.70.1
2024/11/10 07:00:35 recorder.go:46: 1731222035477761616 Open       /usr/lib/x86_64-linux-gnu/libicuuc.so.70.1
2024/11/10 07:00:35 recorder.go:46: 1731222035478260720 Lookup     /usr/lib/x86_64-linux-gnu/libz.so.1
2024/11/10 07:00:35 recorder.go:46: 1731222035478296308 Lookup     /usr/lib/x86_64-linux-gnu/libz.so.1.2.11
2024/11/10 07:00:35 recorder.go:46: 1731222035478353907 Open       /usr/lib/x86_64-linux-gnu/libz.so.1.2.11
2024/11/10 07:00:35 recorder.go:46: 1731222035478710521 Lookup     /usr/lib/x86_64-linux-gnu/liblzma.so.5
2024/11/10 07:00:35 recorder.go:46: 1731222035478749885 Lookup     /usr/lib/x86_64-linux-gnu/liblzma.so.5.2.5
2024/11/10 07:00:35 recorder.go:46: 1731222035478828304 Open       /usr/lib/x86_64-linux-gnu/liblzma.so.5.2.5
2024/11/10 07:00:35 recorder.go:46: 1731222035479168437 Lookup     /usr/lib/x86_64-linux-gnu/libicudata.so.70
2024/11/10 07:00:35 recorder.go:46: 1731222035479200938 Lookup     /usr/lib/x86_64-linux-gnu/libicudata.so.70.1
2024/11/10 07:00:35 recorder.go:46: 1731222035479266813 Open       /usr/lib/x86_64-linux-gnu/libicudata.so.70.1
2024/11/10 07:00:35 recorder.go:46: 1731222035480831252 Open       /usr/lib/x86_64-linux-gnu/hwloc/hwloc_gl.so
2024/11/10 07:00:35 recorder.go:46: 1731222035481054153 Open       /etc/ld.so.cache
2024/11/10 07:00:35 recorder.go:46: 1731222035481328282 Lookup     /usr/lib/x86_64-linux-gnu/libXNVCtrl.so.0
2024/11/10 07:00:35 recorder.go:46: 1731222035481386622 Lookup     /usr/lib/x86_64-linux-gnu/libXNVCtrl.so.0.0.0
2024/11/10 07:00:35 recorder.go:46: 1731222035481479377 Open       /usr/lib/x86_64-linux-gnu/libXNVCtrl.so.0.0.0
2024/11/10 07:00:35 recorder.go:46: 1731222035481903750 Lookup     /usr/lib/x86_64-linux-gnu/libX11.so.6
2024/11/10 07:00:35 recorder.go:46: 1731222035481959135 Lookup     /usr/lib/x86_64-linux-gnu/libX11.so.6.4.0
2024/11/10 07:00:35 recorder.go:46: 1731222035482024969 Open       /usr/lib/x86_64-linux-gnu/libX11.so.6.4.0
2024/11/10 07:00:35 recorder.go:46: 1731222035482419034 Lookup     /usr/lib/x86_64-linux-gnu/libXext.so.6
2024/11/10 07:00:35 recorder.go:46: 1731222035482465422 Lookup     /usr/lib/x86_64-linux-gnu/libXext.so.6.4.0
2024/11/10 07:00:35 recorder.go:46: 1731222035482539452 Open       /usr/lib/x86_64-linux-gnu/libXext.so.6.4.0
2024/11/10 07:00:35 recorder.go:46: 1731222035482850570 Lookup     /usr/lib/x86_64-linux-gnu/libxcb.so.1
2024/11/10 07:00:35 recorder.go:46: 1731222035482890857 Lookup     /usr/lib/x86_64-linux-gnu/libxcb.so.1.1.0
2024/11/10 07:00:35 recorder.go:46: 1731222035482952864 Open       /usr/lib/x86_64-linux-gnu/libxcb.so.1.1.0
2024/11/10 07:00:35 recorder.go:46: 1731222035483285172 Lookup     /usr/lib/x86_64-linux-gnu/libXau.so.6
2024/11/10 07:00:35 recorder.go:46: 1731222035483324206 Lookup     /usr/lib/x86_64-linux-gnu/libXau.so.6.0.0
2024/11/10 07:00:35 recorder.go:46: 1731222035483391684 Open       /usr/lib/x86_64-linux-gnu/libXau.so.6.0.0
2024/11/10 07:00:35 recorder.go:46: 1731222035483664700 Lookup     /usr/lib/x86_64-linux-gnu/libXdmcp.so.6
2024/11/10 07:00:35 recorder.go:46: 1731222035483700217 Lookup     /usr/lib/x86_64-linux-gnu/libXdmcp.so.6.0.0
2024/11/10 07:00:35 recorder.go:46: 1731222035483755352 Open       /usr/lib/x86_64-linux-gnu/libXdmcp.so.6.0.0
2024/11/10 07:00:35 recorder.go:46: 1731222035484022577 Lookup     /usr/lib/x86_64-linux-gnu/libbsd.so.0
2024/11/10 07:00:35 recorder.go:46: 1731222035484059777 Lookup     /usr/lib/x86_64-linux-gnu/libbsd.so.0.11.5
2024/11/10 07:00:35 recorder.go:46: 1731222035484114821 Open       /usr/lib/x86_64-linux-gnu/libbsd.so.0.11.5
2024/11/10 07:00:35 recorder.go:46: 1731222035484423255 Lookup     /usr/lib/x86_64-linux-gnu/libmd.so.0
2024/11/10 07:00:35 recorder.go:46: 1731222035484460976 Lookup     /usr/lib/x86_64-linux-gnu/libmd.so.0.0.5
2024/11/10 07:00:35 recorder.go:46: 1731222035484541488 Open       /usr/lib/x86_64-linux-gnu/libmd.so.0.0.5
2024/11/10 07:00:35 recorder.go:46: 1731222035485460987 Open       /usr/lib/x86_64-linux-gnu/hwloc/hwloc_pci.so
2024/11/10 07:00:35 recorder.go:46: 1731222035485729034 Open       /etc/ld.so.cache
2024/11/10 07:00:35 recorder.go:46: 1731222035499849859 Lookup     /usr/lib/x86_64-linux-gnu/libpciaccess.so.0
2024/11/10 07:00:35 recorder.go:46: 1731222035499959787 Lookup     /usr/lib/x86_64-linux-gnu/libpciaccess.so.0.11.1
2024/11/10 07:00:35 recorder.go:46: 1731222035500078792 Open       /usr/lib/x86_64-linux-gnu/libpciaccess.so.0.11.1
2024/11/10 07:00:35 recorder.go:46: 1731222035829669314 Lookup     /run
2024/11/10 07:00:35 recorder.go:46: 1731222035835714376 Lookup     /var
2024/11/10 07:00:35 recorder.go:46: 1731222035835798555 Lookup     /var/run
2024/11/10 07:00:35 recorder.go:46: 1731222035837389744 Lookup     /etc/gai.conf
2024/11/10 07:00:35 recorder.go:46: 1731222035837438566 Open       /etc/gai.conf
2024/11/10 07:00:35 recorder.go:46: 1731222035845947268 Lookup     /usr/share
2024/11/10 07:00:35 recorder.go:46: 1731222035846017691 Lookup     /usr/share/misc
2024/11/10 07:00:35 recorder.go:46: 1731222035862372040 Open       /etc/ld.so.cache
2024/11/10 07:00:35 recorder.go:46: 1731222035870833051 Open       /etc/ld.so.cache
2024/11/10 07:00:35 recorder.go:46: 1731222035871681095 Open       /etc/ld.so.cache
2024/11/10 07:00:35 recorder.go:46: 1731222035872745047 Open       /etc/ld.so.cache
2024/11/10 07:00:35 recorder.go:46: 1731222035873505144 Open       /etc/ld.so.cache
2024/11/10 07:00:35 recorder.go:46: 1731222035874084841 Open       /etc/ld.so.cache
2024/11/10 07:00:35 recorder.go:46: 1731222035874702349 Open       /etc/ld.so.cache
2024/11/10 07:00:35 recorder.go:46: 1731222035875290992 Open       /etc/ld.so.cache
2024/11/10 07:00:35 recorder.go:46: 1731222035875881018 Open       /etc/ld.so.cache
2024/11/10 07:00:35 recorder.go:46: 1731222035876504787 Open       /etc/ld.so.cache
2024/11/10 07:00:35 recorder.go:46: 1731222035877118468 Open       /etc/ld.so.cache
2024/11/10 07:00:35 recorder.go:46: 1731222035877987782 Open       /etc/ld.so.cache
2024/11/10 07:00:35 recorder.go:46: 1731222035878671575 Open       /etc/ld.so.cache
2024/11/10 07:00:35 recorder.go:46: 1731222035879261260 Open       /etc/ld.so.cache
2024/11/10 07:00:35 recorder.go:46: 1731222035879999276 Open       /etc/ld.so.cache
2024/11/10 07:00:35 recorder.go:46: 1731222035880563132 Open       /etc/ld.so.cache
2024/11/10 07:00:35 recorder.go:46: 1731222035881092033 Open       /etc/ld.so.cache
2024/11/10 07:00:35 recorder.go:46: 1731222035891898930 Lookup     /opt/lammps/examples/reaxff/HNS/in.reaxff.hns
2024/11/10 07:00:35 recorder.go:46: 1731222035891959966 Open       /opt/lammps/examples/reaxff/HNS/in.reaxff.hns
2024/11/10 07:00:35 recorder.go:46: 1731222035893941183 Lookup     /opt/lammps/examples/reaxff/HNS/data.hns-equil
2024/11/10 07:00:35 recorder.go:46: 1731222035894055278 Open       /opt/lammps/examples/reaxff/HNS/data.hns-equil
2024/11/10 07:00:35 recorder.go:46: 1731222035894303358 Open       /opt/lammps/examples/reaxff/HNS/data.hns-equil
2024/11/10 07:00:35 recorder.go:46: 1731222035897947008 Lookup     /opt/lammps/examples/reaxff/HNS/ffield.reax.hns
2024/11/10 07:00:35 recorder.go:46: 1731222035898014586 Open       /opt/lammps/examples/reaxff/HNS/ffield.reax.hns
2024/11/10 07:00:35 recorder.go:46: 1731222035898190188 Open       /opt/lammps/examples/reaxff/HNS/ffield.reax.hns
2024/11/10 07:00:35 recorder.go:46: 1731222035898444229 Open       /opt/lammps/examples/reaxff/HNS/ffield.reax.hns
2024/11/10 07:00:35 recorder.go:46: 1731222035898609291 Open       /opt/lammps/examples/reaxff/HNS/ffield.reax.hns
