2024/11/10 06:54:06 recorder.go:46: 1731221646402188005 Lookup     /etc
2024/11/10 06:54:06 recorder.go:46: 1731221646402356544 Lookup     /etc/host.conf
2024/11/10 06:54:06 recorder.go:46: 1731221646402469387 Lookup     /etc/hosts
2024/11/10 06:54:06 recorder.go:46: 1731221646402610343 Lookup     /etc/nsswitch.conf
2024/11/10 06:54:06 recorder.go:46: 1731221646402666940 Lookup     /etc/resolv.conf
2024/11/10 06:54:06 recorder.go:46: 1731221646402722856 Lookup     /dev
2024/11/10 06:54:06 recorder.go:46: 1731221646402753093 Lookup     /sys
2024/11/10 06:54:06 recorder.go:46: 1731221646402787508 Lookup     /proc
2024/11/10 06:54:06 recorder.go:46: 1731221646402832944 Lookup     /tmp
2024/11/10 06:54:06 recorder.go:46: 1731221646402864574 Lookup     /root
2024/11/10 06:54:06 recorder.go:46: 1731221646402933554 Lookup     /opt
2024/11/10 06:54:06 recorder.go:46: 1731221646402962028 Lookup     /opt/lammps
2024/11/10 06:54:06 recorder.go:46: 1731221646402984581 Lookup     /opt/lammps/examples
2024/11/10 06:54:06 recorder.go:46: 1731221646403015750 Lookup     /opt/lammps/examples/reaxff
2024/11/10 06:54:06 recorder.go:46: 1731221646403041739 Lookup     /opt/lammps/examples/reaxff/HNS
2024/11/10 06:54:06 recorder.go:46: 1731221646403181182 Lookup     /usr
2024/11/10 06:54:06 recorder.go:46: 1731221646403206470 Lookup     /usr/local
2024/11/10 06:54:06 recorder.go:46: 1731221646403226658 Lookup     /usr/local/sbin
2024/11/10 06:54:06 recorder.go:46: 1731221646403308363 Lookup     /usr/local/bin
2024/11/10 06:54:06 recorder.go:46: 1731221646403394987 Lookup     /usr/sbin
2024/11/10 06:54:06 recorder.go:46: 1731221646403474407 Lookup     /usr/bin
2024/11/10 06:54:06 recorder.go:46: 1731221646403527627 Lookup     /usr/bin/lmp
2024/11/10 06:54:06 recorder.go:46: 1731221646403784703 Open       /usr/bin/lmp
2024/11/10 06:54:06 recorder.go:46: 1731221646404323161 Open       /usr/bin/lmp
2024/11/10 06:54:06 recorder.go:46: 1731221646404398854 Lookup     /lib64
2024/11/10 06:54:06 recorder.go:46: 1731221646404451454 Lookup     /usr/lib64
2024/11/10 06:54:06 recorder.go:46: 1731221646404566471 Lookup     /usr/lib64/ld-linux-x86-64.so.2
2024/11/10 06:54:06 recorder.go:46: 1731221646404668795 Lookup     /lib
2024/11/10 06:54:06 recorder.go:46: 1731221646404704021 Lookup     /usr/lib
2024/11/10 06:54:06 recorder.go:46: 1731221646404794703 Lookup     /usr/lib/x86_64-linux-gnu
2024/11/10 06:54:06 recorder.go:46: 1731221646404824850 Lookup     /usr/lib/x86_64-linux-gnu/ld-linux-x86-64.so.2
2024/11/10 06:54:06 recorder.go:46: 1731221646404923747 Open       /usr/lib/x86_64-linux-gnu/ld-linux-x86-64.so.2
2024/11/10 06:54:06 recorder.go:46: 1731221646405708380 Open       /usr/bin/lmp
2024/11/10 06:54:06 recorder.go:46: 1731221646406663445 Open       /usr/lib/x86_64-linux-gnu/ld-linux-x86-64.so.2
2024/11/10 06:54:06 recorder.go:46: 1731221646407826734 Lookup     /etc/ld.so.cache
2024/11/10 06:54:06 recorder.go:46: 1731221646407876979 Open       /etc/ld.so.cache
2024/11/10 06:54:06 recorder.go:46: 1731221646408085162 Lookup     /usr/lib/x86_64-linux-gnu/libgomp.so.1
2024/11/10 06:54:06 recorder.go:46: 1731221646408127562 Lookup     /usr/lib/x86_64-linux-gnu/libgomp.so.1.0.0
2024/11/10 06:54:06 recorder.go:46: 1731221646408188718 Open       /usr/lib/x86_64-linux-gnu/libgomp.so.1.0.0
2024/11/10 06:54:06 recorder.go:46: 1731221646408629792 Lookup     /usr/lib/x86_64-linux-gnu/libmpich.so.12
2024/11/10 06:54:06 recorder.go:46: 1731221646408676650 Lookup     /usr/lib/x86_64-linux-gnu/libmpich.so.12.2.0
2024/11/10 06:54:06 recorder.go:46: 1731221646408735622 Open       /usr/lib/x86_64-linux-gnu/libmpich.so.12.2.0
2024/11/10 06:54:06 recorder.go:46: 1731221646409254553 Lookup     /usr/lib/x86_64-linux-gnu/libstdc++.so.6
2024/11/10 06:54:06 recorder.go:46: 1731221646409303946 Lookup     /usr/lib/x86_64-linux-gnu/libstdc++.so.6.0.30
2024/11/10 06:54:06 recorder.go:46: 1731221646409391532 Open       /usr/lib/x86_64-linux-gnu/libstdc++.so.6.0.30
2024/11/10 06:54:06 recorder.go:46: 1731221646409951049 Lookup     /usr/lib/x86_64-linux-gnu/libm.so.6
2024/11/10 06:54:06 recorder.go:46: 1731221646409997407 Open       /usr/lib/x86_64-linux-gnu/libm.so.6
2024/11/10 06:54:06 recorder.go:46: 1731221646410508263 Lookup     /usr/lib/x86_64-linux-gnu/libgcc_s.so.1
2024/11/10 06:54:06 recorder.go:46: 1731221646410559339 Open       /usr/lib/x86_64-linux-gnu/libgcc_s.so.1
2024/11/10 06:54:06 recorder.go:46: 1731221646410993500 Lookup     /usr/lib/x86_64-linux-gnu/libc.so.6
2024/11/10 06:54:06 recorder.go:46: 1731221646411039316 Open       /usr/lib/x86_64-linux-gnu/libc.so.6
2024/11/10 06:54:06 recorder.go:46: 1731221646411717428 Lookup     /usr/lib/x86_64-linux-gnu/libhwloc.so.15
2024/11/10 06:54:06 recorder.go:46: 1731221646411770739 Lookup     /usr/lib/x86_64-linux-gnu/libhwloc.so.15.5.2
2024/11/10 06:54:06 recorder.go:46: 1731221646411840882 Open       /usr/lib/x86_64-linux-gnu/libhwloc.so.15.5.2
2024/11/10 06:54:06 recorder.go:46: 1731221646412343321 Lookup     /usr/lib/x86_64-linux-gnu/libfabric.so.1
2024/11/10 06:54:06 recorder.go:46: 1731221646412407643 Lookup     /usr/lib/x86_64-linux-gnu/libfabric.so.1.14.0
2024/11/10 06:54:06 recorder.go:46: 1731221646412494758 Open       /usr/lib/x86_64-linux-gnu/libfabric.so.1.14.0
2024/11/10 06:54:06 recorder.go:46: 1731221646412926564 Lookup     /usr/lib/x86_64-linux-gnu/libudev.so.1
2024/11/10 06:54:06 recorder.go:46: 1731221646412984073 Lookup     /usr/lib/x86_64-linux-gnu/libudev.so.1.7.2
2024/11/10 06:54:06 recorder.go:46: 1731221646413080375 Open       /usr/lib/x86_64-linux-gnu/libudev.so.1.7.2
2024/11/10 06:54:06 recorder.go:46: 1731221646413509616 Lookup     /usr/lib/x86_64-linux-gnu/librdmacm.so.1
2024/11/10 06:54:06 recorder.go:46: 1731221646413557577 Lookup     /usr/lib/x86_64-linux-gnu/librdmacm.so.1.3.39.0
2024/11/10 06:54:06 recorder.go:46: 1731221646413647747 Open       /usr/lib/x86_64-linux-gnu/librdmacm.so.1.3.39.0
2024/11/10 06:54:06 recorder.go:46: 1731221646414044467 Lookup     /usr/lib/x86_64-linux-gnu/libefa.so.1
2024/11/10 06:54:06 recorder.go:46: 1731221646414079102 Lookup     /usr/lib/x86_64-linux-gnu/libefa.so.1.1.39.0
2024/11/10 06:54:06 recorder.go:46: 1731221646414139346 Open       /usr/lib/x86_64-linux-gnu/libefa.so.1.1.39.0
2024/11/10 06:54:06 recorder.go:46: 1731221646414450064 Lookup     /usr/lib/x86_64-linux-gnu/libibverbs.so.1
2024/11/10 06:54:06 recorder.go:46: 1731221646414482816 Lookup     /usr/lib/x86_64-linux-gnu/libibverbs.so.1.14.39.0
2024/11/10 06:54:06 recorder.go:46: 1731221646414546756 Open       /usr/lib/x86_64-linux-gnu/libibverbs.so.1.14.39.0
2024/11/10 06:54:06 recorder.go:46: 1731221646414946763 Lookup     /usr/lib/x86_64-linux-gnu/libpsm_infinipath.so.1
2024/11/10 06:54:06 recorder.go:46: 1731221646415353852 Lookup     /etc/alternatives
2024/11/10 06:54:06 recorder.go:46: 1731221646415402484 Lookup     /etc/alternatives/libpsm_infinipath.so.1
2024/11/10 06:54:06 recorder.go:46: 1731221646415558850 Lookup     /usr/lib/libpsm1
2024/11/10 06:54:06 recorder.go:46: 1731221646415607181 Lookup     /usr/lib/libpsm1/libpsm_infinipath.so.1.16
2024/11/10 06:54:06 recorder.go:46: 1731221646415674799 Open       /usr/lib/libpsm1/libpsm_infinipath.so.1.16
2024/11/10 06:54:06 recorder.go:46: 1731221646416325218 Lookup     /usr/lib/x86_64-linux-gnu/libpsm2.so.2
2024/11/10 06:54:06 recorder.go:46: 1731221646416378208 Lookup     /usr/lib/x86_64-linux-gnu/libpsm2.so.2.2
2024/11/10 06:54:06 recorder.go:46: 1731221646416450645 Open       /usr/lib/x86_64-linux-gnu/libpsm2.so.2.2
2024/11/10 06:54:06 recorder.go:46: 1731221646417114791 Lookup     /usr/lib/x86_64-linux-gnu/libnl-3.so.200
2024/11/10 06:54:06 recorder.go:46: 1731221646417170746 Lookup     /usr/lib/x86_64-linux-gnu/libnl-3.so.200.26.0
2024/11/10 06:54:06 recorder.go:46: 1731221646417262249 Open       /usr/lib/x86_64-linux-gnu/libnl-3.so.200.26.0
2024/11/10 06:54:06 recorder.go:46: 1731221646417742116 Lookup     /usr/lib/x86_64-linux-gnu/libnl-route-3.so.200
2024/11/10 06:54:06 recorder.go:46: 1731221646417794746 Lookup     /usr/lib/x86_64-linux-gnu/libnl-route-3.so.200.26.0
2024/11/10 06:54:06 recorder.go:46: 1731221646417883283 Open       /usr/lib/x86_64-linux-gnu/libnl-route-3.so.200.26.0
2024/11/10 06:54:06 recorder.go:46: 1731221646419311132 Lookup     /usr/lib/x86_64-linux-gnu/libinfinipath.so.4
2024/11/10 06:54:06 recorder.go:46: 1731221646419395111 Lookup     /usr/lib/x86_64-linux-gnu/libinfinipath.so.4.0
2024/11/10 06:54:06 recorder.go:46: 1731221646419485582 Open       /usr/lib/x86_64-linux-gnu/libinfinipath.so.4.0
2024/11/10 06:54:06 recorder.go:46: 1731221646419875820 Lookup     /usr/lib/x86_64-linux-gnu/librt.so.1
2024/11/10 06:54:06 recorder.go:46: 1731221646419909393 Open       /usr/lib/x86_64-linux-gnu/librt.so.1
2024/11/10 06:54:06 recorder.go:46: 1731221646420191817 Lookup     /usr/lib/x86_64-linux-gnu/libpthread.so.0
2024/11/10 06:54:06 recorder.go:46: 1731221646420223056 Open       /usr/lib/x86_64-linux-gnu/libpthread.so.0
2024/11/10 06:54:06 recorder.go:46: 1731221646420498747 Lookup     /usr/lib/x86_64-linux-gnu/libdl.so.2
2024/11/10 06:54:06 recorder.go:46: 1731221646420529816 Open       /usr/lib/x86_64-linux-gnu/libdl.so.2
2024/11/10 06:54:06 recorder.go:46: 1731221646420807371 Lookup     /usr/lib/x86_64-linux-gnu/libuuid.so.1
2024/11/10 06:54:06 recorder.go:46: 1731221646420858587 Lookup     /usr/lib/x86_64-linux-gnu/libuuid.so.1.3.0
2024/11/10 06:54:06 recorder.go:46: 1731221646420925845 Open       /usr/lib/x86_64-linux-gnu/libuuid.so.1.3.0
2024/11/10 06:54:06 recorder.go:46: 1731221646421233506 Lookup     /usr/lib/x86_64-linux-gnu/libnuma.so.1
2024/11/10 06:54:06 recorder.go:46: 1731221646421275005 Lookup     /usr/lib/x86_64-linux-gnu/libnuma.so.1.0.0
2024/11/10 06:54:06 recorder.go:46: 1731221646421335138 Open       /usr/lib/x86_64-linux-gnu/libnuma.so.1.0.0
2024/11/10 06:54:06 recorder.go:46: 1731221646649949578 Lookup     /usr/lib/x86_64-linux-gnu/hwloc
2024/11/10 06:54:06 recorder.go:46: 1731221646650421781 Lookup     /usr/lib/x86_64-linux-gnu/hwloc/hwloc_opencl.so
2024/11/10 06:54:06 recorder.go:46: 1731221646650480221 Lookup     /usr/lib/x86_64-linux-gnu/hwloc/hwloc_xml_libxml.so
2024/11/10 06:54:06 recorder.go:46: 1731221646650525857 Lookup     /usr/lib/x86_64-linux-gnu/hwloc/hwloc_gl.so
2024/11/10 06:54:06 recorder.go:46: 1731221646650555022 Lookup     /usr/lib/x86_64-linux-gnu/hwloc/hwloc_pci.so
2024/11/10 06:54:06 recorder.go:46: 1731221646650716848 Open       /usr/lib/x86_64-linux-gnu/hwloc/hwloc_opencl.so
2024/11/10 06:54:06 recorder.go:46: 1731221646651181707 Open       /etc/ld.so.cache
2024/11/10 06:54:06 recorder.go:46: 1731221646651529605 Lookup     /usr/lib/x86_64-linux-gnu/libOpenCL.so.1
2024/11/10 06:54:06 recorder.go:46: 1731221646651592574 Lookup     /usr/lib/x86_64-linux-gnu/libOpenCL.so.1.0.0
2024/11/10 06:54:06 recorder.go:46: 1731221646651660402 Open       /usr/lib/x86_64-linux-gnu/libOpenCL.so.1.0.0
2024/11/10 06:54:06 recorder.go:46: 1731221646652383268 Open       /usr/lib/x86_64-linux-gnu/hwloc/hwloc_xml_libxml.so
2024/11/10 06:54:06 recorder.go:46: 1731221646652902029 Open       /etc/ld.so.cache
2024/11/10 06:54:06 recorder.go:46: 1731221646653154596 Lookup     /usr/lib/x86_64-linux-gnu/libxml2.so.2
2024/11/10 06:54:06 recorder.go:46: 1731221646653209981 Lookup     /usr/lib/x86_64-linux-gnu/libxml2.so.2.9.13
2024/11/10 06:54:06 recorder.go:46: 1731221646653276547 Open       /usr/lib/x86_64-linux-gnu/libxml2.so.2.9.13
2024/11/10 06:54:06 recorder.go:46: 1731221646654176759 Lookup     /usr/lib/x86_64-linux-gnu/libicuuc.so.70
2024/11/10 06:54:06 recorder.go:46: 1731221646654229919 Lookup     /usr/lib/x86_64-linux-gnu/libicuuc.so.70.1
2024/11/10 06:54:06 recorder.go:46: 1731221646654305282 Open       /usr/lib/x86_64-linux-gnu/libicuuc.so.70.1
2024/11/10 06:54:06 recorder.go:46: 1731221646654838700 Lookup     /usr/lib/x86_64-linux-gnu/libz.so.1
2024/11/10 06:54:06 recorder.go:46: 1731221646654880880 Lookup     /usr/lib/x86_64-linux-gnu/libz.so.1.2.11
2024/11/10 06:54:06 recorder.go:46: 1731221646654950441 Open       /usr/lib/x86_64-linux-gnu/libz.so.1.2.11
2024/11/10 06:54:06 recorder.go:46: 1731221646655405411 Lookup     /usr/lib/x86_64-linux-gnu/liblzma.so.5
2024/11/10 06:54:06 recorder.go:46: 1731221646655444655 Lookup     /usr/lib/x86_64-linux-gnu/liblzma.so.5.2.5
2024/11/10 06:54:06 recorder.go:46: 1731221646655546458 Open       /usr/lib/x86_64-linux-gnu/liblzma.so.5.2.5
2024/11/10 06:54:06 recorder.go:46: 1731221646655934431 Lookup     /usr/lib/x86_64-linux-gnu/libicudata.so.70
2024/11/10 06:54:06 recorder.go:46: 1731221646655970449 Lookup     /usr/lib/x86_64-linux-gnu/libicudata.so.70.1
2024/11/10 06:54:06 recorder.go:46: 1731221646656036634 Open       /usr/lib/x86_64-linux-gnu/libicudata.so.70.1
2024/11/10 06:54:06 recorder.go:46: 1731221646658215863 Open       /usr/lib/x86_64-linux-gnu/hwloc/hwloc_gl.so
2024/11/10 06:54:06 recorder.go:46: 1731221646658603306 Open       /etc/ld.so.cache
2024/11/10 06:54:06 recorder.go:46: 1731221646658831357 Lookup     /usr/lib/x86_64-linux-gnu/libXNVCtrl.so.0
2024/11/10 06:54:06 recorder.go:46: 1731221646658875871 Lookup     /usr/lib/x86_64-linux-gnu/libXNVCtrl.so.0.0.0
2024/11/10 06:54:06 recorder.go:46: 1731221646658946635 Open       /usr/lib/x86_64-linux-gnu/libXNVCtrl.so.0.0.0
2024/11/10 06:54:06 recorder.go:46: 1731221646659274795 Lookup     /usr/lib/x86_64-linux-gnu/libX11.so.6
2024/11/10 06:54:06 recorder.go:46: 1731221646659309881 Lookup     /usr/lib/x86_64-linux-gnu/libX11.so.6.4.0
2024/11/10 06:54:06 recorder.go:46: 1731221646659369835 Open       /usr/lib/x86_64-linux-gnu/libX11.so.6.4.0
2024/11/10 06:54:06 recorder.go:46: 1731221646659834233 Lookup     /usr/lib/x86_64-linux-gnu/libXext.so.6
2024/11/10 06:54:06 recorder.go:46: 1731221646659879328 Lookup     /usr/lib/x86_64-linux-gnu/libXext.so.6.4.0
2024/11/10 06:54:06 recorder.go:46: 1731221646659941776 Open       /usr/lib/x86_64-linux-gnu/libXext.so.6.4.0
2024/11/10 06:54:06 recorder.go:46: 1731221646660247664 Lookup     /usr/lib/x86_64-linux-gnu/libxcb.so.1
2024/11/10 06:54:06 recorder.go:46: 1731221646660285405 Lookup     /usr/lib/x86_64-linux-gnu/libxcb.so.1.1.0
2024/11/10 06:54:06 recorder.go:46: 1731221646660355187 Open       /usr/lib/x86_64-linux-gnu/libxcb.so.1.1.0
2024/11/10 06:54:06 recorder.go:46: 1731221646660799868 Lookup     /usr/lib/x86_64-linux-gnu/libXau.so.6
2024/11/10 06:54:06 recorder.go:46: 1731221646660843050 Lookup     /usr/lib/x86_64-linux-gnu/libXau.so.6.0.0
2024/11/10 06:54:06 recorder.go:46: 1731221646660916619 Open       /usr/lib/x86_64-linux-gnu/libXau.so.6.0.0
2024/11/10 06:54:06 recorder.go:46: 1731221646661237064 Lookup     /usr/lib/x86_64-linux-gnu/libXdmcp.so.6
2024/11/10 06:54:06 recorder.go:46: 1731221646661280637 Lookup     /usr/lib/x86_64-linux-gnu/libXdmcp.so.6.0.0
2024/11/10 06:54:06 recorder.go:46: 1731221646661345409 Open       /usr/lib/x86_64-linux-gnu/libXdmcp.so.6.0.0
2024/11/10 06:54:06 recorder.go:46: 1731221646661672508 Lookup     /usr/lib/x86_64-linux-gnu/libbsd.so.0
2024/11/10 06:54:06 recorder.go:46: 1731221646661745546 Lookup     /usr/lib/x86_64-linux-gnu/libbsd.so.0.11.5
2024/11/10 06:54:06 recorder.go:46: 1731221646661806821 Open       /usr/lib/x86_64-linux-gnu/libbsd.so.0.11.5
2024/11/10 06:54:06 recorder.go:46: 1731221646662173735 Lookup     /usr/lib/x86_64-linux-gnu/libmd.so.0
2024/11/10 06:54:06 recorder.go:46: 1731221646662216766 Lookup     /usr/lib/x86_64-linux-gnu/libmd.so.0.0.5
2024/11/10 06:54:06 recorder.go:46: 1731221646662280497 Open       /usr/lib/x86_64-linux-gnu/libmd.so.0.0.5
2024/11/10 06:54:06 recorder.go:46: 1731221646663048428 Open       /usr/lib/x86_64-linux-gnu/hwloc/hwloc_pci.so
2024/11/10 06:54:06 recorder.go:46: 1731221646663416244 Open       /etc/ld.so.cache
2024/11/10 06:54:06 recorder.go:46: 1731221646676917785 Lookup     /usr/lib/x86_64-linux-gnu/libpciaccess.so.0
2024/11/10 06:54:06 recorder.go:46: 1731221646677067348 Lookup     /usr/lib/x86_64-linux-gnu/libpciaccess.so.0.11.1
2024/11/10 06:54:06 recorder.go:46: 1731221646677217922 Open       /usr/lib/x86_64-linux-gnu/libpciaccess.so.0.11.1
2024/11/10 06:54:07 recorder.go:46: 1731221647005271398 Lookup     /run
2024/11/10 06:54:07 recorder.go:46: 1731221647011352713 Lookup     /var
2024/11/10 06:54:07 recorder.go:46: 1731221647011415582 Lookup     /var/run
2024/11/10 06:54:07 recorder.go:46: 1731221647012380636 Lookup     /etc/gai.conf
2024/11/10 06:54:07 recorder.go:46: 1731221647012426983 Open       /etc/gai.conf
2024/11/10 06:54:07 recorder.go:46: 1731221647020685604 Lookup     /usr/share
2024/11/10 06:54:07 recorder.go:46: 1731221647028777210 Lookup     /usr/share/misc
2024/11/10 06:54:07 recorder.go:46: 1731221647048073615 Open       /etc/ld.so.cache
2024/11/10 06:54:07 recorder.go:46: 1731221647057697717 Open       /etc/ld.so.cache
2024/11/10 06:54:07 recorder.go:46: 1731221647058410664 Open       /etc/ld.so.cache
2024/11/10 06:54:07 recorder.go:46: 1731221647059140504 Open       /etc/ld.so.cache
2024/11/10 06:54:07 recorder.go:46: 1731221647059775274 Open       /etc/ld.so.cache
2024/11/10 06:54:07 recorder.go:46: 1731221647060319843 Open       /etc/ld.so.cache
2024/11/10 06:54:07 recorder.go:46: 1731221647060871687 Open       /etc/ld.so.cache
2024/11/10 06:54:07 recorder.go:46: 1731221647061445912 Open       /etc/ld.so.cache
2024/11/10 06:54:07 recorder.go:46: 1731221647061971175 Open       /etc/ld.so.cache
2024/11/10 06:54:07 recorder.go:46: 1731221647062494193 Open       /etc/ld.so.cache
2024/11/10 06:54:07 recorder.go:46: 1731221647063019056 Open       /etc/ld.so.cache
2024/11/10 06:54:07 recorder.go:46: 1731221647063530412 Open       /etc/ld.so.cache
2024/11/10 06:54:07 recorder.go:46: 1731221647064040376 Open       /etc/ld.so.cache
2024/11/10 06:54:07 recorder.go:46: 1731221647064550120 Open       /etc/ld.so.cache
2024/11/10 06:54:07 recorder.go:46: 1731221647065085782 Open       /etc/ld.so.cache
2024/11/10 06:54:07 recorder.go:46: 1731221647065619461 Open       /etc/ld.so.cache
2024/11/10 06:54:07 recorder.go:46: 1731221647066252057 Open       /etc/ld.so.cache
2024/11/10 06:54:07 recorder.go:46: 1731221647080981710 Lookup     /opt/lammps/examples/reaxff/HNS/in.reaxc.hns
2024/11/10 06:54:07 recorder.go:46: 1731221647081052864 Open       /opt/lammps/examples/reaxff/HNS/in.reaxc.hns
2024/11/10 06:54:07 recorder.go:46: 1731221647085827339 Lookup     /opt/lammps/examples/reaxff/HNS/data.hns-equil
2024/11/10 06:54:07 recorder.go:46: 1731221647085888134 Open       /opt/lammps/examples/reaxff/HNS/data.hns-equil
2024/11/10 06:54:07 recorder.go:46: 1731221647086133307 Open       /opt/lammps/examples/reaxff/HNS/data.hns-equil
2024/11/10 06:54:07 recorder.go:46: 1731221647090744073 Lookup     /opt/lammps/examples/reaxff/HNS/ffield.reax.hns
2024/11/10 06:54:07 recorder.go:46: 1731221647090799488 Open       /opt/lammps/examples/reaxff/HNS/ffield.reax.hns
2024/11/10 06:54:07 recorder.go:46: 1731221647090913012 Open       /opt/lammps/examples/reaxff/HNS/ffield.reax.hns
2024/11/10 06:54:07 recorder.go:46: 1731221647091208661 Open       /opt/lammps/examples/reaxff/HNS/ffield.reax.hns
2024/11/10 06:54:07 recorder.go:46: 1731221647091373102 Open       /opt/lammps/examples/reaxff/HNS/ffield.reax.hns
2024/11/10 07:01:08 recorder.go:46: 1731222068780135429 Lookup     /etc
2024/11/10 07:01:08 recorder.go:46: 1731222068780301052 Lookup     /etc/host.conf
2024/11/10 07:01:08 recorder.go:46: 1731222068780386334 Lookup     /etc/hosts
2024/11/10 07:01:08 recorder.go:46: 1731222068780427241 Lookup     /etc/nsswitch.conf
2024/11/10 07:01:08 recorder.go:46: 1731222068780477827 Lookup     /etc/resolv.conf
2024/11/10 07:01:08 recorder.go:46: 1731222068780506270 Lookup     /dev
2024/11/10 07:01:08 recorder.go:46: 1731222068780532029 Lookup     /sys
2024/11/10 07:01:08 recorder.go:46: 1731222068780554281 Lookup     /proc
2024/11/10 07:01:08 recorder.go:46: 1731222068780590209 Lookup     /tmp
2024/11/10 07:01:08 recorder.go:46: 1731222068780619625 Lookup     /root
2024/11/10 07:01:08 recorder.go:46: 1731222068780671072 Lookup     /opt
2024/11/10 07:01:08 recorder.go:46: 1731222068780693154 Lookup     /opt/lammps
2024/11/10 07:01:08 recorder.go:46: 1731222068780716077 Lookup     /opt/lammps/examples
2024/11/10 07:01:08 recorder.go:46: 1731222068780745172 Lookup     /opt/lammps/examples/reaxff
2024/11/10 07:01:08 recorder.go:46: 1731222068780770590 Lookup     /opt/lammps/examples/reaxff/HNS
2024/11/10 07:01:08 recorder.go:46: 1731222068780906487 Lookup     /usr
2024/11/10 07:01:08 recorder.go:46: 1731222068780945982 Lookup     /usr/local
2024/11/10 07:01:08 recorder.go:46: 1731222068780967964 Lookup     /usr/local/sbin
2024/11/10 07:01:08 recorder.go:46: 1731222068781060158 Lookup     /usr/local/bin
2024/11/10 07:01:08 recorder.go:46: 1731222068781146461 Lookup     /usr/sbin
2024/11/10 07:01:08 recorder.go:46: 1731222068781222054 Lookup     /usr/bin
2024/11/10 07:01:08 recorder.go:46: 1731222068781250227 Lookup     /usr/bin/lmp
2024/11/10 07:01:08 recorder.go:46: 1731222068781674680 Open       /usr/bin/lmp
2024/11/10 07:01:08 recorder.go:46: 1731222068781825876 Open       /usr/bin/lmp
2024/11/10 07:01:08 recorder.go:46: 1731222068781908653 Lookup     /lib64
2024/11/10 07:01:08 recorder.go:46: 1731222068781959459 Lookup     /usr/lib64
2024/11/10 07:01:08 recorder.go:46: 1731222068782030403 Lookup     /usr/lib64/ld-linux-x86-64.so.2
2024/11/10 07:01:08 recorder.go:46: 1731222068782091829 Lookup     /lib
2024/11/10 07:01:08 recorder.go:46: 1731222068782126845 Lookup     /usr/lib
2024/11/10 07:01:08 recorder.go:46: 1731222068782185476 Lookup     /usr/lib/x86_64-linux-gnu
2024/11/10 07:01:08 recorder.go:46: 1731222068782208550 Lookup     /usr/lib/x86_64-linux-gnu/ld-linux-x86-64.so.2
2024/11/10 07:01:08 recorder.go:46: 1731222068782279885 Open       /usr/lib/x86_64-linux-gnu/ld-linux-x86-64.so.2
2024/11/10 07:01:08 recorder.go:46: 1731222068783002030 Open       /usr/bin/lmp
2024/11/10 07:01:08 recorder.go:46: 1731222068783539797 Open       /usr/lib/x86_64-linux-gnu/ld-linux-x86-64.so.2
2024/11/10 07:01:08 recorder.go:46: 1731222068784304874 Lookup     /etc/ld.so.cache
2024/11/10 07:01:08 recorder.go:46: 1731222068784353757 Open       /etc/ld.so.cache
2024/11/10 07:01:08 recorder.go:46: 1731222068784613728 Lookup     /usr/lib/x86_64-linux-gnu/libgomp.so.1
2024/11/10 07:01:08 recorder.go:46: 1731222068784658052 Lookup     /usr/lib/x86_64-linux-gnu/libgomp.so.1.0.0
2024/11/10 07:01:08 recorder.go:46: 1731222068784726542 Open       /usr/lib/x86_64-linux-gnu/libgomp.so.1.0.0
2024/11/10 07:01:08 recorder.go:46: 1731222068785231216 Lookup     /usr/lib/x86_64-linux-gnu/libmpich.so.12
2024/11/10 07:01:08 recorder.go:46: 1731222068785266122 Lookup     /usr/lib/x86_64-linux-gnu/libmpich.so.12.2.0
2024/11/10 07:01:08 recorder.go:46: 1731222068785332348 Open       /usr/lib/x86_64-linux-gnu/libmpich.so.12.2.0
2024/11/10 07:01:08 recorder.go:46: 1731222068785758133 Lookup     /usr/lib/x86_64-linux-gnu/libstdc++.so.6
2024/11/10 07:01:08 recorder.go:46: 1731222068785801014 Lookup     /usr/lib/x86_64-linux-gnu/libstdc++.so.6.0.30
2024/11/10 07:01:08 recorder.go:46: 1731222068785858412 Open       /usr/lib/x86_64-linux-gnu/libstdc++.so.6.0.30
2024/11/10 07:01:08 recorder.go:46: 1731222068786374338 Lookup     /usr/lib/x86_64-linux-gnu/libm.so.6
2024/11/10 07:01:08 recorder.go:46: 1731222068786405237 Open       /usr/lib/x86_64-linux-gnu/libm.so.6
2024/11/10 07:01:08 recorder.go:46: 1731222068786977980 Lookup     /usr/lib/x86_64-linux-gnu/libgcc_s.so.1
2024/11/10 07:01:08 recorder.go:46: 1731222068787034376 Open       /usr/lib/x86_64-linux-gnu/libgcc_s.so.1
2024/11/10 07:01:08 recorder.go:46: 1731222068787454882 Lookup     /usr/lib/x86_64-linux-gnu/libc.so.6
2024/11/10 07:01:08 recorder.go:46: 1731222068787489297 Open       /usr/lib/x86_64-linux-gnu/libc.so.6
2024/11/10 07:01:08 recorder.go:46: 1731222068788050318 Lookup     /usr/lib/x86_64-linux-gnu/libhwloc.so.15
2024/11/10 07:01:08 recorder.go:46: 1731222068788094381 Lookup     /usr/lib/x86_64-linux-gnu/libhwloc.so.15.5.2
2024/11/10 07:01:08 recorder.go:46: 1731222068788175745 Open       /usr/lib/x86_64-linux-gnu/libhwloc.so.15.5.2
2024/11/10 07:01:08 recorder.go:46: 1731222068788774427 Lookup     /usr/lib/x86_64-linux-gnu/libfabric.so.1
2024/11/10 07:01:08 recorder.go:46: 1731222068788822318 Lookup     /usr/lib/x86_64-linux-gnu/libfabric.so.1.14.0
2024/11/10 07:01:08 recorder.go:46: 1731222068788891889 Open       /usr/lib/x86_64-linux-gnu/libfabric.so.1.14.0
2024/11/10 07:01:08 recorder.go:46: 1731222068789295733 Lookup     /usr/lib/x86_64-linux-gnu/libudev.so.1
2024/11/10 07:01:08 recorder.go:46: 1731222068789347361 Lookup     /usr/lib/x86_64-linux-gnu/libudev.so.1.7.2
2024/11/10 07:01:08 recorder.go:46: 1731222068789423094 Open       /usr/lib/x86_64-linux-gnu/libudev.so.1.7.2
2024/11/10 07:01:08 recorder.go:46: 1731222068789785920 Lookup     /usr/lib/x86_64-linux-gnu/librdmacm.so.1
2024/11/10 07:01:08 recorder.go:46: 1731222068789825174 Lookup     /usr/lib/x86_64-linux-gnu/librdmacm.so.1.3.39.0
2024/11/10 07:01:08 recorder.go:46: 1731222068789888294 Open       /usr/lib/x86_64-linux-gnu/librdmacm.so.1.3.39.0
2024/11/10 07:01:08 recorder.go:46: 1731222068790210734 Lookup     /usr/lib/x86_64-linux-gnu/libefa.so.1
2024/11/10 07:01:08 recorder.go:46: 1731222068790253484 Lookup     /usr/lib/x86_64-linux-gnu/libefa.so.1.1.39.0
2024/11/10 07:01:08 recorder.go:46: 1731222068790315402 Open       /usr/lib/x86_64-linux-gnu/libefa.so.1.1.39.0
2024/11/10 07:01:08 recorder.go:46: 1731222068790647149 Lookup     /usr/lib/x86_64-linux-gnu/libibverbs.so.1
2024/11/10 07:01:08 recorder.go:46: 1731222068790692905 Lookup     /usr/lib/x86_64-linux-gnu/libibverbs.so.1.14.39.0
2024/11/10 07:01:08 recorder.go:46: 1731222068790757528 Open       /usr/lib/x86_64-linux-gnu/libibverbs.so.1.14.39.0
2024/11/10 07:01:08 recorder.go:46: 1731222068791056543 Lookup     /usr/lib/x86_64-linux-gnu/libpsm_infinipath.so.1
2024/11/10 07:01:08 recorder.go:46: 1731222068791157634 Lookup     /etc/alternatives
2024/11/10 07:01:08 recorder.go:46: 1731222068791185507 Lookup     /etc/alternatives/libpsm_infinipath.so.1
2024/11/10 07:01:08 recorder.go:46: 1731222068791249348 Lookup     /usr/lib/libpsm1
2024/11/10 07:01:08 recorder.go:46: 1731222068791271159 Lookup     /usr/lib/libpsm1/libpsm_infinipath.so.1.16
2024/11/10 07:01:08 recorder.go:46: 1731222068791305404 Open       /usr/lib/libpsm1/libpsm_infinipath.so.1.16
2024/11/10 07:01:08 recorder.go:46: 1731222068791716541 Lookup     /usr/lib/x86_64-linux-gnu/libpsm2.so.2
2024/11/10 07:01:08 recorder.go:46: 1731222068791756026 Lookup     /usr/lib/x86_64-linux-gnu/libpsm2.so.2.2
2024/11/10 07:01:08 recorder.go:46: 1731222068791815468 Open       /usr/lib/x86_64-linux-gnu/libpsm2.so.2.2
2024/11/10 07:01:08 recorder.go:46: 1731222068792148859 Lookup     /usr/lib/x86_64-linux-gnu/libnl-3.so.200
2024/11/10 07:01:08 recorder.go:46: 1731222068792211598 Lookup     /usr/lib/x86_64-linux-gnu/libnl-3.so.200.26.0
2024/11/10 07:01:08 recorder.go:46: 1731222068792282372 Open       /usr/lib/x86_64-linux-gnu/libnl-3.so.200.26.0
2024/11/10 07:01:08 recorder.go:46: 1731222068792662100 Lookup     /usr/lib/x86_64-linux-gnu/libnl-route-3.so.200
2024/11/10 07:01:08 recorder.go:46: 1731222068792713717 Lookup     /usr/lib/x86_64-linux-gnu/libnl-route-3.so.200.26.0
2024/11/10 07:01:08 recorder.go:46: 1731222068792784030 Open       /usr/lib/x86_64-linux-gnu/libnl-route-3.so.200.26.0
2024/11/10 07:01:08 recorder.go:46: 1731222068793272003 Lookup     /usr/lib/x86_64-linux-gnu/libinfinipath.so.4
2024/11/10 07:01:08 recorder.go:46: 1731222068793314383 Lookup     /usr/lib/x86_64-linux-gnu/libinfinipath.so.4.0
2024/11/10 07:01:08 recorder.go:46: 1731222068793375308 Open       /usr/lib/x86_64-linux-gnu/libinfinipath.so.4.0
2024/11/10 07:01:08 recorder.go:46: 1731222068793736441 Lookup     /usr/lib/x86_64-linux-gnu/librt.so.1
2024/11/10 07:01:08 recorder.go:46: 1731222068793773782 Open       /usr/lib/x86_64-linux-gnu/librt.so.1
2024/11/10 07:01:08 recorder.go:46: 1731222068794112002 Lookup     /usr/lib/x86_64-linux-gnu/libpthread.so.0
2024/11/10 07:01:08 recorder.go:46: 1731222068794147008 Open       /usr/lib/x86_64-linux-gnu/libpthread.so.0
2024/11/10 07:01:08 recorder.go:46: 1731222068794471021 Lookup     /usr/lib/x86_64-linux-gnu/libdl.so.2
2024/11/10 07:01:08 recorder.go:46: 1731222068794511066 Open       /usr/lib/x86_64-linux-gnu/libdl.so.2
2024/11/10 07:01:08 recorder.go:46: 1731222068794786467 Lookup     /usr/lib/x86_64-linux-gnu/libuuid.so.1
2024/11/10 07:01:08 recorder.go:46: 1731222068794839227 Lookup     /usr/lib/x86_64-linux-gnu/libuuid.so.1.3.0
2024/11/10 07:01:08 recorder.go:46: 1731222068794900573 Open       /usr/lib/x86_64-linux-gnu/libuuid.so.1.3.0
2024/11/10 07:01:08 recorder.go:46: 1731222068795208265 Lookup     /usr/lib/x86_64-linux-gnu/libnuma.so.1
2024/11/10 07:01:08 recorder.go:46: 1731222068795244794 Lookup     /usr/lib/x86_64-linux-gnu/libnuma.so.1.0.0
2024/11/10 07:01:08 recorder.go:46: 1731222068795312382 Open       /usr/lib/x86_64-linux-gnu/libnuma.so.1.0.0
2024/11/10 07:01:09 recorder.go:46: 1731222069007615985 Lookup     /usr/lib/x86_64-linux-gnu/hwloc
2024/11/10 07:01:09 recorder.go:46: 1731222069008178048 Lookup     /usr/lib/x86_64-linux-gnu/hwloc/hwloc_opencl.so
2024/11/10 07:01:09 recorder.go:46: 1731222069008242880 Lookup     /usr/lib/x86_64-linux-gnu/hwloc/hwloc_xml_libxml.so
2024/11/10 07:01:09 recorder.go:46: 1731222069008262277 Lookup     /usr/lib/x86_64-linux-gnu/hwloc/hwloc_gl.so
2024/11/10 07:01:09 recorder.go:46: 1731222069008282355 Lookup     /usr/lib/x86_64-linux-gnu/hwloc/hwloc_pci.so
2024/11/10 07:01:09 recorder.go:46: 1731222069008539832 Open       /usr/lib/x86_64-linux-gnu/hwloc/hwloc_opencl.so
2024/11/10 07:01:09 recorder.go:46: 1731222069008999702 Open       /etc/ld.so.cache
2024/11/10 07:01:09 recorder.go:46: 1731222069009417452 Lookup     /usr/lib/x86_64-linux-gnu/libOpenCL.so.1
2024/11/10 07:01:09 recorder.go:46: 1731222069009469791 Lookup     /usr/lib/x86_64-linux-gnu/libOpenCL.so.1.0.0
2024/11/10 07:01:09 recorder.go:46: 1731222069009546947 Open       /usr/lib/x86_64-linux-gnu/libOpenCL.so.1.0.0
2024/11/10 07:01:09 recorder.go:46: 1731222069010093440 Open       /usr/lib/x86_64-linux-gnu/hwloc/hwloc_xml_libxml.so
2024/11/10 07:01:09 recorder.go:46: 1731222069010345587 Open       /etc/ld.so.cache
2024/11/10 07:01:09 recorder.go:46: 1731222069010552799 Lookup     /usr/lib/x86_64-linux-gnu/libxml2.so.2
2024/11/10 07:01:09 recorder.go:46: 1731222069010595289 Lookup     /usr/lib/x86_64-linux-gnu/libxml2.so.2.9.13
2024/11/10 07:01:09 recorder.go:46: 1731222069010656034 Open       /usr/lib/x86_64-linux-gnu/libxml2.so.2.9.13
2024/11/10 07:01:09 recorder.go:46: 1731222069011136603 Lookup     /usr/lib/x86_64-linux-gnu/libicuuc.so.70
2024/11/10 07:01:09 recorder.go:46: 1731222069011179725 Lookup     /usr/lib/x86_64-linux-gnu/libicuuc.so.70.1
2024/11/10 07:01:09 recorder.go:46: 1731222069011249016 Open       /usr/lib/x86_64-linux-gnu/libicuuc.so.70.1
2024/11/10 07:01:09 recorder.go:46: 1731222069011766865 Lookup     /usr/lib/x86_64-linux-gnu/libz.so.1
2024/11/10 07:01:09 recorder.go:46: 1731222069011821348 Lookup     /usr/lib/x86_64-linux-gnu/libz.so.1.2.11
2024/11/10 07:01:09 recorder.go:46: 1731222069011885800 Open       /usr/lib/x86_64-linux-gnu/libz.so.1.2.11
2024/11/10 07:01:09 recorder.go:46: 1731222069012303239 Lookup     /usr/lib/x86_64-linux-gnu/liblzma.so.5
2024/11/10 07:01:09 recorder.go:46: 1731222069012392428 Lookup     /usr/lib/x86_64-linux-gnu/liblzma.so.5.2.5
2024/11/10 07:01:09 recorder.go:46: 1731222069012463122 Open       /usr/lib/x86_64-linux-gnu/liblzma.so.5.2.5
2024/11/10 07:01:09 recorder.go:46: 1731222069012971263 Lookup     /usr/lib/x86_64-linux-gnu/libicudata.so.70
2024/11/10 07:01:09 recorder.go:46: 1731222069013014966 Lookup     /usr/lib/x86_64-linux-gnu/libicudata.so.70.1
2024/11/10 07:01:09 recorder.go:46: 1731222069013088996 Open       /usr/lib/x86_64-linux-gnu/libicudata.so.70.1
2024/11/10 07:01:09 recorder.go:46: 1731222069014413911 Open       /usr/lib/x86_64-linux-gnu/hwloc/hwloc_gl.so
2024/11/10 07:01:09 recorder.go:46: 1731222069014666469 Open       /etc/ld.so.cache
2024/11/10 07:01:09 recorder.go:46: 1731222069014865515 Lookup     /usr/lib/x86_64-linux-gnu/libXNVCtrl.so.0
2024/11/10 07:01:09 recorder.go:46: 1731222069014903607 Lookup     /usr/lib/x86_64-linux-gnu/libXNVCtrl.so.0.0.0
2024/11/10 07:01:09 recorder.go:46: 1731222069014976084 Open       /usr/lib/x86_64-linux-gnu/libXNVCtrl.so.0.0.0
2024/11/10 07:01:09 recorder.go:46: 1731222069015243540 Lookup     /usr/lib/x86_64-linux-gnu/libX11.so.6
2024/11/10 07:01:09 recorder.go:46: 1731222069015279669 Lookup     /usr/lib/x86_64-linux-gnu/libX11.so.6.4.0
2024/11/10 07:01:09 recorder.go:46: 1731222069015338420 Open       /usr/lib/x86_64-linux-gnu/libX11.so.6.4.0
2024/11/10 07:01:09 recorder.go:46: 1731222069015914800 Lookup     /usr/lib/x86_64-linux-gnu/libXext.so.6
2024/11/10 07:01:09 recorder.go:46: 1731222069015963061 Lookup     /usr/lib/x86_64-linux-gnu/libXext.so.6.4.0
2024/11/10 07:01:09 recorder.go:46: 1731222069016046789 Open       /usr/lib/x86_64-linux-gnu/libXext.so.6.4.0
2024/11/10 07:01:09 recorder.go:46: 1731222069016463968 Lookup     /usr/lib/x86_64-linux-gnu/libxcb.so.1
2024/11/10 07:01:09 recorder.go:46: 1731222069016514354 Lookup     /usr/lib/x86_64-linux-gnu/libxcb.so.1.1.0
2024/11/10 07:01:09 recorder.go:46: 1731222069016580228 Open       /usr/lib/x86_64-linux-gnu/libxcb.so.1.1.0
2024/11/10 07:01:09 recorder.go:46: 1731222069016988831 Lookup     /usr/lib/x86_64-linux-gnu/libXau.so.6
2024/11/10 07:01:09 recorder.go:46: 1731222069017032524 Lookup     /usr/lib/x86_64-linux-gnu/libXau.so.6.0.0
2024/11/10 07:01:09 recorder.go:46: 1731222069017089652 Open       /usr/lib/x86_64-linux-gnu/libXau.so.6.0.0
2024/11/10 07:01:09 recorder.go:46: 1731222069017346387 Lookup     /usr/lib/x86_64-linux-gnu/libXdmcp.so.6
2024/11/10 07:01:09 recorder.go:46: 1731222069017377706 Lookup     /usr/lib/x86_64-linux-gnu/libXdmcp.so.6.0.0
2024/11/10 07:01:09 recorder.go:46: 1731222069017433512 Open       /usr/lib/x86_64-linux-gnu/libXdmcp.so.6.0.0
2024/11/10 07:01:09 recorder.go:46: 1731222069017742616 Lookup     /usr/lib/x86_64-linux-gnu/libbsd.so.0
2024/11/10 07:01:09 recorder.go:46: 1731222069017795707 Lookup     /usr/lib/x86_64-linux-gnu/libbsd.so.0.11.5
2024/11/10 07:01:09 recorder.go:46: 1731222069017857073 Open       /usr/lib/x86_64-linux-gnu/libbsd.so.0.11.5
2024/11/10 07:01:09 recorder.go:46: 1731222069018250798 Lookup     /usr/lib/x86_64-linux-gnu/libmd.so.0
2024/11/10 07:01:09 recorder.go:46: 1731222069018290923 Lookup     /usr/lib/x86_64-linux-gnu/libmd.so.0.0.5
2024/11/10 07:01:09 recorder.go:46: 1731222069018384480 Open       /usr/lib/x86_64-linux-gnu/libmd.so.0.0.5
2024/11/10 07:01:09 recorder.go:46: 1731222069019132695 Open       /usr/lib/x86_64-linux-gnu/hwloc/hwloc_pci.so
2024/11/10 07:01:09 recorder.go:46: 1731222069019371006 Open       /etc/ld.so.cache
2024/11/10 07:01:09 recorder.go:46: 1731222069019573559 Lookup     /usr/lib/x86_64-linux-gnu/libpciaccess.so.0
2024/11/10 07:01:09 recorder.go:46: 1731222069019630086 Lookup     /usr/lib/x86_64-linux-gnu/libpciaccess.so.0.11.1
2024/11/10 07:01:09 recorder.go:46: 1731222069019696291 Open       /usr/lib/x86_64-linux-gnu/libpciaccess.so.0.11.1
2024/11/10 07:01:09 recorder.go:46: 1731222069340258656 Lookup     /run
2024/11/10 07:01:09 recorder.go:46: 1731222069346118518 Lookup     /var
2024/11/10 07:01:09 recorder.go:46: 1731222069346174694 Lookup     /var/run
2024/11/10 07:01:09 recorder.go:46: 1731222069347262822 Lookup     /etc/gai.conf
2024/11/10 07:01:09 recorder.go:46: 1731222069347303740 Open       /etc/gai.conf
2024/11/10 07:01:09 recorder.go:46: 1731222069356549435 Lookup     /usr/share
2024/11/10 07:01:09 recorder.go:46: 1731222069356623696 Lookup     /usr/share/misc
2024/11/10 07:01:09 recorder.go:46: 1731222069373773881 Open       /etc/ld.so.cache
2024/11/10 07:01:09 recorder.go:46: 1731222069382989018 Open       /etc/ld.so.cache
2024/11/10 07:01:09 recorder.go:46: 1731222069383558485 Open       /etc/ld.so.cache
2024/11/10 07:01:09 recorder.go:46: 1731222069384108285 Open       /etc/ld.so.cache
2024/11/10 07:01:09 recorder.go:46: 1731222069384840891 Open       /etc/ld.so.cache
2024/11/10 07:01:09 recorder.go:46: 1731222069385437719 Open       /etc/ld.so.cache
2024/11/10 07:01:09 recorder.go:46: 1731222069386024930 Open       /etc/ld.so.cache
2024/11/10 07:01:09 recorder.go:46: 1731222069386632529 Open       /etc/ld.so.cache
2024/11/10 07:01:09 recorder.go:46: 1731222069387323977 Open       /etc/ld.so.cache
2024/11/10 07:01:09 recorder.go:46: 1731222069388005456 Open       /etc/ld.so.cache
2024/11/10 07:01:09 recorder.go:46: 1731222069388708856 Open       /etc/ld.so.cache
2024/11/10 07:01:09 recorder.go:46: 1731222069389451310 Open       /etc/ld.so.cache
2024/11/10 07:01:09 recorder.go:46: 1731222069390095899 Open       /etc/ld.so.cache
2024/11/10 07:01:09 recorder.go:46: 1731222069390642864 Open       /etc/ld.so.cache
2024/11/10 07:01:09 recorder.go:46: 1731222069391204766 Open       /etc/ld.so.cache
2024/11/10 07:01:09 recorder.go:46: 1731222069391737484 Open       /etc/ld.so.cache
2024/11/10 07:01:09 recorder.go:46: 1731222069392276082 Open       /etc/ld.so.cache
2024/11/10 07:01:09 recorder.go:46: 1731222069402326750 Lookup     /opt/lammps/examples/reaxff/HNS/in.reaxc.hns
2024/11/10 07:01:09 recorder.go:46: 1731222069402429034 Open       /opt/lammps/examples/reaxff/HNS/in.reaxc.hns
2024/11/10 07:01:09 recorder.go:46: 1731222069403945081 Lookup     /opt/lammps/examples/reaxff/HNS/data.hns-equil
2024/11/10 07:01:09 recorder.go:46: 1731222069404015694 Open       /opt/lammps/examples/reaxff/HNS/data.hns-equil
2024/11/10 07:01:09 recorder.go:46: 1731222069404296115 Open       /opt/lammps/examples/reaxff/HNS/data.hns-equil
2024/11/10 07:01:09 recorder.go:46: 1731222069408420836 Lookup     /opt/lammps/examples/reaxff/HNS/ffield.reax.hns
2024/11/10 07:01:09 recorder.go:46: 1731222069408509814 Open       /opt/lammps/examples/reaxff/HNS/ffield.reax.hns
2024/11/10 07:01:09 recorder.go:46: 1731222069408653045 Open       /opt/lammps/examples/reaxff/HNS/ffield.reax.hns
2024/11/10 07:01:09 recorder.go:46: 1731222069408823407 Open       /opt/lammps/examples/reaxff/HNS/ffield.reax.hns
2024/11/10 07:01:09 recorder.go:46: 1731222069408980835 Open       /opt/lammps/examples/reaxff/HNS/ffield.reax.hns
