2024/11/10 18:03:40 recorder.go:46: 1731261820459869105 Lookup     /etc
2024/11/10 18:03:40 recorder.go:46: 1731261820460101680 Lookup     /etc/host.conf
2024/11/10 18:03:40 recorder.go:46: 1731261820460166304 Lookup     /etc/hosts
2024/11/10 18:03:40 recorder.go:46: 1731261820460191963 Lookup     /etc/nsswitch.conf
2024/11/10 18:03:40 recorder.go:46: 1731261820460214546 Lookup     /etc/resolv.conf
2024/11/10 18:03:40 recorder.go:46: 1731261820460237420 Lookup     /dev
2024/11/10 18:03:40 recorder.go:46: 1731261820460260835 Lookup     /sys
2024/11/10 18:03:40 recorder.go:46: 1731261820460278920 Lookup     /proc
2024/11/10 18:03:40 recorder.go:46: 1731261820460304298 Lookup     /tmp
2024/11/10 18:03:40 recorder.go:46: 1731261820460327663 Lookup     /root
2024/11/10 18:03:40 recorder.go:46: 1731261820460379212 Lookup     /opt
2024/11/10 18:03:40 recorder.go:46: 1731261820460405151 Lookup     /opt/lammps
2024/11/10 18:03:40 recorder.go:46: 1731261820460438946 Lookup     /opt/lammps/examples
2024/11/10 18:03:40 recorder.go:46: 1731261820460477189 Lookup     /opt/lammps/examples/reax
2024/11/10 18:03:40 recorder.go:46: 1731261820460522817 Lookup     /opt/lammps/examples/reax/HNS
2024/11/10 18:03:40 recorder.go:46: 1731261820460851666 Lookup     /usr
2024/11/10 18:03:40 recorder.go:46: 1731261820460886994 Lookup     /usr/local
2024/11/10 18:03:40 recorder.go:46: 1731261820460915729 Lookup     /usr/local/sbin
2024/11/10 18:03:40 recorder.go:46: 1731261820461020689 Lookup     /usr/local/bin
2024/11/10 18:03:40 recorder.go:46: 1731261820461117635 Lookup     /usr/sbin
2024/11/10 18:03:40 recorder.go:46: 1731261820461221404 Lookup     /usr/bin
2024/11/10 18:03:40 recorder.go:46: 1731261820461261290 Lookup     /usr/bin/lmp
2024/11/10 18:03:40 recorder.go:46: 1731261820461569881 Open       /usr/bin/lmp
2024/11/10 18:03:40 recorder.go:46: 1731261820461856279 Open       /usr/bin/lmp
2024/11/10 18:03:40 recorder.go:46: 1731261820461923407 Lookup     /lib64
2024/11/10 18:03:40 recorder.go:46: 1731261820462016215 Lookup     /usr/lib64
2024/11/10 18:03:40 recorder.go:46: 1731261820462084626 Lookup     /usr/lib64/ld-linux-x86-64.so.2
2024/11/10 18:03:40 recorder.go:46: 1731261820462162986 Lookup     /lib
2024/11/10 18:03:40 recorder.go:46: 1731261820462196139 Lookup     /usr/lib
2024/11/10 18:03:40 recorder.go:46: 1731261820462256845 Lookup     /usr/lib/x86_64-linux-gnu
2024/11/10 18:03:40 recorder.go:46: 1731261820462276503 Lookup     /usr/lib/x86_64-linux-gnu/ld-linux-x86-64.so.2
2024/11/10 18:03:40 recorder.go:46: 1731261820462353410 Open       /usr/lib/x86_64-linux-gnu/ld-linux-x86-64.so.2
2024/11/10 18:03:40 recorder.go:46: 1731261820462994527 Open       /usr/bin/lmp
2024/11/10 18:03:40 recorder.go:46: 1731261820463840637 Open       /usr/lib/x86_64-linux-gnu/ld-linux-x86-64.so.2
2024/11/10 18:03:40 recorder.go:46: 1731261820465351709 Lookup     /etc/ld.so.cache
2024/11/10 18:03:40 recorder.go:46: 1731261820465395904 Open       /etc/ld.so.cache
2024/11/10 18:03:40 recorder.go:46: 1731261820465635672 Lookup     /usr/lib/x86_64-linux-gnu/libmpich.so.12
2024/11/10 18:03:40 recorder.go:46: 1731261820465689596 Lookup     /usr/lib/x86_64-linux-gnu/libmpich.so.12.2.0
2024/11/10 18:03:40 recorder.go:46: 1731261820465758087 Open       /usr/lib/x86_64-linux-gnu/libmpich.so.12.2.0
2024/11/10 18:03:40 recorder.go:46: 1731261820466550563 Lookup     /usr/lib/x86_64-linux-gnu/libstdc++.so.6
2024/11/10 18:03:40 recorder.go:46: 1731261820466649062 Lookup     /usr/lib/x86_64-linux-gnu/libstdc++.so.6.0.30
2024/11/10 18:03:40 recorder.go:46: 1731261820466741689 Open       /usr/lib/x86_64-linux-gnu/libstdc++.so.6.0.30
2024/11/10 18:03:40 recorder.go:46: 1731261820467406492 Lookup     /usr/lib/x86_64-linux-gnu/libm.so.6
2024/11/10 18:03:40 recorder.go:46: 1731261820467437812 Open       /usr/lib/x86_64-linux-gnu/libm.so.6
2024/11/10 18:03:40 recorder.go:46: 1731261820467904375 Lookup     /usr/lib/x86_64-linux-gnu/libgcc_s.so.1
2024/11/10 18:03:40 recorder.go:46: 1731261820467933170 Open       /usr/lib/x86_64-linux-gnu/libgcc_s.so.1
2024/11/10 18:03:40 recorder.go:46: 1731261820468213106 Lookup     /usr/lib/x86_64-linux-gnu/libc.so.6
2024/11/10 18:03:40 recorder.go:46: 1731261820468253944 Open       /usr/lib/x86_64-linux-gnu/libc.so.6
2024/11/10 18:03:40 recorder.go:46: 1731261820468828554 Lookup     /usr/lib/x86_64-linux-gnu/libhwloc.so.15
2024/11/10 18:03:40 recorder.go:46: 1731261820468878960 Lookup     /usr/lib/x86_64-linux-gnu/libhwloc.so.15.5.2
2024/11/10 18:03:40 recorder.go:46: 1731261820468946439 Open       /usr/lib/x86_64-linux-gnu/libhwloc.so.15.5.2
2024/11/10 18:03:40 recorder.go:46: 1731261820469400198 Lookup     /usr/lib/x86_64-linux-gnu/libfabric.so.1
2024/11/10 18:03:40 recorder.go:46: 1731261820469440264 Lookup     /usr/lib/x86_64-linux-gnu/libfabric.so.1.14.0
2024/11/10 18:03:40 recorder.go:46: 1731261820469510318 Open       /usr/lib/x86_64-linux-gnu/libfabric.so.1.14.0
2024/11/10 18:03:40 recorder.go:46: 1731261820469881950 Lookup     /usr/lib/x86_64-linux-gnu/libudev.so.1
2024/11/10 18:03:40 recorder.go:46: 1731261820469919872 Lookup     /usr/lib/x86_64-linux-gnu/libudev.so.1.7.2
2024/11/10 18:03:40 recorder.go:46: 1731261820469985458 Open       /usr/lib/x86_64-linux-gnu/libudev.so.1.7.2
2024/11/10 18:03:40 recorder.go:46: 1731261820470305791 Lookup     /usr/lib/x86_64-linux-gnu/librdmacm.so.1
2024/11/10 18:03:40 recorder.go:46: 1731261820470340037 Lookup     /usr/lib/x86_64-linux-gnu/librdmacm.so.1.3.39.0
2024/11/10 18:03:40 recorder.go:46: 1731261820470401494 Open       /usr/lib/x86_64-linux-gnu/librdmacm.so.1.3.39.0
2024/11/10 18:03:40 recorder.go:46: 1731261820470740603 Lookup     /usr/lib/x86_64-linux-gnu/libefa.so.1
2024/11/10 18:03:40 recorder.go:46: 1731261820470780029 Lookup     /usr/lib/x86_64-linux-gnu/libefa.so.1.1.39.0
2024/11/10 18:03:40 recorder.go:46: 1731261820470838691 Open       /usr/lib/x86_64-linux-gnu/libefa.so.1.1.39.0
2024/11/10 18:03:40 recorder.go:46: 1731261820471141801 Lookup     /usr/lib/x86_64-linux-gnu/libibverbs.so.1
2024/11/10 18:03:40 recorder.go:46: 1731261820471177499 Lookup     /usr/lib/x86_64-linux-gnu/libibverbs.so.1.14.39.0
2024/11/10 18:03:40 recorder.go:46: 1731261820471234529 Open       /usr/lib/x86_64-linux-gnu/libibverbs.so.1.14.39.0
2024/11/10 18:03:40 recorder.go:46: 1731261820471554371 Lookup     /usr/lib/x86_64-linux-gnu/libpsm_infinipath.so.1
2024/11/10 18:03:40 recorder.go:46: 1731261820472110786 Lookup     /etc/alternatives
2024/11/10 18:03:40 recorder.go:46: 1731261820472137346 Lookup     /etc/alternatives/libpsm_infinipath.so.1
2024/11/10 18:03:40 recorder.go:46: 1731261820472219434 Lookup     /usr/lib/libpsm1
2024/11/10 18:03:40 recorder.go:46: 1731261820472250523 Lookup     /usr/lib/libpsm1/libpsm_infinipath.so.1.16
2024/11/10 18:03:40 recorder.go:46: 1731261820472289438 Open       /usr/lib/libpsm1/libpsm_infinipath.so.1.16
2024/11/10 18:03:40 recorder.go:46: 1731261820472868185 Lookup     /usr/lib/x86_64-linux-gnu/libpsm2.so.2
2024/11/10 18:03:40 recorder.go:46: 1731261820472916428 Lookup     /usr/lib/x86_64-linux-gnu/libpsm2.so.2.2
2024/11/10 18:03:40 recorder.go:46: 1731261820472985790 Open       /usr/lib/x86_64-linux-gnu/libpsm2.so.2.2
2024/11/10 18:03:40 recorder.go:46: 1731261820473371719 Lookup     /usr/lib/x86_64-linux-gnu/libnl-3.so.200
2024/11/10 18:03:40 recorder.go:46: 1731261820473422526 Lookup     /usr/lib/x86_64-linux-gnu/libnl-3.so.200.26.0
2024/11/10 18:03:40 recorder.go:46: 1731261820473576311 Open       /usr/lib/x86_64-linux-gnu/libnl-3.so.200.26.0
2024/11/10 18:03:40 recorder.go:46: 1731261820474028216 Lookup     /usr/lib/x86_64-linux-gnu/libnl-route-3.so.200
2024/11/10 18:03:40 recorder.go:46: 1731261820474084253 Lookup     /usr/lib/x86_64-linux-gnu/libnl-route-3.so.200.26.0
2024/11/10 18:03:40 recorder.go:46: 1731261820474155479 Open       /usr/lib/x86_64-linux-gnu/libnl-route-3.so.200.26.0
2024/11/10 18:03:40 recorder.go:46: 1731261820475582090 Lookup     /usr/lib/x86_64-linux-gnu/libinfinipath.so.4
2024/11/10 18:03:40 recorder.go:46: 1731261820475654448 Lookup     /usr/lib/x86_64-linux-gnu/libinfinipath.so.4.0
2024/11/10 18:03:40 recorder.go:46: 1731261820475731295 Open       /usr/lib/x86_64-linux-gnu/libinfinipath.so.4.0
2024/11/10 18:03:40 recorder.go:46: 1731261820476166097 Lookup     /usr/lib/x86_64-linux-gnu/librt.so.1
2024/11/10 18:03:40 recorder.go:46: 1731261820476210182 Open       /usr/lib/x86_64-linux-gnu/librt.so.1
2024/11/10 18:03:40 recorder.go:46: 1731261820476625938 Lookup     /usr/lib/x86_64-linux-gnu/libpthread.so.0
2024/11/10 18:03:40 recorder.go:46: 1731261820476676655 Open       /usr/lib/x86_64-linux-gnu/libpthread.so.0
2024/11/10 18:03:40 recorder.go:46: 1731261820477048196 Lookup     /usr/lib/x86_64-linux-gnu/libdl.so.2
2024/11/10 18:03:40 recorder.go:46: 1731261820477086910 Open       /usr/lib/x86_64-linux-gnu/libdl.so.2
2024/11/10 18:03:40 recorder.go:46: 1731261820477391954 Lookup     /usr/lib/x86_64-linux-gnu/libuuid.so.1
2024/11/10 18:03:40 recorder.go:46: 1731261820477438022 Lookup     /usr/lib/x86_64-linux-gnu/libuuid.so.1.3.0
2024/11/10 18:03:40 recorder.go:46: 1731261820477504890 Open       /usr/lib/x86_64-linux-gnu/libuuid.so.1.3.0
2024/11/10 18:03:40 recorder.go:46: 1731261820477874437 Lookup     /usr/lib/x86_64-linux-gnu/libnuma.so.1
2024/11/10 18:03:40 recorder.go:46: 1731261820477911187 Lookup     /usr/lib/x86_64-linux-gnu/libnuma.so.1.0.0
2024/11/10 18:03:40 recorder.go:46: 1731261820477974879 Open       /usr/lib/x86_64-linux-gnu/libnuma.so.1.0.0
2024/11/10 18:03:40 recorder.go:46: 1731261820695524155 Lookup     /usr/lib/x86_64-linux-gnu/hwloc
2024/11/10 18:03:40 recorder.go:46: 1731261820695866330 Lookup     /usr/lib/x86_64-linux-gnu/hwloc/hwloc_opencl.so
2024/11/10 18:03:40 recorder.go:46: 1731261820695906136 Lookup     /usr/lib/x86_64-linux-gnu/hwloc/hwloc_xml_libxml.so
2024/11/10 18:03:40 recorder.go:46: 1731261820695919923 Lookup     /usr/lib/x86_64-linux-gnu/hwloc/hwloc_gl.so
2024/11/10 18:03:40 recorder.go:46: 1731261820695935122 Lookup     /usr/lib/x86_64-linux-gnu/hwloc/hwloc_pci.so
2024/11/10 18:03:40 recorder.go:46: 1731261820696291534 Open       /usr/lib/x86_64-linux-gnu/hwloc/hwloc_opencl.so
2024/11/10 18:03:40 recorder.go:46: 1731261820696867827 Open       /etc/ld.so.cache
2024/11/10 18:03:40 recorder.go:46: 1731261820697121683 Lookup     /usr/lib/x86_64-linux-gnu/libOpenCL.so.1
2024/11/10 18:03:40 recorder.go:46: 1731261820697174674 Lookup     /usr/lib/x86_64-linux-gnu/libOpenCL.so.1.0.0
2024/11/10 18:03:40 recorder.go:46: 1731261820697240701 Open       /usr/lib/x86_64-linux-gnu/libOpenCL.so.1.0.0
2024/11/10 18:03:40 recorder.go:46: 1731261820697883531 Open       /usr/lib/x86_64-linux-gnu/hwloc/hwloc_xml_libxml.so
2024/11/10 18:03:40 recorder.go:46: 1731261820698269249 Open       /etc/ld.so.cache
2024/11/10 18:03:40 recorder.go:46: 1731261820698468030 Lookup     /usr/lib/x86_64-linux-gnu/libxml2.so.2
2024/11/10 18:03:40 recorder.go:46: 1731261820698511453 Lookup     /usr/lib/x86_64-linux-gnu/libxml2.so.2.9.13
2024/11/10 18:03:40 recorder.go:46: 1731261820698576908 Open       /usr/lib/x86_64-linux-gnu/libxml2.so.2.9.13
2024/11/10 18:03:40 recorder.go:46: 1731261820699067828 Lookup     /usr/lib/x86_64-linux-gnu/libicuuc.so.70
2024/11/10 18:03:40 recorder.go:46: 1731261820699108936 Lookup     /usr/lib/x86_64-linux-gnu/libicuuc.so.70.1
2024/11/10 18:03:40 recorder.go:46: 1731261820699172107 Open       /usr/lib/x86_64-linux-gnu/libicuuc.so.70.1
2024/11/10 18:03:40 recorder.go:46: 1731261820699765343 Lookup     /usr/lib/x86_64-linux-gnu/libz.so.1
2024/11/10 18:03:40 recorder.go:46: 1731261820699805710 Lookup     /usr/lib/x86_64-linux-gnu/libz.so.1.2.11
2024/11/10 18:03:40 recorder.go:46: 1731261820699867769 Open       /usr/lib/x86_64-linux-gnu/libz.so.1.2.11
2024/11/10 18:03:40 recorder.go:46: 1731261820700244890 Lookup     /usr/lib/x86_64-linux-gnu/liblzma.so.5
2024/11/10 18:03:40 recorder.go:46: 1731261820700286901 Lookup     /usr/lib/x86_64-linux-gnu/liblzma.so.5.2.5
2024/11/10 18:03:40 recorder.go:46: 1731261820700351645 Open       /usr/lib/x86_64-linux-gnu/liblzma.so.5.2.5
2024/11/10 18:03:40 recorder.go:46: 1731261820700806816 Lookup     /usr/lib/x86_64-linux-gnu/libicudata.so.70
2024/11/10 18:03:40 recorder.go:46: 1731261820700847454 Lookup     /usr/lib/x86_64-linux-gnu/libicudata.so.70.1
2024/11/10 18:03:40 recorder.go:46: 1731261820700917187 Open       /usr/lib/x86_64-linux-gnu/libicudata.so.70.1
2024/11/10 18:03:40 recorder.go:46: 1731261820702554962 Open       /usr/lib/x86_64-linux-gnu/hwloc/hwloc_gl.so
2024/11/10 18:03:40 recorder.go:46: 1731261820702977791 Open       /etc/ld.so.cache
2024/11/10 18:03:40 recorder.go:46: 1731261820703240724 Lookup     /usr/lib/x86_64-linux-gnu/libXNVCtrl.so.0
2024/11/10 18:03:40 recorder.go:46: 1731261820703295119 Lookup     /usr/lib/x86_64-linux-gnu/libXNVCtrl.so.0.0.0
2024/11/10 18:03:40 recorder.go:46: 1731261820703368960 Open       /usr/lib/x86_64-linux-gnu/libXNVCtrl.so.0.0.0
2024/11/10 18:03:40 recorder.go:46: 1731261820703682019 Lookup     /usr/lib/x86_64-linux-gnu/libX11.so.6
2024/11/10 18:03:40 recorder.go:46: 1731261820703730041 Lookup     /usr/lib/x86_64-linux-gnu/libX11.so.6.4.0
2024/11/10 18:03:40 recorder.go:46: 1731261820703804744 Open       /usr/lib/x86_64-linux-gnu/libX11.so.6.4.0
2024/11/10 18:03:40 recorder.go:46: 1731261820704248754 Lookup     /usr/lib/x86_64-linux-gnu/libXext.so.6
2024/11/10 18:03:40 recorder.go:46: 1731261820704289151 Lookup     /usr/lib/x86_64-linux-gnu/libXext.so.6.4.0
2024/11/10 18:03:40 recorder.go:46: 1731261820704353604 Open       /usr/lib/x86_64-linux-gnu/libXext.so.6.4.0
2024/11/10 18:03:40 recorder.go:46: 1731261820704672525 Lookup     /usr/lib/x86_64-linux-gnu/libxcb.so.1
2024/11/10 18:03:40 recorder.go:46: 1731261820704714826 Lookup     /usr/lib/x86_64-linux-gnu/libxcb.so.1.1.0
2024/11/10 18:03:40 recorder.go:46: 1731261820704776834 Open       /usr/lib/x86_64-linux-gnu/libxcb.so.1.1.0
2024/11/10 18:03:40 recorder.go:46: 1731261820705151792 Lookup     /usr/lib/x86_64-linux-gnu/libXau.so.6
2024/11/10 18:03:40 recorder.go:46: 1731261820705200676 Lookup     /usr/lib/x86_64-linux-gnu/libXau.so.6.0.0
2024/11/10 18:03:40 recorder.go:46: 1731261820705290277 Open       /usr/lib/x86_64-linux-gnu/libXau.so.6.0.0
2024/11/10 18:03:40 recorder.go:46: 1731261820705695022 Lookup     /usr/lib/x86_64-linux-gnu/libXdmcp.so.6
2024/11/10 18:03:40 recorder.go:46: 1731261820705743815 Lookup     /usr/lib/x86_64-linux-gnu/libXdmcp.so.6.0.0
2024/11/10 18:03:40 recorder.go:46: 1731261820705831513 Open       /usr/lib/x86_64-linux-gnu/libXdmcp.so.6.0.0
2024/11/10 18:03:40 recorder.go:46: 1731261820706215859 Lookup     /usr/lib/x86_64-linux-gnu/libbsd.so.0
2024/11/10 18:03:40 recorder.go:46: 1731261820706267768 Lookup     /usr/lib/x86_64-linux-gnu/libbsd.so.0.11.5
2024/11/10 18:03:40 recorder.go:46: 1731261820706384441 Open       /usr/lib/x86_64-linux-gnu/libbsd.so.0.11.5
2024/11/10 18:03:40 recorder.go:46: 1731261820706795919 Lookup     /usr/lib/x86_64-linux-gnu/libmd.so.0
2024/11/10 18:03:40 recorder.go:46: 1731261820706863017 Lookup     /usr/lib/x86_64-linux-gnu/libmd.so.0.0.5
2024/11/10 18:03:40 recorder.go:46: 1731261820706933893 Open       /usr/lib/x86_64-linux-gnu/libmd.so.0.0.5
2024/11/10 18:03:40 recorder.go:46: 1731261820707701993 Open       /usr/lib/x86_64-linux-gnu/hwloc/hwloc_pci.so
2024/11/10 18:03:40 recorder.go:46: 1731261820708086058 Open       /etc/ld.so.cache
2024/11/10 18:03:40 recorder.go:46: 1731261820708329604 Lookup     /usr/lib/x86_64-linux-gnu/libpciaccess.so.0
2024/11/10 18:03:40 recorder.go:46: 1731261820708365643 Lookup     /usr/lib/x86_64-linux-gnu/libpciaccess.so.0.11.1
2024/11/10 18:03:40 recorder.go:46: 1731261820708430017 Open       /usr/lib/x86_64-linux-gnu/libpciaccess.so.0.11.1
2024/11/10 18:03:41 recorder.go:46: 1731261821037127428 Lookup     /run
2024/11/10 18:03:41 recorder.go:46: 1731261821043096693 Lookup     /var
2024/11/10 18:03:41 recorder.go:46: 1731261821043164963 Lookup     /var/run
2024/11/10 18:03:41 recorder.go:46: 1731261821044181038 Lookup     /etc/gai.conf
2024/11/10 18:03:41 recorder.go:46: 1731261821044228258 Open       /etc/gai.conf
2024/11/10 18:03:41 recorder.go:46: 1731261821052331107 Lookup     /usr/share
2024/11/10 18:03:41 recorder.go:46: 1731261821060469854 Lookup     /usr/share/misc
2024/11/10 18:03:41 recorder.go:46: 1731261821078623290 Open       /etc/ld.so.cache
2024/11/10 18:03:41 recorder.go:46: 1731261821088549809 Open       /etc/ld.so.cache
2024/11/10 18:03:41 recorder.go:46: 1731261821089302309 Open       /etc/ld.so.cache
2024/11/10 18:03:41 recorder.go:46: 1731261821090024662 Open       /etc/ld.so.cache
2024/11/10 18:03:41 recorder.go:46: 1731261821090832147 Open       /etc/ld.so.cache
2024/11/10 18:03:41 recorder.go:46: 1731261821091573075 Open       /etc/ld.so.cache
2024/11/10 18:03:41 recorder.go:46: 1731261821092241745 Open       /etc/ld.so.cache
2024/11/10 18:03:41 recorder.go:46: 1731261821092823899 Open       /etc/ld.so.cache
2024/11/10 18:03:41 recorder.go:46: 1731261821093375776 Open       /etc/ld.so.cache
2024/11/10 18:03:41 recorder.go:46: 1731261821093940797 Open       /etc/ld.so.cache
2024/11/10 18:03:41 recorder.go:46: 1731261821094562256 Open       /etc/ld.so.cache
2024/11/10 18:03:41 recorder.go:46: 1731261821095185209 Open       /etc/ld.so.cache
2024/11/10 18:03:41 recorder.go:46: 1731261821095770940 Open       /etc/ld.so.cache
2024/11/10 18:03:41 recorder.go:46: 1731261821096342654 Open       /etc/ld.so.cache
2024/11/10 18:03:41 recorder.go:46: 1731261821097000393 Open       /etc/ld.so.cache
2024/11/10 18:03:41 recorder.go:46: 1731261821097630850 Open       /etc/ld.so.cache
2024/11/10 18:03:41 recorder.go:46: 1731261821098209818 Open       /etc/ld.so.cache
2024/11/10 18:03:41 recorder.go:46: 1731261821112644976 Lookup     /opt/lammps/examples/reax/HNS/in.reaxc.hns
2024/11/10 18:03:41 recorder.go:46: 1731261821112705342 Open       /opt/lammps/examples/reax/HNS/in.reaxc.hns
2024/11/10 18:03:41 recorder.go:46: 1731261821116400114 Lookup     /opt/lammps/examples/reax/HNS/data.hns-equil
2024/11/10 18:03:41 recorder.go:46: 1731261821116556864 Open       /opt/lammps/examples/reax/HNS/data.hns-equil
2024/11/10 18:03:41 recorder.go:46: 1731261821138591988 Lookup     /opt/lammps/examples/reax/HNS/ffield.reax.hns
2024/11/10 18:03:41 recorder.go:46: 1731261821138660149 Open       /opt/lammps/examples/reax/HNS/ffield.reax.hns
