2024/11/10 18:07:58 recorder.go:46: 1731262078560737198 Lookup     /etc
2024/11/10 18:07:58 recorder.go:46: 1731262078561026542 Lookup     /etc/host.conf
2024/11/10 18:07:58 recorder.go:46: 1731262078561143766 Lookup     /etc/hosts
2024/11/10 18:07:58 recorder.go:46: 1731262078561195735 Lookup     /etc/nsswitch.conf
2024/11/10 18:07:58 recorder.go:46: 1731262078561225783 Lookup     /etc/resolv.conf
2024/11/10 18:07:58 recorder.go:46: 1731262078561256712 Lookup     /dev
2024/11/10 18:07:58 recorder.go:46: 1731262078561298963 Lookup     /sys
2024/11/10 18:07:58 recorder.go:46: 1731262078561323129 Lookup     /proc
2024/11/10 18:07:58 recorder.go:46: 1731262078561351854 Lookup     /tmp
2024/11/10 18:07:58 recorder.go:46: 1731262078561379397 Lookup     /root
2024/11/10 18:07:58 recorder.go:46: 1731262078561448619 Lookup     /opt
2024/11/10 18:07:58 recorder.go:46: 1731262078561477384 Lookup     /opt/lammps
2024/11/10 18:07:58 recorder.go:46: 1731262078561518332 Lookup     /opt/lammps/examples
2024/11/10 18:07:58 recorder.go:46: 1731262078561560924 Lookup     /opt/lammps/examples/reax
2024/11/10 18:07:58 recorder.go:46: 1731262078561588627 Lookup     /opt/lammps/examples/reax/HNS
2024/11/10 18:07:58 recorder.go:46: 1731262078561743212 Lookup     /usr
2024/11/10 18:07:58 recorder.go:46: 1731262078561778149 Lookup     /usr/local
2024/11/10 18:07:58 recorder.go:46: 1731262078561803948 Lookup     /usr/local/sbin
2024/11/10 18:07:58 recorder.go:46: 1731262078561895303 Lookup     /usr/local/bin
2024/11/10 18:07:58 recorder.go:46: 1731262078562015723 Lookup     /usr/sbin
2024/11/10 18:07:58 recorder.go:46: 1731262078562126445 Lookup     /usr/bin
2024/11/10 18:07:58 recorder.go:46: 1731262078562191029 Lookup     /usr/bin/lmp
2024/11/10 18:07:58 recorder.go:46: 1731262078562483388 Open       /usr/bin/lmp
2024/11/10 18:07:58 recorder.go:46: 1731262078562847624 Open       /usr/bin/lmp
2024/11/10 18:07:58 recorder.go:46: 1731262078562912799 Lookup     /lib64
2024/11/10 18:07:58 recorder.go:46: 1731262078562956603 Lookup     /usr/lib64
2024/11/10 18:07:58 recorder.go:46: 1731262078563024673 Lookup     /usr/lib64/ld-linux-x86-64.so.2
2024/11/10 18:07:58 recorder.go:46: 1731262078563089166 Lookup     /lib
2024/11/10 18:07:58 recorder.go:46: 1731262078563115547 Lookup     /usr/lib
2024/11/10 18:07:58 recorder.go:46: 1731262078563176283 Lookup     /usr/lib/x86_64-linux-gnu
2024/11/10 18:07:58 recorder.go:46: 1731262078563197844 Lookup     /usr/lib/x86_64-linux-gnu/ld-linux-x86-64.so.2
2024/11/10 18:07:58 recorder.go:46: 1731262078563262568 Open       /usr/lib/x86_64-linux-gnu/ld-linux-x86-64.so.2
2024/11/10 18:07:58 recorder.go:46: 1731262078563862886 Open       /usr/bin/lmp
2024/11/10 18:07:58 recorder.go:46: 1731262078564654920 Open       /usr/lib/x86_64-linux-gnu/ld-linux-x86-64.so.2
2024/11/10 18:07:58 recorder.go:46: 1731262078565952221 Lookup     /etc/ld.so.cache
2024/11/10 18:07:58 recorder.go:46: 1731262078565984583 Open       /etc/ld.so.cache
2024/11/10 18:07:58 recorder.go:46: 1731262078566189455 Lookup     /usr/lib/x86_64-linux-gnu/libmpich.so.12
2024/11/10 18:07:58 recorder.go:46: 1731262078566253377 Lookup     /usr/lib/x86_64-linux-gnu/libmpich.so.12.2.0
2024/11/10 18:07:58 recorder.go:46: 1731262078566324704 Open       /usr/lib/x86_64-linux-gnu/libmpich.so.12.2.0
2024/11/10 18:07:58 recorder.go:46: 1731262078566889924 Lookup     /usr/lib/x86_64-linux-gnu/libstdc++.so.6
2024/11/10 18:07:58 recorder.go:46: 1731262078566940160 Lookup     /usr/lib/x86_64-linux-gnu/libstdc++.so.6.0.30
2024/11/10 18:07:58 recorder.go:46: 1731262078567021246 Open       /usr/lib/x86_64-linux-gnu/libstdc++.so.6.0.30
2024/11/10 18:07:58 recorder.go:46: 1731262078567580255 Lookup     /usr/lib/x86_64-linux-gnu/libm.so.6
2024/11/10 18:07:58 recorder.go:46: 1731262078567613077 Open       /usr/lib/x86_64-linux-gnu/libm.so.6
2024/11/10 18:07:58 recorder.go:46: 1731262078568073087 Lookup     /usr/lib/x86_64-linux-gnu/libgcc_s.so.1
2024/11/10 18:07:58 recorder.go:46: 1731262078568117372 Open       /usr/lib/x86_64-linux-gnu/libgcc_s.so.1
2024/11/10 18:07:58 recorder.go:46: 1731262078568576670 Lookup     /usr/lib/x86_64-linux-gnu/libc.so.6
2024/11/10 18:07:58 recorder.go:46: 1731262078568631966 Open       /usr/lib/x86_64-linux-gnu/libc.so.6
2024/11/10 18:07:58 recorder.go:46: 1731262078569287509 Lookup     /usr/lib/x86_64-linux-gnu/libhwloc.so.15
2024/11/10 18:07:58 recorder.go:46: 1731262078569349057 Lookup     /usr/lib/x86_64-linux-gnu/libhwloc.so.15.5.2
2024/11/10 18:07:58 recorder.go:46: 1731262078569423109 Open       /usr/lib/x86_64-linux-gnu/libhwloc.so.15.5.2
2024/11/10 18:07:58 recorder.go:46: 1731262078570052803 Lookup     /usr/lib/x86_64-linux-gnu/libfabric.so.1
2024/11/10 18:07:58 recorder.go:46: 1731262078570099101 Lookup     /usr/lib/x86_64-linux-gnu/libfabric.so.1.14.0
2024/11/10 18:07:58 recorder.go:46: 1731262078570175778 Open       /usr/lib/x86_64-linux-gnu/libfabric.so.1.14.0
2024/11/10 18:07:58 recorder.go:46: 1731262078570639785 Lookup     /usr/lib/x86_64-linux-gnu/libudev.so.1
2024/11/10 18:07:58 recorder.go:46: 1731262078570697967 Lookup     /usr/lib/x86_64-linux-gnu/libudev.so.1.7.2
2024/11/10 18:07:58 recorder.go:46: 1731262078570800943 Open       /usr/lib/x86_64-linux-gnu/libudev.so.1.7.2
2024/11/10 18:07:58 recorder.go:46: 1731262078571270832 Lookup     /usr/lib/x86_64-linux-gnu/librdmacm.so.1
2024/11/10 18:07:58 recorder.go:46: 1731262078571332320 Lookup     /usr/lib/x86_64-linux-gnu/librdmacm.so.1.3.39.0
2024/11/10 18:07:58 recorder.go:46: 1731262078571436369 Open       /usr/lib/x86_64-linux-gnu/librdmacm.so.1.3.39.0
2024/11/10 18:07:58 recorder.go:46: 1731262078571816355 Lookup     /usr/lib/x86_64-linux-gnu/libefa.so.1
2024/11/10 18:07:58 recorder.go:46: 1731262078571860289 Lookup     /usr/lib/x86_64-linux-gnu/libefa.so.1.1.39.0
2024/11/10 18:07:58 recorder.go:46: 1731262078571927738 Open       /usr/lib/x86_64-linux-gnu/libefa.so.1.1.39.0
2024/11/10 18:07:58 recorder.go:46: 1731262078572260825 Lookup     /usr/lib/x86_64-linux-gnu/libibverbs.so.1
2024/11/10 18:07:58 recorder.go:46: 1731262078572298086 Lookup     /usr/lib/x86_64-linux-gnu/libibverbs.so.1.14.39.0
2024/11/10 18:07:58 recorder.go:46: 1731262078572358903 Open       /usr/lib/x86_64-linux-gnu/libibverbs.so.1.14.39.0
2024/11/10 18:07:58 recorder.go:46: 1731262078572676149 Lookup     /usr/lib/x86_64-linux-gnu/libpsm_infinipath.so.1
2024/11/10 18:07:58 recorder.go:46: 1731262078572962457 Lookup     /etc/alternatives
2024/11/10 18:07:58 recorder.go:46: 1731262078572986463 Lookup     /etc/alternatives/libpsm_infinipath.so.1
2024/11/10 18:07:58 recorder.go:46: 1731262078573068500 Lookup     /usr/lib/libpsm1
2024/11/10 18:07:58 recorder.go:46: 1731262078573096844 Lookup     /usr/lib/libpsm1/libpsm_infinipath.so.1.16
2024/11/10 18:07:58 recorder.go:46: 1731262078573133785 Open       /usr/lib/libpsm1/libpsm_infinipath.so.1.16
2024/11/10 18:07:58 recorder.go:46: 1731262078573638219 Lookup     /usr/lib/x86_64-linux-gnu/libpsm2.so.2
2024/11/10 18:07:58 recorder.go:46: 1731262078573680721 Lookup     /usr/lib/x86_64-linux-gnu/libpsm2.so.2.2
2024/11/10 18:07:58 recorder.go:46: 1731262078573746627 Open       /usr/lib/x86_64-linux-gnu/libpsm2.so.2.2
2024/11/10 18:07:58 recorder.go:46: 1731262078574162001 Lookup     /usr/lib/x86_64-linux-gnu/libnl-3.so.200
2024/11/10 18:07:58 recorder.go:46: 1731262078574210443 Lookup     /usr/lib/x86_64-linux-gnu/libnl-3.so.200.26.0
2024/11/10 18:07:58 recorder.go:46: 1731262078574288292 Open       /usr/lib/x86_64-linux-gnu/libnl-3.so.200.26.0
2024/11/10 18:07:58 recorder.go:46: 1731262078574759994 Lookup     /usr/lib/x86_64-linux-gnu/libnl-route-3.so.200
2024/11/10 18:07:58 recorder.go:46: 1731262078574818226 Lookup     /usr/lib/x86_64-linux-gnu/libnl-route-3.so.200.26.0
2024/11/10 18:07:58 recorder.go:46: 1731262078574899942 Open       /usr/lib/x86_64-linux-gnu/libnl-route-3.so.200.26.0
2024/11/10 18:07:58 recorder.go:46: 1731262078575656619 Lookup     /usr/lib/x86_64-linux-gnu/libinfinipath.so.4
2024/11/10 18:07:58 recorder.go:46: 1731262078575699671 Lookup     /usr/lib/x86_64-linux-gnu/libinfinipath.so.4.0
2024/11/10 18:07:58 recorder.go:46: 1731262078575760728 Open       /usr/lib/x86_64-linux-gnu/libinfinipath.so.4.0
2024/11/10 18:07:58 recorder.go:46: 1731262078576127339 Lookup     /usr/lib/x86_64-linux-gnu/librt.so.1
2024/11/10 18:07:58 recorder.go:46: 1731262078576155072 Open       /usr/lib/x86_64-linux-gnu/librt.so.1
2024/11/10 18:07:58 recorder.go:46: 1731262078576421161 Lookup     /usr/lib/x86_64-linux-gnu/libpthread.so.0
2024/11/10 18:07:58 recorder.go:46: 1731262078576449164 Open       /usr/lib/x86_64-linux-gnu/libpthread.so.0
2024/11/10 18:07:58 recorder.go:46: 1731262078576727637 Lookup     /usr/lib/x86_64-linux-gnu/libdl.so.2
2024/11/10 18:07:58 recorder.go:46: 1731262078576776060 Open       /usr/lib/x86_64-linux-gnu/libdl.so.2
2024/11/10 18:07:58 recorder.go:46: 1731262078577044673 Lookup     /usr/lib/x86_64-linux-gnu/libuuid.so.1
2024/11/10 18:07:58 recorder.go:46: 1731262078577093677 Lookup     /usr/lib/x86_64-linux-gnu/libuuid.so.1.3.0
2024/11/10 18:07:58 recorder.go:46: 1731262078577155315 Open       /usr/lib/x86_64-linux-gnu/libuuid.so.1.3.0
2024/11/10 18:07:58 recorder.go:46: 1731262078577515343 Lookup     /usr/lib/x86_64-linux-gnu/libnuma.so.1
2024/11/10 18:07:58 recorder.go:46: 1731262078577560169 Lookup     /usr/lib/x86_64-linux-gnu/libnuma.so.1.0.0
2024/11/10 18:07:58 recorder.go:46: 1731262078577618952 Open       /usr/lib/x86_64-linux-gnu/libnuma.so.1.0.0
2024/11/10 18:07:58 recorder.go:46: 1731262078802598580 Lookup     /usr/lib/x86_64-linux-gnu/hwloc
2024/11/10 18:07:58 recorder.go:46: 1731262078802974920 Lookup     /usr/lib/x86_64-linux-gnu/hwloc/hwloc_opencl.so
2024/11/10 18:07:58 recorder.go:46: 1731262078803022531 Lookup     /usr/lib/x86_64-linux-gnu/hwloc/hwloc_xml_libxml.so
2024/11/10 18:07:58 recorder.go:46: 1731262078803036798 Lookup     /usr/lib/x86_64-linux-gnu/hwloc/hwloc_gl.so
2024/11/10 18:07:58 recorder.go:46: 1731262078803050956 Lookup     /usr/lib/x86_64-linux-gnu/hwloc/hwloc_pci.so
2024/11/10 18:07:58 recorder.go:46: 1731262078803206343 Open       /usr/lib/x86_64-linux-gnu/hwloc/hwloc_opencl.so
2024/11/10 18:07:58 recorder.go:46: 1731262078803663166 Open       /etc/ld.so.cache
2024/11/10 18:07:58 recorder.go:46: 1731262078803912794 Lookup     /usr/lib/x86_64-linux-gnu/libOpenCL.so.1
2024/11/10 18:07:58 recorder.go:46: 1731262078803980343 Lookup     /usr/lib/x86_64-linux-gnu/libOpenCL.so.1.0.0
2024/11/10 18:07:58 recorder.go:46: 1731262078804058713 Open       /usr/lib/x86_64-linux-gnu/libOpenCL.so.1.0.0
2024/11/10 18:07:58 recorder.go:46: 1731262078804658810 Open       /usr/lib/x86_64-linux-gnu/hwloc/hwloc_xml_libxml.so
2024/11/10 18:07:58 recorder.go:46: 1731262078805080246 Open       /etc/ld.so.cache
2024/11/10 18:07:58 recorder.go:46: 1731262078805302321 Lookup     /usr/lib/x86_64-linux-gnu/libxml2.so.2
2024/11/10 18:07:58 recorder.go:46: 1731262078805353479 Lookup     /usr/lib/x86_64-linux-gnu/libxml2.so.2.9.13
2024/11/10 18:07:58 recorder.go:46: 1731262078805418563 Open       /usr/lib/x86_64-linux-gnu/libxml2.so.2.9.13
2024/11/10 18:07:58 recorder.go:46: 1731262078805909362 Lookup     /usr/lib/x86_64-linux-gnu/libicuuc.so.70
2024/11/10 18:07:58 recorder.go:46: 1731262078805957955 Lookup     /usr/lib/x86_64-linux-gnu/libicuuc.so.70.1
2024/11/10 18:07:58 recorder.go:46: 1731262078806030032 Open       /usr/lib/x86_64-linux-gnu/libicuuc.so.70.1
2024/11/10 18:07:58 recorder.go:46: 1731262078806451038 Lookup     /usr/lib/x86_64-linux-gnu/libz.so.1
2024/11/10 18:07:58 recorder.go:46: 1731262078806502566 Lookup     /usr/lib/x86_64-linux-gnu/libz.so.1.2.11
2024/11/10 18:07:58 recorder.go:46: 1731262078806571488 Open       /usr/lib/x86_64-linux-gnu/libz.so.1.2.11
2024/11/10 18:07:58 recorder.go:46: 1731262078807001991 Lookup     /usr/lib/x86_64-linux-gnu/liblzma.so.5
2024/11/10 18:07:58 recorder.go:46: 1731262078807044823 Lookup     /usr/lib/x86_64-linux-gnu/liblzma.so.5.2.5
2024/11/10 18:07:58 recorder.go:46: 1731262078807124045 Open       /usr/lib/x86_64-linux-gnu/liblzma.so.5.2.5
2024/11/10 18:07:58 recorder.go:46: 1731262078807546041 Lookup     /usr/lib/x86_64-linux-gnu/libicudata.so.70
2024/11/10 18:07:58 recorder.go:46: 1731262078807599123 Lookup     /usr/lib/x86_64-linux-gnu/libicudata.so.70.1
2024/11/10 18:07:58 recorder.go:46: 1731262078807673776 Open       /usr/lib/x86_64-linux-gnu/libicudata.so.70.1
2024/11/10 18:07:58 recorder.go:46: 1731262078809889723 Open       /usr/lib/x86_64-linux-gnu/hwloc/hwloc_gl.so
2024/11/10 18:07:58 recorder.go:46: 1731262078810219825 Open       /etc/ld.so.cache
2024/11/10 18:07:58 recorder.go:46: 1731262078810436659 Lookup     /usr/lib/x86_64-linux-gnu/libXNVCtrl.so.0
2024/11/10 18:07:58 recorder.go:46: 1731262078810509388 Lookup     /usr/lib/x86_64-linux-gnu/libXNVCtrl.so.0.0.0
2024/11/10 18:07:58 recorder.go:46: 1731262078810576727 Open       /usr/lib/x86_64-linux-gnu/libXNVCtrl.so.0.0.0
2024/11/10 18:07:58 recorder.go:46: 1731262078810880288 Lookup     /usr/lib/x86_64-linux-gnu/libX11.so.6
2024/11/10 18:07:58 recorder.go:46: 1731262078810921066 Lookup     /usr/lib/x86_64-linux-gnu/libX11.so.6.4.0
2024/11/10 18:07:58 recorder.go:46: 1731262078810984397 Open       /usr/lib/x86_64-linux-gnu/libX11.so.6.4.0
2024/11/10 18:07:58 recorder.go:46: 1731262078811471729 Lookup     /usr/lib/x86_64-linux-gnu/libXext.so.6
2024/11/10 18:07:58 recorder.go:46: 1731262078811518969 Lookup     /usr/lib/x86_64-linux-gnu/libXext.so.6.4.0
2024/11/10 18:07:58 recorder.go:46: 1731262078811585075 Open       /usr/lib/x86_64-linux-gnu/libXext.so.6.4.0
2024/11/10 18:07:58 recorder.go:46: 1731262078811883175 Lookup     /usr/lib/x86_64-linux-gnu/libxcb.so.1
2024/11/10 18:07:58 recorder.go:46: 1731262078811920457 Lookup     /usr/lib/x86_64-linux-gnu/libxcb.so.1.1.0
2024/11/10 18:07:58 recorder.go:46: 1731262078811978327 Open       /usr/lib/x86_64-linux-gnu/libxcb.so.1.1.0
2024/11/10 18:07:58 recorder.go:46: 1731262078812371209 Lookup     /usr/lib/x86_64-linux-gnu/libXau.so.6
2024/11/10 18:07:58 recorder.go:46: 1731262078812409001 Lookup     /usr/lib/x86_64-linux-gnu/libXau.so.6.0.0
2024/11/10 18:07:58 recorder.go:46: 1731262078812467914 Open       /usr/lib/x86_64-linux-gnu/libXau.so.6.0.0
2024/11/10 18:07:58 recorder.go:46: 1731262078812743931 Lookup     /usr/lib/x86_64-linux-gnu/libXdmcp.so.6
2024/11/10 18:07:58 recorder.go:46: 1731262078812803305 Lookup     /usr/lib/x86_64-linux-gnu/libXdmcp.so.6.0.0
2024/11/10 18:07:58 recorder.go:46: 1731262078812870273 Open       /usr/lib/x86_64-linux-gnu/libXdmcp.so.6.0.0
2024/11/10 18:07:58 recorder.go:46: 1731262078813162592 Lookup     /usr/lib/x86_64-linux-gnu/libbsd.so.0
2024/11/10 18:07:58 recorder.go:46: 1731262078813211546 Lookup     /usr/lib/x86_64-linux-gnu/libbsd.so.0.11.5
2024/11/10 18:07:58 recorder.go:46: 1731262078813273684 Open       /usr/lib/x86_64-linux-gnu/libbsd.so.0.11.5
2024/11/10 18:07:58 recorder.go:46: 1731262078813682586 Lookup     /usr/lib/x86_64-linux-gnu/libmd.so.0
2024/11/10 18:07:58 recorder.go:46: 1731262078813750146 Lookup     /usr/lib/x86_64-linux-gnu/libmd.so.0.0.5
2024/11/10 18:07:58 recorder.go:46: 1731262078813822494 Open       /usr/lib/x86_64-linux-gnu/libmd.so.0.0.5
2024/11/10 18:07:58 recorder.go:46: 1731262078814624718 Open       /usr/lib/x86_64-linux-gnu/hwloc/hwloc_pci.so
2024/11/10 18:07:58 recorder.go:46: 1731262078814990347 Open       /etc/ld.so.cache
2024/11/10 18:07:58 recorder.go:46: 1731262078815187685 Lookup     /usr/lib/x86_64-linux-gnu/libpciaccess.so.0
2024/11/10 18:07:58 recorder.go:46: 1731262078815230276 Lookup     /usr/lib/x86_64-linux-gnu/libpciaccess.so.0.11.1
2024/11/10 18:07:58 recorder.go:46: 1731262078815299629 Open       /usr/lib/x86_64-linux-gnu/libpciaccess.so.0.11.1
2024/11/10 18:07:59 recorder.go:46: 1731262079156429992 Lookup     /run
2024/11/10 18:07:59 recorder.go:46: 1731262079162552360 Lookup     /var
2024/11/10 18:07:59 recorder.go:46: 1731262079162672800 Lookup     /var/run
2024/11/10 18:07:59 recorder.go:46: 1731262079163785919 Lookup     /etc/gai.conf
2024/11/10 18:07:59 recorder.go:46: 1731262079163827849 Open       /etc/gai.conf
2024/11/10 18:07:59 recorder.go:46: 1731262079171176963 Lookup     /usr/share
2024/11/10 18:07:59 recorder.go:46: 1731262079179298874 Lookup     /usr/share/misc
2024/11/10 18:07:59 recorder.go:46: 1731262079197012147 Open       /etc/ld.so.cache
2024/11/10 18:07:59 recorder.go:46: 1731262079205586925 Open       /etc/ld.so.cache
2024/11/10 18:07:59 recorder.go:46: 1731262079206516863 Open       /etc/ld.so.cache
2024/11/10 18:07:59 recorder.go:46: 1731262079207541192 Open       /etc/ld.so.cache
2024/11/10 18:07:59 recorder.go:46: 1731262079208185764 Open       /etc/ld.so.cache
2024/11/10 18:07:59 recorder.go:46: 1731262079208739874 Open       /etc/ld.so.cache
2024/11/10 18:07:59 recorder.go:46: 1731262079209326847 Open       /etc/ld.so.cache
2024/11/10 18:07:59 recorder.go:46: 1731262079209907747 Open       /etc/ld.so.cache
2024/11/10 18:07:59 recorder.go:46: 1731262079210440706 Open       /etc/ld.so.cache
2024/11/10 18:07:59 recorder.go:46: 1731262079210978295 Open       /etc/ld.so.cache
2024/11/10 18:07:59 recorder.go:46: 1731262079211523357 Open       /etc/ld.so.cache
2024/11/10 18:07:59 recorder.go:46: 1731262079212062087 Open       /etc/ld.so.cache
2024/11/10 18:07:59 recorder.go:46: 1731262079212742989 Open       /etc/ld.so.cache
2024/11/10 18:07:59 recorder.go:46: 1731262079213560613 Open       /etc/ld.so.cache
2024/11/10 18:07:59 recorder.go:46: 1731262079214091498 Open       /etc/ld.so.cache
2024/11/10 18:07:59 recorder.go:46: 1731262079214628325 Open       /etc/ld.so.cache
2024/11/10 18:07:59 recorder.go:46: 1731262079215380713 Open       /etc/ld.so.cache
2024/11/10 18:07:59 recorder.go:46: 1731262079229568986 Lookup     /opt/lammps/examples/reax/HNS/in.reaxc.hns
2024/11/10 18:07:59 recorder.go:46: 1731262079229644710 Open       /opt/lammps/examples/reax/HNS/in.reaxc.hns
2024/11/10 18:07:59 recorder.go:46: 1731262079233712830 Lookup     /opt/lammps/examples/reax/HNS/data.hns-equil
2024/11/10 18:07:59 recorder.go:46: 1731262079233802191 Open       /opt/lammps/examples/reax/HNS/data.hns-equil
2024/11/10 18:07:59 recorder.go:46: 1731262079236368178 Lookup     /opt/lammps/examples/reax/HNS/ffield.reax.hns
2024/11/10 18:07:59 recorder.go:46: 1731262079236443161 Open       /opt/lammps/examples/reax/HNS/ffield.reax.hns
