2024/11/10 18:04:00 recorder.go:46: 1731261840330170544 Lookup     /etc
2024/11/10 18:04:00 recorder.go:46: 1731261840330457964 Lookup     /etc/host.conf
2024/11/10 18:04:00 recorder.go:46: 1731261840330562865 Lookup     /etc/hosts
2024/11/10 18:04:00 recorder.go:46: 1731261840330637528 Lookup     /etc/nsswitch.conf
2024/11/10 18:04:00 recorder.go:46: 1731261840330667696 Lookup     /etc/resolv.conf
2024/11/10 18:04:00 recorder.go:46: 1731261840330692713 Lookup     /dev
2024/11/10 18:04:00 recorder.go:46: 1731261840330719685 Lookup     /sys
2024/11/10 18:04:00 recorder.go:46: 1731261840330745464 Lookup     /proc
2024/11/10 18:04:00 recorder.go:46: 1731261840330768559 Lookup     /tmp
2024/11/10 18:04:00 recorder.go:46: 1731261840330789459 Lookup     /root
2024/11/10 18:04:00 recorder.go:46: 1731261840330830187 Lookup     /opt
2024/11/10 18:04:00 recorder.go:46: 1731261840330850676 Lookup     /opt/lammps
2024/11/10 18:04:00 recorder.go:46: 1731261840330871476 Lookup     /opt/lammps/examples
2024/11/10 18:04:00 recorder.go:46: 1731261840330899960 Lookup     /opt/lammps/examples/reax
2024/11/10 18:04:00 recorder.go:46: 1731261840330925349 Lookup     /opt/lammps/examples/reax/HNS
2024/11/10 18:04:00 recorder.go:46: 1731261840331129650 Lookup     /usr
2024/11/10 18:04:00 recorder.go:46: 1731261840331151461 Lookup     /usr/local
2024/11/10 18:04:00 recorder.go:46: 1731261840331171149 Lookup     /usr/local/sbin
2024/11/10 18:04:00 recorder.go:46: 1731261840331248437 Lookup     /usr/local/bin
2024/11/10 18:04:00 recorder.go:46: 1731261840331321998 Lookup     /usr/sbin
2024/11/10 18:04:00 recorder.go:46: 1731261840331417140 Lookup     /usr/bin
2024/11/10 18:04:00 recorder.go:46: 1731261840331459832 Lookup     /usr/bin/lmp
2024/11/10 18:04:00 recorder.go:46: 1731261840331792368 Open       /usr/bin/lmp
2024/11/10 18:04:00 recorder.go:46: 1731261840332293056 Open       /usr/bin/lmp
2024/11/10 18:04:00 recorder.go:46: 1731261840332414539 Lookup     /lib64
2024/11/10 18:04:00 recorder.go:46: 1731261840332481978 Lookup     /usr/lib64
2024/11/10 18:04:00 recorder.go:46: 1731261840332608790 Lookup     /usr/lib64/ld-linux-x86-64.so.2
2024/11/10 18:04:00 recorder.go:46: 1731261840332692721 Lookup     /lib
2024/11/10 18:04:00 recorder.go:46: 1731261840332728570 Lookup     /usr/lib
2024/11/10 18:04:00 recorder.go:46: 1731261840332817780 Lookup     /usr/lib/x86_64-linux-gnu
2024/11/10 18:04:00 recorder.go:46: 1731261840332846876 Lookup     /usr/lib/x86_64-linux-gnu/ld-linux-x86-64.so.2
2024/11/10 18:04:00 recorder.go:46: 1731261840332970413 Open       /usr/lib/x86_64-linux-gnu/ld-linux-x86-64.so.2
2024/11/10 18:04:00 recorder.go:46: 1731261840333767779 Open       /usr/bin/lmp
2024/11/10 18:04:00 recorder.go:46: 1731261840334571306 Open       /usr/lib/x86_64-linux-gnu/ld-linux-x86-64.so.2
2024/11/10 18:04:00 recorder.go:46: 1731261840336144307 Lookup     /etc/ld.so.cache
2024/11/10 18:04:00 recorder.go:46: 1731261840336182259 Open       /etc/ld.so.cache
2024/11/10 18:04:00 recorder.go:46: 1731261840336447778 Lookup     /usr/lib/x86_64-linux-gnu/libmpich.so.12
2024/11/10 18:04:00 recorder.go:46: 1731261840336526779 Lookup     /usr/lib/x86_64-linux-gnu/libmpich.so.12.2.0
2024/11/10 18:04:00 recorder.go:46: 1731261840336611691 Open       /usr/lib/x86_64-linux-gnu/libmpich.so.12.2.0
2024/11/10 18:04:00 recorder.go:46: 1731261840337238230 Lookup     /usr/lib/x86_64-linux-gnu/libstdc++.so.6
2024/11/10 18:04:00 recorder.go:46: 1731261840337286753 Lookup     /usr/lib/x86_64-linux-gnu/libstdc++.so.6.0.30
2024/11/10 18:04:00 recorder.go:46: 1731261840337353321 Open       /usr/lib/x86_64-linux-gnu/libstdc++.so.6.0.30
2024/11/10 18:04:00 recorder.go:46: 1731261840337864479 Lookup     /usr/lib/x86_64-linux-gnu/libm.so.6
2024/11/10 18:04:00 recorder.go:46: 1731261840337897602 Open       /usr/lib/x86_64-linux-gnu/libm.so.6
2024/11/10 18:04:00 recorder.go:46: 1731261840338330090 Lookup     /usr/lib/x86_64-linux-gnu/libgcc_s.so.1
2024/11/10 18:04:00 recorder.go:46: 1731261840338358815 Open       /usr/lib/x86_64-linux-gnu/libgcc_s.so.1
2024/11/10 18:04:00 recorder.go:46: 1731261840338673257 Lookup     /usr/lib/x86_64-linux-gnu/libc.so.6
2024/11/10 18:04:00 recorder.go:46: 1731261840338736698 Open       /usr/lib/x86_64-linux-gnu/libc.so.6
2024/11/10 18:04:00 recorder.go:46: 1731261840339350463 Lookup     /usr/lib/x86_64-linux-gnu/libhwloc.so.15
2024/11/10 18:04:00 recorder.go:46: 1731261840339403124 Lookup     /usr/lib/x86_64-linux-gnu/libhwloc.so.15.5.2
2024/11/10 18:04:00 recorder.go:46: 1731261840339468829 Open       /usr/lib/x86_64-linux-gnu/libhwloc.so.15.5.2
2024/11/10 18:04:00 recorder.go:46: 1731261840339973706 Lookup     /usr/lib/x86_64-linux-gnu/libfabric.so.1
2024/11/10 18:04:00 recorder.go:46: 1731261840340022669 Lookup     /usr/lib/x86_64-linux-gnu/libfabric.so.1.14.0
2024/11/10 18:04:00 recorder.go:46: 1731261840340095719 Open       /usr/lib/x86_64-linux-gnu/libfabric.so.1.14.0
2024/11/10 18:04:00 recorder.go:46: 1731261840340464705 Lookup     /usr/lib/x86_64-linux-gnu/libudev.so.1
2024/11/10 18:04:00 recorder.go:46: 1731261840340528908 Lookup     /usr/lib/x86_64-linux-gnu/libudev.so.1.7.2
2024/11/10 18:04:00 recorder.go:46: 1731261840340602379 Open       /usr/lib/x86_64-linux-gnu/libudev.so.1.7.2
2024/11/10 18:04:00 recorder.go:46: 1731261840341031540 Lookup     /usr/lib/x86_64-linux-gnu/librdmacm.so.1
2024/11/10 18:04:00 recorder.go:46: 1731261840341070014 Lookup     /usr/lib/x86_64-linux-gnu/librdmacm.so.1.3.39.0
2024/11/10 18:04:00 recorder.go:46: 1731261840341137453 Open       /usr/lib/x86_64-linux-gnu/librdmacm.so.1.3.39.0
2024/11/10 18:04:00 recorder.go:46: 1731261840341470109 Lookup     /usr/lib/x86_64-linux-gnu/libefa.so.1
2024/11/10 18:04:00 recorder.go:46: 1731261840341517781 Lookup     /usr/lib/x86_64-linux-gnu/libefa.so.1.1.39.0
2024/11/10 18:04:00 recorder.go:46: 1731261840341581232 Open       /usr/lib/x86_64-linux-gnu/libefa.so.1.1.39.0
2024/11/10 18:04:00 recorder.go:46: 1731261840341890995 Lookup     /usr/lib/x86_64-linux-gnu/libibverbs.so.1
2024/11/10 18:04:00 recorder.go:46: 1731261840341923768 Lookup     /usr/lib/x86_64-linux-gnu/libibverbs.so.1.14.39.0
2024/11/10 18:04:00 recorder.go:46: 1731261840341981809 Open       /usr/lib/x86_64-linux-gnu/libibverbs.so.1.14.39.0
2024/11/10 18:04:00 recorder.go:46: 1731261840342289528 Lookup     /usr/lib/x86_64-linux-gnu/libpsm_infinipath.so.1
2024/11/10 18:04:00 recorder.go:46: 1731261840342385732 Lookup     /etc/alternatives
2024/11/10 18:04:00 recorder.go:46: 1731261840342411160 Lookup     /etc/alternatives/libpsm_infinipath.so.1
2024/11/10 18:04:00 recorder.go:46: 1731261840342476826 Lookup     /usr/lib/libpsm1
2024/11/10 18:04:00 recorder.go:46: 1731261840342511012 Lookup     /usr/lib/libpsm1/libpsm_infinipath.so.1.16
2024/11/10 18:04:00 recorder.go:46: 1731261840342549555 Open       /usr/lib/libpsm1/libpsm_infinipath.so.1.16
2024/11/10 18:04:00 recorder.go:46: 1731261840343074430 Lookup     /usr/lib/x86_64-linux-gnu/libpsm2.so.2
2024/11/10 18:04:00 recorder.go:46: 1731261840343110980 Lookup     /usr/lib/x86_64-linux-gnu/libpsm2.so.2.2
2024/11/10 18:04:00 recorder.go:46: 1731261840343172247 Open       /usr/lib/x86_64-linux-gnu/libpsm2.so.2.2
2024/11/10 18:04:00 recorder.go:46: 1731261840343582222 Lookup     /usr/lib/x86_64-linux-gnu/libnl-3.so.200
2024/11/10 18:04:00 recorder.go:46: 1731261840343622238 Lookup     /usr/lib/x86_64-linux-gnu/libnl-3.so.200.26.0
2024/11/10 18:04:00 recorder.go:46: 1731261840343722440 Open       /usr/lib/x86_64-linux-gnu/libnl-3.so.200.26.0
2024/11/10 18:04:00 recorder.go:46: 1731261840344173814 Lookup     /usr/lib/x86_64-linux-gnu/libnl-route-3.so.200
2024/11/10 18:04:00 recorder.go:46: 1731261840344228689 Lookup     /usr/lib/x86_64-linux-gnu/libnl-route-3.so.200.26.0
2024/11/10 18:04:00 recorder.go:46: 1731261840344302099 Open       /usr/lib/x86_64-linux-gnu/libnl-route-3.so.200.26.0
2024/11/10 18:04:00 recorder.go:46: 1731261840345681920 Lookup     /usr/lib/x86_64-linux-gnu/libinfinipath.so.4
2024/11/10 18:04:00 recorder.go:46: 1731261840345758386 Lookup     /usr/lib/x86_64-linux-gnu/libinfinipath.so.4.0
2024/11/10 18:04:00 recorder.go:46: 1731261840345825074 Open       /usr/lib/x86_64-linux-gnu/libinfinipath.so.4.0
2024/11/10 18:04:00 recorder.go:46: 1731261840346168702 Lookup     /usr/lib/x86_64-linux-gnu/librt.so.1
2024/11/10 18:04:00 recorder.go:46: 1731261840346197477 Open       /usr/lib/x86_64-linux-gnu/librt.so.1
2024/11/10 18:04:00 recorder.go:46: 1731261840346446053 Lookup     /usr/lib/x86_64-linux-gnu/libpthread.so.0
2024/11/10 18:04:00 recorder.go:46: 1731261840346472363 Open       /usr/lib/x86_64-linux-gnu/libpthread.so.0
2024/11/10 18:04:00 recorder.go:46: 1731261840346739133 Lookup     /usr/lib/x86_64-linux-gnu/libdl.so.2
2024/11/10 18:04:00 recorder.go:46: 1731261840346772347 Open       /usr/lib/x86_64-linux-gnu/libdl.so.2
2024/11/10 18:04:00 recorder.go:46: 1731261840347016414 Lookup     /usr/lib/x86_64-linux-gnu/libuuid.so.1
2024/11/10 18:04:00 recorder.go:46: 1731261840347050860 Lookup     /usr/lib/x86_64-linux-gnu/libuuid.so.1.3.0
2024/11/10 18:04:00 recorder.go:46: 1731261840347105254 Open       /usr/lib/x86_64-linux-gnu/libuuid.so.1.3.0
2024/11/10 18:04:00 recorder.go:46: 1731261840347372395 Lookup     /usr/lib/x86_64-linux-gnu/libnuma.so.1
2024/11/10 18:04:00 recorder.go:46: 1731261840347405038 Lookup     /usr/lib/x86_64-linux-gnu/libnuma.so.1.0.0
2024/11/10 18:04:00 recorder.go:46: 1731261840347458280 Open       /usr/lib/x86_64-linux-gnu/libnuma.so.1.0.0
2024/11/10 18:04:00 recorder.go:46: 1731261840572866100 Lookup     /usr/lib/x86_64-linux-gnu/hwloc
2024/11/10 18:04:00 recorder.go:46: 1731261840573278900 Lookup     /usr/lib/x86_64-linux-gnu/hwloc/hwloc_opencl.so
2024/11/10 18:04:00 recorder.go:46: 1731261840573318205 Lookup     /usr/lib/x86_64-linux-gnu/hwloc/hwloc_xml_libxml.so
2024/11/10 18:04:00 recorder.go:46: 1731261840573343053 Lookup     /usr/lib/x86_64-linux-gnu/hwloc/hwloc_gl.so
2024/11/10 18:04:00 recorder.go:46: 1731261840573368000 Lookup     /usr/lib/x86_64-linux-gnu/hwloc/hwloc_pci.so
2024/11/10 18:04:00 recorder.go:46: 1731261840573627186 Open       /usr/lib/x86_64-linux-gnu/hwloc/hwloc_opencl.so
2024/11/10 18:04:00 recorder.go:46: 1731261840574117364 Open       /etc/ld.so.cache
2024/11/10 18:04:00 recorder.go:46: 1731261840574384466 Lookup     /usr/lib/x86_64-linux-gnu/libOpenCL.so.1
2024/11/10 18:04:00 recorder.go:46: 1731261840574443930 Lookup     /usr/lib/x86_64-linux-gnu/libOpenCL.so.1.0.0
2024/11/10 18:04:00 recorder.go:46: 1731261840574554241 Open       /usr/lib/x86_64-linux-gnu/libOpenCL.so.1.0.0
2024/11/10 18:04:00 recorder.go:46: 1731261840575332500 Open       /usr/lib/x86_64-linux-gnu/hwloc/hwloc_xml_libxml.so
2024/11/10 18:04:00 recorder.go:46: 1731261840575816817 Open       /etc/ld.so.cache
2024/11/10 18:04:00 recorder.go:46: 1731261840576059832 Lookup     /usr/lib/x86_64-linux-gnu/libxml2.so.2
2024/11/10 18:04:00 recorder.go:46: 1731261840576109026 Lookup     /usr/lib/x86_64-linux-gnu/libxml2.so.2.9.13
2024/11/10 18:04:00 recorder.go:46: 1731261840576174992 Open       /usr/lib/x86_64-linux-gnu/libxml2.so.2.9.13
2024/11/10 18:04:00 recorder.go:46: 1731261840576631346 Lookup     /usr/lib/x86_64-linux-gnu/libicuuc.so.70
2024/11/10 18:04:00 recorder.go:46: 1731261840576673096 Lookup     /usr/lib/x86_64-linux-gnu/libicuuc.so.70.1
2024/11/10 18:04:00 recorder.go:46: 1731261840576735766 Open       /usr/lib/x86_64-linux-gnu/libicuuc.so.70.1
2024/11/10 18:04:00 recorder.go:46: 1731261840577184575 Lookup     /usr/lib/x86_64-linux-gnu/libz.so.1
2024/11/10 18:04:00 recorder.go:46: 1731261840577226274 Lookup     /usr/lib/x86_64-linux-gnu/libz.so.1.2.11
2024/11/10 18:04:00 recorder.go:46: 1731261840577287722 Open       /usr/lib/x86_64-linux-gnu/libz.so.1.2.11
2024/11/10 18:04:00 recorder.go:46: 1731261840577652280 Lookup     /usr/lib/x86_64-linux-gnu/liblzma.so.5
2024/11/10 18:04:00 recorder.go:46: 1731261840577701594 Lookup     /usr/lib/x86_64-linux-gnu/liblzma.so.5.2.5
2024/11/10 18:04:00 recorder.go:46: 1731261840577767170 Open       /usr/lib/x86_64-linux-gnu/liblzma.so.5.2.5
2024/11/10 18:04:00 recorder.go:46: 1731261840578142768 Lookup     /usr/lib/x86_64-linux-gnu/libicudata.so.70
2024/11/10 18:04:00 recorder.go:46: 1731261840578179889 Lookup     /usr/lib/x86_64-linux-gnu/libicudata.so.70.1
2024/11/10 18:04:00 recorder.go:46: 1731261840578254232 Open       /usr/lib/x86_64-linux-gnu/libicudata.so.70.1
2024/11/10 18:04:00 recorder.go:46: 1731261840580124451 Open       /usr/lib/x86_64-linux-gnu/hwloc/hwloc_gl.so
2024/11/10 18:04:00 recorder.go:46: 1731261840580482646 Open       /etc/ld.so.cache
2024/11/10 18:04:00 recorder.go:46: 1731261840580710462 Lookup     /usr/lib/x86_64-linux-gnu/libXNVCtrl.so.0
2024/11/10 18:04:00 recorder.go:46: 1731261840580753685 Lookup     /usr/lib/x86_64-linux-gnu/libXNVCtrl.so.0.0.0
2024/11/10 18:04:00 recorder.go:46: 1731261840580815023 Open       /usr/lib/x86_64-linux-gnu/libXNVCtrl.so.0.0.0
2024/11/10 18:04:00 recorder.go:46: 1731261840581129915 Lookup     /usr/lib/x86_64-linux-gnu/libX11.so.6
2024/11/10 18:04:00 recorder.go:46: 1731261840581188748 Lookup     /usr/lib/x86_64-linux-gnu/libX11.so.6.4.0
2024/11/10 18:04:00 recorder.go:46: 1731261840581268140 Open       /usr/lib/x86_64-linux-gnu/libX11.so.6.4.0
2024/11/10 18:04:00 recorder.go:46: 1731261840581791421 Lookup     /usr/lib/x86_64-linux-gnu/libXext.so.6
2024/11/10 18:04:00 recorder.go:46: 1731261840581849242 Lookup     /usr/lib/x86_64-linux-gnu/libXext.so.6.4.0
2024/11/10 18:04:00 recorder.go:46: 1731261840581928353 Open       /usr/lib/x86_64-linux-gnu/libXext.so.6.4.0
2024/11/10 18:04:00 recorder.go:46: 1731261840582298251 Lookup     /usr/lib/x86_64-linux-gnu/libxcb.so.1
2024/11/10 18:04:00 recorder.go:46: 1731261840582352355 Lookup     /usr/lib/x86_64-linux-gnu/libxcb.so.1.1.0
2024/11/10 18:04:00 recorder.go:46: 1731261840582425986 Open       /usr/lib/x86_64-linux-gnu/libxcb.so.1.1.0
2024/11/10 18:04:00 recorder.go:46: 1731261840582870336 Lookup     /usr/lib/x86_64-linux-gnu/libXau.so.6
2024/11/10 18:04:00 recorder.go:46: 1731261840582918578 Lookup     /usr/lib/x86_64-linux-gnu/libXau.so.6.0.0
2024/11/10 18:04:00 recorder.go:46: 1731261840582984204 Open       /usr/lib/x86_64-linux-gnu/libXau.so.6.0.0
2024/11/10 18:04:00 recorder.go:46: 1731261840583379310 Lookup     /usr/lib/x86_64-linux-gnu/libXdmcp.so.6
2024/11/10 18:04:00 recorder.go:46: 1731261840583426641 Lookup     /usr/lib/x86_64-linux-gnu/libXdmcp.so.6.0.0
2024/11/10 18:04:00 recorder.go:46: 1731261840583541430 Open       /usr/lib/x86_64-linux-gnu/libXdmcp.so.6.0.0
2024/11/10 18:04:00 recorder.go:46: 1731261840583938370 Lookup     /usr/lib/x86_64-linux-gnu/libbsd.so.0
2024/11/10 18:04:00 recorder.go:46: 1731261840583986472 Lookup     /usr/lib/x86_64-linux-gnu/libbsd.so.0.11.5
2024/11/10 18:04:00 recorder.go:46: 1731261840584049012 Open       /usr/lib/x86_64-linux-gnu/libbsd.so.0.11.5
2024/11/10 18:04:00 recorder.go:46: 1731261840584420122 Lookup     /usr/lib/x86_64-linux-gnu/libmd.so.0
2024/11/10 18:04:00 recorder.go:46: 1731261840584474306 Lookup     /usr/lib/x86_64-linux-gnu/libmd.so.0.0.5
2024/11/10 18:04:00 recorder.go:46: 1731261840584550401 Open       /usr/lib/x86_64-linux-gnu/libmd.so.0.0.5
2024/11/10 18:04:00 recorder.go:46: 1731261840585408494 Open       /usr/lib/x86_64-linux-gnu/hwloc/hwloc_pci.so
2024/11/10 18:04:00 recorder.go:46: 1731261840585852954 Open       /etc/ld.so.cache
2024/11/10 18:04:00 recorder.go:46: 1731261840586123582 Lookup     /usr/lib/x86_64-linux-gnu/libpciaccess.so.0
2024/11/10 18:04:00 recorder.go:46: 1731261840586173588 Lookup     /usr/lib/x86_64-linux-gnu/libpciaccess.so.0.11.1
2024/11/10 18:04:00 recorder.go:46: 1731261840586264812 Open       /usr/lib/x86_64-linux-gnu/libpciaccess.so.0.11.1
2024/11/10 18:04:00 recorder.go:46: 1731261840917005601 Lookup     /run
2024/11/10 18:04:00 recorder.go:46: 1731261840923486214 Lookup     /var
2024/11/10 18:04:00 recorder.go:46: 1731261840923582438 Lookup     /var/run
2024/11/10 18:04:00 recorder.go:46: 1731261840924630634 Lookup     /etc/gai.conf
2024/11/10 18:04:00 recorder.go:46: 1731261840924679848 Open       /etc/gai.conf
2024/11/10 18:04:00 recorder.go:46: 1731261840932070052 Lookup     /usr/share
2024/11/10 18:04:00 recorder.go:46: 1731261840940207736 Lookup     /usr/share/misc
2024/11/10 18:04:00 recorder.go:46: 1731261840958846667 Open       /etc/ld.so.cache
2024/11/10 18:04:00 recorder.go:46: 1731261840967929610 Open       /etc/ld.so.cache
2024/11/10 18:04:00 recorder.go:46: 1731261840968753297 Open       /etc/ld.so.cache
2024/11/10 18:04:00 recorder.go:46: 1731261840969525995 Open       /etc/ld.so.cache
2024/11/10 18:04:00 recorder.go:46: 1731261840970278836 Open       /etc/ld.so.cache
2024/11/10 18:04:00 recorder.go:46: 1731261840970997842 Open       /etc/ld.so.cache
2024/11/10 18:04:00 recorder.go:46: 1731261840971638719 Open       /etc/ld.so.cache
2024/11/10 18:04:00 recorder.go:46: 1731261840972188952 Open       /etc/ld.so.cache
2024/11/10 18:04:00 recorder.go:46: 1731261840972721431 Open       /etc/ld.so.cache
2024/11/10 18:04:00 recorder.go:46: 1731261840973263298 Open       /etc/ld.so.cache
2024/11/10 18:04:00 recorder.go:46: 1731261840973859619 Open       /etc/ld.so.cache
2024/11/10 18:04:00 recorder.go:46: 1731261840974464998 Open       /etc/ld.so.cache
2024/11/10 18:04:00 recorder.go:46: 1731261840975141062 Open       /etc/ld.so.cache
2024/11/10 18:04:00 recorder.go:46: 1731261840975798590 Open       /etc/ld.so.cache
2024/11/10 18:04:00 recorder.go:46: 1731261840976350607 Open       /etc/ld.so.cache
2024/11/10 18:04:00 recorder.go:46: 1731261840976882615 Open       /etc/ld.so.cache
2024/11/10 18:04:00 recorder.go:46: 1731261840977418370 Open       /etc/ld.so.cache
2024/11/10 18:04:00 recorder.go:46: 1731261840992285563 Lookup     /opt/lammps/examples/reax/HNS/in.reaxc.hns
2024/11/10 18:04:00 recorder.go:46: 1731261840992394692 Open       /opt/lammps/examples/reax/HNS/in.reaxc.hns
2024/11/10 18:04:00 recorder.go:46: 1731261840996217619 Lookup     /opt/lammps/examples/reax/HNS/data.hns-equil
2024/11/10 18:04:00 recorder.go:46: 1731261840996298243 Open       /opt/lammps/examples/reax/HNS/data.hns-equil
2024/11/10 18:04:01 recorder.go:46: 1731261841011465380 Lookup     /opt/lammps/examples/reax/HNS/ffield.reax.hns
2024/11/10 18:04:01 recorder.go:46: 1731261841011540864 Open       /opt/lammps/examples/reax/HNS/ffield.reax.hns
2024/11/10 18:04:18 recorder.go:46: 1731261858744683749 Lookup     /etc
2024/11/10 18:04:18 recorder.go:46: 1731261858744826663 Lookup     /etc/host.conf
2024/11/10 18:04:18 recorder.go:46: 1731261858744905854 Lookup     /etc/hosts
2024/11/10 18:04:18 recorder.go:46: 1731261858744933868 Lookup     /etc/nsswitch.conf
2024/11/10 18:04:18 recorder.go:46: 1731261858744958084 Lookup     /etc/resolv.conf
2024/11/10 18:04:18 recorder.go:46: 1731261858744985066 Lookup     /dev
2024/11/10 18:04:18 recorder.go:46: 1731261858745011446 Lookup     /sys
2024/11/10 18:04:18 recorder.go:46: 1731261858745033378 Lookup     /proc
2024/11/10 18:04:18 recorder.go:46: 1731261858745064488 Lookup     /tmp
2024/11/10 18:04:18 recorder.go:46: 1731261858745083755 Lookup     /root
2024/11/10 18:04:18 recorder.go:46: 1731261858745122840 Lookup     /opt
2024/11/10 18:04:18 recorder.go:46: 1731261858745143209 Lookup     /opt/lammps
2024/11/10 18:04:18 recorder.go:46: 1731261858745165311 Lookup     /opt/lammps/examples
2024/11/10 18:04:18 recorder.go:46: 1731261858745197172 Lookup     /opt/lammps/examples/reax
2024/11/10 18:04:18 recorder.go:46: 1731261858745234563 Lookup     /opt/lammps/examples/reax/HNS
2024/11/10 18:04:18 recorder.go:46: 1731261858745354583 Lookup     /usr
2024/11/10 18:04:18 recorder.go:46: 1731261858745378900 Lookup     /usr/local
2024/11/10 18:04:18 recorder.go:46: 1731261858745398587 Lookup     /usr/local/sbin
2024/11/10 18:04:18 recorder.go:46: 1731261858745475324 Lookup     /usr/local/bin
2024/11/10 18:04:18 recorder.go:46: 1731261858745676609 Lookup     /usr/sbin
2024/11/10 18:04:18 recorder.go:46: 1731261858745768405 Lookup     /usr/bin
2024/11/10 18:04:18 recorder.go:46: 1731261858745814884 Lookup     /usr/bin/lmp
2024/11/10 18:04:18 recorder.go:46: 1731261858746213577 Open       /usr/bin/lmp
2024/11/10 18:04:18 recorder.go:46: 1731261858746372471 Open       /usr/bin/lmp
2024/11/10 18:04:18 recorder.go:46: 1731261858746458726 Lookup     /lib64
2024/11/10 18:04:18 recorder.go:46: 1731261858746540302 Lookup     /usr/lib64
2024/11/10 18:04:18 recorder.go:46: 1731261858746697593 Lookup     /usr/lib64/ld-linux-x86-64.so.2
2024/11/10 18:04:18 recorder.go:46: 1731261858746770954 Lookup     /lib
2024/11/10 18:04:18 recorder.go:46: 1731261858746799558 Lookup     /usr/lib
2024/11/10 18:04:18 recorder.go:46: 1731261858746857609 Lookup     /usr/lib/x86_64-linux-gnu
2024/11/10 18:04:18 recorder.go:46: 1731261858746879461 Lookup     /usr/lib/x86_64-linux-gnu/ld-linux-x86-64.so.2
2024/11/10 18:04:18 recorder.go:46: 1731261858746945427 Open       /usr/lib/x86_64-linux-gnu/ld-linux-x86-64.so.2
2024/11/10 18:04:18 recorder.go:46: 1731261858747619558 Open       /usr/bin/lmp
2024/11/10 18:04:18 recorder.go:46: 1731261858748091911 Open       /usr/lib/x86_64-linux-gnu/ld-linux-x86-64.so.2
2024/11/10 18:04:18 recorder.go:46: 1731261858749043693 Lookup     /etc/ld.so.cache
2024/11/10 18:04:18 recorder.go:46: 1731261858749081094 Open       /etc/ld.so.cache
2024/11/10 18:04:18 recorder.go:46: 1731261858749357283 Lookup     /usr/lib/x86_64-linux-gnu/libmpich.so.12
2024/11/10 18:04:18 recorder.go:46: 1731261858749411046 Lookup     /usr/lib/x86_64-linux-gnu/libmpich.so.12.2.0
2024/11/10 18:04:18 recorder.go:46: 1731261858749480769 Open       /usr/lib/x86_64-linux-gnu/libmpich.so.12.2.0
2024/11/10 18:04:18 recorder.go:46: 1731261858749968503 Lookup     /usr/lib/x86_64-linux-gnu/libstdc++.so.6
2024/11/10 18:04:18 recorder.go:46: 1731261858750030932 Lookup     /usr/lib/x86_64-linux-gnu/libstdc++.so.6.0.30
2024/11/10 18:04:18 recorder.go:46: 1731261858750123189 Open       /usr/lib/x86_64-linux-gnu/libstdc++.so.6.0.30
2024/11/10 18:04:18 recorder.go:46: 1731261858750712617 Lookup     /usr/lib/x86_64-linux-gnu/libm.so.6
2024/11/10 18:04:18 recorder.go:46: 1731261858750755449 Open       /usr/lib/x86_64-linux-gnu/libm.so.6
2024/11/10 18:04:18 recorder.go:46: 1731261858751360116 Lookup     /usr/lib/x86_64-linux-gnu/libgcc_s.so.1
2024/11/10 18:04:18 recorder.go:46: 1731261858751394401 Open       /usr/lib/x86_64-linux-gnu/libgcc_s.so.1
2024/11/10 18:04:18 recorder.go:46: 1731261858751767405 Lookup     /usr/lib/x86_64-linux-gnu/libc.so.6
2024/11/10 18:04:18 recorder.go:46: 1731261858751811570 Open       /usr/lib/x86_64-linux-gnu/libc.so.6
2024/11/10 18:04:18 recorder.go:46: 1731261858752467064 Lookup     /usr/lib/x86_64-linux-gnu/libhwloc.so.15
2024/11/10 18:04:18 recorder.go:46: 1731261858752549321 Lookup     /usr/lib/x86_64-linux-gnu/libhwloc.so.15.5.2
2024/11/10 18:04:18 recorder.go:46: 1731261858752628192 Open       /usr/lib/x86_64-linux-gnu/libhwloc.so.15.5.2
2024/11/10 18:04:18 recorder.go:46: 1731261858753037656 Lookup     /usr/lib/x86_64-linux-gnu/libfabric.so.1
2024/11/10 18:04:18 recorder.go:46: 1731261858753080187 Lookup     /usr/lib/x86_64-linux-gnu/libfabric.so.1.14.0
2024/11/10 18:04:18 recorder.go:46: 1731261858753150312 Open       /usr/lib/x86_64-linux-gnu/libfabric.so.1.14.0
2024/11/10 18:04:18 recorder.go:46: 1731261858753536891 Lookup     /usr/lib/x86_64-linux-gnu/libudev.so.1
2024/11/10 18:04:18 recorder.go:46: 1731261858753581396 Lookup     /usr/lib/x86_64-linux-gnu/libudev.so.1.7.2
2024/11/10 18:04:18 recorder.go:46: 1731261858753648936 Open       /usr/lib/x86_64-linux-gnu/libudev.so.1.7.2
2024/11/10 18:04:18 recorder.go:46: 1731261858754024545 Lookup     /usr/lib/x86_64-linux-gnu/librdmacm.so.1
2024/11/10 18:04:18 recorder.go:46: 1731261858754083297 Lookup     /usr/lib/x86_64-linux-gnu/librdmacm.so.1.3.39.0
2024/11/10 18:04:18 recorder.go:46: 1731261858754155315 Open       /usr/lib/x86_64-linux-gnu/librdmacm.so.1.3.39.0
2024/11/10 18:04:18 recorder.go:46: 1731261858754489454 Lookup     /usr/lib/x86_64-linux-gnu/libefa.so.1
2024/11/10 18:04:18 recorder.go:46: 1731261858754572283 Lookup     /usr/lib/x86_64-linux-gnu/libefa.so.1.1.39.0
2024/11/10 18:04:18 recorder.go:46: 1731261858754644501 Open       /usr/lib/x86_64-linux-gnu/libefa.so.1.1.39.0
2024/11/10 18:04:18 recorder.go:46: 1731261858754939726 Lookup     /usr/lib/x86_64-linux-gnu/libibverbs.so.1
2024/11/10 18:04:18 recorder.go:46: 1731261858754980233 Lookup     /usr/lib/x86_64-linux-gnu/libibverbs.so.1.14.39.0
2024/11/10 18:04:18 recorder.go:46: 1731261858755054075 Open       /usr/lib/x86_64-linux-gnu/libibverbs.so.1.14.39.0
2024/11/10 18:04:18 recorder.go:46: 1731261858755380820 Lookup     /usr/lib/x86_64-linux-gnu/libpsm_infinipath.so.1
2024/11/10 18:04:18 recorder.go:46: 1731261858755499487 Lookup     /etc/alternatives
2024/11/10 18:04:18 recorder.go:46: 1731261858755545495 Lookup     /etc/alternatives/libpsm_infinipath.so.1
2024/11/10 18:04:18 recorder.go:46: 1731261858755623484 Lookup     /usr/lib/libpsm1
2024/11/10 18:04:18 recorder.go:46: 1731261858755657059 Lookup     /usr/lib/libpsm1/libpsm_infinipath.so.1.16
2024/11/10 18:04:18 recorder.go:46: 1731261858755696204 Open       /usr/lib/libpsm1/libpsm_infinipath.so.1.16
2024/11/10 18:04:18 recorder.go:46: 1731261858756319727 Lookup     /usr/lib/x86_64-linux-gnu/libpsm2.so.2
2024/11/10 18:04:18 recorder.go:46: 1731261858756359333 Lookup     /usr/lib/x86_64-linux-gnu/libpsm2.so.2.2
2024/11/10 18:04:18 recorder.go:46: 1731261858756419898 Open       /usr/lib/x86_64-linux-gnu/libpsm2.so.2.2
2024/11/10 18:04:18 recorder.go:46: 1731261858756789947 Lookup     /usr/lib/x86_64-linux-gnu/libnl-3.so.200
2024/11/10 18:04:18 recorder.go:46: 1731261858756825745 Lookup     /usr/lib/x86_64-linux-gnu/libnl-3.so.200.26.0
2024/11/10 18:04:18 recorder.go:46: 1731261858756884127 Open       /usr/lib/x86_64-linux-gnu/libnl-3.so.200.26.0
2024/11/10 18:04:18 recorder.go:46: 1731261858757231742 Lookup     /usr/lib/x86_64-linux-gnu/libnl-route-3.so.200
2024/11/10 18:04:18 recorder.go:46: 1731261858757266839 Lookup     /usr/lib/x86_64-linux-gnu/libnl-route-3.so.200.26.0
2024/11/10 18:04:18 recorder.go:46: 1731261858757332465 Open       /usr/lib/x86_64-linux-gnu/libnl-route-3.so.200.26.0
2024/11/10 18:04:18 recorder.go:46: 1731261858757778298 Lookup     /usr/lib/x86_64-linux-gnu/libinfinipath.so.4
2024/11/10 18:04:18 recorder.go:46: 1731261858757825188 Lookup     /usr/lib/x86_64-linux-gnu/libinfinipath.so.4.0
2024/11/10 18:04:18 recorder.go:46: 1731261858757890593 Open       /usr/lib/x86_64-linux-gnu/libinfinipath.so.4.0
2024/11/10 18:04:18 recorder.go:46: 1731261858758866941 Lookup     /usr/lib/x86_64-linux-gnu/librt.so.1
2024/11/10 18:04:18 recorder.go:46: 1731261858758921917 Open       /usr/lib/x86_64-linux-gnu/librt.so.1
2024/11/10 18:04:18 recorder.go:46: 1731261858759208375 Lookup     /usr/lib/x86_64-linux-gnu/libpthread.so.0
2024/11/10 18:04:18 recorder.go:46: 1731261858759238342 Open       /usr/lib/x86_64-linux-gnu/libpthread.so.0
2024/11/10 18:04:18 recorder.go:46: 1731261858759524219 Lookup     /usr/lib/x86_64-linux-gnu/libdl.so.2
2024/11/10 18:04:18 recorder.go:46: 1731261858759558565 Open       /usr/lib/x86_64-linux-gnu/libdl.so.2
2024/11/10 18:04:18 recorder.go:46: 1731261858759834964 Lookup     /usr/lib/x86_64-linux-gnu/libuuid.so.1
2024/11/10 18:04:18 recorder.go:46: 1731261858759870903 Lookup     /usr/lib/x86_64-linux-gnu/libuuid.so.1.3.0
2024/11/10 18:04:18 recorder.go:46: 1731261858759932951 Open       /usr/lib/x86_64-linux-gnu/libuuid.so.1.3.0
2024/11/10 18:04:18 recorder.go:46: 1731261858760191055 Lookup     /usr/lib/x86_64-linux-gnu/libnuma.so.1
2024/11/10 18:04:18 recorder.go:46: 1731261858760222045 Lookup     /usr/lib/x86_64-linux-gnu/libnuma.so.1.0.0
2024/11/10 18:04:18 recorder.go:46: 1731261858760280987 Open       /usr/lib/x86_64-linux-gnu/libnuma.so.1.0.0
2024/11/10 18:04:18 recorder.go:46: 1731261858970765908 Lookup     /usr/lib/x86_64-linux-gnu/hwloc
2024/11/10 18:04:18 recorder.go:46: 1731261858971025695 Lookup     /usr/lib/x86_64-linux-gnu/hwloc/hwloc_opencl.so
2024/11/10 18:04:18 recorder.go:46: 1731261858971045273 Lookup     /usr/lib/x86_64-linux-gnu/hwloc/hwloc_xml_libxml.so
2024/11/10 18:04:18 recorder.go:46: 1731261858971056053 Lookup     /usr/lib/x86_64-linux-gnu/hwloc/hwloc_gl.so
2024/11/10 18:04:18 recorder.go:46: 1731261858971067004 Lookup     /usr/lib/x86_64-linux-gnu/hwloc/hwloc_pci.so
2024/11/10 18:04:18 recorder.go:46: 1731261858971238983 Open       /usr/lib/x86_64-linux-gnu/hwloc/hwloc_opencl.so
2024/11/10 18:04:18 recorder.go:46: 1731261858971560699 Open       /etc/ld.so.cache
2024/11/10 18:04:18 recorder.go:46: 1731261858971790188 Lookup     /usr/lib/x86_64-linux-gnu/libOpenCL.so.1
2024/11/10 18:04:18 recorder.go:46: 1731261858971827800 Lookup     /usr/lib/x86_64-linux-gnu/libOpenCL.so.1.0.0
2024/11/10 18:04:18 recorder.go:46: 1731261858971892935 Open       /usr/lib/x86_64-linux-gnu/libOpenCL.so.1.0.0
2024/11/10 18:04:18 recorder.go:46: 1731261858972391308 Open       /usr/lib/x86_64-linux-gnu/hwloc/hwloc_xml_libxml.so
2024/11/10 18:04:18 recorder.go:46: 1731261858972725117 Open       /etc/ld.so.cache
2024/11/10 18:04:18 recorder.go:46: 1731261858972919770 Lookup     /usr/lib/x86_64-linux-gnu/libxml2.so.2
2024/11/10 18:04:18 recorder.go:46: 1731261858972959005 Lookup     /usr/lib/x86_64-linux-gnu/libxml2.so.2.9.13
2024/11/10 18:04:18 recorder.go:46: 1731261858973031624 Open       /usr/lib/x86_64-linux-gnu/libxml2.so.2.9.13
2024/11/10 18:04:18 recorder.go:46: 1731261858973486344 Lookup     /usr/lib/x86_64-linux-gnu/libicuuc.so.70
2024/11/10 18:04:18 recorder.go:46: 1731261858973539957 Lookup     /usr/lib/x86_64-linux-gnu/libicuuc.so.70.1
2024/11/10 18:04:18 recorder.go:46: 1731261858973605562 Open       /usr/lib/x86_64-linux-gnu/libicuuc.so.70.1
2024/11/10 18:04:18 recorder.go:46: 1731261858974028001 Lookup     /usr/lib/x86_64-linux-gnu/libz.so.1
2024/11/10 18:04:18 recorder.go:46: 1731261858974063799 Lookup     /usr/lib/x86_64-linux-gnu/libz.so.1.2.11
2024/11/10 18:04:18 recorder.go:46: 1731261858974128202 Open       /usr/lib/x86_64-linux-gnu/libz.so.1.2.11
2024/11/10 18:04:18 recorder.go:46: 1731261858974466279 Lookup     /usr/lib/x86_64-linux-gnu/liblzma.so.5
2024/11/10 18:04:18 recorder.go:46: 1731261858974515704 Lookup     /usr/lib/x86_64-linux-gnu/liblzma.so.5.2.5
2024/11/10 18:04:18 recorder.go:46: 1731261858974581209 Open       /usr/lib/x86_64-linux-gnu/liblzma.so.5.2.5
2024/11/10 18:04:18 recorder.go:46: 1731261858974930999 Lookup     /usr/lib/x86_64-linux-gnu/libicudata.so.70
2024/11/10 18:04:18 recorder.go:46: 1731261858974973480 Lookup     /usr/lib/x86_64-linux-gnu/libicudata.so.70.1
2024/11/10 18:04:18 recorder.go:46: 1731261858975037392 Open       /usr/lib/x86_64-linux-gnu/libicudata.so.70.1
2024/11/10 18:04:18 recorder.go:46: 1731261858976308745 Open       /usr/lib/x86_64-linux-gnu/hwloc/hwloc_gl.so
2024/11/10 18:04:18 recorder.go:46: 1731261858976546691 Open       /etc/ld.so.cache
2024/11/10 18:04:18 recorder.go:46: 1731261858976751553 Lookup     /usr/lib/x86_64-linux-gnu/libXNVCtrl.so.0
2024/11/10 18:04:18 recorder.go:46: 1731261858976794986 Lookup     /usr/lib/x86_64-linux-gnu/libXNVCtrl.so.0.0.0
2024/11/10 18:04:18 recorder.go:46: 1731261858976857315 Open       /usr/lib/x86_64-linux-gnu/libXNVCtrl.so.0.0.0
2024/11/10 18:04:18 recorder.go:46: 1731261858977142411 Lookup     /usr/lib/x86_64-linux-gnu/libX11.so.6
2024/11/10 18:04:18 recorder.go:46: 1731261858977179421 Lookup     /usr/lib/x86_64-linux-gnu/libX11.so.6.4.0
2024/11/10 18:04:18 recorder.go:46: 1731261858977240759 Open       /usr/lib/x86_64-linux-gnu/libX11.so.6.4.0
2024/11/10 18:04:18 recorder.go:46: 1731261858977917283 Lookup     /usr/lib/x86_64-linux-gnu/libXext.so.6
2024/11/10 18:04:18 recorder.go:46: 1731261858977973461 Lookup     /usr/lib/x86_64-linux-gnu/libXext.so.6.4.0
2024/11/10 18:04:18 recorder.go:46: 1731261858978052572 Open       /usr/lib/x86_64-linux-gnu/libXext.so.6.4.0
2024/11/10 18:04:18 recorder.go:46: 1731261858978414485 Lookup     /usr/lib/x86_64-linux-gnu/libxcb.so.1
2024/11/10 18:04:18 recorder.go:46: 1731261858978450253 Lookup     /usr/lib/x86_64-linux-gnu/libxcb.so.1.1.0
2024/11/10 18:04:18 recorder.go:46: 1731261858978514336 Open       /usr/lib/x86_64-linux-gnu/libxcb.so.1.1.0
2024/11/10 18:04:18 recorder.go:46: 1731261858978889995 Lookup     /usr/lib/x86_64-linux-gnu/libXau.so.6
2024/11/10 18:04:18 recorder.go:46: 1731261858978933688 Lookup     /usr/lib/x86_64-linux-gnu/libXau.so.6.0.0
2024/11/10 18:04:18 recorder.go:46: 1731261858978992741 Open       /usr/lib/x86_64-linux-gnu/libXau.so.6.0.0
2024/11/10 18:04:18 recorder.go:46: 1731261858979279250 Lookup     /usr/lib/x86_64-linux-gnu/libXdmcp.so.6
2024/11/10 18:04:18 recorder.go:46: 1731261858979318655 Lookup     /usr/lib/x86_64-linux-gnu/libXdmcp.so.6.0.0
2024/11/10 18:04:18 recorder.go:46: 1731261858979376135 Open       /usr/lib/x86_64-linux-gnu/libXdmcp.so.6.0.0
2024/11/10 18:04:18 recorder.go:46: 1731261858979669827 Lookup     /usr/lib/x86_64-linux-gnu/libbsd.so.0
2024/11/10 18:04:18 recorder.go:46: 1731261858979703321 Lookup     /usr/lib/x86_64-linux-gnu/libbsd.so.0.11.5
2024/11/10 18:04:18 recorder.go:46: 1731261858979762535 Open       /usr/lib/x86_64-linux-gnu/libbsd.so.0.11.5
2024/11/10 18:04:18 recorder.go:46: 1731261858980207857 Lookup     /usr/lib/x86_64-linux-gnu/libmd.so.0
2024/11/10 18:04:18 recorder.go:46: 1731261858980245619 Lookup     /usr/lib/x86_64-linux-gnu/libmd.so.0.0.5
2024/11/10 18:04:18 recorder.go:46: 1731261858980308189 Open       /usr/lib/x86_64-linux-gnu/libmd.so.0.0.5
2024/11/10 18:04:18 recorder.go:46: 1731261858981151062 Open       /usr/lib/x86_64-linux-gnu/hwloc/hwloc_pci.so
2024/11/10 18:04:18 recorder.go:46: 1731261858981428833 Open       /etc/ld.so.cache
2024/11/10 18:04:18 recorder.go:46: 1731261858981698790 Lookup     /usr/lib/x86_64-linux-gnu/libpciaccess.so.0
2024/11/10 18:04:18 recorder.go:46: 1731261858981748896 Lookup     /usr/lib/x86_64-linux-gnu/libpciaccess.so.0.11.1
2024/11/10 18:04:18 recorder.go:46: 1731261858981833748 Open       /usr/lib/x86_64-linux-gnu/libpciaccess.so.0.11.1
2024/11/10 18:04:19 recorder.go:46: 1731261859284137288 Lookup     /run
2024/11/10 18:04:19 recorder.go:46: 1731261859289934162 Lookup     /var
2024/11/10 18:04:19 recorder.go:46: 1731261859289992844 Lookup     /var/run
2024/11/10 18:04:19 recorder.go:46: 1731261859291107507 Lookup     /etc/gai.conf
2024/11/10 18:04:19 recorder.go:46: 1731261859291160859 Open       /etc/gai.conf
2024/11/10 18:04:19 recorder.go:46: 1731261859298335830 Lookup     /usr/share
2024/11/10 18:04:19 recorder.go:46: 1731261859298392137 Lookup     /usr/share/misc
2024/11/10 18:04:19 recorder.go:46: 1731261859314309478 Open       /etc/ld.so.cache
2024/11/10 18:04:19 recorder.go:46: 1731261859324633515 Open       /etc/ld.so.cache
2024/11/10 18:04:19 recorder.go:46: 1731261859325313556 Open       /etc/ld.so.cache
2024/11/10 18:04:19 recorder.go:46: 1731261859326086395 Open       /etc/ld.so.cache
2024/11/10 18:04:19 recorder.go:46: 1731261859326822614 Open       /etc/ld.so.cache
2024/11/10 18:04:19 recorder.go:46: 1731261859327410339 Open       /etc/ld.so.cache
2024/11/10 18:04:19 recorder.go:46: 1731261859327931225 Open       /etc/ld.so.cache
2024/11/10 18:04:19 recorder.go:46: 1731261859328446832 Open       /etc/ld.so.cache
2024/11/10 18:04:19 recorder.go:46: 1731261859328983038 Open       /etc/ld.so.cache
2024/11/10 18:04:19 recorder.go:46: 1731261859329562487 Open       /etc/ld.so.cache
2024/11/10 18:04:19 recorder.go:46: 1731261859330123701 Open       /etc/ld.so.cache
2024/11/10 18:04:19 recorder.go:46: 1731261859330635731 Open       /etc/ld.so.cache
2024/11/10 18:04:19 recorder.go:46: 1731261859331160906 Open       /etc/ld.so.cache
2024/11/10 18:04:19 recorder.go:46: 1731261859331684268 Open       /etc/ld.so.cache
2024/11/10 18:04:19 recorder.go:46: 1731261859332240783 Open       /etc/ld.so.cache
2024/11/10 18:04:19 recorder.go:46: 1731261859332792017 Open       /etc/ld.so.cache
2024/11/10 18:04:19 recorder.go:46: 1731261859333361758 Open       /etc/ld.so.cache
2024/11/10 18:04:19 recorder.go:46: 1731261859342681753 Lookup     /opt/lammps/examples/reax/HNS/in.reaxc.hns
2024/11/10 18:04:19 recorder.go:46: 1731261859342763940 Open       /opt/lammps/examples/reax/HNS/in.reaxc.hns
2024/11/10 18:04:19 recorder.go:46: 1731261859344208886 Lookup     /opt/lammps/examples/reax/HNS/data.hns-equil
2024/11/10 18:04:19 recorder.go:46: 1731261859344275172 Open       /opt/lammps/examples/reax/HNS/data.hns-equil
2024/11/10 18:04:19 recorder.go:46: 1731261859346474702 Lookup     /opt/lammps/examples/reax/HNS/ffield.reax.hns
2024/11/10 18:04:19 recorder.go:46: 1731261859346526240 Open       /opt/lammps/examples/reax/HNS/ffield.reax.hns
