2024/11/10 07:06:15 recorder.go:46: 1731222375255017191 Lookup     /etc
2024/11/10 07:06:15 recorder.go:46: 1731222375255184766 Lookup     /etc/host.conf
2024/11/10 07:06:15 recorder.go:46: 1731222375255242532 Lookup     /etc/hosts
2024/11/10 07:06:15 recorder.go:46: 1731222375255326801 Lookup     /etc/nsswitch.conf
2024/11/10 07:06:15 recorder.go:46: 1731222375255364116 Lookup     /etc/resolv.conf
2024/11/10 07:06:15 recorder.go:46: 1731222375255396340 Lookup     /dev
2024/11/10 07:06:15 recorder.go:46: 1731222375255421621 Lookup     /sys
2024/11/10 07:06:15 recorder.go:46: 1731222375255444156 Lookup     /proc
2024/11/10 07:06:15 recorder.go:46: 1731222375255468625 Lookup     /tmp
2024/11/10 07:06:15 recorder.go:46: 1731222375255487452 Lookup     /root
2024/11/10 07:06:15 recorder.go:46: 1731222375255545599 Lookup     /opt
2024/11/10 07:06:15 recorder.go:46: 1731222375255569567 Lookup     /opt/lammps
2024/11/10 07:06:15 recorder.go:46: 1731222375255589878 Lookup     /opt/lammps/examples
2024/11/10 07:06:15 recorder.go:46: 1731222375255618765 Lookup     /opt/lammps/examples/reaxff
2024/11/10 07:06:15 recorder.go:46: 1731222375255643405 Lookup     /opt/lammps/examples/reaxff/HNS
2024/11/10 07:06:15 recorder.go:46: 1731222375255763285 Lookup     /usr
2024/11/10 07:06:15 recorder.go:46: 1731222375255788345 Lookup     /usr/local
2024/11/10 07:06:15 recorder.go:46: 1731222375255809638 Lookup     /usr/local/sbin
2024/11/10 07:06:15 recorder.go:46: 1731222375255890319 Lookup     /usr/local/bin
2024/11/10 07:06:15 recorder.go:46: 1731222375255961101 Lookup     /usr/sbin
2024/11/10 07:06:15 recorder.go:46: 1731222375256036843 Lookup     /usr/bin
2024/11/10 07:06:15 recorder.go:46: 1731222375256071442 Lookup     /usr/bin/lmp
2024/11/10 07:06:15 recorder.go:46: 1731222375256359909 Open       /usr/bin/lmp
2024/11/10 07:06:15 recorder.go:46: 1731222375256719299 Open       /usr/bin/lmp
2024/11/10 07:06:15 recorder.go:46: 1731222375256790031 Lookup     /lib64
2024/11/10 07:06:15 recorder.go:46: 1731222375256828838 Lookup     /usr/lib64
2024/11/10 07:06:15 recorder.go:46: 1731222375256906233 Lookup     /usr/lib64/ld-linux-x86-64.so.2
2024/11/10 07:06:15 recorder.go:46: 1731222375256963308 Lookup     /lib
2024/11/10 07:06:15 recorder.go:46: 1731222375256991113 Lookup     /usr/lib
2024/11/10 07:06:15 recorder.go:46: 1731222375257055232 Lookup     /usr/lib/x86_64-linux-gnu
2024/11/10 07:06:15 recorder.go:46: 1731222375257076655 Lookup     /usr/lib/x86_64-linux-gnu/ld-linux-x86-64.so.2
2024/11/10 07:06:15 recorder.go:46: 1731222375257144791 Open       /usr/lib/x86_64-linux-gnu/ld-linux-x86-64.so.2
2024/11/10 07:06:15 recorder.go:46: 1731222375257748891 Open       /usr/bin/lmp
2024/11/10 07:06:15 recorder.go:46: 1731222375258763843 Open       /usr/lib/x86_64-linux-gnu/ld-linux-x86-64.so.2
2024/11/10 07:06:15 recorder.go:46: 1731222375259889547 Lookup     /etc/ld.so.cache
2024/11/10 07:06:15 recorder.go:46: 1731222375259936652 Open       /etc/ld.so.cache
2024/11/10 07:06:15 recorder.go:46: 1731222375260161231 Lookup     /usr/lib/x86_64-linux-gnu/libgomp.so.1
2024/11/10 07:06:15 recorder.go:46: 1731222375260210169 Lookup     /usr/lib/x86_64-linux-gnu/libgomp.so.1.0.0
2024/11/10 07:06:15 recorder.go:46: 1731222375260277123 Open       /usr/lib/x86_64-linux-gnu/libgomp.so.1.0.0
2024/11/10 07:06:15 recorder.go:46: 1731222375260916784 Lookup     /usr/lib/x86_64-linux-gnu/libmpich.so.12
2024/11/10 07:06:15 recorder.go:46: 1731222375260988869 Lookup     /usr/lib/x86_64-linux-gnu/libmpich.so.12.2.0
2024/11/10 07:06:15 recorder.go:46: 1731222375261095191 Open       /usr/lib/x86_64-linux-gnu/libmpich.so.12.2.0
2024/11/10 07:06:15 recorder.go:46: 1731222375261813840 Lookup     /usr/lib/x86_64-linux-gnu/libstdc++.so.6
2024/11/10 07:06:15 recorder.go:46: 1731222375261857017 Lookup     /usr/lib/x86_64-linux-gnu/libstdc++.so.6.0.30
2024/11/10 07:06:15 recorder.go:46: 1731222375261919342 Open       /usr/lib/x86_64-linux-gnu/libstdc++.so.6.0.30
2024/11/10 07:06:15 recorder.go:46: 1731222375262362820 Lookup     /usr/lib/x86_64-linux-gnu/libm.so.6
2024/11/10 07:06:15 recorder.go:46: 1731222375262394804 Open       /usr/lib/x86_64-linux-gnu/libm.so.6
2024/11/10 07:06:15 recorder.go:46: 1731222375262821478 Lookup     /usr/lib/x86_64-linux-gnu/libgcc_s.so.1
2024/11/10 07:06:15 recorder.go:46: 1731222375262858142 Open       /usr/lib/x86_64-linux-gnu/libgcc_s.so.1
2024/11/10 07:06:15 recorder.go:46: 1731222375263248423 Lookup     /usr/lib/x86_64-linux-gnu/libc.so.6
2024/11/10 07:06:15 recorder.go:46: 1731222375263281880 Open       /usr/lib/x86_64-linux-gnu/libc.so.6
2024/11/10 07:06:15 recorder.go:46: 1731222375263833174 Lookup     /usr/lib/x86_64-linux-gnu/libhwloc.so.15
2024/11/10 07:06:15 recorder.go:46: 1731222375263883976 Lookup     /usr/lib/x86_64-linux-gnu/libhwloc.so.15.5.2
2024/11/10 07:06:15 recorder.go:46: 1731222375263942904 Open       /usr/lib/x86_64-linux-gnu/libhwloc.so.15.5.2
2024/11/10 07:06:15 recorder.go:46: 1731222375264361372 Lookup     /usr/lib/x86_64-linux-gnu/libfabric.so.1
2024/11/10 07:06:15 recorder.go:46: 1731222375264403877 Lookup     /usr/lib/x86_64-linux-gnu/libfabric.so.1.14.0
2024/11/10 07:06:15 recorder.go:46: 1731222375264474268 Open       /usr/lib/x86_64-linux-gnu/libfabric.so.1.14.0
2024/11/10 07:06:15 recorder.go:46: 1731222375264859299 Lookup     /usr/lib/x86_64-linux-gnu/libudev.so.1
2024/11/10 07:06:15 recorder.go:46: 1731222375264908587 Lookup     /usr/lib/x86_64-linux-gnu/libudev.so.1.7.2
2024/11/10 07:06:15 recorder.go:46: 1731222375264983928 Open       /usr/lib/x86_64-linux-gnu/libudev.so.1.7.2
2024/11/10 07:06:15 recorder.go:46: 1731222375265299400 Lookup     /usr/lib/x86_64-linux-gnu/librdmacm.so.1
2024/11/10 07:06:15 recorder.go:46: 1731222375265343869 Lookup     /usr/lib/x86_64-linux-gnu/librdmacm.so.1.3.39.0
2024/11/10 07:06:15 recorder.go:46: 1731222375265398548 Open       /usr/lib/x86_64-linux-gnu/librdmacm.so.1.3.39.0
2024/11/10 07:06:15 recorder.go:46: 1731222375265712447 Lookup     /usr/lib/x86_64-linux-gnu/libefa.so.1
2024/11/10 07:06:15 recorder.go:46: 1731222375265750233 Lookup     /usr/lib/x86_64-linux-gnu/libefa.so.1.1.39.0
2024/11/10 07:06:15 recorder.go:46: 1731222375265806285 Open       /usr/lib/x86_64-linux-gnu/libefa.so.1.1.39.0
2024/11/10 07:06:15 recorder.go:46: 1731222375266099773 Lookup     /usr/lib/x86_64-linux-gnu/libibverbs.so.1
2024/11/10 07:06:15 recorder.go:46: 1731222375266133189 Lookup     /usr/lib/x86_64-linux-gnu/libibverbs.so.1.14.39.0
2024/11/10 07:06:15 recorder.go:46: 1731222375266192568 Open       /usr/lib/x86_64-linux-gnu/libibverbs.so.1.14.39.0
2024/11/10 07:06:15 recorder.go:46: 1731222375266466056 Lookup     /usr/lib/x86_64-linux-gnu/libpsm_infinipath.so.1
2024/11/10 07:06:15 recorder.go:46: 1731222375266580726 Lookup     /etc/alternatives
2024/11/10 07:06:15 recorder.go:46: 1731222375266609784 Lookup     /etc/alternatives/libpsm_infinipath.so.1
2024/11/10 07:06:15 recorder.go:46: 1731222375266686968 Lookup     /usr/lib/libpsm1
2024/11/10 07:06:15 recorder.go:46: 1731222375266706588 Lookup     /usr/lib/libpsm1/libpsm_infinipath.so.1.16
2024/11/10 07:06:15 recorder.go:46: 1731222375266739443 Open       /usr/lib/libpsm1/libpsm_infinipath.so.1.16
2024/11/10 07:06:15 recorder.go:46: 1731222375267204735 Lookup     /usr/lib/x86_64-linux-gnu/libpsm2.so.2
2024/11/10 07:06:15 recorder.go:46: 1731222375267239916 Lookup     /usr/lib/x86_64-linux-gnu/libpsm2.so.2.2
2024/11/10 07:06:15 recorder.go:46: 1731222375267303433 Open       /usr/lib/x86_64-linux-gnu/libpsm2.so.2.2
2024/11/10 07:06:15 recorder.go:46: 1731222375267856130 Lookup     /usr/lib/x86_64-linux-gnu/libnl-3.so.200
2024/11/10 07:06:15 recorder.go:46: 1731222375267919326 Lookup     /usr/lib/x86_64-linux-gnu/libnl-3.so.200.26.0
2024/11/10 07:06:15 recorder.go:46: 1731222375268030769 Open       /usr/lib/x86_64-linux-gnu/libnl-3.so.200.26.0
2024/11/10 07:06:15 recorder.go:46: 1731222375268501812 Lookup     /usr/lib/x86_64-linux-gnu/libnl-route-3.so.200
2024/11/10 07:06:15 recorder.go:46: 1731222375268548847 Lookup     /usr/lib/x86_64-linux-gnu/libnl-route-3.so.200.26.0
2024/11/10 07:06:15 recorder.go:46: 1731222375268662995 Open       /usr/lib/x86_64-linux-gnu/libnl-route-3.so.200.26.0
2024/11/10 07:06:15 recorder.go:46: 1731222375269514400 Lookup     /usr/lib/x86_64-linux-gnu/libinfinipath.so.4
2024/11/10 07:06:15 recorder.go:46: 1731222375269590873 Lookup     /usr/lib/x86_64-linux-gnu/libinfinipath.so.4.0
2024/11/10 07:06:15 recorder.go:46: 1731222375269683368 Open       /usr/lib/x86_64-linux-gnu/libinfinipath.so.4.0
2024/11/10 07:06:15 recorder.go:46: 1731222375270954884 Lookup     /usr/lib/x86_64-linux-gnu/librt.so.1
2024/11/10 07:06:15 recorder.go:46: 1731222375271027139 Open       /usr/lib/x86_64-linux-gnu/librt.so.1
2024/11/10 07:06:15 recorder.go:46: 1731222375271351549 Lookup     /usr/lib/x86_64-linux-gnu/libpthread.so.0
2024/11/10 07:06:15 recorder.go:46: 1731222375271411649 Open       /usr/lib/x86_64-linux-gnu/libpthread.so.0
2024/11/10 07:06:15 recorder.go:46: 1731222375271783293 Lookup     /usr/lib/x86_64-linux-gnu/libdl.so.2
2024/11/10 07:06:15 recorder.go:46: 1731222375271815047 Open       /usr/lib/x86_64-linux-gnu/libdl.so.2
2024/11/10 07:06:15 recorder.go:46: 1731222375272089587 Lookup     /usr/lib/x86_64-linux-gnu/libuuid.so.1
2024/11/10 07:06:15 recorder.go:46: 1731222375272127743 Lookup     /usr/lib/x86_64-linux-gnu/libuuid.so.1.3.0
2024/11/10 07:06:15 recorder.go:46: 1731222375272187573 Open       /usr/lib/x86_64-linux-gnu/libuuid.so.1.3.0
2024/11/10 07:06:15 recorder.go:46: 1731222375272482042 Lookup     /usr/lib/x86_64-linux-gnu/libnuma.so.1
2024/11/10 07:06:15 recorder.go:46: 1731222375272526441 Lookup     /usr/lib/x86_64-linux-gnu/libnuma.so.1.0.0
2024/11/10 07:06:15 recorder.go:46: 1731222375272589568 Open       /usr/lib/x86_64-linux-gnu/libnuma.so.1.0.0
2024/11/10 07:06:15 recorder.go:46: 1731222375490839913 Lookup     /usr/lib/x86_64-linux-gnu/hwloc
2024/11/10 07:06:15 recorder.go:46: 1731222375491196537 Lookup     /usr/lib/x86_64-linux-gnu/hwloc/hwloc_opencl.so
2024/11/10 07:06:15 recorder.go:46: 1731222375491253662 Lookup     /usr/lib/x86_64-linux-gnu/hwloc/hwloc_xml_libxml.so
2024/11/10 07:06:15 recorder.go:46: 1731222375491276938 Lookup     /usr/lib/x86_64-linux-gnu/hwloc/hwloc_gl.so
2024/11/10 07:06:15 recorder.go:46: 1731222375491301948 Lookup     /usr/lib/x86_64-linux-gnu/hwloc/hwloc_pci.so
2024/11/10 07:06:15 recorder.go:46: 1731222375491544604 Open       /usr/lib/x86_64-linux-gnu/hwloc/hwloc_opencl.so
2024/11/10 07:06:15 recorder.go:46: 1731222375492066640 Open       /etc/ld.so.cache
2024/11/10 07:06:15 recorder.go:46: 1731222375492416430 Lookup     /usr/lib/x86_64-linux-gnu/libOpenCL.so.1
2024/11/10 07:06:15 recorder.go:46: 1731222375492505298 Lookup     /usr/lib/x86_64-linux-gnu/libOpenCL.so.1.0.0
2024/11/10 07:06:15 recorder.go:46: 1731222375492636891 Open       /usr/lib/x86_64-linux-gnu/libOpenCL.so.1.0.0
2024/11/10 07:06:15 recorder.go:46: 1731222375493286131 Open       /usr/lib/x86_64-linux-gnu/hwloc/hwloc_xml_libxml.so
2024/11/10 07:06:15 recorder.go:46: 1731222375493767095 Open       /etc/ld.so.cache
2024/11/10 07:06:15 recorder.go:46: 1731222375494011173 Lookup     /usr/lib/x86_64-linux-gnu/libxml2.so.2
2024/11/10 07:06:15 recorder.go:46: 1731222375494061955 Lookup     /usr/lib/x86_64-linux-gnu/libxml2.so.2.9.13
2024/11/10 07:06:15 recorder.go:46: 1731222375494145302 Open       /usr/lib/x86_64-linux-gnu/libxml2.so.2.9.13
2024/11/10 07:06:15 recorder.go:46: 1731222375495216407 Lookup     /usr/lib/x86_64-linux-gnu/libicuuc.so.70
2024/11/10 07:06:15 recorder.go:46: 1731222375495272559 Lookup     /usr/lib/x86_64-linux-gnu/libicuuc.so.70.1
2024/11/10 07:06:15 recorder.go:46: 1731222375495358481 Open       /usr/lib/x86_64-linux-gnu/libicuuc.so.70.1
2024/11/10 07:06:15 recorder.go:46: 1731222375496008553 Lookup     /usr/lib/x86_64-linux-gnu/libz.so.1
2024/11/10 07:06:15 recorder.go:46: 1731222375496059425 Lookup     /usr/lib/x86_64-linux-gnu/libz.so.1.2.11
2024/11/10 07:06:15 recorder.go:46: 1731222375496123122 Open       /usr/lib/x86_64-linux-gnu/libz.so.1.2.11
2024/11/10 07:06:15 recorder.go:46: 1731222375496622422 Lookup     /usr/lib/x86_64-linux-gnu/liblzma.so.5
2024/11/10 07:06:15 recorder.go:46: 1731222375496668404 Lookup     /usr/lib/x86_64-linux-gnu/liblzma.so.5.2.5
2024/11/10 07:06:15 recorder.go:46: 1731222375496746330 Open       /usr/lib/x86_64-linux-gnu/liblzma.so.5.2.5
2024/11/10 07:06:15 recorder.go:46: 1731222375497122874 Lookup     /usr/lib/x86_64-linux-gnu/libicudata.so.70
2024/11/10 07:06:15 recorder.go:46: 1731222375497162954 Lookup     /usr/lib/x86_64-linux-gnu/libicudata.so.70.1
2024/11/10 07:06:15 recorder.go:46: 1731222375497227995 Open       /usr/lib/x86_64-linux-gnu/libicudata.so.70.1
2024/11/10 07:06:15 recorder.go:46: 1731222375499261426 Open       /usr/lib/x86_64-linux-gnu/hwloc/hwloc_gl.so
2024/11/10 07:06:15 recorder.go:46: 1731222375499716568 Open       /etc/ld.so.cache
2024/11/10 07:06:15 recorder.go:46: 1731222375500017951 Lookup     /usr/lib/x86_64-linux-gnu/libXNVCtrl.so.0
2024/11/10 07:06:15 recorder.go:46: 1731222375500093332 Lookup     /usr/lib/x86_64-linux-gnu/libXNVCtrl.so.0.0.0
2024/11/10 07:06:15 recorder.go:46: 1731222375500198984 Open       /usr/lib/x86_64-linux-gnu/libXNVCtrl.so.0.0.0
2024/11/10 07:06:15 recorder.go:46: 1731222375500652993 Lookup     /usr/lib/x86_64-linux-gnu/libX11.so.6
2024/11/10 07:06:15 recorder.go:46: 1731222375500707502 Lookup     /usr/lib/x86_64-linux-gnu/libX11.so.6.4.0
2024/11/10 07:06:15 recorder.go:46: 1731222375500783094 Open       /usr/lib/x86_64-linux-gnu/libX11.so.6.4.0
2024/11/10 07:06:15 recorder.go:46: 1731222375501301512 Lookup     /usr/lib/x86_64-linux-gnu/libXext.so.6
2024/11/10 07:06:15 recorder.go:46: 1731222375501346792 Lookup     /usr/lib/x86_64-linux-gnu/libXext.so.6.4.0
2024/11/10 07:06:15 recorder.go:46: 1731222375501420440 Open       /usr/lib/x86_64-linux-gnu/libXext.so.6.4.0
2024/11/10 07:06:15 recorder.go:46: 1731222375501746252 Lookup     /usr/lib/x86_64-linux-gnu/libxcb.so.1
2024/11/10 07:06:15 recorder.go:46: 1731222375501799639 Lookup     /usr/lib/x86_64-linux-gnu/libxcb.so.1.1.0
2024/11/10 07:06:15 recorder.go:46: 1731222375501866423 Open       /usr/lib/x86_64-linux-gnu/libxcb.so.1.1.0
2024/11/10 07:06:15 recorder.go:46: 1731222375502271073 Lookup     /usr/lib/x86_64-linux-gnu/libXau.so.6
2024/11/10 07:06:15 recorder.go:46: 1731222375502346945 Lookup     /usr/lib/x86_64-linux-gnu/libXau.so.6.0.0
2024/11/10 07:06:15 recorder.go:46: 1731222375502429039 Open       /usr/lib/x86_64-linux-gnu/libXau.so.6.0.0
2024/11/10 07:06:15 recorder.go:46: 1731222375502773219 Lookup     /usr/lib/x86_64-linux-gnu/libXdmcp.so.6
2024/11/10 07:06:15 recorder.go:46: 1731222375502820874 Lookup     /usr/lib/x86_64-linux-gnu/libXdmcp.so.6.0.0
2024/11/10 07:06:15 recorder.go:46: 1731222375502895483 Open       /usr/lib/x86_64-linux-gnu/libXdmcp.so.6.0.0
2024/11/10 07:06:15 recorder.go:46: 1731222375503256536 Lookup     /usr/lib/x86_64-linux-gnu/libbsd.so.0
2024/11/10 07:06:15 recorder.go:46: 1731222375503332649 Lookup     /usr/lib/x86_64-linux-gnu/libbsd.so.0.11.5
2024/11/10 07:06:15 recorder.go:46: 1731222375503405475 Open       /usr/lib/x86_64-linux-gnu/libbsd.so.0.11.5
2024/11/10 07:06:15 recorder.go:46: 1731222375504116649 Lookup     /usr/lib/x86_64-linux-gnu/libmd.so.0
2024/11/10 07:06:15 recorder.go:46: 1731222375504190867 Lookup     /usr/lib/x86_64-linux-gnu/libmd.so.0.0.5
2024/11/10 07:06:15 recorder.go:46: 1731222375504323443 Open       /usr/lib/x86_64-linux-gnu/libmd.so.0.0.5
2024/11/10 07:06:15 recorder.go:46: 1731222375505476602 Open       /usr/lib/x86_64-linux-gnu/hwloc/hwloc_pci.so
2024/11/10 07:06:15 recorder.go:46: 1731222375505886553 Open       /etc/ld.so.cache
2024/11/10 07:06:15 recorder.go:46: 1731222375506095942 Lookup     /usr/lib/x86_64-linux-gnu/libpciaccess.so.0
2024/11/10 07:06:15 recorder.go:46: 1731222375506151994 Lookup     /usr/lib/x86_64-linux-gnu/libpciaccess.so.0.11.1
2024/11/10 07:06:15 recorder.go:46: 1731222375506219199 Open       /usr/lib/x86_64-linux-gnu/libpciaccess.so.0.11.1
2024/11/10 07:06:15 recorder.go:46: 1731222375827698420 Lookup     /run
2024/11/10 07:06:15 recorder.go:46: 1731222375833642653 Lookup     /var
2024/11/10 07:06:15 recorder.go:46: 1731222375833697433 Lookup     /var/run
2024/11/10 07:06:15 recorder.go:46: 1731222375834699339 Lookup     /etc/gai.conf
2024/11/10 07:06:15 recorder.go:46: 1731222375834751804 Open       /etc/gai.conf
2024/11/10 07:06:15 recorder.go:46: 1731222375843933549 Lookup     /usr/share
2024/11/10 07:06:15 recorder.go:46: 1731222375844047588 Lookup     /usr/share/misc
2024/11/10 07:06:15 recorder.go:46: 1731222375872624120 Open       /etc/ld.so.cache
2024/11/10 07:06:15 recorder.go:46: 1731222375881059250 Open       /etc/ld.so.cache
2024/11/10 07:06:15 recorder.go:46: 1731222375882178020 Open       /etc/ld.so.cache
2024/11/10 07:06:15 recorder.go:46: 1731222375882789845 Open       /etc/ld.so.cache
2024/11/10 07:06:15 recorder.go:46: 1731222375883351370 Open       /etc/ld.so.cache
2024/11/10 07:06:15 recorder.go:46: 1731222375883969979 Open       /etc/ld.so.cache
2024/11/10 07:06:15 recorder.go:46: 1731222375884577806 Open       /etc/ld.so.cache
2024/11/10 07:06:15 recorder.go:46: 1731222375885156595 Open       /etc/ld.so.cache
2024/11/10 07:06:15 recorder.go:46: 1731222375885692047 Open       /etc/ld.so.cache
2024/11/10 07:06:15 recorder.go:46: 1731222375886419544 Open       /etc/ld.so.cache
2024/11/10 07:06:15 recorder.go:46: 1731222375887313694 Open       /etc/ld.so.cache
2024/11/10 07:06:15 recorder.go:46: 1731222375888021982 Open       /etc/ld.so.cache
2024/11/10 07:06:15 recorder.go:46: 1731222375888656423 Open       /etc/ld.so.cache
2024/11/10 07:06:15 recorder.go:46: 1731222375889220663 Open       /etc/ld.so.cache
2024/11/10 07:06:15 recorder.go:46: 1731222375889780303 Open       /etc/ld.so.cache
2024/11/10 07:06:15 recorder.go:46: 1731222375890312319 Open       /etc/ld.so.cache
2024/11/10 07:06:15 recorder.go:46: 1731222375890843652 Open       /etc/ld.so.cache
2024/11/10 07:06:15 recorder.go:46: 1731222375903578142 Lookup     /opt/lammps/examples/reaxff/HNS/in.reaxc.hns
2024/11/10 07:06:15 recorder.go:46: 1731222375903687200 Open       /opt/lammps/examples/reaxff/HNS/in.reaxc.hns
2024/11/10 07:06:15 recorder.go:46: 1731222375907803363 Lookup     /opt/lammps/examples/reaxff/HNS/data.hns-equil
2024/11/10 07:06:15 recorder.go:46: 1731222375907876950 Open       /opt/lammps/examples/reaxff/HNS/data.hns-equil
2024/11/10 07:06:15 recorder.go:46: 1731222375908163323 Open       /opt/lammps/examples/reaxff/HNS/data.hns-equil
2024/11/10 07:06:15 recorder.go:46: 1731222375912777533 Lookup     /opt/lammps/examples/reaxff/HNS/ffield.reax.hns
2024/11/10 07:06:15 recorder.go:46: 1731222375912855419 Open       /opt/lammps/examples/reaxff/HNS/ffield.reax.hns
2024/11/10 07:06:15 recorder.go:46: 1731222375913000890 Open       /opt/lammps/examples/reaxff/HNS/ffield.reax.hns
2024/11/10 07:06:15 recorder.go:46: 1731222375913330921 Open       /opt/lammps/examples/reaxff/HNS/ffield.reax.hns
2024/11/10 07:06:15 recorder.go:46: 1731222375913532204 Open       /opt/lammps/examples/reaxff/HNS/ffield.reax.hns
