2024/11/10 06:55:51 recorder.go:46: 1731221751972024561 Lookup     /etc
2024/11/10 06:55:51 recorder.go:46: 1731221751972548983 Lookup     /etc/host.conf
2024/11/10 06:55:51 recorder.go:46: 1731221751972759551 Lookup     /etc/hosts
2024/11/10 06:55:51 recorder.go:46: 1731221751972809605 Lookup     /etc/nsswitch.conf
2024/11/10 06:55:51 recorder.go:46: 1731221751972848078 Lookup     /etc/resolv.conf
2024/11/10 06:55:51 recorder.go:46: 1731221751972883695 Lookup     /dev
2024/11/10 06:55:51 recorder.go:46: 1731221751972923781 Lookup     /sys
2024/11/10 06:55:51 recorder.go:46: 1731221751972964749 Lookup     /proc
2024/11/10 06:55:51 recorder.go:46: 1731221751973024532 Lookup     /tmp
2024/11/10 06:55:51 recorder.go:46: 1731221751973058326 Lookup     /root
2024/11/10 06:55:51 recorder.go:46: 1731221751973118058 Lookup     /opt
2024/11/10 06:55:51 recorder.go:46: 1731221751973149859 Lookup     /opt/lammps
2024/11/10 06:55:51 recorder.go:46: 1731221751973180196 Lookup     /opt/lammps/examples
2024/11/10 06:55:51 recorder.go:46: 1731221751973225492 Lookup     /opt/lammps/examples/reaxff
2024/11/10 06:55:51 recorder.go:46: 1731221751973274184 Lookup     /opt/lammps/examples/reaxff/HNS
2024/11/10 06:55:51 recorder.go:46: 1731221751973627271 Lookup     /usr
2024/11/10 06:55:51 recorder.go:46: 1731221751973679480 Lookup     /usr/local
2024/11/10 06:55:51 recorder.go:46: 1731221751973714095 Lookup     /usr/local/sbin
2024/11/10 06:55:51 recorder.go:46: 1731221751973843270 Lookup     /usr/local/bin
2024/11/10 06:55:51 recorder.go:46: 1731221751973941816 Lookup     /usr/sbin
2024/11/10 06:55:51 recorder.go:46: 1731221751974048137 Lookup     /usr/bin
2024/11/10 06:55:51 recorder.go:46: 1731221751974130583 Lookup     /usr/bin/lmp
2024/11/10 06:55:51 recorder.go:46: 1731221751974507205 Open       /usr/bin/lmp
2024/11/10 06:55:51 recorder.go:46: 1731221751974772496 Open       /usr/bin/lmp
2024/11/10 06:55:51 recorder.go:46: 1731221751974913212 Lookup     /lib64
2024/11/10 06:55:51 recorder.go:46: 1731221751975000608 Lookup     /usr/lib64
2024/11/10 06:55:51 recorder.go:46: 1731221751975203361 Lookup     /usr/lib64/ld-linux-x86-64.so.2
2024/11/10 06:55:51 recorder.go:46: 1731221751975327886 Lookup     /lib
2024/11/10 06:55:51 recorder.go:46: 1731221751975377170 Lookup     /usr/lib
2024/11/10 06:55:51 recorder.go:46: 1731221751975489302 Lookup     /usr/lib/x86_64-linux-gnu
2024/11/10 06:55:51 recorder.go:46: 1731221751975564885 Lookup     /usr/lib/x86_64-linux-gnu/ld-linux-x86-64.so.2
2024/11/10 06:55:51 recorder.go:46: 1731221751975695461 Open       /usr/lib/x86_64-linux-gnu/ld-linux-x86-64.so.2
2024/11/10 06:55:51 recorder.go:46: 1731221751976712534 Open       /usr/bin/lmp
2024/11/10 06:55:51 recorder.go:46: 1731221751977538275 Open       /usr/lib/x86_64-linux-gnu/ld-linux-x86-64.so.2
2024/11/10 06:55:51 recorder.go:46: 1731221751978657501 Lookup     /etc/ld.so.cache
2024/11/10 06:55:51 recorder.go:46: 1731221751978700943 Open       /etc/ld.so.cache
2024/11/10 06:55:51 recorder.go:46: 1731221751978958440 Lookup     /usr/lib/x86_64-linux-gnu/libgomp.so.1
2024/11/10 06:55:51 recorder.go:46: 1731221751979010799 Lookup     /usr/lib/x86_64-linux-gnu/libgomp.so.1.0.0
2024/11/10 06:55:51 recorder.go:46: 1731221751979089909 Open       /usr/lib/x86_64-linux-gnu/libgomp.so.1.0.0
2024/11/10 06:55:51 recorder.go:46: 1731221751979752451 Lookup     /usr/lib/x86_64-linux-gnu/libmpich.so.12
2024/11/10 06:55:51 recorder.go:46: 1731221751979806504 Lookup     /usr/lib/x86_64-linux-gnu/libmpich.so.12.2.0
2024/11/10 06:55:51 recorder.go:46: 1731221751979888018 Open       /usr/lib/x86_64-linux-gnu/libmpich.so.12.2.0
2024/11/10 06:55:51 recorder.go:46: 1731221751980665237 Lookup     /usr/lib/x86_64-linux-gnu/libstdc++.so.6
2024/11/10 06:55:51 recorder.go:46: 1731221751980733226 Lookup     /usr/lib/x86_64-linux-gnu/libstdc++.so.6.0.30
2024/11/10 06:55:51 recorder.go:46: 1731221751980826632 Open       /usr/lib/x86_64-linux-gnu/libstdc++.so.6.0.30
2024/11/10 06:55:51 recorder.go:46: 1731221751981447967 Lookup     /usr/lib/x86_64-linux-gnu/libm.so.6
2024/11/10 06:55:51 recorder.go:46: 1731221751981501258 Open       /usr/lib/x86_64-linux-gnu/libm.so.6
2024/11/10 06:55:51 recorder.go:46: 1731221751982052309 Lookup     /usr/lib/x86_64-linux-gnu/libgcc_s.so.1
2024/11/10 06:55:51 recorder.go:46: 1731221751982098857 Open       /usr/lib/x86_64-linux-gnu/libgcc_s.so.1
2024/11/10 06:55:51 recorder.go:46: 1731221751982542757 Lookup     /usr/lib/x86_64-linux-gnu/libc.so.6
2024/11/10 06:55:51 recorder.go:46: 1731221751982587812 Open       /usr/lib/x86_64-linux-gnu/libc.so.6
2024/11/10 06:55:51 recorder.go:46: 1731221751983313925 Lookup     /usr/lib/x86_64-linux-gnu/libhwloc.so.15
2024/11/10 06:55:51 recorder.go:46: 1731221751983364771 Lookup     /usr/lib/x86_64-linux-gnu/libhwloc.so.15.5.2
2024/11/10 06:55:51 recorder.go:46: 1731221751983450723 Open       /usr/lib/x86_64-linux-gnu/libhwloc.so.15.5.2
2024/11/10 06:55:51 recorder.go:46: 1731221751984023406 Lookup     /usr/lib/x86_64-linux-gnu/libfabric.so.1
2024/11/10 06:55:51 recorder.go:46: 1731221751984072348 Lookup     /usr/lib/x86_64-linux-gnu/libfabric.so.1.14.0
2024/11/10 06:55:51 recorder.go:46: 1731221751984162950 Open       /usr/lib/x86_64-linux-gnu/libfabric.so.1.14.0
2024/11/10 06:55:51 recorder.go:46: 1731221751984719602 Lookup     /usr/lib/x86_64-linux-gnu/libudev.so.1
2024/11/10 06:55:51 recorder.go:46: 1731221751984769987 Lookup     /usr/lib/x86_64-linux-gnu/libudev.so.1.7.2
2024/11/10 06:55:51 recorder.go:46: 1731221751984852333 Open       /usr/lib/x86_64-linux-gnu/libudev.so.1.7.2
2024/11/10 06:55:51 recorder.go:46: 1731221751985273139 Lookup     /usr/lib/x86_64-linux-gnu/librdmacm.so.1
2024/11/10 06:55:51 recorder.go:46: 1731221751985315909 Lookup     /usr/lib/x86_64-linux-gnu/librdmacm.so.1.3.39.0
2024/11/10 06:55:51 recorder.go:46: 1731221751985391853 Open       /usr/lib/x86_64-linux-gnu/librdmacm.so.1.3.39.0
2024/11/10 06:55:51 recorder.go:46: 1731221751985818359 Lookup     /usr/lib/x86_64-linux-gnu/libefa.so.1
2024/11/10 06:55:51 recorder.go:46: 1731221751985863885 Lookup     /usr/lib/x86_64-linux-gnu/libefa.so.1.1.39.0
2024/11/10 06:55:51 recorder.go:46: 1731221751985938957 Open       /usr/lib/x86_64-linux-gnu/libefa.so.1.1.39.0
2024/11/10 06:55:51 recorder.go:46: 1731221751986358781 Lookup     /usr/lib/x86_64-linux-gnu/libibverbs.so.1
2024/11/10 06:55:51 recorder.go:46: 1731221751986402554 Lookup     /usr/lib/x86_64-linux-gnu/libibverbs.so.1.14.39.0
2024/11/10 06:55:51 recorder.go:46: 1731221751986476874 Open       /usr/lib/x86_64-linux-gnu/libibverbs.so.1.14.39.0
2024/11/10 06:55:51 recorder.go:46: 1731221751986894304 Lookup     /usr/lib/x86_64-linux-gnu/libpsm_infinipath.so.1
2024/11/10 06:55:51 recorder.go:46: 1731221751987345607 Lookup     /etc/alternatives
2024/11/10 06:55:51 recorder.go:46: 1731221751987390492 Lookup     /etc/alternatives/libpsm_infinipath.so.1
2024/11/10 06:55:51 recorder.go:46: 1731221751987488297 Lookup     /usr/lib/libpsm1
2024/11/10 06:55:51 recorder.go:46: 1731221751987522561 Lookup     /usr/lib/libpsm1/libpsm_infinipath.so.1.16
2024/11/10 06:55:51 recorder.go:46: 1731221751987575972 Open       /usr/lib/libpsm1/libpsm_infinipath.so.1.16
2024/11/10 06:55:51 recorder.go:46: 1731221751988176107 Lookup     /usr/lib/x86_64-linux-gnu/libpsm2.so.2
2024/11/10 06:55:51 recorder.go:46: 1731221751988241731 Lookup     /usr/lib/x86_64-linux-gnu/libpsm2.so.2.2
2024/11/10 06:55:51 recorder.go:46: 1731221751988331501 Open       /usr/lib/x86_64-linux-gnu/libpsm2.so.2.2
2024/11/10 06:55:51 recorder.go:46: 1731221751988869147 Lookup     /usr/lib/x86_64-linux-gnu/libnl-3.so.200
2024/11/10 06:55:51 recorder.go:46: 1731221751988949679 Lookup     /usr/lib/x86_64-linux-gnu/libnl-3.so.200.26.0
2024/11/10 06:55:51 recorder.go:46: 1731221751989058675 Open       /usr/lib/x86_64-linux-gnu/libnl-3.so.200.26.0
2024/11/10 06:55:51 recorder.go:46: 1731221751989670492 Lookup     /usr/lib/x86_64-linux-gnu/libnl-route-3.so.200
2024/11/10 06:55:51 recorder.go:46: 1731221751989746225 Lookup     /usr/lib/x86_64-linux-gnu/libnl-route-3.so.200.26.0
2024/11/10 06:55:51 recorder.go:46: 1731221751989850783 Open       /usr/lib/x86_64-linux-gnu/libnl-route-3.so.200.26.0
2024/11/10 06:55:51 recorder.go:46: 1731221751991108601 Lookup     /usr/lib/x86_64-linux-gnu/libinfinipath.so.4
2024/11/10 06:55:51 recorder.go:46: 1731221751991164176 Lookup     /usr/lib/x86_64-linux-gnu/libinfinipath.so.4.0
2024/11/10 06:55:51 recorder.go:46: 1731221751991254246 Open       /usr/lib/x86_64-linux-gnu/libinfinipath.so.4.0
2024/11/10 06:55:51 recorder.go:46: 1731221751991670864 Lookup     /usr/lib/x86_64-linux-gnu/librt.so.1
2024/11/10 06:55:51 recorder.go:46: 1731221751992307498 Open       /usr/lib/x86_64-linux-gnu/librt.so.1
2024/11/10 06:55:51 recorder.go:46: 1731221751993086530 Lookup     /usr/lib/x86_64-linux-gnu/libpthread.so.0
2024/11/10 06:55:51 recorder.go:46: 1731221751993139611 Open       /usr/lib/x86_64-linux-gnu/libpthread.so.0
2024/11/10 06:55:51 recorder.go:46: 1731221751993533906 Lookup     /usr/lib/x86_64-linux-gnu/libdl.so.2
2024/11/10 06:55:51 recorder.go:46: 1731221751993581256 Open       /usr/lib/x86_64-linux-gnu/libdl.so.2
2024/11/10 06:55:51 recorder.go:46: 1731221751993958419 Lookup     /usr/lib/x86_64-linux-gnu/libuuid.so.1
2024/11/10 06:55:51 recorder.go:46: 1731221751994008724 Lookup     /usr/lib/x86_64-linux-gnu/libuuid.so.1.3.0
2024/11/10 06:55:51 recorder.go:46: 1731221751994089917 Open       /usr/lib/x86_64-linux-gnu/libuuid.so.1.3.0
2024/11/10 06:55:51 recorder.go:46: 1731221751994498320 Lookup     /usr/lib/x86_64-linux-gnu/libnuma.so.1
2024/11/10 06:55:51 recorder.go:46: 1731221751994554746 Lookup     /usr/lib/x86_64-linux-gnu/libnuma.so.1.0.0
2024/11/10 06:55:51 recorder.go:46: 1731221751994636090 Open       /usr/lib/x86_64-linux-gnu/libnuma.so.1.0.0
2024/11/10 06:55:52 recorder.go:46: 1731221752217395865 Lookup     /usr/lib/x86_64-linux-gnu/hwloc
2024/11/10 06:55:52 recorder.go:46: 1731221752217765704 Lookup     /usr/lib/x86_64-linux-gnu/hwloc/hwloc_opencl.so
2024/11/10 06:55:52 recorder.go:46: 1731221752217803505 Lookup     /usr/lib/x86_64-linux-gnu/hwloc/hwloc_xml_libxml.so
2024/11/10 06:55:52 recorder.go:46: 1731221752217820868 Lookup     /usr/lib/x86_64-linux-gnu/hwloc/hwloc_gl.so
2024/11/10 06:55:52 recorder.go:46: 1731221752217840124 Lookup     /usr/lib/x86_64-linux-gnu/hwloc/hwloc_pci.so
2024/11/10 06:55:52 recorder.go:46: 1731221752218059149 Open       /usr/lib/x86_64-linux-gnu/hwloc/hwloc_opencl.so
2024/11/10 06:55:52 recorder.go:46: 1731221752218530790 Open       /etc/ld.so.cache
2024/11/10 06:55:52 recorder.go:46: 1731221752218883086 Lookup     /usr/lib/x86_64-linux-gnu/libOpenCL.so.1
2024/11/10 06:55:52 recorder.go:46: 1731221752218939934 Lookup     /usr/lib/x86_64-linux-gnu/libOpenCL.so.1.0.0
2024/11/10 06:55:52 recorder.go:46: 1731221752219037598 Open       /usr/lib/x86_64-linux-gnu/libOpenCL.so.1.0.0
2024/11/10 06:55:52 recorder.go:46: 1731221752219842420 Open       /usr/lib/x86_64-linux-gnu/hwloc/hwloc_xml_libxml.so
2024/11/10 06:55:52 recorder.go:46: 1731221752220319111 Open       /etc/ld.so.cache
2024/11/10 06:55:52 recorder.go:46: 1731221752220602307 Lookup     /usr/lib/x86_64-linux-gnu/libxml2.so.2
2024/11/10 06:55:52 recorder.go:46: 1731221752220735579 Lookup     /usr/lib/x86_64-linux-gnu/libxml2.so.2.9.13
2024/11/10 06:55:52 recorder.go:46: 1731221752220875613 Open       /usr/lib/x86_64-linux-gnu/libxml2.so.2.9.13
2024/11/10 06:55:52 recorder.go:46: 1731221752221865174 Lookup     /usr/lib/x86_64-linux-gnu/libicuuc.so.70
2024/11/10 06:55:52 recorder.go:46: 1731221752221931399 Lookup     /usr/lib/x86_64-linux-gnu/libicuuc.so.70.1
2024/11/10 06:55:52 recorder.go:46: 1731221752222037650 Open       /usr/lib/x86_64-linux-gnu/libicuuc.so.70.1
2024/11/10 06:55:52 recorder.go:46: 1731221752223067818 Lookup     /usr/lib/x86_64-linux-gnu/libz.so.1
2024/11/10 06:55:52 recorder.go:46: 1731221752223135135 Lookup     /usr/lib/x86_64-linux-gnu/libz.so.1.2.11
2024/11/10 06:55:52 recorder.go:46: 1731221752223249041 Open       /usr/lib/x86_64-linux-gnu/libz.so.1.2.11
2024/11/10 06:55:52 recorder.go:46: 1731221752223845759 Lookup     /usr/lib/x86_64-linux-gnu/liblzma.so.5
2024/11/10 06:55:52 recorder.go:46: 1731221752223936200 Lookup     /usr/lib/x86_64-linux-gnu/liblzma.so.5.2.5
2024/11/10 06:55:52 recorder.go:46: 1731221752224069712 Open       /usr/lib/x86_64-linux-gnu/liblzma.so.5.2.5
2024/11/10 06:55:52 recorder.go:46: 1731221752224586499 Lookup     /usr/lib/x86_64-linux-gnu/libicudata.so.70
2024/11/10 06:55:52 recorder.go:46: 1731221752224649318 Lookup     /usr/lib/x86_64-linux-gnu/libicudata.so.70.1
2024/11/10 06:55:52 recorder.go:46: 1731221752224737324 Open       /usr/lib/x86_64-linux-gnu/libicudata.so.70.1
2024/11/10 06:55:52 recorder.go:46: 1731221752227591991 Open       /usr/lib/x86_64-linux-gnu/hwloc/hwloc_gl.so
2024/11/10 06:55:52 recorder.go:46: 1731221752228075776 Open       /etc/ld.so.cache
2024/11/10 06:55:52 recorder.go:46: 1731221752228385511 Lookup     /usr/lib/x86_64-linux-gnu/libXNVCtrl.so.0
2024/11/10 06:55:52 recorder.go:46: 1731221752228450865 Lookup     /usr/lib/x86_64-linux-gnu/libXNVCtrl.so.0.0.0
2024/11/10 06:55:52 recorder.go:46: 1731221752228566393 Open       /usr/lib/x86_64-linux-gnu/libXNVCtrl.so.0.0.0
2024/11/10 06:55:52 recorder.go:46: 1731221752228985606 Lookup     /usr/lib/x86_64-linux-gnu/libX11.so.6
2024/11/10 06:55:52 recorder.go:46: 1731221752229039818 Lookup     /usr/lib/x86_64-linux-gnu/libX11.so.6.4.0
2024/11/10 06:55:52 recorder.go:46: 1731221752229135990 Open       /usr/lib/x86_64-linux-gnu/libX11.so.6.4.0
2024/11/10 06:55:52 recorder.go:46: 1731221752229852254 Lookup     /usr/lib/x86_64-linux-gnu/libXext.so.6
2024/11/10 06:55:52 recorder.go:46: 1731221752229916145 Lookup     /usr/lib/x86_64-linux-gnu/libXext.so.6.4.0
2024/11/10 06:55:52 recorder.go:46: 1731221752230014742 Open       /usr/lib/x86_64-linux-gnu/libXext.so.6.4.0
2024/11/10 06:55:52 recorder.go:46: 1731221752230470754 Lookup     /usr/lib/x86_64-linux-gnu/libxcb.so.1
2024/11/10 06:55:52 recorder.go:46: 1731221752230534765 Lookup     /usr/lib/x86_64-linux-gnu/libxcb.so.1.1.0
2024/11/10 06:55:52 recorder.go:46: 1731221752230638591 Open       /usr/lib/x86_64-linux-gnu/libxcb.so.1.1.0
2024/11/10 06:55:52 recorder.go:46: 1731221752231233967 Lookup     /usr/lib/x86_64-linux-gnu/libXau.so.6
2024/11/10 06:55:52 recorder.go:46: 1731221752231298699 Lookup     /usr/lib/x86_64-linux-gnu/libXau.so.6.0.0
2024/11/10 06:55:52 recorder.go:46: 1731221752231398488 Open       /usr/lib/x86_64-linux-gnu/libXau.so.6.0.0
2024/11/10 06:55:52 recorder.go:46: 1731221752231880228 Lookup     /usr/lib/x86_64-linux-gnu/libXdmcp.so.6
2024/11/10 06:55:52 recorder.go:46: 1731221752231943207 Lookup     /usr/lib/x86_64-linux-gnu/libXdmcp.so.6.0.0
2024/11/10 06:55:52 recorder.go:46: 1731221752232065519 Open       /usr/lib/x86_64-linux-gnu/libXdmcp.so.6.0.0
2024/11/10 06:55:52 recorder.go:46: 1731221752232475754 Lookup     /usr/lib/x86_64-linux-gnu/libbsd.so.0
2024/11/10 06:55:52 recorder.go:46: 1731221752232556988 Lookup     /usr/lib/x86_64-linux-gnu/libbsd.so.0.11.5
2024/11/10 06:55:52 recorder.go:46: 1731221752232650475 Open       /usr/lib/x86_64-linux-gnu/libbsd.so.0.11.5
2024/11/10 06:55:52 recorder.go:46: 1731221752233132215 Lookup     /usr/lib/x86_64-linux-gnu/libmd.so.0
2024/11/10 06:55:52 recorder.go:46: 1731221752233181799 Lookup     /usr/lib/x86_64-linux-gnu/libmd.so.0.0.5
2024/11/10 06:55:52 recorder.go:46: 1731221752233270316 Open       /usr/lib/x86_64-linux-gnu/libmd.so.0.0.5
2024/11/10 06:55:52 recorder.go:46: 1731221752234316274 Open       /usr/lib/x86_64-linux-gnu/hwloc/hwloc_pci.so
2024/11/10 06:55:52 recorder.go:46: 1731221752234759752 Open       /etc/ld.so.cache
2024/11/10 06:55:52 recorder.go:46: 1731221752235043058 Lookup     /usr/lib/x86_64-linux-gnu/libpciaccess.so.0
2024/11/10 06:55:52 recorder.go:46: 1731221752235116256 Lookup     /usr/lib/x86_64-linux-gnu/libpciaccess.so.0.11.1
2024/11/10 06:55:52 recorder.go:46: 1731221752235205195 Open       /usr/lib/x86_64-linux-gnu/libpciaccess.so.0.11.1
2024/11/10 06:55:52 recorder.go:46: 1731221752595523494 Lookup     /run
2024/11/10 06:55:52 recorder.go:46: 1731221752609627188 Lookup     /var
2024/11/10 06:55:52 recorder.go:46: 1731221752609729672 Lookup     /var/run
2024/11/10 06:55:52 recorder.go:46: 1731221752611608745 Lookup     /etc/gai.conf
2024/11/10 06:55:52 recorder.go:46: 1731221752611673577 Open       /etc/gai.conf
2024/11/10 06:55:52 recorder.go:46: 1731221752619870694 Lookup     /usr/share
2024/11/10 06:55:52 recorder.go:46: 1731221752620238079 Lookup     /usr/share/misc
2024/11/10 06:55:52 recorder.go:46: 1731221752639422399 Open       /etc/ld.so.cache
2024/11/10 06:55:52 recorder.go:46: 1731221752648087360 Open       /etc/ld.so.cache
2024/11/10 06:55:52 recorder.go:46: 1731221752648836466 Open       /etc/ld.so.cache
2024/11/10 06:55:52 recorder.go:46: 1731221752649483890 Open       /etc/ld.so.cache
2024/11/10 06:55:52 recorder.go:46: 1731221752650075709 Open       /etc/ld.so.cache
2024/11/10 06:55:52 recorder.go:46: 1731221752650697415 Open       /etc/ld.so.cache
2024/11/10 06:55:52 recorder.go:46: 1731221752651388982 Open       /etc/ld.so.cache
2024/11/10 06:55:52 recorder.go:46: 1731221752651971093 Open       /etc/ld.so.cache
2024/11/10 06:55:52 recorder.go:46: 1731221752652543966 Open       /etc/ld.so.cache
2024/11/10 06:55:52 recorder.go:46: 1731221752653105287 Open       /etc/ld.so.cache
2024/11/10 06:55:52 recorder.go:46: 1731221752653648414 Open       /etc/ld.so.cache
2024/11/10 06:55:52 recorder.go:46: 1731221752654331605 Open       /etc/ld.so.cache
2024/11/10 06:55:52 recorder.go:46: 1731221752655033432 Open       /etc/ld.so.cache
2024/11/10 06:55:52 recorder.go:46: 1731221752655678091 Open       /etc/ld.so.cache
2024/11/10 06:55:52 recorder.go:46: 1731221752656318241 Open       /etc/ld.so.cache
2024/11/10 06:55:52 recorder.go:46: 1731221752656892707 Open       /etc/ld.so.cache
2024/11/10 06:55:52 recorder.go:46: 1731221752657432468 Open       /etc/ld.so.cache
2024/11/10 06:55:52 recorder.go:46: 1731221752671023954 Lookup     /opt/lammps/examples/reaxff/HNS/in.reaxc.hns
2024/11/10 06:55:52 recorder.go:46: 1731221752671126087 Open       /opt/lammps/examples/reaxff/HNS/in.reaxc.hns
2024/11/10 06:55:52 recorder.go:46: 1731221752675734089 Lookup     /opt/lammps/examples/reaxff/HNS/data.hns-equil
2024/11/10 06:55:52 recorder.go:46: 1731221752675809341 Open       /opt/lammps/examples/reaxff/HNS/data.hns-equil
2024/11/10 06:55:52 recorder.go:46: 1731221752675954956 Open       /opt/lammps/examples/reaxff/HNS/data.hns-equil
2024/11/10 06:55:52 recorder.go:46: 1731221752680557548 Lookup     /opt/lammps/examples/reaxff/HNS/ffield.reax.hns
2024/11/10 06:55:52 recorder.go:46: 1731221752680631658 Open       /opt/lammps/examples/reaxff/HNS/ffield.reax.hns
2024/11/10 06:55:52 recorder.go:46: 1731221752680736055 Open       /opt/lammps/examples/reaxff/HNS/ffield.reax.hns
2024/11/10 06:55:52 recorder.go:46: 1731221752680997129 Open       /opt/lammps/examples/reaxff/HNS/ffield.reax.hns
2024/11/10 06:55:52 recorder.go:46: 1731221752681136783 Open       /opt/lammps/examples/reaxff/HNS/ffield.reax.hns
2024/11/10 07:02:33 recorder.go:46: 1731222153219407772 Lookup     /etc
2024/11/10 07:02:33 recorder.go:46: 1731222153219613642 Lookup     /etc/host.conf
2024/11/10 07:02:33 recorder.go:46: 1731222153219693593 Lookup     /etc/hosts
2024/11/10 07:02:33 recorder.go:46: 1731222153219731735 Lookup     /etc/nsswitch.conf
2024/11/10 07:02:33 recorder.go:46: 1731222153219762052 Lookup     /etc/resolv.conf
2024/11/10 07:02:33 recorder.go:46: 1731222153219792710 Lookup     /dev
2024/11/10 07:02:33 recorder.go:46: 1731222153219820984 Lookup     /sys
2024/11/10 07:02:33 recorder.go:46: 1731222153219845690 Lookup     /proc
2024/11/10 07:02:33 recorder.go:46: 1731222153219876809 Lookup     /tmp
2024/11/10 07:02:33 recorder.go:46: 1731222153219900604 Lookup     /root
2024/11/10 07:02:33 recorder.go:46: 1731222153219945369 Lookup     /opt
2024/11/10 07:02:33 recorder.go:46: 1731222153219974504 Lookup     /opt/lammps
2024/11/10 07:02:33 recorder.go:46: 1731222153219999521 Lookup     /opt/lammps/examples
2024/11/10 07:02:33 recorder.go:46: 1731222153220023246 Lookup     /opt/lammps/examples/reaxff
2024/11/10 07:02:33 recorder.go:46: 1731222153220049245 Lookup     /opt/lammps/examples/reaxff/HNS
2024/11/10 07:02:33 recorder.go:46: 1731222153220157761 Lookup     /usr
2024/11/10 07:02:33 recorder.go:46: 1731222153220186154 Lookup     /usr/local
2024/11/10 07:02:33 recorder.go:46: 1731222153220204469 Lookup     /usr/local/sbin
2024/11/10 07:02:33 recorder.go:46: 1731222153220277547 Lookup     /usr/local/bin
2024/11/10 07:02:33 recorder.go:46: 1731222153220345035 Lookup     /usr/sbin
2024/11/10 07:02:33 recorder.go:46: 1731222153220410739 Lookup     /usr/bin
2024/11/10 07:02:33 recorder.go:46: 1731222153220434855 Lookup     /usr/bin/lmp
2024/11/10 07:02:33 recorder.go:46: 1731222153220699345 Open       /usr/bin/lmp
2024/11/10 07:02:33 recorder.go:46: 1731222153220811978 Open       /usr/bin/lmp
2024/11/10 07:02:33 recorder.go:46: 1731222153220877752 Lookup     /lib64
2024/11/10 07:02:33 recorder.go:46: 1731222153220920082 Lookup     /usr/lib64
2024/11/10 07:02:33 recorder.go:46: 1731222153220994894 Lookup     /usr/lib64/ld-linux-x86-64.so.2
2024/11/10 07:02:33 recorder.go:46: 1731222153221056871 Lookup     /lib
2024/11/10 07:02:33 recorder.go:46: 1731222153221084002 Lookup     /usr/lib
2024/11/10 07:02:33 recorder.go:46: 1731222153221141181 Lookup     /usr/lib/x86_64-linux-gnu
2024/11/10 07:02:33 recorder.go:46: 1731222153221161239 Lookup     /usr/lib/x86_64-linux-gnu/ld-linux-x86-64.so.2
2024/11/10 07:02:33 recorder.go:46: 1731222153221221082 Open       /usr/lib/x86_64-linux-gnu/ld-linux-x86-64.so.2
2024/11/10 07:02:33 recorder.go:46: 1731222153222130552 Open       /usr/bin/lmp
2024/11/10 07:02:33 recorder.go:46: 1731222153222667047 Open       /usr/lib/x86_64-linux-gnu/ld-linux-x86-64.so.2
2024/11/10 07:02:33 recorder.go:46: 1731222153223540278 Lookup     /etc/ld.so.cache
2024/11/10 07:02:33 recorder.go:46: 1731222153223583169 Open       /etc/ld.so.cache
2024/11/10 07:02:33 recorder.go:46: 1731222153223814106 Lookup     /usr/lib/x86_64-linux-gnu/libgomp.so.1
2024/11/10 07:02:33 recorder.go:46: 1731222153223860544 Lookup     /usr/lib/x86_64-linux-gnu/libgomp.so.1.0.0
2024/11/10 07:02:33 recorder.go:46: 1731222153223929524 Open       /usr/lib/x86_64-linux-gnu/libgomp.so.1.0.0
2024/11/10 07:02:33 recorder.go:46: 1731222153224515713 Lookup     /usr/lib/x86_64-linux-gnu/libmpich.so.12
2024/11/10 07:02:33 recorder.go:46: 1731222153224560878 Lookup     /usr/lib/x86_64-linux-gnu/libmpich.so.12.2.0
2024/11/10 07:02:33 recorder.go:46: 1731222153224632915 Open       /usr/lib/x86_64-linux-gnu/libmpich.so.12.2.0
2024/11/10 07:02:33 recorder.go:46: 1731222153225089769 Lookup     /usr/lib/x86_64-linux-gnu/libstdc++.so.6
2024/11/10 07:02:33 recorder.go:46: 1731222153225121439 Lookup     /usr/lib/x86_64-linux-gnu/libstdc++.so.6.0.30
2024/11/10 07:02:33 recorder.go:46: 1731222153225180250 Open       /usr/lib/x86_64-linux-gnu/libstdc++.so.6.0.30
2024/11/10 07:02:33 recorder.go:46: 1731222153225751650 Lookup     /usr/lib/x86_64-linux-gnu/libm.so.6
2024/11/10 07:02:33 recorder.go:46: 1731222153225822464 Open       /usr/lib/x86_64-linux-gnu/libm.so.6
2024/11/10 07:02:33 recorder.go:46: 1731222153226394356 Lookup     /usr/lib/x86_64-linux-gnu/libgcc_s.so.1
2024/11/10 07:02:33 recorder.go:46: 1731222153226429673 Open       /usr/lib/x86_64-linux-gnu/libgcc_s.so.1
2024/11/10 07:02:33 recorder.go:46: 1731222153226774726 Lookup     /usr/lib/x86_64-linux-gnu/libc.so.6
2024/11/10 07:02:33 recorder.go:46: 1731222153226807798 Open       /usr/lib/x86_64-linux-gnu/libc.so.6
2024/11/10 07:02:33 recorder.go:46: 1731222153227546996 Lookup     /usr/lib/x86_64-linux-gnu/libhwloc.so.15
2024/11/10 07:02:33 recorder.go:46: 1731222153227587343 Lookup     /usr/lib/x86_64-linux-gnu/libhwloc.so.15.5.2
2024/11/10 07:02:33 recorder.go:46: 1731222153227647647 Open       /usr/lib/x86_64-linux-gnu/libhwloc.so.15.5.2
2024/11/10 07:02:33 recorder.go:46: 1731222153228011755 Lookup     /usr/lib/x86_64-linux-gnu/libfabric.so.1
2024/11/10 07:02:33 recorder.go:46: 1731222153228044096 Lookup     /usr/lib/x86_64-linux-gnu/libfabric.so.1.14.0
2024/11/10 07:02:33 recorder.go:46: 1731222153228105613 Open       /usr/lib/x86_64-linux-gnu/libfabric.so.1.14.0
2024/11/10 07:02:33 recorder.go:46: 1731222153228473789 Lookup     /usr/lib/x86_64-linux-gnu/libudev.so.1
2024/11/10 07:02:33 recorder.go:46: 1731222153228538722 Lookup     /usr/lib/x86_64-linux-gnu/libudev.so.1.7.2
2024/11/10 07:02:33 recorder.go:46: 1731222153228627229 Open       /usr/lib/x86_64-linux-gnu/libudev.so.1.7.2
2024/11/10 07:02:33 recorder.go:46: 1731222153229045019 Lookup     /usr/lib/x86_64-linux-gnu/librdmacm.so.1
2024/11/10 07:02:33 recorder.go:46: 1731222153229081188 Lookup     /usr/lib/x86_64-linux-gnu/librdmacm.so.1.3.39.0
2024/11/10 07:02:33 recorder.go:46: 1731222153229160047 Open       /usr/lib/x86_64-linux-gnu/librdmacm.so.1.3.39.0
2024/11/10 07:02:33 recorder.go:46: 1731222153229596352 Lookup     /usr/lib/x86_64-linux-gnu/libefa.so.1
2024/11/10 07:02:33 recorder.go:46: 1731222153229633783 Lookup     /usr/lib/x86_64-linux-gnu/libefa.so.1.1.39.0
2024/11/10 07:02:33 recorder.go:46: 1731222153229690390 Open       /usr/lib/x86_64-linux-gnu/libefa.so.1.1.39.0
2024/11/10 07:02:33 recorder.go:46: 1731222153229982242 Lookup     /usr/lib/x86_64-linux-gnu/libibverbs.so.1
2024/11/10 07:02:33 recorder.go:46: 1731222153230011257 Lookup     /usr/lib/x86_64-linux-gnu/libibverbs.so.1.14.39.0
2024/11/10 07:02:33 recorder.go:46: 1731222153230072032 Open       /usr/lib/x86_64-linux-gnu/libibverbs.so.1.14.39.0
2024/11/10 07:02:33 recorder.go:46: 1731222153230355879 Lookup     /usr/lib/x86_64-linux-gnu/libpsm_infinipath.so.1
2024/11/10 07:02:33 recorder.go:46: 1731222153230452311 Lookup     /etc/alternatives
2024/11/10 07:02:33 recorder.go:46: 1731222153230483250 Lookup     /etc/alternatives/libpsm_infinipath.so.1
2024/11/10 07:02:33 recorder.go:46: 1731222153230574021 Lookup     /usr/lib/libpsm1
2024/11/10 07:02:33 recorder.go:46: 1731222153230597245 Lookup     /usr/lib/libpsm1/libpsm_infinipath.so.1.16
2024/11/10 07:02:33 recorder.go:46: 1731222153230632943 Open       /usr/lib/libpsm1/libpsm_infinipath.so.1.16
2024/11/10 07:02:33 recorder.go:46: 1731222153231060131 Lookup     /usr/lib/x86_64-linux-gnu/libpsm2.so.2
2024/11/10 07:02:33 recorder.go:46: 1731222153231096329 Lookup     /usr/lib/x86_64-linux-gnu/libpsm2.so.2.2
2024/11/10 07:02:33 recorder.go:46: 1731222153231157375 Open       /usr/lib/x86_64-linux-gnu/libpsm2.so.2.2
2024/11/10 07:02:33 recorder.go:46: 1731222153231522966 Lookup     /usr/lib/x86_64-linux-gnu/libnl-3.so.200
2024/11/10 07:02:33 recorder.go:46: 1731222153231625620 Lookup     /usr/lib/x86_64-linux-gnu/libnl-3.so.200.26.0
2024/11/10 07:02:33 recorder.go:46: 1731222153231704990 Open       /usr/lib/x86_64-linux-gnu/libnl-3.so.200.26.0
2024/11/10 07:02:33 recorder.go:46: 1731222153232059391 Lookup     /usr/lib/x86_64-linux-gnu/libnl-route-3.so.200
2024/11/10 07:02:33 recorder.go:46: 1731222153232097713 Lookup     /usr/lib/x86_64-linux-gnu/libnl-route-3.so.200.26.0
2024/11/10 07:02:33 recorder.go:46: 1731222153232156765 Open       /usr/lib/x86_64-linux-gnu/libnl-route-3.so.200.26.0
2024/11/10 07:02:33 recorder.go:46: 1731222153232650939 Lookup     /usr/lib/x86_64-linux-gnu/libinfinipath.so.4
2024/11/10 07:02:33 recorder.go:46: 1731222153232697177 Lookup     /usr/lib/x86_64-linux-gnu/libinfinipath.so.4.0
2024/11/10 07:02:33 recorder.go:46: 1731222153232761048 Open       /usr/lib/x86_64-linux-gnu/libinfinipath.so.4.0
2024/11/10 07:02:33 recorder.go:46: 1731222153233104337 Lookup     /usr/lib/x86_64-linux-gnu/librt.so.1
2024/11/10 07:02:33 recorder.go:46: 1731222153233143170 Open       /usr/lib/x86_64-linux-gnu/librt.so.1
2024/11/10 07:02:33 recorder.go:46: 1731222153233379407 Lookup     /usr/lib/x86_64-linux-gnu/libpthread.so.0
2024/11/10 07:02:33 recorder.go:46: 1731222153233402731 Open       /usr/lib/x86_64-linux-gnu/libpthread.so.0
2024/11/10 07:02:33 recorder.go:46: 1731222153233672572 Lookup     /usr/lib/x86_64-linux-gnu/libdl.so.2
2024/11/10 07:02:33 recorder.go:46: 1731222153233704512 Open       /usr/lib/x86_64-linux-gnu/libdl.so.2
2024/11/10 07:02:33 recorder.go:46: 1731222153233976937 Lookup     /usr/lib/x86_64-linux-gnu/libuuid.so.1
2024/11/10 07:02:33 recorder.go:46: 1731222153234015410 Lookup     /usr/lib/x86_64-linux-gnu/libuuid.so.1.3.0
2024/11/10 07:02:33 recorder.go:46: 1731222153234079922 Open       /usr/lib/x86_64-linux-gnu/libuuid.so.1.3.0
2024/11/10 07:02:33 recorder.go:46: 1731222153234367586 Lookup     /usr/lib/x86_64-linux-gnu/libnuma.so.1
2024/11/10 07:02:33 recorder.go:46: 1731222153234400028 Lookup     /usr/lib/x86_64-linux-gnu/libnuma.so.1.0.0
2024/11/10 07:02:33 recorder.go:46: 1731222153234459590 Open       /usr/lib/x86_64-linux-gnu/libnuma.so.1.0.0
2024/11/10 07:02:33 recorder.go:46: 1731222153445538471 Lookup     /usr/lib/x86_64-linux-gnu/hwloc
2024/11/10 07:02:33 recorder.go:46: 1731222153445778886 Lookup     /usr/lib/x86_64-linux-gnu/hwloc/hwloc_opencl.so
2024/11/10 07:02:33 recorder.go:46: 1731222153445822939 Lookup     /usr/lib/x86_64-linux-gnu/hwloc/hwloc_xml_libxml.so
2024/11/10 07:02:33 recorder.go:46: 1731222153445834190 Lookup     /usr/lib/x86_64-linux-gnu/hwloc/hwloc_gl.so
2024/11/10 07:02:33 recorder.go:46: 1731222153445845301 Lookup     /usr/lib/x86_64-linux-gnu/hwloc/hwloc_pci.so
2024/11/10 07:02:33 recorder.go:46: 1731222153446076238 Open       /usr/lib/x86_64-linux-gnu/hwloc/hwloc_opencl.so
2024/11/10 07:02:33 recorder.go:46: 1731222153446533723 Open       /etc/ld.so.cache
2024/11/10 07:02:33 recorder.go:46: 1731222153446837077 Lookup     /usr/lib/x86_64-linux-gnu/libOpenCL.so.1
2024/11/10 07:02:33 recorder.go:46: 1731222153446875049 Lookup     /usr/lib/x86_64-linux-gnu/libOpenCL.so.1.0.0
2024/11/10 07:02:33 recorder.go:46: 1731222153446933169 Open       /usr/lib/x86_64-linux-gnu/libOpenCL.so.1.0.0
2024/11/10 07:02:33 recorder.go:46: 1731222153447543563 Open       /usr/lib/x86_64-linux-gnu/hwloc/hwloc_xml_libxml.so
2024/11/10 07:02:33 recorder.go:46: 1731222153447836277 Open       /etc/ld.so.cache
2024/11/10 07:02:33 recorder.go:46: 1731222153448141985 Lookup     /usr/lib/x86_64-linux-gnu/libxml2.so.2
2024/11/10 07:02:33 recorder.go:46: 1731222153448183884 Lookup     /usr/lib/x86_64-linux-gnu/libxml2.so.2.9.13
2024/11/10 07:02:33 recorder.go:46: 1731222153448244569 Open       /usr/lib/x86_64-linux-gnu/libxml2.so.2.9.13
2024/11/10 07:02:33 recorder.go:46: 1731222153448769562 Lookup     /usr/lib/x86_64-linux-gnu/libicuuc.so.70
2024/11/10 07:02:33 recorder.go:46: 1731222153448810450 Lookup     /usr/lib/x86_64-linux-gnu/libicuuc.so.70.1
2024/11/10 07:02:33 recorder.go:46: 1731222153448871265 Open       /usr/lib/x86_64-linux-gnu/libicuuc.so.70.1
2024/11/10 07:02:33 recorder.go:46: 1731222153449264478 Lookup     /usr/lib/x86_64-linux-gnu/libz.so.1
2024/11/10 07:02:33 recorder.go:46: 1731222153449304514 Lookup     /usr/lib/x86_64-linux-gnu/libz.so.1.2.11
2024/11/10 07:02:33 recorder.go:46: 1731222153449366571 Open       /usr/lib/x86_64-linux-gnu/libz.so.1.2.11
2024/11/10 07:02:33 recorder.go:46: 1731222153449715461 Lookup     /usr/lib/x86_64-linux-gnu/liblzma.so.5
2024/11/10 07:02:33 recorder.go:46: 1731222153449752361 Lookup     /usr/lib/x86_64-linux-gnu/liblzma.so.5.2.5
2024/11/10 07:02:33 recorder.go:46: 1731222153449817354 Open       /usr/lib/x86_64-linux-gnu/liblzma.so.5.2.5
2024/11/10 07:02:33 recorder.go:46: 1731222153450174109 Lookup     /usr/lib/x86_64-linux-gnu/libicudata.so.70
2024/11/10 07:02:33 recorder.go:46: 1731222153450214034 Lookup     /usr/lib/x86_64-linux-gnu/libicudata.so.70.1
2024/11/10 07:02:33 recorder.go:46: 1731222153450279137 Open       /usr/lib/x86_64-linux-gnu/libicudata.so.70.1
2024/11/10 07:02:33 recorder.go:46: 1731222153451606408 Open       /usr/lib/x86_64-linux-gnu/hwloc/hwloc_gl.so
2024/11/10 07:02:33 recorder.go:46: 1731222153451844448 Open       /etc/ld.so.cache
2024/11/10 07:02:33 recorder.go:46: 1731222153452030550 Lookup     /usr/lib/x86_64-linux-gnu/libXNVCtrl.so.0
2024/11/10 07:02:33 recorder.go:46: 1731222153452068231 Lookup     /usr/lib/x86_64-linux-gnu/libXNVCtrl.so.0.0.0
2024/11/10 07:02:33 recorder.go:46: 1731222153452144926 Open       /usr/lib/x86_64-linux-gnu/libXNVCtrl.so.0.0.0
2024/11/10 07:02:33 recorder.go:46: 1731222153452554210 Lookup     /usr/lib/x86_64-linux-gnu/libX11.so.6
2024/11/10 07:02:33 recorder.go:46: 1731222153452613322 Lookup     /usr/lib/x86_64-linux-gnu/libX11.so.6.4.0
2024/11/10 07:02:33 recorder.go:46: 1731222153452704314 Open       /usr/lib/x86_64-linux-gnu/libX11.so.6.4.0
2024/11/10 07:02:33 recorder.go:46: 1731222153453153474 Lookup     /usr/lib/x86_64-linux-gnu/libXext.so.6
2024/11/10 07:02:33 recorder.go:46: 1731222153453202707 Lookup     /usr/lib/x86_64-linux-gnu/libXext.so.6.4.0
2024/11/10 07:02:33 recorder.go:46: 1731222153453271026 Open       /usr/lib/x86_64-linux-gnu/libXext.so.6.4.0
2024/11/10 07:02:33 recorder.go:46: 1731222153453600399 Lookup     /usr/lib/x86_64-linux-gnu/libxcb.so.1
2024/11/10 07:02:33 recorder.go:46: 1731222153453647268 Lookup     /usr/lib/x86_64-linux-gnu/libxcb.so.1.1.0
2024/11/10 07:02:33 recorder.go:46: 1731222153453729313 Open       /usr/lib/x86_64-linux-gnu/libxcb.so.1.1.0
2024/11/10 07:02:33 recorder.go:46: 1731222153454232925 Lookup     /usr/lib/x86_64-linux-gnu/libXau.so.6
2024/11/10 07:02:33 recorder.go:46: 1731222153454285024 Lookup     /usr/lib/x86_64-linux-gnu/libXau.so.6.0.0
2024/11/10 07:02:33 recorder.go:46: 1731222153454379232 Open       /usr/lib/x86_64-linux-gnu/libXau.so.6.0.0
2024/11/10 07:02:33 recorder.go:46: 1731222153454837609 Lookup     /usr/lib/x86_64-linux-gnu/libXdmcp.so.6
2024/11/10 07:02:33 recorder.go:46: 1731222153454899356 Lookup     /usr/lib/x86_64-linux-gnu/libXdmcp.so.6.0.0
2024/11/10 07:02:33 recorder.go:46: 1731222153454976321 Open       /usr/lib/x86_64-linux-gnu/libXdmcp.so.6.0.0
2024/11/10 07:02:33 recorder.go:46: 1731222153455307999 Lookup     /usr/lib/x86_64-linux-gnu/libbsd.so.0
2024/11/10 07:02:33 recorder.go:46: 1731222153455349557 Lookup     /usr/lib/x86_64-linux-gnu/libbsd.so.0.11.5
2024/11/10 07:02:33 recorder.go:46: 1731222153455408849 Open       /usr/lib/x86_64-linux-gnu/libbsd.so.0.11.5
2024/11/10 07:02:33 recorder.go:46: 1731222153455742030 Lookup     /usr/lib/x86_64-linux-gnu/libmd.so.0
2024/11/10 07:02:33 recorder.go:46: 1731222153455777907 Lookup     /usr/lib/x86_64-linux-gnu/libmd.so.0.0.5
2024/11/10 07:02:33 recorder.go:46: 1731222153455837500 Open       /usr/lib/x86_64-linux-gnu/libmd.so.0.0.5
2024/11/10 07:02:33 recorder.go:46: 1731222153456629688 Open       /usr/lib/x86_64-linux-gnu/hwloc/hwloc_pci.so
2024/11/10 07:02:33 recorder.go:46: 1731222153456879691 Open       /etc/ld.so.cache
2024/11/10 07:02:33 recorder.go:46: 1731222153457112141 Lookup     /usr/lib/x86_64-linux-gnu/libpciaccess.so.0
2024/11/10 07:02:33 recorder.go:46: 1731222153457177364 Lookup     /usr/lib/x86_64-linux-gnu/libpciaccess.so.0.11.1
2024/11/10 07:02:33 recorder.go:46: 1731222153457258037 Open       /usr/lib/x86_64-linux-gnu/libpciaccess.so.0.11.1
2024/11/10 07:02:33 recorder.go:46: 1731222153765066456 Lookup     /run
2024/11/10 07:02:33 recorder.go:46: 1731222153771437616 Lookup     /var
2024/11/10 07:02:33 recorder.go:46: 1731222153771496888 Lookup     /var/run
2024/11/10 07:02:33 recorder.go:46: 1731222153772694242 Lookup     /etc/gai.conf
2024/11/10 07:02:33 recorder.go:46: 1731222153772743315 Open       /etc/gai.conf
2024/11/10 07:02:33 recorder.go:46: 1731222153781865759 Lookup     /usr/share
2024/11/10 07:02:33 recorder.go:46: 1731222153781951952 Lookup     /usr/share/misc
2024/11/10 07:02:33 recorder.go:46: 1731222153798996890 Open       /etc/ld.so.cache
2024/11/10 07:02:33 recorder.go:46: 1731222153808428698 Open       /etc/ld.so.cache
2024/11/10 07:02:33 recorder.go:46: 1731222153809102232 Open       /etc/ld.so.cache
2024/11/10 07:02:33 recorder.go:46: 1731222153809752422 Open       /etc/ld.so.cache
2024/11/10 07:02:33 recorder.go:46: 1731222153810339492 Open       /etc/ld.so.cache
2024/11/10 07:02:33 recorder.go:46: 1731222153810988420 Open       /etc/ld.so.cache
2024/11/10 07:02:33 recorder.go:46: 1731222153811573606 Open       /etc/ld.so.cache
2024/11/10 07:02:33 recorder.go:46: 1731222153812195332 Open       /etc/ld.so.cache
2024/11/10 07:02:33 recorder.go:46: 1731222153812788685 Open       /etc/ld.so.cache
2024/11/10 07:02:33 recorder.go:46: 1731222153813413085 Open       /etc/ld.so.cache
2024/11/10 07:02:33 recorder.go:46: 1731222153814045662 Open       /etc/ld.so.cache
2024/11/10 07:02:33 recorder.go:46: 1731222153814672948 Open       /etc/ld.so.cache
2024/11/10 07:02:33 recorder.go:46: 1731222153815307779 Open       /etc/ld.so.cache
2024/11/10 07:02:33 recorder.go:46: 1731222153815856477 Open       /etc/ld.so.cache
2024/11/10 07:02:33 recorder.go:46: 1731222153816390366 Open       /etc/ld.so.cache
2024/11/10 07:02:33 recorder.go:46: 1731222153816940707 Open       /etc/ld.so.cache
2024/11/10 07:02:33 recorder.go:46: 1731222153817482372 Open       /etc/ld.so.cache
2024/11/10 07:02:33 recorder.go:46: 1731222153827672545 Lookup     /opt/lammps/examples/reaxff/HNS/in.reaxc.hns
2024/11/10 07:02:33 recorder.go:46: 1731222153827744571 Open       /opt/lammps/examples/reaxff/HNS/in.reaxc.hns
2024/11/10 07:02:33 recorder.go:46: 1731222153829042616 Lookup     /opt/lammps/examples/reaxff/HNS/data.hns-equil
2024/11/10 07:02:33 recorder.go:46: 1731222153829106777 Open       /opt/lammps/examples/reaxff/HNS/data.hns-equil
2024/11/10 07:02:33 recorder.go:46: 1731222153829252002 Open       /opt/lammps/examples/reaxff/HNS/data.hns-equil
2024/11/10 07:02:33 recorder.go:46: 1731222153832736523 Lookup     /opt/lammps/examples/reaxff/HNS/ffield.reax.hns
2024/11/10 07:02:33 recorder.go:46: 1731222153832805703 Open       /opt/lammps/examples/reaxff/HNS/ffield.reax.hns
2024/11/10 07:02:33 recorder.go:46: 1731222153832953563 Open       /opt/lammps/examples/reaxff/HNS/ffield.reax.hns
2024/11/10 07:02:33 recorder.go:46: 1731222153833141599 Open       /opt/lammps/examples/reaxff/HNS/ffield.reax.hns
2024/11/10 07:02:33 recorder.go:46: 1731222153833321980 Open       /opt/lammps/examples/reaxff/HNS/ffield.reax.hns
