2024/11/10 07:14:35 recorder.go:46: 1731222875049004847 Lookup     /etc
2024/11/10 07:14:35 recorder.go:46: 1731222875049176291 Lookup     /etc/host.conf
2024/11/10 07:14:35 recorder.go:46: 1731222875049274042 Lookup     /etc/hosts
2024/11/10 07:14:35 recorder.go:46: 1731222875049349419 Lookup     /etc/nsswitch.conf
2024/11/10 07:14:35 recorder.go:46: 1731222875049393685 Lookup     /etc/resolv.conf
2024/11/10 07:14:35 recorder.go:46: 1731222875049467068 Lookup     /dev
2024/11/10 07:14:35 recorder.go:46: 1731222875049545360 Lookup     /sys
2024/11/10 07:14:35 recorder.go:46: 1731222875049568125 Lookup     /proc
2024/11/10 07:14:35 recorder.go:46: 1731222875049597412 Lookup     /tmp
2024/11/10 07:14:35 recorder.go:46: 1731222875049617581 Lookup     /root
2024/11/10 07:14:35 recorder.go:46: 1731222875049662859 Lookup     /opt
2024/11/10 07:14:35 recorder.go:46: 1731222875049684201 Lookup     /opt/lammps
2024/11/10 07:14:35 recorder.go:46: 1731222875049705823 Lookup     /opt/lammps/examples
2024/11/10 07:14:35 recorder.go:46: 1731222875049736092 Lookup     /opt/lammps/examples/reax
2024/11/10 07:14:35 recorder.go:46: 1731222875049760299 Lookup     /opt/lammps/examples/reax/HNS
2024/11/10 07:14:35 recorder.go:46: 1731222875049993473 Lookup     /usr
2024/11/10 07:14:35 recorder.go:46: 1731222875050021638 Lookup     /usr/local
2024/11/10 07:14:35 recorder.go:46: 1731222875050047739 Lookup     /usr/local/sbin
2024/11/10 07:14:35 recorder.go:46: 1731222875050140309 Lookup     /usr/local/bin
2024/11/10 07:14:35 recorder.go:46: 1731222875050216548 Lookup     /usr/sbin
2024/11/10 07:14:35 recorder.go:46: 1731222875050302125 Lookup     /usr/bin
2024/11/10 07:14:35 recorder.go:46: 1731222875050346401 Lookup     /usr/bin/lmp
2024/11/10 07:14:35 recorder.go:46: 1731222875050776729 Open       /usr/bin/lmp
2024/11/10 07:14:35 recorder.go:46: 1731222875051209432 Open       /usr/bin/lmp
2024/11/10 07:14:35 recorder.go:46: 1731222875051310509 Lookup     /lib64
2024/11/10 07:14:35 recorder.go:46: 1731222875051362450 Lookup     /usr/lib64
2024/11/10 07:14:35 recorder.go:46: 1731222875051457295 Lookup     /usr/lib64/ld-linux-x86-64.so.2
2024/11/10 07:14:35 recorder.go:46: 1731222875051557891 Lookup     /lib
2024/11/10 07:14:35 recorder.go:46: 1731222875051593601 Lookup     /usr/lib
2024/11/10 07:14:35 recorder.go:46: 1731222875051667004 Lookup     /usr/lib/x86_64-linux-gnu
2024/11/10 07:14:35 recorder.go:46: 1731222875051696110 Lookup     /usr/lib/x86_64-linux-gnu/ld-linux-x86-64.so.2
2024/11/10 07:14:35 recorder.go:46: 1731222875051784252 Open       /usr/lib/x86_64-linux-gnu/ld-linux-x86-64.so.2
2024/11/10 07:14:35 recorder.go:46: 1731222875052437405 Open       /usr/bin/lmp
2024/11/10 07:14:35 recorder.go:46: 1731222875053189961 Open       /usr/lib/x86_64-linux-gnu/ld-linux-x86-64.so.2
2024/11/10 07:14:35 recorder.go:46: 1731222875054150692 Lookup     /etc/ld.so.cache
2024/11/10 07:14:35 recorder.go:46: 1731222875054184368 Open       /etc/ld.so.cache
2024/11/10 07:14:35 recorder.go:46: 1731222875054408705 Lookup     /usr/lib/x86_64-linux-gnu/libmpich.so.12
2024/11/10 07:14:35 recorder.go:46: 1731222875054464123 Lookup     /usr/lib/x86_64-linux-gnu/libmpich.so.12.2.0
2024/11/10 07:14:35 recorder.go:46: 1731222875054557705 Open       /usr/lib/x86_64-linux-gnu/libmpich.so.12.2.0
2024/11/10 07:14:35 recorder.go:46: 1731222875055203203 Lookup     /usr/lib/x86_64-linux-gnu/libgomp.so.1
2024/11/10 07:14:35 recorder.go:46: 1731222875055267288 Lookup     /usr/lib/x86_64-linux-gnu/libgomp.so.1.0.0
2024/11/10 07:14:35 recorder.go:46: 1731222875055342565 Open       /usr/lib/x86_64-linux-gnu/libgomp.so.1.0.0
2024/11/10 07:14:35 recorder.go:46: 1731222875055770649 Lookup     /usr/lib/x86_64-linux-gnu/libstdc++.so.6
2024/11/10 07:14:35 recorder.go:46: 1731222875055821007 Lookup     /usr/lib/x86_64-linux-gnu/libstdc++.so.6.0.30
2024/11/10 07:14:35 recorder.go:46: 1731222875055884360 Open       /usr/lib/x86_64-linux-gnu/libstdc++.so.6.0.30
2024/11/10 07:14:35 recorder.go:46: 1731222875056317243 Lookup     /usr/lib/x86_64-linux-gnu/libm.so.6
2024/11/10 07:14:35 recorder.go:46: 1731222875056362441 Open       /usr/lib/x86_64-linux-gnu/libm.so.6
2024/11/10 07:14:35 recorder.go:46: 1731222875056833920 Lookup     /usr/lib/x86_64-linux-gnu/libgcc_s.so.1
2024/11/10 07:14:35 recorder.go:46: 1731222875056873617 Open       /usr/lib/x86_64-linux-gnu/libgcc_s.so.1
2024/11/10 07:14:35 recorder.go:46: 1731222875057191827 Lookup     /usr/lib/x86_64-linux-gnu/libc.so.6
2024/11/10 07:14:35 recorder.go:46: 1731222875057229911 Open       /usr/lib/x86_64-linux-gnu/libc.so.6
2024/11/10 07:14:35 recorder.go:46: 1731222875057768841 Lookup     /usr/lib/x86_64-linux-gnu/libhwloc.so.15
2024/11/10 07:14:35 recorder.go:46: 1731222875057825291 Lookup     /usr/lib/x86_64-linux-gnu/libhwloc.so.15.5.2
2024/11/10 07:14:35 recorder.go:46: 1731222875057894556 Open       /usr/lib/x86_64-linux-gnu/libhwloc.so.15.5.2
2024/11/10 07:14:35 recorder.go:46: 1731222875058345485 Lookup     /usr/lib/x86_64-linux-gnu/libfabric.so.1
2024/11/10 07:14:35 recorder.go:46: 1731222875058393478 Lookup     /usr/lib/x86_64-linux-gnu/libfabric.so.1.14.0
2024/11/10 07:14:35 recorder.go:46: 1731222875058467743 Open       /usr/lib/x86_64-linux-gnu/libfabric.so.1.14.0
2024/11/10 07:14:35 recorder.go:46: 1731222875059376664 Lookup     /usr/lib/x86_64-linux-gnu/libudev.so.1
2024/11/10 07:14:35 recorder.go:46: 1731222875059446410 Lookup     /usr/lib/x86_64-linux-gnu/libudev.so.1.7.2
2024/11/10 07:14:35 recorder.go:46: 1731222875059542116 Open       /usr/lib/x86_64-linux-gnu/libudev.so.1.7.2
2024/11/10 07:14:35 recorder.go:46: 1731222875059912157 Lookup     /usr/lib/x86_64-linux-gnu/librdmacm.so.1
2024/11/10 07:14:35 recorder.go:46: 1731222875059963547 Lookup     /usr/lib/x86_64-linux-gnu/librdmacm.so.1.3.39.0
2024/11/10 07:14:35 recorder.go:46: 1731222875060028083 Open       /usr/lib/x86_64-linux-gnu/librdmacm.so.1.3.39.0
2024/11/10 07:14:35 recorder.go:46: 1731222875060343778 Lookup     /usr/lib/x86_64-linux-gnu/libefa.so.1
2024/11/10 07:14:35 recorder.go:46: 1731222875060388515 Lookup     /usr/lib/x86_64-linux-gnu/libefa.so.1.1.39.0
2024/11/10 07:14:35 recorder.go:46: 1731222875060448221 Open       /usr/lib/x86_64-linux-gnu/libefa.so.1.1.39.0
2024/11/10 07:14:35 recorder.go:46: 1731222875060753205 Lookup     /usr/lib/x86_64-linux-gnu/libibverbs.so.1
2024/11/10 07:14:35 recorder.go:46: 1731222875060802762 Lookup     /usr/lib/x86_64-linux-gnu/libibverbs.so.1.14.39.0
2024/11/10 07:14:35 recorder.go:46: 1731222875060868660 Open       /usr/lib/x86_64-linux-gnu/libibverbs.so.1.14.39.0
2024/11/10 07:14:35 recorder.go:46: 1731222875061194175 Lookup     /usr/lib/x86_64-linux-gnu/libpsm_infinipath.so.1
2024/11/10 07:14:35 recorder.go:46: 1731222875061311183 Lookup     /etc/alternatives
2024/11/10 07:14:35 recorder.go:46: 1731222875061339478 Lookup     /etc/alternatives/libpsm_infinipath.so.1
2024/11/10 07:14:35 recorder.go:46: 1731222875061405186 Lookup     /usr/lib/libpsm1
2024/11/10 07:14:35 recorder.go:46: 1731222875061428571 Lookup     /usr/lib/libpsm1/libpsm_infinipath.so.1.16
2024/11/10 07:14:35 recorder.go:46: 1731222875061464481 Open       /usr/lib/libpsm1/libpsm_infinipath.so.1.16
2024/11/10 07:14:35 recorder.go:46: 1731222875062223520 Lookup     /usr/lib/x86_64-linux-gnu/libpsm2.so.2
2024/11/10 07:14:35 recorder.go:46: 1731222875062277245 Lookup     /usr/lib/x86_64-linux-gnu/libpsm2.so.2.2
2024/11/10 07:14:35 recorder.go:46: 1731222875062353904 Open       /usr/lib/x86_64-linux-gnu/libpsm2.so.2.2
2024/11/10 07:14:35 recorder.go:46: 1731222875062789713 Lookup     /usr/lib/x86_64-linux-gnu/libnl-3.so.200
2024/11/10 07:14:35 recorder.go:46: 1731222875062833989 Lookup     /usr/lib/x86_64-linux-gnu/libnl-3.so.200.26.0
2024/11/10 07:14:35 recorder.go:46: 1731222875062904076 Open       /usr/lib/x86_64-linux-gnu/libnl-3.so.200.26.0
2024/11/10 07:14:35 recorder.go:46: 1731222875063447955 Lookup     /usr/lib/x86_64-linux-gnu/libnl-route-3.so.200
2024/11/10 07:14:35 recorder.go:46: 1731222875063510637 Lookup     /usr/lib/x86_64-linux-gnu/libnl-route-3.so.200.26.0
2024/11/10 07:14:35 recorder.go:46: 1731222875063594601 Open       /usr/lib/x86_64-linux-gnu/libnl-route-3.so.200.26.0
2024/11/10 07:14:35 recorder.go:46: 1731222875064580612 Lookup     /usr/lib/x86_64-linux-gnu/libinfinipath.so.4
2024/11/10 07:14:35 recorder.go:46: 1731222875064660558 Lookup     /usr/lib/x86_64-linux-gnu/libinfinipath.so.4.0
2024/11/10 07:14:35 recorder.go:46: 1731222875064731556 Open       /usr/lib/x86_64-linux-gnu/libinfinipath.so.4.0
2024/11/10 07:14:35 recorder.go:46: 1731222875065086968 Lookup     /usr/lib/x86_64-linux-gnu/librt.so.1
2024/11/10 07:14:35 recorder.go:46: 1731222875065124922 Open       /usr/lib/x86_64-linux-gnu/librt.so.1
2024/11/10 07:14:35 recorder.go:46: 1731222875065409637 Lookup     /usr/lib/x86_64-linux-gnu/libpthread.so.0
2024/11/10 07:14:35 recorder.go:46: 1731222875065435407 Open       /usr/lib/x86_64-linux-gnu/libpthread.so.0
2024/11/10 07:14:35 recorder.go:46: 1731222875065691246 Lookup     /usr/lib/x86_64-linux-gnu/libdl.so.2
2024/11/10 07:14:35 recorder.go:46: 1731222875065719361 Open       /usr/lib/x86_64-linux-gnu/libdl.so.2
2024/11/10 07:14:35 recorder.go:46: 1731222875065991942 Lookup     /usr/lib/x86_64-linux-gnu/libuuid.so.1
2024/11/10 07:14:35 recorder.go:46: 1731222875066044304 Lookup     /usr/lib/x86_64-linux-gnu/libuuid.so.1.3.0
2024/11/10 07:14:35 recorder.go:46: 1731222875066107216 Open       /usr/lib/x86_64-linux-gnu/libuuid.so.1.3.0
2024/11/10 07:14:35 recorder.go:46: 1731222875066373996 Lookup     /usr/lib/x86_64-linux-gnu/libnuma.so.1
2024/11/10 07:14:35 recorder.go:46: 1731222875066418843 Lookup     /usr/lib/x86_64-linux-gnu/libnuma.so.1.0.0
2024/11/10 07:14:35 recorder.go:46: 1731222875066478039 Open       /usr/lib/x86_64-linux-gnu/libnuma.so.1.0.0
2024/11/10 07:14:35 recorder.go:46: 1731222875292615169 Lookup     /usr/lib/x86_64-linux-gnu/hwloc
2024/11/10 07:14:35 recorder.go:46: 1731222875292918019 Lookup     /usr/lib/x86_64-linux-gnu/hwloc/hwloc_opencl.so
2024/11/10 07:14:35 recorder.go:46: 1731222875292950953 Lookup     /usr/lib/x86_64-linux-gnu/hwloc/hwloc_xml_libxml.so
2024/11/10 07:14:35 recorder.go:46: 1731222875292965582 Lookup     /usr/lib/x86_64-linux-gnu/hwloc/hwloc_gl.so
2024/11/10 07:14:35 recorder.go:46: 1731222875292980581 Lookup     /usr/lib/x86_64-linux-gnu/hwloc/hwloc_pci.so
2024/11/10 07:14:35 recorder.go:46: 1731222875293130052 Open       /usr/lib/x86_64-linux-gnu/hwloc/hwloc_opencl.so
2024/11/10 07:14:35 recorder.go:46: 1731222875293589517 Open       /etc/ld.so.cache
2024/11/10 07:14:35 recorder.go:46: 1731222875293855175 Lookup     /usr/lib/x86_64-linux-gnu/libOpenCL.so.1
2024/11/10 07:14:35 recorder.go:46: 1731222875293898429 Lookup     /usr/lib/x86_64-linux-gnu/libOpenCL.so.1.0.0
2024/11/10 07:14:35 recorder.go:46: 1731222875293973185 Open       /usr/lib/x86_64-linux-gnu/libOpenCL.so.1.0.0
2024/11/10 07:14:35 recorder.go:46: 1731222875294591529 Open       /usr/lib/x86_64-linux-gnu/hwloc/hwloc_xml_libxml.so
2024/11/10 07:14:35 recorder.go:46: 1731222875295044953 Open       /etc/ld.so.cache
2024/11/10 07:14:35 recorder.go:46: 1731222875295270793 Lookup     /usr/lib/x86_64-linux-gnu/libxml2.so.2
2024/11/10 07:14:35 recorder.go:46: 1731222875295328205 Lookup     /usr/lib/x86_64-linux-gnu/libxml2.so.2.9.13
2024/11/10 07:14:35 recorder.go:46: 1731222875295394484 Open       /usr/lib/x86_64-linux-gnu/libxml2.so.2.9.13
2024/11/10 07:14:35 recorder.go:46: 1731222875296189573 Lookup     /usr/lib/x86_64-linux-gnu/libicuuc.so.70
2024/11/10 07:14:35 recorder.go:46: 1731222875296256964 Lookup     /usr/lib/x86_64-linux-gnu/libicuuc.so.70.1
2024/11/10 07:14:35 recorder.go:46: 1731222875296339244 Open       /usr/lib/x86_64-linux-gnu/libicuuc.so.70.1
2024/11/10 07:14:35 recorder.go:46: 1731222875297361195 Lookup     /usr/lib/x86_64-linux-gnu/libz.so.1
2024/11/10 07:14:35 recorder.go:46: 1731222875297413788 Lookup     /usr/lib/x86_64-linux-gnu/libz.so.1.2.11
2024/11/10 07:14:35 recorder.go:46: 1731222875297542529 Open       /usr/lib/x86_64-linux-gnu/libz.so.1.2.11
2024/11/10 07:14:35 recorder.go:46: 1731222875297972486 Lookup     /usr/lib/x86_64-linux-gnu/liblzma.so.5
2024/11/10 07:14:35 recorder.go:46: 1731222875298037783 Lookup     /usr/lib/x86_64-linux-gnu/liblzma.so.5.2.5
2024/11/10 07:14:35 recorder.go:46: 1731222875298114814 Open       /usr/lib/x86_64-linux-gnu/liblzma.so.5.2.5
2024/11/10 07:14:35 recorder.go:46: 1731222875298474104 Lookup     /usr/lib/x86_64-linux-gnu/libicudata.so.70
2024/11/10 07:14:35 recorder.go:46: 1731222875298537397 Lookup     /usr/lib/x86_64-linux-gnu/libicudata.so.70.1
2024/11/10 07:14:35 recorder.go:46: 1731222875298617934 Open       /usr/lib/x86_64-linux-gnu/libicudata.so.70.1
2024/11/10 07:14:35 recorder.go:46: 1731222875301203361 Open       /usr/lib/x86_64-linux-gnu/hwloc/hwloc_gl.so
2024/11/10 07:14:35 recorder.go:46: 1731222875301739585 Open       /etc/ld.so.cache
2024/11/10 07:14:35 recorder.go:46: 1731222875302059228 Lookup     /usr/lib/x86_64-linux-gnu/libXNVCtrl.so.0
2024/11/10 07:14:35 recorder.go:46: 1731222875302135416 Lookup     /usr/lib/x86_64-linux-gnu/libXNVCtrl.so.0.0.0
2024/11/10 07:14:35 recorder.go:46: 1731222875302219871 Open       /usr/lib/x86_64-linux-gnu/libXNVCtrl.so.0.0.0
2024/11/10 07:14:35 recorder.go:46: 1731222875302637735 Lookup     /usr/lib/x86_64-linux-gnu/libX11.so.6
2024/11/10 07:14:35 recorder.go:46: 1731222875302683053 Lookup     /usr/lib/x86_64-linux-gnu/libX11.so.6.4.0
2024/11/10 07:14:35 recorder.go:46: 1731222875302753711 Open       /usr/lib/x86_64-linux-gnu/libX11.so.6.4.0
2024/11/10 07:14:35 recorder.go:46: 1731222875303256370 Lookup     /usr/lib/x86_64-linux-gnu/libXext.so.6
2024/11/10 07:14:35 recorder.go:46: 1731222875303309203 Lookup     /usr/lib/x86_64-linux-gnu/libXext.so.6.4.0
2024/11/10 07:14:35 recorder.go:46: 1731222875303402755 Open       /usr/lib/x86_64-linux-gnu/libXext.so.6.4.0
2024/11/10 07:14:35 recorder.go:46: 1731222875303721987 Lookup     /usr/lib/x86_64-linux-gnu/libxcb.so.1
2024/11/10 07:14:35 recorder.go:46: 1731222875303763037 Lookup     /usr/lib/x86_64-linux-gnu/libxcb.so.1.1.0
2024/11/10 07:14:35 recorder.go:46: 1731222875303850077 Open       /usr/lib/x86_64-linux-gnu/libxcb.so.1.1.0
2024/11/10 07:14:35 recorder.go:46: 1731222875304286427 Lookup     /usr/lib/x86_64-linux-gnu/libXau.so.6
2024/11/10 07:14:35 recorder.go:46: 1731222875304329772 Lookup     /usr/lib/x86_64-linux-gnu/libXau.so.6.0.0
2024/11/10 07:14:35 recorder.go:46: 1731222875304397874 Open       /usr/lib/x86_64-linux-gnu/libXau.so.6.0.0
2024/11/10 07:14:35 recorder.go:46: 1731222875304763466 Lookup     /usr/lib/x86_64-linux-gnu/libXdmcp.so.6
2024/11/10 07:14:35 recorder.go:46: 1731222875304809737 Lookup     /usr/lib/x86_64-linux-gnu/libXdmcp.so.6.0.0
2024/11/10 07:14:35 recorder.go:46: 1731222875304881827 Open       /usr/lib/x86_64-linux-gnu/libXdmcp.so.6.0.0
2024/11/10 07:14:35 recorder.go:46: 1731222875305333898 Lookup     /usr/lib/x86_64-linux-gnu/libbsd.so.0
2024/11/10 07:14:35 recorder.go:46: 1731222875305405427 Lookup     /usr/lib/x86_64-linux-gnu/libbsd.so.0.11.5
2024/11/10 07:14:35 recorder.go:46: 1731222875305539047 Open       /usr/lib/x86_64-linux-gnu/libbsd.so.0.11.5
2024/11/10 07:14:35 recorder.go:46: 1731222875305969015 Lookup     /usr/lib/x86_64-linux-gnu/libmd.so.0
2024/11/10 07:14:35 recorder.go:46: 1731222875306019373 Lookup     /usr/lib/x86_64-linux-gnu/libmd.so.0.0.5
2024/11/10 07:14:35 recorder.go:46: 1731222875306083608 Open       /usr/lib/x86_64-linux-gnu/libmd.so.0.0.5
2024/11/10 07:14:35 recorder.go:46: 1731222875306891522 Open       /usr/lib/x86_64-linux-gnu/hwloc/hwloc_pci.so
2024/11/10 07:14:35 recorder.go:46: 1731222875307294918 Open       /etc/ld.so.cache
2024/11/10 07:14:35 recorder.go:46: 1731222875319791554 Lookup     /usr/lib/x86_64-linux-gnu/libpciaccess.so.0
2024/11/10 07:14:35 recorder.go:46: 1731222875319899895 Lookup     /usr/lib/x86_64-linux-gnu/libpciaccess.so.0.11.1
2024/11/10 07:14:35 recorder.go:46: 1731222875320000802 Open       /usr/lib/x86_64-linux-gnu/libpciaccess.so.0.11.1
2024/11/10 07:14:35 recorder.go:46: 1731222875644292808 Lookup     /run
2024/11/10 07:14:35 recorder.go:46: 1731222875650307015 Lookup     /var
2024/11/10 07:14:35 recorder.go:46: 1731222875650374827 Lookup     /var/run
2024/11/10 07:14:35 recorder.go:46: 1731222875651678396 Lookup     /etc/gai.conf
2024/11/10 07:14:35 recorder.go:46: 1731222875651739606 Open       /etc/gai.conf
2024/11/10 07:14:35 recorder.go:46: 1731222875660814896 Lookup     /usr/share
2024/11/10 07:14:35 recorder.go:46: 1731222875660901906 Lookup     /usr/share/misc
2024/11/10 07:14:35 recorder.go:46: 1731222875679621204 Open       /etc/ld.so.cache
2024/11/10 07:14:35 recorder.go:46: 1731222875688957043 Open       /etc/ld.so.cache
2024/11/10 07:14:35 recorder.go:46: 1731222875689796398 Open       /etc/ld.so.cache
2024/11/10 07:14:35 recorder.go:46: 1731222875690512924 Open       /etc/ld.so.cache
2024/11/10 07:14:35 recorder.go:46: 1731222875691135086 Open       /etc/ld.so.cache
2024/11/10 07:14:35 recorder.go:46: 1731222875691749012 Open       /etc/ld.so.cache
2024/11/10 07:14:35 recorder.go:46: 1731222875692337679 Open       /etc/ld.so.cache
2024/11/10 07:14:35 recorder.go:46: 1731222875692937147 Open       /etc/ld.so.cache
2024/11/10 07:14:35 recorder.go:46: 1731222875693671668 Open       /etc/ld.so.cache
2024/11/10 07:14:35 recorder.go:46: 1731222875694239133 Open       /etc/ld.so.cache
2024/11/10 07:14:35 recorder.go:46: 1731222875694790387 Open       /etc/ld.so.cache
2024/11/10 07:14:35 recorder.go:46: 1731222875695392069 Open       /etc/ld.so.cache
2024/11/10 07:14:35 recorder.go:46: 1731222875696013961 Open       /etc/ld.so.cache
2024/11/10 07:14:35 recorder.go:46: 1731222875696702242 Open       /etc/ld.so.cache
2024/11/10 07:14:35 recorder.go:46: 1731222875697384351 Open       /etc/ld.so.cache
2024/11/10 07:14:35 recorder.go:46: 1731222875697997435 Open       /etc/ld.so.cache
2024/11/10 07:14:35 recorder.go:46: 1731222875698712608 Open       /etc/ld.so.cache
2024/11/10 07:14:35 recorder.go:46: 1731222875712562320 Lookup     /opt/lammps/examples/reax/HNS/in.reaxc.hns
2024/11/10 07:14:35 recorder.go:46: 1731222875712657105 Open       /opt/lammps/examples/reax/HNS/in.reaxc.hns
2024/11/10 07:14:35 recorder.go:46: 1731222875717616978 Lookup     /opt/lammps/examples/reax/HNS/data.hns-equil
2024/11/10 07:14:35 recorder.go:46: 1731222875717731451 Open       /opt/lammps/examples/reax/HNS/data.hns-equil
2024/11/10 07:14:35 recorder.go:46: 1731222875718021406 Open       /opt/lammps/examples/reax/HNS/data.hns-equil
2024/11/10 07:14:35 recorder.go:46: 1731222875727124631 Lookup     /sbin
2024/11/10 07:14:35 recorder.go:46: 1731222875727159248 Lookup     /root
2024/11/10 07:14:35 recorder.go:46: 1731222875727208695 Lookup     /srv
2024/11/10 07:14:35 recorder.go:46: 1731222875727245406 Lookup     /media
2024/11/10 07:14:35 recorder.go:46: 1731222875727273932 Lookup     /libx32
2024/11/10 07:14:35 recorder.go:46: 1731222875727280865 Lookup     /lib64
2024/11/10 07:14:35 recorder.go:46: 1731222875727287248 Lookup     /etc
2024/11/10 07:14:35 recorder.go:46: 1731222875727293880 Lookup     /proc
2024/11/10 07:14:35 recorder.go:46: 1731222875727300433 Lookup     /usr
2024/11/10 07:14:35 recorder.go:46: 1731222875727318579 Lookup     /lib32
2024/11/10 07:14:35 recorder.go:46: 1731222875727337245 Lookup     /boot
2024/11/10 07:14:35 recorder.go:46: 1731222875727342726 Lookup     /var
2024/11/10 07:14:35 recorder.go:46: 1731222875727348166 Lookup     /tmp
2024/11/10 07:14:35 recorder.go:46: 1731222875727366091 Lookup     /mnt
2024/11/10 07:14:35 recorder.go:46: 1731222875727371652 Lookup     /dev
2024/11/10 07:14:35 recorder.go:46: 1731222875727377223 Lookup     /opt
2024/11/10 07:14:35 recorder.go:46: 1731222875727395919 Lookup     /home
2024/11/10 07:14:35 recorder.go:46: 1731222875727401139 Lookup     /lib
2024/11/10 07:14:35 recorder.go:46: 1731222875727407702 Lookup     /sys
2024/11/10 07:14:35 recorder.go:46: 1731222875727413303 Lookup     /bin
2024/11/10 07:14:35 recorder.go:46: 1731222875727418654 Lookup     /run
2024/11/10 07:14:35 recorder.go:46: 1731222875727424655 Lookup     /compat
2024/11/10 07:14:35 recorder.go:46: 1731222875727436468 Lookup     /.dockerenv
2024/11/10 16:52:47 recorder.go:46: 1731257567983507726 Lookup     /etc
2024/11/10 16:52:47 recorder.go:46: 1731257567983809118 Lookup     /etc/host.conf
2024/11/10 16:52:47 recorder.go:46: 1731257567983892456 Lookup     /etc/hosts
2024/11/10 16:52:47 recorder.go:46: 1731257567983935678 Lookup     /etc/nsswitch.conf
2024/11/10 16:52:47 recorder.go:46: 1731257567983964703 Lookup     /etc/resolv.conf
2024/11/10 16:52:47 recorder.go:46: 1731257567983993528 Lookup     /dev
2024/11/10 16:52:47 recorder.go:46: 1731257567984021211 Lookup     /sys
2024/11/10 16:52:47 recorder.go:46: 1731257567984043413 Lookup     /proc
2024/11/10 16:52:47 recorder.go:46: 1731257567984076005 Lookup     /tmp
2024/11/10 16:52:47 recorder.go:46: 1731257567984097515 Lookup     /root
2024/11/10 16:52:47 recorder.go:46: 1731257567984145717 Lookup     /opt
2024/11/10 16:52:47 recorder.go:46: 1731257567984170183 Lookup     /opt/lammps
2024/11/10 16:52:47 recorder.go:46: 1731257567984192265 Lookup     /opt/lammps/examples
2024/11/10 16:52:47 recorder.go:46: 1731257567984219577 Lookup     /opt/lammps/examples/reax
2024/11/10 16:52:47 recorder.go:46: 1731257567984259633 Lookup     /opt/lammps/examples/reax/HNS
2024/11/10 16:52:47 recorder.go:46: 1731257567984434044 Lookup     /usr
2024/11/10 16:52:47 recorder.go:46: 1731257567984469150 Lookup     /usr/local
2024/11/10 16:52:47 recorder.go:46: 1731257567984501953 Lookup     /usr/local/sbin
2024/11/10 16:52:47 recorder.go:46: 1731257567984614857 Lookup     /usr/local/bin
2024/11/10 16:52:47 recorder.go:46: 1731257567984714456 Lookup     /usr/sbin
2024/11/10 16:52:47 recorder.go:46: 1731257567984814385 Lookup     /usr/bin
2024/11/10 16:52:47 recorder.go:46: 1731257567984849532 Lookup     /usr/bin/lmp
2024/11/10 16:52:47 recorder.go:46: 1731257567985270210 Open       /usr/bin/lmp
2024/11/10 16:52:47 recorder.go:46: 1731257567985571252 Open       /usr/bin/lmp
2024/11/10 16:52:47 recorder.go:46: 1731257567985649219 Lookup     /lib64
2024/11/10 16:52:47 recorder.go:46: 1731257567985701789 Lookup     /usr/lib64
2024/11/10 16:52:47 recorder.go:46: 1731257567985791610 Lookup     /usr/lib64/ld-linux-x86-64.so.2
2024/11/10 16:52:47 recorder.go:46: 1731257567985846895 Lookup     /lib
2024/11/10 16:52:47 recorder.go:46: 1731257567985873014 Lookup     /usr/lib
2024/11/10 16:52:47 recorder.go:46: 1731257567985926285 Lookup     /usr/lib/x86_64-linux-gnu
2024/11/10 16:52:47 recorder.go:46: 1731257567985947185 Lookup     /usr/lib/x86_64-linux-gnu/ld-linux-x86-64.so.2
2024/11/10 16:52:47 recorder.go:46: 1731257567986006387 Open       /usr/lib/x86_64-linux-gnu/ld-linux-x86-64.so.2
2024/11/10 16:52:47 recorder.go:46: 1731257567986747483 Open       /usr/bin/lmp
2024/11/10 16:52:47 recorder.go:46: 1731257567987488169 Open       /usr/lib/x86_64-linux-gnu/ld-linux-x86-64.so.2
2024/11/10 16:52:47 recorder.go:46: 1731257567988637629 Lookup     /etc/ld.so.cache
2024/11/10 16:52:47 recorder.go:46: 1731257567988679168 Open       /etc/ld.so.cache
2024/11/10 16:52:47 recorder.go:46: 1731257567988985770 Lookup     /usr/lib/x86_64-linux-gnu/libmpich.so.12
2024/11/10 16:52:47 recorder.go:46: 1731257567989040163 Lookup     /usr/lib/x86_64-linux-gnu/libmpich.so.12.2.0
2024/11/10 16:52:47 recorder.go:46: 1731257567989140484 Open       /usr/lib/x86_64-linux-gnu/libmpich.so.12.2.0
2024/11/10 16:52:47 recorder.go:46: 1731257567989850411 Lookup     /usr/lib/x86_64-linux-gnu/libgomp.so.1
2024/11/10 16:52:47 recorder.go:46: 1731257567989907659 Lookup     /usr/lib/x86_64-linux-gnu/libgomp.so.1.0.0
2024/11/10 16:52:47 recorder.go:46: 1731257567989980397 Open       /usr/lib/x86_64-linux-gnu/libgomp.so.1.0.0
2024/11/10 16:52:47 recorder.go:46: 1731257567990437114 Lookup     /usr/lib/x86_64-linux-gnu/libstdc++.so.6
2024/11/10 16:52:47 recorder.go:46: 1731257567990472942 Lookup     /usr/lib/x86_64-linux-gnu/libstdc++.so.6.0.30
2024/11/10 16:52:47 recorder.go:46: 1731257567990535000 Open       /usr/lib/x86_64-linux-gnu/libstdc++.so.6.0.30
2024/11/10 16:52:47 recorder.go:46: 1731257567990977820 Lookup     /usr/lib/x86_64-linux-gnu/libm.so.6
2024/11/10 16:52:47 recorder.go:46: 1731257567991031712 Open       /usr/lib/x86_64-linux-gnu/libm.so.6
2024/11/10 16:52:47 recorder.go:46: 1731257567991388589 Lookup     /usr/lib/x86_64-linux-gnu/libgcc_s.so.1
2024/11/10 16:52:47 recorder.go:46: 1731257567991428385 Open       /usr/lib/x86_64-linux-gnu/libgcc_s.so.1
2024/11/10 16:52:47 recorder.go:46: 1731257567991726460 Lookup     /usr/lib/x86_64-linux-gnu/libc.so.6
2024/11/10 16:52:47 recorder.go:46: 1731257567991755635 Open       /usr/lib/x86_64-linux-gnu/libc.so.6
2024/11/10 16:52:47 recorder.go:46: 1731257567992268949 Lookup     /usr/lib/x86_64-linux-gnu/libhwloc.so.15
2024/11/10 16:52:47 recorder.go:46: 1731257567992302142 Lookup     /usr/lib/x86_64-linux-gnu/libhwloc.so.15.5.2
2024/11/10 16:52:47 recorder.go:46: 1731257567992357818 Open       /usr/lib/x86_64-linux-gnu/libhwloc.so.15.5.2
2024/11/10 16:52:47 recorder.go:46: 1731257567992697312 Lookup     /usr/lib/x86_64-linux-gnu/libfabric.so.1
2024/11/10 16:52:47 recorder.go:46: 1731257567992731196 Lookup     /usr/lib/x86_64-linux-gnu/libfabric.so.1.14.0
2024/11/10 16:52:47 recorder.go:46: 1731257567992788275 Open       /usr/lib/x86_64-linux-gnu/libfabric.so.1.14.0
2024/11/10 16:52:47 recorder.go:46: 1731257567993219513 Lookup     /usr/lib/x86_64-linux-gnu/libudev.so.1
2024/11/10 16:52:47 recorder.go:46: 1731257567993283915 Lookup     /usr/lib/x86_64-linux-gnu/libudev.so.1.7.2
2024/11/10 16:52:47 recorder.go:46: 1731257567993365820 Open       /usr/lib/x86_64-linux-gnu/libudev.so.1.7.2
2024/11/10 16:52:47 recorder.go:46: 1731257567994038367 Lookup     /usr/lib/x86_64-linux-gnu/librdmacm.so.1
2024/11/10 16:52:47 recorder.go:46: 1731257567994095244 Lookup     /usr/lib/x86_64-linux-gnu/librdmacm.so.1.3.39.0
2024/11/10 16:52:47 recorder.go:46: 1731257567994167461 Open       /usr/lib/x86_64-linux-gnu/librdmacm.so.1.3.39.0
2024/11/10 16:52:47 recorder.go:46: 1731257567994472781 Lookup     /usr/lib/x86_64-linux-gnu/libefa.so.1
2024/11/10 16:52:47 recorder.go:46: 1731257567994514530 Lookup     /usr/lib/x86_64-linux-gnu/libefa.so.1.1.39.0
2024/11/10 16:52:47 recorder.go:46: 1731257567994578862 Open       /usr/lib/x86_64-linux-gnu/libefa.so.1.1.39.0
2024/11/10 16:52:47 recorder.go:46: 1731257567994935028 Lookup     /usr/lib/x86_64-linux-gnu/libibverbs.so.1
2024/11/10 16:52:47 recorder.go:46: 1731257567994968521 Lookup     /usr/lib/x86_64-linux-gnu/libibverbs.so.1.14.39.0
2024/11/10 16:52:47 recorder.go:46: 1731257567995021712 Open       /usr/lib/x86_64-linux-gnu/libibverbs.so.1.14.39.0
2024/11/10 16:52:47 recorder.go:46: 1731257567995298237 Lookup     /usr/lib/x86_64-linux-gnu/libpsm_infinipath.so.1
2024/11/10 16:52:47 recorder.go:46: 1731257567995888607 Lookup     /etc/alternatives
2024/11/10 16:52:47 recorder.go:46: 1731257567995921680 Lookup     /etc/alternatives/libpsm_infinipath.so.1
2024/11/10 16:52:47 recorder.go:46: 1731257567995988086 Lookup     /usr/lib/libpsm1
2024/11/10 16:52:47 recorder.go:46: 1731257567996010899 Lookup     /usr/lib/libpsm1/libpsm_infinipath.so.1.16
2024/11/10 16:52:47 recorder.go:46: 1731257567996046767 Open       /usr/lib/libpsm1/libpsm_infinipath.so.1.16
2024/11/10 16:52:47 recorder.go:46: 1731257567996456264 Lookup     /usr/lib/x86_64-linux-gnu/libpsm2.so.2
2024/11/10 16:52:47 recorder.go:46: 1731257567996487413 Lookup     /usr/lib/x86_64-linux-gnu/libpsm2.so.2.2
2024/11/10 16:52:47 recorder.go:46: 1731257567996553348 Open       /usr/lib/x86_64-linux-gnu/libpsm2.so.2.2
2024/11/10 16:52:47 recorder.go:46: 1731257567997009904 Lookup     /usr/lib/x86_64-linux-gnu/libnl-3.so.200
2024/11/10 16:52:47 recorder.go:46: 1731257567997047145 Lookup     /usr/lib/x86_64-linux-gnu/libnl-3.so.200.26.0
2024/11/10 16:52:47 recorder.go:46: 1731257567997135743 Open       /usr/lib/x86_64-linux-gnu/libnl-3.so.200.26.0
2024/11/10 16:52:47 recorder.go:46: 1731257567997535261 Lookup     /usr/lib/x86_64-linux-gnu/libnl-route-3.so.200
2024/11/10 16:52:47 recorder.go:46: 1731257567997569306 Lookup     /usr/lib/x86_64-linux-gnu/libnl-route-3.so.200.26.0
2024/11/10 16:52:47 recorder.go:46: 1731257567997623188 Open       /usr/lib/x86_64-linux-gnu/libnl-route-3.so.200.26.0
2024/11/10 16:52:47 recorder.go:46: 1731257567998175196 Lookup     /usr/lib/x86_64-linux-gnu/libinfinipath.so.4
2024/11/10 16:52:47 recorder.go:46: 1731257567998207026 Lookup     /usr/lib/x86_64-linux-gnu/libinfinipath.so.4.0
2024/11/10 16:52:47 recorder.go:46: 1731257567998265667 Open       /usr/lib/x86_64-linux-gnu/libinfinipath.so.4.0
2024/11/10 16:52:47 recorder.go:46: 1731257567998545458 Lookup     /usr/lib/x86_64-linux-gnu/librt.so.1
2024/11/10 16:52:47 recorder.go:46: 1731257567998579032 Open       /usr/lib/x86_64-linux-gnu/librt.so.1
2024/11/10 16:52:47 recorder.go:46: 1731257567998910641 Lookup     /usr/lib/x86_64-linux-gnu/libpthread.so.0
2024/11/10 16:52:47 recorder.go:46: 1731257567998935628 Open       /usr/lib/x86_64-linux-gnu/libpthread.so.0
2024/11/10 16:52:47 recorder.go:46: 1731257567999244204 Lookup     /usr/lib/x86_64-linux-gnu/libdl.so.2
2024/11/10 16:52:47 recorder.go:46: 1731257567999269792 Open       /usr/lib/x86_64-linux-gnu/libdl.so.2
2024/11/10 16:52:47 recorder.go:46: 1731257567999611801 Lookup     /usr/lib/x86_64-linux-gnu/libuuid.so.1
2024/11/10 16:52:47 recorder.go:46: 1731257567999645535 Lookup     /usr/lib/x86_64-linux-gnu/libuuid.so.1.3.0
2024/11/10 16:52:47 recorder.go:46: 1731257567999699087 Open       /usr/lib/x86_64-linux-gnu/libuuid.so.1.3.0
2024/11/10 16:52:48 recorder.go:46: 1731257568000112070 Lookup     /usr/lib/x86_64-linux-gnu/libnuma.so.1
2024/11/10 16:52:48 recorder.go:46: 1731257568000142388 Lookup     /usr/lib/x86_64-linux-gnu/libnuma.so.1.0.0
2024/11/10 16:52:48 recorder.go:46: 1731257568000195368 Open       /usr/lib/x86_64-linux-gnu/libnuma.so.1.0.0
2024/11/10 16:52:48 recorder.go:46: 1731257568227568632 Lookup     /usr/lib/x86_64-linux-gnu/hwloc
2024/11/10 16:52:48 recorder.go:46: 1731257568227772659 Lookup     /usr/lib/x86_64-linux-gnu/hwloc/hwloc_opencl.so
2024/11/10 16:52:48 recorder.go:46: 1731257568227808617 Lookup     /usr/lib/x86_64-linux-gnu/hwloc/hwloc_xml_libxml.so
2024/11/10 16:52:48 recorder.go:46: 1731257568227819418 Lookup     /usr/lib/x86_64-linux-gnu/hwloc/hwloc_gl.so
2024/11/10 16:52:48 recorder.go:46: 1731257568227831370 Lookup     /usr/lib/x86_64-linux-gnu/hwloc/hwloc_pci.so
2024/11/10 16:52:48 recorder.go:46: 1731257568227993919 Open       /usr/lib/x86_64-linux-gnu/hwloc/hwloc_opencl.so
2024/11/10 16:52:48 recorder.go:46: 1731257568228447329 Open       /etc/ld.so.cache
2024/11/10 16:52:48 recorder.go:46: 1731257568228685000 Lookup     /usr/lib/x86_64-linux-gnu/libOpenCL.so.1
2024/11/10 16:52:48 recorder.go:46: 1731257568228730997 Lookup     /usr/lib/x86_64-linux-gnu/libOpenCL.so.1.0.0
2024/11/10 16:52:48 recorder.go:46: 1731257568228792103 Open       /usr/lib/x86_64-linux-gnu/libOpenCL.so.1.0.0
2024/11/10 16:52:48 recorder.go:46: 1731257568229315316 Open       /usr/lib/x86_64-linux-gnu/hwloc/hwloc_xml_libxml.so
2024/11/10 16:52:48 recorder.go:46: 1731257568229722388 Open       /etc/ld.so.cache
2024/11/10 16:52:48 recorder.go:46: 1731257568229976049 Lookup     /usr/lib/x86_64-linux-gnu/libxml2.so.2
2024/11/10 16:52:48 recorder.go:46: 1731257568230037225 Lookup     /usr/lib/x86_64-linux-gnu/libxml2.so.2.9.13
2024/11/10 16:52:48 recorder.go:46: 1731257568230124090 Open       /usr/lib/x86_64-linux-gnu/libxml2.so.2.9.13
2024/11/10 16:52:48 recorder.go:46: 1731257568230709912 Lookup     /usr/lib/x86_64-linux-gnu/libicuuc.so.70
2024/11/10 16:52:48 recorder.go:46: 1731257568230753955 Lookup     /usr/lib/x86_64-linux-gnu/libicuuc.so.70.1
2024/11/10 16:52:48 recorder.go:46: 1731257568230817225 Open       /usr/lib/x86_64-linux-gnu/libicuuc.so.70.1
2024/11/10 16:52:48 recorder.go:46: 1731257568231260446 Lookup     /usr/lib/x86_64-linux-gnu/libz.so.1
2024/11/10 16:52:48 recorder.go:46: 1731257568231303688 Lookup     /usr/lib/x86_64-linux-gnu/libz.so.1.2.11
2024/11/10 16:52:48 recorder.go:46: 1731257568231363822 Open       /usr/lib/x86_64-linux-gnu/libz.so.1.2.11
2024/11/10 16:52:48 recorder.go:46: 1731257568231750155 Lookup     /usr/lib/x86_64-linux-gnu/liblzma.so.5
2024/11/10 16:52:48 recorder.go:46: 1731257568231831650 Lookup     /usr/lib/x86_64-linux-gnu/liblzma.so.5.2.5
2024/11/10 16:52:48 recorder.go:46: 1731257568231909868 Open       /usr/lib/x86_64-linux-gnu/liblzma.so.5.2.5
2024/11/10 16:52:48 recorder.go:46: 1731257568232302954 Lookup     /usr/lib/x86_64-linux-gnu/libicudata.so.70
2024/11/10 16:52:48 recorder.go:46: 1731257568232354733 Lookup     /usr/lib/x86_64-linux-gnu/libicudata.so.70.1
2024/11/10 16:52:48 recorder.go:46: 1731257568232418083 Open       /usr/lib/x86_64-linux-gnu/libicudata.so.70.1
2024/11/10 16:52:48 recorder.go:46: 1731257568233981609 Open       /usr/lib/x86_64-linux-gnu/hwloc/hwloc_gl.so
2024/11/10 16:52:48 recorder.go:46: 1731257568234340701 Open       /etc/ld.so.cache
2024/11/10 16:52:48 recorder.go:46: 1731257568234592629 Lookup     /usr/lib/x86_64-linux-gnu/libXNVCtrl.so.0
2024/11/10 16:52:48 recorder.go:46: 1731257568234661499 Lookup     /usr/lib/x86_64-linux-gnu/libXNVCtrl.so.0.0.0
2024/11/10 16:52:48 recorder.go:46: 1731257568234756239 Open       /usr/lib/x86_64-linux-gnu/libXNVCtrl.so.0.0.0
2024/11/10 16:52:48 recorder.go:46: 1731257568235095282 Lookup     /usr/lib/x86_64-linux-gnu/libX11.so.6
2024/11/10 16:52:48 recorder.go:46: 1731257568235138564 Lookup     /usr/lib/x86_64-linux-gnu/libX11.so.6.4.0
2024/11/10 16:52:48 recorder.go:46: 1731257568235215360 Open       /usr/lib/x86_64-linux-gnu/libX11.so.6.4.0
2024/11/10 16:52:48 recorder.go:46: 1731257568235695802 Lookup     /usr/lib/x86_64-linux-gnu/libXext.so.6
2024/11/10 16:52:48 recorder.go:46: 1731257568235738382 Lookup     /usr/lib/x86_64-linux-gnu/libXext.so.6.4.0
2024/11/10 16:52:48 recorder.go:46: 1731257568235808616 Open       /usr/lib/x86_64-linux-gnu/libXext.so.6.4.0
2024/11/10 16:52:48 recorder.go:46: 1731257568236145966 Lookup     /usr/lib/x86_64-linux-gnu/libxcb.so.1
2024/11/10 16:52:48 recorder.go:46: 1731257568236182245 Lookup     /usr/lib/x86_64-linux-gnu/libxcb.so.1.1.0
2024/11/10 16:52:48 recorder.go:46: 1731257568236252147 Open       /usr/lib/x86_64-linux-gnu/libxcb.so.1.1.0
2024/11/10 16:52:48 recorder.go:46: 1731257568236630345 Lookup     /usr/lib/x86_64-linux-gnu/libXau.so.6
2024/11/10 16:52:48 recorder.go:46: 1731257568236664099 Lookup     /usr/lib/x86_64-linux-gnu/libXau.so.6.0.0
2024/11/10 16:52:48 recorder.go:46: 1731257568236726938 Open       /usr/lib/x86_64-linux-gnu/libXau.so.6.0.0
2024/11/10 16:52:48 recorder.go:46: 1731257568237005537 Lookup     /usr/lib/x86_64-linux-gnu/libXdmcp.so.6
2024/11/10 16:52:48 recorder.go:46: 1731257568237050642 Lookup     /usr/lib/x86_64-linux-gnu/libXdmcp.so.6.0.0
2024/11/10 16:52:48 recorder.go:46: 1731257568237108672 Open       /usr/lib/x86_64-linux-gnu/libXdmcp.so.6.0.0
2024/11/10 16:52:48 recorder.go:46: 1731257568237539039 Lookup     /usr/lib/x86_64-linux-gnu/libbsd.so.0
2024/11/10 16:52:48 recorder.go:46: 1731257568237586218 Lookup     /usr/lib/x86_64-linux-gnu/libbsd.so.0.11.5
2024/11/10 16:52:48 recorder.go:46: 1731257568237656692 Open       /usr/lib/x86_64-linux-gnu/libbsd.so.0.11.5
2024/11/10 16:52:48 recorder.go:46: 1731257568238057152 Lookup     /usr/lib/x86_64-linux-gnu/libmd.so.0
2024/11/10 16:52:48 recorder.go:46: 1731257568238095505 Lookup     /usr/lib/x86_64-linux-gnu/libmd.so.0.0.5
2024/11/10 16:52:48 recorder.go:46: 1731257568238159917 Open       /usr/lib/x86_64-linux-gnu/libmd.so.0.0.5
2024/11/10 16:52:48 recorder.go:46: 1731257568239129356 Open       /usr/lib/x86_64-linux-gnu/hwloc/hwloc_pci.so
2024/11/10 16:52:48 recorder.go:46: 1731257568239670222 Open       /etc/ld.so.cache
2024/11/10 16:52:48 recorder.go:46: 1731257568252879545 Lookup     /usr/lib/x86_64-linux-gnu/libpciaccess.so.0
2024/11/10 16:52:48 recorder.go:46: 1731257568253056310 Lookup     /usr/lib/x86_64-linux-gnu/libpciaccess.so.0.11.1
2024/11/10 16:52:48 recorder.go:46: 1731257568253241351 Open       /usr/lib/x86_64-linux-gnu/libpciaccess.so.0.11.1
2024/11/10 16:52:48 recorder.go:46: 1731257568579105525 Lookup     /run
2024/11/10 16:52:48 recorder.go:46: 1731257568585533040 Lookup     /var
2024/11/10 16:52:48 recorder.go:46: 1731257568585586932 Lookup     /var/run
2024/11/10 16:52:48 recorder.go:46: 1731257568587172090 Lookup     /etc/gai.conf
2024/11/10 16:52:48 recorder.go:46: 1731257568587221093 Open       /etc/gai.conf
2024/11/10 16:52:48 recorder.go:46: 1731257568603929334 Lookup     /usr/share
2024/11/10 16:52:48 recorder.go:46: 1731257568604012021 Lookup     /usr/share/misc
2024/11/10 16:52:48 recorder.go:46: 1731257568624382260 Open       /etc/ld.so.cache
2024/11/10 16:52:48 recorder.go:46: 1731257568634097102 Open       /etc/ld.so.cache
2024/11/10 16:52:48 recorder.go:46: 1731257568634810787 Open       /etc/ld.so.cache
2024/11/10 16:52:48 recorder.go:46: 1731257568635565869 Open       /etc/ld.so.cache
2024/11/10 16:52:48 recorder.go:46: 1731257568636335139 Open       /etc/ld.so.cache
2024/11/10 16:52:48 recorder.go:46: 1731257568636937762 Open       /etc/ld.so.cache
2024/11/10 16:52:48 recorder.go:46: 1731257568637550004 Open       /etc/ld.so.cache
2024/11/10 16:52:48 recorder.go:46: 1731257568638232188 Open       /etc/ld.so.cache
2024/11/10 16:52:48 recorder.go:46: 1731257568638797962 Open       /etc/ld.so.cache
2024/11/10 16:52:48 recorder.go:46: 1731257568639333888 Open       /etc/ld.so.cache
2024/11/10 16:52:48 recorder.go:46: 1731257568639875867 Open       /etc/ld.so.cache
2024/11/10 16:52:48 recorder.go:46: 1731257568640402245 Open       /etc/ld.so.cache
2024/11/10 16:52:48 recorder.go:46: 1731257568640940266 Open       /etc/ld.so.cache
2024/11/10 16:52:48 recorder.go:46: 1731257568641469390 Open       /etc/ld.so.cache
2024/11/10 16:52:48 recorder.go:46: 1731257568641994396 Open       /etc/ld.so.cache
2024/11/10 16:52:48 recorder.go:46: 1731257568642804143 Open       /etc/ld.so.cache
2024/11/10 16:52:48 recorder.go:46: 1731257568643332936 Open       /etc/ld.so.cache
2024/11/10 16:52:48 recorder.go:46: 1731257568657050403 Lookup     /opt/lammps/examples/reax/HNS/in.reaxc.hns
2024/11/10 16:52:48 recorder.go:46: 1731257568657135474 Open       /opt/lammps/examples/reax/HNS/in.reaxc.hns
2024/11/10 16:52:48 recorder.go:46: 1731257568660903393 Lookup     /opt/lammps/examples/reax/HNS/data.hns-equil
2024/11/10 16:52:48 recorder.go:46: 1731257568660965411 Open       /opt/lammps/examples/reax/HNS/data.hns-equil
2024/11/10 16:52:48 recorder.go:46: 1731257568661201699 Open       /opt/lammps/examples/reax/HNS/data.hns-equil
2024/11/10 16:52:48 recorder.go:46: 1731257568670839205 Lookup     /sbin
2024/11/10 16:52:48 recorder.go:46: 1731257568670885603 Lookup     /root
2024/11/10 16:52:48 recorder.go:46: 1731257568670928504 Lookup     /srv
2024/11/10 16:52:48 recorder.go:46: 1731257568670956347 Lookup     /media
2024/11/10 16:52:48 recorder.go:46: 1731257568670979290 Lookup     /libx32
2024/11/10 16:52:48 recorder.go:46: 1731257568670991123 Lookup     /lib64
2024/11/10 16:52:48 recorder.go:46: 1731257568671003075 Lookup     /etc
2024/11/10 16:52:48 recorder.go:46: 1731257568671014437 Lookup     /proc
2024/11/10 16:52:48 recorder.go:46: 1731257568671025107 Lookup     /usr
2024/11/10 16:52:48 recorder.go:46: 1731257568671046889 Lookup     /lib32
2024/11/10 16:52:48 recorder.go:46: 1731257568671067047 Lookup     /boot
2024/11/10 16:52:48 recorder.go:46: 1731257568671073068 Lookup     /var
2024/11/10 16:52:48 recorder.go:46: 1731257568671078218 Lookup     /tmp
2024/11/10 16:52:48 recorder.go:46: 1731257568671093277 Lookup     /mnt
2024/11/10 16:52:48 recorder.go:46: 1731257568671099388 Lookup     /dev
2024/11/10 16:52:48 recorder.go:46: 1731257568671105430 Lookup     /opt
2024/11/10 16:52:48 recorder.go:46: 1731257568671120939 Lookup     /home
2024/11/10 16:52:48 recorder.go:46: 1731257568671127061 Lookup     /lib
2024/11/10 16:52:48 recorder.go:46: 1731257568671133703 Lookup     /sys
2024/11/10 16:52:48 recorder.go:46: 1731257568671139414 Lookup     /bin
2024/11/10 16:52:48 recorder.go:46: 1731257568671144874 Lookup     /run
2024/11/10 16:52:48 recorder.go:46: 1731257568671150946 Lookup     /compat
2024/11/10 16:52:48 recorder.go:46: 1731257568671162488 Lookup     /.dockerenv
2024/11/10 17:55:37 recorder.go:46: 1731261337402289281 Lookup     /etc
2024/11/10 17:55:37 recorder.go:46: 1731261337402562015 Lookup     /etc/host.conf
2024/11/10 17:55:37 recorder.go:46: 1731261337402658741 Lookup     /etc/hosts
2024/11/10 17:55:37 recorder.go:46: 1731261337402704930 Lookup     /etc/nsswitch.conf
2024/11/10 17:55:37 recorder.go:46: 1731261337402746760 Lookup     /etc/resolv.conf
2024/11/10 17:55:37 recorder.go:46: 1731261337402786055 Lookup     /dev
2024/11/10 17:55:37 recorder.go:46: 1731261337402811915 Lookup     /sys
2024/11/10 17:55:37 recorder.go:46: 1731261337402833617 Lookup     /proc
2024/11/10 17:55:37 recorder.go:46: 1731261337402858795 Lookup     /tmp
2024/11/10 17:55:37 recorder.go:46: 1731261337402878894 Lookup     /root
2024/11/10 17:55:37 recorder.go:46: 1731261337402924040 Lookup     /opt
2024/11/10 17:55:37 recorder.go:46: 1731261337402947566 Lookup     /opt/lammps
2024/11/10 17:55:37 recorder.go:46: 1731261337402972994 Lookup     /opt/lammps/examples
2024/11/10 17:55:37 recorder.go:46: 1731261337403008262 Lookup     /opt/lammps/examples/reax
2024/11/10 17:55:37 recorder.go:46: 1731261337403038570 Lookup     /opt/lammps/examples/reax/HNS
2024/11/10 17:55:37 recorder.go:46: 1731261337403313398 Lookup     /usr
2024/11/10 17:55:37 recorder.go:46: 1731261337403343666 Lookup     /usr/local
2024/11/10 17:55:37 recorder.go:46: 1731261337403369516 Lookup     /usr/local/sbin
2024/11/10 17:55:37 recorder.go:46: 1731261337403463226 Lookup     /usr/local/bin
2024/11/10 17:55:37 recorder.go:46: 1731261337403573829 Lookup     /usr/sbin
2024/11/10 17:55:37 recorder.go:46: 1731261337403667368 Lookup     /usr/bin
2024/11/10 17:55:37 recorder.go:46: 1731261337403702796 Lookup     /usr/bin/lmp
2024/11/10 17:55:37 recorder.go:46: 1731261337404022410 Open       /usr/bin/lmp
2024/11/10 17:55:37 recorder.go:46: 1731261337404456133 Open       /usr/bin/lmp
2024/11/10 17:55:37 recorder.go:46: 1731261337404535265 Lookup     /lib64
2024/11/10 17:55:37 recorder.go:46: 1731261337404589159 Lookup     /usr/lib64
2024/11/10 17:55:37 recorder.go:46: 1731261337404678290 Lookup     /usr/lib64/ld-linux-x86-64.so.2
2024/11/10 17:55:37 recorder.go:46: 1731261337404754626 Lookup     /lib
2024/11/10 17:55:37 recorder.go:46: 1731261337404803340 Lookup     /usr/lib
2024/11/10 17:55:37 recorder.go:46: 1731261337404879466 Lookup     /usr/lib/x86_64-linux-gnu
2024/11/10 17:55:37 recorder.go:46: 1731261337404905075 Lookup     /usr/lib/x86_64-linux-gnu/ld-linux-x86-64.so.2
2024/11/10 17:55:37 recorder.go:46: 1731261337404982173 Open       /usr/lib/x86_64-linux-gnu/ld-linux-x86-64.so.2
2024/11/10 17:55:37 recorder.go:46: 1731261337405653342 Open       /usr/bin/lmp
2024/11/10 17:55:37 recorder.go:46: 1731261337406488877 Open       /usr/lib/x86_64-linux-gnu/ld-linux-x86-64.so.2
2024/11/10 17:55:37 recorder.go:46: 1731261337407841425 Lookup     /etc/ld.so.cache
2024/11/10 17:55:37 recorder.go:46: 1731261337407876533 Open       /etc/ld.so.cache
2024/11/10 17:55:37 recorder.go:46: 1731261337408116503 Lookup     /usr/lib/x86_64-linux-gnu/libmpich.so.12
2024/11/10 17:55:37 recorder.go:46: 1731261337408175046 Lookup     /usr/lib/x86_64-linux-gnu/libmpich.so.12.2.0
2024/11/10 17:55:37 recorder.go:46: 1731261337408241013 Open       /usr/lib/x86_64-linux-gnu/libmpich.so.12.2.0
2024/11/10 17:55:37 recorder.go:46: 1731261337408716285 Lookup     /usr/lib/x86_64-linux-gnu/libgomp.so.1
2024/11/10 17:55:37 recorder.go:46: 1731261337408767804 Lookup     /usr/lib/x86_64-linux-gnu/libgomp.so.1.0.0
2024/11/10 17:55:37 recorder.go:46: 1731261337408837268 Open       /usr/lib/x86_64-linux-gnu/libgomp.so.1.0.0
2024/11/10 17:55:37 recorder.go:46: 1731261337409288324 Lookup     /usr/lib/x86_64-linux-gnu/libstdc++.so.6
2024/11/10 17:55:37 recorder.go:46: 1731261337409328151 Lookup     /usr/lib/x86_64-linux-gnu/libstdc++.so.6.0.30
2024/11/10 17:55:37 recorder.go:46: 1731261337409386663 Open       /usr/lib/x86_64-linux-gnu/libstdc++.so.6.0.30
2024/11/10 17:55:37 recorder.go:46: 1731261337409839082 Lookup     /usr/lib/x86_64-linux-gnu/libm.so.6
2024/11/10 17:55:37 recorder.go:46: 1731261337409872246 Open       /usr/lib/x86_64-linux-gnu/libm.so.6
2024/11/10 17:55:37 recorder.go:46: 1731261337410366735 Lookup     /usr/lib/x86_64-linux-gnu/libgcc_s.so.1
2024/11/10 17:55:37 recorder.go:46: 1731261337410413766 Open       /usr/lib/x86_64-linux-gnu/libgcc_s.so.1
2024/11/10 17:55:37 recorder.go:46: 1731261337410911973 Lookup     /usr/lib/x86_64-linux-gnu/libc.so.6
2024/11/10 17:55:37 recorder.go:46: 1731261337410959243 Open       /usr/lib/x86_64-linux-gnu/libc.so.6
2024/11/10 17:55:37 recorder.go:46: 1731261337411719113 Lookup     /usr/lib/x86_64-linux-gnu/libhwloc.so.15
2024/11/10 17:55:37 recorder.go:46: 1731261337411765342 Lookup     /usr/lib/x86_64-linux-gnu/libhwloc.so.15.5.2
2024/11/10 17:55:37 recorder.go:46: 1731261337411825778 Open       /usr/lib/x86_64-linux-gnu/libhwloc.so.15.5.2
2024/11/10 17:55:37 recorder.go:46: 1731261337412209074 Lookup     /usr/lib/x86_64-linux-gnu/libfabric.so.1
2024/11/10 17:55:37 recorder.go:46: 1731261337412248650 Lookup     /usr/lib/x86_64-linux-gnu/libfabric.so.1.14.0
2024/11/10 17:55:37 recorder.go:46: 1731261337412311250 Open       /usr/lib/x86_64-linux-gnu/libfabric.so.1.14.0
2024/11/10 17:55:37 recorder.go:46: 1731261337412674498 Lookup     /usr/lib/x86_64-linux-gnu/libudev.so.1
2024/11/10 17:55:37 recorder.go:46: 1731261337412713453 Lookup     /usr/lib/x86_64-linux-gnu/libudev.so.1.7.2
2024/11/10 17:55:37 recorder.go:46: 1731261337412776764 Open       /usr/lib/x86_64-linux-gnu/libudev.so.1.7.2
2024/11/10 17:55:37 recorder.go:46: 1731261337413092320 Lookup     /usr/lib/x86_64-linux-gnu/librdmacm.so.1
2024/11/10 17:55:37 recorder.go:46: 1731261337413127828 Lookup     /usr/lib/x86_64-linux-gnu/librdmacm.so.1.3.39.0
2024/11/10 17:55:37 recorder.go:46: 1731261337413186231 Open       /usr/lib/x86_64-linux-gnu/librdmacm.so.1.3.39.0
2024/11/10 17:55:37 recorder.go:46: 1731261337413498941 Lookup     /usr/lib/x86_64-linux-gnu/libefa.so.1
2024/11/10 17:55:37 recorder.go:46: 1731261337413540010 Lookup     /usr/lib/x86_64-linux-gnu/libefa.so.1.1.39.0
2024/11/10 17:55:37 recorder.go:46: 1731261337413599094 Open       /usr/lib/x86_64-linux-gnu/libefa.so.1.1.39.0
2024/11/10 17:55:37 recorder.go:46: 1731261337413960948 Lookup     /usr/lib/x86_64-linux-gnu/libibverbs.so.1
2024/11/10 17:55:37 recorder.go:46: 1731261337414013940 Lookup     /usr/lib/x86_64-linux-gnu/libibverbs.so.1.14.39.0
2024/11/10 17:55:37 recorder.go:46: 1731261337414087131 Open       /usr/lib/x86_64-linux-gnu/libibverbs.so.1.14.39.0
2024/11/10 17:55:37 recorder.go:46: 1731261337414480116 Lookup     /usr/lib/x86_64-linux-gnu/libpsm_infinipath.so.1
2024/11/10 17:55:37 recorder.go:46: 1731261337414625966 Lookup     /etc/alternatives
2024/11/10 17:55:37 recorder.go:46: 1731261337414659630 Lookup     /etc/alternatives/libpsm_infinipath.so.1
2024/11/10 17:55:37 recorder.go:46: 1731261337414734775 Lookup     /usr/lib/libpsm1
2024/11/10 17:55:37 recorder.go:46: 1731261337414757659 Lookup     /usr/lib/libpsm1/libpsm_infinipath.so.1.16
2024/11/10 17:55:37 recorder.go:46: 1731261337414799259 Open       /usr/lib/libpsm1/libpsm_infinipath.so.1.16
2024/11/10 17:55:37 recorder.go:46: 1731261337415306513 Lookup     /usr/lib/x86_64-linux-gnu/libpsm2.so.2
2024/11/10 17:55:37 recorder.go:46: 1731261337415363192 Lookup     /usr/lib/x86_64-linux-gnu/libpsm2.so.2.2
2024/11/10 17:55:37 recorder.go:46: 1731261337415453295 Open       /usr/lib/x86_64-linux-gnu/libpsm2.so.2.2
2024/11/10 17:55:37 recorder.go:46: 1731261337415952965 Lookup     /usr/lib/x86_64-linux-gnu/libnl-3.so.200
2024/11/10 17:55:37 recorder.go:46: 1731261337415996518 Lookup     /usr/lib/x86_64-linux-gnu/libnl-3.so.200.26.0
2024/11/10 17:55:37 recorder.go:46: 1731261337416089076 Open       /usr/lib/x86_64-linux-gnu/libnl-3.so.200.26.0
2024/11/10 17:55:37 recorder.go:46: 1731261337416431734 Lookup     /usr/lib/x86_64-linux-gnu/libnl-route-3.so.200
2024/11/10 17:55:37 recorder.go:46: 1731261337416961872 Lookup     /usr/lib/x86_64-linux-gnu/libnl-route-3.so.200.26.0
2024/11/10 17:55:37 recorder.go:46: 1731261337417072084 Open       /usr/lib/x86_64-linux-gnu/libnl-route-3.so.200.26.0
2024/11/10 17:55:37 recorder.go:46: 1731261337417718415 Lookup     /usr/lib/x86_64-linux-gnu/libinfinipath.so.4
2024/11/10 17:55:37 recorder.go:46: 1731261337417762891 Lookup     /usr/lib/x86_64-linux-gnu/libinfinipath.so.4.0
2024/11/10 17:55:37 recorder.go:46: 1731261337417824519 Open       /usr/lib/x86_64-linux-gnu/libinfinipath.so.4.0
2024/11/10 17:55:37 recorder.go:46: 1731261337418191053 Lookup     /usr/lib/x86_64-linux-gnu/librt.so.1
2024/11/10 17:55:37 recorder.go:46: 1731261337418230188 Open       /usr/lib/x86_64-linux-gnu/librt.so.1
2024/11/10 17:55:37 recorder.go:46: 1731261337418735569 Lookup     /usr/lib/x86_64-linux-gnu/libpthread.so.0
2024/11/10 17:55:37 recorder.go:46: 1731261337418780435 Open       /usr/lib/x86_64-linux-gnu/libpthread.so.0
2024/11/10 17:55:37 recorder.go:46: 1731261337419230409 Lookup     /usr/lib/x86_64-linux-gnu/libdl.so.2
2024/11/10 17:55:37 recorder.go:46: 1731261337419266158 Open       /usr/lib/x86_64-linux-gnu/libdl.so.2
2024/11/10 17:55:37 recorder.go:46: 1731261337419793290 Lookup     /usr/lib/x86_64-linux-gnu/libuuid.so.1
2024/11/10 17:55:37 recorder.go:46: 1731261337419856121 Lookup     /usr/lib/x86_64-linux-gnu/libuuid.so.1.3.0
2024/11/10 17:55:37 recorder.go:46: 1731261337419921396 Open       /usr/lib/x86_64-linux-gnu/libuuid.so.1.3.0
2024/11/10 17:55:37 recorder.go:46: 1731261337420328168 Lookup     /usr/lib/x86_64-linux-gnu/libnuma.so.1
2024/11/10 17:55:37 recorder.go:46: 1731261337420367774 Lookup     /usr/lib/x86_64-linux-gnu/libnuma.so.1.0.0
2024/11/10 17:55:37 recorder.go:46: 1731261337420435604 Open       /usr/lib/x86_64-linux-gnu/libnuma.so.1.0.0
2024/11/10 17:55:37 recorder.go:46: 1731261337645536885 Lookup     /usr/lib/x86_64-linux-gnu/hwloc
2024/11/10 17:55:37 recorder.go:46: 1731261337645788969 Lookup     /usr/lib/x86_64-linux-gnu/hwloc/hwloc_opencl.so
2024/11/10 17:55:37 recorder.go:46: 1731261337645826401 Lookup     /usr/lib/x86_64-linux-gnu/hwloc/hwloc_xml_libxml.so
2024/11/10 17:55:37 recorder.go:46: 1731261337645837382 Lookup     /usr/lib/x86_64-linux-gnu/hwloc/hwloc_gl.so
2024/11/10 17:55:37 recorder.go:46: 1731261337645849986 Lookup     /usr/lib/x86_64-linux-gnu/hwloc/hwloc_pci.so
2024/11/10 17:55:37 recorder.go:46: 1731261337646182505 Open       /usr/lib/x86_64-linux-gnu/hwloc/hwloc_opencl.so
2024/11/10 17:55:37 recorder.go:46: 1731261337646820831 Open       /etc/ld.so.cache
2024/11/10 17:55:37 recorder.go:46: 1731261337647153400 Lookup     /usr/lib/x86_64-linux-gnu/libOpenCL.so.1
2024/11/10 17:55:37 recorder.go:46: 1731261337647218014 Lookup     /usr/lib/x86_64-linux-gnu/libOpenCL.so.1.0.0
2024/11/10 17:55:37 recorder.go:46: 1731261337647310993 Open       /usr/lib/x86_64-linux-gnu/libOpenCL.so.1.0.0
2024/11/10 17:55:37 recorder.go:46: 1731261337647954999 Open       /usr/lib/x86_64-linux-gnu/hwloc/hwloc_xml_libxml.so
2024/11/10 17:55:37 recorder.go:46: 1731261337648342123 Open       /etc/ld.so.cache
2024/11/10 17:55:37 recorder.go:46: 1731261337648549431 Lookup     /usr/lib/x86_64-linux-gnu/libxml2.so.2
2024/11/10 17:55:37 recorder.go:46: 1731261337648594287 Lookup     /usr/lib/x86_64-linux-gnu/libxml2.so.2.9.13
2024/11/10 17:55:37 recorder.go:46: 1731261337648671646 Open       /usr/lib/x86_64-linux-gnu/libxml2.so.2.9.13
2024/11/10 17:55:37 recorder.go:46: 1731261337649159743 Lookup     /usr/lib/x86_64-linux-gnu/libicuuc.so.70
2024/11/10 17:55:37 recorder.go:46: 1731261337649203567 Lookup     /usr/lib/x86_64-linux-gnu/libicuuc.so.70.1
2024/11/10 17:55:37 recorder.go:46: 1731261337649267751 Open       /usr/lib/x86_64-linux-gnu/libicuuc.so.70.1
2024/11/10 17:55:37 recorder.go:46: 1731261337649729337 Lookup     /usr/lib/x86_64-linux-gnu/libz.so.1
2024/11/10 17:55:37 recorder.go:46: 1731261337649773843 Lookup     /usr/lib/x86_64-linux-gnu/libz.so.1.2.11
2024/11/10 17:55:37 recorder.go:46: 1731261337649838377 Open       /usr/lib/x86_64-linux-gnu/libz.so.1.2.11
2024/11/10 17:55:37 recorder.go:46: 1731261337650222134 Lookup     /usr/lib/x86_64-linux-gnu/liblzma.so.5
2024/11/10 17:55:37 recorder.go:46: 1731261337650264285 Lookup     /usr/lib/x86_64-linux-gnu/liblzma.so.5.2.5
2024/11/10 17:55:37 recorder.go:46: 1731261337650332185 Open       /usr/lib/x86_64-linux-gnu/liblzma.so.5.2.5
2024/11/10 17:55:37 recorder.go:46: 1731261337650709109 Lookup     /usr/lib/x86_64-linux-gnu/libicudata.so.70
2024/11/10 17:55:37 recorder.go:46: 1731261337650757322 Lookup     /usr/lib/x86_64-linux-gnu/libicudata.so.70.1
2024/11/10 17:55:37 recorder.go:46: 1731261337650829871 Open       /usr/lib/x86_64-linux-gnu/libicudata.so.70.1
2024/11/10 17:55:37 recorder.go:46: 1731261337652266390 Open       /usr/lib/x86_64-linux-gnu/hwloc/hwloc_gl.so
2024/11/10 17:55:37 recorder.go:46: 1731261337652610030 Open       /etc/ld.so.cache
2024/11/10 17:55:37 recorder.go:46: 1731261337652927680 Lookup     /usr/lib/x86_64-linux-gnu/libXNVCtrl.so.0
2024/11/10 17:55:37 recorder.go:46: 1731261337652992054 Lookup     /usr/lib/x86_64-linux-gnu/libXNVCtrl.so.0.0.0
2024/11/10 17:55:37 recorder.go:46: 1731261337653089561 Open       /usr/lib/x86_64-linux-gnu/libXNVCtrl.so.0.0.0
2024/11/10 17:55:37 recorder.go:46: 1731261337653547360 Lookup     /usr/lib/x86_64-linux-gnu/libX11.so.6
2024/11/10 17:55:37 recorder.go:46: 1731261337653605933 Lookup     /usr/lib/x86_64-linux-gnu/libX11.so.6.4.0
2024/11/10 17:55:37 recorder.go:46: 1731261337653687019 Open       /usr/lib/x86_64-linux-gnu/libX11.so.6.4.0
2024/11/10 17:55:37 recorder.go:46: 1731261337654090774 Lookup     /usr/lib/x86_64-linux-gnu/libXext.so.6
2024/11/10 17:55:37 recorder.go:46: 1731261337654133997 Lookup     /usr/lib/x86_64-linux-gnu/libXext.so.6.4.0
2024/11/10 17:55:37 recorder.go:46: 1731261337654197900 Open       /usr/lib/x86_64-linux-gnu/libXext.so.6.4.0
2024/11/10 17:55:37 recorder.go:46: 1731261337654515109 Lookup     /usr/lib/x86_64-linux-gnu/libxcb.so.1
2024/11/10 17:55:37 recorder.go:46: 1731261337654555587 Lookup     /usr/lib/x86_64-linux-gnu/libxcb.so.1.1.0
2024/11/10 17:55:37 recorder.go:46: 1731261337654618979 Open       /usr/lib/x86_64-linux-gnu/libxcb.so.1.1.0
2024/11/10 17:55:37 recorder.go:46: 1731261337655040769 Lookup     /usr/lib/x86_64-linux-gnu/libXau.so.6
2024/11/10 17:55:37 recorder.go:46: 1731261337655098319 Lookup     /usr/lib/x86_64-linux-gnu/libXau.so.6.0.0
2024/11/10 17:55:37 recorder.go:46: 1731261337655186809 Open       /usr/lib/x86_64-linux-gnu/libXau.so.6.0.0
2024/11/10 17:55:37 recorder.go:46: 1731261337655724181 Lookup     /usr/lib/x86_64-linux-gnu/libXdmcp.so.6
2024/11/10 17:55:37 recorder.go:46: 1731261337655769058 Lookup     /usr/lib/x86_64-linux-gnu/libXdmcp.so.6.0.0
2024/11/10 17:55:37 recorder.go:46: 1731261337655874250 Open       /usr/lib/x86_64-linux-gnu/libXdmcp.so.6.0.0
2024/11/10 17:55:37 recorder.go:46: 1731261337656233179 Lookup     /usr/lib/x86_64-linux-gnu/libbsd.so.0
2024/11/10 17:55:37 recorder.go:46: 1731261337656280149 Lookup     /usr/lib/x86_64-linux-gnu/libbsd.so.0.11.5
2024/11/10 17:55:37 recorder.go:46: 1731261337656351877 Open       /usr/lib/x86_64-linux-gnu/libbsd.so.0.11.5
2024/11/10 17:55:37 recorder.go:46: 1731261337656730424 Lookup     /usr/lib/x86_64-linux-gnu/libmd.so.0
2024/11/10 17:55:37 recorder.go:46: 1731261337656781843 Lookup     /usr/lib/x86_64-linux-gnu/libmd.so.0.0.5
2024/11/10 17:55:37 recorder.go:46: 1731261337656864241 Open       /usr/lib/x86_64-linux-gnu/libmd.so.0.0.5
2024/11/10 17:55:37 recorder.go:46: 1731261337657640402 Open       /usr/lib/x86_64-linux-gnu/hwloc/hwloc_pci.so
2024/11/10 17:55:37 recorder.go:46: 1731261337658062983 Open       /etc/ld.so.cache
2024/11/10 17:55:37 recorder.go:46: 1731261337671871685 Lookup     /usr/lib/x86_64-linux-gnu/libpciaccess.so.0
2024/11/10 17:55:37 recorder.go:46: 1731261337671989121 Lookup     /usr/lib/x86_64-linux-gnu/libpciaccess.so.0.11.1
2024/11/10 17:55:37 recorder.go:46: 1731261337672149839 Open       /usr/lib/x86_64-linux-gnu/libpciaccess.so.0.11.1
2024/11/10 17:55:37 recorder.go:46: 1731261337995978682 Lookup     /run
2024/11/10 17:55:38 recorder.go:46: 1731261338001892750 Lookup     /var
2024/11/10 17:55:38 recorder.go:46: 1731261338001978355 Lookup     /var/run
2024/11/10 17:55:38 recorder.go:46: 1731261338003289804 Lookup     /etc/gai.conf
2024/11/10 17:55:38 recorder.go:46: 1731261338003338557 Open       /etc/gai.conf
2024/11/10 17:55:38 recorder.go:46: 1731261338011389380 Lookup     /usr/share
2024/11/10 17:55:38 recorder.go:46: 1731261338011520422 Lookup     /usr/share/misc
2024/11/10 17:55:38 recorder.go:46: 1731261338038825084 Open       /etc/ld.so.cache
2024/11/10 17:55:38 recorder.go:46: 1731261338047364355 Open       /etc/ld.so.cache
2024/11/10 17:55:38 recorder.go:46: 1731261338048103624 Open       /etc/ld.so.cache
2024/11/10 17:55:38 recorder.go:46: 1731261338048797737 Open       /etc/ld.so.cache
2024/11/10 17:55:38 recorder.go:46: 1731261338049391558 Open       /etc/ld.so.cache
2024/11/10 17:55:38 recorder.go:46: 1731261338049937366 Open       /etc/ld.so.cache
2024/11/10 17:55:38 recorder.go:46: 1731261338050506549 Open       /etc/ld.so.cache
2024/11/10 17:55:38 recorder.go:46: 1731261338051046226 Open       /etc/ld.so.cache
2024/11/10 17:55:38 recorder.go:46: 1731261338051725370 Open       /etc/ld.so.cache
2024/11/10 17:55:38 recorder.go:46: 1731261338052349169 Open       /etc/ld.so.cache
2024/11/10 17:55:38 recorder.go:46: 1731261338052881401 Open       /etc/ld.so.cache
2024/11/10 17:55:38 recorder.go:46: 1731261338053425315 Open       /etc/ld.so.cache
2024/11/10 17:55:38 recorder.go:46: 1731261338054007273 Open       /etc/ld.so.cache
2024/11/10 17:55:38 recorder.go:46: 1731261338054594170 Open       /etc/ld.so.cache
2024/11/10 17:55:38 recorder.go:46: 1731261338055173994 Open       /etc/ld.so.cache
2024/11/10 17:55:38 recorder.go:46: 1731261338055763286 Open       /etc/ld.so.cache
2024/11/10 17:55:38 recorder.go:46: 1731261338056326678 Open       /etc/ld.so.cache
2024/11/10 17:55:38 recorder.go:46: 1731261338068781479 Lookup     /opt/lammps/examples/reax/HNS/in.reaxc.hns
2024/11/10 17:55:38 recorder.go:46: 1731261338068862825 Open       /opt/lammps/examples/reax/HNS/in.reaxc.hns
2024/11/10 17:55:38 recorder.go:46: 1731261338073460616 Lookup     /opt/lammps/examples/reax/HNS/data.hns-equil
2024/11/10 17:55:38 recorder.go:46: 1731261338073552733 Open       /opt/lammps/examples/reax/HNS/data.hns-equil
2024/11/10 17:55:38 recorder.go:46: 1731261338074051120 Open       /opt/lammps/examples/reax/HNS/data.hns-equil
2024/11/10 17:55:38 recorder.go:46: 1731261338077798257 Lookup     /opt/lammps/examples/reax/HNS/ffield.reax.hns
2024/11/10 17:55:38 recorder.go:46: 1731261338077852431 Open       /opt/lammps/examples/reax/HNS/ffield.reax.hns
2024/11/10 17:55:38 recorder.go:46: 1731261338077970237 Open       /opt/lammps/examples/reax/HNS/ffield.reax.hns
2024/11/10 17:55:38 recorder.go:46: 1731261338078228593 Open       /opt/lammps/examples/reax/HNS/ffield.reax.hns
2024/11/10 17:55:38 recorder.go:46: 1731261338078391055 Open       /opt/lammps/examples/reax/HNS/ffield.reax.hns
