2024/11/10 03:20:36 recorder.go:46: 1731208836308629132 Lookup     /etc
2024/11/10 03:20:36 recorder.go:46: 1731208836308789538 Lookup     /etc/host.conf
2024/11/10 03:20:36 recorder.go:46: 1731208836308854352 Lookup     /etc/hosts
2024/11/10 03:20:36 recorder.go:46: 1731208836308898065 Lookup     /etc/nsswitch.conf
2024/11/10 03:20:36 recorder.go:46: 1731208836308938272 Lookup     /etc/resolv.conf
2024/11/10 03:20:36 recorder.go:46: 1731208836308977326 Lookup     /dev
2024/11/10 03:20:36 recorder.go:46: 1731208836309005430 Lookup     /sys
2024/11/10 03:20:36 recorder.go:46: 1731208836309033774 Lookup     /proc
2024/11/10 03:20:36 recorder.go:46: 1731208836309090482 Lookup     /tmp
2024/11/10 03:20:36 recorder.go:46: 1731208836309121892 Lookup     /root
2024/11/10 03:20:36 recorder.go:46: 1731208836309177588 Lookup     /opt
2024/11/10 03:20:36 recorder.go:46: 1731208836309205601 Lookup     /opt/lammps
2024/11/10 03:20:36 recorder.go:46: 1731208836309232813 Lookup     /opt/lammps/examples
2024/11/10 03:20:36 recorder.go:46: 1731208836309266347 Lookup     /opt/lammps/examples/reaxff
2024/11/10 03:20:36 recorder.go:46: 1731208836309297256 Lookup     /opt/lammps/examples/reaxff/HNS
2024/11/10 03:20:36 recorder.go:46: 1731208836309455909 Lookup     /usr
2024/11/10 03:20:36 recorder.go:46: 1731208836309489352 Lookup     /usr/local
2024/11/10 03:20:36 recorder.go:46: 1731208836309543075 Lookup     /usr/local/sbin
2024/11/10 03:20:36 recorder.go:46: 1731208836309654668 Lookup     /usr/local/bin
2024/11/10 03:20:36 recorder.go:46: 1731208836309753917 Lookup     /usr/sbin
2024/11/10 03:20:36 recorder.go:46: 1731208836309857414 Lookup     /usr/bin
2024/11/10 03:20:36 recorder.go:46: 1731208836309938709 Lookup     /usr/bin/lmp
2024/11/10 03:20:36 recorder.go:46: 1731208836310434585 Open       /usr/bin/lmp
2024/11/10 03:20:36 recorder.go:46: 1731208836310928376 Open       /usr/bin/lmp
2024/11/10 03:20:36 recorder.go:46: 1731208836311048766 Lookup     /lib64
2024/11/10 03:20:36 recorder.go:46: 1731208836311125422 Lookup     /usr/lib64
2024/11/10 03:20:36 recorder.go:46: 1731208836311310735 Lookup     /usr/lib64/ld-linux-x86-64.so.2
2024/11/10 03:20:36 recorder.go:46: 1731208836311412319 Lookup     /lib
2024/11/10 03:20:36 recorder.go:46: 1731208836311456323 Lookup     /usr/lib
2024/11/10 03:20:36 recorder.go:46: 1731208836311560381 Lookup     /usr/lib/x86_64-linux-gnu
2024/11/10 03:20:36 recorder.go:46: 1731208836311600137 Lookup     /usr/lib/x86_64-linux-gnu/ld-linux-x86-64.so.2
2024/11/10 03:20:36 recorder.go:46: 1731208836311706179 Open       /usr/lib/x86_64-linux-gnu/ld-linux-x86-64.so.2
2024/11/10 03:20:36 recorder.go:46: 1731208836312466428 Open       /usr/bin/lmp
2024/11/10 03:20:36 recorder.go:46: 1731208836313485892 Open       /usr/lib/x86_64-linux-gnu/ld-linux-x86-64.so.2
2024/11/10 03:20:36 recorder.go:46: 1731208836314750163 Lookup     /etc/ld.so.cache
2024/11/10 03:20:36 recorder.go:46: 1731208836314798695 Open       /etc/ld.so.cache
2024/11/10 03:20:36 recorder.go:46: 1731208836315091594 Lookup     /usr/lib/x86_64-linux-gnu/libgomp.so.1
2024/11/10 03:20:36 recorder.go:46: 1731208836315154955 Lookup     /usr/lib/x86_64-linux-gnu/libgomp.so.1.0.0
2024/11/10 03:20:36 recorder.go:46: 1731208836315243463 Open       /usr/lib/x86_64-linux-gnu/libgomp.so.1.0.0
2024/11/10 03:20:36 recorder.go:46: 1731208836316042337 Lookup     /usr/lib/x86_64-linux-gnu/libmpich.so.12
2024/11/10 03:20:36 recorder.go:46: 1731208836316122409 Lookup     /usr/lib/x86_64-linux-gnu/libmpich.so.12.2.0
2024/11/10 03:20:36 recorder.go:46: 1731208836316252878 Open       /usr/lib/x86_64-linux-gnu/libmpich.so.12.2.0
2024/11/10 03:20:36 recorder.go:46: 1731208836317087600 Lookup     /usr/lib/x86_64-linux-gnu/libstdc++.so.6
2024/11/10 03:20:36 recorder.go:46: 1731208836317169235 Lookup     /usr/lib/x86_64-linux-gnu/libstdc++.so.6.0.30
2024/11/10 03:20:36 recorder.go:46: 1731208836317281730 Open       /usr/lib/x86_64-linux-gnu/libstdc++.so.6.0.30
2024/11/10 03:20:36 recorder.go:46: 1731208836318003095 Lookup     /usr/lib/x86_64-linux-gnu/libm.so.6
2024/11/10 03:20:36 recorder.go:46: 1731208836318072828 Open       /usr/lib/x86_64-linux-gnu/libm.so.6
2024/11/10 03:20:36 recorder.go:46: 1731208836318750230 Lookup     /usr/lib/x86_64-linux-gnu/libgcc_s.so.1
2024/11/10 03:20:36 recorder.go:46: 1731208836318809593 Open       /usr/lib/x86_64-linux-gnu/libgcc_s.so.1
2024/11/10 03:20:36 recorder.go:46: 1731208836319242448 Lookup     /usr/lib/x86_64-linux-gnu/libc.so.6
2024/11/10 03:20:36 recorder.go:46: 1731208836319309496 Open       /usr/lib/x86_64-linux-gnu/libc.so.6
2024/11/10 03:20:36 recorder.go:46: 1731208836319991677 Lookup     /usr/lib/x86_64-linux-gnu/libhwloc.so.15
2024/11/10 03:20:36 recorder.go:46: 1731208836320047974 Lookup     /usr/lib/x86_64-linux-gnu/libhwloc.so.15.5.2
2024/11/10 03:20:36 recorder.go:46: 1731208836320138276 Open       /usr/lib/x86_64-linux-gnu/libhwloc.so.15.5.2
2024/11/10 03:20:36 recorder.go:46: 1731208836320717000 Lookup     /usr/lib/x86_64-linux-gnu/libfabric.so.1
2024/11/10 03:20:36 recorder.go:46: 1731208836320773648 Lookup     /usr/lib/x86_64-linux-gnu/libfabric.so.1.14.0
2024/11/10 03:20:36 recorder.go:46: 1731208836320864270 Open       /usr/lib/x86_64-linux-gnu/libfabric.so.1.14.0
2024/11/10 03:20:36 recorder.go:46: 1731208836321370165 Lookup     /usr/lib/x86_64-linux-gnu/libudev.so.1
2024/11/10 03:20:36 recorder.go:46: 1731208836321418447 Lookup     /usr/lib/x86_64-linux-gnu/libudev.so.1.7.2
2024/11/10 03:20:36 recorder.go:46: 1731208836321506806 Open       /usr/lib/x86_64-linux-gnu/libudev.so.1.7.2
2024/11/10 03:20:36 recorder.go:46: 1731208836321922378 Lookup     /usr/lib/x86_64-linux-gnu/librdmacm.so.1
2024/11/10 03:20:36 recorder.go:46: 1731208836321967514 Lookup     /usr/lib/x86_64-linux-gnu/librdmacm.so.1.3.39.0
2024/11/10 03:20:36 recorder.go:46: 1731208836322048859 Open       /usr/lib/x86_64-linux-gnu/librdmacm.so.1.3.39.0
2024/11/10 03:20:36 recorder.go:46: 1731208836322454292 Lookup     /usr/lib/x86_64-linux-gnu/libefa.so.1
2024/11/10 03:20:36 recorder.go:46: 1731208836322505971 Lookup     /usr/lib/x86_64-linux-gnu/libefa.so.1.1.39.0
2024/11/10 03:20:36 recorder.go:46: 1731208836322607444 Open       /usr/lib/x86_64-linux-gnu/libefa.so.1.1.39.0
2024/11/10 03:20:36 recorder.go:46: 1731208836323058133 Lookup     /usr/lib/x86_64-linux-gnu/libibverbs.so.1
2024/11/10 03:20:36 recorder.go:46: 1731208836323109241 Lookup     /usr/lib/x86_64-linux-gnu/libibverbs.so.1.14.39.0
2024/11/10 03:20:36 recorder.go:46: 1731208836323192910 Open       /usr/lib/x86_64-linux-gnu/libibverbs.so.1.14.39.0
2024/11/10 03:20:36 recorder.go:46: 1731208836323682344 Lookup     /usr/lib/x86_64-linux-gnu/libpsm_infinipath.so.1
2024/11/10 03:20:36 recorder.go:46: 1731208836323987315 Lookup     /etc/alternatives
2024/11/10 03:20:36 recorder.go:46: 1731208836324033683 Lookup     /etc/alternatives/libpsm_infinipath.so.1
2024/11/10 03:20:36 recorder.go:46: 1731208836324140196 Lookup     /usr/lib/libpsm1
2024/11/10 03:20:36 recorder.go:46: 1731208836324183349 Lookup     /usr/lib/libpsm1/libpsm_infinipath.so.1.16
2024/11/10 03:20:36 recorder.go:46: 1731208836324236871 Open       /usr/lib/libpsm1/libpsm_infinipath.so.1.16
2024/11/10 03:20:36 recorder.go:46: 1731208836324917919 Lookup     /usr/lib/x86_64-linux-gnu/libpsm2.so.2
2024/11/10 03:20:36 recorder.go:46: 1731208836324980408 Lookup     /usr/lib/x86_64-linux-gnu/libpsm2.so.2.2
2024/11/10 03:20:36 recorder.go:46: 1731208836325067675 Open       /usr/lib/x86_64-linux-gnu/libpsm2.so.2.2
2024/11/10 03:20:36 recorder.go:46: 1731208836325575012 Lookup     /usr/lib/x86_64-linux-gnu/libnl-3.so.200
2024/11/10 03:20:36 recorder.go:46: 1731208836325631119 Lookup     /usr/lib/x86_64-linux-gnu/libnl-3.so.200.26.0
2024/11/10 03:20:36 recorder.go:46: 1731208836325722303 Open       /usr/lib/x86_64-linux-gnu/libnl-3.so.200.26.0
2024/11/10 03:20:36 recorder.go:46: 1731208836326222837 Lookup     /usr/lib/x86_64-linux-gnu/libnl-route-3.so.200
2024/11/10 03:20:36 recorder.go:46: 1731208836326279045 Lookup     /usr/lib/x86_64-linux-gnu/libnl-route-3.so.200.26.0
2024/11/10 03:20:36 recorder.go:46: 1731208836326373735 Open       /usr/lib/x86_64-linux-gnu/libnl-route-3.so.200.26.0
2024/11/10 03:20:36 recorder.go:46: 1731208836327476247 Lookup     /usr/lib/x86_64-linux-gnu/libinfinipath.so.4
2024/11/10 03:20:36 recorder.go:46: 1731208836327549327 Lookup     /usr/lib/x86_64-linux-gnu/libinfinipath.so.4.0
2024/11/10 03:20:36 recorder.go:46: 1731208836327650209 Open       /usr/lib/x86_64-linux-gnu/libinfinipath.so.4.0
2024/11/10 03:20:36 recorder.go:46: 1731208836328697836 Lookup     /usr/lib/x86_64-linux-gnu/librt.so.1
2024/11/10 03:20:36 recorder.go:46: 1731208836328777468 Open       /usr/lib/x86_64-linux-gnu/librt.so.1
2024/11/10 03:20:36 recorder.go:46: 1731208836329180417 Lookup     /usr/lib/x86_64-linux-gnu/libpthread.so.0
2024/11/10 03:20:36 recorder.go:46: 1731208836329228588 Open       /usr/lib/x86_64-linux-gnu/libpthread.so.0
2024/11/10 03:20:36 recorder.go:46: 1731208836329616087 Lookup     /usr/lib/x86_64-linux-gnu/libdl.so.2
2024/11/10 03:20:36 recorder.go:46: 1731208836329659831 Open       /usr/lib/x86_64-linux-gnu/libdl.so.2
2024/11/10 03:20:36 recorder.go:46: 1731208836330020298 Lookup     /usr/lib/x86_64-linux-gnu/libuuid.so.1
2024/11/10 03:20:36 recorder.go:46: 1731208836330070333 Lookup     /usr/lib/x86_64-linux-gnu/libuuid.so.1.3.0
2024/11/10 03:20:36 recorder.go:46: 1731208836330154303 Open       /usr/lib/x86_64-linux-gnu/libuuid.so.1.3.0
2024/11/10 03:20:36 recorder.go:46: 1731208836330539177 Lookup     /usr/lib/x86_64-linux-gnu/libnuma.so.1
2024/11/10 03:20:36 recorder.go:46: 1731208836330590705 Lookup     /usr/lib/x86_64-linux-gnu/libnuma.so.1.0.0
2024/11/10 03:20:36 recorder.go:46: 1731208836330676198 Open       /usr/lib/x86_64-linux-gnu/libnuma.so.1.0.0
2024/11/10 03:20:36 recorder.go:46: 1731208836559804519 Lookup     /usr/lib/x86_64-linux-gnu/hwloc
2024/11/10 03:20:36 recorder.go:46: 1731208836560189152 Lookup     /usr/lib/x86_64-linux-gnu/hwloc/hwloc_opencl.so
2024/11/10 03:20:36 recorder.go:46: 1731208836560217977 Lookup     /usr/lib/x86_64-linux-gnu/hwloc/hwloc_xml_libxml.so
2024/11/10 03:20:36 recorder.go:46: 1731208836560235841 Lookup     /usr/lib/x86_64-linux-gnu/hwloc/hwloc_gl.so
2024/11/10 03:20:36 recorder.go:46: 1731208836560254006 Lookup     /usr/lib/x86_64-linux-gnu/hwloc/hwloc_pci.so
2024/11/10 03:20:36 recorder.go:46: 1731208836560450981 Open       /usr/lib/x86_64-linux-gnu/hwloc/hwloc_opencl.so
2024/11/10 03:20:36 recorder.go:46: 1731208836561086974 Open       /etc/ld.so.cache
2024/11/10 03:20:36 recorder.go:46: 1731208836561438985 Lookup     /usr/lib/x86_64-linux-gnu/libOpenCL.so.1
2024/11/10 03:20:36 recorder.go:46: 1731208836561509279 Lookup     /usr/lib/x86_64-linux-gnu/libOpenCL.so.1.0.0
2024/11/10 03:20:36 recorder.go:46: 1731208836561603619 Open       /usr/lib/x86_64-linux-gnu/libOpenCL.so.1.0.0
2024/11/10 03:20:36 recorder.go:46: 1731208836563752546 Open       /usr/lib/x86_64-linux-gnu/hwloc/hwloc_xml_libxml.so
2024/11/10 03:20:36 recorder.go:46: 1731208836564364834 Open       /etc/ld.so.cache
2024/11/10 03:20:36 recorder.go:46: 1731208836564748766 Lookup     /usr/lib/x86_64-linux-gnu/libxml2.so.2
2024/11/10 03:20:36 recorder.go:46: 1731208836564816054 Lookup     /usr/lib/x86_64-linux-gnu/libxml2.so.2.9.13
2024/11/10 03:20:36 recorder.go:46: 1731208836564907218 Open       /usr/lib/x86_64-linux-gnu/libxml2.so.2.9.13
2024/11/10 03:20:36 recorder.go:46: 1731208836566214230 Lookup     /usr/lib/x86_64-linux-gnu/libicuuc.so.70
2024/11/10 03:20:36 recorder.go:46: 1731208836566308660 Lookup     /usr/lib/x86_64-linux-gnu/libicuuc.so.70.1
2024/11/10 03:20:36 recorder.go:46: 1731208836566441904 Open       /usr/lib/x86_64-linux-gnu/libicuuc.so.70.1
2024/11/10 03:20:36 recorder.go:46: 1731208836567390322 Lookup     /usr/lib/x86_64-linux-gnu/libz.so.1
2024/11/10 03:20:36 recorder.go:46: 1731208836567516703 Lookup     /usr/lib/x86_64-linux-gnu/libz.so.1.2.11
2024/11/10 03:20:36 recorder.go:46: 1731208836567685986 Open       /usr/lib/x86_64-linux-gnu/libz.so.1.2.11
2024/11/10 03:20:36 recorder.go:46: 1731208836568331287 Lookup     /usr/lib/x86_64-linux-gnu/liblzma.so.5
2024/11/10 03:20:36 recorder.go:46: 1731208836568389347 Lookup     /usr/lib/x86_64-linux-gnu/liblzma.so.5.2.5
2024/11/10 03:20:36 recorder.go:46: 1731208836568481002 Open       /usr/lib/x86_64-linux-gnu/liblzma.so.5.2.5
2024/11/10 03:20:36 recorder.go:46: 1731208836569095063 Lookup     /usr/lib/x86_64-linux-gnu/libicudata.so.70
2024/11/10 03:20:36 recorder.go:46: 1731208836569151601 Lookup     /usr/lib/x86_64-linux-gnu/libicudata.so.70.1
2024/11/10 03:20:36 recorder.go:46: 1731208836569256020 Open       /usr/lib/x86_64-linux-gnu/libicudata.so.70.1
2024/11/10 03:20:36 recorder.go:46: 1731208836571954775 Open       /usr/lib/x86_64-linux-gnu/hwloc/hwloc_gl.so
2024/11/10 03:20:36 recorder.go:46: 1731208836572489725 Open       /etc/ld.so.cache
2024/11/10 03:20:36 recorder.go:46: 1731208836572842688 Lookup     /usr/lib/x86_64-linux-gnu/libXNVCtrl.so.0
2024/11/10 03:20:36 recorder.go:46: 1731208836572932890 Lookup     /usr/lib/x86_64-linux-gnu/libXNVCtrl.so.0.0.0
2024/11/10 03:20:36 recorder.go:46: 1731208836573051096 Open       /usr/lib/x86_64-linux-gnu/libXNVCtrl.so.0.0.0
2024/11/10 03:20:36 recorder.go:46: 1731208836573512515 Lookup     /usr/lib/x86_64-linux-gnu/libX11.so.6
2024/11/10 03:20:36 recorder.go:46: 1731208836573583461 Lookup     /usr/lib/x86_64-linux-gnu/libX11.so.6.4.0
2024/11/10 03:20:36 recorder.go:46: 1731208836573691807 Open       /usr/lib/x86_64-linux-gnu/libX11.so.6.4.0
2024/11/10 03:20:36 recorder.go:46: 1731208836574629786 Lookup     /usr/lib/x86_64-linux-gnu/libXext.so.6
2024/11/10 03:20:36 recorder.go:46: 1731208836574718365 Lookup     /usr/lib/x86_64-linux-gnu/libXext.so.6.4.0
2024/11/10 03:20:36 recorder.go:46: 1731208836574832753 Open       /usr/lib/x86_64-linux-gnu/libXext.so.6.4.0
2024/11/10 03:20:36 recorder.go:46: 1731208836575319601 Lookup     /usr/lib/x86_64-linux-gnu/libxcb.so.1
2024/11/10 03:20:36 recorder.go:46: 1731208836575378072 Lookup     /usr/lib/x86_64-linux-gnu/libxcb.so.1.1.0
2024/11/10 03:20:36 recorder.go:46: 1731208836575463495 Open       /usr/lib/x86_64-linux-gnu/libxcb.so.1.1.0
2024/11/10 03:20:36 recorder.go:46: 1731208836576130297 Lookup     /usr/lib/x86_64-linux-gnu/libXau.so.6
2024/11/10 03:20:36 recorder.go:46: 1731208836576190141 Lookup     /usr/lib/x86_64-linux-gnu/libXau.so.6.0.0
2024/11/10 03:20:36 recorder.go:46: 1731208836576275253 Open       /usr/lib/x86_64-linux-gnu/libXau.so.6.0.0
2024/11/10 03:20:36 recorder.go:46: 1731208836576708940 Lookup     /usr/lib/x86_64-linux-gnu/libXdmcp.so.6
2024/11/10 03:20:36 recorder.go:46: 1731208836576783151 Lookup     /usr/lib/x86_64-linux-gnu/libXdmcp.so.6.0.0
2024/11/10 03:20:36 recorder.go:46: 1731208836576876790 Open       /usr/lib/x86_64-linux-gnu/libXdmcp.so.6.0.0
2024/11/10 03:20:36 recorder.go:46: 1731208836577358258 Lookup     /usr/lib/x86_64-linux-gnu/libbsd.so.0
2024/11/10 03:20:36 recorder.go:46: 1731208836577424063 Lookup     /usr/lib/x86_64-linux-gnu/libbsd.so.0.11.5
2024/11/10 03:20:36 recorder.go:46: 1731208836577524264 Open       /usr/lib/x86_64-linux-gnu/libbsd.so.0.11.5
2024/11/10 03:20:36 recorder.go:46: 1731208836578045057 Lookup     /usr/lib/x86_64-linux-gnu/libmd.so.0
2024/11/10 03:20:36 recorder.go:46: 1731208836578098950 Lookup     /usr/lib/x86_64-linux-gnu/libmd.so.0.0.5
2024/11/10 03:20:36 recorder.go:46: 1731208836578191096 Open       /usr/lib/x86_64-linux-gnu/libmd.so.0.0.5
2024/11/10 03:20:36 recorder.go:46: 1731208836579313556 Open       /usr/lib/x86_64-linux-gnu/hwloc/hwloc_pci.so
2024/11/10 03:20:36 recorder.go:46: 1731208836579826103 Open       /etc/ld.so.cache
2024/11/10 03:20:36 recorder.go:46: 1731208836580150863 Lookup     /usr/lib/x86_64-linux-gnu/libpciaccess.so.0
2024/11/10 03:20:36 recorder.go:46: 1731208836580236816 Lookup     /usr/lib/x86_64-linux-gnu/libpciaccess.so.0.11.1
2024/11/10 03:20:36 recorder.go:46: 1731208836580348970 Open       /usr/lib/x86_64-linux-gnu/libpciaccess.so.0.11.1
2024/11/10 03:20:36 recorder.go:46: 1731208836946179846 Lookup     /run
2024/11/10 03:20:36 recorder.go:46: 1731208836954472227 Lookup     /var
2024/11/10 03:20:36 recorder.go:46: 1731208836954554664 Lookup     /var/run
2024/11/10 03:20:36 recorder.go:46: 1731208836955951508 Lookup     /etc/gai.conf
2024/11/10 03:20:36 recorder.go:46: 1731208836956015169 Open       /etc/gai.conf
2024/11/10 03:20:36 recorder.go:46: 1731208836967844594 Lookup     /usr/share
2024/11/10 03:20:36 recorder.go:46: 1731208836967933694 Lookup     /usr/share/misc
2024/11/10 03:20:37 recorder.go:46: 1731208837000190116 Open       /etc/ld.so.cache
2024/11/10 03:20:37 recorder.go:46: 1731208837012138327 Open       /etc/ld.so.cache
2024/11/10 03:20:37 recorder.go:46: 1731208837013143022 Open       /etc/ld.so.cache
2024/11/10 03:20:37 recorder.go:46: 1731208837014010947 Open       /etc/ld.so.cache
2024/11/10 03:20:37 recorder.go:46: 1731208837014871939 Open       /etc/ld.so.cache
2024/11/10 03:20:37 recorder.go:46: 1731208837015726288 Open       /etc/ld.so.cache
2024/11/10 03:20:37 recorder.go:46: 1731208837016572682 Open       /etc/ld.so.cache
2024/11/10 03:20:37 recorder.go:46: 1731208837017390872 Open       /etc/ld.so.cache
2024/11/10 03:20:37 recorder.go:46: 1731208837018183042 Open       /etc/ld.so.cache
2024/11/10 03:20:37 recorder.go:46: 1731208837018957559 Open       /etc/ld.so.cache
2024/11/10 03:20:37 recorder.go:46: 1731208837019755340 Open       /etc/ld.so.cache
2024/11/10 03:20:37 recorder.go:46: 1731208837020553752 Open       /etc/ld.so.cache
2024/11/10 03:20:37 recorder.go:46: 1731208837021388413 Open       /etc/ld.so.cache
2024/11/10 03:20:37 recorder.go:46: 1731208837022467782 Open       /etc/ld.so.cache
2024/11/10 03:20:37 recorder.go:46: 1731208837023332130 Open       /etc/ld.so.cache
2024/11/10 03:20:37 recorder.go:46: 1731208837024274076 Open       /etc/ld.so.cache
2024/11/10 03:20:37 recorder.go:46: 1731208837025194501 Open       /etc/ld.so.cache
2024/11/10 03:20:37 recorder.go:46: 1731208837045797263 Lookup     /sbin
2024/11/10 03:20:37 recorder.go:46: 1731208837045860153 Lookup     /root
2024/11/10 03:20:37 recorder.go:46: 1731208837045916781 Lookup     /srv
2024/11/10 03:20:37 recorder.go:46: 1731208837045954653 Lookup     /media
2024/11/10 03:20:37 recorder.go:46: 1731208837045990391 Lookup     /libx32
2024/11/10 03:20:37 recorder.go:46: 1731208837046003125 Lookup     /lib64
2024/11/10 03:20:37 recorder.go:46: 1731208837046014257 Lookup     /etc
2024/11/10 03:20:37 recorder.go:46: 1731208837046025558 Lookup     /proc
2024/11/10 03:20:37 recorder.go:46: 1731208837046036108 Lookup     /usr
2024/11/10 03:20:37 recorder.go:46: 1731208837046069883 Lookup     /lib32
2024/11/10 03:20:37 recorder.go:46: 1731208837046103937 Lookup     /boot
2024/11/10 03:20:37 recorder.go:46: 1731208837046115510 Lookup     /var
2024/11/10 03:20:37 recorder.go:46: 1731208837046129286 Lookup     /tmp
2024/11/10 03:20:37 recorder.go:46: 1731208837046168200 Lookup     /mnt
2024/11/10 03:20:37 recorder.go:46: 1731208837046178159 Lookup     /dev
2024/11/10 03:20:37 recorder.go:46: 1731208837046187176 Lookup     /opt
2024/11/10 03:20:37 recorder.go:46: 1731208837046225028 Lookup     /home
2024/11/10 03:20:37 recorder.go:46: 1731208837046235979 Lookup     /lib
2024/11/10 03:20:37 recorder.go:46: 1731208837046246048 Lookup     /sys
2024/11/10 03:20:37 recorder.go:46: 1731208837046255466 Lookup     /bin
2024/11/10 03:20:37 recorder.go:46: 1731208837046264904 Lookup     /run
2024/11/10 03:20:37 recorder.go:46: 1731208837046274933 Lookup     /compat
2024/11/10 03:20:37 recorder.go:46: 1731208837046296124 Lookup     /.dockerenv
2024/11/10 06:46:18 recorder.go:46: 1731221178733667152 Lookup     /etc
2024/11/10 06:46:18 recorder.go:46: 1731221178733907014 Lookup     /etc/host.conf
2024/11/10 06:46:18 recorder.go:46: 1731221178733995281 Lookup     /etc/hosts
2024/11/10 06:46:18 recorder.go:46: 1731221178734023675 Lookup     /etc/nsswitch.conf
2024/11/10 06:46:18 recorder.go:46: 1731221178734049924 Lookup     /etc/resolv.conf
2024/11/10 06:46:18 recorder.go:46: 1731221178734074100 Lookup     /dev
2024/11/10 06:46:18 recorder.go:46: 1731221178734100239 Lookup     /sys
2024/11/10 06:46:18 recorder.go:46: 1731221178734119516 Lookup     /proc
2024/11/10 06:46:18 recorder.go:46: 1731221178734145775 Lookup     /tmp
2024/11/10 06:46:18 recorder.go:46: 1731221178734164240 Lookup     /root
2024/11/10 06:46:18 recorder.go:46: 1731221178734210147 Lookup     /opt
2024/11/10 06:46:18 recorder.go:46: 1731221178734229203 Lookup     /opt/lammps
2024/11/10 06:46:18 recorder.go:46: 1731221178734248449 Lookup     /opt/lammps/examples
2024/11/10 06:46:18 recorder.go:46: 1731221178734270791 Lookup     /opt/lammps/examples/reaxff
2024/11/10 06:46:18 recorder.go:46: 1731221178734298273 Lookup     /opt/lammps/examples/reaxff/HNS
2024/11/10 06:46:18 recorder.go:46: 1731221178734413380 Lookup     /usr
2024/11/10 06:46:18 recorder.go:46: 1731221178734435242 Lookup     /usr/local
2024/11/10 06:46:18 recorder.go:46: 1731221178734453426 Lookup     /usr/local/sbin
2024/11/10 06:46:18 recorder.go:46: 1731221178734537034 Lookup     /usr/local/bin
2024/11/10 06:46:18 recorder.go:46: 1731221178734606044 Lookup     /usr/sbin
2024/11/10 06:46:18 recorder.go:46: 1731221178734676096 Lookup     /usr/bin
2024/11/10 06:46:18 recorder.go:46: 1731221178734703478 Lookup     /usr/bin/lmp
2024/11/10 06:46:18 recorder.go:46: 1731221178734954201 Open       /usr/bin/lmp
2024/11/10 06:46:18 recorder.go:46: 1731221178735300224 Open       /usr/bin/lmp
2024/11/10 06:46:18 recorder.go:46: 1731221178735366529 Lookup     /lib64
2024/11/10 06:46:18 recorder.go:46: 1731221178735411805 Lookup     /usr/lib64
2024/11/10 06:46:18 recorder.go:46: 1731221178735527694 Lookup     /usr/lib64/ld-linux-x86-64.so.2
2024/11/10 06:46:18 recorder.go:46: 1731221178735595041 Lookup     /lib
2024/11/10 06:46:18 recorder.go:46: 1731221178735622803 Lookup     /usr/lib
2024/11/10 06:46:18 recorder.go:46: 1731221178735679580 Lookup     /usr/lib/x86_64-linux-gnu
2024/11/10 06:46:18 recorder.go:46: 1731221178735699217 Lookup     /usr/lib/x86_64-linux-gnu/ld-linux-x86-64.so.2
2024/11/10 06:46:18 recorder.go:46: 1731221178735768779 Open       /usr/lib/x86_64-linux-gnu/ld-linux-x86-64.so.2
2024/11/10 06:46:18 recorder.go:46: 1731221178736481424 Open       /usr/bin/lmp
2024/11/10 06:46:18 recorder.go:46: 1731221178737306962 Open       /usr/lib/x86_64-linux-gnu/ld-linux-x86-64.so.2
2024/11/10 06:46:18 recorder.go:46: 1731221178738184870 Lookup     /etc/ld.so.cache
2024/11/10 06:46:18 recorder.go:46: 1731221178738221499 Open       /etc/ld.so.cache
2024/11/10 06:46:18 recorder.go:46: 1731221178738444259 Lookup     /usr/lib/x86_64-linux-gnu/libgomp.so.1
2024/11/10 06:46:18 recorder.go:46: 1731221178738502629 Lookup     /usr/lib/x86_64-linux-gnu/libgomp.so.1.0.0
2024/11/10 06:46:18 recorder.go:46: 1731221178738573403 Open       /usr/lib/x86_64-linux-gnu/libgomp.so.1.0.0
2024/11/10 06:46:18 recorder.go:46: 1731221178739043751 Lookup     /usr/lib/x86_64-linux-gnu/libmpich.so.12
2024/11/10 06:46:18 recorder.go:46: 1731221178739089878 Lookup     /usr/lib/x86_64-linux-gnu/libmpich.so.12.2.0
2024/11/10 06:46:18 recorder.go:46: 1731221178739150683 Open       /usr/lib/x86_64-linux-gnu/libmpich.so.12.2.0
2024/11/10 06:46:18 recorder.go:46: 1731221178739583971 Lookup     /usr/lib/x86_64-linux-gnu/libstdc++.so.6
2024/11/10 06:46:18 recorder.go:46: 1731221178739650506 Lookup     /usr/lib/x86_64-linux-gnu/libstdc++.so.6.0.30
2024/11/10 06:46:18 recorder.go:46: 1731221178739734274 Open       /usr/lib/x86_64-linux-gnu/libstdc++.so.6.0.30
2024/11/10 06:46:18 recorder.go:46: 1731221178740277680 Lookup     /usr/lib/x86_64-linux-gnu/libm.so.6
2024/11/10 06:46:18 recorder.go:46: 1731221178740322896 Open       /usr/lib/x86_64-linux-gnu/libm.so.6
2024/11/10 06:46:18 recorder.go:46: 1731221178740711960 Lookup     /usr/lib/x86_64-linux-gnu/libgcc_s.so.1
2024/11/10 06:46:18 recorder.go:46: 1731221178740750012 Open       /usr/lib/x86_64-linux-gnu/libgcc_s.so.1
2024/11/10 06:46:18 recorder.go:46: 1731221178741248232 Lookup     /usr/lib/x86_64-linux-gnu/libc.so.6
2024/11/10 06:46:18 recorder.go:46: 1731221178741302004 Open       /usr/lib/x86_64-linux-gnu/libc.so.6
2024/11/10 06:46:18 recorder.go:46: 1731221178742000102 Lookup     /usr/lib/x86_64-linux-gnu/libhwloc.so.15
2024/11/10 06:46:18 recorder.go:46: 1731221178742077167 Lookup     /usr/lib/x86_64-linux-gnu/libhwloc.so.15.5.2
2024/11/10 06:46:18 recorder.go:46: 1731221178742187936 Open       /usr/lib/x86_64-linux-gnu/libhwloc.so.15.5.2
2024/11/10 06:46:18 recorder.go:46: 1731221178742697989 Lookup     /usr/lib/x86_64-linux-gnu/libfabric.so.1
2024/11/10 06:46:18 recorder.go:46: 1731221178742751720 Lookup     /usr/lib/x86_64-linux-gnu/libfabric.so.1.14.0
2024/11/10 06:46:18 recorder.go:46: 1731221178742832673 Open       /usr/lib/x86_64-linux-gnu/libfabric.so.1.14.0
2024/11/10 06:46:18 recorder.go:46: 1731221178743399804 Lookup     /usr/lib/x86_64-linux-gnu/libudev.so.1
2024/11/10 06:46:18 recorder.go:46: 1731221178743452734 Lookup     /usr/lib/x86_64-linux-gnu/libudev.so.1.7.2
2024/11/10 06:46:18 recorder.go:46: 1731221178743549977 Open       /usr/lib/x86_64-linux-gnu/libudev.so.1.7.2
2024/11/10 06:46:18 recorder.go:46: 1731221178743975901 Lookup     /usr/lib/x86_64-linux-gnu/librdmacm.so.1
2024/11/10 06:46:18 recorder.go:46: 1731221178744015165 Lookup     /usr/lib/x86_64-linux-gnu/librdmacm.so.1.3.39.0
2024/11/10 06:46:18 recorder.go:46: 1731221178744081691 Open       /usr/lib/x86_64-linux-gnu/librdmacm.so.1.3.39.0
2024/11/10 06:46:18 recorder.go:46: 1731221178744423346 Lookup     /usr/lib/x86_64-linux-gnu/libefa.so.1
2024/11/10 06:46:18 recorder.go:46: 1731221178744461328 Lookup     /usr/lib/x86_64-linux-gnu/libefa.so.1.1.39.0
2024/11/10 06:46:18 recorder.go:46: 1731221178744569532 Open       /usr/lib/x86_64-linux-gnu/libefa.so.1.1.39.0
2024/11/10 06:46:18 recorder.go:46: 1731221178744885528 Lookup     /usr/lib/x86_64-linux-gnu/libibverbs.so.1
2024/11/10 06:46:18 recorder.go:46: 1731221178744923280 Lookup     /usr/lib/x86_64-linux-gnu/libibverbs.so.1.14.39.0
2024/11/10 06:46:18 recorder.go:46: 1731221178744985327 Open       /usr/lib/x86_64-linux-gnu/libibverbs.so.1.14.39.0
2024/11/10 06:46:18 recorder.go:46: 1731221178745289471 Lookup     /usr/lib/x86_64-linux-gnu/libpsm_infinipath.so.1
2024/11/10 06:46:18 recorder.go:46: 1731221178745408385 Lookup     /etc/alternatives
2024/11/10 06:46:18 recorder.go:46: 1731221178745443091 Lookup     /etc/alternatives/libpsm_infinipath.so.1
2024/11/10 06:46:18 recorder.go:46: 1731221178745518834 Lookup     /usr/lib/libpsm1
2024/11/10 06:46:18 recorder.go:46: 1731221178745545925 Lookup     /usr/lib/libpsm1/libpsm_infinipath.so.1.16
2024/11/10 06:46:18 recorder.go:46: 1731221178745583426 Open       /usr/lib/libpsm1/libpsm_infinipath.so.1.16
2024/11/10 06:46:18 recorder.go:46: 1731221178746043745 Lookup     /usr/lib/x86_64-linux-gnu/libpsm2.so.2
2024/11/10 06:46:18 recorder.go:46: 1731221178746080795 Lookup     /usr/lib/x86_64-linux-gnu/libpsm2.so.2.2
2024/11/10 06:46:18 recorder.go:46: 1731221178746140307 Open       /usr/lib/x86_64-linux-gnu/libpsm2.so.2.2
2024/11/10 06:46:18 recorder.go:46: 1731221178746518992 Lookup     /usr/lib/x86_64-linux-gnu/libnl-3.so.200
2024/11/10 06:46:18 recorder.go:46: 1731221178746566682 Lookup     /usr/lib/x86_64-linux-gnu/libnl-3.so.200.26.0
2024/11/10 06:46:18 recorder.go:46: 1731221178746643086 Open       /usr/lib/x86_64-linux-gnu/libnl-3.so.200.26.0
2024/11/10 06:46:18 recorder.go:46: 1731221178747100449 Lookup     /usr/lib/x86_64-linux-gnu/libnl-route-3.so.200
2024/11/10 06:46:18 recorder.go:46: 1731221178747185821 Lookup     /usr/lib/x86_64-linux-gnu/libnl-route-3.so.200.26.0
2024/11/10 06:46:18 recorder.go:46: 1731221178747290037 Open       /usr/lib/x86_64-linux-gnu/libnl-route-3.so.200.26.0
2024/11/10 06:46:18 recorder.go:46: 1731221178748100497 Lookup     /usr/lib/x86_64-linux-gnu/libinfinipath.so.4
2024/11/10 06:46:18 recorder.go:46: 1731221178748162715 Lookup     /usr/lib/x86_64-linux-gnu/libinfinipath.so.4.0
2024/11/10 06:46:18 recorder.go:46: 1731221178748272061 Open       /usr/lib/x86_64-linux-gnu/libinfinipath.so.4.0
2024/11/10 06:46:18 recorder.go:46: 1731221178748741207 Lookup     /usr/lib/x86_64-linux-gnu/librt.so.1
2024/11/10 06:46:18 recorder.go:46: 1731221178748783426 Open       /usr/lib/x86_64-linux-gnu/librt.so.1
2024/11/10 06:46:18 recorder.go:46: 1731221178749065769 Lookup     /usr/lib/x86_64-linux-gnu/libpthread.so.0
2024/11/10 06:46:18 recorder.go:46: 1731221178749096758 Open       /usr/lib/x86_64-linux-gnu/libpthread.so.0
2024/11/10 06:46:18 recorder.go:46: 1731221178749416852 Lookup     /usr/lib/x86_64-linux-gnu/libdl.so.2
2024/11/10 06:46:18 recorder.go:46: 1731221178749457819 Open       /usr/lib/x86_64-linux-gnu/libdl.so.2
2024/11/10 06:46:18 recorder.go:46: 1731221178749850861 Lookup     /usr/lib/x86_64-linux-gnu/libuuid.so.1
2024/11/10 06:46:18 recorder.go:46: 1731221178749906336 Lookup     /usr/lib/x86_64-linux-gnu/libuuid.so.1.3.0
2024/11/10 06:46:18 recorder.go:46: 1731221178749979745 Open       /usr/lib/x86_64-linux-gnu/libuuid.so.1.3.0
2024/11/10 06:46:18 recorder.go:46: 1731221178750346617 Lookup     /usr/lib/x86_64-linux-gnu/libnuma.so.1
2024/11/10 06:46:18 recorder.go:46: 1731221178750396411 Lookup     /usr/lib/x86_64-linux-gnu/libnuma.so.1.0.0
2024/11/10 06:46:18 recorder.go:46: 1731221178750496180 Open       /usr/lib/x86_64-linux-gnu/libnuma.so.1.0.0
2024/11/10 06:46:18 recorder.go:46: 1731221178978598906 Lookup     /usr/lib/x86_64-linux-gnu/hwloc
2024/11/10 06:46:18 recorder.go:46: 1731221178978906006 Lookup     /usr/lib/x86_64-linux-gnu/hwloc/hwloc_opencl.so
2024/11/10 06:46:18 recorder.go:46: 1731221178978926685 Lookup     /usr/lib/x86_64-linux-gnu/hwloc/hwloc_xml_libxml.so
2024/11/10 06:46:18 recorder.go:46: 1731221178978937365 Lookup     /usr/lib/x86_64-linux-gnu/hwloc/hwloc_gl.so
2024/11/10 06:46:18 recorder.go:46: 1731221178978947525 Lookup     /usr/lib/x86_64-linux-gnu/hwloc/hwloc_pci.so
2024/11/10 06:46:18 recorder.go:46: 1731221178979091727 Open       /usr/lib/x86_64-linux-gnu/hwloc/hwloc_opencl.so
2024/11/10 06:46:18 recorder.go:46: 1731221178979611568 Open       /etc/ld.so.cache
2024/11/10 06:46:18 recorder.go:46: 1731221178979999410 Lookup     /usr/lib/x86_64-linux-gnu/libOpenCL.so.1
2024/11/10 06:46:18 recorder.go:46: 1731221178980091013 Lookup     /usr/lib/x86_64-linux-gnu/libOpenCL.so.1.0.0
2024/11/10 06:46:18 recorder.go:46: 1731221178980203736 Open       /usr/lib/x86_64-linux-gnu/libOpenCL.so.1.0.0
2024/11/10 06:46:18 recorder.go:46: 1731221178980778701 Open       /usr/lib/x86_64-linux-gnu/hwloc/hwloc_xml_libxml.so
2024/11/10 06:46:18 recorder.go:46: 1731221178981160572 Open       /etc/ld.so.cache
2024/11/10 06:46:18 recorder.go:46: 1731221178981355129 Lookup     /usr/lib/x86_64-linux-gnu/libxml2.so.2
2024/11/10 06:46:18 recorder.go:46: 1731221178981405194 Lookup     /usr/lib/x86_64-linux-gnu/libxml2.so.2.9.13
2024/11/10 06:46:18 recorder.go:46: 1731221178981470407 Open       /usr/lib/x86_64-linux-gnu/libxml2.so.2.9.13
2024/11/10 06:46:18 recorder.go:46: 1731221178982099074 Lookup     /usr/lib/x86_64-linux-gnu/libicuuc.so.70
2024/11/10 06:46:18 recorder.go:46: 1731221178982144770 Lookup     /usr/lib/x86_64-linux-gnu/libicuuc.so.70.1
2024/11/10 06:46:18 recorder.go:46: 1731221178982203310 Open       /usr/lib/x86_64-linux-gnu/libicuuc.so.70.1
2024/11/10 06:46:18 recorder.go:46: 1731221178982648341 Lookup     /usr/lib/x86_64-linux-gnu/libz.so.1
2024/11/10 06:46:18 recorder.go:46: 1731221178982687915 Lookup     /usr/lib/x86_64-linux-gnu/libz.so.1.2.11
2024/11/10 06:46:18 recorder.go:46: 1731221178982751034 Open       /usr/lib/x86_64-linux-gnu/libz.so.1.2.11
2024/11/10 06:46:18 recorder.go:46: 1731221178983230990 Lookup     /usr/lib/x86_64-linux-gnu/liblzma.so.5
2024/11/10 06:46:18 recorder.go:46: 1731221178983276226 Lookup     /usr/lib/x86_64-linux-gnu/liblzma.so.5.2.5
2024/11/10 06:46:18 recorder.go:46: 1731221178983367728 Open       /usr/lib/x86_64-linux-gnu/liblzma.so.5.2.5
2024/11/10 06:46:18 recorder.go:46: 1731221178983753637 Lookup     /usr/lib/x86_64-linux-gnu/libicudata.so.70
2024/11/10 06:46:18 recorder.go:46: 1731221178983804753 Lookup     /usr/lib/x86_64-linux-gnu/libicudata.so.70.1
2024/11/10 06:46:18 recorder.go:46: 1731221178983869075 Open       /usr/lib/x86_64-linux-gnu/libicudata.so.70.1
2024/11/10 06:46:18 recorder.go:46: 1731221178986383571 Open       /usr/lib/x86_64-linux-gnu/hwloc/hwloc_gl.so
2024/11/10 06:46:18 recorder.go:46: 1731221178986721099 Open       /etc/ld.so.cache
2024/11/10 06:46:18 recorder.go:46: 1731221178986929472 Lookup     /usr/lib/x86_64-linux-gnu/libXNVCtrl.so.0
2024/11/10 06:46:18 recorder.go:46: 1731221178986984706 Lookup     /usr/lib/x86_64-linux-gnu/libXNVCtrl.so.0.0.0
2024/11/10 06:46:18 recorder.go:46: 1731221178987059688 Open       /usr/lib/x86_64-linux-gnu/libXNVCtrl.so.0.0.0
2024/11/10 06:46:18 recorder.go:46: 1731221178987370094 Lookup     /usr/lib/x86_64-linux-gnu/libX11.so.6
2024/11/10 06:46:18 recorder.go:46: 1731221178987409959 Lookup     /usr/lib/x86_64-linux-gnu/libX11.so.6.4.0
2024/11/10 06:46:18 recorder.go:46: 1731221178987473539 Open       /usr/lib/x86_64-linux-gnu/libX11.so.6.4.0
2024/11/10 06:46:18 recorder.go:46: 1731221178987940591 Lookup     /usr/lib/x86_64-linux-gnu/libXext.so.6
2024/11/10 06:46:18 recorder.go:46: 1731221178987982870 Lookup     /usr/lib/x86_64-linux-gnu/libXext.so.6.4.0
2024/11/10 06:46:18 recorder.go:46: 1731221178988043815 Open       /usr/lib/x86_64-linux-gnu/libXext.so.6.4.0
2024/11/10 06:46:18 recorder.go:46: 1731221178988383206 Lookup     /usr/lib/x86_64-linux-gnu/libxcb.so.1
2024/11/10 06:46:18 recorder.go:46: 1731221178988423863 Lookup     /usr/lib/x86_64-linux-gnu/libxcb.so.1.1.0
2024/11/10 06:46:18 recorder.go:46: 1731221178988482814 Open       /usr/lib/x86_64-linux-gnu/libxcb.so.1.1.0
2024/11/10 06:46:18 recorder.go:46: 1731221178988892427 Lookup     /usr/lib/x86_64-linux-gnu/libXau.so.6
2024/11/10 06:46:18 recorder.go:46: 1731221178988936491 Lookup     /usr/lib/x86_64-linux-gnu/libXau.so.6.0.0
2024/11/10 06:46:18 recorder.go:46: 1731221178988997045 Open       /usr/lib/x86_64-linux-gnu/libXau.so.6.0.0
2024/11/10 06:46:18 recorder.go:46: 1731221178989381641 Lookup     /usr/lib/x86_64-linux-gnu/libXdmcp.so.6
2024/11/10 06:46:18 recorder.go:46: 1731221178989428089 Lookup     /usr/lib/x86_64-linux-gnu/libXdmcp.so.6.0.0
2024/11/10 06:46:18 recorder.go:46: 1731221178989523599 Open       /usr/lib/x86_64-linux-gnu/libXdmcp.so.6.0.0
2024/11/10 06:46:18 recorder.go:46: 1731221178989907754 Lookup     /usr/lib/x86_64-linux-gnu/libbsd.so.0
2024/11/10 06:46:18 recorder.go:46: 1731221178989954612 Lookup     /usr/lib/x86_64-linux-gnu/libbsd.so.0.11.5
2024/11/10 06:46:18 recorder.go:46: 1731221178990015738 Open       /usr/lib/x86_64-linux-gnu/libbsd.so.0.11.5
2024/11/10 06:46:19 recorder.go:46: 1731221179004898522 Lookup     /usr/lib/x86_64-linux-gnu/libmd.so.0
2024/11/10 06:46:19 recorder.go:46: 1731221179005007588 Lookup     /usr/lib/x86_64-linux-gnu/libmd.so.0.0.5
2024/11/10 06:46:19 recorder.go:46: 1731221179005151069 Open       /usr/lib/x86_64-linux-gnu/libmd.so.0.0.5
2024/11/10 06:46:19 recorder.go:46: 1731221179006591788 Open       /usr/lib/x86_64-linux-gnu/hwloc/hwloc_pci.so
2024/11/10 06:46:19 recorder.go:46: 1731221179007100048 Open       /etc/ld.so.cache
2024/11/10 06:46:19 recorder.go:46: 1731221179007400224 Lookup     /usr/lib/x86_64-linux-gnu/libpciaccess.so.0
2024/11/10 06:46:19 recorder.go:46: 1731221179007480185 Lookup     /usr/lib/x86_64-linux-gnu/libpciaccess.so.0.11.1
2024/11/10 06:46:19 recorder.go:46: 1731221179007576247 Open       /usr/lib/x86_64-linux-gnu/libpciaccess.so.0.11.1
2024/11/10 06:46:19 recorder.go:46: 1731221179335518201 Lookup     /run
2024/11/10 06:46:19 recorder.go:46: 1731221179341508089 Lookup     /var
2024/11/10 06:46:19 recorder.go:46: 1731221179341575526 Lookup     /var/run
2024/11/10 06:46:19 recorder.go:46: 1731221179342724635 Lookup     /etc/gai.conf
2024/11/10 06:46:19 recorder.go:46: 1731221179342768047 Open       /etc/gai.conf
2024/11/10 06:46:19 recorder.go:46: 1731221179350220856 Lookup     /usr/share
2024/11/10 06:46:19 recorder.go:46: 1731221179350284526 Lookup     /usr/share/misc
2024/11/10 06:46:19 recorder.go:46: 1731221179378348632 Open       /etc/ld.so.cache
2024/11/10 06:46:19 recorder.go:46: 1731221179387262088 Open       /etc/ld.so.cache
2024/11/10 06:46:19 recorder.go:46: 1731221179387902988 Open       /etc/ld.so.cache
2024/11/10 06:46:19 recorder.go:46: 1731221179388555870 Open       /etc/ld.so.cache
2024/11/10 06:46:19 recorder.go:46: 1731221179389153599 Open       /etc/ld.so.cache
2024/11/10 06:46:19 recorder.go:46: 1731221179389808295 Open       /etc/ld.so.cache
2024/11/10 06:46:19 recorder.go:46: 1731221179390563871 Open       /etc/ld.so.cache
2024/11/10 06:46:19 recorder.go:46: 1731221179391253172 Open       /etc/ld.so.cache
2024/11/10 06:46:19 recorder.go:46: 1731221179391969314 Open       /etc/ld.so.cache
2024/11/10 06:46:19 recorder.go:46: 1731221179392789673 Open       /etc/ld.so.cache
2024/11/10 06:46:19 recorder.go:46: 1731221179393410535 Open       /etc/ld.so.cache
2024/11/10 06:46:19 recorder.go:46: 1731221179393983506 Open       /etc/ld.so.cache
2024/11/10 06:46:19 recorder.go:46: 1731221179394519638 Open       /etc/ld.so.cache
2024/11/10 06:46:19 recorder.go:46: 1731221179395057524 Open       /etc/ld.so.cache
2024/11/10 06:46:19 recorder.go:46: 1731221179395598004 Open       /etc/ld.so.cache
2024/11/10 06:46:19 recorder.go:46: 1731221179396346557 Open       /etc/ld.so.cache
2024/11/10 06:46:19 recorder.go:46: 1731221179396973350 Open       /etc/ld.so.cache
2024/11/10 06:46:19 recorder.go:46: 1731221179415313711 Lookup     /sbin
2024/11/10 06:46:19 recorder.go:46: 1731221179415352965 Lookup     /root
2024/11/10 06:46:19 recorder.go:46: 1731221179415387861 Lookup     /srv
2024/11/10 06:46:19 recorder.go:46: 1731221179415408330 Lookup     /media
2024/11/10 06:46:19 recorder.go:46: 1731221179415429009 Lookup     /libx32
2024/11/10 06:46:19 recorder.go:46: 1731221179415436102 Lookup     /lib64
2024/11/10 06:46:19 recorder.go:46: 1731221179415442084 Lookup     /etc
2024/11/10 06:46:19 recorder.go:46: 1731221179415454577 Lookup     /proc
2024/11/10 06:46:19 recorder.go:46: 1731221179415460468 Lookup     /usr
2024/11/10 06:46:19 recorder.go:46: 1731221179415478122 Lookup     /lib32
2024/11/10 06:46:19 recorder.go:46: 1731221179415508669 Lookup     /boot
2024/11/10 06:46:19 recorder.go:46: 1731221179415517616 Lookup     /var
2024/11/10 06:46:19 recorder.go:46: 1731221179415523517 Lookup     /tmp
2024/11/10 06:46:19 recorder.go:46: 1731221179415543635 Lookup     /mnt
2024/11/10 06:46:19 recorder.go:46: 1731221179415550548 Lookup     /dev
2024/11/10 06:46:19 recorder.go:46: 1731221179415556860 Lookup     /opt
2024/11/10 06:46:19 recorder.go:46: 1731221179415576788 Lookup     /home
2024/11/10 06:46:19 recorder.go:46: 1731221179415583491 Lookup     /lib
2024/11/10 06:46:19 recorder.go:46: 1731221179415590614 Lookup     /sys
2024/11/10 06:46:19 recorder.go:46: 1731221179415597777 Lookup     /bin
2024/11/10 06:46:19 recorder.go:46: 1731221179415603859 Lookup     /run
2024/11/10 06:46:19 recorder.go:46: 1731221179415610001 Lookup     /compat
2024/11/10 06:46:19 recorder.go:46: 1731221179415624338 Lookup     /.dockerenv
2024/11/10 06:47:15 recorder.go:46: 1731221235071582425 Lookup     /etc
2024/11/10 06:47:15 recorder.go:46: 1731221235071794635 Lookup     /etc/host.conf
2024/11/10 06:47:15 recorder.go:46: 1731221235071965268 Lookup     /etc/hosts
2024/11/10 06:47:15 recorder.go:46: 1731221235072010042 Lookup     /etc/nsswitch.conf
2024/11/10 06:47:15 recorder.go:46: 1731221235072044618 Lookup     /etc/resolv.conf
2024/11/10 06:47:15 recorder.go:46: 1731221235072079163 Lookup     /dev
2024/11/10 06:47:15 recorder.go:46: 1731221235072116253 Lookup     /sys
2024/11/10 06:47:15 recorder.go:46: 1731221235072149896 Lookup     /proc
2024/11/10 06:47:15 recorder.go:46: 1731221235072206533 Lookup     /tmp
2024/11/10 06:47:15 recorder.go:46: 1731221235072240558 Lookup     /root
2024/11/10 06:47:15 recorder.go:46: 1731221235072322111 Lookup     /opt
2024/11/10 06:47:15 recorder.go:46: 1731221235072357358 Lookup     /opt/lammps
2024/11/10 06:47:15 recorder.go:46: 1731221235072395200 Lookup     /opt/lammps/examples
2024/11/10 06:47:15 recorder.go:46: 1731221235072442298 Lookup     /opt/lammps/examples/reaxff
2024/11/10 06:47:15 recorder.go:46: 1731221235072505798 Lookup     /opt/lammps/examples/reaxff/HNS
2024/11/10 06:47:15 recorder.go:46: 1731221235072742716 Lookup     /usr
2024/11/10 06:47:15 recorder.go:46: 1731221235072780707 Lookup     /usr/local
2024/11/10 06:47:15 recorder.go:46: 1731221235072812397 Lookup     /usr/local/sbin
2024/11/10 06:47:15 recorder.go:46: 1731221235072942623 Lookup     /usr/local/bin
2024/11/10 06:47:15 recorder.go:46: 1731221235073062239 Lookup     /usr/sbin
2024/11/10 06:47:15 recorder.go:46: 1731221235073172858 Lookup     /usr/bin
2024/11/10 06:47:15 recorder.go:46: 1731221235073211180 Lookup     /usr/bin/lmp
2024/11/10 06:47:15 recorder.go:46: 1731221235073618209 Open       /usr/bin/lmp
2024/11/10 06:47:15 recorder.go:46: 1731221235073771979 Open       /usr/bin/lmp
2024/11/10 06:47:15 recorder.go:46: 1731221235073841661 Lookup     /lib64
2024/11/10 06:47:15 recorder.go:46: 1731221235073897376 Lookup     /usr/lib64
2024/11/10 06:47:15 recorder.go:46: 1731221235073989249 Lookup     /usr/lib64/ld-linux-x86-64.so.2
2024/11/10 06:47:15 recorder.go:46: 1731221235074070753 Lookup     /lib
2024/11/10 06:47:15 recorder.go:46: 1731221235074108234 Lookup     /usr/lib
2024/11/10 06:47:15 recorder.go:46: 1731221235074183426 Lookup     /usr/lib/x86_64-linux-gnu
2024/11/10 06:47:15 recorder.go:46: 1731221235074211860 Lookup     /usr/lib/x86_64-linux-gnu/ld-linux-x86-64.so.2
2024/11/10 06:47:15 recorder.go:46: 1731221235074294766 Open       /usr/lib/x86_64-linux-gnu/ld-linux-x86-64.so.2
2024/11/10 06:47:15 recorder.go:46: 1731221235075108643 Open       /usr/bin/lmp
2024/11/10 06:47:15 recorder.go:46: 1731221235075679010 Open       /usr/lib/x86_64-linux-gnu/ld-linux-x86-64.so.2
2024/11/10 06:47:15 recorder.go:46: 1731221235076826697 Lookup     /etc/ld.so.cache
2024/11/10 06:47:15 recorder.go:46: 1731221235076888433 Open       /etc/ld.so.cache
2024/11/10 06:47:15 recorder.go:46: 1731221235077203879 Lookup     /usr/lib/x86_64-linux-gnu/libgomp.so.1
2024/11/10 06:47:15 recorder.go:46: 1731221235077249255 Lookup     /usr/lib/x86_64-linux-gnu/libgomp.so.1.0.0
2024/11/10 06:47:15 recorder.go:46: 1731221235077330257 Open       /usr/lib/x86_64-linux-gnu/libgomp.so.1.0.0
2024/11/10 06:47:15 recorder.go:46: 1731221235077918638 Lookup     /usr/lib/x86_64-linux-gnu/libmpich.so.12
2024/11/10 06:47:15 recorder.go:46: 1731221235077968202 Lookup     /usr/lib/x86_64-linux-gnu/libmpich.so.12.2.0
2024/11/10 06:47:15 recorder.go:46: 1731221235078045338 Open       /usr/lib/x86_64-linux-gnu/libmpich.so.12.2.0
2024/11/10 06:47:15 recorder.go:46: 1731221235078717787 Lookup     /usr/lib/x86_64-linux-gnu/libstdc++.so.6
2024/11/10 06:47:15 recorder.go:46: 1731221235078769215 Lookup     /usr/lib/x86_64-linux-gnu/libstdc++.so.6.0.30
2024/11/10 06:47:15 recorder.go:46: 1731221235078852041 Open       /usr/lib/x86_64-linux-gnu/libstdc++.so.6.0.30
2024/11/10 06:47:15 recorder.go:46: 1731221235079417479 Lookup     /usr/lib/x86_64-linux-gnu/libm.so.6
2024/11/10 06:47:15 recorder.go:46: 1731221235079461612 Open       /usr/lib/x86_64-linux-gnu/libm.so.6
2024/11/10 06:47:15 recorder.go:46: 1731221235079968218 Lookup     /usr/lib/x86_64-linux-gnu/libgcc_s.so.1
2024/11/10 06:47:15 recorder.go:46: 1731221235080016099 Open       /usr/lib/x86_64-linux-gnu/libgcc_s.so.1
2024/11/10 06:47:15 recorder.go:46: 1731221235080411896 Lookup     /usr/lib/x86_64-linux-gnu/libc.so.6
2024/11/10 06:47:15 recorder.go:46: 1731221235080446081 Open       /usr/lib/x86_64-linux-gnu/libc.so.6
2024/11/10 06:47:15 recorder.go:46: 1731221235081095457 Lookup     /usr/lib/x86_64-linux-gnu/libhwloc.so.15
2024/11/10 06:47:15 recorder.go:46: 1731221235081141854 Lookup     /usr/lib/x86_64-linux-gnu/libhwloc.so.15.5.2
2024/11/10 06:47:15 recorder.go:46: 1731221235081216876 Open       /usr/lib/x86_64-linux-gnu/libhwloc.so.15.5.2
2024/11/10 06:47:15 recorder.go:46: 1731221235081745073 Lookup     /usr/lib/x86_64-linux-gnu/libfabric.so.1
2024/11/10 06:47:15 recorder.go:46: 1731221235081789297 Lookup     /usr/lib/x86_64-linux-gnu/libfabric.so.1.14.0
2024/11/10 06:47:15 recorder.go:46: 1731221235081901228 Open       /usr/lib/x86_64-linux-gnu/libfabric.so.1.14.0
2024/11/10 06:47:15 recorder.go:46: 1731221235082529525 Lookup     /usr/lib/x86_64-linux-gnu/libudev.so.1
2024/11/10 06:47:15 recorder.go:46: 1731221235082581893 Lookup     /usr/lib/x86_64-linux-gnu/libudev.so.1.7.2
2024/11/10 06:47:15 recorder.go:46: 1731221235082688986 Open       /usr/lib/x86_64-linux-gnu/libudev.so.1.7.2
2024/11/10 06:47:15 recorder.go:46: 1731221235083142472 Lookup     /usr/lib/x86_64-linux-gnu/librdmacm.so.1
2024/11/10 06:47:15 recorder.go:46: 1731221235083182327 Lookup     /usr/lib/x86_64-linux-gnu/librdmacm.so.1.3.39.0
2024/11/10 06:47:15 recorder.go:46: 1731221235083259623 Open       /usr/lib/x86_64-linux-gnu/librdmacm.so.1.3.39.0
2024/11/10 06:47:15 recorder.go:46: 1731221235083729140 Lookup     /usr/lib/x86_64-linux-gnu/libefa.so.1
2024/11/10 06:47:15 recorder.go:46: 1731221235083784654 Lookup     /usr/lib/x86_64-linux-gnu/libefa.so.1.1.39.0
2024/11/10 06:47:15 recorder.go:46: 1731221235083864906 Open       /usr/lib/x86_64-linux-gnu/libefa.so.1.1.39.0
2024/11/10 06:47:15 recorder.go:46: 1731221235084286051 Lookup     /usr/lib/x86_64-linux-gnu/libibverbs.so.1
2024/11/10 06:47:15 recorder.go:46: 1731221235084326097 Lookup     /usr/lib/x86_64-linux-gnu/libibverbs.so.1.14.39.0
2024/11/10 06:47:15 recorder.go:46: 1731221235084400237 Open       /usr/lib/x86_64-linux-gnu/libibverbs.so.1.14.39.0
2024/11/10 06:47:15 recorder.go:46: 1731221235084834787 Lookup     /usr/lib/x86_64-linux-gnu/libpsm_infinipath.so.1
2024/11/10 06:47:15 recorder.go:46: 1731221235084972968 Lookup     /etc/alternatives
2024/11/10 06:47:15 recorder.go:46: 1731221235085024485 Lookup     /etc/alternatives/libpsm_infinipath.so.1
2024/11/10 06:47:15 recorder.go:46: 1731221235085116359 Lookup     /usr/lib/libpsm1
2024/11/10 06:47:15 recorder.go:46: 1731221235085144752 Lookup     /usr/lib/libpsm1/libpsm_infinipath.so.1.16
2024/11/10 06:47:15 recorder.go:46: 1731221235085190990 Open       /usr/lib/libpsm1/libpsm_infinipath.so.1.16
2024/11/10 06:47:15 recorder.go:46: 1731221235085797124 Lookup     /usr/lib/x86_64-linux-gnu/libpsm2.so.2
2024/11/10 06:47:15 recorder.go:46: 1731221235085844884 Lookup     /usr/lib/x86_64-linux-gnu/libpsm2.so.2.2
2024/11/10 06:47:15 recorder.go:46: 1731221235085921128 Open       /usr/lib/x86_64-linux-gnu/libpsm2.so.2.2
2024/11/10 06:47:15 recorder.go:46: 1731221235086363834 Lookup     /usr/lib/x86_64-linux-gnu/libnl-3.so.200
2024/11/10 06:47:15 recorder.go:46: 1731221235086404571 Lookup     /usr/lib/x86_64-linux-gnu/libnl-3.so.200.26.0
2024/11/10 06:47:15 recorder.go:46: 1731221235086488870 Open       /usr/lib/x86_64-linux-gnu/libnl-3.so.200.26.0
2024/11/10 06:47:15 recorder.go:46: 1731221235086946715 Lookup     /usr/lib/x86_64-linux-gnu/libnl-route-3.so.200
2024/11/10 06:47:15 recorder.go:46: 1731221235086990277 Lookup     /usr/lib/x86_64-linux-gnu/libnl-route-3.so.200.26.0
2024/11/10 06:47:15 recorder.go:46: 1731221235087067924 Open       /usr/lib/x86_64-linux-gnu/libnl-route-3.so.200.26.0
2024/11/10 06:47:15 recorder.go:46: 1731221235087810576 Lookup     /usr/lib/x86_64-linux-gnu/libinfinipath.so.4
2024/11/10 06:47:15 recorder.go:46: 1731221235087858767 Lookup     /usr/lib/x86_64-linux-gnu/libinfinipath.so.4.0
2024/11/10 06:47:15 recorder.go:46: 1731221235087942295 Open       /usr/lib/x86_64-linux-gnu/libinfinipath.so.4.0
2024/11/10 06:47:15 recorder.go:46: 1731221235088818429 Lookup     /usr/lib/x86_64-linux-gnu/librt.so.1
2024/11/10 06:47:15 recorder.go:46: 1731221235088926493 Open       /usr/lib/x86_64-linux-gnu/librt.so.1
2024/11/10 06:47:15 recorder.go:46: 1731221235089458297 Lookup     /usr/lib/x86_64-linux-gnu/libpthread.so.0
2024/11/10 06:47:15 recorder.go:46: 1731221235089538438 Open       /usr/lib/x86_64-linux-gnu/libpthread.so.0
2024/11/10 06:47:15 recorder.go:46: 1731221235090012804 Lookup     /usr/lib/x86_64-linux-gnu/libdl.so.2
2024/11/10 06:47:15 recorder.go:46: 1731221235090058580 Open       /usr/lib/x86_64-linux-gnu/libdl.so.2
2024/11/10 06:47:15 recorder.go:46: 1731221235090465278 Lookup     /usr/lib/x86_64-linux-gnu/libuuid.so.1
2024/11/10 06:47:15 recorder.go:46: 1731221235090603469 Lookup     /usr/lib/x86_64-linux-gnu/libuuid.so.1.3.0
2024/11/10 06:47:15 recorder.go:46: 1731221235090690784 Open       /usr/lib/x86_64-linux-gnu/libuuid.so.1.3.0
2024/11/10 06:47:15 recorder.go:46: 1731221235091084788 Lookup     /usr/lib/x86_64-linux-gnu/libnuma.so.1
2024/11/10 06:47:15 recorder.go:46: 1731221235091142667 Lookup     /usr/lib/x86_64-linux-gnu/libnuma.so.1.0.0
2024/11/10 06:47:15 recorder.go:46: 1731221235091220094 Open       /usr/lib/x86_64-linux-gnu/libnuma.so.1.0.0
2024/11/10 06:47:15 recorder.go:46: 1731221235305781255 Lookup     /usr/lib/x86_64-linux-gnu/hwloc
2024/11/10 06:47:15 recorder.go:46: 1731221235306041947 Lookup     /usr/lib/x86_64-linux-gnu/hwloc/hwloc_opencl.so
2024/11/10 06:47:15 recorder.go:46: 1731221235306065512 Lookup     /usr/lib/x86_64-linux-gnu/hwloc/hwloc_xml_libxml.so
2024/11/10 06:47:15 recorder.go:46: 1731221235306081121 Lookup     /usr/lib/x86_64-linux-gnu/hwloc/hwloc_gl.so
2024/11/10 06:47:15 recorder.go:46: 1731221235306095468 Lookup     /usr/lib/x86_64-linux-gnu/hwloc/hwloc_pci.so
2024/11/10 06:47:15 recorder.go:46: 1731221235306297901 Open       /usr/lib/x86_64-linux-gnu/hwloc/hwloc_opencl.so
2024/11/10 06:47:15 recorder.go:46: 1731221235306730868 Open       /etc/ld.so.cache
2024/11/10 06:47:15 recorder.go:46: 1731221235307046254 Lookup     /usr/lib/x86_64-linux-gnu/libOpenCL.so.1
2024/11/10 06:47:15 recorder.go:46: 1731221235307102710 Lookup     /usr/lib/x86_64-linux-gnu/libOpenCL.so.1.0.0
2024/11/10 06:47:15 recorder.go:46: 1731221235307197479 Open       /usr/lib/x86_64-linux-gnu/libOpenCL.so.1.0.0
2024/11/10 06:47:15 recorder.go:46: 1731221235307913210 Open       /usr/lib/x86_64-linux-gnu/hwloc/hwloc_xml_libxml.so
2024/11/10 06:47:15 recorder.go:46: 1731221235308291966 Open       /etc/ld.so.cache
2024/11/10 06:47:15 recorder.go:46: 1731221235308580741 Lookup     /usr/lib/x86_64-linux-gnu/libxml2.so.2
2024/11/10 06:47:15 recorder.go:46: 1731221235308648098 Lookup     /usr/lib/x86_64-linux-gnu/libxml2.so.2.9.13
2024/11/10 06:47:15 recorder.go:46: 1731221235308748087 Open       /usr/lib/x86_64-linux-gnu/libxml2.so.2.9.13
2024/11/10 06:47:15 recorder.go:46: 1731221235309397914 Lookup     /usr/lib/x86_64-linux-gnu/libicuuc.so.70
2024/11/10 06:47:15 recorder.go:46: 1731221235309445283 Lookup     /usr/lib/x86_64-linux-gnu/libicuuc.so.70.1
2024/11/10 06:47:15 recorder.go:46: 1731221235309536225 Open       /usr/lib/x86_64-linux-gnu/libicuuc.so.70.1
2024/11/10 06:47:15 recorder.go:46: 1731221235310139284 Lookup     /usr/lib/x86_64-linux-gnu/libz.so.1
2024/11/10 06:47:15 recorder.go:46: 1731221235310195129 Lookup     /usr/lib/x86_64-linux-gnu/libz.so.1.2.11
2024/11/10 06:47:15 recorder.go:46: 1731221235310288856 Open       /usr/lib/x86_64-linux-gnu/libz.so.1.2.11
2024/11/10 06:47:15 recorder.go:46: 1731221235310796615 Lookup     /usr/lib/x86_64-linux-gnu/liblzma.so.5
2024/11/10 06:47:15 recorder.go:46: 1731221235310854905 Lookup     /usr/lib/x86_64-linux-gnu/liblzma.so.5.2.5
2024/11/10 06:47:15 recorder.go:46: 1731221235310947439 Open       /usr/lib/x86_64-linux-gnu/liblzma.so.5.2.5
2024/11/10 06:47:15 recorder.go:46: 1731221235311443737 Lookup     /usr/lib/x86_64-linux-gnu/libicudata.so.70
2024/11/10 06:47:15 recorder.go:46: 1731221235311489573 Lookup     /usr/lib/x86_64-linux-gnu/libicudata.so.70.1
2024/11/10 06:47:15 recorder.go:46: 1731221235311587508 Open       /usr/lib/x86_64-linux-gnu/libicudata.so.70.1
2024/11/10 06:47:15 recorder.go:46: 1731221235313483959 Open       /usr/lib/x86_64-linux-gnu/hwloc/hwloc_gl.so
2024/11/10 06:47:15 recorder.go:46: 1731221235313883142 Open       /etc/ld.so.cache
2024/11/10 06:47:15 recorder.go:46: 1731221235314199420 Lookup     /usr/lib/x86_64-linux-gnu/libXNVCtrl.so.0
2024/11/10 06:47:15 recorder.go:46: 1731221235314252229 Lookup     /usr/lib/x86_64-linux-gnu/libXNVCtrl.so.0.0.0
2024/11/10 06:47:15 recorder.go:46: 1731221235314381413 Open       /usr/lib/x86_64-linux-gnu/libXNVCtrl.so.0.0.0
2024/11/10 06:47:15 recorder.go:46: 1731221235314850780 Lookup     /usr/lib/x86_64-linux-gnu/libX11.so.6
2024/11/10 06:47:15 recorder.go:46: 1731221235314908879 Lookup     /usr/lib/x86_64-linux-gnu/libX11.so.6.4.0
2024/11/10 06:47:15 recorder.go:46: 1731221235315029487 Open       /usr/lib/x86_64-linux-gnu/libX11.so.6.4.0
2024/11/10 06:47:15 recorder.go:46: 1731221235315602279 Lookup     /usr/lib/x86_64-linux-gnu/libXext.so.6
2024/11/10 06:47:15 recorder.go:46: 1731221235315668984 Lookup     /usr/lib/x86_64-linux-gnu/libXext.so.6.4.0
2024/11/10 06:47:15 recorder.go:46: 1731221235315757712 Open       /usr/lib/x86_64-linux-gnu/libXext.so.6.4.0
2024/11/10 06:47:15 recorder.go:46: 1731221235316295618 Lookup     /usr/lib/x86_64-linux-gnu/libxcb.so.1
2024/11/10 06:47:15 recorder.go:46: 1731221235316356553 Lookup     /usr/lib/x86_64-linux-gnu/libxcb.so.1.1.0
2024/11/10 06:47:15 recorder.go:46: 1731221235316475157 Open       /usr/lib/x86_64-linux-gnu/libxcb.so.1.1.0
2024/11/10 06:47:15 recorder.go:46: 1731221235317370717 Lookup     /usr/lib/x86_64-linux-gnu/libXau.so.6
2024/11/10 06:47:15 recorder.go:46: 1731221235317447022 Lookup     /usr/lib/x86_64-linux-gnu/libXau.so.6.0.0
2024/11/10 06:47:15 recorder.go:46: 1731221235317552270 Open       /usr/lib/x86_64-linux-gnu/libXau.so.6.0.0
2024/11/10 06:47:15 recorder.go:46: 1731221235318022729 Lookup     /usr/lib/x86_64-linux-gnu/libXdmcp.so.6
2024/11/10 06:47:15 recorder.go:46: 1731221235318075779 Lookup     /usr/lib/x86_64-linux-gnu/libXdmcp.so.6.0.0
2024/11/10 06:47:15 recorder.go:46: 1731221235318158435 Open       /usr/lib/x86_64-linux-gnu/libXdmcp.so.6.0.0
2024/11/10 06:47:15 recorder.go:46: 1731221235318553471 Lookup     /usr/lib/x86_64-linux-gnu/libbsd.so.0
2024/11/10 06:47:15 recorder.go:46: 1731221235318614827 Lookup     /usr/lib/x86_64-linux-gnu/libbsd.so.0.11.5
2024/11/10 06:47:15 recorder.go:46: 1731221235318696691 Open       /usr/lib/x86_64-linux-gnu/libbsd.so.0.11.5
2024/11/10 06:47:15 recorder.go:46: 1731221235319144847 Lookup     /usr/lib/x86_64-linux-gnu/libmd.so.0
2024/11/10 06:47:15 recorder.go:46: 1731221235319194060 Lookup     /usr/lib/x86_64-linux-gnu/libmd.so.0.0.5
2024/11/10 06:47:15 recorder.go:46: 1731221235319280564 Open       /usr/lib/x86_64-linux-gnu/libmd.so.0.0.5
2024/11/10 06:47:15 recorder.go:46: 1731221235320323904 Open       /usr/lib/x86_64-linux-gnu/hwloc/hwloc_pci.so
2024/11/10 06:47:15 recorder.go:46: 1731221235320710213 Open       /etc/ld.so.cache
2024/11/10 06:47:15 recorder.go:46: 1731221235321032341 Lookup     /usr/lib/x86_64-linux-gnu/libpciaccess.so.0
2024/11/10 06:47:15 recorder.go:46: 1731221235321106291 Lookup     /usr/lib/x86_64-linux-gnu/libpciaccess.so.0.11.1
2024/11/10 06:47:15 recorder.go:46: 1731221235321213553 Open       /usr/lib/x86_64-linux-gnu/libpciaccess.so.0.11.1
2024/11/10 06:47:15 recorder.go:46: 1731221235666436062 Lookup     /run
2024/11/10 06:47:15 recorder.go:46: 1731221235672728863 Lookup     /var
2024/11/10 06:47:15 recorder.go:46: 1731221235672837649 Lookup     /var/run
2024/11/10 06:47:15 recorder.go:46: 1731221235674130991 Lookup     /etc/gai.conf
2024/11/10 06:47:15 recorder.go:46: 1731221235674169955 Open       /etc/gai.conf
2024/11/10 06:47:15 recorder.go:46: 1731221235682600022 Lookup     /usr/share
2024/11/10 06:47:15 recorder.go:46: 1731221235682665265 Lookup     /usr/share/misc
2024/11/10 06:47:15 recorder.go:46: 1731221235698274868 Open       /etc/ld.so.cache
2024/11/10 06:47:15 recorder.go:46: 1731221235707339694 Open       /etc/ld.so.cache
2024/11/10 06:47:15 recorder.go:46: 1731221235708241466 Open       /etc/ld.so.cache
2024/11/10 06:47:15 recorder.go:46: 1731221235709019505 Open       /etc/ld.so.cache
2024/11/10 06:47:15 recorder.go:46: 1731221235709680804 Open       /etc/ld.so.cache
2024/11/10 06:47:15 recorder.go:46: 1731221235710286498 Open       /etc/ld.so.cache
2024/11/10 06:47:15 recorder.go:46: 1731221235710888604 Open       /etc/ld.so.cache
2024/11/10 06:47:15 recorder.go:46: 1731221235711450195 Open       /etc/ld.so.cache
2024/11/10 06:47:15 recorder.go:46: 1731221235712019390 Open       /etc/ld.so.cache
2024/11/10 06:47:15 recorder.go:46: 1731221235712620975 Open       /etc/ld.so.cache
2024/11/10 06:47:15 recorder.go:46: 1731221235713421807 Open       /etc/ld.so.cache
2024/11/10 06:47:15 recorder.go:46: 1731221235714123713 Open       /etc/ld.so.cache
2024/11/10 06:47:15 recorder.go:46: 1731221235714767488 Open       /etc/ld.so.cache
2024/11/10 06:47:15 recorder.go:46: 1731221235715330802 Open       /etc/ld.so.cache
2024/11/10 06:47:15 recorder.go:46: 1731221235715869369 Open       /etc/ld.so.cache
2024/11/10 06:47:15 recorder.go:46: 1731221235716395933 Open       /etc/ld.so.cache
2024/11/10 06:47:15 recorder.go:46: 1731221235716938107 Open       /etc/ld.so.cache
2024/11/10 06:47:15 recorder.go:46: 1731221235726639585 Lookup     /opt/lammps/examples/reaxff/HNS/in.reaxc.hns
2024/11/10 06:47:15 recorder.go:46: 1731221235726733552 Open       /opt/lammps/examples/reaxff/HNS/in.reaxc.hns
2024/11/10 06:47:15 recorder.go:46: 1731221235731751236 Lookup     /opt/lammps/examples/reaxff/HNS/data.hns-equil
2024/11/10 06:47:15 recorder.go:46: 1731221235731806911 Open       /opt/lammps/examples/reaxff/HNS/data.hns-equil
2024/11/10 06:47:15 recorder.go:46: 1731221235731973956 Open       /opt/lammps/examples/reaxff/HNS/data.hns-equil
2024/11/10 06:47:15 recorder.go:46: 1731221235736605512 Lookup     /opt/lammps/examples/reaxff/HNS/ffield.reax.hns
2024/11/10 06:47:15 recorder.go:46: 1731221235736650026 Open       /opt/lammps/examples/reaxff/HNS/ffield.reax.hns
2024/11/10 06:47:15 recorder.go:46: 1731221235736782065 Open       /opt/lammps/examples/reaxff/HNS/ffield.reax.hns
2024/11/10 06:47:15 recorder.go:46: 1731221235737067524 Open       /opt/lammps/examples/reaxff/HNS/ffield.reax.hns
2024/11/10 06:47:15 recorder.go:46: 1731221235737246712 Open       /opt/lammps/examples/reaxff/HNS/ffield.reax.hns
2024/11/10 06:59:10 recorder.go:46: 1731221950654635009 Lookup     /etc
2024/11/10 06:59:10 recorder.go:46: 1731221950654780774 Lookup     /etc/host.conf
2024/11/10 06:59:10 recorder.go:46: 1731221950654859403 Lookup     /etc/hosts
2024/11/10 06:59:10 recorder.go:46: 1731221950654886775 Lookup     /etc/nsswitch.conf
2024/11/10 06:59:10 recorder.go:46: 1731221950654911111 Lookup     /etc/resolv.conf
2024/11/10 06:59:10 recorder.go:46: 1731221950654934284 Lookup     /dev
2024/11/10 06:59:10 recorder.go:46: 1731221950654957689 Lookup     /sys
2024/11/10 06:59:10 recorder.go:46: 1731221950654977296 Lookup     /proc
2024/11/10 06:59:10 recorder.go:46: 1731221950655003275 Lookup     /tmp
2024/11/10 06:59:10 recorder.go:46: 1731221950655021750 Lookup     /root
2024/11/10 06:59:10 recorder.go:46: 1731221950655060483 Lookup     /opt
2024/11/10 06:59:10 recorder.go:46: 1731221950655081002 Lookup     /opt/lammps
2024/11/10 06:59:10 recorder.go:46: 1731221950655100769 Lookup     /opt/lammps/examples
2024/11/10 06:59:10 recorder.go:46: 1731221950655123793 Lookup     /opt/lammps/examples/reaxff
2024/11/10 06:59:10 recorder.go:46: 1731221950655151575 Lookup     /opt/lammps/examples/reaxff/HNS
2024/11/10 06:59:10 recorder.go:46: 1731221950655275359 Lookup     /usr
2024/11/10 06:59:10 recorder.go:46: 1731221950655303943 Lookup     /usr/local
2024/11/10 06:59:10 recorder.go:46: 1731221950655340192 Lookup     /usr/local/sbin
2024/11/10 06:59:10 recorder.go:46: 1731221950655429892 Lookup     /usr/local/bin
2024/11/10 06:59:10 recorder.go:46: 1731221950655521234 Lookup     /usr/sbin
2024/11/10 06:59:10 recorder.go:46: 1731221950655603420 Lookup     /usr/bin
2024/11/10 06:59:10 recorder.go:46: 1731221950655641802 Lookup     /usr/bin/lmp
2024/11/10 06:59:10 recorder.go:46: 1731221950656013275 Open       /usr/bin/lmp
2024/11/10 06:59:10 recorder.go:46: 1731221950656171875 Open       /usr/bin/lmp
2024/11/10 06:59:10 recorder.go:46: 1731221950656247598 Lookup     /lib64
2024/11/10 06:59:10 recorder.go:46: 1731221950656307161 Lookup     /usr/lib64
2024/11/10 06:59:10 recorder.go:46: 1731221950656406198 Lookup     /usr/lib64/ld-linux-x86-64.so.2
2024/11/10 06:59:10 recorder.go:46: 1731221950656500125 Lookup     /lib
2024/11/10 06:59:10 recorder.go:46: 1731221950656546674 Lookup     /usr/lib
2024/11/10 06:59:10 recorder.go:46: 1731221950656633107 Lookup     /usr/lib/x86_64-linux-gnu
2024/11/10 06:59:10 recorder.go:46: 1731221950656663585 Lookup     /usr/lib/x86_64-linux-gnu/ld-linux-x86-64.so.2
2024/11/10 06:59:10 recorder.go:46: 1731221950656755108 Open       /usr/lib/x86_64-linux-gnu/ld-linux-x86-64.so.2
2024/11/10 06:59:10 recorder.go:46: 1731221950657401340 Open       /usr/bin/lmp
2024/11/10 06:59:10 recorder.go:46: 1731221950657817126 Open       /usr/lib/x86_64-linux-gnu/ld-linux-x86-64.so.2
2024/11/10 06:59:10 recorder.go:46: 1731221950658455553 Lookup     /etc/ld.so.cache
2024/11/10 06:59:10 recorder.go:46: 1731221950658483346 Open       /etc/ld.so.cache
2024/11/10 06:59:10 recorder.go:46: 1731221950658713671 Lookup     /usr/lib/x86_64-linux-gnu/libgomp.so.1
2024/11/10 06:59:10 recorder.go:46: 1731221950658749319 Lookup     /usr/lib/x86_64-linux-gnu/libgomp.so.1.0.0
2024/11/10 06:59:10 recorder.go:46: 1731221950658806136 Open       /usr/lib/x86_64-linux-gnu/libgomp.so.1.0.0
2024/11/10 06:59:10 recorder.go:46: 1731221950659224036 Lookup     /usr/lib/x86_64-linux-gnu/libmpich.so.12
2024/11/10 06:59:10 recorder.go:46: 1731221950659257339 Lookup     /usr/lib/x86_64-linux-gnu/libmpich.so.12.2.0
2024/11/10 06:59:10 recorder.go:46: 1731221950659318675 Open       /usr/lib/x86_64-linux-gnu/libmpich.so.12.2.0
2024/11/10 06:59:10 recorder.go:46: 1731221950659897961 Lookup     /usr/lib/x86_64-linux-gnu/libstdc++.so.6
2024/11/10 06:59:10 recorder.go:46: 1731221950659933428 Lookup     /usr/lib/x86_64-linux-gnu/libstdc++.so.6.0.30
2024/11/10 06:59:10 recorder.go:46: 1731221950659997359 Open       /usr/lib/x86_64-linux-gnu/libstdc++.so.6.0.30
2024/11/10 06:59:10 recorder.go:46: 1731221950660559702 Lookup     /usr/lib/x86_64-linux-gnu/libm.so.6
2024/11/10 06:59:10 recorder.go:46: 1731221950660590030 Open       /usr/lib/x86_64-linux-gnu/libm.so.6
2024/11/10 06:59:10 recorder.go:46: 1731221950660970579 Lookup     /usr/lib/x86_64-linux-gnu/libgcc_s.so.1
2024/11/10 06:59:10 recorder.go:46: 1731221950661003301 Open       /usr/lib/x86_64-linux-gnu/libgcc_s.so.1
2024/11/10 06:59:10 recorder.go:46: 1731221950661356780 Lookup     /usr/lib/x86_64-linux-gnu/libc.so.6
2024/11/10 06:59:10 recorder.go:46: 1731221950661392798 Open       /usr/lib/x86_64-linux-gnu/libc.so.6
2024/11/10 06:59:10 recorder.go:46: 1731221950662222176 Lookup     /usr/lib/x86_64-linux-gnu/libhwloc.so.15
2024/11/10 06:59:10 recorder.go:46: 1731221950662274956 Lookup     /usr/lib/x86_64-linux-gnu/libhwloc.so.15.5.2
2024/11/10 06:59:10 recorder.go:46: 1731221950662356069 Open       /usr/lib/x86_64-linux-gnu/libhwloc.so.15.5.2
2024/11/10 06:59:10 recorder.go:46: 1731221950663055863 Lookup     /usr/lib/x86_64-linux-gnu/libfabric.so.1
2024/11/10 06:59:10 recorder.go:46: 1731221950663095327 Lookup     /usr/lib/x86_64-linux-gnu/libfabric.so.1.14.0
2024/11/10 06:59:10 recorder.go:46: 1731221950663167023 Open       /usr/lib/x86_64-linux-gnu/libfabric.so.1.14.0
2024/11/10 06:59:10 recorder.go:46: 1731221950663560747 Lookup     /usr/lib/x86_64-linux-gnu/libudev.so.1
2024/11/10 06:59:10 recorder.go:46: 1731221950663602276 Lookup     /usr/lib/x86_64-linux-gnu/libudev.so.1.7.2
2024/11/10 06:59:10 recorder.go:46: 1731221950663665375 Open       /usr/lib/x86_64-linux-gnu/libudev.so.1.7.2
2024/11/10 06:59:10 recorder.go:46: 1731221950663963970 Lookup     /usr/lib/x86_64-linux-gnu/librdmacm.so.1
2024/11/10 06:59:10 recorder.go:46: 1731221950663993917 Lookup     /usr/lib/x86_64-linux-gnu/librdmacm.so.1.3.39.0
2024/11/10 06:59:10 recorder.go:46: 1731221950664050594 Open       /usr/lib/x86_64-linux-gnu/librdmacm.so.1.3.39.0
2024/11/10 06:59:10 recorder.go:46: 1731221950664387781 Lookup     /usr/lib/x86_64-linux-gnu/libefa.so.1
2024/11/10 06:59:10 recorder.go:46: 1731221950664429941 Lookup     /usr/lib/x86_64-linux-gnu/libefa.so.1.1.39.0
2024/11/10 06:59:10 recorder.go:46: 1731221950664487740 Open       /usr/lib/x86_64-linux-gnu/libefa.so.1.1.39.0
2024/11/10 06:59:10 recorder.go:46: 1731221950664815480 Lookup     /usr/lib/x86_64-linux-gnu/libibverbs.so.1
2024/11/10 06:59:10 recorder.go:46: 1731221950664847881 Lookup     /usr/lib/x86_64-linux-gnu/libibverbs.so.1.14.39.0
2024/11/10 06:59:10 recorder.go:46: 1731221950664903106 Open       /usr/lib/x86_64-linux-gnu/libibverbs.so.1.14.39.0
2024/11/10 06:59:10 recorder.go:46: 1731221950665183556 Lookup     /usr/lib/x86_64-linux-gnu/libpsm_infinipath.so.1
2024/11/10 06:59:10 recorder.go:46: 1731221950665294787 Lookup     /etc/alternatives
2024/11/10 06:59:10 recorder.go:46: 1731221950665332097 Lookup     /etc/alternatives/libpsm_infinipath.so.1
2024/11/10 06:59:10 recorder.go:46: 1731221950665396649 Lookup     /usr/lib/libpsm1
2024/11/10 06:59:10 recorder.go:46: 1731221950665417298 Lookup     /usr/lib/libpsm1/libpsm_infinipath.so.1.16
2024/11/10 06:59:10 recorder.go:46: 1731221950665454609 Open       /usr/lib/libpsm1/libpsm_infinipath.so.1.16
2024/11/10 06:59:10 recorder.go:46: 1731221950665913557 Lookup     /usr/lib/x86_64-linux-gnu/libpsm2.so.2
2024/11/10 06:59:10 recorder.go:46: 1731221950665970033 Lookup     /usr/lib/x86_64-linux-gnu/libpsm2.so.2.2
2024/11/10 06:59:10 recorder.go:46: 1731221950666030227 Open       /usr/lib/x86_64-linux-gnu/libpsm2.so.2.2
2024/11/10 06:59:10 recorder.go:46: 1731221950666398013 Lookup     /usr/lib/x86_64-linux-gnu/libnl-3.so.200
2024/11/10 06:59:10 recorder.go:46: 1731221950666427699 Lookup     /usr/lib/x86_64-linux-gnu/libnl-3.so.200.26.0
2024/11/10 06:59:10 recorder.go:46: 1731221950666488304 Open       /usr/lib/x86_64-linux-gnu/libnl-3.so.200.26.0
2024/11/10 06:59:10 recorder.go:46: 1731221950666868452 Lookup     /usr/lib/x86_64-linux-gnu/libnl-route-3.so.200
2024/11/10 06:59:10 recorder.go:46: 1731221950666902767 Lookup     /usr/lib/x86_64-linux-gnu/libnl-route-3.so.200.26.0
2024/11/10 06:59:10 recorder.go:46: 1731221950666958773 Open       /usr/lib/x86_64-linux-gnu/libnl-route-3.so.200.26.0
2024/11/10 06:59:10 recorder.go:46: 1731221950667343601 Lookup     /usr/lib/x86_64-linux-gnu/libinfinipath.so.4
2024/11/10 06:59:10 recorder.go:46: 1731221950667373317 Lookup     /usr/lib/x86_64-linux-gnu/libinfinipath.so.4.0
2024/11/10 06:59:10 recorder.go:46: 1731221950667428011 Open       /usr/lib/x86_64-linux-gnu/libinfinipath.so.4.0
2024/11/10 06:59:10 recorder.go:46: 1731221950667756532 Lookup     /usr/lib/x86_64-linux-gnu/librt.so.1
2024/11/10 06:59:10 recorder.go:46: 1731221950667790787 Open       /usr/lib/x86_64-linux-gnu/librt.so.1
2024/11/10 06:59:10 recorder.go:46: 1731221950668034467 Lookup     /usr/lib/x86_64-linux-gnu/libpthread.so.0
2024/11/10 06:59:10 recorder.go:46: 1731221950668060186 Open       /usr/lib/x86_64-linux-gnu/libpthread.so.0
2024/11/10 06:59:10 recorder.go:46: 1731221950668310058 Lookup     /usr/lib/x86_64-linux-gnu/libdl.so.2
2024/11/10 06:59:10 recorder.go:46: 1731221950668336599 Open       /usr/lib/x86_64-linux-gnu/libdl.so.2
2024/11/10 06:59:10 recorder.go:46: 1731221950668726827 Lookup     /usr/lib/x86_64-linux-gnu/libuuid.so.1
2024/11/10 06:59:10 recorder.go:46: 1731221950668771762 Lookup     /usr/lib/x86_64-linux-gnu/libuuid.so.1.3.0
2024/11/10 06:59:10 recorder.go:46: 1731221950668846954 Open       /usr/lib/x86_64-linux-gnu/libuuid.so.1.3.0
2024/11/10 06:59:10 recorder.go:46: 1731221950669298738 Lookup     /usr/lib/x86_64-linux-gnu/libnuma.so.1
2024/11/10 06:59:10 recorder.go:46: 1731221950669340447 Lookup     /usr/lib/x86_64-linux-gnu/libnuma.so.1.0.0
2024/11/10 06:59:10 recorder.go:46: 1731221950669426610 Open       /usr/lib/x86_64-linux-gnu/libnuma.so.1.0.0
2024/11/10 06:59:10 recorder.go:46: 1731221950881650290 Lookup     /usr/lib/x86_64-linux-gnu/hwloc
2024/11/10 06:59:10 recorder.go:46: 1731221950881887419 Lookup     /usr/lib/x86_64-linux-gnu/hwloc/hwloc_opencl.so
2024/11/10 06:59:10 recorder.go:46: 1731221950881924449 Lookup     /usr/lib/x86_64-linux-gnu/hwloc/hwloc_xml_libxml.so
2024/11/10 06:59:10 recorder.go:46: 1731221950881936421 Lookup     /usr/lib/x86_64-linux-gnu/hwloc/hwloc_gl.so
2024/11/10 06:59:10 recorder.go:46: 1731221950881947683 Lookup     /usr/lib/x86_64-linux-gnu/hwloc/hwloc_pci.so
2024/11/10 06:59:10 recorder.go:46: 1731221950882170845 Open       /usr/lib/x86_64-linux-gnu/hwloc/hwloc_opencl.so
2024/11/10 06:59:10 recorder.go:46: 1731221950882613241 Open       /etc/ld.so.cache
2024/11/10 06:59:10 recorder.go:46: 1731221950883028356 Lookup     /usr/lib/x86_64-linux-gnu/libOpenCL.so.1
2024/11/10 06:59:10 recorder.go:46: 1731221950883079944 Lookup     /usr/lib/x86_64-linux-gnu/libOpenCL.so.1.0.0
2024/11/10 06:59:10 recorder.go:46: 1731221950883196885 Open       /usr/lib/x86_64-linux-gnu/libOpenCL.so.1.0.0
2024/11/10 06:59:10 recorder.go:46: 1731221950883874296 Open       /usr/lib/x86_64-linux-gnu/hwloc/hwloc_xml_libxml.so
2024/11/10 06:59:10 recorder.go:46: 1731221950884236280 Open       /etc/ld.so.cache
2024/11/10 06:59:10 recorder.go:46: 1731221950884505840 Lookup     /usr/lib/x86_64-linux-gnu/libxml2.so.2
2024/11/10 06:59:10 recorder.go:46: 1731221950884552578 Lookup     /usr/lib/x86_64-linux-gnu/libxml2.so.2.9.13
2024/11/10 06:59:10 recorder.go:46: 1731221950884640855 Open       /usr/lib/x86_64-linux-gnu/libxml2.so.2.9.13
2024/11/10 06:59:10 recorder.go:46: 1731221950885124119 Lookup     /usr/lib/x86_64-linux-gnu/libicuuc.so.70
2024/11/10 06:59:10 recorder.go:46: 1731221950885166359 Lookup     /usr/lib/x86_64-linux-gnu/libicuuc.so.70.1
2024/11/10 06:59:10 recorder.go:46: 1731221950885222345 Open       /usr/lib/x86_64-linux-gnu/libicuuc.so.70.1
2024/11/10 06:59:10 recorder.go:46: 1731221950885644493 Lookup     /usr/lib/x86_64-linux-gnu/libz.so.1
2024/11/10 06:59:10 recorder.go:46: 1731221950885682355 Lookup     /usr/lib/x86_64-linux-gnu/libz.so.1.2.11
2024/11/10 06:59:10 recorder.go:46: 1731221950885743280 Open       /usr/lib/x86_64-linux-gnu/libz.so.1.2.11
2024/11/10 06:59:10 recorder.go:46: 1731221950886221023 Lookup     /usr/lib/x86_64-linux-gnu/liblzma.so.5
2024/11/10 06:59:10 recorder.go:46: 1731221950886288681 Lookup     /usr/lib/x86_64-linux-gnu/liblzma.so.5.2.5
2024/11/10 06:59:10 recorder.go:46: 1731221950886431421 Open       /usr/lib/x86_64-linux-gnu/liblzma.so.5.2.5
2024/11/10 06:59:10 recorder.go:46: 1731221950887048298 Lookup     /usr/lib/x86_64-linux-gnu/libicudata.so.70
2024/11/10 06:59:10 recorder.go:46: 1731221950887133769 Lookup     /usr/lib/x86_64-linux-gnu/libicudata.so.70.1
2024/11/10 06:59:10 recorder.go:46: 1731221950887239159 Open       /usr/lib/x86_64-linux-gnu/libicudata.so.70.1
2024/11/10 06:59:10 recorder.go:46: 1731221950889005038 Open       /usr/lib/x86_64-linux-gnu/hwloc/hwloc_gl.so
2024/11/10 06:59:10 recorder.go:46: 1731221950889266232 Open       /etc/ld.so.cache
2024/11/10 06:59:10 recorder.go:46: 1731221950889542474 Lookup     /usr/lib/x86_64-linux-gnu/libXNVCtrl.so.0
2024/11/10 06:59:10 recorder.go:46: 1731221950889601947 Lookup     /usr/lib/x86_64-linux-gnu/libXNVCtrl.so.0.0.0
2024/11/10 06:59:10 recorder.go:46: 1731221950889709540 Open       /usr/lib/x86_64-linux-gnu/libXNVCtrl.so.0.0.0
2024/11/10 06:59:10 recorder.go:46: 1731221950890098957 Lookup     /usr/lib/x86_64-linux-gnu/libX11.so.6
2024/11/10 06:59:10 recorder.go:46: 1731221950890156155 Lookup     /usr/lib/x86_64-linux-gnu/libX11.so.6.4.0
2024/11/10 06:59:10 recorder.go:46: 1731221950890241306 Open       /usr/lib/x86_64-linux-gnu/libX11.so.6.4.0
2024/11/10 06:59:10 recorder.go:46: 1731221950890743756 Lookup     /usr/lib/x86_64-linux-gnu/libXext.so.6
2024/11/10 06:59:10 recorder.go:46: 1731221950890800143 Lookup     /usr/lib/x86_64-linux-gnu/libXext.so.6.4.0
2024/11/10 06:59:10 recorder.go:46: 1731221950890873321 Open       /usr/lib/x86_64-linux-gnu/libXext.so.6.4.0
2024/11/10 06:59:10 recorder.go:46: 1731221950891251556 Lookup     /usr/lib/x86_64-linux-gnu/libxcb.so.1
2024/11/10 06:59:10 recorder.go:46: 1731221950891307633 Lookup     /usr/lib/x86_64-linux-gnu/libxcb.so.1.1.0
2024/11/10 06:59:10 recorder.go:46: 1731221950891363268 Open       /usr/lib/x86_64-linux-gnu/libxcb.so.1.1.0
2024/11/10 06:59:10 recorder.go:46: 1731221950891763475 Lookup     /usr/lib/x86_64-linux-gnu/libXau.so.6
2024/11/10 06:59:10 recorder.go:46: 1731221950891800054 Lookup     /usr/lib/x86_64-linux-gnu/libXau.so.6.0.0
2024/11/10 06:59:10 recorder.go:46: 1731221950891857051 Open       /usr/lib/x86_64-linux-gnu/libXau.so.6.0.0
2024/11/10 06:59:10 recorder.go:46: 1731221950892111583 Lookup     /usr/lib/x86_64-linux-gnu/libXdmcp.so.6
2024/11/10 06:59:10 recorder.go:46: 1731221950892142621 Lookup     /usr/lib/x86_64-linux-gnu/libXdmcp.so.6.0.0
2024/11/10 06:59:10 recorder.go:46: 1731221950892328253 Open       /usr/lib/x86_64-linux-gnu/libXdmcp.so.6.0.0
2024/11/10 06:59:10 recorder.go:46: 1731221950892729271 Lookup     /usr/lib/x86_64-linux-gnu/libbsd.so.0
2024/11/10 06:59:10 recorder.go:46: 1731221950892781560 Lookup     /usr/lib/x86_64-linux-gnu/libbsd.so.0.11.5
2024/11/10 06:59:10 recorder.go:46: 1731221950892845260 Open       /usr/lib/x86_64-linux-gnu/libbsd.so.0.11.5
2024/11/10 06:59:10 recorder.go:46: 1731221950893169313 Lookup     /usr/lib/x86_64-linux-gnu/libmd.so.0
2024/11/10 06:59:10 recorder.go:46: 1731221950893201514 Lookup     /usr/lib/x86_64-linux-gnu/libmd.so.0.0.5
2024/11/10 06:59:10 recorder.go:46: 1731221950893259794 Open       /usr/lib/x86_64-linux-gnu/libmd.so.0.0.5
2024/11/10 06:59:10 recorder.go:46: 1731221950894007077 Open       /usr/lib/x86_64-linux-gnu/hwloc/hwloc_pci.so
2024/11/10 06:59:10 recorder.go:46: 1731221950894240689 Open       /etc/ld.so.cache
2024/11/10 06:59:10 recorder.go:46: 1731221950894417093 Lookup     /usr/lib/x86_64-linux-gnu/libpciaccess.so.0
2024/11/10 06:59:10 recorder.go:46: 1731221950894460605 Lookup     /usr/lib/x86_64-linux-gnu/libpciaccess.so.0.11.1
2024/11/10 06:59:10 recorder.go:46: 1731221950894521570 Open       /usr/lib/x86_64-linux-gnu/libpciaccess.so.0.11.1
2024/11/10 06:59:11 recorder.go:46: 1731221951213987418 Lookup     /run
2024/11/10 06:59:11 recorder.go:46: 1731221951219943922 Lookup     /var
2024/11/10 06:59:11 recorder.go:46: 1731221951220005358 Lookup     /var/run
2024/11/10 06:59:11 recorder.go:46: 1731221951221559327 Lookup     /etc/gai.conf
2024/11/10 06:59:11 recorder.go:46: 1731221951221612107 Open       /etc/gai.conf
2024/11/10 06:59:11 recorder.go:46: 1731221951230002764 Lookup     /usr/share
2024/11/10 06:59:11 recorder.go:46: 1731221951230082555 Lookup     /usr/share/misc
2024/11/10 06:59:11 recorder.go:46: 1731221951245929091 Open       /etc/ld.so.cache
2024/11/10 06:59:11 recorder.go:46: 1731221951254507964 Open       /etc/ld.so.cache
2024/11/10 06:59:11 recorder.go:46: 1731221951255687795 Open       /etc/ld.so.cache
2024/11/10 06:59:11 recorder.go:46: 1731221951256348815 Open       /etc/ld.so.cache
2024/11/10 06:59:11 recorder.go:46: 1731221951256964449 Open       /etc/ld.so.cache
2024/11/10 06:59:11 recorder.go:46: 1731221951257921188 Open       /etc/ld.so.cache
2024/11/10 06:59:11 recorder.go:46: 1731221951258677779 Open       /etc/ld.so.cache
2024/11/10 06:59:11 recorder.go:46: 1731221951259240503 Open       /etc/ld.so.cache
2024/11/10 06:59:11 recorder.go:46: 1731221951260046708 Open       /etc/ld.so.cache
2024/11/10 06:59:11 recorder.go:46: 1731221951260750649 Open       /etc/ld.so.cache
2024/11/10 06:59:11 recorder.go:46: 1731221951261337889 Open       /etc/ld.so.cache
2024/11/10 06:59:11 recorder.go:46: 1731221951261908358 Open       /etc/ld.so.cache
2024/11/10 06:59:11 recorder.go:46: 1731221951262462295 Open       /etc/ld.so.cache
2024/11/10 06:59:11 recorder.go:46: 1731221951263024008 Open       /etc/ld.so.cache
2024/11/10 06:59:11 recorder.go:46: 1731221951263600568 Open       /etc/ld.so.cache
2024/11/10 06:59:11 recorder.go:46: 1731221951264235308 Open       /etc/ld.so.cache
2024/11/10 06:59:11 recorder.go:46: 1731221951264795247 Open       /etc/ld.so.cache
2024/11/10 06:59:11 recorder.go:46: 1731221951275261639 Lookup     /opt/lammps/examples/reaxff/HNS/in.reaxc.hns
2024/11/10 06:59:11 recorder.go:46: 1731221951275340218 Open       /opt/lammps/examples/reaxff/HNS/in.reaxc.hns
2024/11/10 06:59:11 recorder.go:46: 1731221951276860413 Lookup     /opt/lammps/examples/reaxff/HNS/data.hns-equil
2024/11/10 06:59:11 recorder.go:46: 1731221951276911199 Open       /opt/lammps/examples/reaxff/HNS/data.hns-equil
2024/11/10 06:59:11 recorder.go:46: 1731221951277078355 Open       /opt/lammps/examples/reaxff/HNS/data.hns-equil
2024/11/10 06:59:11 recorder.go:46: 1731221951281064723 Lookup     /opt/lammps/examples/reaxff/HNS/ffield.reax.hns
2024/11/10 06:59:11 recorder.go:46: 1731221951281108396 Open       /opt/lammps/examples/reaxff/HNS/ffield.reax.hns
2024/11/10 06:59:11 recorder.go:46: 1731221951281218334 Open       /opt/lammps/examples/reaxff/HNS/ffield.reax.hns
2024/11/10 06:59:11 recorder.go:46: 1731221951281400157 Open       /opt/lammps/examples/reaxff/HNS/ffield.reax.hns
2024/11/10 06:59:11 recorder.go:46: 1731221951281583715 Open       /opt/lammps/examples/reaxff/HNS/ffield.reax.hns
