2024/11/10 03:19:22 recorder.go:46: 1731208762374172570 Lookup     /etc
2024/11/10 03:19:22 recorder.go:46: 1731208762374387590 Lookup     /etc/host.conf
2024/11/10 03:19:22 recorder.go:46: 1731208762374464386 Lookup     /etc/hosts
2024/11/10 03:19:22 recorder.go:46: 1731208762374597620 Lookup     /etc/nsswitch.conf
2024/11/10 03:19:22 recorder.go:46: 1731208762374656002 Lookup     /etc/resolv.conf
2024/11/10 03:19:22 recorder.go:46: 1731208762374708061 Lookup     /dev
2024/11/10 03:19:22 recorder.go:46: 1731208762374753337 Lookup     /sys
2024/11/10 03:19:22 recorder.go:46: 1731208762374783855 Lookup     /proc
2024/11/10 03:19:22 recorder.go:46: 1731208762374823521 Lookup     /tmp
2024/11/10 03:19:22 recorder.go:46: 1731208762374852677 Lookup     /root
2024/11/10 03:19:22 recorder.go:46: 1731208762374922259 Lookup     /opt
2024/11/10 03:19:22 recorder.go:46: 1731208762374960542 Lookup     /opt/lammps
2024/11/10 03:19:22 recorder.go:46: 1731208762374998375 Lookup     /opt/lammps/examples
2024/11/10 03:19:22 recorder.go:46: 1731208762375046887 Lookup     /opt/lammps/examples/reaxff
2024/11/10 03:19:22 recorder.go:46: 1731208762375087645 Lookup     /opt/lammps/examples/reaxff/HNS
2024/11/10 03:19:22 recorder.go:46: 1731208762375334636 Lookup     /usr
2024/11/10 03:19:22 recorder.go:46: 1731208762375388419 Lookup     /usr/local
2024/11/10 03:19:22 recorder.go:46: 1731208762375428204 Lookup     /usr/local/sbin
2024/11/10 03:19:22 recorder.go:46: 1731208762375580635 Lookup     /usr/local/bin
2024/11/10 03:19:22 recorder.go:46: 1731208762375716013 Lookup     /usr/sbin
2024/11/10 03:19:22 recorder.go:46: 1731208762375857042 Lookup     /usr/bin
2024/11/10 03:19:22 recorder.go:46: 1731208762375930332 Lookup     /usr/bin/lmp
2024/11/10 03:19:22 recorder.go:46: 1731208762376384008 Open       /usr/bin/lmp
2024/11/10 03:19:22 recorder.go:46: 1731208762377043025 Open       /usr/bin/lmp
2024/11/10 03:19:22 recorder.go:46: 1731208762377149878 Lookup     /lib64
2024/11/10 03:19:22 recorder.go:46: 1731208762377247364 Lookup     /usr/lib64
2024/11/10 03:19:22 recorder.go:46: 1731208762377356923 Lookup     /usr/lib64/ld-linux-x86-64.so.2
2024/11/10 03:19:22 recorder.go:46: 1731208762377480209 Lookup     /lib
2024/11/10 03:19:22 recorder.go:46: 1731208762377551174 Lookup     /usr/lib
2024/11/10 03:19:22 recorder.go:46: 1731208762377696942 Lookup     /usr/lib/x86_64-linux-gnu
2024/11/10 03:19:22 recorder.go:46: 1731208762377734363 Lookup     /usr/lib/x86_64-linux-gnu/ld-linux-x86-64.so.2
2024/11/10 03:19:22 recorder.go:46: 1731208762377830958 Open       /usr/lib/x86_64-linux-gnu/ld-linux-x86-64.so.2
2024/11/10 03:19:22 recorder.go:46: 1731208762379036707 Open       /usr/bin/lmp
2024/11/10 03:19:22 recorder.go:46: 1731208762380247537 Open       /usr/lib/x86_64-linux-gnu/ld-linux-x86-64.so.2
2024/11/10 03:19:22 recorder.go:46: 1731208762381533820 Lookup     /etc/ld.so.cache
2024/11/10 03:19:22 recorder.go:46: 1731208762381581000 Open       /etc/ld.so.cache
2024/11/10 03:19:22 recorder.go:46: 1731208762381880892 Lookup     /usr/lib/x86_64-linux-gnu/libgomp.so.1
2024/11/10 03:19:22 recorder.go:46: 1731208762381946798 Lookup     /usr/lib/x86_64-linux-gnu/libgomp.so.1.0.0
2024/11/10 03:19:22 recorder.go:46: 1731208762382031920 Open       /usr/lib/x86_64-linux-gnu/libgomp.so.1.0.0
2024/11/10 03:19:22 recorder.go:46: 1731208762382727377 Lookup     /usr/lib/x86_64-linux-gnu/libmpich.so.12
2024/11/10 03:19:22 recorder.go:46: 1731208762382792261 Lookup     /usr/lib/x86_64-linux-gnu/libmpich.so.12.2.0
2024/11/10 03:19:22 recorder.go:46: 1731208762382884747 Open       /usr/lib/x86_64-linux-gnu/libmpich.so.12.2.0
2024/11/10 03:19:22 recorder.go:46: 1731208762383833126 Lookup     /usr/lib/x86_64-linux-gnu/libstdc++.so.6
2024/11/10 03:19:22 recorder.go:46: 1731208762383907378 Lookup     /usr/lib/x86_64-linux-gnu/libstdc++.so.6.0.30
2024/11/10 03:19:22 recorder.go:46: 1731208762384000936 Open       /usr/lib/x86_64-linux-gnu/libstdc++.so.6.0.30
2024/11/10 03:19:22 recorder.go:46: 1731208762384791103 Lookup     /usr/lib/x86_64-linux-gnu/libm.so.6
2024/11/10 03:19:22 recorder.go:46: 1731208762384841349 Open       /usr/lib/x86_64-linux-gnu/libm.so.6
2024/11/10 03:19:22 recorder.go:46: 1731208762385528530 Lookup     /usr/lib/x86_64-linux-gnu/libgcc_s.so.1
2024/11/10 03:19:22 recorder.go:46: 1731208762385587082 Open       /usr/lib/x86_64-linux-gnu/libgcc_s.so.1
2024/11/10 03:19:22 recorder.go:46: 1731208762386268501 Lookup     /usr/lib/x86_64-linux-gnu/libc.so.6
2024/11/10 03:19:22 recorder.go:46: 1731208762386323677 Open       /usr/lib/x86_64-linux-gnu/libc.so.6
2024/11/10 03:19:22 recorder.go:46: 1731208762387247980 Lookup     /usr/lib/x86_64-linux-gnu/libhwloc.so.15
2024/11/10 03:19:22 recorder.go:46: 1731208762387316410 Lookup     /usr/lib/x86_64-linux-gnu/libhwloc.so.15.5.2
2024/11/10 03:19:22 recorder.go:46: 1731208762387422342 Open       /usr/lib/x86_64-linux-gnu/libhwloc.so.15.5.2
2024/11/10 03:19:22 recorder.go:46: 1731208762388223060 Lookup     /usr/lib/x86_64-linux-gnu/libfabric.so.1
2024/11/10 03:19:22 recorder.go:46: 1731208762388321998 Lookup     /usr/lib/x86_64-linux-gnu/libfabric.so.1.14.0
2024/11/10 03:19:22 recorder.go:46: 1731208762388426347 Open       /usr/lib/x86_64-linux-gnu/libfabric.so.1.14.0
2024/11/10 03:19:22 recorder.go:46: 1731208762389122395 Lookup     /usr/lib/x86_64-linux-gnu/libudev.so.1
2024/11/10 03:19:22 recorder.go:46: 1731208762389180867 Lookup     /usr/lib/x86_64-linux-gnu/libudev.so.1.7.2
2024/11/10 03:19:22 recorder.go:46: 1731208762389281699 Open       /usr/lib/x86_64-linux-gnu/libudev.so.1.7.2
2024/11/10 03:19:22 recorder.go:46: 1731208762389832069 Lookup     /usr/lib/x86_64-linux-gnu/librdmacm.so.1
2024/11/10 03:19:22 recorder.go:46: 1731208762389907062 Lookup     /usr/lib/x86_64-linux-gnu/librdmacm.so.1.3.39.0
2024/11/10 03:19:22 recorder.go:46: 1731208762390022352 Open       /usr/lib/x86_64-linux-gnu/librdmacm.so.1.3.39.0
2024/11/10 03:19:22 recorder.go:46: 1731208762390569505 Lookup     /usr/lib/x86_64-linux-gnu/libefa.so.1
2024/11/10 03:19:22 recorder.go:46: 1731208762390638086 Lookup     /usr/lib/x86_64-linux-gnu/libefa.so.1.1.39.0
2024/11/10 03:19:22 recorder.go:46: 1731208762390756502 Open       /usr/lib/x86_64-linux-gnu/libefa.so.1.1.39.0
2024/11/10 03:19:22 recorder.go:46: 1731208762391251807 Lookup     /usr/lib/x86_64-linux-gnu/libibverbs.so.1
2024/11/10 03:19:22 recorder.go:46: 1731208762391308515 Lookup     /usr/lib/x86_64-linux-gnu/libibverbs.so.1.14.39.0
2024/11/10 03:19:22 recorder.go:46: 1731208762391396773 Open       /usr/lib/x86_64-linux-gnu/libibverbs.so.1.14.39.0
2024/11/10 03:19:22 recorder.go:46: 1731208762391954828 Lookup     /usr/lib/x86_64-linux-gnu/libpsm_infinipath.so.1
2024/11/10 03:19:22 recorder.go:46: 1731208762392123068 Lookup     /etc/alternatives
2024/11/10 03:19:22 recorder.go:46: 1731208762392169738 Lookup     /etc/alternatives/libpsm_infinipath.so.1
2024/11/10 03:19:22 recorder.go:46: 1731208762392262184 Lookup     /usr/lib/libpsm1
2024/11/10 03:19:22 recorder.go:46: 1731208762392295016 Lookup     /usr/lib/libpsm1/libpsm_infinipath.so.1.16
2024/11/10 03:19:22 recorder.go:46: 1731208762392350342 Open       /usr/lib/libpsm1/libpsm_infinipath.so.1.16
2024/11/10 03:19:22 recorder.go:46: 1731208762393862606 Lookup     /usr/lib/x86_64-linux-gnu/libpsm2.so.2
2024/11/10 03:19:22 recorder.go:46: 1731208762393978558 Lookup     /usr/lib/x86_64-linux-gnu/libpsm2.so.2.2
2024/11/10 03:19:22 recorder.go:46: 1731208762394092806 Open       /usr/lib/x86_64-linux-gnu/libpsm2.so.2.2
2024/11/10 03:19:22 recorder.go:46: 1731208762394698521 Lookup     /usr/lib/x86_64-linux-gnu/libnl-3.so.200
2024/11/10 03:19:22 recorder.go:46: 1731208762394757724 Lookup     /usr/lib/x86_64-linux-gnu/libnl-3.so.200.26.0
2024/11/10 03:19:22 recorder.go:46: 1731208762394881229 Open       /usr/lib/x86_64-linux-gnu/libnl-3.so.200.26.0
2024/11/10 03:19:22 recorder.go:46: 1731208762395478950 Lookup     /usr/lib/x86_64-linux-gnu/libnl-route-3.so.200
2024/11/10 03:19:22 recorder.go:46: 1731208762395549113 Lookup     /usr/lib/x86_64-linux-gnu/libnl-route-3.so.200.26.0
2024/11/10 03:19:22 recorder.go:46: 1731208762395656648 Open       /usr/lib/x86_64-linux-gnu/libnl-route-3.so.200.26.0
2024/11/10 03:19:22 recorder.go:46: 1731208762396585620 Lookup     /usr/lib/x86_64-linux-gnu/libinfinipath.so.4
2024/11/10 03:19:22 recorder.go:46: 1731208762396640044 Lookup     /usr/lib/x86_64-linux-gnu/libinfinipath.so.4.0
2024/11/10 03:19:22 recorder.go:46: 1731208762396725437 Open       /usr/lib/x86_64-linux-gnu/libinfinipath.so.4.0
2024/11/10 03:19:22 recorder.go:46: 1731208762397166889 Lookup     /usr/lib/x86_64-linux-gnu/librt.so.1
2024/11/10 03:19:22 recorder.go:46: 1731208762397215011 Open       /usr/lib/x86_64-linux-gnu/librt.so.1
2024/11/10 03:19:22 recorder.go:46: 1731208762397573895 Lookup     /usr/lib/x86_64-linux-gnu/libpthread.so.0
2024/11/10 03:19:22 recorder.go:46: 1731208762397616867 Open       /usr/lib/x86_64-linux-gnu/libpthread.so.0
2024/11/10 03:19:22 recorder.go:46: 1731208762397956615 Lookup     /usr/lib/x86_64-linux-gnu/libdl.so.2
2024/11/10 03:19:22 recorder.go:46: 1731208762397991532 Open       /usr/lib/x86_64-linux-gnu/libdl.so.2
2024/11/10 03:19:22 recorder.go:46: 1731208762398331541 Lookup     /usr/lib/x86_64-linux-gnu/libuuid.so.1
2024/11/10 03:19:22 recorder.go:46: 1731208762398376226 Lookup     /usr/lib/x86_64-linux-gnu/libuuid.so.1.3.0
2024/11/10 03:19:22 recorder.go:46: 1731208762398457852 Open       /usr/lib/x86_64-linux-gnu/libuuid.so.1.3.0
2024/11/10 03:19:22 recorder.go:46: 1731208762398857945 Lookup     /usr/lib/x86_64-linux-gnu/libnuma.so.1
2024/11/10 03:19:22 recorder.go:46: 1731208762398909102 Lookup     /usr/lib/x86_64-linux-gnu/libnuma.so.1.0.0
2024/11/10 03:19:22 recorder.go:46: 1731208762398992070 Open       /usr/lib/x86_64-linux-gnu/libnuma.so.1.0.0
2024/11/10 03:19:22 recorder.go:46: 1731208762628500467 Lookup     /usr/lib/x86_64-linux-gnu/hwloc
2024/11/10 03:19:22 recorder.go:46: 1731208762628968209 Lookup     /usr/lib/x86_64-linux-gnu/hwloc/hwloc_opencl.so
2024/11/10 03:19:22 recorder.go:46: 1731208762629027633 Lookup     /usr/lib/x86_64-linux-gnu/hwloc/hwloc_xml_libxml.so
2024/11/10 03:19:22 recorder.go:46: 1731208762629052991 Lookup     /usr/lib/x86_64-linux-gnu/hwloc/hwloc_gl.so
2024/11/10 03:19:22 recorder.go:46: 1731208762629079121 Lookup     /usr/lib/x86_64-linux-gnu/hwloc/hwloc_pci.so
2024/11/10 03:19:22 recorder.go:46: 1731208762629334338 Open       /usr/lib/x86_64-linux-gnu/hwloc/hwloc_opencl.so
2024/11/10 03:19:22 recorder.go:46: 1731208762630155143 Open       /etc/ld.so.cache
2024/11/10 03:19:22 recorder.go:46: 1731208762630572069 Lookup     /usr/lib/x86_64-linux-gnu/libOpenCL.so.1
2024/11/10 03:19:22 recorder.go:46: 1731208762630663894 Lookup     /usr/lib/x86_64-linux-gnu/libOpenCL.so.1.0.0
2024/11/10 03:19:22 recorder.go:46: 1731208762630780135 Open       /usr/lib/x86_64-linux-gnu/libOpenCL.so.1.0.0
2024/11/10 03:19:22 recorder.go:46: 1731208762632840726 Open       /usr/lib/x86_64-linux-gnu/hwloc/hwloc_xml_libxml.so
2024/11/10 03:19:22 recorder.go:46: 1731208762633310181 Open       /etc/ld.so.cache
2024/11/10 03:19:22 recorder.go:46: 1731208762633629550 Lookup     /usr/lib/x86_64-linux-gnu/libxml2.so.2
2024/11/10 03:19:22 recorder.go:46: 1731208762633694124 Lookup     /usr/lib/x86_64-linux-gnu/libxml2.so.2.9.13
2024/11/10 03:19:22 recorder.go:46: 1731208762633781600 Open       /usr/lib/x86_64-linux-gnu/libxml2.so.2.9.13
2024/11/10 03:19:22 recorder.go:46: 1731208762634722325 Lookup     /usr/lib/x86_64-linux-gnu/libicuuc.so.70
2024/11/10 03:19:22 recorder.go:46: 1731208762634797097 Lookup     /usr/lib/x86_64-linux-gnu/libicuuc.so.70.1
2024/11/10 03:19:22 recorder.go:46: 1731208762634886578 Open       /usr/lib/x86_64-linux-gnu/libicuuc.so.70.1
2024/11/10 03:19:22 recorder.go:46: 1731208762635708305 Lookup     /usr/lib/x86_64-linux-gnu/libz.so.1
2024/11/10 03:19:22 recorder.go:46: 1731208762635794350 Lookup     /usr/lib/x86_64-linux-gnu/libz.so.1.2.11
2024/11/10 03:19:22 recorder.go:46: 1731208762635913787 Open       /usr/lib/x86_64-linux-gnu/libz.so.1.2.11
2024/11/10 03:19:22 recorder.go:46: 1731208762636589646 Lookup     /usr/lib/x86_64-linux-gnu/liblzma.so.5
2024/11/10 03:19:22 recorder.go:46: 1731208762636655582 Lookup     /usr/lib/x86_64-linux-gnu/liblzma.so.5.2.5
2024/11/10 03:19:22 recorder.go:46: 1731208762636767716 Open       /usr/lib/x86_64-linux-gnu/liblzma.so.5.2.5
2024/11/10 03:19:22 recorder.go:46: 1731208762637396646 Lookup     /usr/lib/x86_64-linux-gnu/libicudata.so.70
2024/11/10 03:19:22 recorder.go:46: 1731208762637461409 Lookup     /usr/lib/x86_64-linux-gnu/libicudata.so.70.1
2024/11/10 03:19:22 recorder.go:46: 1731208762637565047 Open       /usr/lib/x86_64-linux-gnu/libicudata.so.70.1
2024/11/10 03:19:22 recorder.go:46: 1731208762641109227 Open       /usr/lib/x86_64-linux-gnu/hwloc/hwloc_gl.so
2024/11/10 03:19:22 recorder.go:46: 1731208762641634179 Open       /etc/ld.so.cache
2024/11/10 03:19:22 recorder.go:46: 1731208762641985899 Lookup     /usr/lib/x86_64-linux-gnu/libXNVCtrl.so.0
2024/11/10 03:19:22 recorder.go:46: 1731208762642060161 Lookup     /usr/lib/x86_64-linux-gnu/libXNVCtrl.so.0.0.0
2024/11/10 03:19:22 recorder.go:46: 1731208762642148349 Open       /usr/lib/x86_64-linux-gnu/libXNVCtrl.so.0.0.0
2024/11/10 03:19:22 recorder.go:46: 1731208762642689692 Lookup     /usr/lib/x86_64-linux-gnu/libX11.so.6
2024/11/10 03:19:22 recorder.go:46: 1731208762642755627 Lookup     /usr/lib/x86_64-linux-gnu/libX11.so.6.4.0
2024/11/10 03:19:22 recorder.go:46: 1731208762642875947 Open       /usr/lib/x86_64-linux-gnu/libX11.so.6.4.0
2024/11/10 03:19:22 recorder.go:46: 1731208762643566334 Lookup     /usr/lib/x86_64-linux-gnu/libXext.so.6
2024/11/10 03:19:22 recorder.go:46: 1731208762643628903 Lookup     /usr/lib/x86_64-linux-gnu/libXext.so.6.4.0
2024/11/10 03:19:22 recorder.go:46: 1731208762643718995 Open       /usr/lib/x86_64-linux-gnu/libXext.so.6.4.0
2024/11/10 03:19:22 recorder.go:46: 1731208762644144246 Lookup     /usr/lib/x86_64-linux-gnu/libxcb.so.1
2024/11/10 03:19:22 recorder.go:46: 1731208762644213438 Lookup     /usr/lib/x86_64-linux-gnu/libxcb.so.1.1.0
2024/11/10 03:19:22 recorder.go:46: 1731208762644299412 Open       /usr/lib/x86_64-linux-gnu/libxcb.so.1.1.0
2024/11/10 03:19:22 recorder.go:46: 1731208762644980511 Lookup     /usr/lib/x86_64-linux-gnu/libXau.so.6
2024/11/10 03:19:22 recorder.go:46: 1731208762645049313 Lookup     /usr/lib/x86_64-linux-gnu/libXau.so.6.0.0
2024/11/10 03:19:22 recorder.go:46: 1731208762645161497 Open       /usr/lib/x86_64-linux-gnu/libXau.so.6.0.0
2024/11/10 03:19:22 recorder.go:46: 1731208762645662362 Lookup     /usr/lib/x86_64-linux-gnu/libXdmcp.so.6
2024/11/10 03:19:22 recorder.go:46: 1731208762645726795 Lookup     /usr/lib/x86_64-linux-gnu/libXdmcp.so.6.0.0
2024/11/10 03:19:22 recorder.go:46: 1731208762645841003 Open       /usr/lib/x86_64-linux-gnu/libXdmcp.so.6.0.0
2024/11/10 03:19:22 recorder.go:46: 1731208762646377496 Lookup     /usr/lib/x86_64-linux-gnu/libbsd.so.0
2024/11/10 03:19:22 recorder.go:46: 1731208762646482386 Lookup     /usr/lib/x86_64-linux-gnu/libbsd.so.0.11.5
2024/11/10 03:19:22 recorder.go:46: 1731208762646628595 Open       /usr/lib/x86_64-linux-gnu/libbsd.so.0.11.5
2024/11/10 03:19:22 recorder.go:46: 1731208762647259679 Lookup     /usr/lib/x86_64-linux-gnu/libmd.so.0
2024/11/10 03:19:22 recorder.go:46: 1731208762647322298 Lookup     /usr/lib/x86_64-linux-gnu/libmd.so.0.0.5
2024/11/10 03:19:22 recorder.go:46: 1731208762647434853 Open       /usr/lib/x86_64-linux-gnu/libmd.so.0.0.5
2024/11/10 03:19:22 recorder.go:46: 1731208762648450770 Open       /usr/lib/x86_64-linux-gnu/hwloc/hwloc_pci.so
2024/11/10 03:19:22 recorder.go:46: 1731208762648891160 Open       /etc/ld.so.cache
2024/11/10 03:19:22 recorder.go:46: 1731208762649220679 Lookup     /usr/lib/x86_64-linux-gnu/libpciaccess.so.0
2024/11/10 03:19:22 recorder.go:46: 1731208762649297235 Lookup     /usr/lib/x86_64-linux-gnu/libpciaccess.so.0.11.1
2024/11/10 03:19:22 recorder.go:46: 1731208762649403598 Open       /usr/lib/x86_64-linux-gnu/libpciaccess.so.0.11.1
2024/11/10 03:19:23 recorder.go:46: 1731208763019429830 Lookup     /run
2024/11/10 03:19:23 recorder.go:46: 1731208763028716804 Lookup     /var
2024/11/10 03:19:23 recorder.go:46: 1731208763028885115 Lookup     /var/run
2024/11/10 03:19:23 recorder.go:46: 1731208763030474827 Lookup     /etc/gai.conf
2024/11/10 03:19:23 recorder.go:46: 1731208763030564448 Open       /etc/gai.conf
2024/11/10 03:19:23 recorder.go:46: 1731208763043596325 Lookup     /usr/share
2024/11/10 03:19:23 recorder.go:46: 1731208763043692969 Lookup     /usr/share/misc
2024/11/10 03:19:23 recorder.go:46: 1731208763077222724 Open       /etc/ld.so.cache
2024/11/10 03:19:23 recorder.go:46: 1731208763090372676 Open       /etc/ld.so.cache
2024/11/10 03:19:23 recorder.go:46: 1731208763091445662 Open       /etc/ld.so.cache
2024/11/10 03:19:23 recorder.go:46: 1731208763092354716 Open       /etc/ld.so.cache
2024/11/10 03:19:23 recorder.go:46: 1731208763093295972 Open       /etc/ld.so.cache
2024/11/10 03:19:23 recorder.go:46: 1731208763094171983 Open       /etc/ld.so.cache
2024/11/10 03:19:23 recorder.go:46: 1731208763095017035 Open       /etc/ld.so.cache
2024/11/10 03:19:23 recorder.go:46: 1731208763095829224 Open       /etc/ld.so.cache
2024/11/10 03:19:23 recorder.go:46: 1731208763096741303 Open       /etc/ld.so.cache
2024/11/10 03:19:23 recorder.go:46: 1731208763097797127 Open       /etc/ld.so.cache
2024/11/10 03:19:23 recorder.go:46: 1731208763098795762 Open       /etc/ld.so.cache
2024/11/10 03:19:23 recorder.go:46: 1731208763099743139 Open       /etc/ld.so.cache
2024/11/10 03:19:23 recorder.go:46: 1731208763100604462 Open       /etc/ld.so.cache
2024/11/10 03:19:23 recorder.go:46: 1731208763101409518 Open       /etc/ld.so.cache
2024/11/10 03:19:23 recorder.go:46: 1731208763102180147 Open       /etc/ld.so.cache
2024/11/10 03:19:23 recorder.go:46: 1731208763103051119 Open       /etc/ld.so.cache
2024/11/10 03:19:23 recorder.go:46: 1731208763103999758 Open       /etc/ld.so.cache
2024/11/10 03:19:23 recorder.go:46: 1731208763122388443 Lookup     /opt/lammps/examples/reaxff/HNS/in.reaxff.hns
2024/11/10 03:19:23 recorder.go:46: 1731208763122542777 Open       /opt/lammps/examples/reaxff/HNS/in.reaxff.hns
2024/11/10 03:19:23 recorder.go:46: 1731208763128597386 Lookup     /opt/lammps/examples/reaxff/HNS/data.hns-equil
2024/11/10 03:19:23 recorder.go:46: 1731208763128675294 Open       /opt/lammps/examples/reaxff/HNS/data.hns-equil
2024/11/10 03:19:23 recorder.go:46: 1731208763128881327 Open       /opt/lammps/examples/reaxff/HNS/data.hns-equil
2024/11/10 03:19:23 recorder.go:46: 1731208763134822500 Lookup     /opt/lammps/examples/reaxff/HNS/ffield.reax.hns
2024/11/10 03:19:23 recorder.go:46: 1731208763134900047 Open       /opt/lammps/examples/reaxff/HNS/ffield.reax.hns
2024/11/10 03:19:23 recorder.go:46: 1731208763135041998 Open       /opt/lammps/examples/reaxff/HNS/ffield.reax.hns
2024/11/10 03:19:23 recorder.go:46: 1731208763135383359 Open       /opt/lammps/examples/reaxff/HNS/ffield.reax.hns
2024/11/10 03:19:23 recorder.go:46: 1731208763135601235 Open       /opt/lammps/examples/reaxff/HNS/ffield.reax.hns
2024/11/10 06:44:51 recorder.go:46: 1731221091312577675 Lookup     /etc
2024/11/10 06:44:51 recorder.go:46: 1731221091312808240 Lookup     /etc/host.conf
2024/11/10 06:44:51 recorder.go:46: 1731221091312879384 Lookup     /etc/hosts
2024/11/10 06:44:51 recorder.go:46: 1731221091312906265 Lookup     /etc/nsswitch.conf
2024/11/10 06:44:51 recorder.go:46: 1731221091312929959 Lookup     /etc/resolv.conf
2024/11/10 06:44:51 recorder.go:46: 1731221091312953584 Lookup     /dev
2024/11/10 06:44:51 recorder.go:46: 1731221091312972460 Lookup     /sys
2024/11/10 06:44:51 recorder.go:46: 1731221091312992267 Lookup     /proc
2024/11/10 06:44:51 recorder.go:46: 1731221091313018256 Lookup     /tmp
2024/11/10 06:44:51 recorder.go:46: 1731221091313036641 Lookup     /root
2024/11/10 06:44:51 recorder.go:46: 1731221091313074713 Lookup     /opt
2024/11/10 06:44:51 recorder.go:46: 1731221091313093578 Lookup     /opt/lammps
2024/11/10 06:44:51 recorder.go:46: 1731221091313113376 Lookup     /opt/lammps/examples
2024/11/10 06:44:51 recorder.go:46: 1731221091313136209 Lookup     /opt/lammps/examples/reaxff
2024/11/10 06:44:51 recorder.go:46: 1731221091313158771 Lookup     /opt/lammps/examples/reaxff/HNS
2024/11/10 06:44:51 recorder.go:46: 1731221091313286472 Lookup     /usr
2024/11/10 06:44:51 recorder.go:46: 1731221091313321959 Lookup     /usr/local
2024/11/10 06:44:51 recorder.go:46: 1731221091313354581 Lookup     /usr/local/sbin
2024/11/10 06:44:51 recorder.go:46: 1731221091313457264 Lookup     /usr/local/bin
2024/11/10 06:44:51 recorder.go:46: 1731221091313572432 Lookup     /usr/sbin
2024/11/10 06:44:51 recorder.go:46: 1731221091313664936 Lookup     /usr/bin
2024/11/10 06:44:51 recorder.go:46: 1731221091313697237 Lookup     /usr/bin/lmp
2024/11/10 06:44:51 recorder.go:46: 1731221091313990871 Open       /usr/bin/lmp
2024/11/10 06:44:51 recorder.go:46: 1731221091314264728 Open       /usr/bin/lmp
2024/11/10 06:44:51 recorder.go:46: 1731221091314352764 Lookup     /lib64
2024/11/10 06:44:51 recorder.go:46: 1731221091314466058 Lookup     /usr/lib64
2024/11/10 06:44:51 recorder.go:46: 1731221091314564524 Lookup     /usr/lib64/ld-linux-x86-64.so.2
2024/11/10 06:44:51 recorder.go:46: 1731221091314657960 Lookup     /lib
2024/11/10 06:44:51 recorder.go:46: 1731221091314697274 Lookup     /usr/lib
2024/11/10 06:44:51 recorder.go:46: 1731221091314766545 Lookup     /usr/lib/x86_64-linux-gnu
2024/11/10 06:44:51 recorder.go:46: 1731221091314796201 Lookup     /usr/lib/x86_64-linux-gnu/ld-linux-x86-64.so.2
2024/11/10 06:44:51 recorder.go:46: 1731221091314880019 Open       /usr/lib/x86_64-linux-gnu/ld-linux-x86-64.so.2
2024/11/10 06:44:51 recorder.go:46: 1731221091315431149 Open       /usr/bin/lmp
2024/11/10 06:44:51 recorder.go:46: 1731221091316167859 Open       /usr/lib/x86_64-linux-gnu/ld-linux-x86-64.so.2
2024/11/10 06:44:51 recorder.go:46: 1731221091317279296 Lookup     /etc/ld.so.cache
2024/11/10 06:44:51 recorder.go:46: 1731221091317315665 Open       /etc/ld.so.cache
2024/11/10 06:44:51 recorder.go:46: 1731221091317555558 Lookup     /usr/lib/x86_64-linux-gnu/libgomp.so.1
2024/11/10 06:44:51 recorder.go:46: 1731221091317605422 Lookup     /usr/lib/x86_64-linux-gnu/libgomp.so.1.0.0
2024/11/10 06:44:51 recorder.go:46: 1731221091317673861 Open       /usr/lib/x86_64-linux-gnu/libgomp.so.1.0.0
2024/11/10 06:44:51 recorder.go:46: 1731221091318323547 Lookup     /usr/lib/x86_64-linux-gnu/libmpich.so.12
2024/11/10 06:44:51 recorder.go:46: 1731221091318385644 Lookup     /usr/lib/x86_64-linux-gnu/libmpich.so.12.2.0
2024/11/10 06:44:51 recorder.go:46: 1731221091318458030 Open       /usr/lib/x86_64-linux-gnu/libmpich.so.12.2.0
2024/11/10 06:44:51 recorder.go:46: 1731221091319138074 Lookup     /usr/lib/x86_64-linux-gnu/libstdc++.so.6
2024/11/10 06:44:51 recorder.go:46: 1731221091319181716 Lookup     /usr/lib/x86_64-linux-gnu/libstdc++.so.6.0.30
2024/11/10 06:44:51 recorder.go:46: 1731221091319242420 Open       /usr/lib/x86_64-linux-gnu/libstdc++.so.6.0.30
2024/11/10 06:44:51 recorder.go:46: 1731221091319861018 Lookup     /usr/lib/x86_64-linux-gnu/libm.so.6
2024/11/10 06:44:51 recorder.go:46: 1731221091319893509 Open       /usr/lib/x86_64-linux-gnu/libm.so.6
2024/11/10 06:44:51 recorder.go:46: 1731221091320350070 Lookup     /usr/lib/x86_64-linux-gnu/libgcc_s.so.1
2024/11/10 06:44:51 recorder.go:46: 1731221091320383373 Open       /usr/lib/x86_64-linux-gnu/libgcc_s.so.1
2024/11/10 06:44:51 recorder.go:46: 1731221091320671517 Lookup     /usr/lib/x86_64-linux-gnu/libc.so.6
2024/11/10 06:44:51 recorder.go:46: 1731221091320703838 Open       /usr/lib/x86_64-linux-gnu/libc.so.6
2024/11/10 06:44:51 recorder.go:46: 1731221091321352873 Lookup     /usr/lib/x86_64-linux-gnu/libhwloc.so.15
2024/11/10 06:44:51 recorder.go:46: 1731221091321399380 Lookup     /usr/lib/x86_64-linux-gnu/libhwloc.so.15.5.2
2024/11/10 06:44:51 recorder.go:46: 1731221091321506593 Open       /usr/lib/x86_64-linux-gnu/libhwloc.so.15.5.2
2024/11/10 06:44:51 recorder.go:46: 1731221091322299178 Lookup     /usr/lib/x86_64-linux-gnu/libfabric.so.1
2024/11/10 06:44:51 recorder.go:46: 1731221091322349403 Lookup     /usr/lib/x86_64-linux-gnu/libfabric.so.1.14.0
2024/11/10 06:44:51 recorder.go:46: 1731221091322435435 Open       /usr/lib/x86_64-linux-gnu/libfabric.so.1.14.0
2024/11/10 06:44:51 recorder.go:46: 1731221091322942602 Lookup     /usr/lib/x86_64-linux-gnu/libudev.so.1
2024/11/10 06:44:51 recorder.go:46: 1731221091323033233 Lookup     /usr/lib/x86_64-linux-gnu/libudev.so.1.7.2
2024/11/10 06:44:51 recorder.go:46: 1731221091323116971 Open       /usr/lib/x86_64-linux-gnu/libudev.so.1.7.2
2024/11/10 06:44:51 recorder.go:46: 1731221091323462603 Lookup     /usr/lib/x86_64-linux-gnu/librdmacm.so.1
2024/11/10 06:44:51 recorder.go:46: 1731221091323537956 Lookup     /usr/lib/x86_64-linux-gnu/librdmacm.so.1.3.39.0
2024/11/10 06:44:51 recorder.go:46: 1731221091323602437 Open       /usr/lib/x86_64-linux-gnu/librdmacm.so.1.3.39.0
2024/11/10 06:44:51 recorder.go:46: 1731221091323942238 Lookup     /usr/lib/x86_64-linux-gnu/libefa.so.1
2024/11/10 06:44:51 recorder.go:46: 1731221091323978837 Lookup     /usr/lib/x86_64-linux-gnu/libefa.so.1.1.39.0
2024/11/10 06:44:51 recorder.go:46: 1731221091324043680 Open       /usr/lib/x86_64-linux-gnu/libefa.so.1.1.39.0
2024/11/10 06:44:51 recorder.go:46: 1731221091324370977 Lookup     /usr/lib/x86_64-linux-gnu/libibverbs.so.1
2024/11/10 06:44:51 recorder.go:46: 1731221091324411073 Lookup     /usr/lib/x86_64-linux-gnu/libibverbs.so.1.14.39.0
2024/11/10 06:44:51 recorder.go:46: 1731221091324473641 Open       /usr/lib/x86_64-linux-gnu/libibverbs.so.1.14.39.0
2024/11/10 06:44:51 recorder.go:46: 1731221091324826667 Lookup     /usr/lib/x86_64-linux-gnu/libpsm_infinipath.so.1
2024/11/10 06:44:51 recorder.go:46: 1731221091325213748 Lookup     /etc/alternatives
2024/11/10 06:44:51 recorder.go:46: 1731221091325371756 Lookup     /etc/alternatives/libpsm_infinipath.so.1
2024/11/10 06:44:51 recorder.go:46: 1731221091325459692 Lookup     /usr/lib/libpsm1
2024/11/10 06:44:51 recorder.go:46: 1731221091325494878 Lookup     /usr/lib/libpsm1/libpsm_infinipath.so.1.16
2024/11/10 06:44:51 recorder.go:46: 1731221091325558308 Open       /usr/lib/libpsm1/libpsm_infinipath.so.1.16
2024/11/10 06:44:51 recorder.go:46: 1731221091326063611 Lookup     /usr/lib/x86_64-linux-gnu/libpsm2.so.2
2024/11/10 06:44:51 recorder.go:46: 1731221091326124175 Lookup     /usr/lib/x86_64-linux-gnu/libpsm2.so.2.2
2024/11/10 06:44:51 recorder.go:46: 1731221091326223563 Open       /usr/lib/x86_64-linux-gnu/libpsm2.so.2.2
2024/11/10 06:44:51 recorder.go:46: 1731221091326795873 Lookup     /usr/lib/x86_64-linux-gnu/libnl-3.so.200
2024/11/10 06:44:51 recorder.go:46: 1731221091326858531 Lookup     /usr/lib/x86_64-linux-gnu/libnl-3.so.200.26.0
2024/11/10 06:44:51 recorder.go:46: 1731221091326965924 Open       /usr/lib/x86_64-linux-gnu/libnl-3.so.200.26.0
2024/11/10 06:44:51 recorder.go:46: 1731221091327456910 Lookup     /usr/lib/x86_64-linux-gnu/libnl-route-3.so.200
2024/11/10 06:44:51 recorder.go:46: 1731221091327520440 Lookup     /usr/lib/x86_64-linux-gnu/libnl-route-3.so.200.26.0
2024/11/10 06:44:51 recorder.go:46: 1731221091327596013 Open       /usr/lib/x86_64-linux-gnu/libnl-route-3.so.200.26.0
2024/11/10 06:44:51 recorder.go:46: 1731221091328966469 Lookup     /usr/lib/x86_64-linux-gnu/libinfinipath.so.4
2024/11/10 06:44:51 recorder.go:46: 1731221091329016804 Lookup     /usr/lib/x86_64-linux-gnu/libinfinipath.so.4.0
2024/11/10 06:44:51 recorder.go:46: 1731221091329079652 Open       /usr/lib/x86_64-linux-gnu/libinfinipath.so.4.0
2024/11/10 06:44:51 recorder.go:46: 1731221091329452436 Lookup     /usr/lib/x86_64-linux-gnu/librt.so.1
2024/11/10 06:44:51 recorder.go:46: 1731221091329486770 Open       /usr/lib/x86_64-linux-gnu/librt.so.1
2024/11/10 06:44:51 recorder.go:46: 1731221091329777479 Lookup     /usr/lib/x86_64-linux-gnu/libpthread.so.0
2024/11/10 06:44:51 recorder.go:46: 1731221091329805953 Open       /usr/lib/x86_64-linux-gnu/libpthread.so.0
2024/11/10 06:44:51 recorder.go:46: 1731221091330062897 Lookup     /usr/lib/x86_64-linux-gnu/libdl.so.2
2024/11/10 06:44:51 recorder.go:46: 1731221091330091361 Open       /usr/lib/x86_64-linux-gnu/libdl.so.2
2024/11/10 06:44:51 recorder.go:46: 1731221091330351121 Lookup     /usr/lib/x86_64-linux-gnu/libuuid.so.1
2024/11/10 06:44:51 recorder.go:46: 1731221091330386578 Lookup     /usr/lib/x86_64-linux-gnu/libuuid.so.1.3.0
2024/11/10 06:44:51 recorder.go:46: 1731221091330446321 Open       /usr/lib/x86_64-linux-gnu/libuuid.so.1.3.0
2024/11/10 06:44:51 recorder.go:46: 1731221091330738242 Lookup     /usr/lib/x86_64-linux-gnu/libnuma.so.1
2024/11/10 06:44:51 recorder.go:46: 1731221091330779450 Lookup     /usr/lib/x86_64-linux-gnu/libnuma.so.1.0.0
2024/11/10 06:44:51 recorder.go:46: 1731221091330846877 Open       /usr/lib/x86_64-linux-gnu/libnuma.so.1.0.0
2024/11/10 06:44:51 recorder.go:46: 1731221091558589132 Lookup     /usr/lib/x86_64-linux-gnu/hwloc
2024/11/10 06:44:51 recorder.go:46: 1731221091558911611 Lookup     /usr/lib/x86_64-linux-gnu/hwloc/hwloc_opencl.so
2024/11/10 06:44:51 recorder.go:46: 1731221091558941647 Lookup     /usr/lib/x86_64-linux-gnu/hwloc/hwloc_xml_libxml.so
2024/11/10 06:44:51 recorder.go:46: 1731221091558960002 Lookup     /usr/lib/x86_64-linux-gnu/hwloc/hwloc_gl.so
2024/11/10 06:44:51 recorder.go:46: 1731221091558980280 Lookup     /usr/lib/x86_64-linux-gnu/hwloc/hwloc_pci.so
2024/11/10 06:44:51 recorder.go:46: 1731221091559209903 Open       /usr/lib/x86_64-linux-gnu/hwloc/hwloc_opencl.so
2024/11/10 06:44:51 recorder.go:46: 1731221091559621811 Open       /etc/ld.so.cache
2024/11/10 06:44:51 recorder.go:46: 1731221091559949098 Lookup     /usr/lib/x86_64-linux-gnu/libOpenCL.so.1
2024/11/10 06:44:51 recorder.go:46: 1731221091560001958 Lookup     /usr/lib/x86_64-linux-gnu/libOpenCL.so.1.0.0
2024/11/10 06:44:51 recorder.go:46: 1731221091560104161 Open       /usr/lib/x86_64-linux-gnu/libOpenCL.so.1.0.0
2024/11/10 06:44:51 recorder.go:46: 1731221091561024007 Open       /usr/lib/x86_64-linux-gnu/hwloc/hwloc_xml_libxml.so
2024/11/10 06:44:51 recorder.go:46: 1731221091561438459 Open       /etc/ld.so.cache
2024/11/10 06:44:51 recorder.go:46: 1731221091561680165 Lookup     /usr/lib/x86_64-linux-gnu/libxml2.so.2
2024/11/10 06:44:51 recorder.go:46: 1731221091561745658 Lookup     /usr/lib/x86_64-linux-gnu/libxml2.so.2.9.13
2024/11/10 06:44:51 recorder.go:46: 1731221091561823154 Open       /usr/lib/x86_64-linux-gnu/libxml2.so.2.9.13
2024/11/10 06:44:51 recorder.go:46: 1731221091562479282 Lookup     /usr/lib/x86_64-linux-gnu/libicuuc.so.70
2024/11/10 06:44:51 recorder.go:46: 1731221091562534707 Lookup     /usr/lib/x86_64-linux-gnu/libicuuc.so.70.1
2024/11/10 06:44:51 recorder.go:46: 1731221091562604218 Open       /usr/lib/x86_64-linux-gnu/libicuuc.so.70.1
2024/11/10 06:44:51 recorder.go:46: 1731221091563031595 Lookup     /usr/lib/x86_64-linux-gnu/libz.so.1
2024/11/10 06:44:51 recorder.go:46: 1731221091563080777 Lookup     /usr/lib/x86_64-linux-gnu/libz.so.1.2.11
2024/11/10 06:44:51 recorder.go:46: 1731221091563142444 Open       /usr/lib/x86_64-linux-gnu/libz.so.1.2.11
2024/11/10 06:44:51 recorder.go:46: 1731221091563528102 Lookup     /usr/lib/x86_64-linux-gnu/liblzma.so.5
2024/11/10 06:44:51 recorder.go:46: 1731221091563581703 Lookup     /usr/lib/x86_64-linux-gnu/liblzma.so.5.2.5
2024/11/10 06:44:51 recorder.go:46: 1731221091563646124 Open       /usr/lib/x86_64-linux-gnu/liblzma.so.5.2.5
2024/11/10 06:44:51 recorder.go:46: 1731221091564006705 Lookup     /usr/lib/x86_64-linux-gnu/libicudata.so.70
2024/11/10 06:44:51 recorder.go:46: 1731221091564046600 Lookup     /usr/lib/x86_64-linux-gnu/libicudata.so.70.1
2024/11/10 06:44:51 recorder.go:46: 1731221091564107966 Open       /usr/lib/x86_64-linux-gnu/libicudata.so.70.1
2024/11/10 06:44:51 recorder.go:46: 1731221091566698884 Open       /usr/lib/x86_64-linux-gnu/hwloc/hwloc_gl.so
2024/11/10 06:44:51 recorder.go:46: 1731221091567134086 Open       /etc/ld.so.cache
2024/11/10 06:44:51 recorder.go:46: 1731221091567535473 Lookup     /usr/lib/x86_64-linux-gnu/libXNVCtrl.so.0
2024/11/10 06:44:51 recorder.go:46: 1731221091567608801 Lookup     /usr/lib/x86_64-linux-gnu/libXNVCtrl.so.0.0.0
2024/11/10 06:44:51 recorder.go:46: 1731221091567724149 Open       /usr/lib/x86_64-linux-gnu/libXNVCtrl.so.0.0.0
2024/11/10 06:44:51 recorder.go:46: 1731221091568173166 Lookup     /usr/lib/x86_64-linux-gnu/libX11.so.6
2024/11/10 06:44:51 recorder.go:46: 1731221091568220345 Lookup     /usr/lib/x86_64-linux-gnu/libX11.so.6.4.0
2024/11/10 06:44:51 recorder.go:46: 1731221091568278555 Open       /usr/lib/x86_64-linux-gnu/libX11.so.6.4.0
2024/11/10 06:44:51 recorder.go:46: 1731221091569020425 Lookup     /usr/lib/x86_64-linux-gnu/libXext.so.6
2024/11/10 06:44:51 recorder.go:46: 1731221091569068836 Lookup     /usr/lib/x86_64-linux-gnu/libXext.so.6.4.0
2024/11/10 06:44:51 recorder.go:46: 1731221091569139159 Open       /usr/lib/x86_64-linux-gnu/libXext.so.6.4.0
2024/11/10 06:44:51 recorder.go:46: 1731221091569484501 Lookup     /usr/lib/x86_64-linux-gnu/libxcb.so.1
2024/11/10 06:44:51 recorder.go:46: 1731221091569575132 Lookup     /usr/lib/x86_64-linux-gnu/libxcb.so.1.1.0
2024/11/10 06:44:51 recorder.go:46: 1731221091569664029 Open       /usr/lib/x86_64-linux-gnu/libxcb.so.1.1.0
2024/11/10 06:44:51 recorder.go:46: 1731221091570114940 Lookup     /usr/lib/x86_64-linux-gnu/libXau.so.6
2024/11/10 06:44:51 recorder.go:46: 1731221091570154535 Lookup     /usr/lib/x86_64-linux-gnu/libXau.so.6.0.0
2024/11/10 06:44:51 recorder.go:46: 1731221091570213887 Open       /usr/lib/x86_64-linux-gnu/libXau.so.6.0.0
2024/11/10 06:44:51 recorder.go:46: 1731221091570494116 Lookup     /usr/lib/x86_64-linux-gnu/libXdmcp.so.6
2024/11/10 06:44:51 recorder.go:46: 1731221091570542557 Lookup     /usr/lib/x86_64-linux-gnu/libXdmcp.so.6.0.0
2024/11/10 06:44:51 recorder.go:46: 1731221091570600066 Open       /usr/lib/x86_64-linux-gnu/libXdmcp.so.6.0.0
2024/11/10 06:44:51 recorder.go:46: 1731221091570880916 Lookup     /usr/lib/x86_64-linux-gnu/libbsd.so.0
2024/11/10 06:44:51 recorder.go:46: 1731221091570932162 Lookup     /usr/lib/x86_64-linux-gnu/libbsd.so.0.11.5
2024/11/10 06:44:51 recorder.go:46: 1731221091570995462 Open       /usr/lib/x86_64-linux-gnu/libbsd.so.0.11.5
2024/11/10 06:44:51 recorder.go:46: 1731221091571380158 Lookup     /usr/lib/x86_64-linux-gnu/libmd.so.0
2024/11/10 06:44:51 recorder.go:46: 1731221091571422528 Lookup     /usr/lib/x86_64-linux-gnu/libmd.so.0.0.5
2024/11/10 06:44:51 recorder.go:46: 1731221091571505654 Open       /usr/lib/x86_64-linux-gnu/libmd.so.0.0.5
2024/11/10 06:44:51 recorder.go:46: 1731221091573006627 Open       /usr/lib/x86_64-linux-gnu/hwloc/hwloc_pci.so
2024/11/10 06:44:51 recorder.go:46: 1731221091573481793 Open       /etc/ld.so.cache
2024/11/10 06:44:51 recorder.go:46: 1731221091586917765 Lookup     /usr/lib/x86_64-linux-gnu/libpciaccess.so.0
2024/11/10 06:44:51 recorder.go:46: 1731221091587043392 Lookup     /usr/lib/x86_64-linux-gnu/libpciaccess.so.0.11.1
2024/11/10 06:44:51 recorder.go:46: 1731221091587193435 Open       /usr/lib/x86_64-linux-gnu/libpciaccess.so.0.11.1
2024/11/10 06:44:51 recorder.go:46: 1731221091908997115 Lookup     /run
2024/11/10 06:44:51 recorder.go:46: 1731221091915133925 Lookup     /var
2024/11/10 06:44:51 recorder.go:46: 1731221091915220057 Lookup     /var/run
2024/11/10 06:44:51 recorder.go:46: 1731221091916509139 Lookup     /etc/gai.conf
2024/11/10 06:44:51 recorder.go:46: 1731221091916568071 Open       /etc/gai.conf
2024/11/10 06:44:51 recorder.go:46: 1731221091924385141 Lookup     /usr/share
2024/11/10 06:44:51 recorder.go:46: 1731221091924473026 Lookup     /usr/share/misc
2024/11/10 06:44:51 recorder.go:46: 1731221091951523838 Open       /etc/ld.so.cache
2024/11/10 06:44:51 recorder.go:46: 1731221091961088215 Open       /etc/ld.so.cache
2024/11/10 06:44:51 recorder.go:46: 1731221091961971722 Open       /etc/ld.so.cache
2024/11/10 06:44:51 recorder.go:46: 1731221091962688435 Open       /etc/ld.so.cache
2024/11/10 06:44:51 recorder.go:46: 1731221091963331719 Open       /etc/ld.so.cache
2024/11/10 06:44:51 recorder.go:46: 1731221091963934817 Open       /etc/ld.so.cache
2024/11/10 06:44:51 recorder.go:46: 1731221091964534939 Open       /etc/ld.so.cache
2024/11/10 06:44:51 recorder.go:46: 1731221091965102310 Open       /etc/ld.so.cache
2024/11/10 06:44:51 recorder.go:46: 1731221091965663118 Open       /etc/ld.so.cache
2024/11/10 06:44:51 recorder.go:46: 1731221091966243202 Open       /etc/ld.so.cache
2024/11/10 06:44:51 recorder.go:46: 1731221091966879463 Open       /etc/ld.so.cache
2024/11/10 06:44:51 recorder.go:46: 1731221091967702897 Open       /etc/ld.so.cache
2024/11/10 06:44:51 recorder.go:46: 1731221091968368813 Open       /etc/ld.so.cache
2024/11/10 06:44:51 recorder.go:46: 1731221091969051421 Open       /etc/ld.so.cache
2024/11/10 06:44:51 recorder.go:46: 1731221091969759537 Open       /etc/ld.so.cache
2024/11/10 06:44:51 recorder.go:46: 1731221091970455841 Open       /etc/ld.so.cache
2024/11/10 06:44:51 recorder.go:46: 1731221091971149801 Open       /etc/ld.so.cache
2024/11/10 06:44:51 recorder.go:46: 1731221091984210845 Lookup     /opt/lammps/examples/reaxff/HNS/in.reaxff.hns
2024/11/10 06:44:51 recorder.go:46: 1731221091984293401 Open       /opt/lammps/examples/reaxff/HNS/in.reaxff.hns
2024/11/10 06:44:51 recorder.go:46: 1731221091990401887 Lookup     /opt/lammps/examples/reaxff/HNS/data.hns-equil
2024/11/10 06:44:51 recorder.go:46: 1731221091990527725 Open       /opt/lammps/examples/reaxff/HNS/data.hns-equil
2024/11/10 06:44:51 recorder.go:46: 1731221091990762427 Open       /opt/lammps/examples/reaxff/HNS/data.hns-equil
2024/11/10 06:44:51 recorder.go:46: 1731221091995694494 Lookup     /opt/lammps/examples/reaxff/HNS/ffield.reax.hns
2024/11/10 06:44:51 recorder.go:46: 1731221091995767532 Open       /opt/lammps/examples/reaxff/HNS/ffield.reax.hns
2024/11/10 06:44:51 recorder.go:46: 1731221091995903278 Open       /opt/lammps/examples/reaxff/HNS/ffield.reax.hns
2024/11/10 06:44:51 recorder.go:46: 1731221091996221498 Open       /opt/lammps/examples/reaxff/HNS/ffield.reax.hns
2024/11/10 06:44:51 recorder.go:46: 1731221091996378104 Open       /opt/lammps/examples/reaxff/HNS/ffield.reax.hns
2024/11/10 06:58:36 recorder.go:46: 1731221916742481624 Lookup     /etc
2024/11/10 06:58:36 recorder.go:46: 1731221916742640284 Lookup     /etc/host.conf
2024/11/10 06:58:36 recorder.go:46: 1731221916742730645 Lookup     /etc/hosts
2024/11/10 06:58:36 recorder.go:46: 1731221916742773095 Lookup     /etc/nsswitch.conf
2024/11/10 06:58:36 recorder.go:46: 1731221916742811798 Lookup     /etc/resolv.conf
2024/11/10 06:58:36 recorder.go:46: 1731221916742846504 Lookup     /dev
2024/11/10 06:58:36 recorder.go:46: 1731221916742880338 Lookup     /sys
2024/11/10 06:58:36 recorder.go:46: 1731221916742910996 Lookup     /proc
2024/11/10 06:58:36 recorder.go:46: 1731221916742949719 Lookup     /tmp
2024/11/10 06:58:36 recorder.go:46: 1731221916742979555 Lookup     /root
2024/11/10 06:58:36 recorder.go:46: 1731221916743040010 Lookup     /opt
2024/11/10 06:58:36 recorder.go:46: 1731221916743070968 Lookup     /opt/lammps
2024/11/10 06:58:36 recorder.go:46: 1731221916743102358 Lookup     /opt/lammps/examples
2024/11/10 06:58:36 recorder.go:46: 1731221916743137795 Lookup     /opt/lammps/examples/reaxff
2024/11/10 06:58:36 recorder.go:46: 1731221916743177800 Lookup     /opt/lammps/examples/reaxff/HNS
2024/11/10 06:58:36 recorder.go:46: 1731221916743303017 Lookup     /usr
2024/11/10 06:58:36 recorder.go:46: 1731221916743329086 Lookup     /usr/local
2024/11/10 06:58:36 recorder.go:46: 1731221916743350296 Lookup     /usr/local/sbin
2024/11/10 06:58:36 recorder.go:46: 1731221916743431229 Lookup     /usr/local/bin
2024/11/10 06:58:36 recorder.go:46: 1731221916743508997 Lookup     /usr/sbin
2024/11/10 06:58:36 recorder.go:46: 1731221916743597634 Lookup     /usr/bin
2024/11/10 06:58:36 recorder.go:46: 1731221916743652177 Lookup     /usr/bin/lmp
2024/11/10 06:58:36 recorder.go:46: 1731221916744132195 Open       /usr/bin/lmp
2024/11/10 06:58:36 recorder.go:46: 1731221916744250298 Open       /usr/bin/lmp
2024/11/10 06:58:36 recorder.go:46: 1731221916744316944 Lookup     /lib64
2024/11/10 06:58:36 recorder.go:46: 1731221916744364534 Lookup     /usr/lib64
2024/11/10 06:58:36 recorder.go:46: 1731221916744475013 Lookup     /usr/lib64/ld-linux-x86-64.so.2
2024/11/10 06:58:36 recorder.go:46: 1731221916744585672 Lookup     /lib
2024/11/10 06:58:36 recorder.go:46: 1731221916744627822 Lookup     /usr/lib
2024/11/10 06:58:36 recorder.go:46: 1731221916744724986 Lookup     /usr/lib/x86_64-linux-gnu
2024/11/10 06:58:36 recorder.go:46: 1731221916744757587 Lookup     /usr/lib/x86_64-linux-gnu/ld-linux-x86-64.so.2
2024/11/10 06:58:36 recorder.go:46: 1731221916744857777 Open       /usr/lib/x86_64-linux-gnu/ld-linux-x86-64.so.2
2024/11/10 06:58:36 recorder.go:46: 1731221916745607164 Open       /usr/bin/lmp
2024/11/10 06:58:36 recorder.go:46: 1731221916746040554 Open       /usr/lib/x86_64-linux-gnu/ld-linux-x86-64.so.2
2024/11/10 06:58:36 recorder.go:46: 1731221916746710530 Lookup     /etc/ld.so.cache
2024/11/10 06:58:36 recorder.go:46: 1731221916746743513 Open       /etc/ld.so.cache
2024/11/10 06:58:36 recorder.go:46: 1731221916746990390 Lookup     /usr/lib/x86_64-linux-gnu/libgomp.so.1
2024/11/10 06:58:36 recorder.go:46: 1731221916747041737 Lookup     /usr/lib/x86_64-linux-gnu/libgomp.so.1.0.0
2024/11/10 06:58:36 recorder.go:46: 1731221916747118272 Open       /usr/lib/x86_64-linux-gnu/libgomp.so.1.0.0
2024/11/10 06:58:36 recorder.go:46: 1731221916747699581 Lookup     /usr/lib/x86_64-linux-gnu/libmpich.so.12
2024/11/10 06:58:36 recorder.go:46: 1731221916747758813 Lookup     /usr/lib/x86_64-linux-gnu/libmpich.so.12.2.0
2024/11/10 06:58:36 recorder.go:46: 1731221916747962277 Open       /usr/lib/x86_64-linux-gnu/libmpich.so.12.2.0
2024/11/10 06:58:36 recorder.go:46: 1731221916748370269 Lookup     /usr/lib/x86_64-linux-gnu/libstdc++.so.6
2024/11/10 06:58:36 recorder.go:46: 1731221916748405015 Lookup     /usr/lib/x86_64-linux-gnu/libstdc++.so.6.0.30
2024/11/10 06:58:36 recorder.go:46: 1731221916748463645 Open       /usr/lib/x86_64-linux-gnu/libstdc++.so.6.0.30
2024/11/10 06:58:36 recorder.go:46: 1731221916748886074 Lookup     /usr/lib/x86_64-linux-gnu/libm.so.6
2024/11/10 06:58:36 recorder.go:46: 1731221916748917734 Open       /usr/lib/x86_64-linux-gnu/libm.so.6
2024/11/10 06:58:36 recorder.go:46: 1731221916749280901 Lookup     /usr/lib/x86_64-linux-gnu/libgcc_s.so.1
2024/11/10 06:58:36 recorder.go:46: 1731221916749310687 Open       /usr/lib/x86_64-linux-gnu/libgcc_s.so.1
2024/11/10 06:58:36 recorder.go:46: 1731221916749601337 Lookup     /usr/lib/x86_64-linux-gnu/libc.so.6
2024/11/10 06:58:36 recorder.go:46: 1731221916749628959 Open       /usr/lib/x86_64-linux-gnu/libc.so.6
2024/11/10 06:58:36 recorder.go:46: 1731221916750164782 Lookup     /usr/lib/x86_64-linux-gnu/libhwloc.so.15
2024/11/10 06:58:36 recorder.go:46: 1731221916750198165 Lookup     /usr/lib/x86_64-linux-gnu/libhwloc.so.15.5.2
2024/11/10 06:58:36 recorder.go:46: 1731221916750255083 Open       /usr/lib/x86_64-linux-gnu/libhwloc.so.15.5.2
2024/11/10 06:58:36 recorder.go:46: 1731221916750641824 Lookup     /usr/lib/x86_64-linux-gnu/libfabric.so.1
2024/11/10 06:58:36 recorder.go:46: 1731221916750677201 Lookup     /usr/lib/x86_64-linux-gnu/libfabric.so.1.14.0
2024/11/10 06:58:36 recorder.go:46: 1731221916750743657 Open       /usr/lib/x86_64-linux-gnu/libfabric.so.1.14.0
2024/11/10 06:58:36 recorder.go:46: 1731221916751123926 Lookup     /usr/lib/x86_64-linux-gnu/libudev.so.1
2024/11/10 06:58:36 recorder.go:46: 1731221916751157860 Lookup     /usr/lib/x86_64-linux-gnu/libudev.so.1.7.2
2024/11/10 06:58:36 recorder.go:46: 1731221916751227021 Open       /usr/lib/x86_64-linux-gnu/libudev.so.1.7.2
2024/11/10 06:58:36 recorder.go:46: 1731221916751602100 Lookup     /usr/lib/x86_64-linux-gnu/librdmacm.so.1
2024/11/10 06:58:36 recorder.go:46: 1731221916751664698 Lookup     /usr/lib/x86_64-linux-gnu/librdmacm.so.1.3.39.0
2024/11/10 06:58:36 recorder.go:46: 1731221916751746042 Open       /usr/lib/x86_64-linux-gnu/librdmacm.so.1.3.39.0
2024/11/10 06:58:36 recorder.go:46: 1731221916752333914 Lookup     /usr/lib/x86_64-linux-gnu/libefa.so.1
2024/11/10 06:58:36 recorder.go:46: 1731221916752440035 Lookup     /usr/lib/x86_64-linux-gnu/libefa.so.1.1.39.0
2024/11/10 06:58:36 recorder.go:46: 1731221916752607561 Open       /usr/lib/x86_64-linux-gnu/libefa.so.1.1.39.0
2024/11/10 06:58:36 recorder.go:46: 1731221916753096726 Lookup     /usr/lib/x86_64-linux-gnu/libibverbs.so.1
2024/11/10 06:58:36 recorder.go:46: 1731221916753136602 Lookup     /usr/lib/x86_64-linux-gnu/libibverbs.so.1.14.39.0
2024/11/10 06:58:36 recorder.go:46: 1731221916753195503 Open       /usr/lib/x86_64-linux-gnu/libibverbs.so.1.14.39.0
2024/11/10 06:58:36 recorder.go:46: 1731221916753508255 Lookup     /usr/lib/x86_64-linux-gnu/libpsm_infinipath.so.1
2024/11/10 06:58:36 recorder.go:46: 1731221916753626578 Lookup     /etc/alternatives
2024/11/10 06:58:36 recorder.go:46: 1731221916753652387 Lookup     /etc/alternatives/libpsm_infinipath.so.1
2024/11/10 06:58:36 recorder.go:46: 1731221916753714234 Lookup     /usr/lib/libpsm1
2024/11/10 06:58:36 recorder.go:46: 1731221916753734412 Lookup     /usr/lib/libpsm1/libpsm_infinipath.so.1.16
2024/11/10 06:58:36 recorder.go:46: 1731221916753768547 Open       /usr/lib/libpsm1/libpsm_infinipath.so.1.16
2024/11/10 06:58:36 recorder.go:46: 1731221916754155038 Lookup     /usr/lib/x86_64-linux-gnu/libpsm2.so.2
2024/11/10 06:58:36 recorder.go:46: 1731221916754190335 Lookup     /usr/lib/x86_64-linux-gnu/libpsm2.so.2.2
2024/11/10 06:58:36 recorder.go:46: 1731221916754246391 Open       /usr/lib/x86_64-linux-gnu/libpsm2.so.2.2
2024/11/10 06:58:36 recorder.go:46: 1731221916754623784 Lookup     /usr/lib/x86_64-linux-gnu/libnl-3.so.200
2024/11/10 06:58:36 recorder.go:46: 1731221916754657197 Lookup     /usr/lib/x86_64-linux-gnu/libnl-3.so.200.26.0
2024/11/10 06:58:36 recorder.go:46: 1731221916754718523 Open       /usr/lib/x86_64-linux-gnu/libnl-3.so.200.26.0
2024/11/10 06:58:36 recorder.go:46: 1731221916755060520 Lookup     /usr/lib/x86_64-linux-gnu/libnl-route-3.so.200
2024/11/10 06:58:36 recorder.go:46: 1731221916755098111 Lookup     /usr/lib/x86_64-linux-gnu/libnl-route-3.so.200.26.0
2024/11/10 06:58:36 recorder.go:46: 1731221916755156552 Open       /usr/lib/x86_64-linux-gnu/libnl-route-3.so.200.26.0
2024/11/10 06:58:36 recorder.go:46: 1731221916755610400 Lookup     /usr/lib/x86_64-linux-gnu/libinfinipath.so.4
2024/11/10 06:58:36 recorder.go:46: 1731221916755651237 Lookup     /usr/lib/x86_64-linux-gnu/libinfinipath.so.4.0
2024/11/10 06:58:36 recorder.go:46: 1731221916755713925 Open       /usr/lib/x86_64-linux-gnu/libinfinipath.so.4.0
2024/11/10 06:58:36 recorder.go:46: 1731221916756043348 Lookup     /usr/lib/x86_64-linux-gnu/librt.so.1
2024/11/10 06:58:36 recorder.go:46: 1731221916756078385 Open       /usr/lib/x86_64-linux-gnu/librt.so.1
2024/11/10 06:58:36 recorder.go:46: 1731221916756357212 Lookup     /usr/lib/x86_64-linux-gnu/libpthread.so.0
2024/11/10 06:58:36 recorder.go:46: 1731221916756391367 Open       /usr/lib/x86_64-linux-gnu/libpthread.so.0
2024/11/10 06:58:36 recorder.go:46: 1731221916756636380 Lookup     /usr/lib/x86_64-linux-gnu/libdl.so.2
2024/11/10 06:58:36 recorder.go:46: 1731221916756663371 Open       /usr/lib/x86_64-linux-gnu/libdl.so.2
2024/11/10 06:58:36 recorder.go:46: 1731221916757020386 Lookup     /usr/lib/x86_64-linux-gnu/libuuid.so.1
2024/11/10 06:58:36 recorder.go:46: 1731221916757060482 Lookup     /usr/lib/x86_64-linux-gnu/libuuid.so.1.3.0
2024/11/10 06:58:36 recorder.go:46: 1731221916757152927 Open       /usr/lib/x86_64-linux-gnu/libuuid.so.1.3.0
2024/11/10 06:58:36 recorder.go:46: 1731221916757464676 Lookup     /usr/lib/x86_64-linux-gnu/libnuma.so.1
2024/11/10 06:58:36 recorder.go:46: 1731221916757503810 Lookup     /usr/lib/x86_64-linux-gnu/libnuma.so.1.0.0
2024/11/10 06:58:36 recorder.go:46: 1731221916757578602 Open       /usr/lib/x86_64-linux-gnu/libnuma.so.1.0.0
2024/11/10 06:58:36 recorder.go:46: 1731221916969588213 Lookup     /usr/lib/x86_64-linux-gnu/hwloc
2024/11/10 06:58:36 recorder.go:46: 1731221916969792500 Lookup     /usr/lib/x86_64-linux-gnu/hwloc/hwloc_opencl.so
2024/11/10 06:58:36 recorder.go:46: 1731221916969831163 Lookup     /usr/lib/x86_64-linux-gnu/hwloc/hwloc_xml_libxml.so
2024/11/10 06:58:36 recorder.go:46: 1731221916969842093 Lookup     /usr/lib/x86_64-linux-gnu/hwloc/hwloc_gl.so
2024/11/10 06:58:36 recorder.go:46: 1731221916969854126 Lookup     /usr/lib/x86_64-linux-gnu/hwloc/hwloc_pci.so
2024/11/10 06:58:36 recorder.go:46: 1731221916969992828 Open       /usr/lib/x86_64-linux-gnu/hwloc/hwloc_opencl.so
2024/11/10 06:58:36 recorder.go:46: 1731221916970280893 Open       /etc/ld.so.cache
2024/11/10 06:58:36 recorder.go:46: 1731221916970574027 Lookup     /usr/lib/x86_64-linux-gnu/libOpenCL.so.1
2024/11/10 06:58:36 recorder.go:46: 1731221916970641525 Lookup     /usr/lib/x86_64-linux-gnu/libOpenCL.so.1.0.0
2024/11/10 06:58:36 recorder.go:46: 1731221916970727387 Open       /usr/lib/x86_64-linux-gnu/libOpenCL.so.1.0.0
2024/11/10 06:58:36 recorder.go:46: 1731221916971431990 Open       /usr/lib/x86_64-linux-gnu/hwloc/hwloc_xml_libxml.so
2024/11/10 06:58:36 recorder.go:46: 1731221916971714774 Open       /etc/ld.so.cache
2024/11/10 06:58:36 recorder.go:46: 1731221916971939650 Lookup     /usr/lib/x86_64-linux-gnu/libxml2.so.2
2024/11/10 06:58:36 recorder.go:46: 1731221916971979455 Lookup     /usr/lib/x86_64-linux-gnu/libxml2.so.2.9.13
2024/11/10 06:58:36 recorder.go:46: 1731221916972041482 Open       /usr/lib/x86_64-linux-gnu/libxml2.so.2.9.13
2024/11/10 06:58:36 recorder.go:46: 1731221916972539153 Lookup     /usr/lib/x86_64-linux-gnu/libicuuc.so.70
2024/11/10 06:58:36 recorder.go:46: 1731221916972585120 Lookup     /usr/lib/x86_64-linux-gnu/libicuuc.so.70.1
2024/11/10 06:58:36 recorder.go:46: 1731221916972648230 Open       /usr/lib/x86_64-linux-gnu/libicuuc.so.70.1
2024/11/10 06:58:36 recorder.go:46: 1731221916973039890 Lookup     /usr/lib/x86_64-linux-gnu/libz.so.1
2024/11/10 06:58:36 recorder.go:46: 1731221916973075087 Lookup     /usr/lib/x86_64-linux-gnu/libz.so.1.2.11
2024/11/10 06:58:36 recorder.go:46: 1731221916973136102 Open       /usr/lib/x86_64-linux-gnu/libz.so.1.2.11
2024/11/10 06:58:36 recorder.go:46: 1731221916973450026 Lookup     /usr/lib/x86_64-linux-gnu/liblzma.so.5
2024/11/10 06:58:36 recorder.go:46: 1731221916973486695 Lookup     /usr/lib/x86_64-linux-gnu/liblzma.so.5.2.5
2024/11/10 06:58:36 recorder.go:46: 1731221916973550786 Open       /usr/lib/x86_64-linux-gnu/liblzma.so.5.2.5
2024/11/10 06:58:36 recorder.go:46: 1731221916973871142 Lookup     /usr/lib/x86_64-linux-gnu/libicudata.so.70
2024/11/10 06:58:36 recorder.go:46: 1731221916973914424 Lookup     /usr/lib/x86_64-linux-gnu/libicudata.so.70.1
2024/11/10 06:58:36 recorder.go:46: 1731221916973970029 Open       /usr/lib/x86_64-linux-gnu/libicudata.so.70.1
2024/11/10 06:58:36 recorder.go:46: 1731221916975423127 Open       /usr/lib/x86_64-linux-gnu/hwloc/hwloc_gl.so
2024/11/10 06:58:36 recorder.go:46: 1731221916975813255 Open       /etc/ld.so.cache
2024/11/10 06:58:36 recorder.go:46: 1731221916976138189 Lookup     /usr/lib/x86_64-linux-gnu/libXNVCtrl.so.0
2024/11/10 06:58:36 recorder.go:46: 1731221916976187292 Lookup     /usr/lib/x86_64-linux-gnu/libXNVCtrl.so.0.0.0
2024/11/10 06:58:36 recorder.go:46: 1731221916976264147 Open       /usr/lib/x86_64-linux-gnu/libXNVCtrl.so.0.0.0
2024/11/10 06:58:36 recorder.go:46: 1731221916976718025 Lookup     /usr/lib/x86_64-linux-gnu/libX11.so.6
2024/11/10 06:58:36 recorder.go:46: 1731221916976776356 Lookup     /usr/lib/x86_64-linux-gnu/libX11.so.6.4.0
2024/11/10 06:58:36 recorder.go:46: 1731221916976845577 Open       /usr/lib/x86_64-linux-gnu/libX11.so.6.4.0
2024/11/10 06:58:36 recorder.go:46: 1731221916977497670 Lookup     /usr/lib/x86_64-linux-gnu/libXext.so.6
2024/11/10 06:58:36 recorder.go:46: 1731221916977574745 Lookup     /usr/lib/x86_64-linux-gnu/libXext.so.6.4.0
2024/11/10 06:58:36 recorder.go:46: 1731221916977674835 Open       /usr/lib/x86_64-linux-gnu/libXext.so.6.4.0
2024/11/10 06:58:36 recorder.go:46: 1731221916978042039 Lookup     /usr/lib/x86_64-linux-gnu/libxcb.so.1
2024/11/10 06:58:36 recorder.go:46: 1731221916978083267 Lookup     /usr/lib/x86_64-linux-gnu/libxcb.so.1.1.0
2024/11/10 06:58:36 recorder.go:46: 1731221916978143461 Open       /usr/lib/x86_64-linux-gnu/libxcb.so.1.1.0
2024/11/10 06:58:36 recorder.go:46: 1731221916978612628 Lookup     /usr/lib/x86_64-linux-gnu/libXau.so.6
2024/11/10 06:58:36 recorder.go:46: 1731221916978654147 Lookup     /usr/lib/x86_64-linux-gnu/libXau.so.6.0.0
2024/11/10 06:58:36 recorder.go:46: 1731221916978718178 Open       /usr/lib/x86_64-linux-gnu/libXau.so.6.0.0
2024/11/10 06:58:36 recorder.go:46: 1731221916979010601 Lookup     /usr/lib/x86_64-linux-gnu/libXdmcp.so.6
2024/11/10 06:58:36 recorder.go:46: 1731221916979044224 Lookup     /usr/lib/x86_64-linux-gnu/libXdmcp.so.6.0.0
2024/11/10 06:58:36 recorder.go:46: 1731221916979112573 Open       /usr/lib/x86_64-linux-gnu/libXdmcp.so.6.0.0
2024/11/10 06:58:36 recorder.go:46: 1731221916979395218 Lookup     /usr/lib/x86_64-linux-gnu/libbsd.so.0
2024/11/10 06:58:36 recorder.go:46: 1731221916979441125 Lookup     /usr/lib/x86_64-linux-gnu/libbsd.so.0.11.5
2024/11/10 06:58:36 recorder.go:46: 1731221916979519904 Open       /usr/lib/x86_64-linux-gnu/libbsd.so.0.11.5
2024/11/10 06:58:36 recorder.go:46: 1731221916979859486 Lookup     /usr/lib/x86_64-linux-gnu/libmd.so.0
2024/11/10 06:58:36 recorder.go:46: 1731221916979893300 Lookup     /usr/lib/x86_64-linux-gnu/libmd.so.0.0.5
2024/11/10 06:58:36 recorder.go:46: 1731221916979960427 Open       /usr/lib/x86_64-linux-gnu/libmd.so.0.0.5
2024/11/10 06:58:36 recorder.go:46: 1731221916980737877 Open       /usr/lib/x86_64-linux-gnu/hwloc/hwloc_pci.so
2024/11/10 06:58:36 recorder.go:46: 1731221916980974875 Open       /etc/ld.so.cache
2024/11/10 06:58:36 recorder.go:46: 1731221916981165846 Lookup     /usr/lib/x86_64-linux-gnu/libpciaccess.so.0
2024/11/10 06:58:36 recorder.go:46: 1731221916981343452 Lookup     /usr/lib/x86_64-linux-gnu/libpciaccess.so.0.11.1
2024/11/10 06:58:36 recorder.go:46: 1731221916981581993 Open       /usr/lib/x86_64-linux-gnu/libpciaccess.so.0.11.1
2024/11/10 06:58:37 recorder.go:46: 1731221917295423976 Lookup     /run
2024/11/10 06:58:37 recorder.go:46: 1731221917301576981 Lookup     /var
2024/11/10 06:58:37 recorder.go:46: 1731221917301640942 Lookup     /var/run
2024/11/10 06:58:37 recorder.go:46: 1731221917302721806 Lookup     /etc/gai.conf
2024/11/10 06:58:37 recorder.go:46: 1731221917302763214 Open       /etc/gai.conf
2024/11/10 06:58:37 recorder.go:46: 1731221917311392081 Lookup     /usr/share
2024/11/10 06:58:37 recorder.go:46: 1731221917311527237 Lookup     /usr/share/misc
2024/11/10 06:58:37 recorder.go:46: 1731221917328407918 Open       /etc/ld.so.cache
2024/11/10 06:58:37 recorder.go:46: 1731221917336919382 Open       /etc/ld.so.cache
2024/11/10 06:58:37 recorder.go:46: 1731221917337618705 Open       /etc/ld.so.cache
2024/11/10 06:58:37 recorder.go:46: 1731221917338188011 Open       /etc/ld.so.cache
2024/11/10 06:58:37 recorder.go:46: 1731221917338731239 Open       /etc/ld.so.cache
2024/11/10 06:58:37 recorder.go:46: 1731221917339346722 Open       /etc/ld.so.cache
2024/11/10 06:58:37 recorder.go:46: 1731221917339897684 Open       /etc/ld.so.cache
2024/11/10 06:58:37 recorder.go:46: 1731221917340407128 Open       /etc/ld.so.cache
2024/11/10 06:58:37 recorder.go:46: 1731221917340954473 Open       /etc/ld.so.cache
2024/11/10 06:58:37 recorder.go:46: 1731221917341503190 Open       /etc/ld.so.cache
2024/11/10 06:58:37 recorder.go:46: 1731221917342177816 Open       /etc/ld.so.cache
2024/11/10 06:58:37 recorder.go:46: 1731221917343128514 Open       /etc/ld.so.cache
2024/11/10 06:58:37 recorder.go:46: 1731221917343727396 Open       /etc/ld.so.cache
2024/11/10 06:58:37 recorder.go:46: 1731221917344269952 Open       /etc/ld.so.cache
2024/11/10 06:58:37 recorder.go:46: 1731221917345018037 Open       /etc/ld.so.cache
2024/11/10 06:58:37 recorder.go:46: 1731221917345618492 Open       /etc/ld.so.cache
2024/11/10 06:58:37 recorder.go:46: 1731221917346137413 Open       /etc/ld.so.cache
2024/11/10 06:58:37 recorder.go:46: 1731221917355856562 Lookup     /opt/lammps/examples/reaxff/HNS/in.reaxff.hns
2024/11/10 06:58:37 recorder.go:46: 1731221917355939068 Open       /opt/lammps/examples/reaxff/HNS/in.reaxff.hns
2024/11/10 06:58:37 recorder.go:46: 1731221917358059187 Lookup     /opt/lammps/examples/reaxff/HNS/data.hns-equil
2024/11/10 06:58:37 recorder.go:46: 1731221917358121555 Open       /opt/lammps/examples/reaxff/HNS/data.hns-equil
2024/11/10 06:58:37 recorder.go:46: 1731221917358283912 Open       /opt/lammps/examples/reaxff/HNS/data.hns-equil
2024/11/10 06:58:37 recorder.go:46: 1731221917362870986 Lookup     /opt/lammps/examples/reaxff/HNS/ffield.reax.hns
2024/11/10 06:58:37 recorder.go:46: 1731221917362933544 Open       /opt/lammps/examples/reaxff/HNS/ffield.reax.hns
2024/11/10 06:58:37 recorder.go:46: 1731221917363049494 Open       /opt/lammps/examples/reaxff/HNS/ffield.reax.hns
2024/11/10 06:58:37 recorder.go:46: 1731221917363208234 Open       /opt/lammps/examples/reaxff/HNS/ffield.reax.hns
2024/11/10 06:58:37 recorder.go:46: 1731221917363373917 Open       /opt/lammps/examples/reaxff/HNS/ffield.reax.hns
