2024/11/10 06:53:13 recorder.go:46: 1731221593678677532 Lookup     /etc
2024/11/10 06:53:13 recorder.go:46: 1731221593678837104 Lookup     /etc/host.conf
2024/11/10 06:53:13 recorder.go:46: 1731221593678936872 Lookup     /etc/hosts
2024/11/10 06:53:13 recorder.go:46: 1731221593679016022 Lookup     /etc/nsswitch.conf
2024/11/10 06:53:13 recorder.go:46: 1731221593679050878 Lookup     /etc/resolv.conf
2024/11/10 06:53:13 recorder.go:46: 1731221593679082848 Lookup     /dev
2024/11/10 06:53:13 recorder.go:46: 1731221593679110390 Lookup     /sys
2024/11/10 06:53:13 recorder.go:46: 1731221593679131209 Lookup     /proc
2024/11/10 06:53:13 recorder.go:46: 1731221593679158731 Lookup     /tmp
2024/11/10 06:53:13 recorder.go:46: 1731221593679177527 Lookup     /root
2024/11/10 06:53:13 recorder.go:46: 1731221593679228543 Lookup     /opt
2024/11/10 06:53:13 recorder.go:46: 1731221593679279600 Lookup     /opt/lammps
2024/11/10 06:53:13 recorder.go:46: 1731221593679302112 Lookup     /opt/lammps/examples
2024/11/10 06:53:13 recorder.go:46: 1731221593679325887 Lookup     /opt/lammps/examples/reax
2024/11/10 06:53:13 recorder.go:46: 1731221593679350474 Lookup     /opt/lammps/examples/reax/HNS
2024/11/10 06:53:13 recorder.go:46: 1731221593679478756 Lookup     /usr
2024/11/10 06:53:13 recorder.go:46: 1731221593679513602 Lookup     /usr/local
2024/11/10 06:53:13 recorder.go:46: 1731221593679538169 Lookup     /usr/local/sbin
2024/11/10 06:53:13 recorder.go:46: 1731221593679618200 Lookup     /usr/local/bin
2024/11/10 06:53:13 recorder.go:46: 1731221593679689635 Lookup     /usr/sbin
2024/11/10 06:53:13 recorder.go:46: 1731221593679774405 Lookup     /usr/bin
2024/11/10 06:53:13 recorder.go:46: 1731221593679825291 Lookup     /usr/bin/lmp
2024/11/10 06:53:13 recorder.go:46: 1731221593680126972 Open       /usr/bin/lmp
2024/11/10 06:53:13 recorder.go:46: 1731221593680710084 Open       /usr/bin/lmp
2024/11/10 06:53:13 recorder.go:46: 1731221593680823408 Lookup     /lib64
2024/11/10 06:53:13 recorder.go:46: 1731221593680895955 Lookup     /usr/lib64
2024/11/10 06:53:13 recorder.go:46: 1731221593681018587 Lookup     /usr/lib64/ld-linux-x86-64.so.2
2024/11/10 06:53:13 recorder.go:46: 1731221593681111062 Lookup     /lib
2024/11/10 06:53:13 recorder.go:46: 1731221593681161337 Lookup     /usr/lib
2024/11/10 06:53:13 recorder.go:46: 1731221593681261917 Lookup     /usr/lib/x86_64-linux-gnu
2024/11/10 06:53:13 recorder.go:46: 1731221593681300760 Lookup     /usr/lib/x86_64-linux-gnu/ld-linux-x86-64.so.2
2024/11/10 06:53:13 recorder.go:46: 1731221593681407672 Open       /usr/lib/x86_64-linux-gnu/ld-linux-x86-64.so.2
2024/11/10 06:53:13 recorder.go:46: 1731221593682255505 Open       /usr/bin/lmp
2024/11/10 06:53:13 recorder.go:46: 1731221593683254082 Open       /usr/lib/x86_64-linux-gnu/ld-linux-x86-64.so.2
2024/11/10 06:53:13 recorder.go:46: 1731221593684499636 Lookup     /etc/ld.so.cache
2024/11/10 06:53:13 recorder.go:46: 1731221593684553428 Open       /etc/ld.so.cache
2024/11/10 06:53:13 recorder.go:46: 1731221593684757554 Lookup     /usr/lib/x86_64-linux-gnu/libgomp.so.1
2024/11/10 06:53:13 recorder.go:46: 1731221593684801226 Lookup     /usr/lib/x86_64-linux-gnu/libgomp.so.1.0.0
2024/11/10 06:53:13 recorder.go:46: 1731221593684859236 Open       /usr/lib/x86_64-linux-gnu/libgomp.so.1.0.0
2024/11/10 06:53:13 recorder.go:46: 1731221593685484948 Lookup     /usr/lib/x86_64-linux-gnu/libmpich.so.12
2024/11/10 06:53:13 recorder.go:46: 1731221593685547857 Lookup     /usr/lib/x86_64-linux-gnu/libmpich.so.12.2.0
2024/11/10 06:53:13 recorder.go:46: 1731221593685637797 Open       /usr/lib/x86_64-linux-gnu/libmpich.so.12.2.0
2024/11/10 06:53:13 recorder.go:46: 1731221593686240637 Lookup     /usr/lib/x86_64-linux-gnu/libstdc++.so.6
2024/11/10 06:53:13 recorder.go:46: 1731221593686290341 Lookup     /usr/lib/x86_64-linux-gnu/libstdc++.so.6.0.30
2024/11/10 06:53:13 recorder.go:46: 1731221593686379249 Open       /usr/lib/x86_64-linux-gnu/libstdc++.so.6.0.30
2024/11/10 06:53:13 recorder.go:46: 1731221593686951571 Lookup     /usr/lib/x86_64-linux-gnu/libm.so.6
2024/11/10 06:53:13 recorder.go:46: 1731221593686983511 Open       /usr/lib/x86_64-linux-gnu/libm.so.6
2024/11/10 06:53:13 recorder.go:46: 1731221593687364671 Lookup     /usr/lib/x86_64-linux-gnu/libgcc_s.so.1
2024/11/10 06:53:13 recorder.go:46: 1731221593687398836 Open       /usr/lib/x86_64-linux-gnu/libgcc_s.so.1
2024/11/10 06:53:13 recorder.go:46: 1731221593687738117 Lookup     /usr/lib/x86_64-linux-gnu/libc.so.6
2024/11/10 06:53:13 recorder.go:46: 1731221593687773935 Open       /usr/lib/x86_64-linux-gnu/libc.so.6
2024/11/10 06:53:13 recorder.go:46: 1731221593688365142 Lookup     /usr/lib/x86_64-linux-gnu/libhwloc.so.15
2024/11/10 06:53:13 recorder.go:46: 1731221593688419154 Lookup     /usr/lib/x86_64-linux-gnu/libhwloc.so.15.5.2
2024/11/10 06:53:13 recorder.go:46: 1731221593688485770 Open       /usr/lib/x86_64-linux-gnu/libhwloc.so.15.5.2
2024/11/10 06:53:13 recorder.go:46: 1731221593688954145 Lookup     /usr/lib/x86_64-linux-gnu/libfabric.so.1
2024/11/10 06:53:13 recorder.go:46: 1731221593689015301 Lookup     /usr/lib/x86_64-linux-gnu/libfabric.so.1.14.0
2024/11/10 06:53:13 recorder.go:46: 1731221593689113988 Open       /usr/lib/x86_64-linux-gnu/libfabric.so.1.14.0
2024/11/10 06:53:13 recorder.go:46: 1731221593689668836 Lookup     /usr/lib/x86_64-linux-gnu/libudev.so.1
2024/11/10 06:53:13 recorder.go:46: 1731221593689717628 Lookup     /usr/lib/x86_64-linux-gnu/libudev.so.1.7.2
2024/11/10 06:53:13 recorder.go:46: 1731221593689788162 Open       /usr/lib/x86_64-linux-gnu/libudev.so.1.7.2
2024/11/10 06:53:13 recorder.go:46: 1731221593690123966 Lookup     /usr/lib/x86_64-linux-gnu/librdmacm.so.1
2024/11/10 06:53:13 recorder.go:46: 1731221593690163541 Lookup     /usr/lib/x86_64-linux-gnu/librdmacm.so.1.3.39.0
2024/11/10 06:53:13 recorder.go:46: 1731221593690231880 Open       /usr/lib/x86_64-linux-gnu/librdmacm.so.1.3.39.0
2024/11/10 06:53:13 recorder.go:46: 1731221593690624813 Lookup     /usr/lib/x86_64-linux-gnu/libefa.so.1
2024/11/10 06:53:13 recorder.go:46: 1731221593690693814 Lookup     /usr/lib/x86_64-linux-gnu/libefa.so.1.1.39.0
2024/11/10 06:53:13 recorder.go:46: 1731221593690772462 Open       /usr/lib/x86_64-linux-gnu/libefa.so.1.1.39.0
2024/11/10 06:53:13 recorder.go:46: 1731221593691157740 Lookup     /usr/lib/x86_64-linux-gnu/libibverbs.so.1
2024/11/10 06:53:13 recorder.go:46: 1731221593691204639 Lookup     /usr/lib/x86_64-linux-gnu/libibverbs.so.1.14.39.0
2024/11/10 06:53:13 recorder.go:46: 1731221593691270363 Open       /usr/lib/x86_64-linux-gnu/libibverbs.so.1.14.39.0
2024/11/10 06:53:13 recorder.go:46: 1731221593691641545 Lookup     /usr/lib/x86_64-linux-gnu/libpsm_infinipath.so.1
2024/11/10 06:53:13 recorder.go:46: 1731221593691760049 Lookup     /etc/alternatives
2024/11/10 06:53:13 recorder.go:46: 1731221593691789404 Lookup     /etc/alternatives/libpsm_infinipath.so.1
2024/11/10 06:53:13 recorder.go:46: 1731221593691856371 Lookup     /usr/lib/libpsm1
2024/11/10 06:53:13 recorder.go:46: 1731221593691879785 Lookup     /usr/lib/libpsm1/libpsm_infinipath.so.1.16
2024/11/10 06:53:13 recorder.go:46: 1731221593691915332 Open       /usr/lib/libpsm1/libpsm_infinipath.so.1.16
2024/11/10 06:53:13 recorder.go:46: 1731221593692918438 Lookup     /usr/lib/x86_64-linux-gnu/libpsm2.so.2
2024/11/10 06:53:13 recorder.go:46: 1731221593692985836 Lookup     /usr/lib/x86_64-linux-gnu/libpsm2.so.2.2
2024/11/10 06:53:13 recorder.go:46: 1731221593693073762 Open       /usr/lib/x86_64-linux-gnu/libpsm2.so.2.2
2024/11/10 06:53:13 recorder.go:46: 1731221593693458539 Lookup     /usr/lib/x86_64-linux-gnu/libnl-3.so.200
2024/11/10 06:53:13 recorder.go:46: 1731221593693515357 Lookup     /usr/lib/x86_64-linux-gnu/libnl-3.so.200.26.0
2024/11/10 06:53:13 recorder.go:46: 1731221593693595849 Open       /usr/lib/x86_64-linux-gnu/libnl-3.so.200.26.0
2024/11/10 06:53:13 recorder.go:46: 1731221593694024739 Lookup     /usr/lib/x86_64-linux-gnu/libnl-route-3.so.200
2024/11/10 06:53:13 recorder.go:46: 1731221593694074493 Lookup     /usr/lib/x86_64-linux-gnu/libnl-route-3.so.200.26.0
2024/11/10 06:53:13 recorder.go:46: 1731221593694139226 Open       /usr/lib/x86_64-linux-gnu/libnl-route-3.so.200.26.0
2024/11/10 06:53:13 recorder.go:46: 1731221593695056189 Lookup     /usr/lib/x86_64-linux-gnu/libinfinipath.so.4
2024/11/10 06:53:13 recorder.go:46: 1731221593695109329 Lookup     /usr/lib/x86_64-linux-gnu/libinfinipath.so.4.0
2024/11/10 06:53:13 recorder.go:46: 1731221593695168581 Open       /usr/lib/x86_64-linux-gnu/libinfinipath.so.4.0
2024/11/10 06:53:13 recorder.go:46: 1731221593695565862 Lookup     /usr/lib/x86_64-linux-gnu/librt.so.1
2024/11/10 06:53:13 recorder.go:46: 1731221593695617259 Open       /usr/lib/x86_64-linux-gnu/librt.so.1
2024/11/10 06:53:13 recorder.go:46: 1731221593695915723 Lookup     /usr/lib/x86_64-linux-gnu/libpthread.so.0
2024/11/10 06:53:13 recorder.go:46: 1731221593695942273 Open       /usr/lib/x86_64-linux-gnu/libpthread.so.0
2024/11/10 06:53:13 recorder.go:46: 1731221593696198307 Lookup     /usr/lib/x86_64-linux-gnu/libdl.so.2
2024/11/10 06:53:13 recorder.go:46: 1731221593696230278 Open       /usr/lib/x86_64-linux-gnu/libdl.so.2
2024/11/10 06:53:13 recorder.go:46: 1731221593696535234 Lookup     /usr/lib/x86_64-linux-gnu/libuuid.so.1
2024/11/10 06:53:13 recorder.go:46: 1731221593696581161 Lookup     /usr/lib/x86_64-linux-gnu/libuuid.so.1.3.0
2024/11/10 06:53:13 recorder.go:46: 1731221593696648037 Open       /usr/lib/x86_64-linux-gnu/libuuid.so.1.3.0
2024/11/10 06:53:13 recorder.go:46: 1731221593696938196 Lookup     /usr/lib/x86_64-linux-gnu/libnuma.so.1
2024/11/10 06:53:13 recorder.go:46: 1731221593696977650 Lookup     /usr/lib/x86_64-linux-gnu/libnuma.so.1.0.0
2024/11/10 06:53:13 recorder.go:46: 1731221593697052752 Open       /usr/lib/x86_64-linux-gnu/libnuma.so.1.0.0
2024/11/10 06:53:13 recorder.go:46: 1731221593926009246 Lookup     /usr/lib/x86_64-linux-gnu/hwloc
2024/11/10 06:53:13 recorder.go:46: 1731221593926394644 Lookup     /usr/lib/x86_64-linux-gnu/hwloc/hwloc_opencl.so
2024/11/10 06:53:13 recorder.go:46: 1731221593926437145 Lookup     /usr/lib/x86_64-linux-gnu/hwloc/hwloc_xml_libxml.so
2024/11/10 06:53:13 recorder.go:46: 1731221593926461711 Lookup     /usr/lib/x86_64-linux-gnu/hwloc/hwloc_gl.so
2024/11/10 06:53:13 recorder.go:46: 1731221593926487099 Lookup     /usr/lib/x86_64-linux-gnu/hwloc/hwloc_pci.so
2024/11/10 06:53:13 recorder.go:46: 1731221593926657511 Open       /usr/lib/x86_64-linux-gnu/hwloc/hwloc_opencl.so
2024/11/10 06:53:13 recorder.go:46: 1731221593927256343 Open       /etc/ld.so.cache
2024/11/10 06:53:13 recorder.go:46: 1731221593927604130 Lookup     /usr/lib/x86_64-linux-gnu/libOpenCL.so.1
2024/11/10 06:53:13 recorder.go:46: 1731221593927666268 Lookup     /usr/lib/x86_64-linux-gnu/libOpenCL.so.1.0.0
2024/11/10 06:53:13 recorder.go:46: 1731221593927768942 Open       /usr/lib/x86_64-linux-gnu/libOpenCL.so.1.0.0
2024/11/10 06:53:13 recorder.go:46: 1731221593928426284 Open       /usr/lib/x86_64-linux-gnu/hwloc/hwloc_xml_libxml.so
2024/11/10 06:53:13 recorder.go:46: 1731221593928801403 Open       /etc/ld.so.cache
2024/11/10 06:53:13 recorder.go:46: 1731221593928997103 Lookup     /usr/lib/x86_64-linux-gnu/libxml2.so.2
2024/11/10 06:53:13 recorder.go:46: 1731221593929038111 Lookup     /usr/lib/x86_64-linux-gnu/libxml2.so.2.9.13
2024/11/10 06:53:13 recorder.go:46: 1731221593929104967 Open       /usr/lib/x86_64-linux-gnu/libxml2.so.2.9.13
2024/11/10 06:53:13 recorder.go:46: 1731221593929764494 Lookup     /usr/lib/x86_64-linux-gnu/libicuuc.so.70
2024/11/10 06:53:13 recorder.go:46: 1731221593929816442 Lookup     /usr/lib/x86_64-linux-gnu/libicuuc.so.70.1
2024/11/10 06:53:13 recorder.go:46: 1731221593929883759 Open       /usr/lib/x86_64-linux-gnu/libicuuc.so.70.1
2024/11/10 06:53:13 recorder.go:46: 1731221593930396558 Lookup     /usr/lib/x86_64-linux-gnu/libz.so.1
2024/11/10 06:53:13 recorder.go:46: 1731221593930447034 Lookup     /usr/lib/x86_64-linux-gnu/libz.so.1.2.11
2024/11/10 06:53:13 recorder.go:46: 1731221593930519611 Open       /usr/lib/x86_64-linux-gnu/libz.so.1.2.11
2024/11/10 06:53:13 recorder.go:46: 1731221593930872167 Lookup     /usr/lib/x86_64-linux-gnu/liblzma.so.5
2024/11/10 06:53:13 recorder.go:46: 1731221593930951848 Lookup     /usr/lib/x86_64-linux-gnu/liblzma.so.5.2.5
2024/11/10 06:53:13 recorder.go:46: 1731221593931029414 Open       /usr/lib/x86_64-linux-gnu/liblzma.so.5.2.5
2024/11/10 06:53:13 recorder.go:46: 1731221593931417839 Lookup     /usr/lib/x86_64-linux-gnu/libicudata.so.70
2024/11/10 06:53:13 recorder.go:46: 1731221593931455820 Lookup     /usr/lib/x86_64-linux-gnu/libicudata.so.70.1
2024/11/10 06:53:13 recorder.go:46: 1731221593931582029 Open       /usr/lib/x86_64-linux-gnu/libicudata.so.70.1
2024/11/10 06:53:13 recorder.go:46: 1731221593933372062 Open       /usr/lib/x86_64-linux-gnu/hwloc/hwloc_gl.so
2024/11/10 06:53:13 recorder.go:46: 1731221593933665196 Open       /etc/ld.so.cache
2024/11/10 06:53:13 recorder.go:46: 1731221593933885863 Lookup     /usr/lib/x86_64-linux-gnu/libXNVCtrl.so.0
2024/11/10 06:53:13 recorder.go:46: 1731221593933935547 Lookup     /usr/lib/x86_64-linux-gnu/libXNVCtrl.so.0.0.0
2024/11/10 06:53:13 recorder.go:46: 1731221593934003255 Open       /usr/lib/x86_64-linux-gnu/libXNVCtrl.so.0.0.0
2024/11/10 06:53:13 recorder.go:46: 1731221593934308382 Lookup     /usr/lib/x86_64-linux-gnu/libX11.so.6
2024/11/10 06:53:13 recorder.go:46: 1731221593934361763 Lookup     /usr/lib/x86_64-linux-gnu/libX11.so.6.4.0
2024/11/10 06:53:13 recorder.go:46: 1731221593934431535 Open       /usr/lib/x86_64-linux-gnu/libX11.so.6.4.0
2024/11/10 06:53:13 recorder.go:46: 1731221593934926711 Lookup     /usr/lib/x86_64-linux-gnu/libXext.so.6
2024/11/10 06:53:13 recorder.go:46: 1731221593934979651 Lookup     /usr/lib/x86_64-linux-gnu/libXext.so.6.4.0
2024/11/10 06:53:13 recorder.go:46: 1731221593935064080 Open       /usr/lib/x86_64-linux-gnu/libXext.so.6.4.0
2024/11/10 06:53:13 recorder.go:46: 1731221593935435132 Lookup     /usr/lib/x86_64-linux-gnu/libxcb.so.1
2024/11/10 06:53:13 recorder.go:46: 1731221593935499784 Lookup     /usr/lib/x86_64-linux-gnu/libxcb.so.1.1.0
2024/11/10 06:53:13 recorder.go:46: 1731221593935576739 Open       /usr/lib/x86_64-linux-gnu/libxcb.so.1.1.0
2024/11/10 06:53:13 recorder.go:46: 1731221593935999609 Lookup     /usr/lib/x86_64-linux-gnu/libXau.so.6
2024/11/10 06:53:13 recorder.go:46: 1731221593936062347 Lookup     /usr/lib/x86_64-linux-gnu/libXau.so.6.0.0
2024/11/10 06:53:13 recorder.go:46: 1731221593936138691 Open       /usr/lib/x86_64-linux-gnu/libXau.so.6.0.0
2024/11/10 06:53:13 recorder.go:46: 1731221593936484425 Lookup     /usr/lib/x86_64-linux-gnu/libXdmcp.so.6
2024/11/10 06:53:13 recorder.go:46: 1731221593936533608 Lookup     /usr/lib/x86_64-linux-gnu/libXdmcp.so.6.0.0
2024/11/10 06:53:13 recorder.go:46: 1731221593936595194 Open       /usr/lib/x86_64-linux-gnu/libXdmcp.so.6.0.0
2024/11/10 06:53:13 recorder.go:46: 1731221593936878379 Lookup     /usr/lib/x86_64-linux-gnu/libbsd.so.0
2024/11/10 06:53:13 recorder.go:46: 1731221593936922863 Lookup     /usr/lib/x86_64-linux-gnu/libbsd.so.0.11.5
2024/11/10 06:53:13 recorder.go:46: 1731221593936996543 Open       /usr/lib/x86_64-linux-gnu/libbsd.so.0.11.5
2024/11/10 06:53:13 recorder.go:46: 1731221593937352966 Lookup     /usr/lib/x86_64-linux-gnu/libmd.so.0
2024/11/10 06:53:13 recorder.go:46: 1731221593937395156 Lookup     /usr/lib/x86_64-linux-gnu/libmd.so.0.0.5
2024/11/10 06:53:13 recorder.go:46: 1731221593937455831 Open       /usr/lib/x86_64-linux-gnu/libmd.so.0.0.5
2024/11/10 06:53:13 recorder.go:46: 1731221593938199677 Open       /usr/lib/x86_64-linux-gnu/hwloc/hwloc_pci.so
2024/11/10 06:53:13 recorder.go:46: 1731221593938568584 Open       /etc/ld.so.cache
2024/11/10 06:53:13 recorder.go:46: 1731221593938762330 Lookup     /usr/lib/x86_64-linux-gnu/libpciaccess.so.0
2024/11/10 06:53:13 recorder.go:46: 1731221593938814058 Lookup     /usr/lib/x86_64-linux-gnu/libpciaccess.so.0.11.1
2024/11/10 06:53:13 recorder.go:46: 1731221593938878820 Open       /usr/lib/x86_64-linux-gnu/libpciaccess.so.0.11.1
2024/11/10 06:53:14 recorder.go:46: 1731221594267976238 Lookup     /run
2024/11/10 06:53:14 recorder.go:46: 1731221594274194100 Lookup     /var
2024/11/10 06:53:14 recorder.go:46: 1731221594274243484 Lookup     /var/run
2024/11/10 06:53:14 recorder.go:46: 1731221594275321962 Lookup     /etc/gai.conf
2024/11/10 06:53:14 recorder.go:46: 1731221594275374952 Open       /etc/gai.conf
2024/11/10 06:53:14 recorder.go:46: 1731221594282648830 Lookup     /usr/share
2024/11/10 06:53:14 recorder.go:46: 1731221594282738069 Lookup     /usr/share/misc
2024/11/10 06:53:14 recorder.go:46: 1731221594303084926 Open       /etc/ld.so.cache
2024/11/10 06:53:14 recorder.go:46: 1731221594311919304 Open       /etc/ld.so.cache
2024/11/10 06:53:14 recorder.go:46: 1731221594312867917 Open       /etc/ld.so.cache
2024/11/10 06:53:14 recorder.go:46: 1731221594313629416 Open       /etc/ld.so.cache
2024/11/10 06:53:14 recorder.go:46: 1731221594314208551 Open       /etc/ld.so.cache
2024/11/10 06:53:14 recorder.go:46: 1731221594314931928 Open       /etc/ld.so.cache
2024/11/10 06:53:14 recorder.go:46: 1731221594315616622 Open       /etc/ld.so.cache
2024/11/10 06:53:14 recorder.go:46: 1731221594316249117 Open       /etc/ld.so.cache
2024/11/10 06:53:14 recorder.go:46: 1731221594316838020 Open       /etc/ld.so.cache
2024/11/10 06:53:14 recorder.go:46: 1731221594317362331 Open       /etc/ld.so.cache
2024/11/10 06:53:14 recorder.go:46: 1731221594317896110 Open       /etc/ld.so.cache
2024/11/10 06:53:14 recorder.go:46: 1731221594318441491 Open       /etc/ld.so.cache
2024/11/10 06:53:14 recorder.go:46: 1731221594319235492 Open       /etc/ld.so.cache
2024/11/10 06:53:14 recorder.go:46: 1731221594319883747 Open       /etc/ld.so.cache
2024/11/10 06:53:14 recorder.go:46: 1731221594320591435 Open       /etc/ld.so.cache
2024/11/10 06:53:14 recorder.go:46: 1731221594321122348 Open       /etc/ld.so.cache
2024/11/10 06:53:14 recorder.go:46: 1731221594321655867 Open       /etc/ld.so.cache
2024/11/10 06:53:14 recorder.go:46: 1731221594340395816 Lookup     /sbin
2024/11/10 06:53:14 recorder.go:46: 1731221594340456391 Lookup     /root
2024/11/10 06:53:14 recorder.go:46: 1731221594340529429 Lookup     /srv
2024/11/10 06:53:14 recorder.go:46: 1731221594340570046 Lookup     /media
2024/11/10 06:53:14 recorder.go:46: 1731221594340603649 Lookup     /libx32
2024/11/10 06:53:14 recorder.go:46: 1731221594340616454 Lookup     /lib64
2024/11/10 06:53:14 recorder.go:46: 1731221594340626683 Lookup     /etc
2024/11/10 06:53:14 recorder.go:46: 1731221594340638375 Lookup     /proc
2024/11/10 06:53:14 recorder.go:46: 1731221594340649296 Lookup     /usr
2024/11/10 06:53:14 recorder.go:46: 1731221594340679413 Lookup     /lib32
2024/11/10 06:53:14 recorder.go:46: 1731221594340711814 Lookup     /boot
2024/11/10 06:53:14 recorder.go:46: 1731221594340721452 Lookup     /var
2024/11/10 06:53:14 recorder.go:46: 1731221594340730960 Lookup     /tmp
2024/11/10 06:53:14 recorder.go:46: 1731221594340763972 Lookup     /mnt
2024/11/10 06:53:14 recorder.go:46: 1731221594340774192 Lookup     /dev
2024/11/10 06:53:14 recorder.go:46: 1731221594340782798 Lookup     /opt
2024/11/10 06:53:14 recorder.go:46: 1731221594340815580 Lookup     /home
2024/11/10 06:53:14 recorder.go:46: 1731221594340824807 Lookup     /lib
2024/11/10 06:53:14 recorder.go:46: 1731221594340834305 Lookup     /sys
2024/11/10 06:53:14 recorder.go:46: 1731221594340843623 Lookup     /bin
2024/11/10 06:53:14 recorder.go:46: 1731221594340862108 Lookup     /run
2024/11/10 06:53:14 recorder.go:46: 1731221594340872007 Lookup     /compat
2024/11/10 06:53:14 recorder.go:46: 1731221594340892375 Lookup     /.dockerenv
2024/11/10 06:53:21 recorder.go:46: 1731221601031123316 Lookup     /etc
2024/11/10 06:53:21 recorder.go:46: 1731221601031265976 Lookup     /etc/host.conf
2024/11/10 06:53:21 recorder.go:46: 1731221601031367327 Lookup     /etc/hosts
2024/11/10 06:53:21 recorder.go:46: 1731221601031430226 Lookup     /etc/nsswitch.conf
2024/11/10 06:53:21 recorder.go:46: 1731221601031455223 Lookup     /etc/resolv.conf
2024/11/10 06:53:21 recorder.go:46: 1731221601031478207 Lookup     /dev
2024/11/10 06:53:21 recorder.go:46: 1731221601031504647 Lookup     /sys
2024/11/10 06:53:21 recorder.go:46: 1731221601031534323 Lookup     /proc
2024/11/10 06:53:21 recorder.go:46: 1731221601031573858 Lookup     /tmp
2024/11/10 06:53:21 recorder.go:46: 1731221601031594437 Lookup     /root
2024/11/10 06:53:21 recorder.go:46: 1731221601031644060 Lookup     /opt
2024/11/10 06:53:21 recorder.go:46: 1731221601031664549 Lookup     /opt/lammps
2024/11/10 06:53:21 recorder.go:46: 1731221601031686731 Lookup     /opt/lammps/examples
2024/11/10 06:53:21 recorder.go:46: 1731221601031714584 Lookup     /opt/lammps/examples/reax
2024/11/10 06:53:21 recorder.go:46: 1731221601031736565 Lookup     /opt/lammps/examples/reax/HNS
2024/11/10 06:53:21 recorder.go:46: 1731221601031856001 Lookup     /usr
2024/11/10 06:53:21 recorder.go:46: 1731221601031878373 Lookup     /usr/local
2024/11/10 06:53:21 recorder.go:46: 1731221601031897439 Lookup     /usr/local/sbin
2024/11/10 06:53:21 recorder.go:46: 1731221601031972311 Lookup     /usr/local/bin
2024/11/10 06:53:21 recorder.go:46: 1731221601032043205 Lookup     /usr/sbin
2024/11/10 06:53:21 recorder.go:46: 1731221601032115191 Lookup     /usr/bin
2024/11/10 06:53:21 recorder.go:46: 1731221601032139497 Lookup     /usr/bin/lmp
2024/11/10 06:53:21 recorder.go:46: 1731221601032379751 Open       /usr/bin/lmp
2024/11/10 06:53:21 recorder.go:46: 1731221601032476544 Open       /usr/bin/lmp
2024/11/10 06:53:21 recorder.go:46: 1731221601032576292 Lookup     /lib64
2024/11/10 06:53:21 recorder.go:46: 1731221601032630735 Lookup     /usr/lib64
2024/11/10 06:53:21 recorder.go:46: 1731221601032711678 Lookup     /usr/lib64/ld-linux-x86-64.so.2
2024/11/10 06:53:21 recorder.go:46: 1731221601032786720 Lookup     /lib
2024/11/10 06:53:21 recorder.go:46: 1731221601032817528 Lookup     /usr/lib
2024/11/10 06:53:21 recorder.go:46: 1731221601032886388 Lookup     /usr/lib/x86_64-linux-gnu
2024/11/10 06:53:21 recorder.go:46: 1731221601032909833 Lookup     /usr/lib/x86_64-linux-gnu/ld-linux-x86-64.so.2
2024/11/10 06:53:21 recorder.go:46: 1731221601032980386 Open       /usr/lib/x86_64-linux-gnu/ld-linux-x86-64.so.2
2024/11/10 06:53:21 recorder.go:46: 1731221601033647798 Open       /usr/bin/lmp
2024/11/10 06:53:21 recorder.go:46: 1731221601034113979 Open       /usr/lib/x86_64-linux-gnu/ld-linux-x86-64.so.2
2024/11/10 06:53:21 recorder.go:46: 1731221601034735814 Lookup     /etc/ld.so.cache
2024/11/10 06:53:21 recorder.go:46: 1731221601034766282 Open       /etc/ld.so.cache
2024/11/10 06:53:21 recorder.go:46: 1731221601034949268 Lookup     /usr/lib/x86_64-linux-gnu/libgomp.so.1
2024/11/10 06:53:21 recorder.go:46: 1731221601034995896 Lookup     /usr/lib/x86_64-linux-gnu/libgomp.so.1.0.0
2024/11/10 06:53:21 recorder.go:46: 1731221601035059025 Open       /usr/lib/x86_64-linux-gnu/libgomp.so.1.0.0
2024/11/10 06:53:21 recorder.go:46: 1731221601035655953 Lookup     /usr/lib/x86_64-linux-gnu/libmpich.so.12
2024/11/10 06:53:21 recorder.go:46: 1731221601035709234 Lookup     /usr/lib/x86_64-linux-gnu/libmpich.so.12.2.0
2024/11/10 06:53:21 recorder.go:46: 1731221601035779988 Open       /usr/lib/x86_64-linux-gnu/libmpich.so.12.2.0
2024/11/10 06:53:21 recorder.go:46: 1731221601036184031 Lookup     /usr/lib/x86_64-linux-gnu/libstdc++.so.6
2024/11/10 06:53:21 recorder.go:46: 1731221601036220560 Lookup     /usr/lib/x86_64-linux-gnu/libstdc++.so.6.0.30
2024/11/10 06:53:21 recorder.go:46: 1731221601036278109 Open       /usr/lib/x86_64-linux-gnu/libstdc++.so.6.0.30
2024/11/10 06:53:21 recorder.go:46: 1731221601036980687 Lookup     /usr/lib/x86_64-linux-gnu/libm.so.6
2024/11/10 06:53:21 recorder.go:46: 1731221601037031633 Open       /usr/lib/x86_64-linux-gnu/libm.so.6
2024/11/10 06:53:21 recorder.go:46: 1731221601037426630 Lookup     /usr/lib/x86_64-linux-gnu/libgcc_s.so.1
2024/11/10 06:53:21 recorder.go:46: 1731221601037458981 Open       /usr/lib/x86_64-linux-gnu/libgcc_s.so.1
2024/11/10 06:53:21 recorder.go:46: 1731221601037884345 Lookup     /usr/lib/x86_64-linux-gnu/libc.so.6
2024/11/10 06:53:21 recorder.go:46: 1731221601037928749 Open       /usr/lib/x86_64-linux-gnu/libc.so.6
2024/11/10 06:53:21 recorder.go:46: 1731221601038461696 Lookup     /usr/lib/x86_64-linux-gnu/libhwloc.so.15
2024/11/10 06:53:21 recorder.go:46: 1731221601038497304 Lookup     /usr/lib/x86_64-linux-gnu/libhwloc.so.15.5.2
2024/11/10 06:53:21 recorder.go:46: 1731221601038588566 Open       /usr/lib/x86_64-linux-gnu/libhwloc.so.15.5.2
2024/11/10 06:53:21 recorder.go:46: 1731221601038988342 Lookup     /usr/lib/x86_64-linux-gnu/libfabric.so.1
2024/11/10 06:53:21 recorder.go:46: 1731221601039033587 Lookup     /usr/lib/x86_64-linux-gnu/libfabric.so.1.14.0
2024/11/10 06:53:21 recorder.go:46: 1731221601039103940 Open       /usr/lib/x86_64-linux-gnu/libfabric.so.1.14.0
2024/11/10 06:53:21 recorder.go:46: 1731221601039472427 Lookup     /usr/lib/x86_64-linux-gnu/libudev.so.1
2024/11/10 06:53:21 recorder.go:46: 1731221601039540295 Lookup     /usr/lib/x86_64-linux-gnu/libudev.so.1.7.2
2024/11/10 06:53:21 recorder.go:46: 1731221601039612421 Open       /usr/lib/x86_64-linux-gnu/libudev.so.1.7.2
2024/11/10 06:53:21 recorder.go:46: 1731221601039958826 Lookup     /usr/lib/x86_64-linux-gnu/librdmacm.so.1
2024/11/10 06:53:21 recorder.go:46: 1731221601040002599 Lookup     /usr/lib/x86_64-linux-gnu/librdmacm.so.1.3.39.0
2024/11/10 06:53:21 recorder.go:46: 1731221601040074595 Open       /usr/lib/x86_64-linux-gnu/librdmacm.so.1.3.39.0
2024/11/10 06:53:21 recorder.go:46: 1731221601040419717 Lookup     /usr/lib/x86_64-linux-gnu/libefa.so.1
2024/11/10 06:53:21 recorder.go:46: 1731221601040467538 Lookup     /usr/lib/x86_64-linux-gnu/libefa.so.1.1.39.0
2024/11/10 06:53:21 recorder.go:46: 1731221601040568529 Open       /usr/lib/x86_64-linux-gnu/libefa.so.1.1.39.0
2024/11/10 06:53:21 recorder.go:46: 1731221601041008280 Lookup     /usr/lib/x86_64-linux-gnu/libibverbs.so.1
2024/11/10 06:53:21 recorder.go:46: 1731221601041053064 Lookup     /usr/lib/x86_64-linux-gnu/libibverbs.so.1.14.39.0
2024/11/10 06:53:21 recorder.go:46: 1731221601041122415 Open       /usr/lib/x86_64-linux-gnu/libibverbs.so.1.14.39.0
2024/11/10 06:53:21 recorder.go:46: 1731221601041426520 Lookup     /usr/lib/x86_64-linux-gnu/libpsm_infinipath.so.1
2024/11/10 06:53:21 recorder.go:46: 1731221601041540466 Lookup     /etc/alternatives
2024/11/10 06:53:21 recorder.go:46: 1731221601041578467 Lookup     /etc/alternatives/libpsm_infinipath.so.1
2024/11/10 06:53:21 recorder.go:46: 1731221601041652738 Lookup     /usr/lib/libpsm1
2024/11/10 06:53:21 recorder.go:46: 1731221601041673737 Lookup     /usr/lib/libpsm1/libpsm_infinipath.so.1.16
2024/11/10 06:53:21 recorder.go:46: 1731221601041709084 Open       /usr/lib/libpsm1/libpsm_infinipath.so.1.16
2024/11/10 06:53:21 recorder.go:46: 1731221601042122626 Lookup     /usr/lib/x86_64-linux-gnu/libpsm2.so.2
2024/11/10 06:53:21 recorder.go:46: 1731221601042169304 Lookup     /usr/lib/x86_64-linux-gnu/libpsm2.so.2.2
2024/11/10 06:53:21 recorder.go:46: 1731221601042239877 Open       /usr/lib/x86_64-linux-gnu/libpsm2.so.2.2
2024/11/10 06:53:21 recorder.go:46: 1731221601042625737 Lookup     /usr/lib/x86_64-linux-gnu/libnl-3.so.200
2024/11/10 06:53:21 recorder.go:46: 1731221601042667806 Lookup     /usr/lib/x86_64-linux-gnu/libnl-3.so.200.26.0
2024/11/10 06:53:21 recorder.go:46: 1731221601042739331 Open       /usr/lib/x86_64-linux-gnu/libnl-3.so.200.26.0
2024/11/10 06:53:21 recorder.go:46: 1731221601043105313 Lookup     /usr/lib/x86_64-linux-gnu/libnl-route-3.so.200
2024/11/10 06:53:21 recorder.go:46: 1731221601043151320 Lookup     /usr/lib/x86_64-linux-gnu/libnl-route-3.so.200.26.0
2024/11/10 06:53:21 recorder.go:46: 1731221601043213287 Open       /usr/lib/x86_64-linux-gnu/libnl-route-3.so.200.26.0
2024/11/10 06:53:21 recorder.go:46: 1731221601043705969 Lookup     /usr/lib/x86_64-linux-gnu/libinfinipath.so.4
2024/11/10 06:53:21 recorder.go:46: 1731221601043743650 Lookup     /usr/lib/x86_64-linux-gnu/libinfinipath.so.4.0
2024/11/10 06:53:21 recorder.go:46: 1731221601043802551 Open       /usr/lib/x86_64-linux-gnu/libinfinipath.so.4.0
2024/11/10 06:53:21 recorder.go:46: 1731221601044238976 Lookup     /usr/lib/x86_64-linux-gnu/librt.so.1
2024/11/10 06:53:21 recorder.go:46: 1731221601044280665 Open       /usr/lib/x86_64-linux-gnu/librt.so.1
2024/11/10 06:53:21 recorder.go:46: 1731221601044634734 Lookup     /usr/lib/x86_64-linux-gnu/libpthread.so.0
2024/11/10 06:53:21 recorder.go:46: 1731221601044668498 Open       /usr/lib/x86_64-linux-gnu/libpthread.so.0
2024/11/10 06:53:21 recorder.go:46: 1731221601045033678 Lookup     /usr/lib/x86_64-linux-gnu/libdl.so.2
2024/11/10 06:53:21 recorder.go:46: 1731221601045066240 Open       /usr/lib/x86_64-linux-gnu/libdl.so.2
2024/11/10 06:53:21 recorder.go:46: 1731221601045495170 Lookup     /usr/lib/x86_64-linux-gnu/libuuid.so.1
2024/11/10 06:53:21 recorder.go:46: 1731221601045598516 Lookup     /usr/lib/x86_64-linux-gnu/libuuid.so.1.3.0
2024/11/10 06:53:21 recorder.go:46: 1731221601045668097 Open       /usr/lib/x86_64-linux-gnu/libuuid.so.1.3.0
2024/11/10 06:53:21 recorder.go:46: 1731221601046012448 Lookup     /usr/lib/x86_64-linux-gnu/libnuma.so.1
2024/11/10 06:53:21 recorder.go:46: 1731221601046070808 Lookup     /usr/lib/x86_64-linux-gnu/libnuma.so.1.0.0
2024/11/10 06:53:21 recorder.go:46: 1731221601046153895 Open       /usr/lib/x86_64-linux-gnu/libnuma.so.1.0.0
2024/11/10 06:53:21 recorder.go:46: 1731221601258653330 Lookup     /usr/lib/x86_64-linux-gnu/hwloc
2024/11/10 06:53:21 recorder.go:46: 1731221601258883255 Lookup     /usr/lib/x86_64-linux-gnu/hwloc/hwloc_opencl.so
2024/11/10 06:53:21 recorder.go:46: 1731221601258923831 Lookup     /usr/lib/x86_64-linux-gnu/hwloc/hwloc_xml_libxml.so
2024/11/10 06:53:21 recorder.go:46: 1731221601258936245 Lookup     /usr/lib/x86_64-linux-gnu/hwloc/hwloc_gl.so
2024/11/10 06:53:21 recorder.go:46: 1731221601258950081 Lookup     /usr/lib/x86_64-linux-gnu/hwloc/hwloc_pci.so
2024/11/10 06:53:21 recorder.go:46: 1731221601259124240 Open       /usr/lib/x86_64-linux-gnu/hwloc/hwloc_opencl.so
2024/11/10 06:53:21 recorder.go:46: 1731221601259470876 Open       /etc/ld.so.cache
2024/11/10 06:53:21 recorder.go:46: 1731221601259745064 Lookup     /usr/lib/x86_64-linux-gnu/libOpenCL.so.1
2024/11/10 06:53:21 recorder.go:46: 1731221601259786442 Lookup     /usr/lib/x86_64-linux-gnu/libOpenCL.so.1.0.0
2024/11/10 06:53:21 recorder.go:46: 1731221601259843630 Open       /usr/lib/x86_64-linux-gnu/libOpenCL.so.1.0.0
2024/11/10 06:53:21 recorder.go:46: 1731221601260350829 Open       /usr/lib/x86_64-linux-gnu/hwloc/hwloc_xml_libxml.so
2024/11/10 06:53:21 recorder.go:46: 1731221601260620438 Open       /etc/ld.so.cache
2024/11/10 06:53:21 recorder.go:46: 1731221601260873456 Lookup     /usr/lib/x86_64-linux-gnu/libxml2.so.2
2024/11/10 06:53:21 recorder.go:46: 1731221601260927980 Lookup     /usr/lib/x86_64-linux-gnu/libxml2.so.2.9.13
2024/11/10 06:53:21 recorder.go:46: 1731221601260997080 Open       /usr/lib/x86_64-linux-gnu/libxml2.so.2.9.13
2024/11/10 06:53:21 recorder.go:46: 1731221601261451840 Lookup     /usr/lib/x86_64-linux-gnu/libicuuc.so.70
2024/11/10 06:53:21 recorder.go:46: 1731221601261486625 Lookup     /usr/lib/x86_64-linux-gnu/libicuuc.so.70.1
2024/11/10 06:53:21 recorder.go:46: 1731221601261550296 Open       /usr/lib/x86_64-linux-gnu/libicuuc.so.70.1
2024/11/10 06:53:21 recorder.go:46: 1731221601262184805 Lookup     /usr/lib/x86_64-linux-gnu/libz.so.1
2024/11/10 06:53:21 recorder.go:46: 1731221601262275597 Lookup     /usr/lib/x86_64-linux-gnu/libz.so.1.2.11
2024/11/10 06:53:21 recorder.go:46: 1731221601262337734 Open       /usr/lib/x86_64-linux-gnu/libz.so.1.2.11
2024/11/10 06:53:21 recorder.go:46: 1731221601262977183 Lookup     /usr/lib/x86_64-linux-gnu/liblzma.so.5
2024/11/10 06:53:21 recorder.go:46: 1731221601263030874 Lookup     /usr/lib/x86_64-linux-gnu/liblzma.so.5.2.5
2024/11/10 06:53:21 recorder.go:46: 1731221601263130893 Open       /usr/lib/x86_64-linux-gnu/liblzma.so.5.2.5
2024/11/10 06:53:21 recorder.go:46: 1731221601263567829 Lookup     /usr/lib/x86_64-linux-gnu/libicudata.so.70
2024/11/10 06:53:21 recorder.go:46: 1731221601263602014 Lookup     /usr/lib/x86_64-linux-gnu/libicudata.so.70.1
2024/11/10 06:53:21 recorder.go:46: 1731221601263662999 Open       /usr/lib/x86_64-linux-gnu/libicudata.so.70.1
2024/11/10 06:53:21 recorder.go:46: 1731221601265048388 Open       /usr/lib/x86_64-linux-gnu/hwloc/hwloc_gl.so
2024/11/10 06:53:21 recorder.go:46: 1731221601265294383 Open       /etc/ld.so.cache
2024/11/10 06:53:21 recorder.go:46: 1731221601265568621 Lookup     /usr/lib/x86_64-linux-gnu/libXNVCtrl.so.0
2024/11/10 06:53:21 recorder.go:46: 1731221601265639124 Lookup     /usr/lib/x86_64-linux-gnu/libXNVCtrl.so.0.0.0
2024/11/10 06:53:21 recorder.go:46: 1731221601265707073 Open       /usr/lib/x86_64-linux-gnu/libXNVCtrl.so.0.0.0
2024/11/10 06:53:21 recorder.go:46: 1731221601266004555 Lookup     /usr/lib/x86_64-linux-gnu/libX11.so.6
2024/11/10 06:53:21 recorder.go:46: 1731221601266036135 Lookup     /usr/lib/x86_64-linux-gnu/libX11.so.6.4.0
2024/11/10 06:53:21 recorder.go:46: 1731221601266102049 Open       /usr/lib/x86_64-linux-gnu/libX11.so.6.4.0
2024/11/10 06:53:21 recorder.go:46: 1731221601266506784 Lookup     /usr/lib/x86_64-linux-gnu/libXext.so.6
2024/11/10 06:53:21 recorder.go:46: 1731221601266546179 Lookup     /usr/lib/x86_64-linux-gnu/libXext.so.6.4.0
2024/11/10 06:53:21 recorder.go:46: 1731221601266600201 Open       /usr/lib/x86_64-linux-gnu/libXext.so.6.4.0
2024/11/10 06:53:21 recorder.go:46: 1731221601266891561 Lookup     /usr/lib/x86_64-linux-gnu/libxcb.so.1
2024/11/10 06:53:21 recorder.go:46: 1731221601266925936 Lookup     /usr/lib/x86_64-linux-gnu/libxcb.so.1.1.0
2024/11/10 06:53:21 recorder.go:46: 1731221601266979397 Open       /usr/lib/x86_64-linux-gnu/libxcb.so.1.1.0
2024/11/10 06:53:21 recorder.go:46: 1731221601267352062 Lookup     /usr/lib/x86_64-linux-gnu/libXau.so.6
2024/11/10 06:53:21 recorder.go:46: 1731221601267388971 Lookup     /usr/lib/x86_64-linux-gnu/libXau.so.6.0.0
2024/11/10 06:53:21 recorder.go:46: 1731221601267443535 Open       /usr/lib/x86_64-linux-gnu/libXau.so.6.0.0
2024/11/10 06:53:21 recorder.go:46: 1731221601267710068 Lookup     /usr/lib/x86_64-linux-gnu/libXdmcp.so.6
2024/11/10 06:53:21 recorder.go:46: 1731221601267747970 Lookup     /usr/lib/x86_64-linux-gnu/libXdmcp.so.6.0.0
2024/11/10 06:53:21 recorder.go:46: 1731221601267802203 Open       /usr/lib/x86_64-linux-gnu/libXdmcp.so.6.0.0
2024/11/10 06:53:21 recorder.go:46: 1731221601268068386 Lookup     /usr/lib/x86_64-linux-gnu/libbsd.so.0
2024/11/10 06:53:21 recorder.go:46: 1731221601268110636 Lookup     /usr/lib/x86_64-linux-gnu/libbsd.so.0.11.5
2024/11/10 06:53:21 recorder.go:46: 1731221601268162554 Open       /usr/lib/x86_64-linux-gnu/libbsd.so.0.11.5
2024/11/10 06:53:21 recorder.go:46: 1731221601268481787 Lookup     /usr/lib/x86_64-linux-gnu/libmd.so.0
2024/11/10 06:53:21 recorder.go:46: 1731221601268529177 Lookup     /usr/lib/x86_64-linux-gnu/libmd.so.0.0.5
2024/11/10 06:53:21 recorder.go:46: 1731221601268586936 Open       /usr/lib/x86_64-linux-gnu/libmd.so.0.0.5
2024/11/10 06:53:21 recorder.go:46: 1731221601269308850 Open       /usr/lib/x86_64-linux-gnu/hwloc/hwloc_pci.so
2024/11/10 06:53:21 recorder.go:46: 1731221601269551459 Open       /etc/ld.so.cache
2024/11/10 06:53:21 recorder.go:46: 1731221601269729666 Lookup     /usr/lib/x86_64-linux-gnu/libpciaccess.so.0
2024/11/10 06:53:21 recorder.go:46: 1731221601269770713 Lookup     /usr/lib/x86_64-linux-gnu/libpciaccess.so.0.11.1
2024/11/10 06:53:21 recorder.go:46: 1731221601269831759 Open       /usr/lib/x86_64-linux-gnu/libpciaccess.so.0.11.1
2024/11/10 06:53:21 recorder.go:46: 1731221601572659272 Lookup     /run
2024/11/10 06:53:21 recorder.go:46: 1731221601578448064 Lookup     /var
2024/11/10 06:53:21 recorder.go:46: 1731221601578504871 Lookup     /var/run
2024/11/10 06:53:21 recorder.go:46: 1731221601579931377 Lookup     /etc/gai.conf
2024/11/10 06:53:21 recorder.go:46: 1731221601579977945 Open       /etc/gai.conf
2024/11/10 06:53:21 recorder.go:46: 1731221601587783348 Lookup     /usr/share
2024/11/10 06:53:21 recorder.go:46: 1731221601587848221 Lookup     /usr/share/misc
2024/11/10 06:53:21 recorder.go:46: 1731221601604628908 Open       /etc/ld.so.cache
2024/11/10 06:53:21 recorder.go:46: 1731221601613462034 Open       /etc/ld.so.cache
2024/11/10 06:53:21 recorder.go:46: 1731221601614105630 Open       /etc/ld.so.cache
2024/11/10 06:53:21 recorder.go:46: 1731221601614725462 Open       /etc/ld.so.cache
2024/11/10 06:53:21 recorder.go:46: 1731221601615358438 Open       /etc/ld.so.cache
2024/11/10 06:53:21 recorder.go:46: 1731221601615965415 Open       /etc/ld.so.cache
2024/11/10 06:53:21 recorder.go:46: 1731221601616518380 Open       /etc/ld.so.cache
2024/11/10 06:53:21 recorder.go:46: 1731221601617077798 Open       /etc/ld.so.cache
2024/11/10 06:53:21 recorder.go:46: 1731221601617595937 Open       /etc/ld.so.cache
2024/11/10 06:53:21 recorder.go:46: 1731221601618168038 Open       /etc/ld.so.cache
2024/11/10 06:53:21 recorder.go:46: 1731221601618732966 Open       /etc/ld.so.cache
2024/11/10 06:53:21 recorder.go:46: 1731221601619295009 Open       /etc/ld.so.cache
2024/11/10 06:53:21 recorder.go:46: 1731221601619812086 Open       /etc/ld.so.cache
2024/11/10 06:53:21 recorder.go:46: 1731221601620557505 Open       /etc/ld.so.cache
2024/11/10 06:53:21 recorder.go:46: 1731221601621077748 Open       /etc/ld.so.cache
2024/11/10 06:53:21 recorder.go:46: 1731221601621597130 Open       /etc/ld.so.cache
2024/11/10 06:53:21 recorder.go:46: 1731221601622302974 Open       /etc/ld.so.cache
2024/11/10 06:53:21 recorder.go:46: 1731221601636583035 Lookup     /sbin
2024/11/10 06:53:21 recorder.go:46: 1731221601636756993 Lookup     /root
2024/11/10 06:53:21 recorder.go:46: 1731221601636871610 Lookup     /srv
2024/11/10 06:53:21 recorder.go:46: 1731221601636905524 Lookup     /media
2024/11/10 06:53:21 recorder.go:46: 1731221601636927215 Lookup     /libx32
2024/11/10 06:53:21 recorder.go:46: 1731221601636943596 Lookup     /lib64
2024/11/10 06:53:21 recorder.go:46: 1731221601636954326 Lookup     /etc
2024/11/10 06:53:21 recorder.go:46: 1731221601636966359 Lookup     /proc
2024/11/10 06:53:21 recorder.go:46: 1731221601636977530 Lookup     /usr
2024/11/10 06:53:21 recorder.go:46: 1731221601636999552 Lookup     /lib32
2024/11/10 06:53:21 recorder.go:46: 1731221601637021213 Lookup     /boot
2024/11/10 06:53:21 recorder.go:46: 1731221601637030040 Lookup     /var
2024/11/10 06:53:21 recorder.go:46: 1731221601637038856 Lookup     /tmp
2024/11/10 06:53:21 recorder.go:46: 1731221601637059826 Lookup     /mnt
2024/11/10 06:53:21 recorder.go:46: 1731221601637068853 Lookup     /dev
2024/11/10 06:53:21 recorder.go:46: 1731221601637077419 Lookup     /opt
2024/11/10 06:53:21 recorder.go:46: 1731221601637098359 Lookup     /home
2024/11/10 06:53:21 recorder.go:46: 1731221601637107326 Lookup     /lib
2024/11/10 06:53:21 recorder.go:46: 1731221601637116944 Lookup     /sys
2024/11/10 06:53:21 recorder.go:46: 1731221601637125620 Lookup     /bin
2024/11/10 06:53:21 recorder.go:46: 1731221601637134026 Lookup     /run
2024/11/10 06:53:21 recorder.go:46: 1731221601637142642 Lookup     /compat
2024/11/10 06:53:21 recorder.go:46: 1731221601637161508 Lookup     /.dockerenv
2024/11/10 06:53:44 recorder.go:46: 1731221624644094224 Lookup     /etc
2024/11/10 06:53:44 recorder.go:46: 1731221624644251471 Lookup     /etc/host.conf
2024/11/10 06:53:44 recorder.go:46: 1731221624644345880 Lookup     /etc/hosts
2024/11/10 06:53:44 recorder.go:46: 1731221624644425460 Lookup     /etc/nsswitch.conf
2024/11/10 06:53:44 recorder.go:46: 1731221624644479522 Lookup     /etc/resolv.conf
2024/11/10 06:53:44 recorder.go:46: 1731221624644569743 Lookup     /dev
2024/11/10 06:53:44 recorder.go:46: 1731221624644608596 Lookup     /sys
2024/11/10 06:53:44 recorder.go:46: 1731221624644632902 Lookup     /proc
2024/11/10 06:53:44 recorder.go:46: 1731221624644664953 Lookup     /tmp
2024/11/10 06:53:44 recorder.go:46: 1731221624644687545 Lookup     /root
2024/11/10 06:53:44 recorder.go:46: 1731221624644732561 Lookup     /opt
2024/11/10 06:53:44 recorder.go:46: 1731221624644759922 Lookup     /opt/lammps
2024/11/10 06:53:44 recorder.go:46: 1731221624644782665 Lookup     /opt/lammps/examples
2024/11/10 06:53:44 recorder.go:46: 1731221624644815968 Lookup     /opt/lammps/examples/reaxff
2024/11/10 06:53:44 recorder.go:46: 1731221624644845684 Lookup     /opt/lammps/examples/reaxff/HNS
2024/11/10 06:53:44 recorder.go:46: 1731221624644993474 Lookup     /usr
2024/11/10 06:53:44 recorder.go:46: 1731221624645026747 Lookup     /usr/local
2024/11/10 06:53:44 recorder.go:46: 1731221624645056132 Lookup     /usr/local/sbin
2024/11/10 06:53:44 recorder.go:46: 1731221624645177712 Lookup     /usr/local/bin
2024/11/10 06:53:44 recorder.go:46: 1731221624645272782 Lookup     /usr/sbin
2024/11/10 06:53:44 recorder.go:46: 1731221624645348034 Lookup     /usr/bin
2024/11/10 06:53:44 recorder.go:46: 1731221624645377099 Lookup     /usr/bin/lmp
2024/11/10 06:53:44 recorder.go:46: 1731221624645662448 Open       /usr/bin/lmp
2024/11/10 06:53:44 recorder.go:46: 1731221624645783507 Open       /usr/bin/lmp
2024/11/10 06:53:44 recorder.go:46: 1731221624645869630 Lookup     /lib64
2024/11/10 06:53:44 recorder.go:46: 1731221624645913292 Lookup     /usr/lib64
2024/11/10 06:53:44 recorder.go:46: 1731221624645983675 Lookup     /usr/lib64/ld-linux-x86-64.so.2
2024/11/10 06:53:44 recorder.go:46: 1731221624646052095 Lookup     /lib
2024/11/10 06:53:44 recorder.go:46: 1731221624646086640 Lookup     /usr/lib
2024/11/10 06:53:44 recorder.go:46: 1731221624646154448 Lookup     /usr/lib/x86_64-linux-gnu
2024/11/10 06:53:44 recorder.go:46: 1731221624646179576 Lookup     /usr/lib/x86_64-linux-gnu/ld-linux-x86-64.so.2
2024/11/10 06:53:44 recorder.go:46: 1731221624646247434 Open       /usr/lib/x86_64-linux-gnu/ld-linux-x86-64.so.2
2024/11/10 06:53:44 recorder.go:46: 1731221624646890429 Open       /usr/bin/lmp
2024/11/10 06:53:44 recorder.go:46: 1731221624647508297 Open       /usr/lib/x86_64-linux-gnu/ld-linux-x86-64.so.2
2024/11/10 06:53:44 recorder.go:46: 1731221624648173054 Lookup     /etc/ld.so.cache
2024/11/10 06:53:44 recorder.go:46: 1731221624648210364 Open       /etc/ld.so.cache
2024/11/10 06:53:44 recorder.go:46: 1731221624648469975 Lookup     /usr/lib/x86_64-linux-gnu/libgomp.so.1
2024/11/10 06:53:44 recorder.go:46: 1731221624648540097 Lookup     /usr/lib/x86_64-linux-gnu/libgomp.so.1.0.0
2024/11/10 06:53:44 recorder.go:46: 1731221624648608116 Open       /usr/lib/x86_64-linux-gnu/libgomp.so.1.0.0
2024/11/10 06:53:44 recorder.go:46: 1731221624649169487 Lookup     /usr/lib/x86_64-linux-gnu/libmpich.so.12
2024/11/10 06:53:44 recorder.go:46: 1731221624649219432 Lookup     /usr/lib/x86_64-linux-gnu/libmpich.so.12.2.0
2024/11/10 06:53:44 recorder.go:46: 1731221624649287530 Open       /usr/lib/x86_64-linux-gnu/libmpich.so.12.2.0
2024/11/10 06:53:44 recorder.go:46: 1731221624650017099 Lookup     /usr/lib/x86_64-linux-gnu/libstdc++.so.6
2024/11/10 06:53:44 recorder.go:46: 1731221624650067995 Lookup     /usr/lib/x86_64-linux-gnu/libstdc++.so.6.0.30
2024/11/10 06:53:44 recorder.go:46: 1731221624650157434 Open       /usr/lib/x86_64-linux-gnu/libstdc++.so.6.0.30
2024/11/10 06:53:44 recorder.go:46: 1731221624650696153 Lookup     /usr/lib/x86_64-linux-gnu/libm.so.6
2024/11/10 06:53:44 recorder.go:46: 1731221624650735016 Open       /usr/lib/x86_64-linux-gnu/libm.so.6
2024/11/10 06:53:44 recorder.go:46: 1731221624651197100 Lookup     /usr/lib/x86_64-linux-gnu/libgcc_s.so.1
2024/11/10 06:53:44 recorder.go:46: 1731221624651235883 Open       /usr/lib/x86_64-linux-gnu/libgcc_s.so.1
2024/11/10 06:53:44 recorder.go:46: 1731221624651542703 Lookup     /usr/lib/x86_64-linux-gnu/libc.so.6
2024/11/10 06:53:44 recorder.go:46: 1731221624651573511 Open       /usr/lib/x86_64-linux-gnu/libc.so.6
2024/11/10 06:53:44 recorder.go:46: 1731221624652125995 Lookup     /usr/lib/x86_64-linux-gnu/libhwloc.so.15
2024/11/10 06:53:44 recorder.go:46: 1731221624652175549 Lookup     /usr/lib/x86_64-linux-gnu/libhwloc.so.15.5.2
2024/11/10 06:53:44 recorder.go:46: 1731221624652247225 Open       /usr/lib/x86_64-linux-gnu/libhwloc.so.15.5.2
2024/11/10 06:53:44 recorder.go:46: 1731221624652779521 Lookup     /usr/lib/x86_64-linux-gnu/libfabric.so.1
2024/11/10 06:53:44 recorder.go:46: 1731221624652833533 Lookup     /usr/lib/x86_64-linux-gnu/libfabric.so.1.14.0
2024/11/10 06:53:44 recorder.go:46: 1731221624652933893 Open       /usr/lib/x86_64-linux-gnu/libfabric.so.1.14.0
2024/11/10 06:53:44 recorder.go:46: 1731221624653364146 Lookup     /usr/lib/x86_64-linux-gnu/libudev.so.1
2024/11/10 06:53:44 recorder.go:46: 1731221624653398581 Lookup     /usr/lib/x86_64-linux-gnu/libudev.so.1.7.2
2024/11/10 06:53:44 recorder.go:46: 1731221624653466630 Open       /usr/lib/x86_64-linux-gnu/libudev.so.1.7.2
2024/11/10 06:53:44 recorder.go:46: 1731221624653785773 Lookup     /usr/lib/x86_64-linux-gnu/librdmacm.so.1
2024/11/10 06:53:44 recorder.go:46: 1731221624653822031 Lookup     /usr/lib/x86_64-linux-gnu/librdmacm.so.1.3.39.0
2024/11/10 06:53:44 recorder.go:46: 1731221624653881383 Open       /usr/lib/x86_64-linux-gnu/librdmacm.so.1.3.39.0
2024/11/10 06:53:44 recorder.go:46: 1731221624654197862 Lookup     /usr/lib/x86_64-linux-gnu/libefa.so.1
2024/11/10 06:53:44 recorder.go:46: 1731221624654231245 Lookup     /usr/lib/x86_64-linux-gnu/libefa.so.1.1.39.0
2024/11/10 06:53:44 recorder.go:46: 1731221624654299213 Open       /usr/lib/x86_64-linux-gnu/libefa.so.1.1.39.0
2024/11/10 06:53:44 recorder.go:46: 1731221624654624197 Lookup     /usr/lib/x86_64-linux-gnu/libibverbs.so.1
2024/11/10 06:53:44 recorder.go:46: 1731221624654667960 Lookup     /usr/lib/x86_64-linux-gnu/libibverbs.so.1.14.39.0
2024/11/10 06:53:44 recorder.go:46: 1731221624654735899 Open       /usr/lib/x86_64-linux-gnu/libibverbs.so.1.14.39.0
2024/11/10 06:53:44 recorder.go:46: 1731221624655062496 Lookup     /usr/lib/x86_64-linux-gnu/libpsm_infinipath.so.1
2024/11/10 06:53:44 recorder.go:46: 1731221624655183154 Lookup     /etc/alternatives
2024/11/10 06:53:44 recorder.go:46: 1731221624655242476 Lookup     /etc/alternatives/libpsm_infinipath.so.1
2024/11/10 06:53:44 recorder.go:46: 1731221624655791915 Lookup     /usr/lib/libpsm1
2024/11/10 06:53:44 recorder.go:46: 1731221624656143409 Lookup     /usr/lib/libpsm1/libpsm_infinipath.so.1.16
2024/11/10 06:53:44 recorder.go:46: 1731221624656199355 Open       /usr/lib/libpsm1/libpsm_infinipath.so.1.16
2024/11/10 06:53:44 recorder.go:46: 1731221624656731641 Lookup     /usr/lib/x86_64-linux-gnu/libpsm2.so.2
2024/11/10 06:53:44 recorder.go:46: 1731221624656810941 Lookup     /usr/lib/x86_64-linux-gnu/libpsm2.so.2.2
2024/11/10 06:53:44 recorder.go:46: 1731221624656878128 Open       /usr/lib/x86_64-linux-gnu/libpsm2.so.2.2
2024/11/10 06:53:44 recorder.go:46: 1731221624657333729 Lookup     /usr/lib/x86_64-linux-gnu/libnl-3.so.200
2024/11/10 06:53:44 recorder.go:46: 1731221624657377512 Lookup     /usr/lib/x86_64-linux-gnu/libnl-3.so.200.26.0
2024/11/10 06:53:44 recorder.go:46: 1731221624657455269 Open       /usr/lib/x86_64-linux-gnu/libnl-3.so.200.26.0
2024/11/10 06:53:44 recorder.go:46: 1731221624658150002 Lookup     /usr/lib/x86_64-linux-gnu/libnl-route-3.so.200
2024/11/10 06:53:44 recorder.go:46: 1731221624658227939 Lookup     /usr/lib/x86_64-linux-gnu/libnl-route-3.so.200.26.0
2024/11/10 06:53:44 recorder.go:46: 1731221624658314102 Open       /usr/lib/x86_64-linux-gnu/libnl-route-3.so.200.26.0
2024/11/10 06:53:44 recorder.go:46: 1731221624659027871 Lookup     /usr/lib/x86_64-linux-gnu/libinfinipath.so.4
2024/11/10 06:53:44 recorder.go:46: 1731221624659074319 Lookup     /usr/lib/x86_64-linux-gnu/libinfinipath.so.4.0
2024/11/10 06:53:44 recorder.go:46: 1731221624659149251 Open       /usr/lib/x86_64-linux-gnu/libinfinipath.so.4.0
2024/11/10 06:53:44 recorder.go:46: 1731221624659504983 Lookup     /usr/lib/x86_64-linux-gnu/librt.so.1
2024/11/10 06:53:44 recorder.go:46: 1731221624659542454 Open       /usr/lib/x86_64-linux-gnu/librt.so.1
2024/11/10 06:53:44 recorder.go:46: 1731221624659798428 Lookup     /usr/lib/x86_64-linux-gnu/libpthread.so.0
2024/11/10 06:53:44 recorder.go:46: 1731221624659825950 Open       /usr/lib/x86_64-linux-gnu/libpthread.so.0
2024/11/10 06:53:44 recorder.go:46: 1731221624660097142 Lookup     /usr/lib/x86_64-linux-gnu/libdl.so.2
2024/11/10 06:53:44 recorder.go:46: 1731221624660125085 Open       /usr/lib/x86_64-linux-gnu/libdl.so.2
2024/11/10 06:53:44 recorder.go:46: 1731221624660414442 Lookup     /usr/lib/x86_64-linux-gnu/libuuid.so.1
2024/11/10 06:53:44 recorder.go:46: 1731221624660447925 Lookup     /usr/lib/x86_64-linux-gnu/libuuid.so.1.3.0
2024/11/10 06:53:44 recorder.go:46: 1731221624660519541 Open       /usr/lib/x86_64-linux-gnu/libuuid.so.1.3.0
2024/11/10 06:53:44 recorder.go:46: 1731221624660897595 Lookup     /usr/lib/x86_64-linux-gnu/libnuma.so.1
2024/11/10 06:53:44 recorder.go:46: 1731221624660939795 Lookup     /usr/lib/x86_64-linux-gnu/libnuma.so.1.0.0
2024/11/10 06:53:44 recorder.go:46: 1731221624661007203 Open       /usr/lib/x86_64-linux-gnu/libnuma.so.1.0.0
2024/11/10 06:53:44 recorder.go:46: 1731221624872614689 Lookup     /usr/lib/x86_64-linux-gnu/hwloc
2024/11/10 06:53:44 recorder.go:46: 1731221624872803686 Lookup     /usr/lib/x86_64-linux-gnu/hwloc/hwloc_opencl.so
2024/11/10 06:53:44 recorder.go:46: 1731221624872820939 Lookup     /usr/lib/x86_64-linux-gnu/hwloc/hwloc_xml_libxml.so
2024/11/10 06:53:44 recorder.go:46: 1731221624872831749 Lookup     /usr/lib/x86_64-linux-gnu/hwloc/hwloc_gl.so
2024/11/10 06:53:44 recorder.go:46: 1731221624872842680 Lookup     /usr/lib/x86_64-linux-gnu/hwloc/hwloc_pci.so
2024/11/10 06:53:44 recorder.go:46: 1731221624872982865 Open       /usr/lib/x86_64-linux-gnu/hwloc/hwloc_opencl.so
2024/11/10 06:53:44 recorder.go:46: 1731221624873292149 Open       /etc/ld.so.cache
2024/11/10 06:53:44 recorder.go:46: 1731221624873557581 Lookup     /usr/lib/x86_64-linux-gnu/libOpenCL.so.1
2024/11/10 06:53:44 recorder.go:46: 1731221624873604460 Lookup     /usr/lib/x86_64-linux-gnu/libOpenCL.so.1.0.0
2024/11/10 06:53:44 recorder.go:46: 1731221624873690623 Open       /usr/lib/x86_64-linux-gnu/libOpenCL.so.1.0.0
2024/11/10 06:53:44 recorder.go:46: 1731221624874189235 Open       /usr/lib/x86_64-linux-gnu/hwloc/hwloc_xml_libxml.so
2024/11/10 06:53:44 recorder.go:46: 1731221624874481998 Open       /etc/ld.so.cache
2024/11/10 06:53:44 recorder.go:46: 1731221624874723715 Lookup     /usr/lib/x86_64-linux-gnu/libxml2.so.2
2024/11/10 06:53:44 recorder.go:46: 1731221624874778709 Lookup     /usr/lib/x86_64-linux-gnu/libxml2.so.2.9.13
2024/11/10 06:53:44 recorder.go:46: 1731221624874863950 Open       /usr/lib/x86_64-linux-gnu/libxml2.so.2.9.13
2024/11/10 06:53:44 recorder.go:46: 1731221624875447644 Lookup     /usr/lib/x86_64-linux-gnu/libicuuc.so.70
2024/11/10 06:53:44 recorder.go:46: 1731221624875486016 Lookup     /usr/lib/x86_64-linux-gnu/libicuuc.so.70.1
2024/11/10 06:53:44 recorder.go:46: 1731221624875552742 Open       /usr/lib/x86_64-linux-gnu/libicuuc.so.70.1
2024/11/10 06:53:44 recorder.go:46: 1731221624876008284 Lookup     /usr/lib/x86_64-linux-gnu/libz.so.1
2024/11/10 06:53:44 recorder.go:46: 1731221624876052427 Lookup     /usr/lib/x86_64-linux-gnu/libz.so.1.2.11
2024/11/10 06:53:44 recorder.go:46: 1731221624876113102 Open       /usr/lib/x86_64-linux-gnu/libz.so.1.2.11
2024/11/10 06:53:44 recorder.go:46: 1731221624876448987 Lookup     /usr/lib/x86_64-linux-gnu/liblzma.so.5
2024/11/10 06:53:44 recorder.go:46: 1731221624876486527 Lookup     /usr/lib/x86_64-linux-gnu/liblzma.so.5.2.5
2024/11/10 06:53:44 recorder.go:46: 1731221624876561289 Open       /usr/lib/x86_64-linux-gnu/liblzma.so.5.2.5
2024/11/10 06:53:44 recorder.go:46: 1731221624876942239 Lookup     /usr/lib/x86_64-linux-gnu/libicudata.so.70
2024/11/10 06:53:44 recorder.go:46: 1731221624876980261 Lookup     /usr/lib/x86_64-linux-gnu/libicudata.so.70.1
2024/11/10 06:53:44 recorder.go:46: 1731221624877057316 Open       /usr/lib/x86_64-linux-gnu/libicudata.so.70.1
2024/11/10 06:53:44 recorder.go:46: 1731221624878271391 Open       /usr/lib/x86_64-linux-gnu/hwloc/hwloc_gl.so
2024/11/10 06:53:44 recorder.go:46: 1731221624878513759 Open       /etc/ld.so.cache
2024/11/10 06:53:44 recorder.go:46: 1731221624878706494 Lookup     /usr/lib/x86_64-linux-gnu/libXNVCtrl.so.0
2024/11/10 06:53:44 recorder.go:46: 1731221624878743964 Lookup     /usr/lib/x86_64-linux-gnu/libXNVCtrl.so.0.0.0
2024/11/10 06:53:44 recorder.go:46: 1731221624878805962 Open       /usr/lib/x86_64-linux-gnu/libXNVCtrl.so.0.0.0
2024/11/10 06:53:44 recorder.go:46: 1731221624879184247 Lookup     /usr/lib/x86_64-linux-gnu/libX11.so.6
2024/11/10 06:53:44 recorder.go:46: 1731221624879237006 Lookup     /usr/lib/x86_64-linux-gnu/libX11.so.6.4.0
2024/11/10 06:53:44 recorder.go:46: 1731221624879318150 Open       /usr/lib/x86_64-linux-gnu/libX11.so.6.4.0
2024/11/10 06:53:44 recorder.go:46: 1731221624879891493 Lookup     /usr/lib/x86_64-linux-gnu/libXext.so.6
2024/11/10 06:53:44 recorder.go:46: 1731221624879967768 Lookup     /usr/lib/x86_64-linux-gnu/libXext.so.6.4.0
2024/11/10 06:53:44 recorder.go:46: 1731221624880052217 Open       /usr/lib/x86_64-linux-gnu/libXext.so.6.4.0
2024/11/10 06:53:44 recorder.go:46: 1731221624880409072 Lookup     /usr/lib/x86_64-linux-gnu/libxcb.so.1
2024/11/10 06:53:44 recorder.go:46: 1731221624880452774 Lookup     /usr/lib/x86_64-linux-gnu/libxcb.so.1.1.0
2024/11/10 06:53:44 recorder.go:46: 1731221624880529019 Open       /usr/lib/x86_64-linux-gnu/libxcb.so.1.1.0
2024/11/10 06:53:44 recorder.go:46: 1731221624880975763 Lookup     /usr/lib/x86_64-linux-gnu/libXau.so.6
2024/11/10 06:53:44 recorder.go:46: 1731221624881026950 Lookup     /usr/lib/x86_64-linux-gnu/libXau.so.6.0.0
2024/11/10 06:53:44 recorder.go:46: 1731221624881102442 Open       /usr/lib/x86_64-linux-gnu/libXau.so.6.0.0
2024/11/10 06:53:44 recorder.go:46: 1731221624881447545 Lookup     /usr/lib/x86_64-linux-gnu/libXdmcp.so.6
2024/11/10 06:53:44 recorder.go:46: 1731221624881484535 Lookup     /usr/lib/x86_64-linux-gnu/libXdmcp.so.6.0.0
2024/11/10 06:53:44 recorder.go:46: 1731221624881560258 Open       /usr/lib/x86_64-linux-gnu/libXdmcp.so.6.0.0
2024/11/10 06:53:44 recorder.go:46: 1731221624881926089 Lookup     /usr/lib/x86_64-linux-gnu/libbsd.so.0
2024/11/10 06:53:44 recorder.go:46: 1731221624881991853 Lookup     /usr/lib/x86_64-linux-gnu/libbsd.so.0.11.5
2024/11/10 06:53:44 recorder.go:46: 1731221624882059191 Open       /usr/lib/x86_64-linux-gnu/libbsd.so.0.11.5
2024/11/10 06:53:44 recorder.go:46: 1731221624882428880 Lookup     /usr/lib/x86_64-linux-gnu/libmd.so.0
2024/11/10 06:53:44 recorder.go:46: 1731221624882460950 Lookup     /usr/lib/x86_64-linux-gnu/libmd.so.0.0.5
2024/11/10 06:53:44 recorder.go:46: 1731221624882531113 Open       /usr/lib/x86_64-linux-gnu/libmd.so.0.0.5
2024/11/10 06:53:44 recorder.go:46: 1731221624883442506 Open       /usr/lib/x86_64-linux-gnu/hwloc/hwloc_pci.so
2024/11/10 06:53:44 recorder.go:46: 1731221624883709701 Open       /etc/ld.so.cache
2024/11/10 06:53:44 recorder.go:46: 1731221624895790996 Lookup     /usr/lib/x86_64-linux-gnu/libpciaccess.so.0
2024/11/10 06:53:44 recorder.go:46: 1731221624895914941 Lookup     /usr/lib/x86_64-linux-gnu/libpciaccess.so.0.11.1
2024/11/10 06:53:44 recorder.go:46: 1731221624896041540 Open       /usr/lib/x86_64-linux-gnu/libpciaccess.so.0.11.1
2024/11/10 06:53:45 recorder.go:46: 1731221625220872230 Lookup     /run
2024/11/10 06:53:45 recorder.go:46: 1731221625226969254 Lookup     /var
2024/11/10 06:53:45 recorder.go:46: 1731221625227024358 Lookup     /var/run
2024/11/10 06:53:45 recorder.go:46: 1731221625228333653 Lookup     /etc/gai.conf
2024/11/10 06:53:45 recorder.go:46: 1731221625228384499 Open       /etc/gai.conf
2024/11/10 06:53:45 recorder.go:46: 1731221625237031093 Lookup     /usr/share
2024/11/10 06:53:45 recorder.go:46: 1731221625237110713 Lookup     /usr/share/misc
2024/11/10 06:53:45 recorder.go:46: 1731221625253782917 Open       /etc/ld.so.cache
2024/11/10 06:53:45 recorder.go:46: 1731221625262734828 Open       /etc/ld.so.cache
2024/11/10 06:53:45 recorder.go:46: 1731221625263428970 Open       /etc/ld.so.cache
2024/11/10 06:53:45 recorder.go:46: 1731221625264082856 Open       /etc/ld.so.cache
2024/11/10 06:53:45 recorder.go:46: 1731221625264629469 Open       /etc/ld.so.cache
2024/11/10 06:53:45 recorder.go:46: 1731221625265261554 Open       /etc/ld.so.cache
2024/11/10 06:53:45 recorder.go:46: 1731221625265924417 Open       /etc/ld.so.cache
2024/11/10 06:53:45 recorder.go:46: 1731221625266514802 Open       /etc/ld.so.cache
2024/11/10 06:53:45 recorder.go:46: 1731221625267123212 Open       /etc/ld.so.cache
2024/11/10 06:53:45 recorder.go:46: 1731221625267798379 Open       /etc/ld.so.cache
2024/11/10 06:53:45 recorder.go:46: 1731221625268471321 Open       /etc/ld.so.cache
2024/11/10 06:53:45 recorder.go:46: 1731221625269135476 Open       /etc/ld.so.cache
2024/11/10 06:53:45 recorder.go:46: 1731221625269735821 Open       /etc/ld.so.cache
2024/11/10 06:53:45 recorder.go:46: 1731221625270286161 Open       /etc/ld.so.cache
2024/11/10 06:53:45 recorder.go:46: 1731221625270862190 Open       /etc/ld.so.cache
2024/11/10 06:53:45 recorder.go:46: 1731221625271380950 Open       /etc/ld.so.cache
2024/11/10 06:53:45 recorder.go:46: 1731221625271892878 Open       /etc/ld.so.cache
2024/11/10 06:53:45 recorder.go:46: 1731221625282635824 Lookup     /opt/lammps/examples/reaxff/HNS/in.reaxc.hns
2024/11/10 06:53:45 recorder.go:46: 1731221625282783243 Open       /opt/lammps/examples/reaxff/HNS/in.reaxc.hns
2024/11/10 06:53:45 recorder.go:46: 1731221625294646987 Lookup     /opt/lammps/examples/reaxff/HNS/data.hns-equil
2024/11/10 06:53:45 recorder.go:46: 1731221625294733681 Open       /opt/lammps/examples/reaxff/HNS/data.hns-equil
2024/11/10 06:53:45 recorder.go:46: 1731221625294956122 Open       /opt/lammps/examples/reaxff/HNS/data.hns-equil
2024/11/10 06:53:45 recorder.go:46: 1731221625300990889 Lookup     /opt/lammps/examples/reaxff/HNS/ffield.reax.hns
2024/11/10 06:53:45 recorder.go:46: 1731221625301051553 Open       /opt/lammps/examples/reaxff/HNS/ffield.reax.hns
2024/11/10 06:53:45 recorder.go:46: 1731221625301192269 Open       /opt/lammps/examples/reaxff/HNS/ffield.reax.hns
2024/11/10 06:53:45 recorder.go:46: 1731221625301502886 Open       /opt/lammps/examples/reaxff/HNS/ffield.reax.hns
2024/11/10 06:53:45 recorder.go:46: 1731221625301706942 Open       /opt/lammps/examples/reaxff/HNS/ffield.reax.hns
2024/11/10 07:00:52 recorder.go:46: 1731222052105561417 Lookup     /etc
2024/11/10 07:00:52 recorder.go:46: 1731222052105703105 Lookup     /etc/host.conf
2024/11/10 07:00:52 recorder.go:46: 1731222052105782856 Lookup     /etc/hosts
2024/11/10 07:00:52 recorder.go:46: 1731222052105806411 Lookup     /etc/nsswitch.conf
2024/11/10 07:00:52 recorder.go:46: 1731222052105829855 Lookup     /etc/resolv.conf
2024/11/10 07:00:52 recorder.go:46: 1731222052105855133 Lookup     /dev
2024/11/10 07:00:52 recorder.go:46: 1731222052105878437 Lookup     /sys
2024/11/10 07:00:52 recorder.go:46: 1731222052105899146 Lookup     /proc
2024/11/10 07:00:52 recorder.go:46: 1731222052105926488 Lookup     /tmp
2024/11/10 07:00:52 recorder.go:46: 1731222052105946205 Lookup     /root
2024/11/10 07:00:52 recorder.go:46: 1731222052105982704 Lookup     /opt
2024/11/10 07:00:52 recorder.go:46: 1731222052106003754 Lookup     /opt/lammps
2024/11/10 07:00:52 recorder.go:46: 1731222052106024022 Lookup     /opt/lammps/examples
2024/11/10 07:00:52 recorder.go:46: 1731222052106047877 Lookup     /opt/lammps/examples/reaxff
2024/11/10 07:00:52 recorder.go:46: 1731222052106074999 Lookup     /opt/lammps/examples/reaxff/HNS
2024/11/10 07:00:52 recorder.go:46: 1731222052106180648 Lookup     /usr
2024/11/10 07:00:52 recorder.go:46: 1731222052106201257 Lookup     /usr/local
2024/11/10 07:00:52 recorder.go:46: 1731222052106221756 Lookup     /usr/local/sbin
2024/11/10 07:00:52 recorder.go:46: 1731222052106297890 Lookup     /usr/local/bin
2024/11/10 07:00:52 recorder.go:46: 1731222052106366199 Lookup     /usr/sbin
2024/11/10 07:00:52 recorder.go:46: 1731222052106436923 Lookup     /usr/bin
2024/11/10 07:00:52 recorder.go:46: 1731222052106467411 Lookup     /usr/bin/lmp
2024/11/10 07:00:52 recorder.go:46: 1731222052106723906 Open       /usr/bin/lmp
2024/11/10 07:00:52 recorder.go:46: 1731222052106854232 Open       /usr/bin/lmp
2024/11/10 07:00:52 recorder.go:46: 1731222052106935686 Lookup     /lib64
2024/11/10 07:00:52 recorder.go:46: 1731222052107037018 Lookup     /usr/lib64
2024/11/10 07:00:52 recorder.go:46: 1731222052107149000 Lookup     /usr/lib64/ld-linux-x86-64.so.2
2024/11/10 07:00:52 recorder.go:46: 1731222052107252796 Lookup     /lib
2024/11/10 07:00:52 recorder.go:46: 1731222052107302831 Lookup     /usr/lib
2024/11/10 07:00:52 recorder.go:46: 1731222052107390527 Lookup     /usr/lib/x86_64-linux-gnu
2024/11/10 07:00:52 recorder.go:46: 1731222052107422707 Lookup     /usr/lib/x86_64-linux-gnu/ld-linux-x86-64.so.2
2024/11/10 07:00:52 recorder.go:46: 1731222052107602427 Open       /usr/lib/x86_64-linux-gnu/ld-linux-x86-64.so.2
2024/11/10 07:00:52 recorder.go:46: 1731222052108377653 Open       /usr/bin/lmp
2024/11/10 07:00:52 recorder.go:46: 1731222052108879362 Open       /usr/lib/x86_64-linux-gnu/ld-linux-x86-64.so.2
2024/11/10 07:00:52 recorder.go:46: 1731222052109564588 Lookup     /etc/ld.so.cache
2024/11/10 07:00:52 recorder.go:46: 1731222052109596358 Open       /etc/ld.so.cache
2024/11/10 07:00:52 recorder.go:46: 1731222052109808139 Lookup     /usr/lib/x86_64-linux-gnu/libgomp.so.1
2024/11/10 07:00:52 recorder.go:46: 1731222052109859486 Lookup     /usr/lib/x86_64-linux-gnu/libgomp.so.1.0.0
2024/11/10 07:00:52 recorder.go:46: 1731222052109921904 Open       /usr/lib/x86_64-linux-gnu/libgomp.so.1.0.0
2024/11/10 07:00:52 recorder.go:46: 1731222052110429875 Lookup     /usr/lib/x86_64-linux-gnu/libmpich.so.12
2024/11/10 07:00:52 recorder.go:46: 1731222052110466273 Lookup     /usr/lib/x86_64-linux-gnu/libmpich.so.12.2.0
2024/11/10 07:00:52 recorder.go:46: 1731222052110543139 Open       /usr/lib/x86_64-linux-gnu/libmpich.so.12.2.0
2024/11/10 07:00:52 recorder.go:46: 1731222052111229767 Lookup     /usr/lib/x86_64-linux-gnu/libstdc++.so.6
2024/11/10 07:00:52 recorder.go:46: 1731222052111276095 Lookup     /usr/lib/x86_64-linux-gnu/libstdc++.so.6.0.30
2024/11/10 07:00:52 recorder.go:46: 1731222052111338523 Open       /usr/lib/x86_64-linux-gnu/libstdc++.so.6.0.30
2024/11/10 07:00:52 recorder.go:46: 1731222052111788183 Lookup     /usr/lib/x86_64-linux-gnu/libm.so.6
2024/11/10 07:00:52 recorder.go:46: 1731222052111828009 Open       /usr/lib/x86_64-linux-gnu/libm.so.6
2024/11/10 07:00:52 recorder.go:46: 1731222052112262210 Lookup     /usr/lib/x86_64-linux-gnu/libgcc_s.so.1
2024/11/10 07:00:52 recorder.go:46: 1731222052112297096 Open       /usr/lib/x86_64-linux-gnu/libgcc_s.so.1
2024/11/10 07:00:52 recorder.go:46: 1731222052112601341 Lookup     /usr/lib/x86_64-linux-gnu/libc.so.6
2024/11/10 07:00:52 recorder.go:46: 1731222052112631368 Open       /usr/lib/x86_64-linux-gnu/libc.so.6
2024/11/10 07:00:52 recorder.go:46: 1731222052113110174 Lookup     /usr/lib/x86_64-linux-gnu/libhwloc.so.15
2024/11/10 07:00:52 recorder.go:46: 1731222052113144318 Lookup     /usr/lib/x86_64-linux-gnu/libhwloc.so.15.5.2
2024/11/10 07:00:52 recorder.go:46: 1731222052113202468 Open       /usr/lib/x86_64-linux-gnu/libhwloc.so.15.5.2
2024/11/10 07:00:52 recorder.go:46: 1731222052113582707 Lookup     /usr/lib/x86_64-linux-gnu/libfabric.so.1
2024/11/10 07:00:52 recorder.go:46: 1731222052113620609 Lookup     /usr/lib/x86_64-linux-gnu/libfabric.so.1.14.0
2024/11/10 07:00:52 recorder.go:46: 1731222052113680412 Open       /usr/lib/x86_64-linux-gnu/libfabric.so.1.14.0
2024/11/10 07:00:52 recorder.go:46: 1731222052114211336 Lookup     /usr/lib/x86_64-linux-gnu/libudev.so.1
2024/11/10 07:00:52 recorder.go:46: 1731222052114259117 Lookup     /usr/lib/x86_64-linux-gnu/libudev.so.1.7.2
2024/11/10 07:00:52 recorder.go:46: 1731222052114351131 Open       /usr/lib/x86_64-linux-gnu/libudev.so.1.7.2
2024/11/10 07:00:52 recorder.go:46: 1731222052114864311 Lookup     /usr/lib/x86_64-linux-gnu/librdmacm.so.1
2024/11/10 07:00:52 recorder.go:46: 1731222052114917732 Lookup     /usr/lib/x86_64-linux-gnu/librdmacm.so.1.3.39.0
2024/11/10 07:00:52 recorder.go:46: 1731222052114996752 Open       /usr/lib/x86_64-linux-gnu/librdmacm.so.1.3.39.0
2024/11/10 07:00:52 recorder.go:46: 1731222052115342505 Lookup     /usr/lib/x86_64-linux-gnu/libefa.so.1
2024/11/10 07:00:52 recorder.go:46: 1731222052115386849 Lookup     /usr/lib/x86_64-linux-gnu/libefa.so.1.1.39.0
2024/11/10 07:00:52 recorder.go:46: 1731222052115457373 Open       /usr/lib/x86_64-linux-gnu/libefa.so.1.1.39.0
2024/11/10 07:00:52 recorder.go:46: 1731222052115901292 Lookup     /usr/lib/x86_64-linux-gnu/libibverbs.so.1
2024/11/10 07:00:52 recorder.go:46: 1731222052115948962 Lookup     /usr/lib/x86_64-linux-gnu/libibverbs.so.1.14.39.0
2024/11/10 07:00:52 recorder.go:46: 1731222052116016841 Open       /usr/lib/x86_64-linux-gnu/libibverbs.so.1.14.39.0
2024/11/10 07:00:52 recorder.go:46: 1731222052116327358 Lookup     /usr/lib/x86_64-linux-gnu/libpsm_infinipath.so.1
2024/11/10 07:00:52 recorder.go:46: 1731222052116429942 Lookup     /etc/alternatives
2024/11/10 07:00:52 recorder.go:46: 1731222052116467713 Lookup     /etc/alternatives/libpsm_infinipath.so.1
2024/11/10 07:00:52 recorder.go:46: 1731222052116549097 Lookup     /usr/lib/libpsm1
2024/11/10 07:00:52 recorder.go:46: 1731222052116571620 Lookup     /usr/lib/libpsm1/libpsm_infinipath.so.1.16
2024/11/10 07:00:52 recorder.go:46: 1731222052116605774 Open       /usr/lib/libpsm1/libpsm_infinipath.so.1.16
2024/11/10 07:00:52 recorder.go:46: 1731222052117011772 Lookup     /usr/lib/x86_64-linux-gnu/libpsm2.so.2
2024/11/10 07:00:52 recorder.go:46: 1731222052117058971 Lookup     /usr/lib/x86_64-linux-gnu/libpsm2.so.2.2
2024/11/10 07:00:52 recorder.go:46: 1731222052117118594 Open       /usr/lib/x86_64-linux-gnu/libpsm2.so.2.2
2024/11/10 07:00:52 recorder.go:46: 1731222052117450572 Lookup     /usr/lib/x86_64-linux-gnu/libnl-3.so.200
2024/11/10 07:00:52 recorder.go:46: 1731222052117512680 Lookup     /usr/lib/x86_64-linux-gnu/libnl-3.so.200.26.0
2024/11/10 07:00:52 recorder.go:46: 1731222052117600526 Open       /usr/lib/x86_64-linux-gnu/libnl-3.so.200.26.0
2024/11/10 07:00:52 recorder.go:46: 1731222052118019488 Lookup     /usr/lib/x86_64-linux-gnu/libnl-route-3.so.200
2024/11/10 07:00:52 recorder.go:46: 1731222052118072659 Lookup     /usr/lib/x86_64-linux-gnu/libnl-route-3.so.200.26.0
2024/11/10 07:00:52 recorder.go:46: 1731222052118136770 Open       /usr/lib/x86_64-linux-gnu/libnl-route-3.so.200.26.0
2024/11/10 07:00:52 recorder.go:46: 1731222052119199209 Lookup     /usr/lib/x86_64-linux-gnu/libinfinipath.so.4
2024/11/10 07:00:52 recorder.go:46: 1731222052119307664 Lookup     /usr/lib/x86_64-linux-gnu/libinfinipath.so.4.0
2024/11/10 07:00:52 recorder.go:46: 1731222052119411050 Open       /usr/lib/x86_64-linux-gnu/libinfinipath.so.4.0
2024/11/10 07:00:52 recorder.go:46: 1731222052119823360 Lookup     /usr/lib/x86_64-linux-gnu/librt.so.1
2024/11/10 07:00:52 recorder.go:46: 1731222052119866150 Open       /usr/lib/x86_64-linux-gnu/librt.so.1
2024/11/10 07:00:52 recorder.go:46: 1731222052120147653 Lookup     /usr/lib/x86_64-linux-gnu/libpthread.so.0
2024/11/10 07:00:52 recorder.go:46: 1731222052120178090 Open       /usr/lib/x86_64-linux-gnu/libpthread.so.0
2024/11/10 07:00:52 recorder.go:46: 1731222052120452048 Lookup     /usr/lib/x86_64-linux-gnu/libdl.so.2
2024/11/10 07:00:52 recorder.go:46: 1731222052120479801 Open       /usr/lib/x86_64-linux-gnu/libdl.so.2
2024/11/10 07:00:52 recorder.go:46: 1731222052120744772 Lookup     /usr/lib/x86_64-linux-gnu/libuuid.so.1
2024/11/10 07:00:52 recorder.go:46: 1731222052120779157 Lookup     /usr/lib/x86_64-linux-gnu/libuuid.so.1.3.0
2024/11/10 07:00:52 recorder.go:46: 1731222052120833720 Open       /usr/lib/x86_64-linux-gnu/libuuid.so.1.3.0
2024/11/10 07:00:52 recorder.go:46: 1731222052121123518 Lookup     /usr/lib/x86_64-linux-gnu/libnuma.so.1
2024/11/10 07:00:52 recorder.go:46: 1731222052121155018 Lookup     /usr/lib/x86_64-linux-gnu/libnuma.so.1.0.0
2024/11/10 07:00:52 recorder.go:46: 1731222052121208649 Open       /usr/lib/x86_64-linux-gnu/libnuma.so.1.0.0
2024/11/10 07:00:52 recorder.go:46: 1731222052332360549 Lookup     /usr/lib/x86_64-linux-gnu/hwloc
2024/11/10 07:00:52 recorder.go:46: 1731222052332553504 Lookup     /usr/lib/x86_64-linux-gnu/hwloc/hwloc_opencl.so
2024/11/10 07:00:52 recorder.go:46: 1731222052332589572 Lookup     /usr/lib/x86_64-linux-gnu/hwloc/hwloc_xml_libxml.so
2024/11/10 07:00:52 recorder.go:46: 1731222052332601094 Lookup     /usr/lib/x86_64-linux-gnu/hwloc/hwloc_gl.so
2024/11/10 07:00:52 recorder.go:46: 1731222052332612596 Lookup     /usr/lib/x86_64-linux-gnu/hwloc/hwloc_pci.so
2024/11/10 07:00:52 recorder.go:46: 1731222052332760445 Open       /usr/lib/x86_64-linux-gnu/hwloc/hwloc_opencl.so
2024/11/10 07:00:52 recorder.go:46: 1731222052333040235 Open       /etc/ld.so.cache
2024/11/10 07:00:52 recorder.go:46: 1731222052333308302 Lookup     /usr/lib/x86_64-linux-gnu/libOpenCL.so.1
2024/11/10 07:00:52 recorder.go:46: 1731222052333357384 Lookup     /usr/lib/x86_64-linux-gnu/libOpenCL.so.1.0.0
2024/11/10 07:00:52 recorder.go:46: 1731222052333438738 Open       /usr/lib/x86_64-linux-gnu/libOpenCL.so.1.0.0
2024/11/10 07:00:52 recorder.go:46: 1731222052333966096 Open       /usr/lib/x86_64-linux-gnu/hwloc/hwloc_xml_libxml.so
2024/11/10 07:00:52 recorder.go:46: 1731222052334338460 Open       /etc/ld.so.cache
2024/11/10 07:00:52 recorder.go:46: 1731222052334577342 Lookup     /usr/lib/x86_64-linux-gnu/libxml2.so.2
2024/11/10 07:00:52 recorder.go:46: 1731222052334631113 Lookup     /usr/lib/x86_64-linux-gnu/libxml2.so.2.9.13
2024/11/10 07:00:52 recorder.go:46: 1731222052334705935 Open       /usr/lib/x86_64-linux-gnu/libxml2.so.2.9.13
2024/11/10 07:00:52 recorder.go:46: 1731222052335186704 Lookup     /usr/lib/x86_64-linux-gnu/libicuuc.so.70
2024/11/10 07:00:52 recorder.go:46: 1731222052335224676 Lookup     /usr/lib/x86_64-linux-gnu/libicuuc.so.70.1
2024/11/10 07:00:52 recorder.go:46: 1731222052335292504 Open       /usr/lib/x86_64-linux-gnu/libicuuc.so.70.1
2024/11/10 07:00:52 recorder.go:46: 1731222052335743216 Lookup     /usr/lib/x86_64-linux-gnu/libz.so.1
2024/11/10 07:00:52 recorder.go:46: 1731222052335781549 Lookup     /usr/lib/x86_64-linux-gnu/libz.so.1.2.11
2024/11/10 07:00:52 recorder.go:46: 1731222052335846401 Open       /usr/lib/x86_64-linux-gnu/libz.so.1.2.11
2024/11/10 07:00:52 recorder.go:46: 1731222052336345095 Lookup     /usr/lib/x86_64-linux-gnu/liblzma.so.5
2024/11/10 07:00:52 recorder.go:46: 1731222052336392705 Lookup     /usr/lib/x86_64-linux-gnu/liblzma.so.5.2.5
2024/11/10 07:00:52 recorder.go:46: 1731222052336461114 Open       /usr/lib/x86_64-linux-gnu/liblzma.so.5.2.5
2024/11/10 07:00:52 recorder.go:46: 1731222052336852053 Lookup     /usr/lib/x86_64-linux-gnu/libicudata.so.70
2024/11/10 07:00:52 recorder.go:46: 1731222052336892229 Lookup     /usr/lib/x86_64-linux-gnu/libicudata.so.70.1
2024/11/10 07:00:52 recorder.go:46: 1731222052336960228 Open       /usr/lib/x86_64-linux-gnu/libicudata.so.70.1
2024/11/10 07:00:52 recorder.go:46: 1731222052338230560 Open       /usr/lib/x86_64-linux-gnu/hwloc/hwloc_gl.so
2024/11/10 07:00:52 recorder.go:46: 1731222052338487967 Open       /etc/ld.so.cache
2024/11/10 07:00:52 recorder.go:46: 1731222052338716860 Lookup     /usr/lib/x86_64-linux-gnu/libXNVCtrl.so.0
2024/11/10 07:00:52 recorder.go:46: 1731222052338764430 Lookup     /usr/lib/x86_64-linux-gnu/libXNVCtrl.so.0.0.0
2024/11/10 07:00:52 recorder.go:46: 1731222052338838761 Open       /usr/lib/x86_64-linux-gnu/libXNVCtrl.so.0.0.0
2024/11/10 07:00:52 recorder.go:46: 1731222052339130312 Lookup     /usr/lib/x86_64-linux-gnu/libX11.so.6
2024/11/10 07:00:52 recorder.go:46: 1731222052339170538 Lookup     /usr/lib/x86_64-linux-gnu/libX11.so.6.4.0
2024/11/10 07:00:52 recorder.go:46: 1731222052339236272 Open       /usr/lib/x86_64-linux-gnu/libX11.so.6.4.0
2024/11/10 07:00:52 recorder.go:46: 1731222052339668580 Lookup     /usr/lib/x86_64-linux-gnu/libXext.so.6
2024/11/10 07:00:52 recorder.go:46: 1731222052339721680 Lookup     /usr/lib/x86_64-linux-gnu/libXext.so.6.4.0
2024/11/10 07:00:52 recorder.go:46: 1731222052339795280 Open       /usr/lib/x86_64-linux-gnu/libXext.so.6.4.0
2024/11/10 07:00:52 recorder.go:46: 1731222052340138849 Lookup     /usr/lib/x86_64-linux-gnu/libxcb.so.1
2024/11/10 07:00:52 recorder.go:46: 1731222052340180729 Lookup     /usr/lib/x86_64-linux-gnu/libxcb.so.1.1.0
2024/11/10 07:00:52 recorder.go:46: 1731222052340245792 Open       /usr/lib/x86_64-linux-gnu/libxcb.so.1.1.0
2024/11/10 07:00:52 recorder.go:46: 1731222052340658091 Lookup     /usr/lib/x86_64-linux-gnu/libXau.so.6
2024/11/10 07:00:52 recorder.go:46: 1731222052340720079 Lookup     /usr/lib/x86_64-linux-gnu/libXau.so.6.0.0
2024/11/10 07:00:52 recorder.go:46: 1731222052340787115 Open       /usr/lib/x86_64-linux-gnu/libXau.so.6.0.0
2024/11/10 07:00:52 recorder.go:46: 1731222052341108022 Lookup     /usr/lib/x86_64-linux-gnu/libXdmcp.so.6
2024/11/10 07:00:52 recorder.go:46: 1731222052341145633 Lookup     /usr/lib/x86_64-linux-gnu/libXdmcp.so.6.0.0
2024/11/10 07:00:52 recorder.go:46: 1731222052341206478 Open       /usr/lib/x86_64-linux-gnu/libXdmcp.so.6.0.0
2024/11/10 07:00:52 recorder.go:46: 1731222052341475978 Lookup     /usr/lib/x86_64-linux-gnu/libbsd.so.0
2024/11/10 07:00:52 recorder.go:46: 1731222052341542674 Lookup     /usr/lib/x86_64-linux-gnu/libbsd.so.0.11.5
2024/11/10 07:00:52 recorder.go:46: 1731222052341607617 Open       /usr/lib/x86_64-linux-gnu/libbsd.so.0.11.5
2024/11/10 07:00:52 recorder.go:46: 1731222052342254721 Lookup     /usr/lib/x86_64-linux-gnu/libmd.so.0
2024/11/10 07:00:52 recorder.go:46: 1731222052342309184 Lookup     /usr/lib/x86_64-linux-gnu/libmd.so.0.0.5
2024/11/10 07:00:52 recorder.go:46: 1731222052342404164 Open       /usr/lib/x86_64-linux-gnu/libmd.so.0.0.5
2024/11/10 07:00:52 recorder.go:46: 1731222052343346335 Open       /usr/lib/x86_64-linux-gnu/hwloc/hwloc_pci.so
2024/11/10 07:00:52 recorder.go:46: 1731222052343657654 Open       /etc/ld.so.cache
2024/11/10 07:00:52 recorder.go:46: 1731222052343872270 Lookup     /usr/lib/x86_64-linux-gnu/libpciaccess.so.0
2024/11/10 07:00:52 recorder.go:46: 1731222052343925992 Lookup     /usr/lib/x86_64-linux-gnu/libpciaccess.so.0.11.1
2024/11/10 07:00:52 recorder.go:46: 1731222052343993810 Open       /usr/lib/x86_64-linux-gnu/libpciaccess.so.0.11.1
2024/11/10 07:00:52 recorder.go:46: 1731222052652540061 Lookup     /run
2024/11/10 07:00:52 recorder.go:46: 1731222052658834235 Lookup     /var
2024/11/10 07:00:52 recorder.go:46: 1731222052658910669 Lookup     /var/run
2024/11/10 07:00:52 recorder.go:46: 1731222052660069261 Lookup     /etc/gai.conf
2024/11/10 07:00:52 recorder.go:46: 1731222052660103085 Open       /etc/gai.conf
2024/11/10 07:00:52 recorder.go:46: 1731222052668267184 Lookup     /usr/share
2024/11/10 07:00:52 recorder.go:46: 1731222052668322048 Lookup     /usr/share/misc
2024/11/10 07:00:52 recorder.go:46: 1731222052684789682 Open       /etc/ld.so.cache
2024/11/10 07:00:52 recorder.go:46: 1731222052693453356 Open       /etc/ld.so.cache
2024/11/10 07:00:52 recorder.go:46: 1731222052694134144 Open       /etc/ld.so.cache
2024/11/10 07:00:52 recorder.go:46: 1731222052694778773 Open       /etc/ld.so.cache
2024/11/10 07:00:52 recorder.go:46: 1731222052695353390 Open       /etc/ld.so.cache
2024/11/10 07:00:52 recorder.go:46: 1731222052696018979 Open       /etc/ld.so.cache
2024/11/10 07:00:52 recorder.go:46: 1731222052696742547 Open       /etc/ld.so.cache
2024/11/10 07:00:52 recorder.go:46: 1731222052697294361 Open       /etc/ld.so.cache
2024/11/10 07:00:52 recorder.go:46: 1731222052697824894 Open       /etc/ld.so.cache
2024/11/10 07:00:52 recorder.go:46: 1731222052698372590 Open       /etc/ld.so.cache
2024/11/10 07:00:52 recorder.go:46: 1731222052698993835 Open       /etc/ld.so.cache
2024/11/10 07:00:52 recorder.go:46: 1731222052699569203 Open       /etc/ld.so.cache
2024/11/10 07:00:52 recorder.go:46: 1731222052700078836 Open       /etc/ld.so.cache
2024/11/10 07:00:52 recorder.go:46: 1731222052700597067 Open       /etc/ld.so.cache
2024/11/10 07:00:52 recorder.go:46: 1731222052701189577 Open       /etc/ld.so.cache
2024/11/10 07:00:52 recorder.go:46: 1731222052701809269 Open       /etc/ld.so.cache
2024/11/10 07:00:52 recorder.go:46: 1731222052702414975 Open       /etc/ld.so.cache
2024/11/10 07:00:52 recorder.go:46: 1731222052712207234 Lookup     /opt/lammps/examples/reaxff/HNS/in.reaxc.hns
2024/11/10 07:00:52 recorder.go:46: 1731222052712336969 Open       /opt/lammps/examples/reaxff/HNS/in.reaxc.hns
2024/11/10 07:00:52 recorder.go:46: 1731222052713866542 Lookup     /opt/lammps/examples/reaxff/HNS/data.hns-equil
2024/11/10 07:00:52 recorder.go:46: 1731222052713914272 Open       /opt/lammps/examples/reaxff/HNS/data.hns-equil
2024/11/10 07:00:52 recorder.go:46: 1731222052714050760 Open       /opt/lammps/examples/reaxff/HNS/data.hns-equil
2024/11/10 07:00:52 recorder.go:46: 1731222052717460549 Lookup     /opt/lammps/examples/reaxff/HNS/ffield.reax.hns
2024/11/10 07:00:52 recorder.go:46: 1731222052717534909 Open       /opt/lammps/examples/reaxff/HNS/ffield.reax.hns
2024/11/10 07:00:52 recorder.go:46: 1731222052717637934 Open       /opt/lammps/examples/reaxff/HNS/ffield.reax.hns
2024/11/10 07:00:52 recorder.go:46: 1731222052717798528 Open       /opt/lammps/examples/reaxff/HNS/ffield.reax.hns
2024/11/10 07:00:52 recorder.go:46: 1731222052717980232 Open       /opt/lammps/examples/reaxff/HNS/ffield.reax.hns
