2024/11/10 17:59:41 recorder.go:46: 1731261581723733010 Lookup     /etc
2024/11/10 17:59:41 recorder.go:46: 1731261581723956147 Lookup     /etc/host.conf
2024/11/10 17:59:41 recorder.go:46: 1731261581724025059 Lookup     /etc/hosts
2024/11/10 17:59:41 recorder.go:46: 1731261581724052141 Lookup     /etc/nsswitch.conf
2024/11/10 17:59:41 recorder.go:46: 1731261581724075065 Lookup     /etc/resolv.conf
2024/11/10 17:59:41 recorder.go:46: 1731261581724100995 Lookup     /dev
2024/11/10 17:59:41 recorder.go:46: 1731261581724126233 Lookup     /sys
2024/11/10 17:59:41 recorder.go:46: 1731261581724145109 Lookup     /proc
2024/11/10 17:59:41 recorder.go:46: 1731261581724172542 Lookup     /tmp
2024/11/10 17:59:41 recorder.go:46: 1731261581724190356 Lookup     /root
2024/11/10 17:59:41 recorder.go:46: 1731261581724227668 Lookup     /opt
2024/11/10 17:59:41 recorder.go:46: 1731261581724245843 Lookup     /opt/lammps
2024/11/10 17:59:41 recorder.go:46: 1731261581724264609 Lookup     /opt/lammps/examples
2024/11/10 17:59:41 recorder.go:46: 1731261581724286240 Lookup     /opt/lammps/examples/reax
2024/11/10 17:59:41 recorder.go:46: 1731261581724313031 Lookup     /opt/lammps/examples/reax/HNS
2024/11/10 17:59:41 recorder.go:46: 1731261581724580584 Lookup     /usr
2024/11/10 17:59:41 recorder.go:46: 1731261581724606283 Lookup     /usr/local
2024/11/10 17:59:41 recorder.go:46: 1731261581724624799 Lookup     /usr/local/sbin
2024/11/10 17:59:41 recorder.go:46: 1731261581724699622 Lookup     /usr/local/bin
2024/11/10 17:59:41 recorder.go:46: 1731261581724766100 Lookup     /usr/sbin
2024/11/10 17:59:41 recorder.go:46: 1731261581724834791 Lookup     /usr/bin
2024/11/10 17:59:41 recorder.go:46: 1731261581724861613 Lookup     /usr/bin/lmp
2024/11/10 17:59:41 recorder.go:46: 1731261581725129466 Open       /usr/bin/lmp
2024/11/10 17:59:41 recorder.go:46: 1731261581725547527 Open       /usr/bin/lmp
2024/11/10 17:59:41 recorder.go:46: 1731261581725607242 Lookup     /lib64
2024/11/10 17:59:41 recorder.go:46: 1731261581725673218 Lookup     /usr/lib64
2024/11/10 17:59:41 recorder.go:46: 1731261581725741178 Lookup     /usr/lib64/ld-linux-x86-64.so.2
2024/11/10 17:59:41 recorder.go:46: 1731261581725811704 Lookup     /lib
2024/11/10 17:59:41 recorder.go:46: 1731261581725839186 Lookup     /usr/lib
2024/11/10 17:59:41 recorder.go:46: 1731261581725896807 Lookup     /usr/lib/x86_64-linux-gnu
2024/11/10 17:59:41 recorder.go:46: 1731261581725917306 Lookup     /usr/lib/x86_64-linux-gnu/ld-linux-x86-64.so.2
2024/11/10 17:59:41 recorder.go:46: 1731261581725988643 Open       /usr/lib/x86_64-linux-gnu/ld-linux-x86-64.so.2
2024/11/10 17:59:41 recorder.go:46: 1731261581726672183 Open       /usr/bin/lmp
2024/11/10 17:59:41 recorder.go:46: 1731261581727620450 Open       /usr/lib/x86_64-linux-gnu/ld-linux-x86-64.so.2
2024/11/10 17:59:41 recorder.go:46: 1731261581728893670 Lookup     /etc/ld.so.cache
2024/11/10 17:59:41 recorder.go:46: 1731261581728943696 Open       /etc/ld.so.cache
2024/11/10 17:59:41 recorder.go:46: 1731261581729191020 Lookup     /usr/lib/x86_64-linux-gnu/libmpich.so.12
2024/11/10 17:59:41 recorder.go:46: 1731261581729231658 Lookup     /usr/lib/x86_64-linux-gnu/libmpich.so.12.2.0
2024/11/10 17:59:41 recorder.go:46: 1731261581729287235 Open       /usr/lib/x86_64-linux-gnu/libmpich.so.12.2.0
2024/11/10 17:59:41 recorder.go:46: 1731261581729868328 Lookup     /usr/lib/x86_64-linux-gnu/libgomp.so.1
2024/11/10 17:59:41 recorder.go:46: 1731261581729910218 Lookup     /usr/lib/x86_64-linux-gnu/libgomp.so.1.0.0
2024/11/10 17:59:41 recorder.go:46: 1731261581729963450 Open       /usr/lib/x86_64-linux-gnu/libgomp.so.1.0.0
2024/11/10 17:59:41 recorder.go:46: 1731261581730580102 Lookup     /usr/lib/x86_64-linux-gnu/libstdc++.so.6
2024/11/10 17:59:41 recorder.go:46: 1731261581730640608 Lookup     /usr/lib/x86_64-linux-gnu/libstdc++.so.6.0.30
2024/11/10 17:59:41 recorder.go:46: 1731261581730716223 Open       /usr/lib/x86_64-linux-gnu/libstdc++.so.6.0.30
2024/11/10 17:59:41 recorder.go:46: 1731261581731391978 Lookup     /usr/lib/x86_64-linux-gnu/libm.so.6
2024/11/10 17:59:41 recorder.go:46: 1731261581731433117 Open       /usr/lib/x86_64-linux-gnu/libm.so.6
2024/11/10 17:59:41 recorder.go:46: 1731261581732020894 Lookup     /usr/lib/x86_64-linux-gnu/libgcc_s.so.1
2024/11/10 17:59:41 recorder.go:46: 1731261581732060449 Open       /usr/lib/x86_64-linux-gnu/libgcc_s.so.1
2024/11/10 17:59:41 recorder.go:46: 1731261581732394590 Lookup     /usr/lib/x86_64-linux-gnu/libc.so.6
2024/11/10 17:59:41 recorder.go:46: 1731261581732424948 Open       /usr/lib/x86_64-linux-gnu/libc.so.6
2024/11/10 17:59:41 recorder.go:46: 1731261581732975092 Lookup     /usr/lib/x86_64-linux-gnu/libhwloc.so.15
2024/11/10 17:59:41 recorder.go:46: 1731261581733017624 Lookup     /usr/lib/x86_64-linux-gnu/libhwloc.so.15.5.2
2024/11/10 17:59:41 recorder.go:46: 1731261581733080404 Open       /usr/lib/x86_64-linux-gnu/libhwloc.so.15.5.2
2024/11/10 17:59:41 recorder.go:46: 1731261581733555134 Lookup     /usr/lib/x86_64-linux-gnu/libfabric.so.1
2024/11/10 17:59:41 recorder.go:46: 1731261581733599449 Lookup     /usr/lib/x86_64-linux-gnu/libfabric.so.1.14.0
2024/11/10 17:59:41 recorder.go:46: 1731261581733678270 Open       /usr/lib/x86_64-linux-gnu/libfabric.so.1.14.0
2024/11/10 17:59:41 recorder.go:46: 1731261581734062847 Lookup     /usr/lib/x86_64-linux-gnu/libudev.so.1
2024/11/10 17:59:41 recorder.go:46: 1731261581734110649 Lookup     /usr/lib/x86_64-linux-gnu/libudev.so.1.7.2
2024/11/10 17:59:41 recorder.go:46: 1731261581734182606 Open       /usr/lib/x86_64-linux-gnu/libudev.so.1.7.2
2024/11/10 17:59:41 recorder.go:46: 1731261581734545742 Lookup     /usr/lib/x86_64-linux-gnu/librdmacm.so.1
2024/11/10 17:59:41 recorder.go:46: 1731261581734593093 Lookup     /usr/lib/x86_64-linux-gnu/librdmacm.so.1.3.39.0
2024/11/10 17:59:41 recorder.go:46: 1731261581734659350 Open       /usr/lib/x86_64-linux-gnu/librdmacm.so.1.3.39.0
2024/11/10 17:59:41 recorder.go:46: 1731261581734971639 Lookup     /usr/lib/x86_64-linux-gnu/libefa.so.1
2024/11/10 17:59:41 recorder.go:46: 1731261581735004632 Lookup     /usr/lib/x86_64-linux-gnu/libefa.so.1.1.39.0
2024/11/10 17:59:41 recorder.go:46: 1731261581735063605 Open       /usr/lib/x86_64-linux-gnu/libefa.so.1.1.39.0
2024/11/10 17:59:41 recorder.go:46: 1731261581735348240 Lookup     /usr/lib/x86_64-linux-gnu/libibverbs.so.1
2024/11/10 17:59:41 recorder.go:46: 1731261581735382787 Lookup     /usr/lib/x86_64-linux-gnu/libibverbs.so.1.14.39.0
2024/11/10 17:59:41 recorder.go:46: 1731261581735436369 Open       /usr/lib/x86_64-linux-gnu/libibverbs.so.1.14.39.0
2024/11/10 17:59:41 recorder.go:46: 1731261581735727878 Lookup     /usr/lib/x86_64-linux-gnu/libpsm_infinipath.so.1
2024/11/10 17:59:41 recorder.go:46: 1731261581735833380 Lookup     /etc/alternatives
2024/11/10 17:59:41 recorder.go:46: 1731261581735859570 Lookup     /etc/alternatives/libpsm_infinipath.so.1
2024/11/10 17:59:41 recorder.go:46: 1731261581735927651 Lookup     /usr/lib/libpsm1
2024/11/10 17:59:41 recorder.go:46: 1731261581735950785 Lookup     /usr/lib/libpsm1/libpsm_infinipath.so.1.16
2024/11/10 17:59:41 recorder.go:46: 1731261581735985351 Open       /usr/lib/libpsm1/libpsm_infinipath.so.1.16
2024/11/10 17:59:41 recorder.go:46: 1731261581736469519 Lookup     /usr/lib/x86_64-linux-gnu/libpsm2.so.2
2024/11/10 17:59:41 recorder.go:46: 1731261581736525657 Lookup     /usr/lib/x86_64-linux-gnu/libpsm2.so.2.2
2024/11/10 17:59:41 recorder.go:46: 1731261581736595871 Open       /usr/lib/x86_64-linux-gnu/libpsm2.so.2.2
2024/11/10 17:59:41 recorder.go:46: 1731261581737031637 Lookup     /usr/lib/x86_64-linux-gnu/libnl-3.so.200
2024/11/10 17:59:41 recorder.go:46: 1731261581737071453 Lookup     /usr/lib/x86_64-linux-gnu/libnl-3.so.200.26.0
2024/11/10 17:59:41 recorder.go:46: 1731261581737149683 Open       /usr/lib/x86_64-linux-gnu/libnl-3.so.200.26.0
2024/11/10 17:59:41 recorder.go:46: 1731261581737530122 Lookup     /usr/lib/x86_64-linux-gnu/libnl-route-3.so.200
2024/11/10 17:59:41 recorder.go:46: 1731261581737580288 Lookup     /usr/lib/x86_64-linux-gnu/libnl-route-3.so.200.26.0
2024/11/10 17:59:41 recorder.go:46: 1731261581737649341 Open       /usr/lib/x86_64-linux-gnu/libnl-route-3.so.200.26.0
2024/11/10 17:59:41 recorder.go:46: 1731261581738573842 Lookup     /usr/lib/x86_64-linux-gnu/libinfinipath.so.4
2024/11/10 17:59:41 recorder.go:46: 1731261581738641983 Lookup     /usr/lib/x86_64-linux-gnu/libinfinipath.so.4.0
2024/11/10 17:59:41 recorder.go:46: 1731261581738743447 Open       /usr/lib/x86_64-linux-gnu/libinfinipath.so.4.0
2024/11/10 17:59:41 recorder.go:46: 1731261581739539413 Lookup     /usr/lib/x86_64-linux-gnu/librt.so.1
2024/11/10 17:59:41 recorder.go:46: 1731261581739596202 Open       /usr/lib/x86_64-linux-gnu/librt.so.1
2024/11/10 17:59:41 recorder.go:46: 1731261581739889734 Lookup     /usr/lib/x86_64-linux-gnu/libpthread.so.0
2024/11/10 17:59:41 recorder.go:46: 1731261581739925874 Open       /usr/lib/x86_64-linux-gnu/libpthread.so.0
2024/11/10 17:59:41 recorder.go:46: 1731261581740197534 Lookup     /usr/lib/x86_64-linux-gnu/libdl.so.2
2024/11/10 17:59:41 recorder.go:46: 1731261581740225137 Open       /usr/lib/x86_64-linux-gnu/libdl.so.2
2024/11/10 17:59:41 recorder.go:46: 1731261581740484244 Lookup     /usr/lib/x86_64-linux-gnu/libuuid.so.1
2024/11/10 17:59:41 recorder.go:46: 1731261581740528649 Lookup     /usr/lib/x86_64-linux-gnu/libuuid.so.1.3.0
2024/11/10 17:59:41 recorder.go:46: 1731261581740587762 Open       /usr/lib/x86_64-linux-gnu/libuuid.so.1.3.0
2024/11/10 17:59:41 recorder.go:46: 1731261581740868741 Lookup     /usr/lib/x86_64-linux-gnu/libnuma.so.1
2024/11/10 17:59:41 recorder.go:46: 1731261581740904629 Lookup     /usr/lib/x86_64-linux-gnu/libnuma.so.1.0.0
2024/11/10 17:59:41 recorder.go:46: 1731261581740960567 Open       /usr/lib/x86_64-linux-gnu/libnuma.so.1.0.0
2024/11/10 17:59:41 recorder.go:46: 1731261581967344344 Lookup     /usr/lib/x86_64-linux-gnu/hwloc
2024/11/10 17:59:41 recorder.go:46: 1731261581967647385 Lookup     /usr/lib/x86_64-linux-gnu/hwloc/hwloc_opencl.so
2024/11/10 17:59:41 recorder.go:46: 1731261581967675428 Lookup     /usr/lib/x86_64-linux-gnu/hwloc/hwloc_xml_libxml.so
2024/11/10 17:59:41 recorder.go:46: 1731261581967690908 Lookup     /usr/lib/x86_64-linux-gnu/hwloc/hwloc_gl.so
2024/11/10 17:59:41 recorder.go:46: 1731261581967712369 Lookup     /usr/lib/x86_64-linux-gnu/hwloc/hwloc_pci.so
2024/11/10 17:59:41 recorder.go:46: 1731261581967877476 Open       /usr/lib/x86_64-linux-gnu/hwloc/hwloc_opencl.so
2024/11/10 17:59:41 recorder.go:46: 1731261581968504106 Open       /etc/ld.so.cache
2024/11/10 17:59:41 recorder.go:46: 1731261581968867333 Lookup     /usr/lib/x86_64-linux-gnu/libOpenCL.so.1
2024/11/10 17:59:41 recorder.go:46: 1731261581968919633 Lookup     /usr/lib/x86_64-linux-gnu/libOpenCL.so.1.0.0
2024/11/10 17:59:41 recorder.go:46: 1731261581969009275 Open       /usr/lib/x86_64-linux-gnu/libOpenCL.so.1.0.0
2024/11/10 17:59:41 recorder.go:46: 1731261581969624914 Open       /usr/lib/x86_64-linux-gnu/hwloc/hwloc_xml_libxml.so
2024/11/10 17:59:41 recorder.go:46: 1731261581970117038 Open       /etc/ld.so.cache
2024/11/10 17:59:41 recorder.go:46: 1731261581970323002 Lookup     /usr/lib/x86_64-linux-gnu/libxml2.so.2
2024/11/10 17:59:41 recorder.go:46: 1731261581970364131 Lookup     /usr/lib/x86_64-linux-gnu/libxml2.so.2.9.13
2024/11/10 17:59:41 recorder.go:46: 1731261581970422553 Open       /usr/lib/x86_64-linux-gnu/libxml2.so.2.9.13
2024/11/10 17:59:41 recorder.go:46: 1731261581970895880 Lookup     /usr/lib/x86_64-linux-gnu/libicuuc.so.70
2024/11/10 17:59:41 recorder.go:46: 1731261581970946167 Lookup     /usr/lib/x86_64-linux-gnu/libicuuc.so.70.1
2024/11/10 17:59:41 recorder.go:46: 1731261581971012654 Open       /usr/lib/x86_64-linux-gnu/libicuuc.so.70.1
2024/11/10 17:59:41 recorder.go:46: 1731261581971462717 Lookup     /usr/lib/x86_64-linux-gnu/libz.so.1
2024/11/10 17:59:41 recorder.go:46: 1731261581971510719 Lookup     /usr/lib/x86_64-linux-gnu/libz.so.1.2.11
2024/11/10 17:59:41 recorder.go:46: 1731261581971586774 Open       /usr/lib/x86_64-linux-gnu/libz.so.1.2.11
2024/11/10 17:59:41 recorder.go:46: 1731261581971977383 Lookup     /usr/lib/x86_64-linux-gnu/liblzma.so.5
2024/11/10 17:59:41 recorder.go:46: 1731261581972035995 Lookup     /usr/lib/x86_64-linux-gnu/liblzma.so.5.2.5
2024/11/10 17:59:41 recorder.go:46: 1731261581972121169 Open       /usr/lib/x86_64-linux-gnu/liblzma.so.5.2.5
2024/11/10 17:59:41 recorder.go:46: 1731261581972579387 Lookup     /usr/lib/x86_64-linux-gnu/libicudata.so.70
2024/11/10 17:59:41 recorder.go:46: 1731261581972640023 Lookup     /usr/lib/x86_64-linux-gnu/libicudata.so.70.1
2024/11/10 17:59:41 recorder.go:46: 1731261581972716439 Open       /usr/lib/x86_64-linux-gnu/libicudata.so.70.1
2024/11/10 17:59:41 recorder.go:46: 1731261581974317568 Open       /usr/lib/x86_64-linux-gnu/hwloc/hwloc_gl.so
2024/11/10 17:59:41 recorder.go:46: 1731261581974650847 Open       /etc/ld.so.cache
2024/11/10 17:59:41 recorder.go:46: 1731261581974856331 Lookup     /usr/lib/x86_64-linux-gnu/libXNVCtrl.so.0
2024/11/10 17:59:41 recorder.go:46: 1731261581974898521 Lookup     /usr/lib/x86_64-linux-gnu/libXNVCtrl.so.0.0.0
2024/11/10 17:59:41 recorder.go:46: 1731261581975007721 Open       /usr/lib/x86_64-linux-gnu/libXNVCtrl.so.0.0.0
2024/11/10 17:59:41 recorder.go:46: 1731261581975384854 Lookup     /usr/lib/x86_64-linux-gnu/libX11.so.6
2024/11/10 17:59:41 recorder.go:46: 1731261581975452082 Lookup     /usr/lib/x86_64-linux-gnu/libX11.so.6.4.0
2024/11/10 17:59:41 recorder.go:46: 1731261581975542035 Open       /usr/lib/x86_64-linux-gnu/libX11.so.6.4.0
2024/11/10 17:59:41 recorder.go:46: 1731261581976075106 Lookup     /usr/lib/x86_64-linux-gnu/libXext.so.6
2024/11/10 17:59:41 recorder.go:46: 1731261581976117518 Lookup     /usr/lib/x86_64-linux-gnu/libXext.so.6.4.0
2024/11/10 17:59:41 recorder.go:46: 1731261581976189967 Open       /usr/lib/x86_64-linux-gnu/libXext.so.6.4.0
2024/11/10 17:59:41 recorder.go:46: 1731261581976504038 Lookup     /usr/lib/x86_64-linux-gnu/libxcb.so.1
2024/11/10 17:59:41 recorder.go:46: 1731261581976546850 Lookup     /usr/lib/x86_64-linux-gnu/libxcb.so.1.1.0
2024/11/10 17:59:41 recorder.go:46: 1731261581976640710 Open       /usr/lib/x86_64-linux-gnu/libxcb.so.1.1.0
2024/11/10 17:59:41 recorder.go:46: 1731261581977071636 Lookup     /usr/lib/x86_64-linux-gnu/libXau.so.6
2024/11/10 17:59:41 recorder.go:46: 1731261581977125890 Lookup     /usr/lib/x86_64-linux-gnu/libXau.so.6.0.0
2024/11/10 17:59:41 recorder.go:46: 1731261581977209140 Open       /usr/lib/x86_64-linux-gnu/libXau.so.6.0.0
2024/11/10 17:59:41 recorder.go:46: 1731261581977501530 Lookup     /usr/lib/x86_64-linux-gnu/libXdmcp.so.6
2024/11/10 17:59:41 recorder.go:46: 1731261581977543621 Lookup     /usr/lib/x86_64-linux-gnu/libXdmcp.so.6.0.0
2024/11/10 17:59:41 recorder.go:46: 1731261581977612192 Open       /usr/lib/x86_64-linux-gnu/libXdmcp.so.6.0.0
2024/11/10 17:59:41 recorder.go:46: 1731261581977974797 Lookup     /usr/lib/x86_64-linux-gnu/libbsd.so.0
2024/11/10 17:59:41 recorder.go:46: 1731261581978015776 Lookup     /usr/lib/x86_64-linux-gnu/libbsd.so.0.11.5
2024/11/10 17:59:41 recorder.go:46: 1731261581978083385 Open       /usr/lib/x86_64-linux-gnu/libbsd.so.0.11.5
2024/11/10 17:59:41 recorder.go:46: 1731261581978590287 Lookup     /usr/lib/x86_64-linux-gnu/libmd.so.0
2024/11/10 17:59:41 recorder.go:46: 1731261581978663918 Lookup     /usr/lib/x86_64-linux-gnu/libmd.so.0.0.5
2024/11/10 17:59:41 recorder.go:46: 1731261581978760483 Open       /usr/lib/x86_64-linux-gnu/libmd.so.0.0.5
2024/11/10 17:59:41 recorder.go:46: 1731261581979953950 Open       /usr/lib/x86_64-linux-gnu/hwloc/hwloc_pci.so
2024/11/10 17:59:41 recorder.go:46: 1731261581980325723 Open       /etc/ld.so.cache
2024/11/10 17:59:41 recorder.go:46: 1731261581988776599 Lookup     /usr/lib/x86_64-linux-gnu/libpciaccess.so.0
2024/11/10 17:59:41 recorder.go:46: 1731261581988877142 Lookup     /usr/lib/x86_64-linux-gnu/libpciaccess.so.0.11.1
2024/11/10 17:59:41 recorder.go:46: 1731261581988970290 Open       /usr/lib/x86_64-linux-gnu/libpciaccess.so.0.11.1
2024/11/10 17:59:42 recorder.go:46: 1731261582317556024 Lookup     /run
2024/11/10 17:59:42 recorder.go:46: 1731261582323723043 Lookup     /var
2024/11/10 17:59:42 recorder.go:46: 1731261582323789260 Lookup     /var/run
2024/11/10 17:59:42 recorder.go:46: 1731261582325004539 Lookup     /etc/gai.conf
2024/11/10 17:59:42 recorder.go:46: 1731261582325066277 Open       /etc/gai.conf
2024/11/10 17:59:42 recorder.go:46: 1731261582332761936 Lookup     /usr/share
2024/11/10 17:59:42 recorder.go:46: 1731261582340860267 Lookup     /usr/share/misc
2024/11/10 17:59:42 recorder.go:46: 1731261582359915045 Open       /etc/ld.so.cache
2024/11/10 17:59:42 recorder.go:46: 1731261582369526365 Open       /etc/ld.so.cache
2024/11/10 17:59:42 recorder.go:46: 1731261582370402935 Open       /etc/ld.so.cache
2024/11/10 17:59:42 recorder.go:46: 1731261582371138735 Open       /etc/ld.so.cache
2024/11/10 17:59:42 recorder.go:46: 1731261582371815913 Open       /etc/ld.so.cache
2024/11/10 17:59:42 recorder.go:46: 1731261582372415532 Open       /etc/ld.so.cache
2024/11/10 17:59:42 recorder.go:46: 1731261582373007346 Open       /etc/ld.so.cache
2024/11/10 17:59:42 recorder.go:46: 1731261582373584773 Open       /etc/ld.so.cache
2024/11/10 17:59:42 recorder.go:46: 1731261582374156779 Open       /etc/ld.so.cache
2024/11/10 17:59:42 recorder.go:46: 1731261582374883813 Open       /etc/ld.so.cache
2024/11/10 17:59:42 recorder.go:46: 1731261582375737449 Open       /etc/ld.so.cache
2024/11/10 17:59:42 recorder.go:46: 1731261582376368989 Open       /etc/ld.so.cache
2024/11/10 17:59:42 recorder.go:46: 1731261582377028293 Open       /etc/ld.so.cache
2024/11/10 17:59:42 recorder.go:46: 1731261582377667658 Open       /etc/ld.so.cache
2024/11/10 17:59:42 recorder.go:46: 1731261582378279851 Open       /etc/ld.so.cache
2024/11/10 17:59:42 recorder.go:46: 1731261582378878539 Open       /etc/ld.so.cache
2024/11/10 17:59:42 recorder.go:46: 1731261582379555606 Open       /etc/ld.so.cache
2024/11/10 17:59:42 recorder.go:46: 1731261582394075994 Lookup     /opt/lammps/examples/reax/HNS/in.reaxc.hns
2024/11/10 17:59:42 recorder.go:46: 1731261582394171918 Open       /opt/lammps/examples/reax/HNS/in.reaxc.hns
2024/11/10 17:59:42 recorder.go:46: 1731261582398049379 Lookup     /opt/lammps/examples/reax/HNS/data.hns-equil
2024/11/10 17:59:42 recorder.go:46: 1731261582398125575 Open       /opt/lammps/examples/reax/HNS/data.hns-equil
2024/11/10 17:59:42 recorder.go:46: 1731261582402354139 Lookup     /opt/lammps/examples/reax/HNS/ffield.reax.hns
2024/11/10 17:59:42 recorder.go:46: 1731261582402412361 Open       /opt/lammps/examples/reax/HNS/ffield.reax.hns
2024/11/10 17:59:42 recorder.go:46: 1731261582402600812 Open       /opt/lammps/examples/reax/HNS/ffield.reax.hns
2024/11/10 17:59:42 recorder.go:46: 1731261582402881690 Open       /opt/lammps/examples/reax/HNS/ffield.reax.hns
2024/11/10 17:59:42 recorder.go:46: 1731261582403046957 Open       /opt/lammps/examples/reax/HNS/ffield.reax.hns
