2024/11/10 03:19:50 recorder.go:46: 1731208790642234773 Lookup     /etc
2024/11/10 03:19:50 recorder.go:46: 1731208790642386261 Lookup     /etc/host.conf
2024/11/10 03:19:50 recorder.go:46: 1731208790642459080 Lookup     /etc/hosts
2024/11/10 03:19:50 recorder.go:46: 1731208790642532180 Lookup     /etc/nsswitch.conf
2024/11/10 03:19:50 recorder.go:46: 1731208790642582225 Lookup     /etc/resolv.conf
2024/11/10 03:19:50 recorder.go:46: 1731208790642623083 Lookup     /dev
2024/11/10 03:19:50 recorder.go:46: 1731208790642658250 Lookup     /sys
2024/11/10 03:19:50 recorder.go:46: 1731208790642686123 Lookup     /proc
2024/11/10 03:19:50 recorder.go:46: 1731208790642720208 Lookup     /tmp
2024/11/10 03:19:50 recorder.go:46: 1731208790642762579 Lookup     /root
2024/11/10 03:19:50 recorder.go:46: 1731208790642841910 Lookup     /opt
2024/11/10 03:19:50 recorder.go:46: 1731208790642872679 Lookup     /opt/lammps
2024/11/10 03:19:50 recorder.go:46: 1731208790642901183 Lookup     /opt/lammps/examples
2024/11/10 03:19:50 recorder.go:46: 1731208790642938595 Lookup     /opt/lammps/examples/reaxff
2024/11/10 03:19:50 recorder.go:46: 1731208790642973702 Lookup     /opt/lammps/examples/reaxff/HNS
2024/11/10 03:19:50 recorder.go:46: 1731208790643142904 Lookup     /usr
2024/11/10 03:19:50 recorder.go:46: 1731208790643172230 Lookup     /usr/local
2024/11/10 03:19:50 recorder.go:46: 1731208790643203490 Lookup     /usr/local/sbin
2024/11/10 03:19:50 recorder.go:46: 1731208790643320984 Lookup     /usr/local/bin
2024/11/10 03:19:50 recorder.go:46: 1731208790643434481 Lookup     /usr/sbin
2024/11/10 03:19:50 recorder.go:46: 1731208790643619744 Lookup     /usr/bin
2024/11/10 03:19:50 recorder.go:46: 1731208790643676722 Lookup     /usr/bin/lmp
2024/11/10 03:19:50 recorder.go:46: 1731208790644060835 Open       /usr/bin/lmp
2024/11/10 03:19:50 recorder.go:46: 1731208790644220019 Open       /usr/bin/lmp
2024/11/10 03:19:50 recorder.go:46: 1731208790644328936 Lookup     /lib64
2024/11/10 03:19:50 recorder.go:46: 1731208790644384232 Lookup     /usr/lib64
2024/11/10 03:19:50 recorder.go:46: 1731208790644486286 Lookup     /usr/lib64/ld-linux-x86-64.so.2
2024/11/10 03:19:50 recorder.go:46: 1731208790644593811 Lookup     /lib
2024/11/10 03:19:50 recorder.go:46: 1731208790644638907 Lookup     /usr/lib
2024/11/10 03:19:50 recorder.go:46: 1731208790644724260 Lookup     /usr/lib/x86_64-linux-gnu
2024/11/10 03:19:50 recorder.go:46: 1731208790644753426 Lookup     /usr/lib/x86_64-linux-gnu/ld-linux-x86-64.so.2
2024/11/10 03:19:50 recorder.go:46: 1731208790644849649 Open       /usr/lib/x86_64-linux-gnu/ld-linux-x86-64.so.2
2024/11/10 03:19:50 recorder.go:46: 1731208790645637492 Open       /usr/bin/lmp
2024/11/10 03:19:50 recorder.go:46: 1731208790646171560 Open       /usr/lib/x86_64-linux-gnu/ld-linux-x86-64.so.2
2024/11/10 03:19:50 recorder.go:46: 1731208790647127253 Lookup     /etc/ld.so.cache
2024/11/10 03:19:50 recorder.go:46: 1731208790647180875 Open       /etc/ld.so.cache
2024/11/10 03:19:50 recorder.go:46: 1731208790647620033 Lookup     /usr/lib/x86_64-linux-gnu/libgomp.so.1
2024/11/10 03:19:50 recorder.go:46: 1731208790647691279 Lookup     /usr/lib/x86_64-linux-gnu/libgomp.so.1.0.0
2024/11/10 03:19:50 recorder.go:46: 1731208790647798443 Open       /usr/lib/x86_64-linux-gnu/libgomp.so.1.0.0
2024/11/10 03:19:50 recorder.go:46: 1731208790648438524 Lookup     /usr/lib/x86_64-linux-gnu/libmpich.so.12
2024/11/10 03:19:50 recorder.go:46: 1731208790648507666 Lookup     /usr/lib/x86_64-linux-gnu/libmpich.so.12.2.0
2024/11/10 03:19:50 recorder.go:46: 1731208790648610492 Open       /usr/lib/x86_64-linux-gnu/libmpich.so.12.2.0
2024/11/10 03:19:50 recorder.go:46: 1731208790649155020 Lookup     /usr/lib/x86_64-linux-gnu/libstdc++.so.6
2024/11/10 03:19:50 recorder.go:46: 1731208790649209214 Lookup     /usr/lib/x86_64-linux-gnu/libstdc++.so.6.0.30
2024/11/10 03:19:50 recorder.go:46: 1731208790649293615 Open       /usr/lib/x86_64-linux-gnu/libstdc++.so.6.0.30
2024/11/10 03:19:50 recorder.go:46: 1731208790650013968 Lookup     /usr/lib/x86_64-linux-gnu/libm.so.6
2024/11/10 03:19:50 recorder.go:46: 1731208790650067621 Open       /usr/lib/x86_64-linux-gnu/libm.so.6
2024/11/10 03:19:50 recorder.go:46: 1731208790650920828 Lookup     /usr/lib/x86_64-linux-gnu/libgcc_s.so.1
2024/11/10 03:19:50 recorder.go:46: 1731208790650989659 Open       /usr/lib/x86_64-linux-gnu/libgcc_s.so.1
2024/11/10 03:19:50 recorder.go:46: 1731208790651512386 Lookup     /usr/lib/x86_64-linux-gnu/libc.so.6
2024/11/10 03:19:50 recorder.go:46: 1731208790651572861 Open       /usr/lib/x86_64-linux-gnu/libc.so.6
2024/11/10 03:19:50 recorder.go:46: 1731208790652357818 Lookup     /usr/lib/x86_64-linux-gnu/libhwloc.so.15
2024/11/10 03:19:50 recorder.go:46: 1731208790652415498 Lookup     /usr/lib/x86_64-linux-gnu/libhwloc.so.15.5.2
2024/11/10 03:19:50 recorder.go:46: 1731208790652513415 Open       /usr/lib/x86_64-linux-gnu/libhwloc.so.15.5.2
2024/11/10 03:19:50 recorder.go:46: 1731208790653089393 Lookup     /usr/lib/x86_64-linux-gnu/libfabric.so.1
2024/11/10 03:19:50 recorder.go:46: 1731208790653148526 Lookup     /usr/lib/x86_64-linux-gnu/libfabric.so.1.14.0
2024/11/10 03:19:50 recorder.go:46: 1731208790653238798 Open       /usr/lib/x86_64-linux-gnu/libfabric.so.1.14.0
2024/11/10 03:19:50 recorder.go:46: 1731208790653788006 Lookup     /usr/lib/x86_64-linux-gnu/libudev.so.1
2024/11/10 03:19:50 recorder.go:46: 1731208790653851637 Lookup     /usr/lib/x86_64-linux-gnu/libudev.so.1.7.2
2024/11/10 03:19:50 recorder.go:46: 1731208790653946829 Open       /usr/lib/x86_64-linux-gnu/libudev.so.1.7.2
2024/11/10 03:19:50 recorder.go:46: 1731208790654487380 Lookup     /usr/lib/x86_64-linux-gnu/librdmacm.so.1
2024/11/10 03:19:50 recorder.go:46: 1731208790654571710 Lookup     /usr/lib/x86_64-linux-gnu/librdmacm.so.1.3.39.0
2024/11/10 03:19:50 recorder.go:46: 1731208790654679175 Open       /usr/lib/x86_64-linux-gnu/librdmacm.so.1.3.39.0
2024/11/10 03:19:50 recorder.go:46: 1731208790655172657 Lookup     /usr/lib/x86_64-linux-gnu/libefa.so.1
2024/11/10 03:19:50 recorder.go:46: 1731208790655221730 Lookup     /usr/lib/x86_64-linux-gnu/libefa.so.1.1.39.0
2024/11/10 03:19:50 recorder.go:46: 1731208790655312403 Open       /usr/lib/x86_64-linux-gnu/libefa.so.1.1.39.0
2024/11/10 03:19:50 recorder.go:46: 1731208790655735871 Lookup     /usr/lib/x86_64-linux-gnu/libibverbs.so.1
2024/11/10 03:19:50 recorder.go:46: 1731208790655788611 Lookup     /usr/lib/x86_64-linux-gnu/libibverbs.so.1.14.39.0
2024/11/10 03:19:50 recorder.go:46: 1731208790655881999 Open       /usr/lib/x86_64-linux-gnu/libibverbs.so.1.14.39.0
2024/11/10 03:19:50 recorder.go:46: 1731208790656372505 Lookup     /usr/lib/x86_64-linux-gnu/libpsm_infinipath.so.1
2024/11/10 03:19:50 recorder.go:46: 1731208790656523032 Lookup     /etc/alternatives
2024/11/10 03:19:50 recorder.go:46: 1731208790656574440 Lookup     /etc/alternatives/libpsm_infinipath.so.1
2024/11/10 03:19:50 recorder.go:46: 1731208790656673479 Lookup     /usr/lib/libpsm1
2024/11/10 03:19:50 recorder.go:46: 1731208790656707203 Lookup     /usr/lib/libpsm1/libpsm_infinipath.so.1.16
2024/11/10 03:19:50 recorder.go:46: 1731208790656760695 Open       /usr/lib/libpsm1/libpsm_infinipath.so.1.16
2024/11/10 03:19:50 recorder.go:46: 1731208790657409452 Lookup     /usr/lib/x86_64-linux-gnu/libpsm2.so.2
2024/11/10 03:19:50 recorder.go:46: 1731208790657458516 Lookup     /usr/lib/x86_64-linux-gnu/libpsm2.so.2.2
2024/11/10 03:19:50 recorder.go:46: 1731208790657554469 Open       /usr/lib/x86_64-linux-gnu/libpsm2.so.2.2
2024/11/10 03:19:50 recorder.go:46: 1731208790658116451 Lookup     /usr/lib/x86_64-linux-gnu/libnl-3.so.200
2024/11/10 03:19:50 recorder.go:46: 1731208790658176094 Lookup     /usr/lib/x86_64-linux-gnu/libnl-3.so.200.26.0
2024/11/10 03:19:50 recorder.go:46: 1731208790658295011 Open       /usr/lib/x86_64-linux-gnu/libnl-3.so.200.26.0
2024/11/10 03:19:50 recorder.go:46: 1731208790658839640 Lookup     /usr/lib/x86_64-linux-gnu/libnl-route-3.so.200
2024/11/10 03:19:50 recorder.go:46: 1731208790658897250 Lookup     /usr/lib/x86_64-linux-gnu/libnl-route-3.so.200.26.0
2024/11/10 03:19:50 recorder.go:46: 1731208790658982332 Open       /usr/lib/x86_64-linux-gnu/libnl-route-3.so.200.26.0
2024/11/10 03:19:50 recorder.go:46: 1731208790659617163 Lookup     /usr/lib/x86_64-linux-gnu/libinfinipath.so.4
2024/11/10 03:19:50 recorder.go:46: 1731208790659665956 Lookup     /usr/lib/x86_64-linux-gnu/libinfinipath.so.4.0
2024/11/10 03:19:50 recorder.go:46: 1731208790659759254 Open       /usr/lib/x86_64-linux-gnu/libinfinipath.so.4.0
2024/11/10 03:19:50 recorder.go:46: 1731208790660253927 Lookup     /usr/lib/x86_64-linux-gnu/librt.so.1
2024/11/10 03:19:50 recorder.go:46: 1731208790660314613 Open       /usr/lib/x86_64-linux-gnu/librt.so.1
2024/11/10 03:19:50 recorder.go:46: 1731208790660787485 Lookup     /usr/lib/x86_64-linux-gnu/libpthread.so.0
2024/11/10 03:19:50 recorder.go:46: 1731208790660838392 Open       /usr/lib/x86_64-linux-gnu/libpthread.so.0
2024/11/10 03:19:50 recorder.go:46: 1731208790661310151 Lookup     /usr/lib/x86_64-linux-gnu/libdl.so.2
2024/11/10 03:19:50 recorder.go:46: 1731208790661356189 Open       /usr/lib/x86_64-linux-gnu/libdl.so.2
2024/11/10 03:19:50 recorder.go:46: 1731208790661796819 Lookup     /usr/lib/x86_64-linux-gnu/libuuid.so.1
2024/11/10 03:19:50 recorder.go:46: 1731208790661875169 Lookup     /usr/lib/x86_64-linux-gnu/libuuid.so.1.3.0
2024/11/10 03:19:50 recorder.go:46: 1731208790661969459 Open       /usr/lib/x86_64-linux-gnu/libuuid.so.1.3.0
2024/11/10 03:19:50 recorder.go:46: 1731208790662356006 Lookup     /usr/lib/x86_64-linux-gnu/libnuma.so.1
2024/11/10 03:19:50 recorder.go:46: 1731208790662411121 Lookup     /usr/lib/x86_64-linux-gnu/libnuma.so.1.0.0
2024/11/10 03:19:50 recorder.go:46: 1731208790662509859 Open       /usr/lib/x86_64-linux-gnu/libnuma.so.1.0.0
2024/11/10 03:19:50 recorder.go:46: 1731208790876296916 Lookup     /usr/lib/x86_64-linux-gnu/hwloc
2024/11/10 03:19:50 recorder.go:46: 1731208790876540380 Lookup     /usr/lib/x86_64-linux-gnu/hwloc/hwloc_opencl.so
2024/11/10 03:19:50 recorder.go:46: 1731208790876572992 Lookup     /usr/lib/x86_64-linux-gnu/hwloc/hwloc_xml_libxml.so
2024/11/10 03:19:50 recorder.go:46: 1731208790876587911 Lookup     /usr/lib/x86_64-linux-gnu/hwloc/hwloc_gl.so
2024/11/10 03:19:50 recorder.go:46: 1731208790876603771 Lookup     /usr/lib/x86_64-linux-gnu/hwloc/hwloc_pci.so
2024/11/10 03:19:50 recorder.go:46: 1731208790876799564 Open       /usr/lib/x86_64-linux-gnu/hwloc/hwloc_opencl.so
2024/11/10 03:19:50 recorder.go:46: 1731208790877243792 Open       /etc/ld.so.cache
2024/11/10 03:19:50 recorder.go:46: 1731208790877612475 Lookup     /usr/lib/x86_64-linux-gnu/libOpenCL.so.1
2024/11/10 03:19:50 recorder.go:46: 1731208790877687778 Lookup     /usr/lib/x86_64-linux-gnu/libOpenCL.so.1.0.0
2024/11/10 03:19:50 recorder.go:46: 1731208790877792117 Open       /usr/lib/x86_64-linux-gnu/libOpenCL.so.1.0.0
2024/11/10 03:19:50 recorder.go:46: 1731208790878538982 Open       /usr/lib/x86_64-linux-gnu/hwloc/hwloc_xml_libxml.so
2024/11/10 03:19:50 recorder.go:46: 1731208790880171194 Open       /etc/ld.so.cache
2024/11/10 03:19:50 recorder.go:46: 1731208790880475585 Lookup     /usr/lib/x86_64-linux-gnu/libxml2.so.2
2024/11/10 03:19:50 recorder.go:46: 1731208790880546831 Lookup     /usr/lib/x86_64-linux-gnu/libxml2.so.2.9.13
2024/11/10 03:19:50 recorder.go:46: 1731208790880670146 Open       /usr/lib/x86_64-linux-gnu/libxml2.so.2.9.13
2024/11/10 03:19:50 recorder.go:46: 1731208790881325837 Lookup     /usr/lib/x86_64-linux-gnu/libicuuc.so.70
2024/11/10 03:19:50 recorder.go:46: 1731208790881382775 Lookup     /usr/lib/x86_64-linux-gnu/libicuuc.so.70.1
2024/11/10 03:19:50 recorder.go:46: 1731208790881478087 Open       /usr/lib/x86_64-linux-gnu/libicuuc.so.70.1
2024/11/10 03:19:50 recorder.go:46: 1731208790882130361 Lookup     /usr/lib/x86_64-linux-gnu/libz.so.1
2024/11/10 03:19:50 recorder.go:46: 1731208790882212918 Lookup     /usr/lib/x86_64-linux-gnu/libz.so.1.2.11
2024/11/10 03:19:50 recorder.go:46: 1731208790882326455 Open       /usr/lib/x86_64-linux-gnu/libz.so.1.2.11
2024/11/10 03:19:50 recorder.go:46: 1731208790882880832 Lookup     /usr/lib/x86_64-linux-gnu/liblzma.so.5
2024/11/10 03:19:50 recorder.go:46: 1731208790882986945 Lookup     /usr/lib/x86_64-linux-gnu/liblzma.so.5.2.5
2024/11/10 03:19:50 recorder.go:46: 1731208790883127623 Open       /usr/lib/x86_64-linux-gnu/liblzma.so.5.2.5
2024/11/10 03:19:50 recorder.go:46: 1731208790883642575 Lookup     /usr/lib/x86_64-linux-gnu/libicudata.so.70
2024/11/10 03:19:50 recorder.go:46: 1731208790883696237 Lookup     /usr/lib/x86_64-linux-gnu/libicudata.so.70.1
2024/11/10 03:19:50 recorder.go:46: 1731208790883784315 Open       /usr/lib/x86_64-linux-gnu/libicudata.so.70.1
2024/11/10 03:19:50 recorder.go:46: 1731208790885486572 Open       /usr/lib/x86_64-linux-gnu/hwloc/hwloc_gl.so
2024/11/10 03:19:50 recorder.go:46: 1731208790885838613 Open       /etc/ld.so.cache
2024/11/10 03:19:50 recorder.go:46: 1731208790886126312 Lookup     /usr/lib/x86_64-linux-gnu/libXNVCtrl.so.0
2024/11/10 03:19:50 recorder.go:46: 1731208790886193069 Lookup     /usr/lib/x86_64-linux-gnu/libXNVCtrl.so.0.0.0
2024/11/10 03:19:50 recorder.go:46: 1731208790886295624 Open       /usr/lib/x86_64-linux-gnu/libXNVCtrl.so.0.0.0
2024/11/10 03:19:50 recorder.go:46: 1731208790886784837 Lookup     /usr/lib/x86_64-linux-gnu/libX11.so.6
2024/11/10 03:19:50 recorder.go:46: 1731208790886842798 Lookup     /usr/lib/x86_64-linux-gnu/libX11.so.6.4.0
2024/11/10 03:19:50 recorder.go:46: 1731208790886949682 Open       /usr/lib/x86_64-linux-gnu/libX11.so.6.4.0
2024/11/10 03:19:50 recorder.go:46: 1731208790887632554 Lookup     /usr/lib/x86_64-linux-gnu/libXext.so.6
2024/11/10 03:19:50 recorder.go:46: 1731208790887696085 Lookup     /usr/lib/x86_64-linux-gnu/libXext.so.6.4.0
2024/11/10 03:19:50 recorder.go:46: 1731208790887790405 Open       /usr/lib/x86_64-linux-gnu/libXext.so.6.4.0
2024/11/10 03:19:50 recorder.go:46: 1731208790888299817 Lookup     /usr/lib/x86_64-linux-gnu/libxcb.so.1
2024/11/10 03:19:50 recorder.go:46: 1731208790888350293 Lookup     /usr/lib/x86_64-linux-gnu/libxcb.so.1.1.0
2024/11/10 03:19:50 recorder.go:46: 1731208790888438401 Open       /usr/lib/x86_64-linux-gnu/libxcb.so.1.1.0
2024/11/10 03:19:50 recorder.go:46: 1731208790888993269 Lookup     /usr/lib/x86_64-linux-gnu/libXau.so.6
2024/11/10 03:19:50 recorder.go:46: 1731208790889044898 Lookup     /usr/lib/x86_64-linux-gnu/libXau.so.6.0.0
2024/11/10 03:19:50 recorder.go:46: 1731208790889134018 Open       /usr/lib/x86_64-linux-gnu/libXau.so.6.0.0
2024/11/10 03:19:50 recorder.go:46: 1731208790889548739 Lookup     /usr/lib/x86_64-linux-gnu/libXdmcp.so.6
2024/11/10 03:19:50 recorder.go:46: 1731208790889611759 Lookup     /usr/lib/x86_64-linux-gnu/libXdmcp.so.6.0.0
2024/11/10 03:19:50 recorder.go:46: 1731208790889707020 Open       /usr/lib/x86_64-linux-gnu/libXdmcp.so.6.0.0
2024/11/10 03:19:50 recorder.go:46: 1731208790890113606 Lookup     /usr/lib/x86_64-linux-gnu/libbsd.so.0
2024/11/10 03:19:50 recorder.go:46: 1731208790890178570 Lookup     /usr/lib/x86_64-linux-gnu/libbsd.so.0.11.5
2024/11/10 03:19:50 recorder.go:46: 1731208790890267199 Open       /usr/lib/x86_64-linux-gnu/libbsd.so.0.11.5
2024/11/10 03:19:50 recorder.go:46: 1731208790890755760 Lookup     /usr/lib/x86_64-linux-gnu/libmd.so.0
2024/11/10 03:19:50 recorder.go:46: 1731208790890804173 Lookup     /usr/lib/x86_64-linux-gnu/libmd.so.0.0.5
2024/11/10 03:19:50 recorder.go:46: 1731208790890893503 Open       /usr/lib/x86_64-linux-gnu/libmd.so.0.0.5
2024/11/10 03:19:50 recorder.go:46: 1731208790891888130 Open       /usr/lib/x86_64-linux-gnu/hwloc/hwloc_pci.so
2024/11/10 03:19:50 recorder.go:46: 1731208790892206297 Open       /etc/ld.so.cache
2024/11/10 03:19:50 recorder.go:46: 1731208790892460842 Lookup     /usr/lib/x86_64-linux-gnu/libpciaccess.so.0
2024/11/10 03:19:50 recorder.go:46: 1731208790892533701 Lookup     /usr/lib/x86_64-linux-gnu/libpciaccess.so.0.11.1
2024/11/10 03:19:50 recorder.go:46: 1731208790892620978 Open       /usr/lib/x86_64-linux-gnu/libpciaccess.so.0.11.1
2024/11/10 03:19:51 recorder.go:46: 1731208791260414980 Lookup     /run
2024/11/10 03:19:51 recorder.go:46: 1731208791268909931 Lookup     /var
2024/11/10 03:19:51 recorder.go:46: 1731208791268964195 Lookup     /var/run
2024/11/10 03:19:51 recorder.go:46: 1731208791270404842 Lookup     /etc/gai.conf
2024/11/10 03:19:51 recorder.go:46: 1731208791270462993 Open       /etc/gai.conf
2024/11/10 03:19:51 recorder.go:46: 1731208791282742772 Lookup     /usr/share
2024/11/10 03:19:51 recorder.go:46: 1731208791282828806 Lookup     /usr/share/misc
2024/11/10 03:19:51 recorder.go:46: 1731208791304135510 Open       /etc/ld.so.cache
2024/11/10 03:19:51 recorder.go:46: 1731208791316383007 Open       /etc/ld.so.cache
2024/11/10 03:19:51 recorder.go:46: 1731208791317807243 Open       /etc/ld.so.cache
2024/11/10 03:19:51 recorder.go:46: 1731208791318702511 Open       /etc/ld.so.cache
2024/11/10 03:19:51 recorder.go:46: 1731208791319643365 Open       /etc/ld.so.cache
2024/11/10 03:19:51 recorder.go:46: 1731208791320418483 Open       /etc/ld.so.cache
2024/11/10 03:19:51 recorder.go:46: 1731208791321207418 Open       /etc/ld.so.cache
2024/11/10 03:19:51 recorder.go:46: 1731208791321974541 Open       /etc/ld.so.cache
2024/11/10 03:19:51 recorder.go:46: 1731208791322749068 Open       /etc/ld.so.cache
2024/11/10 03:19:51 recorder.go:46: 1731208791323526120 Open       /etc/ld.so.cache
2024/11/10 03:19:51 recorder.go:46: 1731208791324327228 Open       /etc/ld.so.cache
2024/11/10 03:19:51 recorder.go:46: 1731208791325242543 Open       /etc/ld.so.cache
2024/11/10 03:19:51 recorder.go:46: 1731208791326268079 Open       /etc/ld.so.cache
2024/11/10 03:19:51 recorder.go:46: 1731208791327167094 Open       /etc/ld.so.cache
2024/11/10 03:19:51 recorder.go:46: 1731208791327934076 Open       /etc/ld.so.cache
2024/11/10 03:19:51 recorder.go:46: 1731208791328802813 Open       /etc/ld.so.cache
2024/11/10 03:19:51 recorder.go:46: 1731208791329627426 Open       /etc/ld.so.cache
2024/11/10 03:19:51 recorder.go:46: 1731208791344649434 Lookup     /opt/lammps/examples/reaxff/HNS/in.reaxff.hns
2024/11/10 03:19:51 recorder.go:46: 1731208791344797987 Open       /opt/lammps/examples/reaxff/HNS/in.reaxff.hns
2024/11/10 03:19:51 recorder.go:46: 1731208791346926046 Lookup     /opt/lammps/examples/reaxff/HNS/data.hns-equil
2024/11/10 03:19:51 recorder.go:46: 1731208791346988425 Open       /opt/lammps/examples/reaxff/HNS/data.hns-equil
2024/11/10 03:19:51 recorder.go:46: 1731208791347186513 Open       /opt/lammps/examples/reaxff/HNS/data.hns-equil
2024/11/10 03:19:51 recorder.go:46: 1731208791353151268 Lookup     /opt/lammps/examples/reaxff/HNS/ffield.reax.hns
2024/11/10 03:19:51 recorder.go:46: 1731208791353217715 Open       /opt/lammps/examples/reaxff/HNS/ffield.reax.hns
2024/11/10 03:19:51 recorder.go:46: 1731208791353400824 Open       /opt/lammps/examples/reaxff/HNS/ffield.reax.hns
2024/11/10 03:19:51 recorder.go:46: 1731208791353682211 Open       /opt/lammps/examples/reaxff/HNS/ffield.reax.hns
2024/11/10 03:19:51 recorder.go:46: 1731208791353935494 Open       /opt/lammps/examples/reaxff/HNS/ffield.reax.hns
2024/11/10 06:44:32 recorder.go:46: 1731221072111964521 Lookup     /etc
2024/11/10 06:44:32 recorder.go:46: 1731221072112267072 Lookup     /etc/host.conf
2024/11/10 06:44:32 recorder.go:46: 1731221072112349207 Lookup     /etc/hosts
2024/11/10 06:44:32 recorder.go:46: 1731221072112389954 Lookup     /etc/nsswitch.conf
2024/11/10 06:44:32 recorder.go:46: 1731221072112423728 Lookup     /etc/resolv.conf
2024/11/10 06:44:32 recorder.go:46: 1731221072112459104 Lookup     /dev
2024/11/10 06:44:32 recorder.go:46: 1731221072112486165 Lookup     /sys
2024/11/10 06:44:32 recorder.go:46: 1731221072112534286 Lookup     /proc
2024/11/10 06:44:32 recorder.go:46: 1731221072112577027 Lookup     /tmp
2024/11/10 06:44:32 recorder.go:46: 1731221072112604589 Lookup     /root
2024/11/10 06:44:32 recorder.go:46: 1731221072112664171 Lookup     /opt
2024/11/10 06:44:32 recorder.go:46: 1731221072112693026 Lookup     /opt/lammps
2024/11/10 06:44:32 recorder.go:46: 1731221072112722902 Lookup     /opt/lammps/examples
2024/11/10 06:44:32 recorder.go:46: 1731221072112759421 Lookup     /opt/lammps/examples/reaxff
2024/11/10 06:44:32 recorder.go:46: 1731221072112822290 Lookup     /opt/lammps/examples/reaxff/HNS
2024/11/10 06:44:32 recorder.go:46: 1731221072113069155 Lookup     /usr
2024/11/10 06:44:32 recorder.go:46: 1731221072113154787 Lookup     /usr/local
2024/11/10 06:44:32 recorder.go:46: 1731221072113200213 Lookup     /usr/local/sbin
2024/11/10 06:44:32 recorder.go:46: 1731221072113340307 Lookup     /usr/local/bin
2024/11/10 06:44:32 recorder.go:46: 1731221072113461896 Lookup     /usr/sbin
2024/11/10 06:44:32 recorder.go:46: 1731221072113603964 Lookup     /usr/bin
2024/11/10 06:44:32 recorder.go:46: 1731221072113646445 Lookup     /usr/bin/lmp
2024/11/10 06:44:32 recorder.go:46: 1731221072114116742 Open       /usr/bin/lmp
2024/11/10 06:44:32 recorder.go:46: 1731221072114482492 Open       /usr/bin/lmp
2024/11/10 06:44:32 recorder.go:46: 1731221072114609121 Lookup     /lib64
2024/11/10 06:44:32 recorder.go:46: 1731221072114675025 Lookup     /usr/lib64
2024/11/10 06:44:32 recorder.go:46: 1731221072114828164 Lookup     /usr/lib64/ld-linux-x86-64.so.2
2024/11/10 06:44:32 recorder.go:46: 1731221072114922973 Lookup     /lib
2024/11/10 06:44:32 recorder.go:46: 1731221072114961626 Lookup     /usr/lib
2024/11/10 06:44:32 recorder.go:46: 1731221072115045043 Lookup     /usr/lib/x86_64-linux-gnu
2024/11/10 06:44:32 recorder.go:46: 1731221072115073707 Lookup     /usr/lib/x86_64-linux-gnu/ld-linux-x86-64.so.2
2024/11/10 06:44:32 recorder.go:46: 1731221072115163607 Open       /usr/lib/x86_64-linux-gnu/ld-linux-x86-64.so.2
2024/11/10 06:44:32 recorder.go:46: 1731221072116024511 Open       /usr/bin/lmp
2024/11/10 06:44:32 recorder.go:46: 1731221072116871650 Open       /usr/lib/x86_64-linux-gnu/ld-linux-x86-64.so.2
2024/11/10 06:44:32 recorder.go:46: 1731221072117969511 Lookup     /etc/ld.so.cache
2024/11/10 06:44:32 recorder.go:46: 1731221072118015969 Open       /etc/ld.so.cache
2024/11/10 06:44:32 recorder.go:46: 1731221072118402277 Lookup     /usr/lib/x86_64-linux-gnu/libgomp.so.1
2024/11/10 06:44:32 recorder.go:46: 1731221072118513457 Lookup     /usr/lib/x86_64-linux-gnu/libgomp.so.1.0.0
2024/11/10 06:44:32 recorder.go:46: 1731221072118654393 Open       /usr/lib/x86_64-linux-gnu/libgomp.so.1.0.0
2024/11/10 06:44:32 recorder.go:46: 1731221072119682613 Lookup     /usr/lib/x86_64-linux-gnu/libmpich.so.12
2024/11/10 06:44:32 recorder.go:46: 1731221072119744029 Lookup     /usr/lib/x86_64-linux-gnu/libmpich.so.12.2.0
2024/11/10 06:44:32 recorder.go:46: 1731221072119862502 Open       /usr/lib/x86_64-linux-gnu/libmpich.so.12.2.0
2024/11/10 06:44:32 recorder.go:46: 1731221072120811062 Lookup     /usr/lib/x86_64-linux-gnu/libstdc++.so.6
2024/11/10 06:44:32 recorder.go:46: 1731221072120867198 Lookup     /usr/lib/x86_64-linux-gnu/libstdc++.so.6.0.30
2024/11/10 06:44:32 recorder.go:46: 1731221072120957098 Open       /usr/lib/x86_64-linux-gnu/libstdc++.so.6.0.30
2024/11/10 06:44:32 recorder.go:46: 1731221072121613246 Lookup     /usr/lib/x86_64-linux-gnu/libm.so.6
2024/11/10 06:44:32 recorder.go:46: 1731221072121673810 Open       /usr/lib/x86_64-linux-gnu/libm.so.6
2024/11/10 06:44:32 recorder.go:46: 1731221072122326752 Lookup     /usr/lib/x86_64-linux-gnu/libgcc_s.so.1
2024/11/10 06:44:32 recorder.go:46: 1731221072122382477 Open       /usr/lib/x86_64-linux-gnu/libgcc_s.so.1
2024/11/10 06:44:32 recorder.go:46: 1731221072122823419 Lookup     /usr/lib/x86_64-linux-gnu/libc.so.6
2024/11/10 06:44:32 recorder.go:46: 1731221072122867211 Open       /usr/lib/x86_64-linux-gnu/libc.so.6
2024/11/10 06:44:32 recorder.go:46: 1731221072123655479 Lookup     /usr/lib/x86_64-linux-gnu/libhwloc.so.15
2024/11/10 06:44:32 recorder.go:46: 1731221072123708379 Lookup     /usr/lib/x86_64-linux-gnu/libhwloc.so.15.5.2
2024/11/10 06:44:32 recorder.go:46: 1731221072123794832 Open       /usr/lib/x86_64-linux-gnu/libhwloc.so.15.5.2
2024/11/10 06:44:32 recorder.go:46: 1731221072124432354 Lookup     /usr/lib/x86_64-linux-gnu/libfabric.so.1
2024/11/10 06:44:32 recorder.go:46: 1731221072124477910 Lookup     /usr/lib/x86_64-linux-gnu/libfabric.so.1.14.0
2024/11/10 06:44:32 recorder.go:46: 1731221072124569443 Open       /usr/lib/x86_64-linux-gnu/libfabric.so.1.14.0
2024/11/10 06:44:32 recorder.go:46: 1731221072125214240 Lookup     /usr/lib/x86_64-linux-gnu/libudev.so.1
2024/11/10 06:44:32 recorder.go:46: 1731221072125266488 Lookup     /usr/lib/x86_64-linux-gnu/libudev.so.1.7.2
2024/11/10 06:44:32 recorder.go:46: 1731221072125347341 Open       /usr/lib/x86_64-linux-gnu/libudev.so.1.7.2
2024/11/10 06:44:32 recorder.go:46: 1731221072125875938 Lookup     /usr/lib/x86_64-linux-gnu/librdmacm.so.1
2024/11/10 06:44:32 recorder.go:46: 1731221072125922015 Lookup     /usr/lib/x86_64-linux-gnu/librdmacm.so.1.3.39.0
2024/11/10 06:44:32 recorder.go:46: 1731221072126000784 Open       /usr/lib/x86_64-linux-gnu/librdmacm.so.1.3.39.0
2024/11/10 06:44:32 recorder.go:46: 1731221072126637846 Lookup     /usr/lib/x86_64-linux-gnu/libefa.so.1
2024/11/10 06:44:32 recorder.go:46: 1731221072126688140 Lookup     /usr/lib/x86_64-linux-gnu/libefa.so.1.1.39.0
2024/11/10 06:44:32 recorder.go:46: 1731221072126784863 Open       /usr/lib/x86_64-linux-gnu/libefa.so.1.1.39.0
2024/11/10 06:44:32 recorder.go:46: 1731221072127464886 Lookup     /usr/lib/x86_64-linux-gnu/libibverbs.so.1
2024/11/10 06:44:32 recorder.go:46: 1731221072127526131 Lookup     /usr/lib/x86_64-linux-gnu/libibverbs.so.1.14.39.0
2024/11/10 06:44:32 recorder.go:46: 1731221072127632121 Open       /usr/lib/x86_64-linux-gnu/libibverbs.so.1.14.39.0
2024/11/10 06:44:32 recorder.go:46: 1731221072128263543 Lookup     /usr/lib/x86_64-linux-gnu/libpsm_infinipath.so.1
2024/11/10 06:44:32 recorder.go:46: 1731221072128651074 Lookup     /etc/alternatives
2024/11/10 06:44:32 recorder.go:46: 1731221072128697301 Lookup     /etc/alternatives/libpsm_infinipath.so.1
2024/11/10 06:44:32 recorder.go:46: 1731221072128785327 Lookup     /usr/lib/libpsm1
2024/11/10 06:44:32 recorder.go:46: 1731221072128814502 Lookup     /usr/lib/libpsm1/libpsm_infinipath.so.1.16
2024/11/10 06:44:32 recorder.go:46: 1731221072128861260 Open       /usr/lib/libpsm1/libpsm_infinipath.so.1.16
2024/11/10 06:44:32 recorder.go:46: 1731221072129561462 Lookup     /usr/lib/x86_64-linux-gnu/libpsm2.so.2
2024/11/10 06:44:32 recorder.go:46: 1731221072129625442 Lookup     /usr/lib/x86_64-linux-gnu/libpsm2.so.2.2
2024/11/10 06:44:32 recorder.go:46: 1731221072129717706 Open       /usr/lib/x86_64-linux-gnu/libpsm2.so.2.2
2024/11/10 06:44:32 recorder.go:46: 1731221072130423608 Lookup     /usr/lib/x86_64-linux-gnu/libnl-3.so.200
2024/11/10 06:44:32 recorder.go:46: 1731221072130476458 Lookup     /usr/lib/x86_64-linux-gnu/libnl-3.so.200.26.0
2024/11/10 06:44:32 recorder.go:46: 1731221072130600732 Open       /usr/lib/x86_64-linux-gnu/libnl-3.so.200.26.0
2024/11/10 06:44:32 recorder.go:46: 1731221072131211314 Lookup     /usr/lib/x86_64-linux-gnu/libnl-route-3.so.200
2024/11/10 06:44:32 recorder.go:46: 1731221072131259325 Lookup     /usr/lib/x86_64-linux-gnu/libnl-route-3.so.200.26.0
2024/11/10 06:44:32 recorder.go:46: 1731221072131338695 Open       /usr/lib/x86_64-linux-gnu/libnl-route-3.so.200.26.0
2024/11/10 06:44:32 recorder.go:46: 1731221072132129487 Lookup     /usr/lib/x86_64-linux-gnu/libinfinipath.so.4
2024/11/10 06:44:32 recorder.go:46: 1731221072132218354 Lookup     /usr/lib/x86_64-linux-gnu/libinfinipath.so.4.0
2024/11/10 06:44:32 recorder.go:46: 1731221072132350714 Open       /usr/lib/x86_64-linux-gnu/libinfinipath.so.4.0
2024/11/10 06:44:32 recorder.go:46: 1731221072133179327 Lookup     /usr/lib/x86_64-linux-gnu/librt.so.1
2024/11/10 06:44:32 recorder.go:46: 1731221072133239621 Open       /usr/lib/x86_64-linux-gnu/librt.so.1
2024/11/10 06:44:32 recorder.go:46: 1731221072133792965 Lookup     /usr/lib/x86_64-linux-gnu/libpthread.so.0
2024/11/10 06:44:32 recorder.go:46: 1731221072133833922 Open       /usr/lib/x86_64-linux-gnu/libpthread.so.0
2024/11/10 06:44:32 recorder.go:46: 1731221072134406232 Lookup     /usr/lib/x86_64-linux-gnu/libdl.so.2
2024/11/10 06:44:32 recorder.go:46: 1731221072134446318 Open       /usr/lib/x86_64-linux-gnu/libdl.so.2
2024/11/10 06:44:32 recorder.go:46: 1731221072135039918 Lookup     /usr/lib/x86_64-linux-gnu/libuuid.so.1
2024/11/10 06:44:32 recorder.go:46: 1731221072135120269 Lookup     /usr/lib/x86_64-linux-gnu/libuuid.so.1.3.0
2024/11/10 06:44:32 recorder.go:46: 1731221072135232761 Open       /usr/lib/x86_64-linux-gnu/libuuid.so.1.3.0
2024/11/10 06:44:32 recorder.go:46: 1731221072135926681 Lookup     /usr/lib/x86_64-linux-gnu/libnuma.so.1
2024/11/10 06:44:32 recorder.go:46: 1731221072135984870 Lookup     /usr/lib/x86_64-linux-gnu/libnuma.so.1.0.0
2024/11/10 06:44:32 recorder.go:46: 1731221072136091952 Open       /usr/lib/x86_64-linux-gnu/libnuma.so.1.0.0
2024/11/10 06:44:32 recorder.go:46: 1731221072349611881 Lookup     /usr/lib/x86_64-linux-gnu/hwloc
2024/11/10 06:44:32 recorder.go:46: 1731221072358293641 Lookup     /usr/lib/x86_64-linux-gnu/hwloc/hwloc_opencl.so
2024/11/10 06:44:32 recorder.go:46: 1731221072358371257 Lookup     /usr/lib/x86_64-linux-gnu/hwloc/hwloc_xml_libxml.so
2024/11/10 06:44:32 recorder.go:46: 1731221072358392087 Lookup     /usr/lib/x86_64-linux-gnu/hwloc/hwloc_gl.so
2024/11/10 06:44:32 recorder.go:46: 1731221072358415441 Lookup     /usr/lib/x86_64-linux-gnu/hwloc/hwloc_pci.so
2024/11/10 06:44:32 recorder.go:46: 1731221072358707652 Open       /usr/lib/x86_64-linux-gnu/hwloc/hwloc_opencl.so
2024/11/10 06:44:32 recorder.go:46: 1731221072359475711 Open       /etc/ld.so.cache
2024/11/10 06:44:32 recorder.go:46: 1731221072359852221 Lookup     /usr/lib/x86_64-linux-gnu/libOpenCL.so.1
2024/11/10 06:44:32 recorder.go:46: 1731221072359937633 Lookup     /usr/lib/x86_64-linux-gnu/libOpenCL.so.1.0.0
2024/11/10 06:44:32 recorder.go:46: 1731221072360053531 Open       /usr/lib/x86_64-linux-gnu/libOpenCL.so.1.0.0
2024/11/10 06:44:32 recorder.go:46: 1731221072360768099 Open       /usr/lib/x86_64-linux-gnu/hwloc/hwloc_xml_libxml.so
2024/11/10 06:44:32 recorder.go:46: 1731221072361130443 Open       /etc/ld.so.cache
2024/11/10 06:44:32 recorder.go:46: 1731221072361330110 Lookup     /usr/lib/x86_64-linux-gnu/libxml2.so.2
2024/11/10 06:44:32 recorder.go:46: 1731221072361375165 Lookup     /usr/lib/x86_64-linux-gnu/libxml2.so.2.9.13
2024/11/10 06:44:32 recorder.go:46: 1731221072361446189 Open       /usr/lib/x86_64-linux-gnu/libxml2.so.2.9.13
2024/11/10 06:44:32 recorder.go:46: 1731221072362196134 Lookup     /usr/lib/x86_64-linux-gnu/libicuuc.so.70
2024/11/10 06:44:32 recorder.go:46: 1731221072362256147 Lookup     /usr/lib/x86_64-linux-gnu/libicuuc.so.70.1
2024/11/10 06:44:32 recorder.go:46: 1731221072362367377 Open       /usr/lib/x86_64-linux-gnu/libicuuc.so.70.1
2024/11/10 06:44:32 recorder.go:46: 1731221072363078579 Lookup     /usr/lib/x86_64-linux-gnu/libz.so.1
2024/11/10 06:44:32 recorder.go:46: 1731221072363121930 Lookup     /usr/lib/x86_64-linux-gnu/libz.so.1.2.11
2024/11/10 06:44:32 recorder.go:46: 1731221072363189408 Open       /usr/lib/x86_64-linux-gnu/libz.so.1.2.11
2024/11/10 06:44:32 recorder.go:46: 1731221072363746849 Lookup     /usr/lib/x86_64-linux-gnu/liblzma.so.5
2024/11/10 06:44:32 recorder.go:46: 1731221072363789440 Lookup     /usr/lib/x86_64-linux-gnu/liblzma.so.5.2.5
2024/11/10 06:44:32 recorder.go:46: 1731221072363851417 Open       /usr/lib/x86_64-linux-gnu/liblzma.so.5.2.5
2024/11/10 06:44:32 recorder.go:46: 1731221072364397487 Lookup     /usr/lib/x86_64-linux-gnu/libicudata.so.70
2024/11/10 06:44:32 recorder.go:46: 1731221072364441931 Lookup     /usr/lib/x86_64-linux-gnu/libicudata.so.70.1
2024/11/10 06:44:32 recorder.go:46: 1731221072364519818 Open       /usr/lib/x86_64-linux-gnu/libicudata.so.70.1
2024/11/10 06:44:32 recorder.go:46: 1731221072366006423 Open       /usr/lib/x86_64-linux-gnu/hwloc/hwloc_gl.so
2024/11/10 06:44:32 recorder.go:46: 1731221072366419292 Open       /etc/ld.so.cache
2024/11/10 06:44:32 recorder.go:46: 1731221072366647071 Lookup     /usr/lib/x86_64-linux-gnu/libXNVCtrl.so.0
2024/11/10 06:44:32 recorder.go:46: 1731221072366694761 Lookup     /usr/lib/x86_64-linux-gnu/libXNVCtrl.so.0.0.0
2024/11/10 06:44:32 recorder.go:46: 1731221072366762840 Open       /usr/lib/x86_64-linux-gnu/libXNVCtrl.so.0.0.0
2024/11/10 06:44:32 recorder.go:46: 1731221072367275717 Lookup     /usr/lib/x86_64-linux-gnu/libX11.so.6
2024/11/10 06:44:32 recorder.go:46: 1731221072367313088 Lookup     /usr/lib/x86_64-linux-gnu/libX11.so.6.4.0
2024/11/10 06:44:32 recorder.go:46: 1731221072367375506 Open       /usr/lib/x86_64-linux-gnu/libX11.so.6.4.0
2024/11/10 06:44:32 recorder.go:46: 1731221072368151420 Lookup     /usr/lib/x86_64-linux-gnu/libXext.so.6
2024/11/10 06:44:32 recorder.go:46: 1731221072368196324 Lookup     /usr/lib/x86_64-linux-gnu/libXext.so.6.4.0
2024/11/10 06:44:32 recorder.go:46: 1731221072368255887 Open       /usr/lib/x86_64-linux-gnu/libXext.so.6.4.0
2024/11/10 06:44:32 recorder.go:46: 1731221072368710985 Lookup     /usr/lib/x86_64-linux-gnu/libxcb.so.1
2024/11/10 06:44:32 recorder.go:46: 1731221072368761591 Lookup     /usr/lib/x86_64-linux-gnu/libxcb.so.1.1.0
2024/11/10 06:44:32 recorder.go:46: 1731221072368833456 Open       /usr/lib/x86_64-linux-gnu/libxcb.so.1.1.0
2024/11/10 06:44:32 recorder.go:46: 1731221072369738985 Lookup     /usr/lib/x86_64-linux-gnu/libXau.so.6
2024/11/10 06:44:32 recorder.go:46: 1731221072369786885 Lookup     /usr/lib/x86_64-linux-gnu/libXau.so.6.0.0
2024/11/10 06:44:32 recorder.go:46: 1731221072369874410 Open       /usr/lib/x86_64-linux-gnu/libXau.so.6.0.0
2024/11/10 06:44:32 recorder.go:46: 1731221072370344688 Lookup     /usr/lib/x86_64-linux-gnu/libXdmcp.so.6
2024/11/10 06:44:32 recorder.go:46: 1731221072370402627 Lookup     /usr/lib/x86_64-linux-gnu/libXdmcp.so.6.0.0
2024/11/10 06:44:32 recorder.go:46: 1731221072370469713 Open       /usr/lib/x86_64-linux-gnu/libXdmcp.so.6.0.0
2024/11/10 06:44:32 recorder.go:46: 1731221072370894154 Lookup     /usr/lib/x86_64-linux-gnu/libbsd.so.0
2024/11/10 06:44:32 recorder.go:46: 1731221072370937416 Lookup     /usr/lib/x86_64-linux-gnu/libbsd.so.0.11.5
2024/11/10 06:44:32 recorder.go:46: 1731221072370996047 Open       /usr/lib/x86_64-linux-gnu/libbsd.so.0.11.5
2024/11/10 06:44:32 recorder.go:46: 1731221072371536196 Lookup     /usr/lib/x86_64-linux-gnu/libmd.so.0
2024/11/10 06:44:32 recorder.go:46: 1731221072371575440 Lookup     /usr/lib/x86_64-linux-gnu/libmd.so.0.0.5
2024/11/10 06:44:32 recorder.go:46: 1731221072371636785 Open       /usr/lib/x86_64-linux-gnu/libmd.so.0.0.5
2024/11/10 06:44:32 recorder.go:46: 1731221072372729717 Open       /usr/lib/x86_64-linux-gnu/hwloc/hwloc_pci.so
2024/11/10 06:44:32 recorder.go:46: 1731221072373158737 Open       /etc/ld.so.cache
2024/11/10 06:44:32 recorder.go:46: 1731221072373409380 Lookup     /usr/lib/x86_64-linux-gnu/libpciaccess.so.0
2024/11/10 06:44:32 recorder.go:46: 1731221072373478009 Lookup     /usr/lib/x86_64-linux-gnu/libpciaccess.so.0.11.1
2024/11/10 06:44:32 recorder.go:46: 1731221072373586774 Open       /usr/lib/x86_64-linux-gnu/libpciaccess.so.0.11.1
2024/11/10 06:44:32 recorder.go:46: 1731221072701591001 Lookup     /run
2024/11/10 06:44:32 recorder.go:46: 1731221072707549412 Lookup     /var
2024/11/10 06:44:32 recorder.go:46: 1731221072707599557 Lookup     /var/run
2024/11/10 06:44:32 recorder.go:46: 1731221072717377655 Lookup     /etc/gai.conf
2024/11/10 06:44:32 recorder.go:46: 1731221072717485769 Open       /etc/gai.conf
2024/11/10 06:44:32 recorder.go:46: 1731221072724997712 Lookup     /usr/share
2024/11/10 06:44:32 recorder.go:46: 1731221072725079867 Lookup     /usr/share/misc
2024/11/10 06:44:32 recorder.go:46: 1731221072741312894 Open       /etc/ld.so.cache
2024/11/10 06:44:32 recorder.go:46: 1731221072750192818 Open       /etc/ld.so.cache
2024/11/10 06:44:32 recorder.go:46: 1731221072750933656 Open       /etc/ld.so.cache
2024/11/10 06:44:32 recorder.go:46: 1731221072751699561 Open       /etc/ld.so.cache
2024/11/10 06:44:32 recorder.go:46: 1731221072752375907 Open       /etc/ld.so.cache
2024/11/10 06:44:32 recorder.go:46: 1731221072753195443 Open       /etc/ld.so.cache
2024/11/10 06:44:32 recorder.go:46: 1731221072753927935 Open       /etc/ld.so.cache
2024/11/10 06:44:32 recorder.go:46: 1731221072754667140 Open       /etc/ld.so.cache
2024/11/10 06:44:32 recorder.go:46: 1731221072755250781 Open       /etc/ld.so.cache
2024/11/10 06:44:32 recorder.go:46: 1731221072755800117 Open       /etc/ld.so.cache
2024/11/10 06:44:32 recorder.go:46: 1731221072756340356 Open       /etc/ld.so.cache
2024/11/10 06:44:32 recorder.go:46: 1731221072756890985 Open       /etc/ld.so.cache
2024/11/10 06:44:32 recorder.go:46: 1731221072757441203 Open       /etc/ld.so.cache
2024/11/10 06:44:32 recorder.go:46: 1731221072757958419 Open       /etc/ld.so.cache
2024/11/10 06:44:32 recorder.go:46: 1731221072758478711 Open       /etc/ld.so.cache
2024/11/10 06:44:32 recorder.go:46: 1731221072758993662 Open       /etc/ld.so.cache
2024/11/10 06:44:32 recorder.go:46: 1731221072759511690 Open       /etc/ld.so.cache
2024/11/10 06:44:32 recorder.go:46: 1731221072770760142 Lookup     /opt/lammps/examples/reaxff/HNS/in.reaxff.hns
2024/11/10 06:44:32 recorder.go:46: 1731221072770839953 Open       /opt/lammps/examples/reaxff/HNS/in.reaxff.hns
2024/11/10 06:44:32 recorder.go:46: 1731221072772672560 Lookup     /opt/lammps/examples/reaxff/HNS/data.hns-equil
2024/11/10 06:44:32 recorder.go:46: 1731221072772720391 Open       /opt/lammps/examples/reaxff/HNS/data.hns-equil
2024/11/10 06:44:32 recorder.go:46: 1731221072772851578 Open       /opt/lammps/examples/reaxff/HNS/data.hns-equil
2024/11/10 06:44:32 recorder.go:46: 1731221072776304222 Lookup     /opt/lammps/examples/reaxff/HNS/ffield.reax.hns
2024/11/10 06:44:32 recorder.go:46: 1731221072776367862 Open       /opt/lammps/examples/reaxff/HNS/ffield.reax.hns
2024/11/10 06:44:32 recorder.go:46: 1731221072776556879 Open       /opt/lammps/examples/reaxff/HNS/ffield.reax.hns
2024/11/10 06:44:32 recorder.go:46: 1731221072776723393 Open       /opt/lammps/examples/reaxff/HNS/ffield.reax.hns
2024/11/10 06:44:32 recorder.go:46: 1731221072776869449 Open       /opt/lammps/examples/reaxff/HNS/ffield.reax.hns
2024/11/10 06:56:42 recorder.go:46: 1731221802290925251 Lookup     /etc
2024/11/10 06:56:42 recorder.go:46: 1731221802291133855 Lookup     /etc/host.conf
2024/11/10 06:56:42 recorder.go:46: 1731221802291261687 Lookup     /etc/hosts
2024/11/10 06:56:42 recorder.go:46: 1731221802291300751 Lookup     /etc/nsswitch.conf
2024/11/10 06:56:42 recorder.go:46: 1731221802291329956 Lookup     /etc/resolv.conf
2024/11/10 06:56:42 recorder.go:46: 1731221802291359252 Lookup     /dev
2024/11/10 06:56:42 recorder.go:46: 1731221802291388216 Lookup     /sys
2024/11/10 06:56:42 recorder.go:46: 1731221802291414887 Lookup     /proc
2024/11/10 06:56:42 recorder.go:46: 1731221802291441267 Lookup     /tmp
2024/11/10 06:56:42 recorder.go:46: 1731221802291460343 Lookup     /root
2024/11/10 06:56:42 recorder.go:46: 1731221802291519214 Lookup     /opt
2024/11/10 06:56:42 recorder.go:46: 1731221802291546135 Lookup     /opt/lammps
2024/11/10 06:56:42 recorder.go:46: 1731221802291567866 Lookup     /opt/lammps/examples
2024/11/10 06:56:42 recorder.go:46: 1731221802291591902 Lookup     /opt/lammps/examples/reaxff
2024/11/10 06:56:42 recorder.go:46: 1731221802291615957 Lookup     /opt/lammps/examples/reaxff/HNS
2024/11/10 06:56:42 recorder.go:46: 1731221802291742206 Lookup     /usr
2024/11/10 06:56:42 recorder.go:46: 1731221802291770189 Lookup     /usr/local
2024/11/10 06:56:42 recorder.go:46: 1731221802291800356 Lookup     /usr/local/sbin
2024/11/10 06:56:42 recorder.go:46: 1731221802291879555 Lookup     /usr/local/bin
2024/11/10 06:56:42 recorder.go:46: 1731221802291962222 Lookup     /usr/sbin
2024/11/10 06:56:42 recorder.go:46: 1731221802292035280 Lookup     /usr/bin
2024/11/10 06:56:42 recorder.go:46: 1731221802292059926 Lookup     /usr/bin/lmp
2024/11/10 06:56:42 recorder.go:46: 1731221802292315109 Open       /usr/bin/lmp
2024/11/10 06:56:42 recorder.go:46: 1731221802292415348 Open       /usr/bin/lmp
2024/11/10 06:56:42 recorder.go:46: 1731221802292470553 Lookup     /lib64
2024/11/10 06:56:42 recorder.go:46: 1731221802292512272 Lookup     /usr/lib64
2024/11/10 06:56:42 recorder.go:46: 1731221802292578597 Lookup     /usr/lib64/ld-linux-x86-64.so.2
2024/11/10 06:56:42 recorder.go:46: 1731221802292634914 Lookup     /lib
2024/11/10 06:56:42 recorder.go:46: 1731221802292664459 Lookup     /usr/lib
2024/11/10 06:56:42 recorder.go:46: 1731221802292723842 Lookup     /usr/lib/x86_64-linux-gnu
2024/11/10 06:56:42 recorder.go:46: 1731221802292744641 Lookup     /usr/lib/x86_64-linux-gnu/ld-linux-x86-64.so.2
2024/11/10 06:56:42 recorder.go:46: 1731221802292823480 Open       /usr/lib/x86_64-linux-gnu/ld-linux-x86-64.so.2
2024/11/10 06:56:42 recorder.go:46: 1731221802293457970 Open       /usr/bin/lmp
2024/11/10 06:56:42 recorder.go:46: 1731221802293948147 Open       /usr/lib/x86_64-linux-gnu/ld-linux-x86-64.so.2
2024/11/10 06:56:42 recorder.go:46: 1731221802294712381 Lookup     /etc/ld.so.cache
2024/11/10 06:56:42 recorder.go:46: 1731221802294749221 Open       /etc/ld.so.cache
2024/11/10 06:56:42 recorder.go:46: 1731221802294968065 Lookup     /usr/lib/x86_64-linux-gnu/libgomp.so.1
2024/11/10 06:56:42 recorder.go:46: 1731221802295044539 Lookup     /usr/lib/x86_64-linux-gnu/libgomp.so.1.0.0
2024/11/10 06:56:42 recorder.go:46: 1731221802295126795 Open       /usr/lib/x86_64-linux-gnu/libgomp.so.1.0.0
2024/11/10 06:56:42 recorder.go:46: 1731221802295612002 Lookup     /usr/lib/x86_64-linux-gnu/libmpich.so.12
2024/11/10 06:56:42 recorder.go:46: 1731221802295661526 Lookup     /usr/lib/x86_64-linux-gnu/libmpich.so.12.2.0
2024/11/10 06:56:42 recorder.go:46: 1731221802295738782 Open       /usr/lib/x86_64-linux-gnu/libmpich.so.12.2.0
2024/11/10 06:56:42 recorder.go:46: 1731221802296242955 Lookup     /usr/lib/x86_64-linux-gnu/libstdc++.so.6
2024/11/10 06:56:42 recorder.go:46: 1731221802296288301 Lookup     /usr/lib/x86_64-linux-gnu/libstdc++.so.6.0.30
2024/11/10 06:56:42 recorder.go:46: 1731221802296385425 Open       /usr/lib/x86_64-linux-gnu/libstdc++.so.6.0.30
2024/11/10 06:56:42 recorder.go:46: 1731221802296914435 Lookup     /usr/lib/x86_64-linux-gnu/libm.so.6
2024/11/10 06:56:42 recorder.go:46: 1731221802296949371 Open       /usr/lib/x86_64-linux-gnu/libm.so.6
2024/11/10 06:56:42 recorder.go:46: 1731221802297401776 Lookup     /usr/lib/x86_64-linux-gnu/libgcc_s.so.1
2024/11/10 06:56:42 recorder.go:46: 1731221802297439478 Open       /usr/lib/x86_64-linux-gnu/libgcc_s.so.1
2024/11/10 06:56:42 recorder.go:46: 1731221802297836829 Lookup     /usr/lib/x86_64-linux-gnu/libc.so.6
2024/11/10 06:56:42 recorder.go:46: 1731221802297886473 Open       /usr/lib/x86_64-linux-gnu/libc.so.6
2024/11/10 06:56:42 recorder.go:46: 1731221802298483522 Lookup     /usr/lib/x86_64-linux-gnu/libhwloc.so.15
2024/11/10 06:56:42 recorder.go:46: 1731221802298551089 Lookup     /usr/lib/x86_64-linux-gnu/libhwloc.so.15.5.2
2024/11/10 06:56:42 recorder.go:46: 1731221802298620721 Open       /usr/lib/x86_64-linux-gnu/libhwloc.so.15.5.2
2024/11/10 06:56:42 recorder.go:46: 1731221802299191891 Lookup     /usr/lib/x86_64-linux-gnu/libfabric.so.1
2024/11/10 06:56:42 recorder.go:46: 1731221802299251854 Lookup     /usr/lib/x86_64-linux-gnu/libfabric.so.1.14.0
2024/11/10 06:56:42 recorder.go:46: 1731221802299353096 Open       /usr/lib/x86_64-linux-gnu/libfabric.so.1.14.0
2024/11/10 06:56:42 recorder.go:46: 1731221802299828084 Lookup     /usr/lib/x86_64-linux-gnu/libudev.so.1
2024/11/10 06:56:42 recorder.go:46: 1731221802299889891 Lookup     /usr/lib/x86_64-linux-gnu/libudev.so.1.7.2
2024/11/10 06:56:42 recorder.go:46: 1731221802299965704 Open       /usr/lib/x86_64-linux-gnu/libudev.so.1.7.2
2024/11/10 06:56:42 recorder.go:46: 1731221802300295007 Lookup     /usr/lib/x86_64-linux-gnu/librdmacm.so.1
2024/11/10 06:56:42 recorder.go:46: 1731221802300330113 Lookup     /usr/lib/x86_64-linux-gnu/librdmacm.so.1.3.39.0
2024/11/10 06:56:42 recorder.go:46: 1731221802300390678 Open       /usr/lib/x86_64-linux-gnu/librdmacm.so.1.3.39.0
2024/11/10 06:56:42 recorder.go:46: 1731221802300708218 Lookup     /usr/lib/x86_64-linux-gnu/libefa.so.1
2024/11/10 06:56:42 recorder.go:46: 1731221802300742252 Lookup     /usr/lib/x86_64-linux-gnu/libefa.so.1.1.39.0
2024/11/10 06:56:42 recorder.go:46: 1731221802300802226 Open       /usr/lib/x86_64-linux-gnu/libefa.so.1.1.39.0
2024/11/10 06:56:42 recorder.go:46: 1731221802301106741 Lookup     /usr/lib/x86_64-linux-gnu/libibverbs.so.1
2024/11/10 06:56:42 recorder.go:46: 1731221802301138231 Lookup     /usr/lib/x86_64-linux-gnu/libibverbs.so.1.14.39.0
2024/11/10 06:56:42 recorder.go:46: 1731221802301194036 Open       /usr/lib/x86_64-linux-gnu/libibverbs.so.1.14.39.0
2024/11/10 06:56:42 recorder.go:46: 1731221802301503632 Lookup     /usr/lib/x86_64-linux-gnu/libpsm_infinipath.so.1
2024/11/10 06:56:42 recorder.go:46: 1731221802301612838 Lookup     /etc/alternatives
2024/11/10 06:56:42 recorder.go:46: 1731221802301647063 Lookup     /etc/alternatives/libpsm_infinipath.so.1
2024/11/10 06:56:42 recorder.go:46: 1731221802301710743 Lookup     /usr/lib/libpsm1
2024/11/10 06:56:42 recorder.go:46: 1731221802301735390 Lookup     /usr/lib/libpsm1/libpsm_infinipath.so.1.16
2024/11/10 06:56:42 recorder.go:46: 1731221802301769625 Open       /usr/lib/libpsm1/libpsm_infinipath.so.1.16
2024/11/10 06:56:42 recorder.go:46: 1731221802302893439 Lookup     /usr/lib/x86_64-linux-gnu/libpsm2.so.2
2024/11/10 06:56:42 recorder.go:46: 1731221802302951970 Lookup     /usr/lib/x86_64-linux-gnu/libpsm2.so.2.2
2024/11/10 06:56:42 recorder.go:46: 1731221802303029176 Open       /usr/lib/x86_64-linux-gnu/libpsm2.so.2.2
2024/11/10 06:56:42 recorder.go:46: 1731221802303380591 Lookup     /usr/lib/x86_64-linux-gnu/libnl-3.so.200
2024/11/10 06:56:42 recorder.go:46: 1731221802303416258 Lookup     /usr/lib/x86_64-linux-gnu/libnl-3.so.200.26.0
2024/11/10 06:56:42 recorder.go:46: 1731221802303480329 Open       /usr/lib/x86_64-linux-gnu/libnl-3.so.200.26.0
2024/11/10 06:56:42 recorder.go:46: 1731221802303868012 Lookup     /usr/lib/x86_64-linux-gnu/libnl-route-3.so.200
2024/11/10 06:56:42 recorder.go:46: 1731221802303905493 Lookup     /usr/lib/x86_64-linux-gnu/libnl-route-3.so.200.26.0
2024/11/10 06:56:42 recorder.go:46: 1731221802303964755 Open       /usr/lib/x86_64-linux-gnu/libnl-route-3.so.200.26.0
2024/11/10 06:56:42 recorder.go:46: 1731221802304417321 Lookup     /usr/lib/x86_64-linux-gnu/libinfinipath.so.4
2024/11/10 06:56:42 recorder.go:46: 1731221802304456124 Lookup     /usr/lib/x86_64-linux-gnu/libinfinipath.so.4.0
2024/11/10 06:56:42 recorder.go:46: 1731221802304525405 Open       /usr/lib/x86_64-linux-gnu/libinfinipath.so.4.0
2024/11/10 06:56:42 recorder.go:46: 1731221802304847614 Lookup     /usr/lib/x86_64-linux-gnu/librt.so.1
2024/11/10 06:56:42 recorder.go:46: 1731221802304878452 Open       /usr/lib/x86_64-linux-gnu/librt.so.1
2024/11/10 06:56:42 recorder.go:46: 1731221802305126081 Lookup     /usr/lib/x86_64-linux-gnu/libpthread.so.0
2024/11/10 06:56:42 recorder.go:46: 1731221802305153392 Open       /usr/lib/x86_64-linux-gnu/libpthread.so.0
2024/11/10 06:56:42 recorder.go:46: 1731221802305400359 Lookup     /usr/lib/x86_64-linux-gnu/libdl.so.2
2024/11/10 06:56:42 recorder.go:46: 1731221802305442208 Open       /usr/lib/x86_64-linux-gnu/libdl.so.2
2024/11/10 06:56:42 recorder.go:46: 1731221802305720154 Lookup     /usr/lib/x86_64-linux-gnu/libuuid.so.1
2024/11/10 06:56:42 recorder.go:46: 1731221802305765109 Lookup     /usr/lib/x86_64-linux-gnu/libuuid.so.1.3.0
2024/11/10 06:56:42 recorder.go:46: 1731221802305830883 Open       /usr/lib/x86_64-linux-gnu/libuuid.so.1.3.0
2024/11/10 06:56:42 recorder.go:46: 1731221802306103358 Lookup     /usr/lib/x86_64-linux-gnu/libnuma.so.1
2024/11/10 06:56:42 recorder.go:46: 1731221802306140318 Lookup     /usr/lib/x86_64-linux-gnu/libnuma.so.1.0.0
2024/11/10 06:56:42 recorder.go:46: 1731221802306205321 Open       /usr/lib/x86_64-linux-gnu/libnuma.so.1.0.0
2024/11/10 06:56:42 recorder.go:46: 1731221802517595458 Lookup     /usr/lib/x86_64-linux-gnu/hwloc
2024/11/10 06:56:42 recorder.go:46: 1731221802517832937 Lookup     /usr/lib/x86_64-linux-gnu/hwloc/hwloc_opencl.so
2024/11/10 06:56:42 recorder.go:46: 1731221802517885947 Lookup     /usr/lib/x86_64-linux-gnu/hwloc/hwloc_xml_libxml.so
2024/11/10 06:56:42 recorder.go:46: 1731221802517904312 Lookup     /usr/lib/x86_64-linux-gnu/hwloc/hwloc_gl.so
2024/11/10 06:56:42 recorder.go:46: 1731221802517924550 Lookup     /usr/lib/x86_64-linux-gnu/hwloc/hwloc_pci.so
2024/11/10 06:56:42 recorder.go:46: 1731221802518156659 Open       /usr/lib/x86_64-linux-gnu/hwloc/hwloc_opencl.so
2024/11/10 06:56:42 recorder.go:46: 1731221802518561645 Open       /etc/ld.so.cache
2024/11/10 06:56:42 recorder.go:46: 1731221802518930322 Lookup     /usr/lib/x86_64-linux-gnu/libOpenCL.so.1
2024/11/10 06:56:42 recorder.go:46: 1731221802519019841 Lookup     /usr/lib/x86_64-linux-gnu/libOpenCL.so.1.0.0
2024/11/10 06:56:42 recorder.go:46: 1731221802519122686 Open       /usr/lib/x86_64-linux-gnu/libOpenCL.so.1.0.0
2024/11/10 06:56:42 recorder.go:46: 1731221802519824332 Open       /usr/lib/x86_64-linux-gnu/hwloc/hwloc_xml_libxml.so
2024/11/10 06:56:42 recorder.go:46: 1731221802520134869 Open       /etc/ld.so.cache
2024/11/10 06:56:42 recorder.go:46: 1731221802520334086 Lookup     /usr/lib/x86_64-linux-gnu/libxml2.so.2
2024/11/10 06:56:42 recorder.go:46: 1731221802520370635 Lookup     /usr/lib/x86_64-linux-gnu/libxml2.so.2.9.13
2024/11/10 06:56:42 recorder.go:46: 1731221802520435939 Open       /usr/lib/x86_64-linux-gnu/libxml2.so.2.9.13
2024/11/10 06:56:42 recorder.go:46: 1731221802520876411 Lookup     /usr/lib/x86_64-linux-gnu/libicuuc.so.70
2024/11/10 06:56:42 recorder.go:46: 1731221802520915115 Lookup     /usr/lib/x86_64-linux-gnu/libicuuc.so.70.1
2024/11/10 06:56:42 recorder.go:46: 1731221802520972744 Open       /usr/lib/x86_64-linux-gnu/libicuuc.so.70.1
2024/11/10 06:56:42 recorder.go:46: 1731221802521461618 Lookup     /usr/lib/x86_64-linux-gnu/libz.so.1
2024/11/10 06:56:42 recorder.go:46: 1731221802521515189 Lookup     /usr/lib/x86_64-linux-gnu/libz.so.1.2.11
2024/11/10 06:56:42 recorder.go:46: 1731221802521625788 Open       /usr/lib/x86_64-linux-gnu/libz.so.1.2.11
2024/11/10 06:56:42 recorder.go:46: 1731221802522086620 Lookup     /usr/lib/x86_64-linux-gnu/liblzma.so.5
2024/11/10 06:56:42 recorder.go:46: 1731221802522139940 Lookup     /usr/lib/x86_64-linux-gnu/liblzma.so.5.2.5
2024/11/10 06:56:42 recorder.go:46: 1731221802522234810 Open       /usr/lib/x86_64-linux-gnu/liblzma.so.5.2.5
2024/11/10 06:56:42 recorder.go:46: 1731221802522712172 Lookup     /usr/lib/x86_64-linux-gnu/libicudata.so.70
2024/11/10 06:56:42 recorder.go:46: 1731221802522761536 Lookup     /usr/lib/x86_64-linux-gnu/libicudata.so.70.1
2024/11/10 06:56:42 recorder.go:46: 1731221802522826899 Open       /usr/lib/x86_64-linux-gnu/libicudata.so.70.1
2024/11/10 06:56:42 recorder.go:46: 1731221802524215635 Open       /usr/lib/x86_64-linux-gnu/hwloc/hwloc_gl.so
2024/11/10 06:56:42 recorder.go:46: 1731221802524515111 Open       /etc/ld.so.cache
2024/11/10 06:56:42 recorder.go:46: 1731221802524795521 Lookup     /usr/lib/x86_64-linux-gnu/libXNVCtrl.so.0
2024/11/10 06:56:42 recorder.go:46: 1731221802524846257 Lookup     /usr/lib/x86_64-linux-gnu/libXNVCtrl.so.0.0.0
2024/11/10 06:56:42 recorder.go:46: 1731221802524937390 Open       /usr/lib/x86_64-linux-gnu/libXNVCtrl.so.0.0.0
2024/11/10 06:56:42 recorder.go:46: 1731221802525238198 Lookup     /usr/lib/x86_64-linux-gnu/libX11.so.6
2024/11/10 06:56:42 recorder.go:46: 1731221802525275349 Lookup     /usr/lib/x86_64-linux-gnu/libX11.so.6.4.0
2024/11/10 06:56:42 recorder.go:46: 1731221802525345161 Open       /usr/lib/x86_64-linux-gnu/libX11.so.6.4.0
2024/11/10 06:56:42 recorder.go:46: 1731221802525755597 Lookup     /usr/lib/x86_64-linux-gnu/libXext.so.6
2024/11/10 06:56:42 recorder.go:46: 1731221802525803527 Lookup     /usr/lib/x86_64-linux-gnu/libXext.so.6.4.0
2024/11/10 06:56:42 recorder.go:46: 1731221802525866136 Open       /usr/lib/x86_64-linux-gnu/libXext.so.6.4.0
2024/11/10 06:56:42 recorder.go:46: 1731221802526191050 Lookup     /usr/lib/x86_64-linux-gnu/libxcb.so.1
2024/11/10 06:56:42 recorder.go:46: 1731221802526228380 Lookup     /usr/lib/x86_64-linux-gnu/libxcb.so.1.1.0
2024/11/10 06:56:42 recorder.go:46: 1731221802526291039 Open       /usr/lib/x86_64-linux-gnu/libxcb.so.1.1.0
2024/11/10 06:56:42 recorder.go:46: 1731221802526650769 Lookup     /usr/lib/x86_64-linux-gnu/libXau.so.6
2024/11/10 06:56:42 recorder.go:46: 1731221802526691406 Lookup     /usr/lib/x86_64-linux-gnu/libXau.so.6.0.0
2024/11/10 06:56:42 recorder.go:46: 1731221802526753303 Open       /usr/lib/x86_64-linux-gnu/libXau.so.6.0.0
2024/11/10 06:56:42 recorder.go:46: 1731221802527018104 Lookup     /usr/lib/x86_64-linux-gnu/libXdmcp.so.6
2024/11/10 06:56:42 recorder.go:46: 1731221802527053510 Lookup     /usr/lib/x86_64-linux-gnu/libXdmcp.so.6.0.0
2024/11/10 06:56:42 recorder.go:46: 1731221802527121739 Open       /usr/lib/x86_64-linux-gnu/libXdmcp.so.6.0.0
2024/11/10 06:56:42 recorder.go:46: 1731221802527395427 Lookup     /usr/lib/x86_64-linux-gnu/libbsd.so.0
2024/11/10 06:56:42 recorder.go:46: 1731221802527442436 Lookup     /usr/lib/x86_64-linux-gnu/libbsd.so.0.11.5
2024/11/10 06:56:42 recorder.go:46: 1731221802527516756 Open       /usr/lib/x86_64-linux-gnu/libbsd.so.0.11.5
2024/11/10 06:56:42 recorder.go:46: 1731221802527881847 Lookup     /usr/lib/x86_64-linux-gnu/libmd.so.0
2024/11/10 06:56:42 recorder.go:46: 1731221802527946619 Lookup     /usr/lib/x86_64-linux-gnu/libmd.so.0.0.5
2024/11/10 06:56:42 recorder.go:46: 1731221802528023685 Open       /usr/lib/x86_64-linux-gnu/libmd.so.0.0.5
2024/11/10 06:56:42 recorder.go:46: 1731221802528730271 Open       /usr/lib/x86_64-linux-gnu/hwloc/hwloc_pci.so
2024/11/10 06:56:42 recorder.go:46: 1731221802528969503 Open       /etc/ld.so.cache
2024/11/10 06:56:42 recorder.go:46: 1731221802529173429 Lookup     /usr/lib/x86_64-linux-gnu/libpciaccess.so.0
2024/11/10 06:56:42 recorder.go:46: 1731221802529222181 Lookup     /usr/lib/x86_64-linux-gnu/libpciaccess.so.0.11.1
2024/11/10 06:56:42 recorder.go:46: 1731221802529294207 Open       /usr/lib/x86_64-linux-gnu/libpciaccess.so.0.11.1
2024/11/10 06:56:42 recorder.go:46: 1731221802851277623 Lookup     /run
2024/11/10 06:56:42 recorder.go:46: 1731221802856966680 Lookup     /var
2024/11/10 06:56:42 recorder.go:46: 1731221802857023297 Lookup     /var/run
2024/11/10 06:56:42 recorder.go:46: 1731221802858035791 Lookup     /etc/gai.conf
2024/11/10 06:56:42 recorder.go:46: 1731221802858072240 Open       /etc/gai.conf
2024/11/10 06:56:42 recorder.go:46: 1731221802867436054 Lookup     /usr/share
2024/11/10 06:56:42 recorder.go:46: 1731221802867518971 Lookup     /usr/share/misc
2024/11/10 06:56:42 recorder.go:46: 1731221802885542318 Open       /etc/ld.so.cache
2024/11/10 06:56:42 recorder.go:46: 1731221802893590435 Open       /etc/ld.so.cache
2024/11/10 06:56:42 recorder.go:46: 1731221802894164710 Open       /etc/ld.so.cache
2024/11/10 06:56:42 recorder.go:46: 1731221802894774724 Open       /etc/ld.so.cache
2024/11/10 06:56:42 recorder.go:46: 1731221802895350062 Open       /etc/ld.so.cache
2024/11/10 06:56:42 recorder.go:46: 1731221802895896485 Open       /etc/ld.so.cache
2024/11/10 06:56:42 recorder.go:46: 1731221802896479878 Open       /etc/ld.so.cache
2024/11/10 06:56:42 recorder.go:46: 1731221802897190111 Open       /etc/ld.so.cache
2024/11/10 06:56:42 recorder.go:46: 1731221802897858454 Open       /etc/ld.so.cache
2024/11/10 06:56:42 recorder.go:46: 1731221802898702801 Open       /etc/ld.so.cache
2024/11/10 06:56:42 recorder.go:46: 1731221802899348281 Open       /etc/ld.so.cache
2024/11/10 06:56:42 recorder.go:46: 1731221802899973834 Open       /etc/ld.so.cache
2024/11/10 06:56:42 recorder.go:46: 1731221802900576413 Open       /etc/ld.so.cache
2024/11/10 06:56:42 recorder.go:46: 1731221802901221032 Open       /etc/ld.so.cache
2024/11/10 06:56:42 recorder.go:46: 1731221802901831476 Open       /etc/ld.so.cache
2024/11/10 06:56:42 recorder.go:46: 1731221802902438464 Open       /etc/ld.so.cache
2024/11/10 06:56:42 recorder.go:46: 1731221802903039700 Open       /etc/ld.so.cache
2024/11/10 06:56:42 recorder.go:46: 1731221802912748106 Lookup     /opt/lammps/examples/reaxff/HNS/in.reaxff.hns
2024/11/10 06:56:42 recorder.go:46: 1731221802912830943 Open       /opt/lammps/examples/reaxff/HNS/in.reaxff.hns
2024/11/10 06:56:42 recorder.go:46: 1731221802914651154 Lookup     /opt/lammps/examples/reaxff/HNS/data.hns-equil
2024/11/10 06:56:42 recorder.go:46: 1731221802914757936 Open       /opt/lammps/examples/reaxff/HNS/data.hns-equil
2024/11/10 06:56:42 recorder.go:46: 1731221802914929190 Open       /opt/lammps/examples/reaxff/HNS/data.hns-equil
2024/11/10 06:56:42 recorder.go:46: 1731221802918730898 Lookup     /opt/lammps/examples/reaxff/HNS/ffield.reax.hns
2024/11/10 06:56:42 recorder.go:46: 1731221802918777015 Open       /opt/lammps/examples/reaxff/HNS/ffield.reax.hns
2024/11/10 06:56:42 recorder.go:46: 1731221802918891431 Open       /opt/lammps/examples/reaxff/HNS/ffield.reax.hns
2024/11/10 06:56:42 recorder.go:46: 1731221802919073255 Open       /opt/lammps/examples/reaxff/HNS/ffield.reax.hns
2024/11/10 06:56:42 recorder.go:46: 1731221802919233268 Open       /opt/lammps/examples/reaxff/HNS/ffield.reax.hns
2024/11/10 06:58:19 recorder.go:46: 1731221899856883931 Lookup     /etc
2024/11/10 06:58:19 recorder.go:46: 1731221899857026591 Lookup     /etc/host.conf
2024/11/10 06:58:19 recorder.go:46: 1731221899857127812 Lookup     /etc/hosts
2024/11/10 06:58:19 recorder.go:46: 1731221899857209507 Lookup     /etc/nsswitch.conf
2024/11/10 06:58:19 recorder.go:46: 1731221899857250604 Lookup     /etc/resolv.conf
2024/11/10 06:58:19 recorder.go:46: 1731221899857284819 Lookup     /dev
2024/11/10 06:58:19 recorder.go:46: 1731221899857309005 Lookup     /sys
2024/11/10 06:58:19 recorder.go:46: 1731221899857332269 Lookup     /proc
2024/11/10 06:58:19 recorder.go:46: 1731221899857357847 Lookup     /tmp
2024/11/10 06:58:19 recorder.go:46: 1731221899857379708 Lookup     /root
2024/11/10 06:58:19 recorder.go:46: 1731221899857420285 Lookup     /opt
2024/11/10 06:58:19 recorder.go:46: 1731221899857441726 Lookup     /opt/lammps
2024/11/10 06:58:19 recorder.go:46: 1731221899857462385 Lookup     /opt/lammps/examples
2024/11/10 06:58:19 recorder.go:46: 1731221899857581169 Lookup     /opt/lammps/examples/reaxff
2024/11/10 06:58:19 recorder.go:46: 1731221899857610054 Lookup     /opt/lammps/examples/reaxff/HNS
2024/11/10 06:58:19 recorder.go:46: 1731221899857734259 Lookup     /usr
2024/11/10 06:58:19 recorder.go:46: 1731221899857759376 Lookup     /usr/local
2024/11/10 06:58:19 recorder.go:46: 1731221899857781628 Lookup     /usr/local/sbin
2024/11/10 06:58:19 recorder.go:46: 1731221899857862451 Lookup     /usr/local/bin
2024/11/10 06:58:19 recorder.go:46: 1731221899857934287 Lookup     /usr/sbin
2024/11/10 06:58:19 recorder.go:46: 1731221899858004380 Lookup     /usr/bin
2024/11/10 06:58:19 recorder.go:46: 1731221899858029748 Lookup     /usr/bin/lmp
2024/11/10 06:58:19 recorder.go:46: 1731221899858284579 Open       /usr/bin/lmp
2024/11/10 06:58:19 recorder.go:46: 1731221899858450844 Open       /usr/bin/lmp
2024/11/10 06:58:19 recorder.go:46: 1731221899858563266 Lookup     /lib64
2024/11/10 06:58:19 recorder.go:46: 1731221899858618882 Lookup     /usr/lib64
2024/11/10 06:58:19 recorder.go:46: 1731221899858744239 Lookup     /usr/lib64/ld-linux-x86-64.so.2
2024/11/10 06:58:19 recorder.go:46: 1731221899858837856 Lookup     /lib
2024/11/10 06:58:19 recorder.go:46: 1731221899858885416 Lookup     /usr/lib
2024/11/10 06:58:19 recorder.go:46: 1731221899858989122 Lookup     /usr/lib/x86_64-linux-gnu
2024/11/10 06:58:19 recorder.go:46: 1731221899859025571 Lookup     /usr/lib/x86_64-linux-gnu/ld-linux-x86-64.so.2
2024/11/10 06:58:19 recorder.go:46: 1731221899859128926 Open       /usr/lib/x86_64-linux-gnu/ld-linux-x86-64.so.2
2024/11/10 06:58:19 recorder.go:46: 1731221899859764688 Open       /usr/bin/lmp
2024/11/10 06:58:19 recorder.go:46: 1731221899860400310 Open       /usr/lib/x86_64-linux-gnu/ld-linux-x86-64.so.2
2024/11/10 06:58:19 recorder.go:46: 1731221899861558951 Lookup     /etc/ld.so.cache
2024/11/10 06:58:19 recorder.go:46: 1731221899861619275 Open       /etc/ld.so.cache
2024/11/10 06:58:19 recorder.go:46: 1731221899861926286 Lookup     /usr/lib/x86_64-linux-gnu/libgomp.so.1
2024/11/10 06:58:19 recorder.go:46: 1731221899861976180 Lookup     /usr/lib/x86_64-linux-gnu/libgomp.so.1.0.0
2024/11/10 06:58:19 recorder.go:46: 1731221899862045210 Open       /usr/lib/x86_64-linux-gnu/libgomp.so.1.0.0
2024/11/10 06:58:19 recorder.go:46: 1731221899862660243 Lookup     /usr/lib/x86_64-linux-gnu/libmpich.so.12
2024/11/10 06:58:19 recorder.go:46: 1731221899862731789 Lookup     /usr/lib/x86_64-linux-gnu/libmpich.so.12.2.0
2024/11/10 06:58:19 recorder.go:46: 1731221899862815567 Open       /usr/lib/x86_64-linux-gnu/libmpich.so.12.2.0
2024/11/10 06:58:19 recorder.go:46: 1731221899863427234 Lookup     /usr/lib/x86_64-linux-gnu/libstdc++.so.6
2024/11/10 06:58:19 recorder.go:46: 1731221899863473662 Lookup     /usr/lib/x86_64-linux-gnu/libstdc++.so.6.0.30
2024/11/10 06:58:19 recorder.go:46: 1731221899863581085 Open       /usr/lib/x86_64-linux-gnu/libstdc++.so.6.0.30
2024/11/10 06:58:19 recorder.go:46: 1731221899864106608 Lookup     /usr/lib/x86_64-linux-gnu/libm.so.6
2024/11/10 06:58:19 recorder.go:46: 1731221899864171772 Open       /usr/lib/x86_64-linux-gnu/libm.so.6
2024/11/10 06:58:19 recorder.go:46: 1731221899864614028 Lookup     /usr/lib/x86_64-linux-gnu/libgcc_s.so.1
2024/11/10 06:58:19 recorder.go:46: 1731221899864656558 Open       /usr/lib/x86_64-linux-gnu/libgcc_s.so.1
2024/11/10 06:58:19 recorder.go:46: 1731221899864981192 Lookup     /usr/lib/x86_64-linux-gnu/libc.so.6
2024/11/10 06:58:19 recorder.go:46: 1731221899865012852 Open       /usr/lib/x86_64-linux-gnu/libc.so.6
2024/11/10 06:58:19 recorder.go:46: 1731221899865560928 Lookup     /usr/lib/x86_64-linux-gnu/libhwloc.so.15
2024/11/10 06:58:19 recorder.go:46: 1731221899865615732 Lookup     /usr/lib/x86_64-linux-gnu/libhwloc.so.15.5.2
2024/11/10 06:58:19 recorder.go:46: 1731221899865691936 Open       /usr/lib/x86_64-linux-gnu/libhwloc.so.15.5.2
2024/11/10 06:58:19 recorder.go:46: 1731221899866132710 Lookup     /usr/lib/x86_64-linux-gnu/libfabric.so.1
2024/11/10 06:58:19 recorder.go:46: 1731221899866175260 Lookup     /usr/lib/x86_64-linux-gnu/libfabric.so.1.14.0
2024/11/10 06:58:19 recorder.go:46: 1731221899866247847 Open       /usr/lib/x86_64-linux-gnu/libfabric.so.1.14.0
2024/11/10 06:58:19 recorder.go:46: 1731221899866711153 Lookup     /usr/lib/x86_64-linux-gnu/libudev.so.1
2024/11/10 06:58:19 recorder.go:46: 1731221899866753654 Lookup     /usr/lib/x86_64-linux-gnu/libudev.so.1.7.2
2024/11/10 06:58:19 recorder.go:46: 1731221899866827273 Open       /usr/lib/x86_64-linux-gnu/libudev.so.1.7.2
2024/11/10 06:58:19 recorder.go:46: 1731221899867167416 Lookup     /usr/lib/x86_64-linux-gnu/librdmacm.so.1
2024/11/10 06:58:19 recorder.go:46: 1731221899867207302 Lookup     /usr/lib/x86_64-linux-gnu/librdmacm.so.1.3.39.0
2024/11/10 06:58:19 recorder.go:46: 1731221899867269499 Open       /usr/lib/x86_64-linux-gnu/librdmacm.so.1.3.39.0
2024/11/10 06:58:19 recorder.go:46: 1731221899867624250 Lookup     /usr/lib/x86_64-linux-gnu/libefa.so.1
2024/11/10 06:58:19 recorder.go:46: 1731221899867662432 Lookup     /usr/lib/x86_64-linux-gnu/libefa.so.1.1.39.0
2024/11/10 06:58:19 recorder.go:46: 1731221899867730791 Open       /usr/lib/x86_64-linux-gnu/libefa.so.1.1.39.0
2024/11/10 06:58:19 recorder.go:46: 1731221899868131730 Lookup     /usr/lib/x86_64-linux-gnu/libibverbs.so.1
2024/11/10 06:58:19 recorder.go:46: 1731221899868169371 Lookup     /usr/lib/x86_64-linux-gnu/libibverbs.so.1.14.39.0
2024/11/10 06:58:19 recorder.go:46: 1731221899868241367 Open       /usr/lib/x86_64-linux-gnu/libibverbs.so.1.14.39.0
2024/11/10 06:58:19 recorder.go:46: 1731221899868568375 Lookup     /usr/lib/x86_64-linux-gnu/libpsm_infinipath.so.1
2024/11/10 06:58:19 recorder.go:46: 1731221899868676840 Lookup     /etc/alternatives
2024/11/10 06:58:19 recorder.go:46: 1731221899868706546 Lookup     /etc/alternatives/libpsm_infinipath.so.1
2024/11/10 06:58:19 recorder.go:46: 1731221899868775397 Lookup     /usr/lib/libpsm1
2024/11/10 06:58:19 recorder.go:46: 1731221899868801326 Lookup     /usr/lib/libpsm1/libpsm_infinipath.so.1.16
2024/11/10 06:58:19 recorder.go:46: 1731221899868838706 Open       /usr/lib/libpsm1/libpsm_infinipath.so.1.16
2024/11/10 06:58:19 recorder.go:46: 1731221899869344533 Lookup     /usr/lib/x86_64-linux-gnu/libpsm2.so.2
2024/11/10 06:58:19 recorder.go:46: 1731221899869389408 Lookup     /usr/lib/x86_64-linux-gnu/libpsm2.so.2.2
2024/11/10 06:58:19 recorder.go:46: 1731221899869453188 Open       /usr/lib/x86_64-linux-gnu/libpsm2.so.2.2
2024/11/10 06:58:19 recorder.go:46: 1731221899869988290 Lookup     /usr/lib/x86_64-linux-gnu/libnl-3.so.200
2024/11/10 06:58:19 recorder.go:46: 1731221899870037794 Lookup     /usr/lib/x86_64-linux-gnu/libnl-3.so.200.26.0
2024/11/10 06:58:19 recorder.go:46: 1731221899870143133 Open       /usr/lib/x86_64-linux-gnu/libnl-3.so.200.26.0
2024/11/10 06:58:19 recorder.go:46: 1731221899870550754 Lookup     /usr/lib/x86_64-linux-gnu/libnl-route-3.so.200
2024/11/10 06:58:19 recorder.go:46: 1731221899870621077 Lookup     /usr/lib/x86_64-linux-gnu/libnl-route-3.so.200.26.0
2024/11/10 06:58:19 recorder.go:46: 1731221899870695688 Open       /usr/lib/x86_64-linux-gnu/libnl-route-3.so.200.26.0
2024/11/10 06:58:19 recorder.go:46: 1731221899871581994 Lookup     /usr/lib/x86_64-linux-gnu/libinfinipath.so.4
2024/11/10 06:58:19 recorder.go:46: 1731221899871641997 Lookup     /usr/lib/x86_64-linux-gnu/libinfinipath.so.4.0
2024/11/10 06:58:19 recorder.go:46: 1731221899871728200 Open       /usr/lib/x86_64-linux-gnu/libinfinipath.so.4.0
2024/11/10 06:58:19 recorder.go:46: 1731221899872066570 Lookup     /usr/lib/x86_64-linux-gnu/librt.so.1
2024/11/10 06:58:19 recorder.go:46: 1731221899872104221 Open       /usr/lib/x86_64-linux-gnu/librt.so.1
2024/11/10 06:58:19 recorder.go:46: 1731221899872400932 Lookup     /usr/lib/x86_64-linux-gnu/libpthread.so.0
2024/11/10 06:58:19 recorder.go:46: 1731221899872436189 Open       /usr/lib/x86_64-linux-gnu/libpthread.so.0
2024/11/10 06:58:19 recorder.go:46: 1731221899872714816 Lookup     /usr/lib/x86_64-linux-gnu/libdl.so.2
2024/11/10 06:58:19 recorder.go:46: 1731221899872752467 Open       /usr/lib/x86_64-linux-gnu/libdl.so.2
2024/11/10 06:58:19 recorder.go:46: 1731221899873015184 Lookup     /usr/lib/x86_64-linux-gnu/libuuid.so.1
2024/11/10 06:58:19 recorder.go:46: 1731221899873048737 Lookup     /usr/lib/x86_64-linux-gnu/libuuid.so.1.3.0
2024/11/10 06:58:19 recorder.go:46: 1731221899873107839 Open       /usr/lib/x86_64-linux-gnu/libuuid.so.1.3.0
2024/11/10 06:58:19 recorder.go:46: 1731221899873441931 Lookup     /usr/lib/x86_64-linux-gnu/libnuma.so.1
2024/11/10 06:58:19 recorder.go:46: 1731221899873476035 Lookup     /usr/lib/x86_64-linux-gnu/libnuma.so.1.0.0
2024/11/10 06:58:19 recorder.go:46: 1731221899873540597 Open       /usr/lib/x86_64-linux-gnu/libnuma.so.1.0.0
2024/11/10 06:58:20 recorder.go:46: 1731221900084908408 Lookup     /usr/lib/x86_64-linux-gnu/hwloc
2024/11/10 06:58:20 recorder.go:46: 1731221900085120910 Lookup     /usr/lib/x86_64-linux-gnu/hwloc/hwloc_opencl.so
2024/11/10 06:58:20 recorder.go:46: 1731221900085143894 Lookup     /usr/lib/x86_64-linux-gnu/hwloc/hwloc_xml_libxml.so
2024/11/10 06:58:20 recorder.go:46: 1731221900085154374 Lookup     /usr/lib/x86_64-linux-gnu/hwloc/hwloc_gl.so
2024/11/10 06:58:20 recorder.go:46: 1731221900085165745 Lookup     /usr/lib/x86_64-linux-gnu/hwloc/hwloc_pci.so
2024/11/10 06:58:20 recorder.go:46: 1731221900085304818 Open       /usr/lib/x86_64-linux-gnu/hwloc/hwloc_opencl.so
2024/11/10 06:58:20 recorder.go:46: 1731221900085683624 Open       /etc/ld.so.cache
2024/11/10 06:58:20 recorder.go:46: 1731221900085995043 Lookup     /usr/lib/x86_64-linux-gnu/libOpenCL.so.1
2024/11/10 06:58:20 recorder.go:46: 1731221900086044076 Lookup     /usr/lib/x86_64-linux-gnu/libOpenCL.so.1.0.0
2024/11/10 06:58:20 recorder.go:46: 1731221900086140699 Open       /usr/lib/x86_64-linux-gnu/libOpenCL.so.1.0.0
2024/11/10 06:58:20 recorder.go:46: 1731221900086656324 Open       /usr/lib/x86_64-linux-gnu/hwloc/hwloc_xml_libxml.so
2024/11/10 06:58:20 recorder.go:46: 1731221900086921575 Open       /etc/ld.so.cache
2024/11/10 06:58:20 recorder.go:46: 1731221900087125751 Lookup     /usr/lib/x86_64-linux-gnu/libxml2.so.2
2024/11/10 06:58:20 recorder.go:46: 1731221900087162982 Lookup     /usr/lib/x86_64-linux-gnu/libxml2.so.2.9.13
2024/11/10 06:58:20 recorder.go:46: 1731221900087221953 Open       /usr/lib/x86_64-linux-gnu/libxml2.so.2.9.13
2024/11/10 06:58:20 recorder.go:46: 1731221900087721848 Lookup     /usr/lib/x86_64-linux-gnu/libicuuc.so.70
2024/11/10 06:58:20 recorder.go:46: 1731221900087760702 Lookup     /usr/lib/x86_64-linux-gnu/libicuuc.so.70.1
2024/11/10 06:58:20 recorder.go:46: 1731221900087832848 Open       /usr/lib/x86_64-linux-gnu/libicuuc.so.70.1
2024/11/10 06:58:20 recorder.go:46: 1731221900088283581 Lookup     /usr/lib/x86_64-linux-gnu/libz.so.1
2024/11/10 06:58:20 recorder.go:46: 1731221900088320951 Lookup     /usr/lib/x86_64-linux-gnu/libz.so.1.2.11
2024/11/10 06:58:20 recorder.go:46: 1731221900088388709 Open       /usr/lib/x86_64-linux-gnu/libz.so.1.2.11
2024/11/10 06:58:20 recorder.go:46: 1731221900088750834 Lookup     /usr/lib/x86_64-linux-gnu/liblzma.so.5
2024/11/10 06:58:20 recorder.go:46: 1731221900088802682 Lookup     /usr/lib/x86_64-linux-gnu/liblzma.so.5.2.5
2024/11/10 06:58:20 recorder.go:46: 1731221900088868326 Open       /usr/lib/x86_64-linux-gnu/liblzma.so.5.2.5
2024/11/10 06:58:20 recorder.go:46: 1731221900089240690 Lookup     /usr/lib/x86_64-linux-gnu/libicudata.so.70
2024/11/10 06:58:20 recorder.go:46: 1731221900089285635 Lookup     /usr/lib/x86_64-linux-gnu/libicudata.so.70.1
2024/11/10 06:58:20 recorder.go:46: 1731221900089354686 Open       /usr/lib/x86_64-linux-gnu/libicudata.so.70.1
2024/11/10 06:58:20 recorder.go:46: 1731221900090593569 Open       /usr/lib/x86_64-linux-gnu/hwloc/hwloc_gl.so
2024/11/10 06:58:20 recorder.go:46: 1731221900090857608 Open       /etc/ld.so.cache
2024/11/10 06:58:20 recorder.go:46: 1731221900091063958 Lookup     /usr/lib/x86_64-linux-gnu/libXNVCtrl.so.0
2024/11/10 06:58:20 recorder.go:46: 1731221900091107010 Lookup     /usr/lib/x86_64-linux-gnu/libXNVCtrl.so.0.0.0
2024/11/10 06:58:20 recorder.go:46: 1731221900091220955 Open       /usr/lib/x86_64-linux-gnu/libXNVCtrl.so.0.0.0
2024/11/10 06:58:20 recorder.go:46: 1731221900091705621 Lookup     /usr/lib/x86_64-linux-gnu/libX11.so.6
2024/11/10 06:58:20 recorder.go:46: 1731221900091770474 Lookup     /usr/lib/x86_64-linux-gnu/libX11.so.6.4.0
2024/11/10 06:58:20 recorder.go:46: 1731221900091884430 Open       /usr/lib/x86_64-linux-gnu/libX11.so.6.4.0
2024/11/10 06:58:20 recorder.go:46: 1731221900092364367 Lookup     /usr/lib/x86_64-linux-gnu/libXext.so.6
2024/11/10 06:58:20 recorder.go:46: 1731221900092400125 Lookup     /usr/lib/x86_64-linux-gnu/libXext.so.6.4.0
2024/11/10 06:58:20 recorder.go:46: 1731221900092462372 Open       /usr/lib/x86_64-linux-gnu/libXext.so.6.4.0
2024/11/10 06:58:20 recorder.go:46: 1731221900092793228 Lookup     /usr/lib/x86_64-linux-gnu/libxcb.so.1
2024/11/10 06:58:20 recorder.go:46: 1731221900092829386 Lookup     /usr/lib/x86_64-linux-gnu/libxcb.so.1.1.0
2024/11/10 06:58:20 recorder.go:46: 1731221900092887086 Open       /usr/lib/x86_64-linux-gnu/libxcb.so.1.1.0
2024/11/10 06:58:20 recorder.go:46: 1731221900093247768 Lookup     /usr/lib/x86_64-linux-gnu/libXau.so.6
2024/11/10 06:58:20 recorder.go:46: 1731221900093281341 Lookup     /usr/lib/x86_64-linux-gnu/libXau.so.6.0.0
2024/11/10 06:58:20 recorder.go:46: 1731221900093338890 Open       /usr/lib/x86_64-linux-gnu/libXau.so.6.0.0
2024/11/10 06:58:20 recorder.go:46: 1731221900093679584 Lookup     /usr/lib/x86_64-linux-gnu/libXdmcp.so.6
2024/11/10 06:58:20 recorder.go:46: 1731221900093728316 Lookup     /usr/lib/x86_64-linux-gnu/libXdmcp.so.6.0.0
2024/11/10 06:58:20 recorder.go:46: 1731221900093803789 Open       /usr/lib/x86_64-linux-gnu/libXdmcp.so.6.0.0
2024/11/10 06:58:20 recorder.go:46: 1731221900094238531 Lookup     /usr/lib/x86_64-linux-gnu/libbsd.so.0
2024/11/10 06:58:20 recorder.go:46: 1731221900094303303 Lookup     /usr/lib/x86_64-linux-gnu/libbsd.so.0.11.5
2024/11/10 06:58:20 recorder.go:46: 1731221900094378496 Open       /usr/lib/x86_64-linux-gnu/libbsd.so.0.11.5
2024/11/10 06:58:20 recorder.go:46: 1731221900115808458 Lookup     /usr/lib/x86_64-linux-gnu/libmd.so.0
2024/11/10 06:58:20 recorder.go:46: 1731221900115905051 Lookup     /usr/lib/x86_64-linux-gnu/libmd.so.0.0.5
2024/11/10 06:58:20 recorder.go:46: 1731221900116003417 Open       /usr/lib/x86_64-linux-gnu/libmd.so.0.0.5
2024/11/10 06:58:20 recorder.go:46: 1731221900117406540 Open       /usr/lib/x86_64-linux-gnu/hwloc/hwloc_pci.so
2024/11/10 06:58:20 recorder.go:46: 1731221900117803971 Open       /etc/ld.so.cache
2024/11/10 06:58:20 recorder.go:46: 1731221900118053573 Lookup     /usr/lib/x86_64-linux-gnu/libpciaccess.so.0
2024/11/10 06:58:20 recorder.go:46: 1731221900118123836 Lookup     /usr/lib/x86_64-linux-gnu/libpciaccess.so.0.11.1
2024/11/10 06:58:20 recorder.go:46: 1731221900118199790 Open       /usr/lib/x86_64-linux-gnu/libpciaccess.so.0.11.1
2024/11/10 06:58:20 recorder.go:46: 1731221900444471336 Lookup     /run
2024/11/10 06:58:20 recorder.go:46: 1731221900450620854 Lookup     /var
2024/11/10 06:58:20 recorder.go:46: 1731221900450695195 Lookup     /var/run
2024/11/10 06:58:20 recorder.go:46: 1731221900451739840 Lookup     /etc/gai.conf
2024/11/10 06:58:20 recorder.go:46: 1731221900451823949 Open       /etc/gai.conf
2024/11/10 06:58:20 recorder.go:46: 1731221900459876286 Lookup     /usr/share
2024/11/10 06:58:20 recorder.go:46: 1731221900459933334 Lookup     /usr/share/misc
2024/11/10 06:58:20 recorder.go:46: 1731221900475411942 Open       /etc/ld.so.cache
2024/11/10 06:58:20 recorder.go:46: 1731221900484015972 Open       /etc/ld.so.cache
2024/11/10 06:58:20 recorder.go:46: 1731221900484795085 Open       /etc/ld.so.cache
2024/11/10 06:58:20 recorder.go:46: 1731221900485768706 Open       /etc/ld.so.cache
2024/11/10 06:58:20 recorder.go:46: 1731221900486696931 Open       /etc/ld.so.cache
2024/11/10 06:58:20 recorder.go:46: 1731221900487477708 Open       /etc/ld.so.cache
2024/11/10 06:58:20 recorder.go:46: 1731221900488215734 Open       /etc/ld.so.cache
2024/11/10 06:58:20 recorder.go:46: 1731221900488893074 Open       /etc/ld.so.cache
2024/11/10 06:58:20 recorder.go:46: 1731221900489514179 Open       /etc/ld.so.cache
2024/11/10 06:58:20 recorder.go:46: 1731221900490120976 Open       /etc/ld.so.cache
2024/11/10 06:58:20 recorder.go:46: 1731221900490690132 Open       /etc/ld.so.cache
2024/11/10 06:58:20 recorder.go:46: 1731221900491232718 Open       /etc/ld.so.cache
2024/11/10 06:58:20 recorder.go:46: 1731221900491773591 Open       /etc/ld.so.cache
2024/11/10 06:58:20 recorder.go:46: 1731221900492376521 Open       /etc/ld.so.cache
2024/11/10 06:58:20 recorder.go:46: 1731221900493010500 Open       /etc/ld.so.cache
2024/11/10 06:58:20 recorder.go:46: 1731221900493653606 Open       /etc/ld.so.cache
2024/11/10 06:58:20 recorder.go:46: 1731221900494338050 Open       /etc/ld.so.cache
2024/11/10 06:58:20 recorder.go:46: 1731221900504735822 Lookup     /opt/lammps/examples/reaxff/HNS/in.reaxff.hns
2024/11/10 06:58:20 recorder.go:46: 1731221900504817095 Open       /opt/lammps/examples/reaxff/HNS/in.reaxff.hns
2024/11/10 06:58:20 recorder.go:46: 1731221900506933467 Lookup     /opt/lammps/examples/reaxff/HNS/data.hns-equil
2024/11/10 06:58:20 recorder.go:46: 1731221900506982079 Open       /opt/lammps/examples/reaxff/HNS/data.hns-equil
2024/11/10 06:58:20 recorder.go:46: 1731221900507120611 Open       /opt/lammps/examples/reaxff/HNS/data.hns-equil
2024/11/10 06:58:20 recorder.go:46: 1731221900510546850 Lookup     /opt/lammps/examples/reaxff/HNS/ffield.reax.hns
2024/11/10 06:58:20 recorder.go:46: 1731221900510617333 Open       /opt/lammps/examples/reaxff/HNS/ffield.reax.hns
2024/11/10 06:58:20 recorder.go:46: 1731221900510772567 Open       /opt/lammps/examples/reaxff/HNS/ffield.reax.hns
2024/11/10 06:58:20 recorder.go:46: 1731221900511022830 Open       /opt/lammps/examples/reaxff/HNS/ffield.reax.hns
2024/11/10 06:58:20 recorder.go:46: 1731221900511244660 Open       /opt/lammps/examples/reaxff/HNS/ffield.reax.hns
