2024/11/10 06:47:34 recorder.go:46: 1731221254410445730 Lookup     /etc
2024/11/10 06:47:34 recorder.go:46: 1731221254410664243 Lookup     /etc/host.conf
2024/11/10 06:47:34 recorder.go:46: 1731221254410731850 Lookup     /etc/hosts
2024/11/10 06:47:34 recorder.go:46: 1731221254410758571 Lookup     /etc/nsswitch.conf
2024/11/10 06:47:34 recorder.go:46: 1731221254410781805 Lookup     /etc/resolv.conf
2024/11/10 06:47:34 recorder.go:46: 1731221254410806141 Lookup     /dev
2024/11/10 06:47:34 recorder.go:46: 1731221254410825497 Lookup     /sys
2024/11/10 06:47:34 recorder.go:46: 1731221254410844423 Lookup     /proc
2024/11/10 06:47:34 recorder.go:46: 1731221254410869841 Lookup     /tmp
2024/11/10 06:47:34 recorder.go:46: 1731221254410887314 Lookup     /root
2024/11/10 06:47:34 recorder.go:46: 1731221254410924875 Lookup     /opt
2024/11/10 06:47:34 recorder.go:46: 1731221254410943670 Lookup     /opt/lammps
2024/11/10 06:47:34 recorder.go:46: 1731221254410963838 Lookup     /opt/lammps/examples
2024/11/10 06:47:34 recorder.go:46: 1731221254410987072 Lookup     /opt/lammps/examples/reaxff
2024/11/10 06:47:34 recorder.go:46: 1731221254411009865 Lookup     /opt/lammps/examples/reaxff/HNS
2024/11/10 06:47:34 recorder.go:46: 1731221254411227286 Lookup     /usr
2024/11/10 06:47:34 recorder.go:46: 1731221254411255098 Lookup     /usr/local
2024/11/10 06:47:34 recorder.go:46: 1731221254411276529 Lookup     /usr/local/sbin
2024/11/10 06:47:34 recorder.go:46: 1731221254411366599 Lookup     /usr/local/bin
2024/11/10 06:47:34 recorder.go:46: 1731221254411446961 Lookup     /usr/sbin
2024/11/10 06:47:34 recorder.go:46: 1731221254411546679 Lookup     /usr/bin
2024/11/10 06:47:34 recorder.go:46: 1731221254411777946 Lookup     /usr/bin/lmp
2024/11/10 06:47:34 recorder.go:46: 1731221254412098481 Open       /usr/bin/lmp
2024/11/10 06:47:34 recorder.go:46: 1731221254412632760 Open       /usr/bin/lmp
2024/11/10 06:47:34 recorder.go:46: 1731221254412759519 Lookup     /lib64
2024/11/10 06:47:34 recorder.go:46: 1731221254412871841 Lookup     /usr/lib64
2024/11/10 06:47:34 recorder.go:46: 1731221254412974164 Lookup     /usr/lib64/ld-linux-x86-64.so.2
2024/11/10 06:47:34 recorder.go:46: 1731221254413065296 Lookup     /lib
2024/11/10 06:47:34 recorder.go:46: 1731221254413103198 Lookup     /usr/lib
2024/11/10 06:47:34 recorder.go:46: 1731221254413190753 Lookup     /usr/lib/x86_64-linux-gnu
2024/11/10 06:47:34 recorder.go:46: 1731221254413220419 Lookup     /usr/lib/x86_64-linux-gnu/ld-linux-x86-64.so.2
2024/11/10 06:47:34 recorder.go:46: 1731221254413327051 Open       /usr/lib/x86_64-linux-gnu/ld-linux-x86-64.so.2
2024/11/10 06:47:34 recorder.go:46: 1731221254414122633 Open       /usr/bin/lmp
2024/11/10 06:47:34 recorder.go:46: 1731221254414824769 Open       /usr/lib/x86_64-linux-gnu/ld-linux-x86-64.so.2
2024/11/10 06:47:34 recorder.go:46: 1731221254415935837 Lookup     /etc/ld.so.cache
2024/11/10 06:47:34 recorder.go:46: 1731221254415983627 Open       /etc/ld.so.cache
2024/11/10 06:47:34 recorder.go:46: 1731221254416255661 Lookup     /usr/lib/x86_64-linux-gnu/libgomp.so.1
2024/11/10 06:47:34 recorder.go:46: 1731221254416295396 Lookup     /usr/lib/x86_64-linux-gnu/libgomp.so.1.0.0
2024/11/10 06:47:34 recorder.go:46: 1731221254416377371 Open       /usr/lib/x86_64-linux-gnu/libgomp.so.1.0.0
2024/11/10 06:47:34 recorder.go:46: 1731221254417012129 Lookup     /usr/lib/x86_64-linux-gnu/libmpich.so.12
2024/11/10 06:47:34 recorder.go:46: 1731221254417063396 Lookup     /usr/lib/x86_64-linux-gnu/libmpich.so.12.2.0
2024/11/10 06:47:34 recorder.go:46: 1731221254417135582 Open       /usr/lib/x86_64-linux-gnu/libmpich.so.12.2.0
2024/11/10 06:47:34 recorder.go:46: 1731221254417648851 Lookup     /usr/lib/x86_64-linux-gnu/libstdc++.so.6
2024/11/10 06:47:34 recorder.go:46: 1731221254417686523 Lookup     /usr/lib/x86_64-linux-gnu/libstdc++.so.6.0.30
2024/11/10 06:47:34 recorder.go:46: 1731221254417740605 Open       /usr/lib/x86_64-linux-gnu/libstdc++.so.6.0.30
2024/11/10 06:47:34 recorder.go:46: 1731221254418185254 Lookup     /usr/lib/x86_64-linux-gnu/libm.so.6
2024/11/10 06:47:34 recorder.go:46: 1731221254418213147 Open       /usr/lib/x86_64-linux-gnu/libm.so.6
2024/11/10 06:47:34 recorder.go:46: 1731221254418646946 Lookup     /usr/lib/x86_64-linux-gnu/libgcc_s.so.1
2024/11/10 06:47:34 recorder.go:46: 1731221254418685880 Open       /usr/lib/x86_64-linux-gnu/libgcc_s.so.1
2024/11/10 06:47:34 recorder.go:46: 1731221254418965528 Lookup     /usr/lib/x86_64-linux-gnu/libc.so.6
2024/11/10 06:47:34 recorder.go:46: 1731221254418991407 Open       /usr/lib/x86_64-linux-gnu/libc.so.6
2024/11/10 06:47:34 recorder.go:46: 1731221254419506710 Lookup     /usr/lib/x86_64-linux-gnu/libhwloc.so.15
2024/11/10 06:47:34 recorder.go:46: 1731221254419542417 Lookup     /usr/lib/x86_64-linux-gnu/libhwloc.so.15.5.2
2024/11/10 06:47:34 recorder.go:46: 1731221254419596088 Open       /usr/lib/x86_64-linux-gnu/libhwloc.so.15.5.2
2024/11/10 06:47:34 recorder.go:46: 1731221254420009088 Lookup     /usr/lib/x86_64-linux-gnu/libfabric.so.1
2024/11/10 06:47:34 recorder.go:46: 1731221254420046549 Lookup     /usr/lib/x86_64-linux-gnu/libfabric.so.1.14.0
2024/11/10 06:47:34 recorder.go:46: 1731221254420102675 Open       /usr/lib/x86_64-linux-gnu/libfabric.so.1.14.0
2024/11/10 06:47:34 recorder.go:46: 1731221254420471061 Lookup     /usr/lib/x86_64-linux-gnu/libudev.so.1
2024/11/10 06:47:34 recorder.go:46: 1731221254420506217 Lookup     /usr/lib/x86_64-linux-gnu/libudev.so.1.7.2
2024/11/10 06:47:34 recorder.go:46: 1731221254420571670 Open       /usr/lib/x86_64-linux-gnu/libudev.so.1.7.2
2024/11/10 06:47:34 recorder.go:46: 1731221254420936119 Lookup     /usr/lib/x86_64-linux-gnu/librdmacm.so.1
2024/11/10 06:47:34 recorder.go:46: 1731221254420981264 Lookup     /usr/lib/x86_64-linux-gnu/librdmacm.so.1.3.39.0
2024/11/10 06:47:34 recorder.go:46: 1731221254421047279 Open       /usr/lib/x86_64-linux-gnu/librdmacm.so.1.3.39.0
2024/11/10 06:47:34 recorder.go:46: 1731221254421504792 Lookup     /usr/lib/x86_64-linux-gnu/libefa.so.1
2024/11/10 06:47:34 recorder.go:46: 1731221254421623607 Lookup     /usr/lib/x86_64-linux-gnu/libefa.so.1.1.39.0
2024/11/10 06:47:34 recorder.go:46: 1731221254421697917 Open       /usr/lib/x86_64-linux-gnu/libefa.so.1.1.39.0
2024/11/10 06:47:34 recorder.go:46: 1731221254422029353 Lookup     /usr/lib/x86_64-linux-gnu/libibverbs.so.1
2024/11/10 06:47:34 recorder.go:46: 1731221254422069028 Lookup     /usr/lib/x86_64-linux-gnu/libibverbs.so.1.14.39.0
2024/11/10 06:47:34 recorder.go:46: 1731221254422131225 Open       /usr/lib/x86_64-linux-gnu/libibverbs.so.1.14.39.0
2024/11/10 06:47:34 recorder.go:46: 1731221254422446360 Lookup     /usr/lib/x86_64-linux-gnu/libpsm_infinipath.so.1
2024/11/10 06:47:34 recorder.go:46: 1731221254422776063 Lookup     /etc/alternatives
2024/11/10 06:47:34 recorder.go:46: 1731221254422812712 Lookup     /etc/alternatives/libpsm_infinipath.so.1
2024/11/10 06:47:34 recorder.go:46: 1731221254422886922 Lookup     /usr/lib/libpsm1
2024/11/10 06:47:34 recorder.go:46: 1731221254422911208 Lookup     /usr/lib/libpsm1/libpsm_infinipath.so.1.16
2024/11/10 06:47:34 recorder.go:46: 1731221254422955682 Open       /usr/lib/libpsm1/libpsm_infinipath.so.1.16
2024/11/10 06:47:34 recorder.go:46: 1731221254423564913 Lookup     /usr/lib/x86_64-linux-gnu/libpsm2.so.2
2024/11/10 06:47:34 recorder.go:46: 1731221254423606281 Lookup     /usr/lib/x86_64-linux-gnu/libpsm2.so.2.2
2024/11/10 06:47:34 recorder.go:46: 1731221254423666324 Open       /usr/lib/x86_64-linux-gnu/libpsm2.so.2.2
2024/11/10 06:47:34 recorder.go:46: 1731221254424016565 Lookup     /usr/lib/x86_64-linux-gnu/libnl-3.so.200
2024/11/10 06:47:34 recorder.go:46: 1731221254424051511 Lookup     /usr/lib/x86_64-linux-gnu/libnl-3.so.200.26.0
2024/11/10 06:47:34 recorder.go:46: 1731221254424118418 Open       /usr/lib/x86_64-linux-gnu/libnl-3.so.200.26.0
2024/11/10 06:47:34 recorder.go:46: 1731221254424522030 Lookup     /usr/lib/x86_64-linux-gnu/libnl-route-3.so.200
2024/11/10 06:47:34 recorder.go:46: 1731221254424577024 Lookup     /usr/lib/x86_64-linux-gnu/libnl-route-3.so.200.26.0
2024/11/10 06:47:34 recorder.go:46: 1731221254424644291 Open       /usr/lib/x86_64-linux-gnu/libnl-route-3.so.200.26.0
2024/11/10 06:47:34 recorder.go:46: 1731221254425323804 Lookup     /usr/lib/x86_64-linux-gnu/libinfinipath.so.4
2024/11/10 06:47:34 recorder.go:46: 1731221254425363318 Lookup     /usr/lib/x86_64-linux-gnu/libinfinipath.so.4.0
2024/11/10 06:47:34 recorder.go:46: 1731221254425422400 Open       /usr/lib/x86_64-linux-gnu/libinfinipath.so.4.0
2024/11/10 06:47:34 recorder.go:46: 1731221254425780105 Lookup     /usr/lib/x86_64-linux-gnu/librt.so.1
2024/11/10 06:47:34 recorder.go:46: 1731221254425816494 Open       /usr/lib/x86_64-linux-gnu/librt.so.1
2024/11/10 06:47:34 recorder.go:46: 1731221254426154703 Lookup     /usr/lib/x86_64-linux-gnu/libpthread.so.0
2024/11/10 06:47:34 recorder.go:46: 1731221254426189619 Open       /usr/lib/x86_64-linux-gnu/libpthread.so.0
2024/11/10 06:47:34 recorder.go:46: 1731221254426556632 Lookup     /usr/lib/x86_64-linux-gnu/libdl.so.2
2024/11/10 06:47:34 recorder.go:46: 1731221254426595144 Open       /usr/lib/x86_64-linux-gnu/libdl.so.2
2024/11/10 06:47:34 recorder.go:46: 1731221254426862049 Lookup     /usr/lib/x86_64-linux-gnu/libuuid.so.1
2024/11/10 06:47:34 recorder.go:46: 1731221254426896474 Lookup     /usr/lib/x86_64-linux-gnu/libuuid.so.1.3.0
2024/11/10 06:47:34 recorder.go:46: 1731221254427277513 Open       /usr/lib/x86_64-linux-gnu/libuuid.so.1.3.0
2024/11/10 06:47:34 recorder.go:46: 1731221254427889358 Lookup     /usr/lib/x86_64-linux-gnu/libnuma.so.1
2024/11/10 06:47:34 recorder.go:46: 1731221254427952638 Lookup     /usr/lib/x86_64-linux-gnu/libnuma.so.1.0.0
2024/11/10 06:47:34 recorder.go:46: 1731221254428035314 Open       /usr/lib/x86_64-linux-gnu/libnuma.so.1.0.0
2024/11/10 06:47:34 recorder.go:46: 1731221254651938085 Lookup     /usr/lib/x86_64-linux-gnu/hwloc
2024/11/10 06:47:34 recorder.go:46: 1731221254652312272 Lookup     /usr/lib/x86_64-linux-gnu/hwloc/hwloc_opencl.so
2024/11/10 06:47:34 recorder.go:46: 1731221254652372586 Lookup     /usr/lib/x86_64-linux-gnu/hwloc/hwloc_xml_libxml.so
2024/11/10 06:47:34 recorder.go:46: 1731221254652396240 Lookup     /usr/lib/x86_64-linux-gnu/hwloc/hwloc_gl.so
2024/11/10 06:47:34 recorder.go:46: 1731221254652420907 Lookup     /usr/lib/x86_64-linux-gnu/hwloc/hwloc_pci.so
2024/11/10 06:47:34 recorder.go:46: 1731221254652681128 Open       /usr/lib/x86_64-linux-gnu/hwloc/hwloc_opencl.so
2024/11/10 06:47:34 recorder.go:46: 1731221254653239392 Open       /etc/ld.so.cache
2024/11/10 06:47:34 recorder.go:46: 1731221254653571199 Lookup     /usr/lib/x86_64-linux-gnu/libOpenCL.so.1
2024/11/10 06:47:34 recorder.go:46: 1731221254653636883 Lookup     /usr/lib/x86_64-linux-gnu/libOpenCL.so.1.0.0
2024/11/10 06:47:34 recorder.go:46: 1731221254653719319 Open       /usr/lib/x86_64-linux-gnu/libOpenCL.so.1.0.0
2024/11/10 06:47:34 recorder.go:46: 1731221254654382691 Open       /usr/lib/x86_64-linux-gnu/hwloc/hwloc_xml_libxml.so
2024/11/10 06:47:34 recorder.go:46: 1731221254655061373 Open       /etc/ld.so.cache
2024/11/10 06:47:34 recorder.go:46: 1731221254655473311 Lookup     /usr/lib/x86_64-linux-gnu/libxml2.so.2
2024/11/10 06:47:34 recorder.go:46: 1731221254655547310 Lookup     /usr/lib/x86_64-linux-gnu/libxml2.so.2.9.13
2024/11/10 06:47:34 recorder.go:46: 1731221254655643171 Open       /usr/lib/x86_64-linux-gnu/libxml2.so.2.9.13
2024/11/10 06:47:34 recorder.go:46: 1731221254656517362 Lookup     /usr/lib/x86_64-linux-gnu/libicuuc.so.70
2024/11/10 06:47:34 recorder.go:46: 1731221254656571484 Lookup     /usr/lib/x86_64-linux-gnu/libicuuc.so.70.1
2024/11/10 06:47:34 recorder.go:46: 1731221254656641356 Open       /usr/lib/x86_64-linux-gnu/libicuuc.so.70.1
2024/11/10 06:47:34 recorder.go:46: 1731221254657169453 Lookup     /usr/lib/x86_64-linux-gnu/libz.so.1
2024/11/10 06:47:34 recorder.go:46: 1731221254657215110 Lookup     /usr/lib/x86_64-linux-gnu/libz.so.1.2.11
2024/11/10 06:47:34 recorder.go:46: 1731221254657290472 Open       /usr/lib/x86_64-linux-gnu/libz.so.1.2.11
2024/11/10 06:47:34 recorder.go:46: 1731221254657683003 Lookup     /usr/lib/x86_64-linux-gnu/liblzma.so.5
2024/11/10 06:47:34 recorder.go:46: 1731221254657727888 Lookup     /usr/lib/x86_64-linux-gnu/liblzma.so.5.2.5
2024/11/10 06:47:34 recorder.go:46: 1731221254657803881 Open       /usr/lib/x86_64-linux-gnu/liblzma.so.5.2.5
2024/11/10 06:47:34 recorder.go:46: 1731221254658151267 Lookup     /usr/lib/x86_64-linux-gnu/libicudata.so.70
2024/11/10 06:47:34 recorder.go:46: 1731221254658193457 Lookup     /usr/lib/x86_64-linux-gnu/libicudata.so.70.1
2024/11/10 06:47:34 recorder.go:46: 1731221254658257388 Open       /usr/lib/x86_64-linux-gnu/libicudata.so.70.1
2024/11/10 06:47:34 recorder.go:46: 1731221254660270188 Open       /usr/lib/x86_64-linux-gnu/hwloc/hwloc_gl.so
2024/11/10 06:47:34 recorder.go:46: 1731221254660694179 Open       /etc/ld.so.cache
2024/11/10 06:47:34 recorder.go:46: 1731221254660942939 Lookup     /usr/lib/x86_64-linux-gnu/libXNVCtrl.so.0
2024/11/10 06:47:34 recorder.go:46: 1731221254661000006 Lookup     /usr/lib/x86_64-linux-gnu/libXNVCtrl.so.0.0.0
2024/11/10 06:47:34 recorder.go:46: 1731221254661080358 Open       /usr/lib/x86_64-linux-gnu/libXNVCtrl.so.0.0.0
2024/11/10 06:47:34 recorder.go:46: 1731221254661409069 Lookup     /usr/lib/x86_64-linux-gnu/libX11.so.6
2024/11/10 06:47:34 recorder.go:46: 1731221254661460095 Lookup     /usr/lib/x86_64-linux-gnu/libX11.so.6.4.0
2024/11/10 06:47:34 recorder.go:46: 1731221254661549795 Open       /usr/lib/x86_64-linux-gnu/libX11.so.6.4.0
2024/11/10 06:47:34 recorder.go:46: 1731221254662142103 Lookup     /usr/lib/x86_64-linux-gnu/libXext.so.6
2024/11/10 06:47:34 recorder.go:46: 1731221254662189833 Lookup     /usr/lib/x86_64-linux-gnu/libXext.so.6.4.0
2024/11/10 06:47:34 recorder.go:46: 1731221254662262460 Open       /usr/lib/x86_64-linux-gnu/libXext.so.6.4.0
2024/11/10 06:47:34 recorder.go:46: 1731221254662757695 Lookup     /usr/lib/x86_64-linux-gnu/libxcb.so.1
2024/11/10 06:47:34 recorder.go:46: 1731221254662811016 Lookup     /usr/lib/x86_64-linux-gnu/libxcb.so.1.1.0
2024/11/10 06:47:34 recorder.go:46: 1731221254662896698 Open       /usr/lib/x86_64-linux-gnu/libxcb.so.1.1.0
2024/11/10 06:47:34 recorder.go:46: 1731221254663354613 Lookup     /usr/lib/x86_64-linux-gnu/libXau.so.6
2024/11/10 06:47:34 recorder.go:46: 1731221254663404256 Lookup     /usr/lib/x86_64-linux-gnu/libXau.so.6.0.0
2024/11/10 06:47:34 recorder.go:46: 1731221254663481933 Open       /usr/lib/x86_64-linux-gnu/libXau.so.6.0.0
2024/11/10 06:47:34 recorder.go:46: 1731221254663842654 Lookup     /usr/lib/x86_64-linux-gnu/libXdmcp.so.6
2024/11/10 06:47:34 recorder.go:46: 1731221254663894803 Lookup     /usr/lib/x86_64-linux-gnu/libXdmcp.so.6.0.0
2024/11/10 06:47:34 recorder.go:46: 1731221254663957852 Open       /usr/lib/x86_64-linux-gnu/libXdmcp.so.6.0.0
2024/11/10 06:47:34 recorder.go:46: 1731221254664263739 Lookup     /usr/lib/x86_64-linux-gnu/libbsd.so.0
2024/11/10 06:47:34 recorder.go:46: 1731221254664310337 Lookup     /usr/lib/x86_64-linux-gnu/libbsd.so.0.11.5
2024/11/10 06:47:34 recorder.go:46: 1731221254664371813 Open       /usr/lib/x86_64-linux-gnu/libbsd.so.0.11.5
2024/11/10 06:47:34 recorder.go:46: 1731221254664734148 Lookup     /usr/lib/x86_64-linux-gnu/libmd.so.0
2024/11/10 06:47:34 recorder.go:46: 1731221254664775506 Lookup     /usr/lib/x86_64-linux-gnu/libmd.so.0.0.5
2024/11/10 06:47:34 recorder.go:46: 1731221254664849105 Open       /usr/lib/x86_64-linux-gnu/libmd.so.0.0.5
2024/11/10 06:47:34 recorder.go:46: 1731221254665634468 Open       /usr/lib/x86_64-linux-gnu/hwloc/hwloc_pci.so
2024/11/10 06:47:34 recorder.go:46: 1731221254665976293 Open       /etc/ld.so.cache
2024/11/10 06:47:34 recorder.go:46: 1731221254666164990 Lookup     /usr/lib/x86_64-linux-gnu/libpciaccess.so.0
2024/11/10 06:47:34 recorder.go:46: 1731221254666210946 Lookup     /usr/lib/x86_64-linux-gnu/libpciaccess.so.0.11.1
2024/11/10 06:47:34 recorder.go:46: 1731221254666275408 Open       /usr/lib/x86_64-linux-gnu/libpciaccess.so.0.11.1
2024/11/10 06:47:34 recorder.go:46: 1731221254990679824 Lookup     /run
2024/11/10 06:47:34 recorder.go:46: 1731221254997053149 Lookup     /var
2024/11/10 06:47:34 recorder.go:46: 1731221254997112361 Lookup     /var/run
2024/11/10 06:47:34 recorder.go:46: 1731221254998249047 Lookup     /etc/gai.conf
2024/11/10 06:47:34 recorder.go:46: 1731221254998299733 Open       /etc/gai.conf
2024/11/10 06:47:35 recorder.go:46: 1731221255006607350 Lookup     /usr/share
2024/11/10 06:47:35 recorder.go:46: 1731221255014811381 Lookup     /usr/share/misc
2024/11/10 06:47:35 recorder.go:46: 1731221255033239038 Open       /etc/ld.so.cache
2024/11/10 06:47:35 recorder.go:46: 1731221255042703570 Open       /etc/ld.so.cache
2024/11/10 06:47:35 recorder.go:46: 1731221255043381109 Open       /etc/ld.so.cache
2024/11/10 06:47:35 recorder.go:46: 1731221255043958981 Open       /etc/ld.so.cache
2024/11/10 06:47:35 recorder.go:46: 1731221255044520200 Open       /etc/ld.so.cache
2024/11/10 06:47:35 recorder.go:46: 1731221255045550416 Open       /etc/ld.so.cache
2024/11/10 06:47:35 recorder.go:46: 1731221255046372508 Open       /etc/ld.so.cache
2024/11/10 06:47:35 recorder.go:46: 1731221255047145508 Open       /etc/ld.so.cache
2024/11/10 06:47:35 recorder.go:46: 1731221255047756862 Open       /etc/ld.so.cache
2024/11/10 06:47:35 recorder.go:46: 1731221255048341536 Open       /etc/ld.so.cache
2024/11/10 06:47:35 recorder.go:46: 1731221255048992145 Open       /etc/ld.so.cache
2024/11/10 06:47:35 recorder.go:46: 1731221255049629428 Open       /etc/ld.so.cache
2024/11/10 06:47:35 recorder.go:46: 1731221255050304453 Open       /etc/ld.so.cache
2024/11/10 06:47:35 recorder.go:46: 1731221255050927459 Open       /etc/ld.so.cache
2024/11/10 06:47:35 recorder.go:46: 1731221255051633121 Open       /etc/ld.so.cache
2024/11/10 06:47:35 recorder.go:46: 1731221255052224268 Open       /etc/ld.so.cache
2024/11/10 06:47:35 recorder.go:46: 1731221255052860139 Open       /etc/ld.so.cache
2024/11/10 06:47:35 recorder.go:46: 1731221255073164018 Lookup     /sbin
2024/11/10 06:47:35 recorder.go:46: 1731221255073216467 Lookup     /root
2024/11/10 06:47:35 recorder.go:46: 1731221255073265800 Lookup     /srv
2024/11/10 06:47:35 recorder.go:46: 1731221255073292240 Lookup     /media
2024/11/10 06:47:35 recorder.go:46: 1731221255073314572 Lookup     /libx32
2024/11/10 06:47:35 recorder.go:46: 1731221255073326715 Lookup     /lib64
2024/11/10 06:47:35 recorder.go:46: 1731221255073335121 Lookup     /etc
2024/11/10 06:47:35 recorder.go:46: 1731221255073343868 Lookup     /proc
2024/11/10 06:47:35 recorder.go:46: 1731221255073351572 Lookup     /usr
2024/11/10 06:47:35 recorder.go:46: 1731221255073372742 Lookup     /lib32
2024/11/10 06:47:35 recorder.go:46: 1731221255073394473 Lookup     /boot
2024/11/10 06:47:35 recorder.go:46: 1731221255073401506 Lookup     /var
2024/11/10 06:47:35 recorder.go:46: 1731221255073408119 Lookup     /tmp
2024/11/10 06:47:35 recorder.go:46: 1731221255073429389 Lookup     /mnt
2024/11/10 06:47:35 recorder.go:46: 1731221255073435671 Lookup     /dev
2024/11/10 06:47:35 recorder.go:46: 1731221255073441983 Lookup     /opt
2024/11/10 06:47:35 recorder.go:46: 1731221255073460328 Lookup     /home
2024/11/10 06:47:35 recorder.go:46: 1731221255073466189 Lookup     /lib
2024/11/10 06:47:35 recorder.go:46: 1731221255073473132 Lookup     /sys
2024/11/10 06:47:35 recorder.go:46: 1731221255073478923 Lookup     /bin
2024/11/10 06:47:35 recorder.go:46: 1731221255073484553 Lookup     /run
2024/11/10 06:47:35 recorder.go:46: 1731221255073495895 Lookup     /compat
2024/11/10 06:47:35 recorder.go:46: 1731221255073513478 Lookup     /.dockerenv
2024/11/10 06:48:02 recorder.go:46: 1731221282143050737 Lookup     /etc
2024/11/10 06:48:02 recorder.go:46: 1731221282143196301 Lookup     /etc/host.conf
2024/11/10 06:48:02 recorder.go:46: 1731221282143301650 Lookup     /etc/hosts
2024/11/10 06:48:02 recorder.go:46: 1731221282143335965 Lookup     /etc/nsswitch.conf
2024/11/10 06:48:02 recorder.go:46: 1731221282143363547 Lookup     /etc/resolv.conf
2024/11/10 06:48:02 recorder.go:46: 1731221282143391240 Lookup     /dev
2024/11/10 06:48:02 recorder.go:46: 1731221282143419032 Lookup     /sys
2024/11/10 06:48:02 recorder.go:46: 1731221282143442977 Lookup     /proc
2024/11/10 06:48:02 recorder.go:46: 1731221282143517077 Lookup     /tmp
2024/11/10 06:48:02 recorder.go:46: 1731221282143551562 Lookup     /root
2024/11/10 06:48:02 recorder.go:46: 1731221282143620342 Lookup     /opt
2024/11/10 06:48:02 recorder.go:46: 1731221282143646422 Lookup     /opt/lammps
2024/11/10 06:48:02 recorder.go:46: 1731221282143672591 Lookup     /opt/lammps/examples
2024/11/10 06:48:02 recorder.go:46: 1731221282143702487 Lookup     /opt/lammps/examples/reaxff
2024/11/10 06:48:02 recorder.go:46: 1731221282143738716 Lookup     /opt/lammps/examples/reaxff/HNS
2024/11/10 06:48:02 recorder.go:46: 1731221282143904439 Lookup     /usr
2024/11/10 06:48:02 recorder.go:46: 1731221282143937010 Lookup     /usr/local
2024/11/10 06:48:02 recorder.go:46: 1731221282143961707 Lookup     /usr/local/sbin
2024/11/10 06:48:02 recorder.go:46: 1731221282144068809 Lookup     /usr/local/bin
2024/11/10 06:48:02 recorder.go:46: 1731221282144169048 Lookup     /usr/sbin
2024/11/10 06:48:02 recorder.go:46: 1731221282144261663 Lookup     /usr/bin
2024/11/10 06:48:02 recorder.go:46: 1731221282144296008 Lookup     /usr/bin/lmp
2024/11/10 06:48:02 recorder.go:46: 1731221282145046115 Open       /usr/bin/lmp
2024/11/10 06:48:02 recorder.go:46: 1731221282145249278 Open       /usr/bin/lmp
2024/11/10 06:48:02 recorder.go:46: 1731221282145328919 Lookup     /lib64
2024/11/10 06:48:02 recorder.go:46: 1731221282145404111 Lookup     /usr/lib64
2024/11/10 06:48:02 recorder.go:46: 1731221282145468032 Lookup     /usr/lib64/ld-linux-x86-64.so.2
2024/11/10 06:48:02 recorder.go:46: 1731221282145532784 Lookup     /lib
2024/11/10 06:48:02 recorder.go:46: 1731221282145563051 Lookup     /usr/lib
2024/11/10 06:48:02 recorder.go:46: 1731221282145621311 Lookup     /usr/lib/x86_64-linux-gnu
2024/11/10 06:48:02 recorder.go:46: 1731221282145643152 Lookup     /usr/lib/x86_64-linux-gnu/ld-linux-x86-64.so.2
2024/11/10 06:48:02 recorder.go:46: 1731221282145724316 Open       /usr/lib/x86_64-linux-gnu/ld-linux-x86-64.so.2
2024/11/10 06:48:02 recorder.go:46: 1731221282146427453 Open       /usr/bin/lmp
2024/11/10 06:48:02 recorder.go:46: 1731221282146915255 Open       /usr/lib/x86_64-linux-gnu/ld-linux-x86-64.so.2
2024/11/10 06:48:02 recorder.go:46: 1731221282147637108 Lookup     /etc/ld.so.cache
2024/11/10 06:48:02 recorder.go:46: 1731221282147672314 Open       /etc/ld.so.cache
2024/11/10 06:48:02 recorder.go:46: 1731221282147880277 Lookup     /usr/lib/x86_64-linux-gnu/libgomp.so.1
2024/11/10 06:48:02 recorder.go:46: 1731221282147922757 Lookup     /usr/lib/x86_64-linux-gnu/libgomp.so.1.0.0
2024/11/10 06:48:02 recorder.go:46: 1731221282147980967 Open       /usr/lib/x86_64-linux-gnu/libgomp.so.1.0.0
2024/11/10 06:48:02 recorder.go:46: 1731221282148413895 Lookup     /usr/lib/x86_64-linux-gnu/libmpich.so.12
2024/11/10 06:48:02 recorder.go:46: 1731221282148456485 Lookup     /usr/lib/x86_64-linux-gnu/libmpich.so.12.2.0
2024/11/10 06:48:02 recorder.go:46: 1731221282148546225 Open       /usr/lib/x86_64-linux-gnu/libmpich.so.12.2.0
2024/11/10 06:48:02 recorder.go:46: 1731221282149027113 Lookup     /usr/lib/x86_64-linux-gnu/libstdc++.so.6
2024/11/10 06:48:02 recorder.go:46: 1731221282149067068 Lookup     /usr/lib/x86_64-linux-gnu/libstdc++.so.6.0.30
2024/11/10 06:48:02 recorder.go:46: 1731221282149134125 Open       /usr/lib/x86_64-linux-gnu/libstdc++.so.6.0.30
2024/11/10 06:48:02 recorder.go:46: 1731221282149605796 Lookup     /usr/lib/x86_64-linux-gnu/libm.so.6
2024/11/10 06:48:02 recorder.go:46: 1731221282149637435 Open       /usr/lib/x86_64-linux-gnu/libm.so.6
2024/11/10 06:48:02 recorder.go:46: 1731221282150199867 Lookup     /usr/lib/x86_64-linux-gnu/libgcc_s.so.1
2024/11/10 06:48:02 recorder.go:46: 1731221282150241356 Open       /usr/lib/x86_64-linux-gnu/libgcc_s.so.1
2024/11/10 06:48:02 recorder.go:46: 1731221282150662712 Lookup     /usr/lib/x86_64-linux-gnu/libc.so.6
2024/11/10 06:48:02 recorder.go:46: 1731221282150723156 Open       /usr/lib/x86_64-linux-gnu/libc.so.6
2024/11/10 06:48:02 recorder.go:46: 1731221282151702876 Lookup     /usr/lib/x86_64-linux-gnu/libhwloc.so.15
2024/11/10 06:48:02 recorder.go:46: 1731221282151758040 Lookup     /usr/lib/x86_64-linux-gnu/libhwloc.so.15.5.2
2024/11/10 06:48:02 recorder.go:46: 1731221282151840225 Open       /usr/lib/x86_64-linux-gnu/libhwloc.so.15.5.2
2024/11/10 06:48:02 recorder.go:46: 1731221282152380606 Lookup     /usr/lib/x86_64-linux-gnu/libfabric.so.1
2024/11/10 06:48:02 recorder.go:46: 1731221282152415141 Lookup     /usr/lib/x86_64-linux-gnu/libfabric.so.1.14.0
2024/11/10 06:48:02 recorder.go:46: 1731221282152480615 Open       /usr/lib/x86_64-linux-gnu/libfabric.so.1.14.0
2024/11/10 06:48:02 recorder.go:46: 1731221282152908733 Lookup     /usr/lib/x86_64-linux-gnu/libudev.so.1
2024/11/10 06:48:02 recorder.go:46: 1731221282152945162 Lookup     /usr/lib/x86_64-linux-gnu/libudev.so.1.7.2
2024/11/10 06:48:02 recorder.go:46: 1731221282153008532 Open       /usr/lib/x86_64-linux-gnu/libudev.so.1.7.2
2024/11/10 06:48:02 recorder.go:46: 1731221282153335830 Lookup     /usr/lib/x86_64-linux-gnu/librdmacm.so.1
2024/11/10 06:48:02 recorder.go:46: 1731221282153365997 Lookup     /usr/lib/x86_64-linux-gnu/librdmacm.so.1.3.39.0
2024/11/10 06:48:02 recorder.go:46: 1731221282153421872 Open       /usr/lib/x86_64-linux-gnu/librdmacm.so.1.3.39.0
2024/11/10 06:48:02 recorder.go:46: 1731221282153757005 Lookup     /usr/lib/x86_64-linux-gnu/libefa.so.1
2024/11/10 06:48:02 recorder.go:46: 1731221282153795327 Lookup     /usr/lib/x86_64-linux-gnu/libefa.so.1.1.39.0
2024/11/10 06:48:02 recorder.go:46: 1731221282153859669 Open       /usr/lib/x86_64-linux-gnu/libefa.so.1.1.39.0
2024/11/10 06:48:02 recorder.go:46: 1731221282154185244 Lookup     /usr/lib/x86_64-linux-gnu/libibverbs.so.1
2024/11/10 06:48:02 recorder.go:46: 1731221282154228115 Lookup     /usr/lib/x86_64-linux-gnu/libibverbs.so.1.14.39.0
2024/11/10 06:48:02 recorder.go:46: 1731221282154291875 Open       /usr/lib/x86_64-linux-gnu/libibverbs.so.1.14.39.0
2024/11/10 06:48:02 recorder.go:46: 1731221282154607000 Lookup     /usr/lib/x86_64-linux-gnu/libpsm_infinipath.so.1
2024/11/10 06:48:02 recorder.go:46: 1731221282154717168 Lookup     /etc/alternatives
2024/11/10 06:48:02 recorder.go:46: 1731221282154775839 Lookup     /etc/alternatives/libpsm_infinipath.so.1
2024/11/10 06:48:02 recorder.go:46: 1731221282154850420 Lookup     /usr/lib/libpsm1
2024/11/10 06:48:02 recorder.go:46: 1731221282154872301 Lookup     /usr/lib/libpsm1/libpsm_infinipath.so.1.16
2024/11/10 06:48:02 recorder.go:46: 1731221282154908480 Open       /usr/lib/libpsm1/libpsm_infinipath.so.1.16
2024/11/10 06:48:02 recorder.go:46: 1731221282155319496 Lookup     /usr/lib/x86_64-linux-gnu/libpsm2.so.2
2024/11/10 06:48:02 recorder.go:46: 1731221282155353149 Lookup     /usr/lib/x86_64-linux-gnu/libpsm2.so.2.2
2024/11/10 06:48:02 recorder.go:46: 1731221282155405979 Open       /usr/lib/x86_64-linux-gnu/libpsm2.so.2.2
2024/11/10 06:48:02 recorder.go:46: 1731221282155772331 Lookup     /usr/lib/x86_64-linux-gnu/libnl-3.so.200
2024/11/10 06:48:02 recorder.go:46: 1731221282155806696 Lookup     /usr/lib/x86_64-linux-gnu/libnl-3.so.200.26.0
2024/11/10 06:48:02 recorder.go:46: 1731221282155863734 Open       /usr/lib/x86_64-linux-gnu/libnl-3.so.200.26.0
2024/11/10 06:48:02 recorder.go:46: 1731221282156203205 Lookup     /usr/lib/x86_64-linux-gnu/libnl-route-3.so.200
2024/11/10 06:48:02 recorder.go:46: 1731221282156243721 Lookup     /usr/lib/x86_64-linux-gnu/libnl-route-3.so.200.26.0
2024/11/10 06:48:02 recorder.go:46: 1731221282156310327 Open       /usr/lib/x86_64-linux-gnu/libnl-route-3.so.200.26.0
2024/11/10 06:48:02 recorder.go:46: 1731221282156812806 Lookup     /usr/lib/x86_64-linux-gnu/libinfinipath.so.4
2024/11/10 06:48:02 recorder.go:46: 1731221282156855496 Lookup     /usr/lib/x86_64-linux-gnu/libinfinipath.so.4.0
2024/11/10 06:48:02 recorder.go:46: 1731221282156937762 Open       /usr/lib/x86_64-linux-gnu/libinfinipath.so.4.0
2024/11/10 06:48:02 recorder.go:46: 1731221282157262725 Lookup     /usr/lib/x86_64-linux-gnu/librt.so.1
2024/11/10 06:48:02 recorder.go:46: 1731221282157301489 Open       /usr/lib/x86_64-linux-gnu/librt.so.1
2024/11/10 06:48:02 recorder.go:46: 1731221282157585806 Lookup     /usr/lib/x86_64-linux-gnu/libpthread.so.0
2024/11/10 06:48:02 recorder.go:46: 1731221282157624819 Open       /usr/lib/x86_64-linux-gnu/libpthread.so.0
2024/11/10 06:48:02 recorder.go:46: 1731221282157872838 Lookup     /usr/lib/x86_64-linux-gnu/libdl.so.2
2024/11/10 06:48:02 recorder.go:46: 1731221282157898206 Open       /usr/lib/x86_64-linux-gnu/libdl.so.2
2024/11/10 06:48:02 recorder.go:46: 1731221282158143318 Lookup     /usr/lib/x86_64-linux-gnu/libuuid.so.1
2024/11/10 06:48:02 recorder.go:46: 1731221282158174598 Lookup     /usr/lib/x86_64-linux-gnu/libuuid.so.1.3.0
2024/11/10 06:48:02 recorder.go:46: 1731221282158229141 Open       /usr/lib/x86_64-linux-gnu/libuuid.so.1.3.0
2024/11/10 06:48:02 recorder.go:46: 1731221282158499531 Lookup     /usr/lib/x86_64-linux-gnu/libnuma.so.1
2024/11/10 06:48:02 recorder.go:46: 1731221282158531952 Lookup     /usr/lib/x86_64-linux-gnu/libnuma.so.1.0.0
2024/11/10 06:48:02 recorder.go:46: 1731221282158589421 Open       /usr/lib/x86_64-linux-gnu/libnuma.so.1.0.0
2024/11/10 06:48:02 recorder.go:46: 1731221282371047333 Lookup     /usr/lib/x86_64-linux-gnu/hwloc
2024/11/10 06:48:02 recorder.go:46: 1731221282371233725 Lookup     /usr/lib/x86_64-linux-gnu/hwloc/hwloc_opencl.so
2024/11/10 06:48:02 recorder.go:46: 1731221282371263120 Lookup     /usr/lib/x86_64-linux-gnu/hwloc/hwloc_xml_libxml.so
2024/11/10 06:48:02 recorder.go:46: 1731221282371273400 Lookup     /usr/lib/x86_64-linux-gnu/hwloc/hwloc_gl.so
2024/11/10 06:48:02 recorder.go:46: 1731221282371285132 Lookup     /usr/lib/x86_64-linux-gnu/hwloc/hwloc_pci.so
2024/11/10 06:48:02 recorder.go:46: 1731221282371499176 Open       /usr/lib/x86_64-linux-gnu/hwloc/hwloc_opencl.so
2024/11/10 06:48:02 recorder.go:46: 1731221282371818870 Open       /etc/ld.so.cache
2024/11/10 06:48:02 recorder.go:46: 1731221282372061147 Lookup     /usr/lib/x86_64-linux-gnu/libOpenCL.so.1
2024/11/10 06:48:02 recorder.go:46: 1731221282372104419 Lookup     /usr/lib/x86_64-linux-gnu/libOpenCL.so.1.0.0
2024/11/10 06:48:02 recorder.go:46: 1731221282372169191 Open       /usr/lib/x86_64-linux-gnu/libOpenCL.so.1.0.0
2024/11/10 06:48:02 recorder.go:46: 1731221282372701176 Open       /usr/lib/x86_64-linux-gnu/hwloc/hwloc_xml_libxml.so
2024/11/10 06:48:02 recorder.go:46: 1731221282373016712 Open       /etc/ld.so.cache
2024/11/10 06:48:02 recorder.go:46: 1731221282373249972 Lookup     /usr/lib/x86_64-linux-gnu/libxml2.so.2
2024/11/10 06:48:02 recorder.go:46: 1731221282373285319 Lookup     /usr/lib/x86_64-linux-gnu/libxml2.so.2.9.13
2024/11/10 06:48:02 recorder.go:46: 1731221282373348498 Open       /usr/lib/x86_64-linux-gnu/libxml2.so.2.9.13
2024/11/10 06:48:02 recorder.go:46: 1731221282373877067 Lookup     /usr/lib/x86_64-linux-gnu/libicuuc.so.70
2024/11/10 06:48:02 recorder.go:46: 1731221282373914808 Lookup     /usr/lib/x86_64-linux-gnu/libicuuc.so.70.1
2024/11/10 06:48:02 recorder.go:46: 1731221282373971775 Open       /usr/lib/x86_64-linux-gnu/libicuuc.so.70.1
2024/11/10 06:48:02 recorder.go:46: 1731221282374378493 Lookup     /usr/lib/x86_64-linux-gnu/libz.so.1
2024/11/10 06:48:02 recorder.go:46: 1731221282374412778 Lookup     /usr/lib/x86_64-linux-gnu/libz.so.1.2.11
2024/11/10 06:48:02 recorder.go:46: 1731221282374469365 Open       /usr/lib/x86_64-linux-gnu/libz.so.1.2.11
2024/11/10 06:48:02 recorder.go:46: 1731221282374820528 Lookup     /usr/lib/x86_64-linux-gnu/liblzma.so.5
2024/11/10 06:48:02 recorder.go:46: 1731221282374864070 Lookup     /usr/lib/x86_64-linux-gnu/liblzma.so.5.2.5
2024/11/10 06:48:02 recorder.go:46: 1731221282374920497 Open       /usr/lib/x86_64-linux-gnu/liblzma.so.5.2.5
2024/11/10 06:48:02 recorder.go:46: 1731221282375277351 Lookup     /usr/lib/x86_64-linux-gnu/libicudata.so.70
2024/11/10 06:48:02 recorder.go:46: 1731221282375320502 Lookup     /usr/lib/x86_64-linux-gnu/libicudata.so.70.1
2024/11/10 06:48:02 recorder.go:46: 1731221282375387008 Open       /usr/lib/x86_64-linux-gnu/libicudata.so.70.1
2024/11/10 06:48:02 recorder.go:46: 1731221282376636898 Open       /usr/lib/x86_64-linux-gnu/hwloc/hwloc_gl.so
2024/11/10 06:48:02 recorder.go:46: 1731221282376883093 Open       /etc/ld.so.cache
2024/11/10 06:48:02 recorder.go:46: 1731221282377134638 Lookup     /usr/lib/x86_64-linux-gnu/libXNVCtrl.so.0
2024/11/10 06:48:02 recorder.go:46: 1731221282377181397 Lookup     /usr/lib/x86_64-linux-gnu/libXNVCtrl.so.0.0.0
2024/11/10 06:48:02 recorder.go:46: 1731221282377249726 Open       /usr/lib/x86_64-linux-gnu/libXNVCtrl.so.0.0.0
2024/11/10 06:48:02 recorder.go:46: 1731221282377552718 Lookup     /usr/lib/x86_64-linux-gnu/libX11.so.6
2024/11/10 06:48:02 recorder.go:46: 1731221282377594176 Lookup     /usr/lib/x86_64-linux-gnu/libX11.so.6.4.0
2024/11/10 06:48:02 recorder.go:46: 1731221282377659780 Open       /usr/lib/x86_64-linux-gnu/libX11.so.6.4.0
2024/11/10 06:48:02 recorder.go:46: 1731221282378200481 Lookup     /usr/lib/x86_64-linux-gnu/libXext.so.6
2024/11/10 06:48:02 recorder.go:46: 1731221282378278118 Lookup     /usr/lib/x86_64-linux-gnu/libXext.so.6.4.0
2024/11/10 06:48:02 recorder.go:46: 1731221282378382505 Open       /usr/lib/x86_64-linux-gnu/libXext.so.6.4.0
2024/11/10 06:48:02 recorder.go:46: 1731221282378848856 Lookup     /usr/lib/x86_64-linux-gnu/libxcb.so.1
2024/11/10 06:48:02 recorder.go:46: 1731221282378904912 Lookup     /usr/lib/x86_64-linux-gnu/libxcb.so.1.1.0
2024/11/10 06:48:02 recorder.go:46: 1731221282379016001 Open       /usr/lib/x86_64-linux-gnu/libxcb.so.1.1.0
2024/11/10 06:48:02 recorder.go:46: 1731221282379605405 Lookup     /usr/lib/x86_64-linux-gnu/libXau.so.6
2024/11/10 06:48:02 recorder.go:46: 1731221282379653115 Lookup     /usr/lib/x86_64-linux-gnu/libXau.so.6.0.0
2024/11/10 06:48:02 recorder.go:46: 1731221282379718177 Open       /usr/lib/x86_64-linux-gnu/libXau.so.6.0.0
2024/11/10 06:48:02 recorder.go:46: 1731221282380015840 Lookup     /usr/lib/x86_64-linux-gnu/libXdmcp.so.6
2024/11/10 06:48:02 recorder.go:46: 1731221282380053431 Lookup     /usr/lib/x86_64-linux-gnu/libXdmcp.so.6.0.0
2024/11/10 06:48:02 recorder.go:46: 1731221282380114045 Open       /usr/lib/x86_64-linux-gnu/libXdmcp.so.6.0.0
2024/11/10 06:48:02 recorder.go:46: 1731221282380377102 Lookup     /usr/lib/x86_64-linux-gnu/libbsd.so.0
2024/11/10 06:48:02 recorder.go:46: 1731221282380418710 Lookup     /usr/lib/x86_64-linux-gnu/libbsd.so.0.11.5
2024/11/10 06:48:02 recorder.go:46: 1731221282380478904 Open       /usr/lib/x86_64-linux-gnu/libbsd.so.0.11.5
2024/11/10 06:48:02 recorder.go:46: 1731221282380810260 Lookup     /usr/lib/x86_64-linux-gnu/libmd.so.0
2024/11/10 06:48:02 recorder.go:46: 1731221282380852560 Lookup     /usr/lib/x86_64-linux-gnu/libmd.so.0.0.5
2024/11/10 06:48:02 recorder.go:46: 1731221282380916480 Open       /usr/lib/x86_64-linux-gnu/libmd.so.0.0.5
2024/11/10 06:48:02 recorder.go:46: 1731221282381657450 Open       /usr/lib/x86_64-linux-gnu/hwloc/hwloc_pci.so
2024/11/10 06:48:02 recorder.go:46: 1731221282381995378 Open       /etc/ld.so.cache
2024/11/10 06:48:02 recorder.go:46: 1731221282382288051 Lookup     /usr/lib/x86_64-linux-gnu/libpciaccess.so.0
2024/11/10 06:48:02 recorder.go:46: 1731221282382342393 Lookup     /usr/lib/x86_64-linux-gnu/libpciaccess.so.0.11.1
2024/11/10 06:48:02 recorder.go:46: 1731221282382414690 Open       /usr/lib/x86_64-linux-gnu/libpciaccess.so.0.11.1
2024/11/10 06:48:02 recorder.go:46: 1731221282719018929 Lookup     /run
2024/11/10 06:48:02 recorder.go:46: 1731221282724950030 Lookup     /var
2024/11/10 06:48:02 recorder.go:46: 1731221282725014612 Lookup     /var/run
2024/11/10 06:48:02 recorder.go:46: 1731221282726032494 Lookup     /etc/gai.conf
2024/11/10 06:48:02 recorder.go:46: 1731221282726081206 Open       /etc/gai.conf
2024/11/10 06:48:02 recorder.go:46: 1731221282734233391 Lookup     /usr/share
2024/11/10 06:48:02 recorder.go:46: 1731221282734345833 Lookup     /usr/share/misc
2024/11/10 06:48:02 recorder.go:46: 1731221282749649384 Open       /etc/ld.so.cache
2024/11/10 06:48:02 recorder.go:46: 1731221282758218637 Open       /etc/ld.so.cache
2024/11/10 06:48:02 recorder.go:46: 1731221282759037223 Open       /etc/ld.so.cache
2024/11/10 06:48:02 recorder.go:46: 1731221282759703962 Open       /etc/ld.so.cache
2024/11/10 06:48:02 recorder.go:46: 1731221282760338630 Open       /etc/ld.so.cache
2024/11/10 06:48:02 recorder.go:46: 1731221282760968420 Open       /etc/ld.so.cache
2024/11/10 06:48:02 recorder.go:46: 1731221282761607426 Open       /etc/ld.so.cache
2024/11/10 06:48:02 recorder.go:46: 1731221282762209774 Open       /etc/ld.so.cache
2024/11/10 06:48:02 recorder.go:46: 1731221282762802062 Open       /etc/ld.so.cache
2024/11/10 06:48:02 recorder.go:46: 1731221282763368913 Open       /etc/ld.so.cache
2024/11/10 06:48:02 recorder.go:46: 1731221282763924091 Open       /etc/ld.so.cache
2024/11/10 06:48:02 recorder.go:46: 1731221282764461256 Open       /etc/ld.so.cache
2024/11/10 06:48:02 recorder.go:46: 1731221282765023688 Open       /etc/ld.so.cache
2024/11/10 06:48:02 recorder.go:46: 1731221282765635633 Open       /etc/ld.so.cache
2024/11/10 06:48:02 recorder.go:46: 1731221282766179070 Open       /etc/ld.so.cache
2024/11/10 06:48:02 recorder.go:46: 1731221282766694914 Open       /etc/ld.so.cache
2024/11/10 06:48:02 recorder.go:46: 1731221282767208804 Open       /etc/ld.so.cache
2024/11/10 06:48:02 recorder.go:46: 1731221282777325519 Lookup     /opt/lammps/examples/reaxff/HNS/in.reaxff.hns
2024/11/10 06:48:02 recorder.go:46: 1731221282777409688 Open       /opt/lammps/examples/reaxff/HNS/in.reaxff.hns
2024/11/10 06:48:02 recorder.go:46: 1731221282791573597 Lookup     /opt/lammps/examples/reaxff/HNS/data.hns-equil
2024/11/10 06:48:02 recorder.go:46: 1731221282791667865 Open       /opt/lammps/examples/reaxff/HNS/data.hns-equil
2024/11/10 06:48:02 recorder.go:46: 1731221282791848025 Open       /opt/lammps/examples/reaxff/HNS/data.hns-equil
2024/11/10 06:48:02 recorder.go:46: 1731221282796265026 Lookup     /opt/lammps/examples/reaxff/HNS/ffield.reax.hns
2024/11/10 06:48:02 recorder.go:46: 1731221282796316433 Open       /opt/lammps/examples/reaxff/HNS/ffield.reax.hns
2024/11/10 06:48:02 recorder.go:46: 1731221282796448302 Open       /opt/lammps/examples/reaxff/HNS/ffield.reax.hns
2024/11/10 06:48:02 recorder.go:46: 1731221282796753208 Open       /opt/lammps/examples/reaxff/HNS/ffield.reax.hns
2024/11/10 06:48:02 recorder.go:46: 1731221282796917198 Open       /opt/lammps/examples/reaxff/HNS/ffield.reax.hns
2024/11/10 06:59:27 recorder.go:46: 1731221967579937056 Lookup     /etc
2024/11/10 06:59:27 recorder.go:46: 1731221967580104112 Lookup     /etc/host.conf
2024/11/10 06:59:27 recorder.go:46: 1731221967580203249 Lookup     /etc/hosts
2024/11/10 06:59:27 recorder.go:46: 1731221967580230862 Lookup     /etc/nsswitch.conf
2024/11/10 06:59:27 recorder.go:46: 1731221967580269014 Lookup     /etc/resolv.conf
2024/11/10 06:59:27 recorder.go:46: 1731221967580292598 Lookup     /dev
2024/11/10 06:59:27 recorder.go:46: 1731221967580314420 Lookup     /sys
2024/11/10 06:59:27 recorder.go:46: 1731221967580334027 Lookup     /proc
2024/11/10 06:59:27 recorder.go:46: 1731221967580359795 Lookup     /tmp
2024/11/10 06:59:27 recorder.go:46: 1731221967580379142 Lookup     /root
2024/11/10 06:59:27 recorder.go:46: 1731221967580416964 Lookup     /opt
2024/11/10 06:59:27 recorder.go:46: 1731221967580435689 Lookup     /opt/lammps
2024/11/10 06:59:27 recorder.go:46: 1731221967580456699 Lookup     /opt/lammps/examples
2024/11/10 06:59:27 recorder.go:46: 1731221967580479632 Lookup     /opt/lammps/examples/reaxff
2024/11/10 06:59:27 recorder.go:46: 1731221967580510340 Lookup     /opt/lammps/examples/reaxff/HNS
2024/11/10 06:59:27 recorder.go:46: 1731221967580619637 Lookup     /usr
2024/11/10 06:59:27 recorder.go:46: 1731221967580642350 Lookup     /usr/local
2024/11/10 06:59:27 recorder.go:46: 1731221967580664231 Lookup     /usr/local/sbin
2024/11/10 06:59:27 recorder.go:46: 1731221967580739483 Lookup     /usr/local/bin
2024/11/10 06:59:27 recorder.go:46: 1731221967580807592 Lookup     /usr/sbin
2024/11/10 06:59:27 recorder.go:46: 1731221967580873968 Lookup     /usr/bin
2024/11/10 06:59:27 recorder.go:46: 1731221967580897923 Lookup     /usr/bin/lmp
2024/11/10 06:59:27 recorder.go:46: 1731221967581161161 Open       /usr/bin/lmp
2024/11/10 06:59:27 recorder.go:46: 1731221967581275888 Open       /usr/bin/lmp
2024/11/10 06:59:27 recorder.go:46: 1731221967581354186 Lookup     /lib64
2024/11/10 06:59:27 recorder.go:46: 1731221967581409430 Lookup     /usr/lib64
2024/11/10 06:59:27 recorder.go:46: 1731221967581572910 Lookup     /usr/lib64/ld-linux-x86-64.so.2
2024/11/10 06:59:27 recorder.go:46: 1731221967581668490 Lookup     /lib
2024/11/10 06:59:27 recorder.go:46: 1731221967581701382 Lookup     /usr/lib
2024/11/10 06:59:27 recorder.go:46: 1731221967581789148 Lookup     /usr/lib/x86_64-linux-gnu
2024/11/10 06:59:27 recorder.go:46: 1731221967581818744 Lookup     /usr/lib/x86_64-linux-gnu/ld-linux-x86-64.so.2
2024/11/10 06:59:27 recorder.go:46: 1731221967581913323 Open       /usr/lib/x86_64-linux-gnu/ld-linux-x86-64.so.2
2024/11/10 06:59:27 recorder.go:46: 1731221967582764152 Open       /usr/bin/lmp
2024/11/10 06:59:27 recorder.go:46: 1731221967583188986 Open       /usr/lib/x86_64-linux-gnu/ld-linux-x86-64.so.2
2024/11/10 06:59:27 recorder.go:46: 1731221967583800071 Lookup     /etc/ld.so.cache
2024/11/10 06:59:27 recorder.go:46: 1731221967583830359 Open       /etc/ld.so.cache
2024/11/10 06:59:27 recorder.go:46: 1731221967584005329 Lookup     /usr/lib/x86_64-linux-gnu/libgomp.so.1
2024/11/10 06:59:27 recorder.go:46: 1731221967584039724 Lookup     /usr/lib/x86_64-linux-gnu/libgomp.so.1.0.0
2024/11/10 06:59:27 recorder.go:46: 1731221967584093286 Open       /usr/lib/x86_64-linux-gnu/libgomp.so.1.0.0
2024/11/10 06:59:27 recorder.go:46: 1731221967584537516 Lookup     /usr/lib/x86_64-linux-gnu/libmpich.so.12
2024/11/10 06:59:27 recorder.go:46: 1731221967584571530 Lookup     /usr/lib/x86_64-linux-gnu/libmpich.so.12.2.0
2024/11/10 06:59:27 recorder.go:46: 1731221967584625422 Open       /usr/lib/x86_64-linux-gnu/libmpich.so.12.2.0
2024/11/10 06:59:27 recorder.go:46: 1731221967585023835 Lookup     /usr/lib/x86_64-linux-gnu/libstdc++.so.6
2024/11/10 06:59:27 recorder.go:46: 1731221967585057108 Lookup     /usr/lib/x86_64-linux-gnu/libstdc++.so.6.0.30
2024/11/10 06:59:27 recorder.go:46: 1731221967585117593 Open       /usr/lib/x86_64-linux-gnu/libstdc++.so.6.0.30
2024/11/10 06:59:27 recorder.go:46: 1731221967585651312 Lookup     /usr/lib/x86_64-linux-gnu/libm.so.6
2024/11/10 06:59:27 recorder.go:46: 1731221967585693151 Open       /usr/lib/x86_64-linux-gnu/libm.so.6
2024/11/10 06:59:27 recorder.go:46: 1731221967586100101 Lookup     /usr/lib/x86_64-linux-gnu/libgcc_s.so.1
2024/11/10 06:59:27 recorder.go:46: 1731221967586134376 Open       /usr/lib/x86_64-linux-gnu/libgcc_s.so.1
2024/11/10 06:59:27 recorder.go:46: 1731221967586525245 Lookup     /usr/lib/x86_64-linux-gnu/libc.so.6
2024/11/10 06:59:27 recorder.go:46: 1731221967586592883 Open       /usr/lib/x86_64-linux-gnu/libc.so.6
2024/11/10 06:59:27 recorder.go:46: 1731221967587559501 Lookup     /usr/lib/x86_64-linux-gnu/libhwloc.so.15
2024/11/10 06:59:27 recorder.go:46: 1731221967587602031 Lookup     /usr/lib/x86_64-linux-gnu/libhwloc.so.15.5.2
2024/11/10 06:59:27 recorder.go:46: 1731221967587665972 Open       /usr/lib/x86_64-linux-gnu/libhwloc.so.15.5.2
2024/11/10 06:59:27 recorder.go:46: 1731221967588109310 Lookup     /usr/lib/x86_64-linux-gnu/libfabric.so.1
2024/11/10 06:59:27 recorder.go:46: 1731221967588149005 Lookup     /usr/lib/x86_64-linux-gnu/libfabric.so.1.14.0
2024/11/10 06:59:27 recorder.go:46: 1731221967588219148 Open       /usr/lib/x86_64-linux-gnu/libfabric.so.1.14.0
2024/11/10 06:59:27 recorder.go:46: 1731221967588650103 Lookup     /usr/lib/x86_64-linux-gnu/libudev.so.1
2024/11/10 06:59:27 recorder.go:46: 1731221967588719775 Lookup     /usr/lib/x86_64-linux-gnu/libudev.so.1.7.2
2024/11/10 06:59:27 recorder.go:46: 1731221967588802231 Open       /usr/lib/x86_64-linux-gnu/libudev.so.1.7.2
2024/11/10 06:59:27 recorder.go:46: 1731221967589336341 Lookup     /usr/lib/x86_64-linux-gnu/librdmacm.so.1
2024/11/10 06:59:27 recorder.go:46: 1731221967589389812 Lookup     /usr/lib/x86_64-linux-gnu/librdmacm.so.1.3.39.0
2024/11/10 06:59:27 recorder.go:46: 1731221967589489821 Open       /usr/lib/x86_64-linux-gnu/librdmacm.so.1.3.39.0
2024/11/10 06:59:27 recorder.go:46: 1731221967589892843 Lookup     /usr/lib/x86_64-linux-gnu/libefa.so.1
2024/11/10 06:59:27 recorder.go:46: 1731221967589924713 Lookup     /usr/lib/x86_64-linux-gnu/libefa.so.1.1.39.0
2024/11/10 06:59:27 recorder.go:46: 1731221967589987021 Open       /usr/lib/x86_64-linux-gnu/libefa.so.1.1.39.0
2024/11/10 06:59:27 recorder.go:46: 1731221967590285816 Lookup     /usr/lib/x86_64-linux-gnu/libibverbs.so.1
2024/11/10 06:59:27 recorder.go:46: 1731221967590316444 Lookup     /usr/lib/x86_64-linux-gnu/libibverbs.so.1.14.39.0
2024/11/10 06:59:27 recorder.go:46: 1731221967590371418 Open       /usr/lib/x86_64-linux-gnu/libibverbs.so.1.14.39.0
2024/11/10 06:59:27 recorder.go:46: 1731221967590680252 Lookup     /usr/lib/x86_64-linux-gnu/libpsm_infinipath.so.1
2024/11/10 06:59:27 recorder.go:46: 1731221967590793196 Lookup     /etc/alternatives
2024/11/10 06:59:27 recorder.go:46: 1731221967590825276 Lookup     /etc/alternatives/libpsm_infinipath.so.1
2024/11/10 06:59:27 recorder.go:46: 1731221967590908894 Lookup     /usr/lib/libpsm1
2024/11/10 06:59:27 recorder.go:46: 1731221967590933932 Lookup     /usr/lib/libpsm1/libpsm_infinipath.so.1.16
2024/11/10 06:59:27 recorder.go:46: 1731221967590981872 Open       /usr/lib/libpsm1/libpsm_infinipath.so.1.16
2024/11/10 06:59:27 recorder.go:46: 1731221967591763991 Lookup     /usr/lib/x86_64-linux-gnu/libpsm2.so.2
2024/11/10 06:59:27 recorder.go:46: 1731221967591843993 Lookup     /usr/lib/x86_64-linux-gnu/libpsm2.so.2.2
2024/11/10 06:59:27 recorder.go:46: 1731221967592024905 Open       /usr/lib/x86_64-linux-gnu/libpsm2.so.2.2
2024/11/10 06:59:27 recorder.go:46: 1731221967592603860 Lookup     /usr/lib/x86_64-linux-gnu/libnl-3.so.200
2024/11/10 06:59:27 recorder.go:46: 1731221967592652131 Lookup     /usr/lib/x86_64-linux-gnu/libnl-3.so.200.26.0
2024/11/10 06:59:27 recorder.go:46: 1731221967592721592 Open       /usr/lib/x86_64-linux-gnu/libnl-3.so.200.26.0
2024/11/10 06:59:27 recorder.go:46: 1731221967593089618 Lookup     /usr/lib/x86_64-linux-gnu/libnl-route-3.so.200
2024/11/10 06:59:27 recorder.go:46: 1731221967593129384 Lookup     /usr/lib/x86_64-linux-gnu/libnl-route-3.so.200.26.0
2024/11/10 06:59:27 recorder.go:46: 1731221967593190639 Open       /usr/lib/x86_64-linux-gnu/libnl-route-3.so.200.26.0
2024/11/10 06:59:27 recorder.go:46: 1731221967593699161 Lookup     /usr/lib/x86_64-linux-gnu/libinfinipath.so.4
2024/11/10 06:59:27 recorder.go:46: 1731221967593738025 Lookup     /usr/lib/x86_64-linux-gnu/libinfinipath.so.4.0
2024/11/10 06:59:27 recorder.go:46: 1731221967593798519 Open       /usr/lib/x86_64-linux-gnu/libinfinipath.so.4.0
2024/11/10 06:59:27 recorder.go:46: 1731221967594099328 Lookup     /usr/lib/x86_64-linux-gnu/librt.so.1
2024/11/10 06:59:27 recorder.go:46: 1731221967594131609 Open       /usr/lib/x86_64-linux-gnu/librt.so.1
2024/11/10 06:59:27 recorder.go:46: 1731221967594381010 Lookup     /usr/lib/x86_64-linux-gnu/libpthread.so.0
2024/11/10 06:59:27 recorder.go:46: 1731221967594406629 Open       /usr/lib/x86_64-linux-gnu/libpthread.so.0
2024/11/10 06:59:27 recorder.go:46: 1731221967594665569 Lookup     /usr/lib/x86_64-linux-gnu/libdl.so.2
2024/11/10 06:59:27 recorder.go:46: 1731221967594699893 Open       /usr/lib/x86_64-linux-gnu/libdl.so.2
2024/11/10 06:59:27 recorder.go:46: 1731221967594956338 Lookup     /usr/lib/x86_64-linux-gnu/libuuid.so.1
2024/11/10 06:59:27 recorder.go:46: 1731221967595005131 Lookup     /usr/lib/x86_64-linux-gnu/libuuid.so.1.3.0
2024/11/10 06:59:27 recorder.go:46: 1731221967595070033 Open       /usr/lib/x86_64-linux-gnu/libuuid.so.1.3.0
2024/11/10 06:59:27 recorder.go:46: 1731221967595351215 Lookup     /usr/lib/x86_64-linux-gnu/libnuma.so.1
2024/11/10 06:59:27 recorder.go:46: 1731221967595388165 Lookup     /usr/lib/x86_64-linux-gnu/libnuma.so.1.0.0
2024/11/10 06:59:27 recorder.go:46: 1731221967595772852 Open       /usr/lib/x86_64-linux-gnu/libnuma.so.1.0.0
2024/11/10 06:59:27 recorder.go:46: 1731221967808002751 Lookup     /usr/lib/x86_64-linux-gnu/hwloc
2024/11/10 06:59:27 recorder.go:46: 1731221967808228197 Lookup     /usr/lib/x86_64-linux-gnu/hwloc/hwloc_opencl.so
2024/11/10 06:59:27 recorder.go:46: 1731221967808254277 Lookup     /usr/lib/x86_64-linux-gnu/hwloc/hwloc_xml_libxml.so
2024/11/10 06:59:27 recorder.go:46: 1731221967808272591 Lookup     /usr/lib/x86_64-linux-gnu/hwloc/hwloc_gl.so
2024/11/10 06:59:27 recorder.go:46: 1731221967808284183 Lookup     /usr/lib/x86_64-linux-gnu/hwloc/hwloc_pci.so
2024/11/10 06:59:27 recorder.go:46: 1731221967808423106 Open       /usr/lib/x86_64-linux-gnu/hwloc/hwloc_opencl.so
2024/11/10 06:59:27 recorder.go:46: 1731221967808712704 Open       /etc/ld.so.cache
2024/11/10 06:59:27 recorder.go:46: 1731221967808939362 Lookup     /usr/lib/x86_64-linux-gnu/libOpenCL.so.1
2024/11/10 06:59:27 recorder.go:46: 1731221967808977715 Lookup     /usr/lib/x86_64-linux-gnu/libOpenCL.so.1.0.0
2024/11/10 06:59:27 recorder.go:46: 1731221967809040594 Open       /usr/lib/x86_64-linux-gnu/libOpenCL.so.1.0.0
2024/11/10 06:59:27 recorder.go:46: 1731221967809547242 Open       /usr/lib/x86_64-linux-gnu/hwloc/hwloc_xml_libxml.so
2024/11/10 06:59:27 recorder.go:46: 1731221967809880843 Open       /etc/ld.so.cache
2024/11/10 06:59:27 recorder.go:46: 1731221967810079188 Lookup     /usr/lib/x86_64-linux-gnu/libxml2.so.2
2024/11/10 06:59:27 recorder.go:46: 1731221967810115146 Lookup     /usr/lib/x86_64-linux-gnu/libxml2.so.2.9.13
2024/11/10 06:59:27 recorder.go:46: 1731221967810179508 Open       /usr/lib/x86_64-linux-gnu/libxml2.so.2.9.13
2024/11/10 06:59:27 recorder.go:46: 1731221967810642724 Lookup     /usr/lib/x86_64-linux-gnu/libicuuc.so.70
2024/11/10 06:59:27 recorder.go:46: 1731221967810677700 Lookup     /usr/lib/x86_64-linux-gnu/libicuuc.so.70.1
2024/11/10 06:59:27 recorder.go:46: 1731221967810736691 Open       /usr/lib/x86_64-linux-gnu/libicuuc.so.70.1
2024/11/10 06:59:27 recorder.go:46: 1731221967811138812 Lookup     /usr/lib/x86_64-linux-gnu/libz.so.1
2024/11/10 06:59:27 recorder.go:46: 1731221967811173758 Lookup     /usr/lib/x86_64-linux-gnu/libz.so.1.2.11
2024/11/10 06:59:27 recorder.go:46: 1731221967811228992 Open       /usr/lib/x86_64-linux-gnu/libz.so.1.2.11
2024/11/10 06:59:27 recorder.go:46: 1731221967811582741 Lookup     /usr/lib/x86_64-linux-gnu/liblzma.so.5
2024/11/10 06:59:27 recorder.go:46: 1731221967811622166 Lookup     /usr/lib/x86_64-linux-gnu/liblzma.so.5.2.5
2024/11/10 06:59:27 recorder.go:46: 1731221967811686006 Open       /usr/lib/x86_64-linux-gnu/liblzma.so.5.2.5
2024/11/10 06:59:27 recorder.go:46: 1731221967812034225 Lookup     /usr/lib/x86_64-linux-gnu/libicudata.so.70
2024/11/10 06:59:27 recorder.go:46: 1731221967812088688 Lookup     /usr/lib/x86_64-linux-gnu/libicudata.so.70.1
2024/11/10 06:59:27 recorder.go:46: 1731221967812163760 Open       /usr/lib/x86_64-linux-gnu/libicudata.so.70.1
2024/11/10 06:59:27 recorder.go:46: 1731221967813519484 Open       /usr/lib/x86_64-linux-gnu/hwloc/hwloc_gl.so
2024/11/10 06:59:27 recorder.go:46: 1731221967813745441 Open       /etc/ld.so.cache
2024/11/10 06:59:27 recorder.go:46: 1731221967813925241 Lookup     /usr/lib/x86_64-linux-gnu/libXNVCtrl.so.0
2024/11/10 06:59:27 recorder.go:46: 1731221967813960177 Lookup     /usr/lib/x86_64-linux-gnu/libXNVCtrl.so.0.0.0
2024/11/10 06:59:27 recorder.go:46: 1731221967814022064 Open       /usr/lib/x86_64-linux-gnu/libXNVCtrl.so.0.0.0
2024/11/10 06:59:27 recorder.go:46: 1731221967814296182 Lookup     /usr/lib/x86_64-linux-gnu/libX11.so.6
2024/11/10 06:59:27 recorder.go:46: 1731221967814331219 Lookup     /usr/lib/x86_64-linux-gnu/libX11.so.6.4.0
2024/11/10 06:59:27 recorder.go:46: 1731221967814397454 Open       /usr/lib/x86_64-linux-gnu/libX11.so.6.4.0
2024/11/10 06:59:27 recorder.go:46: 1731221967814805646 Lookup     /usr/lib/x86_64-linux-gnu/libXext.so.6
2024/11/10 06:59:27 recorder.go:46: 1731221967814850470 Lookup     /usr/lib/x86_64-linux-gnu/libXext.so.6.4.0
2024/11/10 06:59:27 recorder.go:46: 1731221967814947344 Open       /usr/lib/x86_64-linux-gnu/libXext.so.6.4.0
2024/11/10 06:59:27 recorder.go:46: 1731221967815342691 Lookup     /usr/lib/x86_64-linux-gnu/libxcb.so.1
2024/11/10 06:59:27 recorder.go:46: 1731221967815388999 Lookup     /usr/lib/x86_64-linux-gnu/libxcb.so.1.1.0
2024/11/10 06:59:27 recorder.go:46: 1731221967815455334 Open       /usr/lib/x86_64-linux-gnu/libxcb.so.1.1.0
2024/11/10 06:59:27 recorder.go:46: 1731221967815843549 Lookup     /usr/lib/x86_64-linux-gnu/libXau.so.6
2024/11/10 06:59:27 recorder.go:46: 1731221967815881861 Lookup     /usr/lib/x86_64-linux-gnu/libXau.so.6.0.0
2024/11/10 06:59:27 recorder.go:46: 1731221967815943898 Open       /usr/lib/x86_64-linux-gnu/libXau.so.6.0.0
2024/11/10 06:59:27 recorder.go:46: 1731221967816236432 Lookup     /usr/lib/x86_64-linux-gnu/libXdmcp.so.6
2024/11/10 06:59:27 recorder.go:46: 1731221967816271879 Lookup     /usr/lib/x86_64-linux-gnu/libXdmcp.so.6.0.0
2024/11/10 06:59:27 recorder.go:46: 1731221967816328997 Open       /usr/lib/x86_64-linux-gnu/libXdmcp.so.6.0.0
2024/11/10 06:59:27 recorder.go:46: 1731221967816621680 Lookup     /usr/lib/x86_64-linux-gnu/libbsd.so.0
2024/11/10 06:59:27 recorder.go:46: 1731221967816669801 Lookup     /usr/lib/x86_64-linux-gnu/libbsd.so.0.11.5
2024/11/10 06:59:27 recorder.go:46: 1731221967816735686 Open       /usr/lib/x86_64-linux-gnu/libbsd.so.0.11.5
2024/11/10 06:59:27 recorder.go:46: 1731221967817124240 Lookup     /usr/lib/x86_64-linux-gnu/libmd.so.0
2024/11/10 06:59:27 recorder.go:46: 1731221967817164687 Lookup     /usr/lib/x86_64-linux-gnu/libmd.so.0.0.5
2024/11/10 06:59:27 recorder.go:46: 1731221967817236082 Open       /usr/lib/x86_64-linux-gnu/libmd.so.0.0.5
2024/11/10 06:59:27 recorder.go:46: 1731221967818109173 Open       /usr/lib/x86_64-linux-gnu/hwloc/hwloc_pci.so
2024/11/10 06:59:27 recorder.go:46: 1731221967818353415 Open       /etc/ld.so.cache
2024/11/10 06:59:27 recorder.go:46: 1731221967818561949 Lookup     /usr/lib/x86_64-linux-gnu/libpciaccess.so.0
2024/11/10 06:59:27 recorder.go:46: 1731221967818626090 Lookup     /usr/lib/x86_64-linux-gnu/libpciaccess.so.0.11.1
2024/11/10 06:59:27 recorder.go:46: 1731221967818691484 Open       /usr/lib/x86_64-linux-gnu/libpciaccess.so.0.11.1
2024/11/10 06:59:28 recorder.go:46: 1731221968140843532 Lookup     /run
2024/11/10 06:59:28 recorder.go:46: 1731221968147174544 Lookup     /var
2024/11/10 06:59:28 recorder.go:46: 1731221968147224479 Lookup     /var/run
2024/11/10 06:59:28 recorder.go:46: 1731221968148186448 Lookup     /etc/gai.conf
2024/11/10 06:59:28 recorder.go:46: 1731221968148217787 Open       /etc/gai.conf
2024/11/10 06:59:28 recorder.go:46: 1731221968157020493 Lookup     /usr/share
2024/11/10 06:59:28 recorder.go:46: 1731221968157098862 Lookup     /usr/share/misc
2024/11/10 06:59:28 recorder.go:46: 1731221968172404716 Open       /etc/ld.so.cache
2024/11/10 06:59:28 recorder.go:46: 1731221968181352847 Open       /etc/ld.so.cache
2024/11/10 06:59:28 recorder.go:46: 1731221968182199649 Open       /etc/ld.so.cache
2024/11/10 06:59:28 recorder.go:46: 1731221968182915713 Open       /etc/ld.so.cache
2024/11/10 06:59:28 recorder.go:46: 1731221968183614765 Open       /etc/ld.so.cache
2024/11/10 06:59:28 recorder.go:46: 1731221968184325308 Open       /etc/ld.so.cache
2024/11/10 06:59:28 recorder.go:46: 1731221968185000936 Open       /etc/ld.so.cache
2024/11/10 06:59:28 recorder.go:46: 1731221968185584530 Open       /etc/ld.so.cache
2024/11/10 06:59:28 recorder.go:46: 1731221968186128248 Open       /etc/ld.so.cache
2024/11/10 06:59:28 recorder.go:46: 1731221968186742099 Open       /etc/ld.so.cache
2024/11/10 06:59:28 recorder.go:46: 1731221968187333076 Open       /etc/ld.so.cache
2024/11/10 06:59:28 recorder.go:46: 1731221968187974239 Open       /etc/ld.so.cache
2024/11/10 06:59:28 recorder.go:46: 1731221968188545068 Open       /etc/ld.so.cache
2024/11/10 06:59:28 recorder.go:46: 1731221968189115487 Open       /etc/ld.so.cache
2024/11/10 06:59:28 recorder.go:46: 1731221968189642063 Open       /etc/ld.so.cache
2024/11/10 06:59:28 recorder.go:46: 1731221968190216188 Open       /etc/ld.so.cache
2024/11/10 06:59:28 recorder.go:46: 1731221968190958252 Open       /etc/ld.so.cache
2024/11/10 06:59:28 recorder.go:46: 1731221968200373597 Lookup     /opt/lammps/examples/reaxff/HNS/in.reaxff.hns
2024/11/10 06:59:28 recorder.go:46: 1731221968200443659 Open       /opt/lammps/examples/reaxff/HNS/in.reaxff.hns
2024/11/10 06:59:28 recorder.go:46: 1731221968201924299 Lookup     /opt/lammps/examples/reaxff/HNS/data.hns-equil
2024/11/10 06:59:28 recorder.go:46: 1731221968201974734 Open       /opt/lammps/examples/reaxff/HNS/data.hns-equil
2024/11/10 06:59:28 recorder.go:46: 1731221968202109439 Open       /opt/lammps/examples/reaxff/HNS/data.hns-equil
2024/11/10 06:59:28 recorder.go:46: 1731221968205716500 Lookup     /opt/lammps/examples/reaxff/HNS/ffield.reax.hns
2024/11/10 06:59:28 recorder.go:46: 1731221968205768399 Open       /opt/lammps/examples/reaxff/HNS/ffield.reax.hns
2024/11/10 06:59:28 recorder.go:46: 1731221968205887454 Open       /opt/lammps/examples/reaxff/HNS/ffield.reax.hns
2024/11/10 06:59:28 recorder.go:46: 1731221968206040092 Open       /opt/lammps/examples/reaxff/HNS/ffield.reax.hns
2024/11/10 06:59:28 recorder.go:46: 1731221968206199884 Open       /opt/lammps/examples/reaxff/HNS/ffield.reax.hns
